[2024-06-16T12:21:19.566+0000] {processor.py:161} INFO - Started process (PID=91) to work on /home/airflow/.local/lib/python3.12/site-packages/airflow/example_dags/example_nested_branch_dag.py
[2024-06-16T12:21:19.581+0000] {processor.py:830} INFO - Processing file /home/airflow/.local/lib/python3.12/site-packages/airflow/example_dags/example_nested_branch_dag.py for tasks to queue
[2024-06-16T12:21:19.584+0000] {logging_mixin.py:188} INFO - [2024-06-16T12:21:19.584+0000] {dagbag.py:545} INFO - Filling up the DagBag from /home/airflow/.local/lib/python3.12/site-packages/airflow/example_dags/example_nested_branch_dag.py
[2024-06-16T12:21:19.672+0000] {processor.py:840} INFO - DAG(s) 'example_nested_branch_dag' retrieved from /home/airflow/.local/lib/python3.12/site-packages/airflow/example_dags/example_nested_branch_dag.py
[2024-06-16T12:21:20.087+0000] {logging_mixin.py:188} INFO - [2024-06-16T12:21:20.084+0000] {override.py:1829} INFO - Created Permission View: can edit on DAG:example_nested_branch_dag
[2024-06-16T12:21:20.124+0000] {logging_mixin.py:188} INFO - [2024-06-16T12:21:20.124+0000] {override.py:1829} INFO - Created Permission View: can delete on DAG:example_nested_branch_dag
[2024-06-16T12:21:20.146+0000] {logging_mixin.py:188} INFO - [2024-06-16T12:21:20.146+0000] {override.py:1829} INFO - Created Permission View: can read on DAG:example_nested_branch_dag
[2024-06-16T12:21:20.147+0000] {logging_mixin.py:188} INFO - [2024-06-16T12:21:20.147+0000] {dag.py:3096} INFO - Sync 1 DAGs
[2024-06-16T12:21:20.200+0000] {logging_mixin.py:188} INFO - [2024-06-16T12:21:20.197+0000] {dag.py:3118} INFO - Creating ORM DAG for example_nested_branch_dag
[2024-06-16T12:21:20.285+0000] {logging_mixin.py:188} INFO - [2024-06-16T12:21:20.283+0000] {dag.py:3954} INFO - Setting next_dagrun for example_nested_branch_dag to 2024-06-15 00:00:00+00:00, run_after=2024-06-16 00:00:00+00:00
[2024-06-16T12:21:20.341+0000] {processor.py:183} INFO - Processing /home/airflow/.local/lib/python3.12/site-packages/airflow/example_dags/example_nested_branch_dag.py took 0.807 seconds
[2024-06-16T12:21:50.413+0000] {processor.py:161} INFO - Started process (PID=149) to work on /home/airflow/.local/lib/python3.12/site-packages/airflow/example_dags/example_nested_branch_dag.py
[2024-06-16T12:21:50.413+0000] {processor.py:830} INFO - Processing file /home/airflow/.local/lib/python3.12/site-packages/airflow/example_dags/example_nested_branch_dag.py for tasks to queue
[2024-06-16T12:21:50.416+0000] {logging_mixin.py:188} INFO - [2024-06-16T12:21:50.416+0000] {dagbag.py:545} INFO - Filling up the DagBag from /home/airflow/.local/lib/python3.12/site-packages/airflow/example_dags/example_nested_branch_dag.py
[2024-06-16T12:21:50.434+0000] {processor.py:840} INFO - DAG(s) 'example_nested_branch_dag' retrieved from /home/airflow/.local/lib/python3.12/site-packages/airflow/example_dags/example_nested_branch_dag.py
[2024-06-16T12:21:50.470+0000] {logging_mixin.py:188} INFO - [2024-06-16T12:21:50.470+0000] {dag.py:3096} INFO - Sync 1 DAGs
[2024-06-16T12:21:50.511+0000] {logging_mixin.py:188} INFO - [2024-06-16T12:21:50.511+0000] {dag.py:3954} INFO - Setting next_dagrun for example_nested_branch_dag to 2024-06-15 00:00:00+00:00, run_after=2024-06-16 00:00:00+00:00
[2024-06-16T12:21:50.544+0000] {processor.py:183} INFO - Processing /home/airflow/.local/lib/python3.12/site-packages/airflow/example_dags/example_nested_branch_dag.py took 0.141 seconds
[2024-06-16T12:22:21.922+0000] {processor.py:161} INFO - Started process (PID=208) to work on /home/airflow/.local/lib/python3.12/site-packages/airflow/example_dags/example_nested_branch_dag.py
[2024-06-16T12:22:21.931+0000] {processor.py:830} INFO - Processing file /home/airflow/.local/lib/python3.12/site-packages/airflow/example_dags/example_nested_branch_dag.py for tasks to queue
[2024-06-16T12:22:21.934+0000] {logging_mixin.py:188} INFO - [2024-06-16T12:22:21.933+0000] {dagbag.py:545} INFO - Filling up the DagBag from /home/airflow/.local/lib/python3.12/site-packages/airflow/example_dags/example_nested_branch_dag.py
[2024-06-16T12:22:22.021+0000] {processor.py:840} INFO - DAG(s) 'example_nested_branch_dag' retrieved from /home/airflow/.local/lib/python3.12/site-packages/airflow/example_dags/example_nested_branch_dag.py
[2024-06-16T12:22:22.122+0000] {logging_mixin.py:188} INFO - [2024-06-16T12:22:22.122+0000] {dag.py:3096} INFO - Sync 1 DAGs
[2024-06-16T12:22:22.176+0000] {logging_mixin.py:188} INFO - [2024-06-16T12:22:22.175+0000] {dag.py:3954} INFO - Setting next_dagrun for example_nested_branch_dag to 2024-06-15 00:00:00+00:00, run_after=2024-06-16 00:00:00+00:00
[2024-06-16T12:22:22.254+0000] {processor.py:183} INFO - Processing /home/airflow/.local/lib/python3.12/site-packages/airflow/example_dags/example_nested_branch_dag.py took 0.366 seconds
[2024-06-16T12:22:53.231+0000] {processor.py:161} INFO - Started process (PID=267) to work on /home/airflow/.local/lib/python3.12/site-packages/airflow/example_dags/example_nested_branch_dag.py
[2024-06-16T12:22:53.235+0000] {processor.py:830} INFO - Processing file /home/airflow/.local/lib/python3.12/site-packages/airflow/example_dags/example_nested_branch_dag.py for tasks to queue
[2024-06-16T12:22:53.240+0000] {logging_mixin.py:188} INFO - [2024-06-16T12:22:53.239+0000] {dagbag.py:545} INFO - Filling up the DagBag from /home/airflow/.local/lib/python3.12/site-packages/airflow/example_dags/example_nested_branch_dag.py
[2024-06-16T12:22:53.354+0000] {processor.py:840} INFO - DAG(s) 'example_nested_branch_dag' retrieved from /home/airflow/.local/lib/python3.12/site-packages/airflow/example_dags/example_nested_branch_dag.py
[2024-06-16T12:22:53.768+0000] {logging_mixin.py:188} INFO - [2024-06-16T12:22:53.768+0000] {dag.py:3096} INFO - Sync 1 DAGs
[2024-06-16T12:22:54.177+0000] {logging_mixin.py:188} INFO - [2024-06-16T12:22:54.177+0000] {dag.py:3954} INFO - Setting next_dagrun for example_nested_branch_dag to 2024-06-15 00:00:00+00:00, run_after=2024-06-16 00:00:00+00:00
[2024-06-16T12:22:54.342+0000] {processor.py:183} INFO - Processing /home/airflow/.local/lib/python3.12/site-packages/airflow/example_dags/example_nested_branch_dag.py took 1.337 seconds
[2024-06-16T12:23:24.548+0000] {processor.py:161} INFO - Started process (PID=327) to work on /home/airflow/.local/lib/python3.12/site-packages/airflow/example_dags/example_nested_branch_dag.py
[2024-06-16T12:23:24.550+0000] {processor.py:830} INFO - Processing file /home/airflow/.local/lib/python3.12/site-packages/airflow/example_dags/example_nested_branch_dag.py for tasks to queue
[2024-06-16T12:23:24.553+0000] {logging_mixin.py:188} INFO - [2024-06-16T12:23:24.553+0000] {dagbag.py:545} INFO - Filling up the DagBag from /home/airflow/.local/lib/python3.12/site-packages/airflow/example_dags/example_nested_branch_dag.py
[2024-06-16T12:23:24.576+0000] {processor.py:840} INFO - DAG(s) 'example_nested_branch_dag' retrieved from /home/airflow/.local/lib/python3.12/site-packages/airflow/example_dags/example_nested_branch_dag.py
[2024-06-16T12:23:24.652+0000] {logging_mixin.py:188} INFO - [2024-06-16T12:23:24.651+0000] {dag.py:3096} INFO - Sync 1 DAGs
[2024-06-16T12:23:24.702+0000] {logging_mixin.py:188} INFO - [2024-06-16T12:23:24.701+0000] {dag.py:3954} INFO - Setting next_dagrun for example_nested_branch_dag to 2024-06-15 00:00:00+00:00, run_after=2024-06-16 00:00:00+00:00
[2024-06-16T12:23:24.738+0000] {processor.py:183} INFO - Processing /home/airflow/.local/lib/python3.12/site-packages/airflow/example_dags/example_nested_branch_dag.py took 0.207 seconds
[2024-06-16T12:23:55.433+0000] {processor.py:161} INFO - Started process (PID=387) to work on /home/airflow/.local/lib/python3.12/site-packages/airflow/example_dags/example_nested_branch_dag.py
[2024-06-16T12:23:55.435+0000] {processor.py:830} INFO - Processing file /home/airflow/.local/lib/python3.12/site-packages/airflow/example_dags/example_nested_branch_dag.py for tasks to queue
[2024-06-16T12:23:55.441+0000] {logging_mixin.py:188} INFO - [2024-06-16T12:23:55.440+0000] {dagbag.py:545} INFO - Filling up the DagBag from /home/airflow/.local/lib/python3.12/site-packages/airflow/example_dags/example_nested_branch_dag.py
[2024-06-16T12:23:55.476+0000] {processor.py:840} INFO - DAG(s) 'example_nested_branch_dag' retrieved from /home/airflow/.local/lib/python3.12/site-packages/airflow/example_dags/example_nested_branch_dag.py
[2024-06-16T12:23:55.522+0000] {logging_mixin.py:188} INFO - [2024-06-16T12:23:55.521+0000] {dag.py:3096} INFO - Sync 1 DAGs
[2024-06-16T12:23:55.575+0000] {logging_mixin.py:188} INFO - [2024-06-16T12:23:55.574+0000] {dag.py:3954} INFO - Setting next_dagrun for example_nested_branch_dag to 2024-06-15 00:00:00+00:00, run_after=2024-06-16 00:00:00+00:00
[2024-06-16T12:23:55.619+0000] {processor.py:183} INFO - Processing /home/airflow/.local/lib/python3.12/site-packages/airflow/example_dags/example_nested_branch_dag.py took 0.210 seconds
[2024-06-16T12:24:26.554+0000] {processor.py:161} INFO - Started process (PID=446) to work on /home/airflow/.local/lib/python3.12/site-packages/airflow/example_dags/example_nested_branch_dag.py
[2024-06-16T12:24:26.555+0000] {processor.py:830} INFO - Processing file /home/airflow/.local/lib/python3.12/site-packages/airflow/example_dags/example_nested_branch_dag.py for tasks to queue
[2024-06-16T12:24:26.559+0000] {logging_mixin.py:188} INFO - [2024-06-16T12:24:26.558+0000] {dagbag.py:545} INFO - Filling up the DagBag from /home/airflow/.local/lib/python3.12/site-packages/airflow/example_dags/example_nested_branch_dag.py
[2024-06-16T12:24:26.591+0000] {processor.py:840} INFO - DAG(s) 'example_nested_branch_dag' retrieved from /home/airflow/.local/lib/python3.12/site-packages/airflow/example_dags/example_nested_branch_dag.py
[2024-06-16T12:24:26.649+0000] {logging_mixin.py:188} INFO - [2024-06-16T12:24:26.648+0000] {dag.py:3096} INFO - Sync 1 DAGs
[2024-06-16T12:24:26.705+0000] {logging_mixin.py:188} INFO - [2024-06-16T12:24:26.705+0000] {dag.py:3954} INFO - Setting next_dagrun for example_nested_branch_dag to 2024-06-15 00:00:00+00:00, run_after=2024-06-16 00:00:00+00:00
[2024-06-16T12:24:26.747+0000] {processor.py:183} INFO - Processing /home/airflow/.local/lib/python3.12/site-packages/airflow/example_dags/example_nested_branch_dag.py took 0.213 seconds
[2024-06-16T12:45:12.417+0000] {processor.py:161} INFO - Started process (PID=89) to work on /home/airflow/.local/lib/python3.12/site-packages/airflow/example_dags/example_nested_branch_dag.py
[2024-06-16T12:45:12.418+0000] {processor.py:830} INFO - Processing file /home/airflow/.local/lib/python3.12/site-packages/airflow/example_dags/example_nested_branch_dag.py for tasks to queue
[2024-06-16T12:45:12.422+0000] {logging_mixin.py:188} INFO - [2024-06-16T12:45:12.421+0000] {dagbag.py:545} INFO - Filling up the DagBag from /home/airflow/.local/lib/python3.12/site-packages/airflow/example_dags/example_nested_branch_dag.py
[2024-06-16T12:45:12.447+0000] {processor.py:840} INFO - DAG(s) 'example_nested_branch_dag' retrieved from /home/airflow/.local/lib/python3.12/site-packages/airflow/example_dags/example_nested_branch_dag.py
[2024-06-16T12:45:12.709+0000] {logging_mixin.py:188} INFO - [2024-06-16T12:45:12.708+0000] {override.py:1829} INFO - Created Permission View: can read on DAG:example_nested_branch_dag
[2024-06-16T12:45:12.729+0000] {logging_mixin.py:188} INFO - [2024-06-16T12:45:12.728+0000] {override.py:1829} INFO - Created Permission View: can delete on DAG:example_nested_branch_dag
[2024-06-16T12:45:12.745+0000] {logging_mixin.py:188} INFO - [2024-06-16T12:45:12.744+0000] {override.py:1829} INFO - Created Permission View: can edit on DAG:example_nested_branch_dag
[2024-06-16T12:45:12.746+0000] {logging_mixin.py:188} INFO - [2024-06-16T12:45:12.745+0000] {dag.py:3096} INFO - Sync 1 DAGs
[2024-06-16T12:45:12.772+0000] {logging_mixin.py:188} INFO - [2024-06-16T12:45:12.771+0000] {dag.py:3118} INFO - Creating ORM DAG for example_nested_branch_dag
[2024-06-16T12:45:12.802+0000] {logging_mixin.py:188} INFO - [2024-06-16T12:45:12.802+0000] {dag.py:3954} INFO - Setting next_dagrun for example_nested_branch_dag to 2024-06-15 00:00:00+00:00, run_after=2024-06-16 00:00:00+00:00
[2024-06-16T12:45:12.848+0000] {processor.py:183} INFO - Processing /home/airflow/.local/lib/python3.12/site-packages/airflow/example_dags/example_nested_branch_dag.py took 0.442 seconds
[2024-06-16T12:45:43.236+0000] {processor.py:161} INFO - Started process (PID=148) to work on /home/airflow/.local/lib/python3.12/site-packages/airflow/example_dags/example_nested_branch_dag.py
[2024-06-16T12:45:43.237+0000] {processor.py:830} INFO - Processing file /home/airflow/.local/lib/python3.12/site-packages/airflow/example_dags/example_nested_branch_dag.py for tasks to queue
[2024-06-16T12:45:43.239+0000] {logging_mixin.py:188} INFO - [2024-06-16T12:45:43.238+0000] {dagbag.py:545} INFO - Filling up the DagBag from /home/airflow/.local/lib/python3.12/site-packages/airflow/example_dags/example_nested_branch_dag.py
[2024-06-16T12:45:43.251+0000] {processor.py:840} INFO - DAG(s) 'example_nested_branch_dag' retrieved from /home/airflow/.local/lib/python3.12/site-packages/airflow/example_dags/example_nested_branch_dag.py
[2024-06-16T12:45:43.288+0000] {logging_mixin.py:188} INFO - [2024-06-16T12:45:43.287+0000] {dag.py:3096} INFO - Sync 1 DAGs
[2024-06-16T12:45:43.320+0000] {logging_mixin.py:188} INFO - [2024-06-16T12:45:43.320+0000] {dag.py:3954} INFO - Setting next_dagrun for example_nested_branch_dag to 2024-06-15 00:00:00+00:00, run_after=2024-06-16 00:00:00+00:00
[2024-06-16T12:45:43.350+0000] {processor.py:183} INFO - Processing /home/airflow/.local/lib/python3.12/site-packages/airflow/example_dags/example_nested_branch_dag.py took 0.122 seconds
[2024-06-16T12:46:13.638+0000] {processor.py:161} INFO - Started process (PID=207) to work on /home/airflow/.local/lib/python3.12/site-packages/airflow/example_dags/example_nested_branch_dag.py
[2024-06-16T12:46:13.639+0000] {processor.py:830} INFO - Processing file /home/airflow/.local/lib/python3.12/site-packages/airflow/example_dags/example_nested_branch_dag.py for tasks to queue
[2024-06-16T12:46:13.641+0000] {logging_mixin.py:188} INFO - [2024-06-16T12:46:13.641+0000] {dagbag.py:545} INFO - Filling up the DagBag from /home/airflow/.local/lib/python3.12/site-packages/airflow/example_dags/example_nested_branch_dag.py
[2024-06-16T12:46:13.658+0000] {processor.py:840} INFO - DAG(s) 'example_nested_branch_dag' retrieved from /home/airflow/.local/lib/python3.12/site-packages/airflow/example_dags/example_nested_branch_dag.py
[2024-06-16T12:46:13.692+0000] {logging_mixin.py:188} INFO - [2024-06-16T12:46:13.691+0000] {dag.py:3096} INFO - Sync 1 DAGs
[2024-06-16T12:46:13.721+0000] {logging_mixin.py:188} INFO - [2024-06-16T12:46:13.720+0000] {dag.py:3954} INFO - Setting next_dagrun for example_nested_branch_dag to 2024-06-15 00:00:00+00:00, run_after=2024-06-16 00:00:00+00:00
[2024-06-16T12:46:13.748+0000] {processor.py:183} INFO - Processing /home/airflow/.local/lib/python3.12/site-packages/airflow/example_dags/example_nested_branch_dag.py took 0.118 seconds
[2024-06-16T12:47:26.794+0000] {processor.py:161} INFO - Started process (PID=274) to work on /home/airflow/.local/lib/python3.12/site-packages/airflow/example_dags/example_nested_branch_dag.py
[2024-06-16T12:47:26.795+0000] {processor.py:830} INFO - Processing file /home/airflow/.local/lib/python3.12/site-packages/airflow/example_dags/example_nested_branch_dag.py for tasks to queue
[2024-06-16T12:47:26.800+0000] {logging_mixin.py:188} INFO - [2024-06-16T12:47:26.799+0000] {dagbag.py:545} INFO - Filling up the DagBag from /home/airflow/.local/lib/python3.12/site-packages/airflow/example_dags/example_nested_branch_dag.py
[2024-06-16T12:47:26.820+0000] {processor.py:840} INFO - DAG(s) 'example_nested_branch_dag' retrieved from /home/airflow/.local/lib/python3.12/site-packages/airflow/example_dags/example_nested_branch_dag.py
[2024-06-16T12:47:26.870+0000] {logging_mixin.py:188} INFO - [2024-06-16T12:47:26.870+0000] {dag.py:3096} INFO - Sync 1 DAGs
[2024-06-16T12:47:26.919+0000] {logging_mixin.py:188} INFO - [2024-06-16T12:47:26.919+0000] {dag.py:3954} INFO - Setting next_dagrun for example_nested_branch_dag to 2024-06-15 00:00:00+00:00, run_after=2024-06-16 00:00:00+00:00
[2024-06-16T12:47:26.963+0000] {processor.py:183} INFO - Processing /home/airflow/.local/lib/python3.12/site-packages/airflow/example_dags/example_nested_branch_dag.py took 0.181 seconds
[2024-06-16T12:47:57.404+0000] {processor.py:161} INFO - Started process (PID=333) to work on /home/airflow/.local/lib/python3.12/site-packages/airflow/example_dags/example_nested_branch_dag.py
[2024-06-16T12:47:57.405+0000] {processor.py:830} INFO - Processing file /home/airflow/.local/lib/python3.12/site-packages/airflow/example_dags/example_nested_branch_dag.py for tasks to queue
[2024-06-16T12:47:57.407+0000] {logging_mixin.py:188} INFO - [2024-06-16T12:47:57.407+0000] {dagbag.py:545} INFO - Filling up the DagBag from /home/airflow/.local/lib/python3.12/site-packages/airflow/example_dags/example_nested_branch_dag.py
[2024-06-16T12:47:57.423+0000] {processor.py:840} INFO - DAG(s) 'example_nested_branch_dag' retrieved from /home/airflow/.local/lib/python3.12/site-packages/airflow/example_dags/example_nested_branch_dag.py
[2024-06-16T12:47:57.458+0000] {logging_mixin.py:188} INFO - [2024-06-16T12:47:57.458+0000] {dag.py:3096} INFO - Sync 1 DAGs
[2024-06-16T12:47:57.505+0000] {logging_mixin.py:188} INFO - [2024-06-16T12:47:57.505+0000] {dag.py:3954} INFO - Setting next_dagrun for example_nested_branch_dag to 2024-06-15 00:00:00+00:00, run_after=2024-06-16 00:00:00+00:00
[2024-06-16T12:47:57.544+0000] {processor.py:183} INFO - Processing /home/airflow/.local/lib/python3.12/site-packages/airflow/example_dags/example_nested_branch_dag.py took 0.147 seconds
[2024-06-16T12:48:28.452+0000] {processor.py:161} INFO - Started process (PID=393) to work on /home/airflow/.local/lib/python3.12/site-packages/airflow/example_dags/example_nested_branch_dag.py
[2024-06-16T12:48:28.456+0000] {processor.py:830} INFO - Processing file /home/airflow/.local/lib/python3.12/site-packages/airflow/example_dags/example_nested_branch_dag.py for tasks to queue
[2024-06-16T12:48:28.460+0000] {logging_mixin.py:188} INFO - [2024-06-16T12:48:28.460+0000] {dagbag.py:545} INFO - Filling up the DagBag from /home/airflow/.local/lib/python3.12/site-packages/airflow/example_dags/example_nested_branch_dag.py
[2024-06-16T12:48:28.482+0000] {processor.py:840} INFO - DAG(s) 'example_nested_branch_dag' retrieved from /home/airflow/.local/lib/python3.12/site-packages/airflow/example_dags/example_nested_branch_dag.py
[2024-06-16T12:48:28.541+0000] {logging_mixin.py:188} INFO - [2024-06-16T12:48:28.540+0000] {dag.py:3096} INFO - Sync 1 DAGs
[2024-06-16T12:48:28.606+0000] {logging_mixin.py:188} INFO - [2024-06-16T12:48:28.606+0000] {dag.py:3954} INFO - Setting next_dagrun for example_nested_branch_dag to 2024-06-15 00:00:00+00:00, run_after=2024-06-16 00:00:00+00:00
[2024-06-16T12:48:28.695+0000] {processor.py:183} INFO - Processing /home/airflow/.local/lib/python3.12/site-packages/airflow/example_dags/example_nested_branch_dag.py took 0.258 seconds
[2024-06-16T12:49:11.787+0000] {processor.py:161} INFO - Started process (PID=458) to work on /home/airflow/.local/lib/python3.12/site-packages/airflow/example_dags/example_nested_branch_dag.py
[2024-06-16T12:49:11.788+0000] {processor.py:830} INFO - Processing file /home/airflow/.local/lib/python3.12/site-packages/airflow/example_dags/example_nested_branch_dag.py for tasks to queue
[2024-06-16T12:49:11.792+0000] {logging_mixin.py:188} INFO - [2024-06-16T12:49:11.791+0000] {dagbag.py:545} INFO - Filling up the DagBag from /home/airflow/.local/lib/python3.12/site-packages/airflow/example_dags/example_nested_branch_dag.py
[2024-06-16T12:49:11.823+0000] {processor.py:840} INFO - DAG(s) 'example_nested_branch_dag' retrieved from /home/airflow/.local/lib/python3.12/site-packages/airflow/example_dags/example_nested_branch_dag.py
[2024-06-16T12:49:11.876+0000] {logging_mixin.py:188} INFO - [2024-06-16T12:49:11.875+0000] {dag.py:3096} INFO - Sync 1 DAGs
[2024-06-16T12:49:11.923+0000] {logging_mixin.py:188} INFO - [2024-06-16T12:49:11.923+0000] {dag.py:3954} INFO - Setting next_dagrun for example_nested_branch_dag to 2024-06-15 00:00:00+00:00, run_after=2024-06-16 00:00:00+00:00
[2024-06-16T12:49:11.971+0000] {processor.py:183} INFO - Processing /home/airflow/.local/lib/python3.12/site-packages/airflow/example_dags/example_nested_branch_dag.py took 0.196 seconds
[2024-06-16T12:50:03.382+0000] {processor.py:161} INFO - Started process (PID=532) to work on /home/airflow/.local/lib/python3.12/site-packages/airflow/example_dags/example_nested_branch_dag.py
[2024-06-16T12:50:03.385+0000] {processor.py:830} INFO - Processing file /home/airflow/.local/lib/python3.12/site-packages/airflow/example_dags/example_nested_branch_dag.py for tasks to queue
[2024-06-16T12:50:03.389+0000] {logging_mixin.py:188} INFO - [2024-06-16T12:50:03.388+0000] {dagbag.py:545} INFO - Filling up the DagBag from /home/airflow/.local/lib/python3.12/site-packages/airflow/example_dags/example_nested_branch_dag.py
[2024-06-16T12:50:03.440+0000] {processor.py:840} INFO - DAG(s) 'example_nested_branch_dag' retrieved from /home/airflow/.local/lib/python3.12/site-packages/airflow/example_dags/example_nested_branch_dag.py
[2024-06-16T12:50:03.559+0000] {logging_mixin.py:188} INFO - [2024-06-16T12:50:03.557+0000] {dag.py:3096} INFO - Sync 1 DAGs
[2024-06-16T12:50:03.643+0000] {logging_mixin.py:188} INFO - [2024-06-16T12:50:03.642+0000] {dag.py:3954} INFO - Setting next_dagrun for example_nested_branch_dag to 2024-06-15 00:00:00+00:00, run_after=2024-06-16 00:00:00+00:00
[2024-06-16T12:50:03.697+0000] {processor.py:183} INFO - Processing /home/airflow/.local/lib/python3.12/site-packages/airflow/example_dags/example_nested_branch_dag.py took 0.329 seconds
[2024-06-16T12:50:55.270+0000] {processor.py:161} INFO - Started process (PID=603) to work on /home/airflow/.local/lib/python3.12/site-packages/airflow/example_dags/example_nested_branch_dag.py
[2024-06-16T12:50:55.281+0000] {processor.py:830} INFO - Processing file /home/airflow/.local/lib/python3.12/site-packages/airflow/example_dags/example_nested_branch_dag.py for tasks to queue
[2024-06-16T12:50:55.289+0000] {logging_mixin.py:188} INFO - [2024-06-16T12:50:55.288+0000] {dagbag.py:545} INFO - Filling up the DagBag from /home/airflow/.local/lib/python3.12/site-packages/airflow/example_dags/example_nested_branch_dag.py
[2024-06-16T12:50:55.332+0000] {processor.py:840} INFO - DAG(s) 'example_nested_branch_dag' retrieved from /home/airflow/.local/lib/python3.12/site-packages/airflow/example_dags/example_nested_branch_dag.py
[2024-06-16T12:50:55.431+0000] {logging_mixin.py:188} INFO - [2024-06-16T12:50:55.427+0000] {dag.py:3096} INFO - Sync 1 DAGs
[2024-06-16T12:50:55.505+0000] {logging_mixin.py:188} INFO - [2024-06-16T12:50:55.504+0000] {dag.py:3954} INFO - Setting next_dagrun for example_nested_branch_dag to 2024-06-15 00:00:00+00:00, run_after=2024-06-16 00:00:00+00:00
[2024-06-16T12:50:55.605+0000] {processor.py:183} INFO - Processing /home/airflow/.local/lib/python3.12/site-packages/airflow/example_dags/example_nested_branch_dag.py took 0.357 seconds
[2024-06-16T12:51:27.348+0000] {processor.py:161} INFO - Started process (PID=662) to work on /home/airflow/.local/lib/python3.12/site-packages/airflow/example_dags/example_nested_branch_dag.py
[2024-06-16T12:51:27.349+0000] {processor.py:830} INFO - Processing file /home/airflow/.local/lib/python3.12/site-packages/airflow/example_dags/example_nested_branch_dag.py for tasks to queue
[2024-06-16T12:51:27.358+0000] {logging_mixin.py:188} INFO - [2024-06-16T12:51:27.357+0000] {dagbag.py:545} INFO - Filling up the DagBag from /home/airflow/.local/lib/python3.12/site-packages/airflow/example_dags/example_nested_branch_dag.py
[2024-06-16T12:51:27.394+0000] {processor.py:840} INFO - DAG(s) 'example_nested_branch_dag' retrieved from /home/airflow/.local/lib/python3.12/site-packages/airflow/example_dags/example_nested_branch_dag.py
[2024-06-16T12:51:27.497+0000] {logging_mixin.py:188} INFO - [2024-06-16T12:51:27.496+0000] {dag.py:3096} INFO - Sync 1 DAGs
[2024-06-16T12:51:27.633+0000] {logging_mixin.py:188} INFO - [2024-06-16T12:51:27.633+0000] {dag.py:3954} INFO - Setting next_dagrun for example_nested_branch_dag to 2024-06-15 00:00:00+00:00, run_after=2024-06-16 00:00:00+00:00
[2024-06-16T12:51:27.762+0000] {processor.py:183} INFO - Processing /home/airflow/.local/lib/python3.12/site-packages/airflow/example_dags/example_nested_branch_dag.py took 0.430 seconds
[2024-06-16T12:51:58.015+0000] {processor.py:161} INFO - Started process (PID=721) to work on /home/airflow/.local/lib/python3.12/site-packages/airflow/example_dags/example_nested_branch_dag.py
[2024-06-16T12:51:58.016+0000] {processor.py:830} INFO - Processing file /home/airflow/.local/lib/python3.12/site-packages/airflow/example_dags/example_nested_branch_dag.py for tasks to queue
[2024-06-16T12:51:58.019+0000] {logging_mixin.py:188} INFO - [2024-06-16T12:51:58.018+0000] {dagbag.py:545} INFO - Filling up the DagBag from /home/airflow/.local/lib/python3.12/site-packages/airflow/example_dags/example_nested_branch_dag.py
[2024-06-16T12:51:58.034+0000] {processor.py:840} INFO - DAG(s) 'example_nested_branch_dag' retrieved from /home/airflow/.local/lib/python3.12/site-packages/airflow/example_dags/example_nested_branch_dag.py
[2024-06-16T12:51:58.073+0000] {logging_mixin.py:188} INFO - [2024-06-16T12:51:58.073+0000] {dag.py:3096} INFO - Sync 1 DAGs
[2024-06-16T12:51:58.134+0000] {logging_mixin.py:188} INFO - [2024-06-16T12:51:58.134+0000] {dag.py:3954} INFO - Setting next_dagrun for example_nested_branch_dag to 2024-06-15 00:00:00+00:00, run_after=2024-06-16 00:00:00+00:00
[2024-06-16T12:51:58.176+0000] {processor.py:183} INFO - Processing /home/airflow/.local/lib/python3.12/site-packages/airflow/example_dags/example_nested_branch_dag.py took 0.170 seconds
[2024-06-16T12:52:28.592+0000] {processor.py:161} INFO - Started process (PID=780) to work on /home/airflow/.local/lib/python3.12/site-packages/airflow/example_dags/example_nested_branch_dag.py
[2024-06-16T12:52:28.594+0000] {processor.py:830} INFO - Processing file /home/airflow/.local/lib/python3.12/site-packages/airflow/example_dags/example_nested_branch_dag.py for tasks to queue
[2024-06-16T12:52:28.596+0000] {logging_mixin.py:188} INFO - [2024-06-16T12:52:28.596+0000] {dagbag.py:545} INFO - Filling up the DagBag from /home/airflow/.local/lib/python3.12/site-packages/airflow/example_dags/example_nested_branch_dag.py
[2024-06-16T12:52:28.610+0000] {processor.py:840} INFO - DAG(s) 'example_nested_branch_dag' retrieved from /home/airflow/.local/lib/python3.12/site-packages/airflow/example_dags/example_nested_branch_dag.py
[2024-06-16T12:52:28.641+0000] {logging_mixin.py:188} INFO - [2024-06-16T12:52:28.641+0000] {dag.py:3096} INFO - Sync 1 DAGs
[2024-06-16T12:52:28.677+0000] {logging_mixin.py:188} INFO - [2024-06-16T12:52:28.677+0000] {dag.py:3954} INFO - Setting next_dagrun for example_nested_branch_dag to 2024-06-15 00:00:00+00:00, run_after=2024-06-16 00:00:00+00:00
[2024-06-16T12:52:28.710+0000] {processor.py:183} INFO - Processing /home/airflow/.local/lib/python3.12/site-packages/airflow/example_dags/example_nested_branch_dag.py took 0.127 seconds
[2024-06-16T12:52:59.179+0000] {processor.py:161} INFO - Started process (PID=840) to work on /home/airflow/.local/lib/python3.12/site-packages/airflow/example_dags/example_nested_branch_dag.py
[2024-06-16T12:52:59.181+0000] {processor.py:830} INFO - Processing file /home/airflow/.local/lib/python3.12/site-packages/airflow/example_dags/example_nested_branch_dag.py for tasks to queue
[2024-06-16T12:52:59.182+0000] {logging_mixin.py:188} INFO - [2024-06-16T12:52:59.181+0000] {dagbag.py:545} INFO - Filling up the DagBag from /home/airflow/.local/lib/python3.12/site-packages/airflow/example_dags/example_nested_branch_dag.py
[2024-06-16T12:52:59.198+0000] {processor.py:840} INFO - DAG(s) 'example_nested_branch_dag' retrieved from /home/airflow/.local/lib/python3.12/site-packages/airflow/example_dags/example_nested_branch_dag.py
[2024-06-16T12:52:59.229+0000] {logging_mixin.py:188} INFO - [2024-06-16T12:52:59.229+0000] {dag.py:3096} INFO - Sync 1 DAGs
[2024-06-16T12:52:59.266+0000] {logging_mixin.py:188} INFO - [2024-06-16T12:52:59.266+0000] {dag.py:3954} INFO - Setting next_dagrun for example_nested_branch_dag to 2024-06-15 00:00:00+00:00, run_after=2024-06-16 00:00:00+00:00
[2024-06-16T12:52:59.297+0000] {processor.py:183} INFO - Processing /home/airflow/.local/lib/python3.12/site-packages/airflow/example_dags/example_nested_branch_dag.py took 0.126 seconds
[2024-06-16T12:53:29.436+0000] {processor.py:161} INFO - Started process (PID=898) to work on /home/airflow/.local/lib/python3.12/site-packages/airflow/example_dags/example_nested_branch_dag.py
[2024-06-16T12:53:29.437+0000] {processor.py:830} INFO - Processing file /home/airflow/.local/lib/python3.12/site-packages/airflow/example_dags/example_nested_branch_dag.py for tasks to queue
[2024-06-16T12:53:29.438+0000] {logging_mixin.py:188} INFO - [2024-06-16T12:53:29.437+0000] {dagbag.py:545} INFO - Filling up the DagBag from /home/airflow/.local/lib/python3.12/site-packages/airflow/example_dags/example_nested_branch_dag.py
[2024-06-16T12:53:29.452+0000] {processor.py:840} INFO - DAG(s) 'example_nested_branch_dag' retrieved from /home/airflow/.local/lib/python3.12/site-packages/airflow/example_dags/example_nested_branch_dag.py
[2024-06-16T12:53:29.484+0000] {logging_mixin.py:188} INFO - [2024-06-16T12:53:29.483+0000] {dag.py:3096} INFO - Sync 1 DAGs
[2024-06-16T12:53:29.518+0000] {logging_mixin.py:188} INFO - [2024-06-16T12:53:29.518+0000] {dag.py:3954} INFO - Setting next_dagrun for example_nested_branch_dag to 2024-06-15 00:00:00+00:00, run_after=2024-06-16 00:00:00+00:00
[2024-06-16T12:53:29.549+0000] {processor.py:183} INFO - Processing /home/airflow/.local/lib/python3.12/site-packages/airflow/example_dags/example_nested_branch_dag.py took 0.122 seconds
[2024-06-16T12:54:00.038+0000] {processor.py:161} INFO - Started process (PID=958) to work on /home/airflow/.local/lib/python3.12/site-packages/airflow/example_dags/example_nested_branch_dag.py
[2024-06-16T12:54:00.039+0000] {processor.py:830} INFO - Processing file /home/airflow/.local/lib/python3.12/site-packages/airflow/example_dags/example_nested_branch_dag.py for tasks to queue
[2024-06-16T12:54:00.040+0000] {logging_mixin.py:188} INFO - [2024-06-16T12:54:00.039+0000] {dagbag.py:545} INFO - Filling up the DagBag from /home/airflow/.local/lib/python3.12/site-packages/airflow/example_dags/example_nested_branch_dag.py
[2024-06-16T12:54:00.057+0000] {processor.py:840} INFO - DAG(s) 'example_nested_branch_dag' retrieved from /home/airflow/.local/lib/python3.12/site-packages/airflow/example_dags/example_nested_branch_dag.py
[2024-06-16T12:54:00.085+0000] {logging_mixin.py:188} INFO - [2024-06-16T12:54:00.085+0000] {dag.py:3096} INFO - Sync 1 DAGs
[2024-06-16T12:54:00.122+0000] {logging_mixin.py:188} INFO - [2024-06-16T12:54:00.121+0000] {dag.py:3954} INFO - Setting next_dagrun for example_nested_branch_dag to 2024-06-15 00:00:00+00:00, run_after=2024-06-16 00:00:00+00:00
[2024-06-16T12:54:00.153+0000] {processor.py:183} INFO - Processing /home/airflow/.local/lib/python3.12/site-packages/airflow/example_dags/example_nested_branch_dag.py took 0.124 seconds
[2024-06-16T12:54:31.296+0000] {processor.py:161} INFO - Started process (PID=1017) to work on /home/airflow/.local/lib/python3.12/site-packages/airflow/example_dags/example_nested_branch_dag.py
[2024-06-16T12:54:31.297+0000] {processor.py:830} INFO - Processing file /home/airflow/.local/lib/python3.12/site-packages/airflow/example_dags/example_nested_branch_dag.py for tasks to queue
[2024-06-16T12:54:31.299+0000] {logging_mixin.py:188} INFO - [2024-06-16T12:54:31.298+0000] {dagbag.py:545} INFO - Filling up the DagBag from /home/airflow/.local/lib/python3.12/site-packages/airflow/example_dags/example_nested_branch_dag.py
[2024-06-16T12:54:31.316+0000] {processor.py:840} INFO - DAG(s) 'example_nested_branch_dag' retrieved from /home/airflow/.local/lib/python3.12/site-packages/airflow/example_dags/example_nested_branch_dag.py
[2024-06-16T12:54:31.378+0000] {logging_mixin.py:188} INFO - [2024-06-16T12:54:31.377+0000] {dag.py:3096} INFO - Sync 1 DAGs
[2024-06-16T12:54:31.450+0000] {logging_mixin.py:188} INFO - [2024-06-16T12:54:31.450+0000] {dag.py:3954} INFO - Setting next_dagrun for example_nested_branch_dag to 2024-06-15 00:00:00+00:00, run_after=2024-06-16 00:00:00+00:00
[2024-06-16T12:54:31.493+0000] {processor.py:183} INFO - Processing /home/airflow/.local/lib/python3.12/site-packages/airflow/example_dags/example_nested_branch_dag.py took 0.208 seconds
[2024-06-16T12:55:02.087+0000] {processor.py:161} INFO - Started process (PID=1076) to work on /home/airflow/.local/lib/python3.12/site-packages/airflow/example_dags/example_nested_branch_dag.py
[2024-06-16T12:55:02.088+0000] {processor.py:830} INFO - Processing file /home/airflow/.local/lib/python3.12/site-packages/airflow/example_dags/example_nested_branch_dag.py for tasks to queue
[2024-06-16T12:55:02.090+0000] {logging_mixin.py:188} INFO - [2024-06-16T12:55:02.089+0000] {dagbag.py:545} INFO - Filling up the DagBag from /home/airflow/.local/lib/python3.12/site-packages/airflow/example_dags/example_nested_branch_dag.py
[2024-06-16T12:55:02.107+0000] {processor.py:840} INFO - DAG(s) 'example_nested_branch_dag' retrieved from /home/airflow/.local/lib/python3.12/site-packages/airflow/example_dags/example_nested_branch_dag.py
[2024-06-16T12:55:02.154+0000] {logging_mixin.py:188} INFO - [2024-06-16T12:55:02.154+0000] {dag.py:3096} INFO - Sync 1 DAGs
[2024-06-16T12:55:02.205+0000] {logging_mixin.py:188} INFO - [2024-06-16T12:55:02.205+0000] {dag.py:3954} INFO - Setting next_dagrun for example_nested_branch_dag to 2024-06-15 00:00:00+00:00, run_after=2024-06-16 00:00:00+00:00
[2024-06-16T12:55:02.253+0000] {processor.py:183} INFO - Processing /home/airflow/.local/lib/python3.12/site-packages/airflow/example_dags/example_nested_branch_dag.py took 0.176 seconds
[2024-06-16T12:55:33.123+0000] {processor.py:161} INFO - Started process (PID=1135) to work on /home/airflow/.local/lib/python3.12/site-packages/airflow/example_dags/example_nested_branch_dag.py
[2024-06-16T12:55:33.133+0000] {processor.py:830} INFO - Processing file /home/airflow/.local/lib/python3.12/site-packages/airflow/example_dags/example_nested_branch_dag.py for tasks to queue
[2024-06-16T12:55:33.134+0000] {logging_mixin.py:188} INFO - [2024-06-16T12:55:33.134+0000] {dagbag.py:545} INFO - Filling up the DagBag from /home/airflow/.local/lib/python3.12/site-packages/airflow/example_dags/example_nested_branch_dag.py
[2024-06-16T12:55:33.147+0000] {processor.py:840} INFO - DAG(s) 'example_nested_branch_dag' retrieved from /home/airflow/.local/lib/python3.12/site-packages/airflow/example_dags/example_nested_branch_dag.py
[2024-06-16T12:55:33.176+0000] {logging_mixin.py:188} INFO - [2024-06-16T12:55:33.175+0000] {dag.py:3096} INFO - Sync 1 DAGs
[2024-06-16T12:55:33.211+0000] {logging_mixin.py:188} INFO - [2024-06-16T12:55:33.210+0000] {dag.py:3954} INFO - Setting next_dagrun for example_nested_branch_dag to 2024-06-15 00:00:00+00:00, run_after=2024-06-16 00:00:00+00:00
[2024-06-16T12:55:33.239+0000] {processor.py:183} INFO - Processing /home/airflow/.local/lib/python3.12/site-packages/airflow/example_dags/example_nested_branch_dag.py took 0.123 seconds
[2024-06-16T12:56:03.622+0000] {processor.py:161} INFO - Started process (PID=1193) to work on /home/airflow/.local/lib/python3.12/site-packages/airflow/example_dags/example_nested_branch_dag.py
[2024-06-16T12:56:03.623+0000] {processor.py:830} INFO - Processing file /home/airflow/.local/lib/python3.12/site-packages/airflow/example_dags/example_nested_branch_dag.py for tasks to queue
[2024-06-16T12:56:03.624+0000] {logging_mixin.py:188} INFO - [2024-06-16T12:56:03.624+0000] {dagbag.py:545} INFO - Filling up the DagBag from /home/airflow/.local/lib/python3.12/site-packages/airflow/example_dags/example_nested_branch_dag.py
[2024-06-16T12:56:03.642+0000] {processor.py:840} INFO - DAG(s) 'example_nested_branch_dag' retrieved from /home/airflow/.local/lib/python3.12/site-packages/airflow/example_dags/example_nested_branch_dag.py
[2024-06-16T12:56:03.680+0000] {logging_mixin.py:188} INFO - [2024-06-16T12:56:03.679+0000] {dag.py:3096} INFO - Sync 1 DAGs
[2024-06-16T12:56:03.721+0000] {logging_mixin.py:188} INFO - [2024-06-16T12:56:03.721+0000] {dag.py:3954} INFO - Setting next_dagrun for example_nested_branch_dag to 2024-06-15 00:00:00+00:00, run_after=2024-06-16 00:00:00+00:00
[2024-06-16T12:56:03.759+0000] {processor.py:183} INFO - Processing /home/airflow/.local/lib/python3.12/site-packages/airflow/example_dags/example_nested_branch_dag.py took 0.144 seconds
[2024-06-16T12:56:34.292+0000] {processor.py:161} INFO - Started process (PID=1252) to work on /home/airflow/.local/lib/python3.12/site-packages/airflow/example_dags/example_nested_branch_dag.py
[2024-06-16T12:56:34.302+0000] {processor.py:830} INFO - Processing file /home/airflow/.local/lib/python3.12/site-packages/airflow/example_dags/example_nested_branch_dag.py for tasks to queue
[2024-06-16T12:56:34.303+0000] {logging_mixin.py:188} INFO - [2024-06-16T12:56:34.303+0000] {dagbag.py:545} INFO - Filling up the DagBag from /home/airflow/.local/lib/python3.12/site-packages/airflow/example_dags/example_nested_branch_dag.py
[2024-06-16T12:56:34.320+0000] {processor.py:840} INFO - DAG(s) 'example_nested_branch_dag' retrieved from /home/airflow/.local/lib/python3.12/site-packages/airflow/example_dags/example_nested_branch_dag.py
[2024-06-16T12:56:34.361+0000] {logging_mixin.py:188} INFO - [2024-06-16T12:56:34.361+0000] {dag.py:3096} INFO - Sync 1 DAGs
[2024-06-16T12:56:34.408+0000] {logging_mixin.py:188} INFO - [2024-06-16T12:56:34.406+0000] {dag.py:3954} INFO - Setting next_dagrun for example_nested_branch_dag to 2024-06-15 00:00:00+00:00, run_after=2024-06-16 00:00:00+00:00
[2024-06-16T12:56:34.443+0000] {processor.py:183} INFO - Processing /home/airflow/.local/lib/python3.12/site-packages/airflow/example_dags/example_nested_branch_dag.py took 0.157 seconds
[2024-06-16T12:57:04.708+0000] {processor.py:161} INFO - Started process (PID=1311) to work on /home/airflow/.local/lib/python3.12/site-packages/airflow/example_dags/example_nested_branch_dag.py
[2024-06-16T12:57:04.717+0000] {processor.py:830} INFO - Processing file /home/airflow/.local/lib/python3.12/site-packages/airflow/example_dags/example_nested_branch_dag.py for tasks to queue
[2024-06-16T12:57:04.719+0000] {logging_mixin.py:188} INFO - [2024-06-16T12:57:04.718+0000] {dagbag.py:545} INFO - Filling up the DagBag from /home/airflow/.local/lib/python3.12/site-packages/airflow/example_dags/example_nested_branch_dag.py
[2024-06-16T12:57:04.732+0000] {processor.py:840} INFO - DAG(s) 'example_nested_branch_dag' retrieved from /home/airflow/.local/lib/python3.12/site-packages/airflow/example_dags/example_nested_branch_dag.py
[2024-06-16T12:57:04.760+0000] {logging_mixin.py:188} INFO - [2024-06-16T12:57:04.759+0000] {dag.py:3096} INFO - Sync 1 DAGs
[2024-06-16T12:57:04.791+0000] {logging_mixin.py:188} INFO - [2024-06-16T12:57:04.790+0000] {dag.py:3954} INFO - Setting next_dagrun for example_nested_branch_dag to 2024-06-15 00:00:00+00:00, run_after=2024-06-16 00:00:00+00:00
[2024-06-16T12:57:04.817+0000] {processor.py:183} INFO - Processing /home/airflow/.local/lib/python3.12/site-packages/airflow/example_dags/example_nested_branch_dag.py took 0.116 seconds
[2024-06-16T12:57:34.881+0000] {processor.py:161} INFO - Started process (PID=1369) to work on /home/airflow/.local/lib/python3.12/site-packages/airflow/example_dags/example_nested_branch_dag.py
[2024-06-16T12:57:34.882+0000] {processor.py:830} INFO - Processing file /home/airflow/.local/lib/python3.12/site-packages/airflow/example_dags/example_nested_branch_dag.py for tasks to queue
[2024-06-16T12:57:34.883+0000] {logging_mixin.py:188} INFO - [2024-06-16T12:57:34.882+0000] {dagbag.py:545} INFO - Filling up the DagBag from /home/airflow/.local/lib/python3.12/site-packages/airflow/example_dags/example_nested_branch_dag.py
[2024-06-16T12:57:34.897+0000] {processor.py:840} INFO - DAG(s) 'example_nested_branch_dag' retrieved from /home/airflow/.local/lib/python3.12/site-packages/airflow/example_dags/example_nested_branch_dag.py
[2024-06-16T12:57:34.932+0000] {logging_mixin.py:188} INFO - [2024-06-16T12:57:34.931+0000] {dag.py:3096} INFO - Sync 1 DAGs
[2024-06-16T12:57:34.968+0000] {logging_mixin.py:188} INFO - [2024-06-16T12:57:34.968+0000] {dag.py:3954} INFO - Setting next_dagrun for example_nested_branch_dag to 2024-06-15 00:00:00+00:00, run_after=2024-06-16 00:00:00+00:00
[2024-06-16T12:57:34.999+0000] {processor.py:183} INFO - Processing /home/airflow/.local/lib/python3.12/site-packages/airflow/example_dags/example_nested_branch_dag.py took 0.129 seconds
[2024-06-16T12:58:05.364+0000] {processor.py:161} INFO - Started process (PID=1428) to work on /home/airflow/.local/lib/python3.12/site-packages/airflow/example_dags/example_nested_branch_dag.py
[2024-06-16T12:58:05.365+0000] {processor.py:830} INFO - Processing file /home/airflow/.local/lib/python3.12/site-packages/airflow/example_dags/example_nested_branch_dag.py for tasks to queue
[2024-06-16T12:58:05.366+0000] {logging_mixin.py:188} INFO - [2024-06-16T12:58:05.366+0000] {dagbag.py:545} INFO - Filling up the DagBag from /home/airflow/.local/lib/python3.12/site-packages/airflow/example_dags/example_nested_branch_dag.py
[2024-06-16T12:58:05.379+0000] {processor.py:840} INFO - DAG(s) 'example_nested_branch_dag' retrieved from /home/airflow/.local/lib/python3.12/site-packages/airflow/example_dags/example_nested_branch_dag.py
[2024-06-16T12:58:05.411+0000] {logging_mixin.py:188} INFO - [2024-06-16T12:58:05.410+0000] {dag.py:3096} INFO - Sync 1 DAGs
[2024-06-16T12:58:05.446+0000] {logging_mixin.py:188} INFO - [2024-06-16T12:58:05.446+0000] {dag.py:3954} INFO - Setting next_dagrun for example_nested_branch_dag to 2024-06-15 00:00:00+00:00, run_after=2024-06-16 00:00:00+00:00
[2024-06-16T12:58:05.472+0000] {processor.py:183} INFO - Processing /home/airflow/.local/lib/python3.12/site-packages/airflow/example_dags/example_nested_branch_dag.py took 0.115 seconds
[2024-06-16T12:58:36.005+0000] {processor.py:161} INFO - Started process (PID=1486) to work on /home/airflow/.local/lib/python3.12/site-packages/airflow/example_dags/example_nested_branch_dag.py
[2024-06-16T12:58:36.005+0000] {processor.py:830} INFO - Processing file /home/airflow/.local/lib/python3.12/site-packages/airflow/example_dags/example_nested_branch_dag.py for tasks to queue
[2024-06-16T12:58:36.007+0000] {logging_mixin.py:188} INFO - [2024-06-16T12:58:36.006+0000] {dagbag.py:545} INFO - Filling up the DagBag from /home/airflow/.local/lib/python3.12/site-packages/airflow/example_dags/example_nested_branch_dag.py
[2024-06-16T12:58:36.022+0000] {processor.py:840} INFO - DAG(s) 'example_nested_branch_dag' retrieved from /home/airflow/.local/lib/python3.12/site-packages/airflow/example_dags/example_nested_branch_dag.py
[2024-06-16T12:58:36.066+0000] {logging_mixin.py:188} INFO - [2024-06-16T12:58:36.065+0000] {dag.py:3096} INFO - Sync 1 DAGs
[2024-06-16T12:58:36.167+0000] {logging_mixin.py:188} INFO - [2024-06-16T12:58:36.167+0000] {dag.py:3954} INFO - Setting next_dagrun for example_nested_branch_dag to 2024-06-15 00:00:00+00:00, run_after=2024-06-16 00:00:00+00:00
[2024-06-16T12:58:36.236+0000] {processor.py:183} INFO - Processing /home/airflow/.local/lib/python3.12/site-packages/airflow/example_dags/example_nested_branch_dag.py took 0.240 seconds
[2024-06-16T12:59:07.137+0000] {processor.py:161} INFO - Started process (PID=1554) to work on /home/airflow/.local/lib/python3.12/site-packages/airflow/example_dags/example_nested_branch_dag.py
[2024-06-16T12:59:07.139+0000] {processor.py:830} INFO - Processing file /home/airflow/.local/lib/python3.12/site-packages/airflow/example_dags/example_nested_branch_dag.py for tasks to queue
[2024-06-16T12:59:07.140+0000] {logging_mixin.py:188} INFO - [2024-06-16T12:59:07.140+0000] {dagbag.py:545} INFO - Filling up the DagBag from /home/airflow/.local/lib/python3.12/site-packages/airflow/example_dags/example_nested_branch_dag.py
[2024-06-16T12:59:07.157+0000] {processor.py:840} INFO - DAG(s) 'example_nested_branch_dag' retrieved from /home/airflow/.local/lib/python3.12/site-packages/airflow/example_dags/example_nested_branch_dag.py
[2024-06-16T12:59:07.192+0000] {logging_mixin.py:188} INFO - [2024-06-16T12:59:07.192+0000] {dag.py:3096} INFO - Sync 1 DAGs
[2024-06-16T12:59:07.236+0000] {logging_mixin.py:188} INFO - [2024-06-16T12:59:07.235+0000] {dag.py:3954} INFO - Setting next_dagrun for example_nested_branch_dag to 2024-06-15 00:00:00+00:00, run_after=2024-06-16 00:00:00+00:00
[2024-06-16T12:59:07.267+0000] {processor.py:183} INFO - Processing /home/airflow/.local/lib/python3.12/site-packages/airflow/example_dags/example_nested_branch_dag.py took 0.139 seconds
[2024-06-16T12:59:37.694+0000] {processor.py:161} INFO - Started process (PID=1616) to work on /home/airflow/.local/lib/python3.12/site-packages/airflow/example_dags/example_nested_branch_dag.py
[2024-06-16T12:59:37.696+0000] {processor.py:830} INFO - Processing file /home/airflow/.local/lib/python3.12/site-packages/airflow/example_dags/example_nested_branch_dag.py for tasks to queue
[2024-06-16T12:59:37.697+0000] {logging_mixin.py:188} INFO - [2024-06-16T12:59:37.696+0000] {dagbag.py:545} INFO - Filling up the DagBag from /home/airflow/.local/lib/python3.12/site-packages/airflow/example_dags/example_nested_branch_dag.py
[2024-06-16T12:59:37.711+0000] {processor.py:840} INFO - DAG(s) 'example_nested_branch_dag' retrieved from /home/airflow/.local/lib/python3.12/site-packages/airflow/example_dags/example_nested_branch_dag.py
[2024-06-16T12:59:37.749+0000] {logging_mixin.py:188} INFO - [2024-06-16T12:59:37.748+0000] {dag.py:3096} INFO - Sync 1 DAGs
[2024-06-16T12:59:37.792+0000] {logging_mixin.py:188} INFO - [2024-06-16T12:59:37.792+0000] {dag.py:3954} INFO - Setting next_dagrun for example_nested_branch_dag to 2024-06-15 00:00:00+00:00, run_after=2024-06-16 00:00:00+00:00
[2024-06-16T12:59:37.832+0000] {processor.py:183} INFO - Processing /home/airflow/.local/lib/python3.12/site-packages/airflow/example_dags/example_nested_branch_dag.py took 0.144 seconds
[2024-06-16T13:00:07.980+0000] {processor.py:161} INFO - Started process (PID=1677) to work on /home/airflow/.local/lib/python3.12/site-packages/airflow/example_dags/example_nested_branch_dag.py
[2024-06-16T13:00:07.981+0000] {processor.py:830} INFO - Processing file /home/airflow/.local/lib/python3.12/site-packages/airflow/example_dags/example_nested_branch_dag.py for tasks to queue
[2024-06-16T13:00:07.981+0000] {logging_mixin.py:188} INFO - [2024-06-16T13:00:07.981+0000] {dagbag.py:545} INFO - Filling up the DagBag from /home/airflow/.local/lib/python3.12/site-packages/airflow/example_dags/example_nested_branch_dag.py
[2024-06-16T13:00:07.994+0000] {processor.py:840} INFO - DAG(s) 'example_nested_branch_dag' retrieved from /home/airflow/.local/lib/python3.12/site-packages/airflow/example_dags/example_nested_branch_dag.py
[2024-06-16T13:00:08.025+0000] {logging_mixin.py:188} INFO - [2024-06-16T13:00:08.025+0000] {dag.py:3096} INFO - Sync 1 DAGs
[2024-06-16T13:00:08.061+0000] {logging_mixin.py:188} INFO - [2024-06-16T13:00:08.061+0000] {dag.py:3954} INFO - Setting next_dagrun for example_nested_branch_dag to 2024-06-15 00:00:00+00:00, run_after=2024-06-16 00:00:00+00:00
[2024-06-16T13:00:08.087+0000] {processor.py:183} INFO - Processing /home/airflow/.local/lib/python3.12/site-packages/airflow/example_dags/example_nested_branch_dag.py took 0.114 seconds
[2024-06-16T13:00:38.959+0000] {processor.py:161} INFO - Started process (PID=1742) to work on /home/airflow/.local/lib/python3.12/site-packages/airflow/example_dags/example_nested_branch_dag.py
[2024-06-16T13:00:38.960+0000] {processor.py:830} INFO - Processing file /home/airflow/.local/lib/python3.12/site-packages/airflow/example_dags/example_nested_branch_dag.py for tasks to queue
[2024-06-16T13:00:38.961+0000] {logging_mixin.py:188} INFO - [2024-06-16T13:00:38.961+0000] {dagbag.py:545} INFO - Filling up the DagBag from /home/airflow/.local/lib/python3.12/site-packages/airflow/example_dags/example_nested_branch_dag.py
[2024-06-16T13:00:38.984+0000] {processor.py:840} INFO - DAG(s) 'example_nested_branch_dag' retrieved from /home/airflow/.local/lib/python3.12/site-packages/airflow/example_dags/example_nested_branch_dag.py
[2024-06-16T13:00:39.030+0000] {logging_mixin.py:188} INFO - [2024-06-16T13:00:39.029+0000] {dag.py:3096} INFO - Sync 1 DAGs
[2024-06-16T13:00:39.077+0000] {logging_mixin.py:188} INFO - [2024-06-16T13:00:39.077+0000] {dag.py:3954} INFO - Setting next_dagrun for example_nested_branch_dag to 2024-06-15 00:00:00+00:00, run_after=2024-06-16 00:00:00+00:00
[2024-06-16T13:00:39.128+0000] {processor.py:183} INFO - Processing /home/airflow/.local/lib/python3.12/site-packages/airflow/example_dags/example_nested_branch_dag.py took 0.180 seconds
[2024-06-16T13:01:09.681+0000] {processor.py:161} INFO - Started process (PID=1799) to work on /home/airflow/.local/lib/python3.12/site-packages/airflow/example_dags/example_nested_branch_dag.py
[2024-06-16T13:01:09.682+0000] {processor.py:830} INFO - Processing file /home/airflow/.local/lib/python3.12/site-packages/airflow/example_dags/example_nested_branch_dag.py for tasks to queue
[2024-06-16T13:01:09.683+0000] {logging_mixin.py:188} INFO - [2024-06-16T13:01:09.683+0000] {dagbag.py:545} INFO - Filling up the DagBag from /home/airflow/.local/lib/python3.12/site-packages/airflow/example_dags/example_nested_branch_dag.py
[2024-06-16T13:01:09.695+0000] {processor.py:840} INFO - DAG(s) 'example_nested_branch_dag' retrieved from /home/airflow/.local/lib/python3.12/site-packages/airflow/example_dags/example_nested_branch_dag.py
[2024-06-16T13:01:09.725+0000] {logging_mixin.py:188} INFO - [2024-06-16T13:01:09.725+0000] {dag.py:3096} INFO - Sync 1 DAGs
[2024-06-16T13:01:09.762+0000] {logging_mixin.py:188} INFO - [2024-06-16T13:01:09.761+0000] {dag.py:3954} INFO - Setting next_dagrun for example_nested_branch_dag to 2024-06-15 00:00:00+00:00, run_after=2024-06-16 00:00:00+00:00
[2024-06-16T13:01:09.788+0000] {processor.py:183} INFO - Processing /home/airflow/.local/lib/python3.12/site-packages/airflow/example_dags/example_nested_branch_dag.py took 0.114 seconds
[2024-06-16T13:01:41.040+0000] {processor.py:161} INFO - Started process (PID=1858) to work on /home/airflow/.local/lib/python3.12/site-packages/airflow/example_dags/example_nested_branch_dag.py
[2024-06-16T13:01:41.042+0000] {processor.py:830} INFO - Processing file /home/airflow/.local/lib/python3.12/site-packages/airflow/example_dags/example_nested_branch_dag.py for tasks to queue
[2024-06-16T13:01:41.044+0000] {logging_mixin.py:188} INFO - [2024-06-16T13:01:41.043+0000] {dagbag.py:545} INFO - Filling up the DagBag from /home/airflow/.local/lib/python3.12/site-packages/airflow/example_dags/example_nested_branch_dag.py
[2024-06-16T13:01:41.059+0000] {processor.py:840} INFO - DAG(s) 'example_nested_branch_dag' retrieved from /home/airflow/.local/lib/python3.12/site-packages/airflow/example_dags/example_nested_branch_dag.py
[2024-06-16T13:01:41.090+0000] {logging_mixin.py:188} INFO - [2024-06-16T13:01:41.090+0000] {dag.py:3096} INFO - Sync 1 DAGs
[2024-06-16T13:01:41.122+0000] {logging_mixin.py:188} INFO - [2024-06-16T13:01:41.122+0000] {dag.py:3954} INFO - Setting next_dagrun for example_nested_branch_dag to 2024-06-15 00:00:00+00:00, run_after=2024-06-16 00:00:00+00:00
[2024-06-16T13:01:41.152+0000] {processor.py:183} INFO - Processing /home/airflow/.local/lib/python3.12/site-packages/airflow/example_dags/example_nested_branch_dag.py took 0.122 seconds
[2024-06-16T13:02:11.952+0000] {processor.py:161} INFO - Started process (PID=1917) to work on /home/airflow/.local/lib/python3.12/site-packages/airflow/example_dags/example_nested_branch_dag.py
[2024-06-16T13:02:11.953+0000] {processor.py:830} INFO - Processing file /home/airflow/.local/lib/python3.12/site-packages/airflow/example_dags/example_nested_branch_dag.py for tasks to queue
[2024-06-16T13:02:11.953+0000] {logging_mixin.py:188} INFO - [2024-06-16T13:02:11.953+0000] {dagbag.py:545} INFO - Filling up the DagBag from /home/airflow/.local/lib/python3.12/site-packages/airflow/example_dags/example_nested_branch_dag.py
[2024-06-16T13:02:11.966+0000] {processor.py:840} INFO - DAG(s) 'example_nested_branch_dag' retrieved from /home/airflow/.local/lib/python3.12/site-packages/airflow/example_dags/example_nested_branch_dag.py
[2024-06-16T13:02:11.997+0000] {logging_mixin.py:188} INFO - [2024-06-16T13:02:11.996+0000] {dag.py:3096} INFO - Sync 1 DAGs
[2024-06-16T13:02:12.029+0000] {logging_mixin.py:188} INFO - [2024-06-16T13:02:12.029+0000] {dag.py:3954} INFO - Setting next_dagrun for example_nested_branch_dag to 2024-06-15 00:00:00+00:00, run_after=2024-06-16 00:00:00+00:00
[2024-06-16T13:02:12.056+0000] {processor.py:183} INFO - Processing /home/airflow/.local/lib/python3.12/site-packages/airflow/example_dags/example_nested_branch_dag.py took 0.114 seconds
[2024-06-16T13:02:42.366+0000] {processor.py:161} INFO - Started process (PID=1976) to work on /home/airflow/.local/lib/python3.12/site-packages/airflow/example_dags/example_nested_branch_dag.py
[2024-06-16T13:02:42.367+0000] {processor.py:830} INFO - Processing file /home/airflow/.local/lib/python3.12/site-packages/airflow/example_dags/example_nested_branch_dag.py for tasks to queue
[2024-06-16T13:02:42.368+0000] {logging_mixin.py:188} INFO - [2024-06-16T13:02:42.367+0000] {dagbag.py:545} INFO - Filling up the DagBag from /home/airflow/.local/lib/python3.12/site-packages/airflow/example_dags/example_nested_branch_dag.py
[2024-06-16T13:02:42.384+0000] {processor.py:840} INFO - DAG(s) 'example_nested_branch_dag' retrieved from /home/airflow/.local/lib/python3.12/site-packages/airflow/example_dags/example_nested_branch_dag.py
[2024-06-16T13:02:42.428+0000] {logging_mixin.py:188} INFO - [2024-06-16T13:02:42.427+0000] {dag.py:3096} INFO - Sync 1 DAGs
[2024-06-16T13:02:42.469+0000] {logging_mixin.py:188} INFO - [2024-06-16T13:02:42.469+0000] {dag.py:3954} INFO - Setting next_dagrun for example_nested_branch_dag to 2024-06-15 00:00:00+00:00, run_after=2024-06-16 00:00:00+00:00
[2024-06-16T13:02:42.499+0000] {processor.py:183} INFO - Processing /home/airflow/.local/lib/python3.12/site-packages/airflow/example_dags/example_nested_branch_dag.py took 0.143 seconds
[2024-06-16T13:03:13.369+0000] {processor.py:161} INFO - Started process (PID=2035) to work on /home/airflow/.local/lib/python3.12/site-packages/airflow/example_dags/example_nested_branch_dag.py
[2024-06-16T13:03:13.371+0000] {processor.py:830} INFO - Processing file /home/airflow/.local/lib/python3.12/site-packages/airflow/example_dags/example_nested_branch_dag.py for tasks to queue
[2024-06-16T13:03:13.373+0000] {logging_mixin.py:188} INFO - [2024-06-16T13:03:13.372+0000] {dagbag.py:545} INFO - Filling up the DagBag from /home/airflow/.local/lib/python3.12/site-packages/airflow/example_dags/example_nested_branch_dag.py
[2024-06-16T13:03:13.390+0000] {processor.py:840} INFO - DAG(s) 'example_nested_branch_dag' retrieved from /home/airflow/.local/lib/python3.12/site-packages/airflow/example_dags/example_nested_branch_dag.py
[2024-06-16T13:03:13.424+0000] {logging_mixin.py:188} INFO - [2024-06-16T13:03:13.424+0000] {dag.py:3096} INFO - Sync 1 DAGs
[2024-06-16T13:03:13.461+0000] {logging_mixin.py:188} INFO - [2024-06-16T13:03:13.461+0000] {dag.py:3954} INFO - Setting next_dagrun for example_nested_branch_dag to 2024-06-15 00:00:00+00:00, run_after=2024-06-16 00:00:00+00:00
[2024-06-16T13:03:13.491+0000] {processor.py:183} INFO - Processing /home/airflow/.local/lib/python3.12/site-packages/airflow/example_dags/example_nested_branch_dag.py took 0.135 seconds
[2024-06-16T13:03:44.465+0000] {processor.py:161} INFO - Started process (PID=2094) to work on /home/airflow/.local/lib/python3.12/site-packages/airflow/example_dags/example_nested_branch_dag.py
[2024-06-16T13:03:44.466+0000] {processor.py:830} INFO - Processing file /home/airflow/.local/lib/python3.12/site-packages/airflow/example_dags/example_nested_branch_dag.py for tasks to queue
[2024-06-16T13:03:44.467+0000] {logging_mixin.py:188} INFO - [2024-06-16T13:03:44.466+0000] {dagbag.py:545} INFO - Filling up the DagBag from /home/airflow/.local/lib/python3.12/site-packages/airflow/example_dags/example_nested_branch_dag.py
[2024-06-16T13:03:44.484+0000] {processor.py:840} INFO - DAG(s) 'example_nested_branch_dag' retrieved from /home/airflow/.local/lib/python3.12/site-packages/airflow/example_dags/example_nested_branch_dag.py
[2024-06-16T13:03:44.521+0000] {logging_mixin.py:188} INFO - [2024-06-16T13:03:44.521+0000] {dag.py:3096} INFO - Sync 1 DAGs
[2024-06-16T13:03:44.567+0000] {logging_mixin.py:188} INFO - [2024-06-16T13:03:44.567+0000] {dag.py:3954} INFO - Setting next_dagrun for example_nested_branch_dag to 2024-06-15 00:00:00+00:00, run_after=2024-06-16 00:00:00+00:00
[2024-06-16T13:03:44.602+0000] {processor.py:183} INFO - Processing /home/airflow/.local/lib/python3.12/site-packages/airflow/example_dags/example_nested_branch_dag.py took 0.147 seconds
[2024-06-16T13:04:15.443+0000] {processor.py:161} INFO - Started process (PID=2156) to work on /home/airflow/.local/lib/python3.12/site-packages/airflow/example_dags/example_nested_branch_dag.py
[2024-06-16T13:04:15.444+0000] {processor.py:830} INFO - Processing file /home/airflow/.local/lib/python3.12/site-packages/airflow/example_dags/example_nested_branch_dag.py for tasks to queue
[2024-06-16T13:04:15.446+0000] {logging_mixin.py:188} INFO - [2024-06-16T13:04:15.445+0000] {dagbag.py:545} INFO - Filling up the DagBag from /home/airflow/.local/lib/python3.12/site-packages/airflow/example_dags/example_nested_branch_dag.py
[2024-06-16T13:04:15.464+0000] {processor.py:840} INFO - DAG(s) 'example_nested_branch_dag' retrieved from /home/airflow/.local/lib/python3.12/site-packages/airflow/example_dags/example_nested_branch_dag.py
[2024-06-16T13:04:15.508+0000] {logging_mixin.py:188} INFO - [2024-06-16T13:04:15.508+0000] {dag.py:3096} INFO - Sync 1 DAGs
[2024-06-16T13:04:15.557+0000] {logging_mixin.py:188} INFO - [2024-06-16T13:04:15.556+0000] {dag.py:3954} INFO - Setting next_dagrun for example_nested_branch_dag to 2024-06-15 00:00:00+00:00, run_after=2024-06-16 00:00:00+00:00
[2024-06-16T13:04:15.586+0000] {processor.py:183} INFO - Processing /home/airflow/.local/lib/python3.12/site-packages/airflow/example_dags/example_nested_branch_dag.py took 0.151 seconds
[2024-06-16T13:04:46.437+0000] {processor.py:161} INFO - Started process (PID=2216) to work on /home/airflow/.local/lib/python3.12/site-packages/airflow/example_dags/example_nested_branch_dag.py
[2024-06-16T13:04:46.438+0000] {processor.py:830} INFO - Processing file /home/airflow/.local/lib/python3.12/site-packages/airflow/example_dags/example_nested_branch_dag.py for tasks to queue
[2024-06-16T13:04:46.440+0000] {logging_mixin.py:188} INFO - [2024-06-16T13:04:46.439+0000] {dagbag.py:545} INFO - Filling up the DagBag from /home/airflow/.local/lib/python3.12/site-packages/airflow/example_dags/example_nested_branch_dag.py
[2024-06-16T13:04:46.456+0000] {processor.py:840} INFO - DAG(s) 'example_nested_branch_dag' retrieved from /home/airflow/.local/lib/python3.12/site-packages/airflow/example_dags/example_nested_branch_dag.py
[2024-06-16T13:04:46.487+0000] {logging_mixin.py:188} INFO - [2024-06-16T13:04:46.487+0000] {dag.py:3096} INFO - Sync 1 DAGs
[2024-06-16T13:04:46.702+0000] {logging_mixin.py:188} INFO - [2024-06-16T13:04:46.702+0000] {dag.py:3954} INFO - Setting next_dagrun for example_nested_branch_dag to 2024-06-15 00:00:00+00:00, run_after=2024-06-16 00:00:00+00:00
[2024-06-16T13:04:46.743+0000] {processor.py:183} INFO - Processing /home/airflow/.local/lib/python3.12/site-packages/airflow/example_dags/example_nested_branch_dag.py took 0.315 seconds
[2024-06-16T13:05:17.648+0000] {processor.py:161} INFO - Started process (PID=2275) to work on /home/airflow/.local/lib/python3.12/site-packages/airflow/example_dags/example_nested_branch_dag.py
[2024-06-16T13:05:17.650+0000] {processor.py:830} INFO - Processing file /home/airflow/.local/lib/python3.12/site-packages/airflow/example_dags/example_nested_branch_dag.py for tasks to queue
[2024-06-16T13:05:17.652+0000] {logging_mixin.py:188} INFO - [2024-06-16T13:05:17.651+0000] {dagbag.py:545} INFO - Filling up the DagBag from /home/airflow/.local/lib/python3.12/site-packages/airflow/example_dags/example_nested_branch_dag.py
[2024-06-16T13:05:17.667+0000] {processor.py:840} INFO - DAG(s) 'example_nested_branch_dag' retrieved from /home/airflow/.local/lib/python3.12/site-packages/airflow/example_dags/example_nested_branch_dag.py
[2024-06-16T13:05:17.703+0000] {logging_mixin.py:188} INFO - [2024-06-16T13:05:17.703+0000] {dag.py:3096} INFO - Sync 1 DAGs
[2024-06-16T13:05:17.749+0000] {logging_mixin.py:188} INFO - [2024-06-16T13:05:17.749+0000] {dag.py:3954} INFO - Setting next_dagrun for example_nested_branch_dag to 2024-06-15 00:00:00+00:00, run_after=2024-06-16 00:00:00+00:00
[2024-06-16T13:05:17.789+0000] {processor.py:183} INFO - Processing /home/airflow/.local/lib/python3.12/site-packages/airflow/example_dags/example_nested_branch_dag.py took 0.151 seconds
[2024-06-16T13:05:48.008+0000] {processor.py:161} INFO - Started process (PID=2334) to work on /home/airflow/.local/lib/python3.12/site-packages/airflow/example_dags/example_nested_branch_dag.py
[2024-06-16T13:05:48.010+0000] {processor.py:830} INFO - Processing file /home/airflow/.local/lib/python3.12/site-packages/airflow/example_dags/example_nested_branch_dag.py for tasks to queue
[2024-06-16T13:05:48.011+0000] {logging_mixin.py:188} INFO - [2024-06-16T13:05:48.010+0000] {dagbag.py:545} INFO - Filling up the DagBag from /home/airflow/.local/lib/python3.12/site-packages/airflow/example_dags/example_nested_branch_dag.py
[2024-06-16T13:05:48.024+0000] {processor.py:840} INFO - DAG(s) 'example_nested_branch_dag' retrieved from /home/airflow/.local/lib/python3.12/site-packages/airflow/example_dags/example_nested_branch_dag.py
[2024-06-16T13:05:48.057+0000] {logging_mixin.py:188} INFO - [2024-06-16T13:05:48.056+0000] {dag.py:3096} INFO - Sync 1 DAGs
[2024-06-16T13:05:48.095+0000] {logging_mixin.py:188} INFO - [2024-06-16T13:05:48.095+0000] {dag.py:3954} INFO - Setting next_dagrun for example_nested_branch_dag to 2024-06-15 00:00:00+00:00, run_after=2024-06-16 00:00:00+00:00
[2024-06-16T13:05:48.122+0000] {processor.py:183} INFO - Processing /home/airflow/.local/lib/python3.12/site-packages/airflow/example_dags/example_nested_branch_dag.py took 0.122 seconds
[2024-06-16T13:06:19.523+0000] {processor.py:161} INFO - Started process (PID=2399) to work on /home/airflow/.local/lib/python3.12/site-packages/airflow/example_dags/example_nested_branch_dag.py
[2024-06-16T13:06:19.524+0000] {processor.py:830} INFO - Processing file /home/airflow/.local/lib/python3.12/site-packages/airflow/example_dags/example_nested_branch_dag.py for tasks to queue
[2024-06-16T13:06:19.525+0000] {logging_mixin.py:188} INFO - [2024-06-16T13:06:19.525+0000] {dagbag.py:545} INFO - Filling up the DagBag from /home/airflow/.local/lib/python3.12/site-packages/airflow/example_dags/example_nested_branch_dag.py
[2024-06-16T13:06:19.560+0000] {processor.py:840} INFO - DAG(s) 'example_nested_branch_dag' retrieved from /home/airflow/.local/lib/python3.12/site-packages/airflow/example_dags/example_nested_branch_dag.py
[2024-06-16T13:06:19.599+0000] {logging_mixin.py:188} INFO - [2024-06-16T13:06:19.599+0000] {dag.py:3096} INFO - Sync 1 DAGs
[2024-06-16T13:06:19.792+0000] {logging_mixin.py:188} INFO - [2024-06-16T13:06:19.791+0000] {dag.py:3954} INFO - Setting next_dagrun for example_nested_branch_dag to 2024-06-15 00:00:00+00:00, run_after=2024-06-16 00:00:00+00:00
[2024-06-16T13:06:19.815+0000] {processor.py:183} INFO - Processing /home/airflow/.local/lib/python3.12/site-packages/airflow/example_dags/example_nested_branch_dag.py took 0.304 seconds
