[2024-06-16T12:21:19.047+0000] {processor.py:161} INFO - Started process (PID=90) to work on /home/airflow/.local/lib/python3.12/site-packages/airflow/example_dags/example_complex.py
[2024-06-16T12:21:19.053+0000] {processor.py:830} INFO - Processing file /home/airflow/.local/lib/python3.12/site-packages/airflow/example_dags/example_complex.py for tasks to queue
[2024-06-16T12:21:19.056+0000] {logging_mixin.py:188} INFO - [2024-06-16T12:21:19.055+0000] {dagbag.py:545} INFO - Filling up the DagBag from /home/airflow/.local/lib/python3.12/site-packages/airflow/example_dags/example_complex.py
[2024-06-16T12:21:19.093+0000] {processor.py:840} INFO - DAG(s) 'example_complex' retrieved from /home/airflow/.local/lib/python3.12/site-packages/airflow/example_dags/example_complex.py
[2024-06-16T12:21:19.637+0000] {logging_mixin.py:188} INFO - [2024-06-16T12:21:19.627+0000] {override.py:1829} INFO - Created Permission View: can edit on DAG:example_complex
[2024-06-16T12:21:19.731+0000] {logging_mixin.py:188} INFO - [2024-06-16T12:21:19.730+0000] {override.py:1829} INFO - Created Permission View: can delete on DAG:example_complex
[2024-06-16T12:21:19.771+0000] {logging_mixin.py:188} INFO - [2024-06-16T12:21:19.770+0000] {override.py:1829} INFO - Created Permission View: can read on DAG:example_complex
[2024-06-16T12:21:19.775+0000] {logging_mixin.py:188} INFO - [2024-06-16T12:21:19.775+0000] {dag.py:3096} INFO - Sync 1 DAGs
[2024-06-16T12:21:19.826+0000] {logging_mixin.py:188} INFO - [2024-06-16T12:21:19.826+0000] {dag.py:3118} INFO - Creating ORM DAG for example_complex
[2024-06-16T12:21:19.835+0000] {logging_mixin.py:188} INFO - [2024-06-16T12:21:19.830+0000] {dag.py:3954} INFO - Setting next_dagrun for example_complex to None, run_after=None
[2024-06-16T12:21:19.927+0000] {processor.py:183} INFO - Processing /home/airflow/.local/lib/python3.12/site-packages/airflow/example_dags/example_complex.py took 0.898 seconds
[2024-06-16T12:21:50.200+0000] {processor.py:161} INFO - Started process (PID=148) to work on /home/airflow/.local/lib/python3.12/site-packages/airflow/example_dags/example_complex.py
[2024-06-16T12:21:50.201+0000] {processor.py:830} INFO - Processing file /home/airflow/.local/lib/python3.12/site-packages/airflow/example_dags/example_complex.py for tasks to queue
[2024-06-16T12:21:50.205+0000] {logging_mixin.py:188} INFO - [2024-06-16T12:21:50.204+0000] {dagbag.py:545} INFO - Filling up the DagBag from /home/airflow/.local/lib/python3.12/site-packages/airflow/example_dags/example_complex.py
[2024-06-16T12:21:50.231+0000] {processor.py:840} INFO - DAG(s) 'example_complex' retrieved from /home/airflow/.local/lib/python3.12/site-packages/airflow/example_dags/example_complex.py
[2024-06-16T12:21:50.308+0000] {logging_mixin.py:188} INFO - [2024-06-16T12:21:50.307+0000] {dag.py:3096} INFO - Sync 1 DAGs
[2024-06-16T12:21:50.335+0000] {logging_mixin.py:188} INFO - [2024-06-16T12:21:50.334+0000] {dag.py:3954} INFO - Setting next_dagrun for example_complex to None, run_after=None
[2024-06-16T12:21:50.379+0000] {processor.py:183} INFO - Processing /home/airflow/.local/lib/python3.12/site-packages/airflow/example_dags/example_complex.py took 0.192 seconds
[2024-06-16T12:22:21.299+0000] {processor.py:161} INFO - Started process (PID=207) to work on /home/airflow/.local/lib/python3.12/site-packages/airflow/example_dags/example_complex.py
[2024-06-16T12:22:21.309+0000] {processor.py:830} INFO - Processing file /home/airflow/.local/lib/python3.12/site-packages/airflow/example_dags/example_complex.py for tasks to queue
[2024-06-16T12:22:21.312+0000] {logging_mixin.py:188} INFO - [2024-06-16T12:22:21.311+0000] {dagbag.py:545} INFO - Filling up the DagBag from /home/airflow/.local/lib/python3.12/site-packages/airflow/example_dags/example_complex.py
[2024-06-16T12:22:21.412+0000] {processor.py:840} INFO - DAG(s) 'example_complex' retrieved from /home/airflow/.local/lib/python3.12/site-packages/airflow/example_dags/example_complex.py
[2024-06-16T12:22:21.576+0000] {logging_mixin.py:188} INFO - [2024-06-16T12:22:21.576+0000] {dag.py:3096} INFO - Sync 1 DAGs
[2024-06-16T12:22:21.637+0000] {logging_mixin.py:188} INFO - [2024-06-16T12:22:21.635+0000] {dag.py:3954} INFO - Setting next_dagrun for example_complex to None, run_after=None
[2024-06-16T12:22:21.754+0000] {processor.py:183} INFO - Processing /home/airflow/.local/lib/python3.12/site-packages/airflow/example_dags/example_complex.py took 0.466 seconds
[2024-06-16T12:22:52.736+0000] {processor.py:161} INFO - Started process (PID=266) to work on /home/airflow/.local/lib/python3.12/site-packages/airflow/example_dags/example_complex.py
[2024-06-16T12:22:52.745+0000] {processor.py:830} INFO - Processing file /home/airflow/.local/lib/python3.12/site-packages/airflow/example_dags/example_complex.py for tasks to queue
[2024-06-16T12:22:52.775+0000] {logging_mixin.py:188} INFO - [2024-06-16T12:22:52.767+0000] {dagbag.py:545} INFO - Filling up the DagBag from /home/airflow/.local/lib/python3.12/site-packages/airflow/example_dags/example_complex.py
[2024-06-16T12:22:52.972+0000] {processor.py:840} INFO - DAG(s) 'example_complex' retrieved from /home/airflow/.local/lib/python3.12/site-packages/airflow/example_dags/example_complex.py
[2024-06-16T12:22:53.607+0000] {logging_mixin.py:188} INFO - [2024-06-16T12:22:53.606+0000] {dag.py:3096} INFO - Sync 1 DAGs
[2024-06-16T12:22:54.040+0000] {logging_mixin.py:188} INFO - [2024-06-16T12:22:54.037+0000] {dag.py:3954} INFO - Setting next_dagrun for example_complex to None, run_after=None
[2024-06-16T12:22:54.098+0000] {processor.py:183} INFO - Processing /home/airflow/.local/lib/python3.12/site-packages/airflow/example_dags/example_complex.py took 1.463 seconds
[2024-06-16T12:23:24.248+0000] {processor.py:161} INFO - Started process (PID=325) to work on /home/airflow/.local/lib/python3.12/site-packages/airflow/example_dags/example_complex.py
[2024-06-16T12:23:24.250+0000] {processor.py:830} INFO - Processing file /home/airflow/.local/lib/python3.12/site-packages/airflow/example_dags/example_complex.py for tasks to queue
[2024-06-16T12:23:24.255+0000] {logging_mixin.py:188} INFO - [2024-06-16T12:23:24.253+0000] {dagbag.py:545} INFO - Filling up the DagBag from /home/airflow/.local/lib/python3.12/site-packages/airflow/example_dags/example_complex.py
[2024-06-16T12:23:24.287+0000] {processor.py:840} INFO - DAG(s) 'example_complex' retrieved from /home/airflow/.local/lib/python3.12/site-packages/airflow/example_dags/example_complex.py
[2024-06-16T12:23:24.380+0000] {logging_mixin.py:188} INFO - [2024-06-16T12:23:24.379+0000] {dag.py:3096} INFO - Sync 1 DAGs
[2024-06-16T12:23:24.427+0000] {logging_mixin.py:188} INFO - [2024-06-16T12:23:24.427+0000] {dag.py:3954} INFO - Setting next_dagrun for example_complex to None, run_after=None
[2024-06-16T12:23:24.472+0000] {processor.py:183} INFO - Processing /home/airflow/.local/lib/python3.12/site-packages/airflow/example_dags/example_complex.py took 0.238 seconds
[2024-06-16T12:23:55.254+0000] {processor.py:161} INFO - Started process (PID=386) to work on /home/airflow/.local/lib/python3.12/site-packages/airflow/example_dags/example_complex.py
[2024-06-16T12:23:55.255+0000] {processor.py:830} INFO - Processing file /home/airflow/.local/lib/python3.12/site-packages/airflow/example_dags/example_complex.py for tasks to queue
[2024-06-16T12:23:55.261+0000] {logging_mixin.py:188} INFO - [2024-06-16T12:23:55.261+0000] {dagbag.py:545} INFO - Filling up the DagBag from /home/airflow/.local/lib/python3.12/site-packages/airflow/example_dags/example_complex.py
[2024-06-16T12:23:55.323+0000] {processor.py:840} INFO - DAG(s) 'example_complex' retrieved from /home/airflow/.local/lib/python3.12/site-packages/airflow/example_dags/example_complex.py
[2024-06-16T12:23:55.441+0000] {logging_mixin.py:188} INFO - [2024-06-16T12:23:55.441+0000] {dag.py:3096} INFO - Sync 1 DAGs
[2024-06-16T12:23:55.479+0000] {logging_mixin.py:188} INFO - [2024-06-16T12:23:55.478+0000] {dag.py:3954} INFO - Setting next_dagrun for example_complex to None, run_after=None
[2024-06-16T12:23:55.520+0000] {processor.py:183} INFO - Processing /home/airflow/.local/lib/python3.12/site-packages/airflow/example_dags/example_complex.py took 0.281 seconds
[2024-06-16T12:24:26.382+0000] {processor.py:161} INFO - Started process (PID=445) to work on /home/airflow/.local/lib/python3.12/site-packages/airflow/example_dags/example_complex.py
[2024-06-16T12:24:26.385+0000] {processor.py:830} INFO - Processing file /home/airflow/.local/lib/python3.12/site-packages/airflow/example_dags/example_complex.py for tasks to queue
[2024-06-16T12:24:26.398+0000] {logging_mixin.py:188} INFO - [2024-06-16T12:24:26.397+0000] {dagbag.py:545} INFO - Filling up the DagBag from /home/airflow/.local/lib/python3.12/site-packages/airflow/example_dags/example_complex.py
[2024-06-16T12:24:26.426+0000] {processor.py:840} INFO - DAG(s) 'example_complex' retrieved from /home/airflow/.local/lib/python3.12/site-packages/airflow/example_dags/example_complex.py
[2024-06-16T12:24:26.534+0000] {logging_mixin.py:188} INFO - [2024-06-16T12:24:26.533+0000] {dag.py:3096} INFO - Sync 1 DAGs
[2024-06-16T12:24:26.573+0000] {logging_mixin.py:188} INFO - [2024-06-16T12:24:26.572+0000] {dag.py:3954} INFO - Setting next_dagrun for example_complex to None, run_after=None
[2024-06-16T12:24:26.628+0000] {processor.py:183} INFO - Processing /home/airflow/.local/lib/python3.12/site-packages/airflow/example_dags/example_complex.py took 0.264 seconds
[2024-06-16T12:45:12.379+0000] {processor.py:161} INFO - Started process (PID=88) to work on /home/airflow/.local/lib/python3.12/site-packages/airflow/example_dags/example_complex.py
[2024-06-16T12:45:12.380+0000] {processor.py:830} INFO - Processing file /home/airflow/.local/lib/python3.12/site-packages/airflow/example_dags/example_complex.py for tasks to queue
[2024-06-16T12:45:12.387+0000] {logging_mixin.py:188} INFO - [2024-06-16T12:45:12.386+0000] {dagbag.py:545} INFO - Filling up the DagBag from /home/airflow/.local/lib/python3.12/site-packages/airflow/example_dags/example_complex.py
[2024-06-16T12:45:12.424+0000] {processor.py:840} INFO - DAG(s) 'example_complex' retrieved from /home/airflow/.local/lib/python3.12/site-packages/airflow/example_dags/example_complex.py
[2024-06-16T12:45:12.721+0000] {logging_mixin.py:188} INFO - [2024-06-16T12:45:12.716+0000] {override.py:1829} INFO - Created Permission View: can read on DAG:example_complex
[2024-06-16T12:45:12.742+0000] {logging_mixin.py:188} INFO - [2024-06-16T12:45:12.742+0000] {override.py:1829} INFO - Created Permission View: can delete on DAG:example_complex
[2024-06-16T12:45:12.755+0000] {logging_mixin.py:188} INFO - [2024-06-16T12:45:12.755+0000] {override.py:1829} INFO - Created Permission View: can edit on DAG:example_complex
[2024-06-16T12:45:12.756+0000] {logging_mixin.py:188} INFO - [2024-06-16T12:45:12.756+0000] {dag.py:3096} INFO - Sync 1 DAGs
[2024-06-16T12:45:12.781+0000] {logging_mixin.py:188} INFO - [2024-06-16T12:45:12.781+0000] {dag.py:3118} INFO - Creating ORM DAG for example_complex
[2024-06-16T12:45:12.782+0000] {logging_mixin.py:188} INFO - [2024-06-16T12:45:12.782+0000] {dag.py:3954} INFO - Setting next_dagrun for example_complex to None, run_after=None
[2024-06-16T12:45:12.823+0000] {processor.py:183} INFO - Processing /home/airflow/.local/lib/python3.12/site-packages/airflow/example_dags/example_complex.py took 0.455 seconds
[2024-06-16T12:45:43.106+0000] {processor.py:161} INFO - Started process (PID=147) to work on /home/airflow/.local/lib/python3.12/site-packages/airflow/example_dags/example_complex.py
[2024-06-16T12:45:43.107+0000] {processor.py:830} INFO - Processing file /home/airflow/.local/lib/python3.12/site-packages/airflow/example_dags/example_complex.py for tasks to queue
[2024-06-16T12:45:43.109+0000] {logging_mixin.py:188} INFO - [2024-06-16T12:45:43.108+0000] {dagbag.py:545} INFO - Filling up the DagBag from /home/airflow/.local/lib/python3.12/site-packages/airflow/example_dags/example_complex.py
[2024-06-16T12:45:43.124+0000] {processor.py:840} INFO - DAG(s) 'example_complex' retrieved from /home/airflow/.local/lib/python3.12/site-packages/airflow/example_dags/example_complex.py
[2024-06-16T12:45:43.168+0000] {logging_mixin.py:188} INFO - [2024-06-16T12:45:43.168+0000] {dag.py:3096} INFO - Sync 1 DAGs
[2024-06-16T12:45:43.184+0000] {logging_mixin.py:188} INFO - [2024-06-16T12:45:43.184+0000] {dag.py:3954} INFO - Setting next_dagrun for example_complex to None, run_after=None
[2024-06-16T12:45:43.208+0000] {processor.py:183} INFO - Processing /home/airflow/.local/lib/python3.12/site-packages/airflow/example_dags/example_complex.py took 0.107 seconds
[2024-06-16T12:46:13.494+0000] {processor.py:161} INFO - Started process (PID=206) to work on /home/airflow/.local/lib/python3.12/site-packages/airflow/example_dags/example_complex.py
[2024-06-16T12:46:13.496+0000] {processor.py:830} INFO - Processing file /home/airflow/.local/lib/python3.12/site-packages/airflow/example_dags/example_complex.py for tasks to queue
[2024-06-16T12:46:13.499+0000] {logging_mixin.py:188} INFO - [2024-06-16T12:46:13.498+0000] {dagbag.py:545} INFO - Filling up the DagBag from /home/airflow/.local/lib/python3.12/site-packages/airflow/example_dags/example_complex.py
[2024-06-16T12:46:13.514+0000] {processor.py:840} INFO - DAG(s) 'example_complex' retrieved from /home/airflow/.local/lib/python3.12/site-packages/airflow/example_dags/example_complex.py
[2024-06-16T12:46:13.563+0000] {logging_mixin.py:188} INFO - [2024-06-16T12:46:13.563+0000] {dag.py:3096} INFO - Sync 1 DAGs
[2024-06-16T12:46:13.584+0000] {logging_mixin.py:188} INFO - [2024-06-16T12:46:13.584+0000] {dag.py:3954} INFO - Setting next_dagrun for example_complex to None, run_after=None
[2024-06-16T12:46:13.610+0000] {processor.py:183} INFO - Processing /home/airflow/.local/lib/python3.12/site-packages/airflow/example_dags/example_complex.py took 0.126 seconds
[2024-06-16T12:47:26.635+0000] {processor.py:161} INFO - Started process (PID=273) to work on /home/airflow/.local/lib/python3.12/site-packages/airflow/example_dags/example_complex.py
[2024-06-16T12:47:26.637+0000] {processor.py:830} INFO - Processing file /home/airflow/.local/lib/python3.12/site-packages/airflow/example_dags/example_complex.py for tasks to queue
[2024-06-16T12:47:26.641+0000] {logging_mixin.py:188} INFO - [2024-06-16T12:47:26.641+0000] {dagbag.py:545} INFO - Filling up the DagBag from /home/airflow/.local/lib/python3.12/site-packages/airflow/example_dags/example_complex.py
[2024-06-16T12:47:26.676+0000] {processor.py:840} INFO - DAG(s) 'example_complex' retrieved from /home/airflow/.local/lib/python3.12/site-packages/airflow/example_dags/example_complex.py
[2024-06-16T12:47:26.754+0000] {logging_mixin.py:188} INFO - [2024-06-16T12:47:26.753+0000] {dag.py:3096} INFO - Sync 1 DAGs
[2024-06-16T12:47:26.781+0000] {logging_mixin.py:188} INFO - [2024-06-16T12:47:26.781+0000] {dag.py:3954} INFO - Setting next_dagrun for example_complex to None, run_after=None
[2024-06-16T12:47:26.831+0000] {processor.py:183} INFO - Processing /home/airflow/.local/lib/python3.12/site-packages/airflow/example_dags/example_complex.py took 0.209 seconds
[2024-06-16T12:47:57.295+0000] {processor.py:161} INFO - Started process (PID=332) to work on /home/airflow/.local/lib/python3.12/site-packages/airflow/example_dags/example_complex.py
[2024-06-16T12:47:57.297+0000] {processor.py:830} INFO - Processing file /home/airflow/.local/lib/python3.12/site-packages/airflow/example_dags/example_complex.py for tasks to queue
[2024-06-16T12:47:57.300+0000] {logging_mixin.py:188} INFO - [2024-06-16T12:47:57.300+0000] {dagbag.py:545} INFO - Filling up the DagBag from /home/airflow/.local/lib/python3.12/site-packages/airflow/example_dags/example_complex.py
[2024-06-16T12:47:57.327+0000] {processor.py:840} INFO - DAG(s) 'example_complex' retrieved from /home/airflow/.local/lib/python3.12/site-packages/airflow/example_dags/example_complex.py
[2024-06-16T12:47:57.394+0000] {logging_mixin.py:188} INFO - [2024-06-16T12:47:57.394+0000] {dag.py:3096} INFO - Sync 1 DAGs
[2024-06-16T12:47:57.414+0000] {logging_mixin.py:188} INFO - [2024-06-16T12:47:57.414+0000] {dag.py:3954} INFO - Setting next_dagrun for example_complex to None, run_after=None
[2024-06-16T12:47:57.444+0000] {processor.py:183} INFO - Processing /home/airflow/.local/lib/python3.12/site-packages/airflow/example_dags/example_complex.py took 0.161 seconds
[2024-06-16T12:48:28.219+0000] {processor.py:161} INFO - Started process (PID=392) to work on /home/airflow/.local/lib/python3.12/site-packages/airflow/example_dags/example_complex.py
[2024-06-16T12:48:28.223+0000] {processor.py:830} INFO - Processing file /home/airflow/.local/lib/python3.12/site-packages/airflow/example_dags/example_complex.py for tasks to queue
[2024-06-16T12:48:28.226+0000] {logging_mixin.py:188} INFO - [2024-06-16T12:48:28.225+0000] {dagbag.py:545} INFO - Filling up the DagBag from /home/airflow/.local/lib/python3.12/site-packages/airflow/example_dags/example_complex.py
[2024-06-16T12:48:28.269+0000] {processor.py:840} INFO - DAG(s) 'example_complex' retrieved from /home/airflow/.local/lib/python3.12/site-packages/airflow/example_dags/example_complex.py
[2024-06-16T12:48:28.428+0000] {logging_mixin.py:188} INFO - [2024-06-16T12:48:28.427+0000] {dag.py:3096} INFO - Sync 1 DAGs
[2024-06-16T12:48:28.462+0000] {logging_mixin.py:188} INFO - [2024-06-16T12:48:28.461+0000] {dag.py:3954} INFO - Setting next_dagrun for example_complex to None, run_after=None
[2024-06-16T12:48:28.532+0000] {processor.py:183} INFO - Processing /home/airflow/.local/lib/python3.12/site-packages/airflow/example_dags/example_complex.py took 0.328 seconds
[2024-06-16T12:49:11.691+0000] {processor.py:161} INFO - Started process (PID=457) to work on /home/airflow/.local/lib/python3.12/site-packages/airflow/example_dags/example_complex.py
[2024-06-16T12:49:11.692+0000] {processor.py:830} INFO - Processing file /home/airflow/.local/lib/python3.12/site-packages/airflow/example_dags/example_complex.py for tasks to queue
[2024-06-16T12:49:11.696+0000] {logging_mixin.py:188} INFO - [2024-06-16T12:49:11.695+0000] {dagbag.py:545} INFO - Filling up the DagBag from /home/airflow/.local/lib/python3.12/site-packages/airflow/example_dags/example_complex.py
[2024-06-16T12:49:11.719+0000] {processor.py:840} INFO - DAG(s) 'example_complex' retrieved from /home/airflow/.local/lib/python3.12/site-packages/airflow/example_dags/example_complex.py
[2024-06-16T12:49:11.817+0000] {logging_mixin.py:188} INFO - [2024-06-16T12:49:11.816+0000] {dag.py:3096} INFO - Sync 1 DAGs
[2024-06-16T12:49:11.846+0000] {logging_mixin.py:188} INFO - [2024-06-16T12:49:11.845+0000] {dag.py:3954} INFO - Setting next_dagrun for example_complex to None, run_after=None
[2024-06-16T12:49:11.887+0000] {processor.py:183} INFO - Processing /home/airflow/.local/lib/python3.12/site-packages/airflow/example_dags/example_complex.py took 0.208 seconds
[2024-06-16T12:50:03.028+0000] {processor.py:161} INFO - Started process (PID=531) to work on /home/airflow/.local/lib/python3.12/site-packages/airflow/example_dags/example_complex.py
[2024-06-16T12:50:03.032+0000] {processor.py:830} INFO - Processing file /home/airflow/.local/lib/python3.12/site-packages/airflow/example_dags/example_complex.py for tasks to queue
[2024-06-16T12:50:03.044+0000] {logging_mixin.py:188} INFO - [2024-06-16T12:50:03.041+0000] {dagbag.py:545} INFO - Filling up the DagBag from /home/airflow/.local/lib/python3.12/site-packages/airflow/example_dags/example_complex.py
[2024-06-16T12:50:03.133+0000] {processor.py:840} INFO - DAG(s) 'example_complex' retrieved from /home/airflow/.local/lib/python3.12/site-packages/airflow/example_dags/example_complex.py
[2024-06-16T12:50:03.378+0000] {logging_mixin.py:188} INFO - [2024-06-16T12:50:03.377+0000] {dag.py:3096} INFO - Sync 1 DAGs
[2024-06-16T12:50:03.409+0000] {logging_mixin.py:188} INFO - [2024-06-16T12:50:03.409+0000] {dag.py:3954} INFO - Setting next_dagrun for example_complex to None, run_after=None
[2024-06-16T12:50:03.472+0000] {processor.py:183} INFO - Processing /home/airflow/.local/lib/python3.12/site-packages/airflow/example_dags/example_complex.py took 0.465 seconds
[2024-06-16T12:50:55.133+0000] {processor.py:161} INFO - Started process (PID=602) to work on /home/airflow/.local/lib/python3.12/site-packages/airflow/example_dags/example_complex.py
[2024-06-16T12:50:55.137+0000] {processor.py:830} INFO - Processing file /home/airflow/.local/lib/python3.12/site-packages/airflow/example_dags/example_complex.py for tasks to queue
[2024-06-16T12:50:55.146+0000] {logging_mixin.py:188} INFO - [2024-06-16T12:50:55.145+0000] {dagbag.py:545} INFO - Filling up the DagBag from /home/airflow/.local/lib/python3.12/site-packages/airflow/example_dags/example_complex.py
[2024-06-16T12:50:55.407+0000] {processor.py:840} INFO - DAG(s) 'example_complex' retrieved from /home/airflow/.local/lib/python3.12/site-packages/airflow/example_dags/example_complex.py
[2024-06-16T12:50:55.749+0000] {logging_mixin.py:188} INFO - [2024-06-16T12:50:55.749+0000] {dag.py:3096} INFO - Sync 1 DAGs
[2024-06-16T12:50:55.826+0000] {logging_mixin.py:188} INFO - [2024-06-16T12:50:55.825+0000] {dag.py:3954} INFO - Setting next_dagrun for example_complex to None, run_after=None
[2024-06-16T12:50:55.968+0000] {processor.py:183} INFO - Processing /home/airflow/.local/lib/python3.12/site-packages/airflow/example_dags/example_complex.py took 0.909 seconds
[2024-06-16T12:51:27.269+0000] {processor.py:161} INFO - Started process (PID=661) to work on /home/airflow/.local/lib/python3.12/site-packages/airflow/example_dags/example_complex.py
[2024-06-16T12:51:27.277+0000] {processor.py:830} INFO - Processing file /home/airflow/.local/lib/python3.12/site-packages/airflow/example_dags/example_complex.py for tasks to queue
[2024-06-16T12:51:27.285+0000] {logging_mixin.py:188} INFO - [2024-06-16T12:51:27.284+0000] {dagbag.py:545} INFO - Filling up the DagBag from /home/airflow/.local/lib/python3.12/site-packages/airflow/example_dags/example_complex.py
[2024-06-16T12:51:27.349+0000] {processor.py:840} INFO - DAG(s) 'example_complex' retrieved from /home/airflow/.local/lib/python3.12/site-packages/airflow/example_dags/example_complex.py
[2024-06-16T12:51:27.472+0000] {logging_mixin.py:188} INFO - [2024-06-16T12:51:27.472+0000] {dag.py:3096} INFO - Sync 1 DAGs
[2024-06-16T12:51:27.510+0000] {logging_mixin.py:188} INFO - [2024-06-16T12:51:27.510+0000] {dag.py:3954} INFO - Setting next_dagrun for example_complex to None, run_after=None
[2024-06-16T12:51:27.610+0000] {processor.py:183} INFO - Processing /home/airflow/.local/lib/python3.12/site-packages/airflow/example_dags/example_complex.py took 0.376 seconds
[2024-06-16T12:51:58.009+0000] {processor.py:161} INFO - Started process (PID=720) to work on /home/airflow/.local/lib/python3.12/site-packages/airflow/example_dags/example_complex.py
[2024-06-16T12:51:58.010+0000] {processor.py:830} INFO - Processing file /home/airflow/.local/lib/python3.12/site-packages/airflow/example_dags/example_complex.py for tasks to queue
[2024-06-16T12:51:58.013+0000] {logging_mixin.py:188} INFO - [2024-06-16T12:51:58.013+0000] {dagbag.py:545} INFO - Filling up the DagBag from /home/airflow/.local/lib/python3.12/site-packages/airflow/example_dags/example_complex.py
[2024-06-16T12:51:58.040+0000] {processor.py:840} INFO - DAG(s) 'example_complex' retrieved from /home/airflow/.local/lib/python3.12/site-packages/airflow/example_dags/example_complex.py
[2024-06-16T12:51:58.126+0000] {logging_mixin.py:188} INFO - [2024-06-16T12:51:58.126+0000] {dag.py:3096} INFO - Sync 1 DAGs
[2024-06-16T12:51:58.156+0000] {logging_mixin.py:188} INFO - [2024-06-16T12:51:58.155+0000] {dag.py:3954} INFO - Setting next_dagrun for example_complex to None, run_after=None
[2024-06-16T12:51:58.207+0000] {processor.py:183} INFO - Processing /home/airflow/.local/lib/python3.12/site-packages/airflow/example_dags/example_complex.py took 0.209 seconds
[2024-06-16T12:52:28.533+0000] {processor.py:161} INFO - Started process (PID=779) to work on /home/airflow/.local/lib/python3.12/site-packages/airflow/example_dags/example_complex.py
[2024-06-16T12:52:28.534+0000] {processor.py:830} INFO - Processing file /home/airflow/.local/lib/python3.12/site-packages/airflow/example_dags/example_complex.py for tasks to queue
[2024-06-16T12:52:28.537+0000] {logging_mixin.py:188} INFO - [2024-06-16T12:52:28.537+0000] {dagbag.py:545} INFO - Filling up the DagBag from /home/airflow/.local/lib/python3.12/site-packages/airflow/example_dags/example_complex.py
[2024-06-16T12:52:28.557+0000] {processor.py:840} INFO - DAG(s) 'example_complex' retrieved from /home/airflow/.local/lib/python3.12/site-packages/airflow/example_dags/example_complex.py
[2024-06-16T12:52:28.616+0000] {logging_mixin.py:188} INFO - [2024-06-16T12:52:28.616+0000] {dag.py:3096} INFO - Sync 1 DAGs
[2024-06-16T12:52:28.635+0000] {logging_mixin.py:188} INFO - [2024-06-16T12:52:28.634+0000] {dag.py:3954} INFO - Setting next_dagrun for example_complex to None, run_after=None
[2024-06-16T12:52:28.661+0000] {processor.py:183} INFO - Processing /home/airflow/.local/lib/python3.12/site-packages/airflow/example_dags/example_complex.py took 0.136 seconds
[2024-06-16T12:52:59.032+0000] {processor.py:161} INFO - Started process (PID=839) to work on /home/airflow/.local/lib/python3.12/site-packages/airflow/example_dags/example_complex.py
[2024-06-16T12:52:59.033+0000] {processor.py:830} INFO - Processing file /home/airflow/.local/lib/python3.12/site-packages/airflow/example_dags/example_complex.py for tasks to queue
[2024-06-16T12:52:59.034+0000] {logging_mixin.py:188} INFO - [2024-06-16T12:52:59.034+0000] {dagbag.py:545} INFO - Filling up the DagBag from /home/airflow/.local/lib/python3.12/site-packages/airflow/example_dags/example_complex.py
[2024-06-16T12:52:59.060+0000] {processor.py:840} INFO - DAG(s) 'example_complex' retrieved from /home/airflow/.local/lib/python3.12/site-packages/airflow/example_dags/example_complex.py
[2024-06-16T12:52:59.149+0000] {logging_mixin.py:188} INFO - [2024-06-16T12:52:59.149+0000] {dag.py:3096} INFO - Sync 1 DAGs
[2024-06-16T12:52:59.170+0000] {logging_mixin.py:188} INFO - [2024-06-16T12:52:59.169+0000] {dag.py:3954} INFO - Setting next_dagrun for example_complex to None, run_after=None
[2024-06-16T12:52:59.202+0000] {processor.py:183} INFO - Processing /home/airflow/.local/lib/python3.12/site-packages/airflow/example_dags/example_complex.py took 0.182 seconds
[2024-06-16T12:53:29.377+0000] {processor.py:161} INFO - Started process (PID=897) to work on /home/airflow/.local/lib/python3.12/site-packages/airflow/example_dags/example_complex.py
[2024-06-16T12:53:29.377+0000] {processor.py:830} INFO - Processing file /home/airflow/.local/lib/python3.12/site-packages/airflow/example_dags/example_complex.py for tasks to queue
[2024-06-16T12:53:29.378+0000] {logging_mixin.py:188} INFO - [2024-06-16T12:53:29.378+0000] {dagbag.py:545} INFO - Filling up the DagBag from /home/airflow/.local/lib/python3.12/site-packages/airflow/example_dags/example_complex.py
[2024-06-16T12:53:29.392+0000] {processor.py:840} INFO - DAG(s) 'example_complex' retrieved from /home/airflow/.local/lib/python3.12/site-packages/airflow/example_dags/example_complex.py
[2024-06-16T12:53:29.448+0000] {logging_mixin.py:188} INFO - [2024-06-16T12:53:29.448+0000] {dag.py:3096} INFO - Sync 1 DAGs
[2024-06-16T12:53:29.470+0000] {logging_mixin.py:188} INFO - [2024-06-16T12:53:29.469+0000] {dag.py:3954} INFO - Setting next_dagrun for example_complex to None, run_after=None
[2024-06-16T12:53:29.497+0000] {processor.py:183} INFO - Processing /home/airflow/.local/lib/python3.12/site-packages/airflow/example_dags/example_complex.py took 0.128 seconds
[2024-06-16T12:53:59.886+0000] {processor.py:161} INFO - Started process (PID=956) to work on /home/airflow/.local/lib/python3.12/site-packages/airflow/example_dags/example_complex.py
[2024-06-16T12:53:59.887+0000] {processor.py:830} INFO - Processing file /home/airflow/.local/lib/python3.12/site-packages/airflow/example_dags/example_complex.py for tasks to queue
[2024-06-16T12:53:59.888+0000] {logging_mixin.py:188} INFO - [2024-06-16T12:53:59.888+0000] {dagbag.py:545} INFO - Filling up the DagBag from /home/airflow/.local/lib/python3.12/site-packages/airflow/example_dags/example_complex.py
[2024-06-16T12:53:59.903+0000] {processor.py:840} INFO - DAG(s) 'example_complex' retrieved from /home/airflow/.local/lib/python3.12/site-packages/airflow/example_dags/example_complex.py
[2024-06-16T12:53:59.951+0000] {logging_mixin.py:188} INFO - [2024-06-16T12:53:59.950+0000] {dag.py:3096} INFO - Sync 1 DAGs
[2024-06-16T12:53:59.971+0000] {logging_mixin.py:188} INFO - [2024-06-16T12:53:59.970+0000] {dag.py:3954} INFO - Setting next_dagrun for example_complex to None, run_after=None
[2024-06-16T12:53:59.997+0000] {processor.py:183} INFO - Processing /home/airflow/.local/lib/python3.12/site-packages/airflow/example_dags/example_complex.py took 0.119 seconds
[2024-06-16T12:54:31.234+0000] {processor.py:161} INFO - Started process (PID=1016) to work on /home/airflow/.local/lib/python3.12/site-packages/airflow/example_dags/example_complex.py
[2024-06-16T12:54:31.235+0000] {processor.py:830} INFO - Processing file /home/airflow/.local/lib/python3.12/site-packages/airflow/example_dags/example_complex.py for tasks to queue
[2024-06-16T12:54:31.237+0000] {logging_mixin.py:188} INFO - [2024-06-16T12:54:31.236+0000] {dagbag.py:545} INFO - Filling up the DagBag from /home/airflow/.local/lib/python3.12/site-packages/airflow/example_dags/example_complex.py
[2024-06-16T12:54:31.259+0000] {processor.py:840} INFO - DAG(s) 'example_complex' retrieved from /home/airflow/.local/lib/python3.12/site-packages/airflow/example_dags/example_complex.py
[2024-06-16T12:54:31.348+0000] {logging_mixin.py:188} INFO - [2024-06-16T12:54:31.347+0000] {dag.py:3096} INFO - Sync 1 DAGs
[2024-06-16T12:54:31.389+0000] {logging_mixin.py:188} INFO - [2024-06-16T12:54:31.389+0000] {dag.py:3954} INFO - Setting next_dagrun for example_complex to None, run_after=None
[2024-06-16T12:54:31.436+0000] {processor.py:183} INFO - Processing /home/airflow/.local/lib/python3.12/site-packages/airflow/example_dags/example_complex.py took 0.212 seconds
[2024-06-16T12:55:01.899+0000] {processor.py:161} INFO - Started process (PID=1075) to work on /home/airflow/.local/lib/python3.12/site-packages/airflow/example_dags/example_complex.py
[2024-06-16T12:55:01.900+0000] {processor.py:830} INFO - Processing file /home/airflow/.local/lib/python3.12/site-packages/airflow/example_dags/example_complex.py for tasks to queue
[2024-06-16T12:55:01.901+0000] {logging_mixin.py:188} INFO - [2024-06-16T12:55:01.901+0000] {dagbag.py:545} INFO - Filling up the DagBag from /home/airflow/.local/lib/python3.12/site-packages/airflow/example_dags/example_complex.py
[2024-06-16T12:55:01.922+0000] {processor.py:840} INFO - DAG(s) 'example_complex' retrieved from /home/airflow/.local/lib/python3.12/site-packages/airflow/example_dags/example_complex.py
[2024-06-16T12:55:01.995+0000] {logging_mixin.py:188} INFO - [2024-06-16T12:55:01.994+0000] {dag.py:3096} INFO - Sync 1 DAGs
[2024-06-16T12:55:02.020+0000] {logging_mixin.py:188} INFO - [2024-06-16T12:55:02.019+0000] {dag.py:3954} INFO - Setting next_dagrun for example_complex to None, run_after=None
[2024-06-16T12:55:02.054+0000] {processor.py:183} INFO - Processing /home/airflow/.local/lib/python3.12/site-packages/airflow/example_dags/example_complex.py took 0.162 seconds
[2024-06-16T12:55:32.116+0000] {processor.py:161} INFO - Started process (PID=1134) to work on /home/airflow/.local/lib/python3.12/site-packages/airflow/example_dags/example_complex.py
[2024-06-16T12:55:32.116+0000] {processor.py:830} INFO - Processing file /home/airflow/.local/lib/python3.12/site-packages/airflow/example_dags/example_complex.py for tasks to queue
[2024-06-16T12:55:32.117+0000] {logging_mixin.py:188} INFO - [2024-06-16T12:55:32.117+0000] {dagbag.py:545} INFO - Filling up the DagBag from /home/airflow/.local/lib/python3.12/site-packages/airflow/example_dags/example_complex.py
[2024-06-16T12:55:32.131+0000] {processor.py:840} INFO - DAG(s) 'example_complex' retrieved from /home/airflow/.local/lib/python3.12/site-packages/airflow/example_dags/example_complex.py
[2024-06-16T12:55:32.174+0000] {logging_mixin.py:188} INFO - [2024-06-16T12:55:32.174+0000] {dag.py:3096} INFO - Sync 1 DAGs
[2024-06-16T12:55:32.193+0000] {logging_mixin.py:188} INFO - [2024-06-16T12:55:32.192+0000] {dag.py:3954} INFO - Setting next_dagrun for example_complex to None, run_after=None
[2024-06-16T12:55:32.216+0000] {processor.py:183} INFO - Processing /home/airflow/.local/lib/python3.12/site-packages/airflow/example_dags/example_complex.py took 0.108 seconds
[2024-06-16T12:56:02.570+0000] {processor.py:161} INFO - Started process (PID=1192) to work on /home/airflow/.local/lib/python3.12/site-packages/airflow/example_dags/example_complex.py
[2024-06-16T12:56:02.570+0000] {processor.py:830} INFO - Processing file /home/airflow/.local/lib/python3.12/site-packages/airflow/example_dags/example_complex.py for tasks to queue
[2024-06-16T12:56:02.571+0000] {logging_mixin.py:188} INFO - [2024-06-16T12:56:02.571+0000] {dagbag.py:545} INFO - Filling up the DagBag from /home/airflow/.local/lib/python3.12/site-packages/airflow/example_dags/example_complex.py
[2024-06-16T12:56:02.587+0000] {processor.py:840} INFO - DAG(s) 'example_complex' retrieved from /home/airflow/.local/lib/python3.12/site-packages/airflow/example_dags/example_complex.py
[2024-06-16T12:56:02.638+0000] {logging_mixin.py:188} INFO - [2024-06-16T12:56:02.637+0000] {dag.py:3096} INFO - Sync 1 DAGs
[2024-06-16T12:56:02.655+0000] {logging_mixin.py:188} INFO - [2024-06-16T12:56:02.654+0000] {dag.py:3954} INFO - Setting next_dagrun for example_complex to None, run_after=None
[2024-06-16T12:56:02.679+0000] {processor.py:183} INFO - Processing /home/airflow/.local/lib/python3.12/site-packages/airflow/example_dags/example_complex.py took 0.118 seconds
[2024-06-16T12:56:33.151+0000] {processor.py:161} INFO - Started process (PID=1251) to work on /home/airflow/.local/lib/python3.12/site-packages/airflow/example_dags/example_complex.py
[2024-06-16T12:56:33.152+0000] {processor.py:830} INFO - Processing file /home/airflow/.local/lib/python3.12/site-packages/airflow/example_dags/example_complex.py for tasks to queue
[2024-06-16T12:56:33.153+0000] {logging_mixin.py:188} INFO - [2024-06-16T12:56:33.153+0000] {dagbag.py:545} INFO - Filling up the DagBag from /home/airflow/.local/lib/python3.12/site-packages/airflow/example_dags/example_complex.py
[2024-06-16T12:56:33.175+0000] {processor.py:840} INFO - DAG(s) 'example_complex' retrieved from /home/airflow/.local/lib/python3.12/site-packages/airflow/example_dags/example_complex.py
[2024-06-16T12:56:33.246+0000] {logging_mixin.py:188} INFO - [2024-06-16T12:56:33.246+0000] {dag.py:3096} INFO - Sync 1 DAGs
[2024-06-16T12:56:33.266+0000] {logging_mixin.py:188} INFO - [2024-06-16T12:56:33.266+0000] {dag.py:3954} INFO - Setting next_dagrun for example_complex to None, run_after=None
[2024-06-16T12:56:33.293+0000] {processor.py:183} INFO - Processing /home/airflow/.local/lib/python3.12/site-packages/airflow/example_dags/example_complex.py took 0.153 seconds
[2024-06-16T12:57:03.698+0000] {processor.py:161} INFO - Started process (PID=1310) to work on /home/airflow/.local/lib/python3.12/site-packages/airflow/example_dags/example_complex.py
[2024-06-16T12:57:03.699+0000] {processor.py:830} INFO - Processing file /home/airflow/.local/lib/python3.12/site-packages/airflow/example_dags/example_complex.py for tasks to queue
[2024-06-16T12:57:03.700+0000] {logging_mixin.py:188} INFO - [2024-06-16T12:57:03.700+0000] {dagbag.py:545} INFO - Filling up the DagBag from /home/airflow/.local/lib/python3.12/site-packages/airflow/example_dags/example_complex.py
[2024-06-16T12:57:03.716+0000] {processor.py:840} INFO - DAG(s) 'example_complex' retrieved from /home/airflow/.local/lib/python3.12/site-packages/airflow/example_dags/example_complex.py
[2024-06-16T12:57:03.765+0000] {logging_mixin.py:188} INFO - [2024-06-16T12:57:03.764+0000] {dag.py:3096} INFO - Sync 1 DAGs
[2024-06-16T12:57:03.782+0000] {logging_mixin.py:188} INFO - [2024-06-16T12:57:03.782+0000] {dag.py:3954} INFO - Setting next_dagrun for example_complex to None, run_after=None
[2024-06-16T12:57:03.806+0000] {processor.py:183} INFO - Processing /home/airflow/.local/lib/python3.12/site-packages/airflow/example_dags/example_complex.py took 0.114 seconds
[2024-06-16T12:57:34.704+0000] {processor.py:161} INFO - Started process (PID=1368) to work on /home/airflow/.local/lib/python3.12/site-packages/airflow/example_dags/example_complex.py
[2024-06-16T12:57:34.705+0000] {processor.py:830} INFO - Processing file /home/airflow/.local/lib/python3.12/site-packages/airflow/example_dags/example_complex.py for tasks to queue
[2024-06-16T12:57:34.707+0000] {logging_mixin.py:188} INFO - [2024-06-16T12:57:34.706+0000] {dagbag.py:545} INFO - Filling up the DagBag from /home/airflow/.local/lib/python3.12/site-packages/airflow/example_dags/example_complex.py
[2024-06-16T12:57:34.728+0000] {processor.py:840} INFO - DAG(s) 'example_complex' retrieved from /home/airflow/.local/lib/python3.12/site-packages/airflow/example_dags/example_complex.py
[2024-06-16T12:57:34.793+0000] {logging_mixin.py:188} INFO - [2024-06-16T12:57:34.792+0000] {dag.py:3096} INFO - Sync 1 DAGs
[2024-06-16T12:57:34.819+0000] {logging_mixin.py:188} INFO - [2024-06-16T12:57:34.819+0000] {dag.py:3954} INFO - Setting next_dagrun for example_complex to None, run_after=None
[2024-06-16T12:57:34.846+0000] {processor.py:183} INFO - Processing /home/airflow/.local/lib/python3.12/site-packages/airflow/example_dags/example_complex.py took 0.149 seconds
[2024-06-16T12:58:05.248+0000] {processor.py:161} INFO - Started process (PID=1427) to work on /home/airflow/.local/lib/python3.12/site-packages/airflow/example_dags/example_complex.py
[2024-06-16T12:58:05.249+0000] {processor.py:830} INFO - Processing file /home/airflow/.local/lib/python3.12/site-packages/airflow/example_dags/example_complex.py for tasks to queue
[2024-06-16T12:58:05.250+0000] {logging_mixin.py:188} INFO - [2024-06-16T12:58:05.249+0000] {dagbag.py:545} INFO - Filling up the DagBag from /home/airflow/.local/lib/python3.12/site-packages/airflow/example_dags/example_complex.py
[2024-06-16T12:58:05.262+0000] {processor.py:840} INFO - DAG(s) 'example_complex' retrieved from /home/airflow/.local/lib/python3.12/site-packages/airflow/example_dags/example_complex.py
[2024-06-16T12:58:05.301+0000] {logging_mixin.py:188} INFO - [2024-06-16T12:58:05.301+0000] {dag.py:3096} INFO - Sync 1 DAGs
[2024-06-16T12:58:05.316+0000] {logging_mixin.py:188} INFO - [2024-06-16T12:58:05.316+0000] {dag.py:3954} INFO - Setting next_dagrun for example_complex to None, run_after=None
[2024-06-16T12:58:05.337+0000] {processor.py:183} INFO - Processing /home/airflow/.local/lib/python3.12/site-packages/airflow/example_dags/example_complex.py took 0.095 seconds
[2024-06-16T12:58:35.980+0000] {processor.py:161} INFO - Started process (PID=1485) to work on /home/airflow/.local/lib/python3.12/site-packages/airflow/example_dags/example_complex.py
[2024-06-16T12:58:35.981+0000] {processor.py:830} INFO - Processing file /home/airflow/.local/lib/python3.12/site-packages/airflow/example_dags/example_complex.py for tasks to queue
[2024-06-16T12:58:35.983+0000] {logging_mixin.py:188} INFO - [2024-06-16T12:58:35.982+0000] {dagbag.py:545} INFO - Filling up the DagBag from /home/airflow/.local/lib/python3.12/site-packages/airflow/example_dags/example_complex.py
[2024-06-16T12:58:36.005+0000] {processor.py:840} INFO - DAG(s) 'example_complex' retrieved from /home/airflow/.local/lib/python3.12/site-packages/airflow/example_dags/example_complex.py
[2024-06-16T12:58:36.067+0000] {logging_mixin.py:188} INFO - [2024-06-16T12:58:36.067+0000] {dag.py:3096} INFO - Sync 1 DAGs
[2024-06-16T12:58:36.100+0000] {logging_mixin.py:188} INFO - [2024-06-16T12:58:36.100+0000] {dag.py:3954} INFO - Setting next_dagrun for example_complex to None, run_after=None
[2024-06-16T12:58:36.181+0000] {processor.py:183} INFO - Processing /home/airflow/.local/lib/python3.12/site-packages/airflow/example_dags/example_complex.py took 0.213 seconds
[2024-06-16T12:59:07.124+0000] {processor.py:161} INFO - Started process (PID=1553) to work on /home/airflow/.local/lib/python3.12/site-packages/airflow/example_dags/example_complex.py
[2024-06-16T12:59:07.125+0000] {processor.py:830} INFO - Processing file /home/airflow/.local/lib/python3.12/site-packages/airflow/example_dags/example_complex.py for tasks to queue
[2024-06-16T12:59:07.127+0000] {logging_mixin.py:188} INFO - [2024-06-16T12:59:07.126+0000] {dagbag.py:545} INFO - Filling up the DagBag from /home/airflow/.local/lib/python3.12/site-packages/airflow/example_dags/example_complex.py
[2024-06-16T12:59:07.148+0000] {processor.py:840} INFO - DAG(s) 'example_complex' retrieved from /home/airflow/.local/lib/python3.12/site-packages/airflow/example_dags/example_complex.py
[2024-06-16T12:59:07.205+0000] {logging_mixin.py:188} INFO - [2024-06-16T12:59:07.205+0000] {dag.py:3096} INFO - Sync 1 DAGs
[2024-06-16T12:59:07.226+0000] {logging_mixin.py:188} INFO - [2024-06-16T12:59:07.226+0000] {dag.py:3954} INFO - Setting next_dagrun for example_complex to None, run_after=None
[2024-06-16T12:59:07.258+0000] {processor.py:183} INFO - Processing /home/airflow/.local/lib/python3.12/site-packages/airflow/example_dags/example_complex.py took 0.144 seconds
[2024-06-16T12:59:37.686+0000] {processor.py:161} INFO - Started process (PID=1615) to work on /home/airflow/.local/lib/python3.12/site-packages/airflow/example_dags/example_complex.py
[2024-06-16T12:59:37.696+0000] {processor.py:830} INFO - Processing file /home/airflow/.local/lib/python3.12/site-packages/airflow/example_dags/example_complex.py for tasks to queue
[2024-06-16T12:59:37.697+0000] {logging_mixin.py:188} INFO - [2024-06-16T12:59:37.696+0000] {dagbag.py:545} INFO - Filling up the DagBag from /home/airflow/.local/lib/python3.12/site-packages/airflow/example_dags/example_complex.py
[2024-06-16T12:59:37.716+0000] {processor.py:840} INFO - DAG(s) 'example_complex' retrieved from /home/airflow/.local/lib/python3.12/site-packages/airflow/example_dags/example_complex.py
[2024-06-16T12:59:37.777+0000] {logging_mixin.py:188} INFO - [2024-06-16T12:59:37.776+0000] {dag.py:3096} INFO - Sync 1 DAGs
[2024-06-16T12:59:37.796+0000] {logging_mixin.py:188} INFO - [2024-06-16T12:59:37.796+0000] {dag.py:3954} INFO - Setting next_dagrun for example_complex to None, run_after=None
[2024-06-16T12:59:37.833+0000] {processor.py:183} INFO - Processing /home/airflow/.local/lib/python3.12/site-packages/airflow/example_dags/example_complex.py took 0.155 seconds
[2024-06-16T13:00:07.972+0000] {processor.py:161} INFO - Started process (PID=1676) to work on /home/airflow/.local/lib/python3.12/site-packages/airflow/example_dags/example_complex.py
[2024-06-16T13:00:07.973+0000] {processor.py:830} INFO - Processing file /home/airflow/.local/lib/python3.12/site-packages/airflow/example_dags/example_complex.py for tasks to queue
[2024-06-16T13:00:07.974+0000] {logging_mixin.py:188} INFO - [2024-06-16T13:00:07.973+0000] {dagbag.py:545} INFO - Filling up the DagBag from /home/airflow/.local/lib/python3.12/site-packages/airflow/example_dags/example_complex.py
[2024-06-16T13:00:07.986+0000] {processor.py:840} INFO - DAG(s) 'example_complex' retrieved from /home/airflow/.local/lib/python3.12/site-packages/airflow/example_dags/example_complex.py
[2024-06-16T13:00:08.041+0000] {logging_mixin.py:188} INFO - [2024-06-16T13:00:08.041+0000] {dag.py:3096} INFO - Sync 1 DAGs
[2024-06-16T13:00:08.061+0000] {logging_mixin.py:188} INFO - [2024-06-16T13:00:08.061+0000] {dag.py:3954} INFO - Setting next_dagrun for example_complex to None, run_after=None
[2024-06-16T13:00:08.088+0000] {processor.py:183} INFO - Processing /home/airflow/.local/lib/python3.12/site-packages/airflow/example_dags/example_complex.py took 0.122 seconds
[2024-06-16T13:00:38.949+0000] {processor.py:161} INFO - Started process (PID=1741) to work on /home/airflow/.local/lib/python3.12/site-packages/airflow/example_dags/example_complex.py
[2024-06-16T13:00:38.960+0000] {processor.py:830} INFO - Processing file /home/airflow/.local/lib/python3.12/site-packages/airflow/example_dags/example_complex.py for tasks to queue
[2024-06-16T13:00:38.961+0000] {logging_mixin.py:188} INFO - [2024-06-16T13:00:38.961+0000] {dagbag.py:545} INFO - Filling up the DagBag from /home/airflow/.local/lib/python3.12/site-packages/airflow/example_dags/example_complex.py
[2024-06-16T13:00:38.984+0000] {processor.py:840} INFO - DAG(s) 'example_complex' retrieved from /home/airflow/.local/lib/python3.12/site-packages/airflow/example_dags/example_complex.py
[2024-06-16T13:00:39.067+0000] {logging_mixin.py:188} INFO - [2024-06-16T13:00:39.066+0000] {dag.py:3096} INFO - Sync 1 DAGs
[2024-06-16T13:00:39.095+0000] {logging_mixin.py:188} INFO - [2024-06-16T13:00:39.094+0000] {dag.py:3954} INFO - Setting next_dagrun for example_complex to None, run_after=None
[2024-06-16T13:00:39.135+0000] {processor.py:183} INFO - Processing /home/airflow/.local/lib/python3.12/site-packages/airflow/example_dags/example_complex.py took 0.200 seconds
[2024-06-16T13:01:09.561+0000] {processor.py:161} INFO - Started process (PID=1798) to work on /home/airflow/.local/lib/python3.12/site-packages/airflow/example_dags/example_complex.py
[2024-06-16T13:01:09.561+0000] {processor.py:830} INFO - Processing file /home/airflow/.local/lib/python3.12/site-packages/airflow/example_dags/example_complex.py for tasks to queue
[2024-06-16T13:01:09.562+0000] {logging_mixin.py:188} INFO - [2024-06-16T13:01:09.562+0000] {dagbag.py:545} INFO - Filling up the DagBag from /home/airflow/.local/lib/python3.12/site-packages/airflow/example_dags/example_complex.py
[2024-06-16T13:01:09.576+0000] {processor.py:840} INFO - DAG(s) 'example_complex' retrieved from /home/airflow/.local/lib/python3.12/site-packages/airflow/example_dags/example_complex.py
[2024-06-16T13:01:09.616+0000] {logging_mixin.py:188} INFO - [2024-06-16T13:01:09.616+0000] {dag.py:3096} INFO - Sync 1 DAGs
[2024-06-16T13:01:09.630+0000] {logging_mixin.py:188} INFO - [2024-06-16T13:01:09.630+0000] {dag.py:3954} INFO - Setting next_dagrun for example_complex to None, run_after=None
[2024-06-16T13:01:09.654+0000] {processor.py:183} INFO - Processing /home/airflow/.local/lib/python3.12/site-packages/airflow/example_dags/example_complex.py took 0.102 seconds
[2024-06-16T13:01:41.026+0000] {processor.py:161} INFO - Started process (PID=1857) to work on /home/airflow/.local/lib/python3.12/site-packages/airflow/example_dags/example_complex.py
[2024-06-16T13:01:41.027+0000] {processor.py:830} INFO - Processing file /home/airflow/.local/lib/python3.12/site-packages/airflow/example_dags/example_complex.py for tasks to queue
[2024-06-16T13:01:41.029+0000] {logging_mixin.py:188} INFO - [2024-06-16T13:01:41.028+0000] {dagbag.py:545} INFO - Filling up the DagBag from /home/airflow/.local/lib/python3.12/site-packages/airflow/example_dags/example_complex.py
[2024-06-16T13:01:41.050+0000] {processor.py:840} INFO - DAG(s) 'example_complex' retrieved from /home/airflow/.local/lib/python3.12/site-packages/airflow/example_dags/example_complex.py
[2024-06-16T13:01:41.116+0000] {logging_mixin.py:188} INFO - [2024-06-16T13:01:41.116+0000] {dag.py:3096} INFO - Sync 1 DAGs
[2024-06-16T13:01:41.140+0000] {logging_mixin.py:188} INFO - [2024-06-16T13:01:41.139+0000] {dag.py:3954} INFO - Setting next_dagrun for example_complex to None, run_after=None
[2024-06-16T13:01:41.171+0000] {processor.py:183} INFO - Processing /home/airflow/.local/lib/python3.12/site-packages/airflow/example_dags/example_complex.py took 0.156 seconds
[2024-06-16T13:02:11.822+0000] {processor.py:161} INFO - Started process (PID=1916) to work on /home/airflow/.local/lib/python3.12/site-packages/airflow/example_dags/example_complex.py
[2024-06-16T13:02:11.822+0000] {processor.py:830} INFO - Processing file /home/airflow/.local/lib/python3.12/site-packages/airflow/example_dags/example_complex.py for tasks to queue
[2024-06-16T13:02:11.823+0000] {logging_mixin.py:188} INFO - [2024-06-16T13:02:11.823+0000] {dagbag.py:545} INFO - Filling up the DagBag from /home/airflow/.local/lib/python3.12/site-packages/airflow/example_dags/example_complex.py
[2024-06-16T13:02:11.836+0000] {processor.py:840} INFO - DAG(s) 'example_complex' retrieved from /home/airflow/.local/lib/python3.12/site-packages/airflow/example_dags/example_complex.py
[2024-06-16T13:02:11.882+0000] {logging_mixin.py:188} INFO - [2024-06-16T13:02:11.882+0000] {dag.py:3096} INFO - Sync 1 DAGs
[2024-06-16T13:02:11.898+0000] {logging_mixin.py:188} INFO - [2024-06-16T13:02:11.898+0000] {dag.py:3954} INFO - Setting next_dagrun for example_complex to None, run_after=None
[2024-06-16T13:02:11.922+0000] {processor.py:183} INFO - Processing /home/airflow/.local/lib/python3.12/site-packages/airflow/example_dags/example_complex.py took 0.106 seconds
[2024-06-16T13:02:42.201+0000] {processor.py:161} INFO - Started process (PID=1975) to work on /home/airflow/.local/lib/python3.12/site-packages/airflow/example_dags/example_complex.py
[2024-06-16T13:02:42.202+0000] {processor.py:830} INFO - Processing file /home/airflow/.local/lib/python3.12/site-packages/airflow/example_dags/example_complex.py for tasks to queue
[2024-06-16T13:02:42.203+0000] {logging_mixin.py:188} INFO - [2024-06-16T13:02:42.203+0000] {dagbag.py:545} INFO - Filling up the DagBag from /home/airflow/.local/lib/python3.12/site-packages/airflow/example_dags/example_complex.py
[2024-06-16T13:02:42.217+0000] {processor.py:840} INFO - DAG(s) 'example_complex' retrieved from /home/airflow/.local/lib/python3.12/site-packages/airflow/example_dags/example_complex.py
[2024-06-16T13:02:42.272+0000] {logging_mixin.py:188} INFO - [2024-06-16T13:02:42.272+0000] {dag.py:3096} INFO - Sync 1 DAGs
[2024-06-16T13:02:42.296+0000] {logging_mixin.py:188} INFO - [2024-06-16T13:02:42.296+0000] {dag.py:3954} INFO - Setting next_dagrun for example_complex to None, run_after=None
[2024-06-16T13:02:42.326+0000] {processor.py:183} INFO - Processing /home/airflow/.local/lib/python3.12/site-packages/airflow/example_dags/example_complex.py took 0.132 seconds
[2024-06-16T13:03:13.347+0000] {processor.py:161} INFO - Started process (PID=2034) to work on /home/airflow/.local/lib/python3.12/site-packages/airflow/example_dags/example_complex.py
[2024-06-16T13:03:13.349+0000] {processor.py:830} INFO - Processing file /home/airflow/.local/lib/python3.12/site-packages/airflow/example_dags/example_complex.py for tasks to queue
[2024-06-16T13:03:13.352+0000] {logging_mixin.py:188} INFO - [2024-06-16T13:03:13.350+0000] {dagbag.py:545} INFO - Filling up the DagBag from /home/airflow/.local/lib/python3.12/site-packages/airflow/example_dags/example_complex.py
[2024-06-16T13:03:13.374+0000] {processor.py:840} INFO - DAG(s) 'example_complex' retrieved from /home/airflow/.local/lib/python3.12/site-packages/airflow/example_dags/example_complex.py
[2024-06-16T13:03:13.435+0000] {logging_mixin.py:188} INFO - [2024-06-16T13:03:13.434+0000] {dag.py:3096} INFO - Sync 1 DAGs
[2024-06-16T13:03:13.457+0000] {logging_mixin.py:188} INFO - [2024-06-16T13:03:13.456+0000] {dag.py:3954} INFO - Setting next_dagrun for example_complex to None, run_after=None
[2024-06-16T13:03:13.485+0000] {processor.py:183} INFO - Processing /home/airflow/.local/lib/python3.12/site-packages/airflow/example_dags/example_complex.py took 0.149 seconds
[2024-06-16T13:03:44.426+0000] {processor.py:161} INFO - Started process (PID=2093) to work on /home/airflow/.local/lib/python3.12/site-packages/airflow/example_dags/example_complex.py
[2024-06-16T13:03:44.428+0000] {processor.py:830} INFO - Processing file /home/airflow/.local/lib/python3.12/site-packages/airflow/example_dags/example_complex.py for tasks to queue
[2024-06-16T13:03:44.429+0000] {logging_mixin.py:188} INFO - [2024-06-16T13:03:44.428+0000] {dagbag.py:545} INFO - Filling up the DagBag from /home/airflow/.local/lib/python3.12/site-packages/airflow/example_dags/example_complex.py
[2024-06-16T13:03:44.452+0000] {processor.py:840} INFO - DAG(s) 'example_complex' retrieved from /home/airflow/.local/lib/python3.12/site-packages/airflow/example_dags/example_complex.py
[2024-06-16T13:03:44.530+0000] {logging_mixin.py:188} INFO - [2024-06-16T13:03:44.530+0000] {dag.py:3096} INFO - Sync 1 DAGs
[2024-06-16T13:03:44.553+0000] {logging_mixin.py:188} INFO - [2024-06-16T13:03:44.553+0000] {dag.py:3954} INFO - Setting next_dagrun for example_complex to None, run_after=None
[2024-06-16T13:03:44.600+0000] {processor.py:183} INFO - Processing /home/airflow/.local/lib/python3.12/site-packages/airflow/example_dags/example_complex.py took 0.186 seconds
[2024-06-16T13:04:15.303+0000] {processor.py:161} INFO - Started process (PID=2155) to work on /home/airflow/.local/lib/python3.12/site-packages/airflow/example_dags/example_complex.py
[2024-06-16T13:04:15.304+0000] {processor.py:830} INFO - Processing file /home/airflow/.local/lib/python3.12/site-packages/airflow/example_dags/example_complex.py for tasks to queue
[2024-06-16T13:04:15.305+0000] {logging_mixin.py:188} INFO - [2024-06-16T13:04:15.304+0000] {dagbag.py:545} INFO - Filling up the DagBag from /home/airflow/.local/lib/python3.12/site-packages/airflow/example_dags/example_complex.py
[2024-06-16T13:04:15.329+0000] {processor.py:840} INFO - DAG(s) 'example_complex' retrieved from /home/airflow/.local/lib/python3.12/site-packages/airflow/example_dags/example_complex.py
[2024-06-16T13:04:15.423+0000] {logging_mixin.py:188} INFO - [2024-06-16T13:04:15.422+0000] {dag.py:3096} INFO - Sync 1 DAGs
[2024-06-16T13:04:15.444+0000] {logging_mixin.py:188} INFO - [2024-06-16T13:04:15.444+0000] {dag.py:3954} INFO - Setting next_dagrun for example_complex to None, run_after=None
[2024-06-16T13:04:15.480+0000] {processor.py:183} INFO - Processing /home/airflow/.local/lib/python3.12/site-packages/airflow/example_dags/example_complex.py took 0.187 seconds
[2024-06-16T13:04:46.416+0000] {processor.py:161} INFO - Started process (PID=2215) to work on /home/airflow/.local/lib/python3.12/site-packages/airflow/example_dags/example_complex.py
[2024-06-16T13:04:46.417+0000] {processor.py:830} INFO - Processing file /home/airflow/.local/lib/python3.12/site-packages/airflow/example_dags/example_complex.py for tasks to queue
[2024-06-16T13:04:46.418+0000] {logging_mixin.py:188} INFO - [2024-06-16T13:04:46.418+0000] {dagbag.py:545} INFO - Filling up the DagBag from /home/airflow/.local/lib/python3.12/site-packages/airflow/example_dags/example_complex.py
[2024-06-16T13:04:46.439+0000] {processor.py:840} INFO - DAG(s) 'example_complex' retrieved from /home/airflow/.local/lib/python3.12/site-packages/airflow/example_dags/example_complex.py
[2024-06-16T13:04:46.493+0000] {logging_mixin.py:188} INFO - [2024-06-16T13:04:46.493+0000] {dag.py:3096} INFO - Sync 1 DAGs
[2024-06-16T13:04:46.691+0000] {logging_mixin.py:188} INFO - [2024-06-16T13:04:46.690+0000] {dag.py:3954} INFO - Setting next_dagrun for example_complex to None, run_after=None
[2024-06-16T13:04:46.723+0000] {processor.py:183} INFO - Processing /home/airflow/.local/lib/python3.12/site-packages/airflow/example_dags/example_complex.py took 0.317 seconds
[2024-06-16T13:05:17.637+0000] {processor.py:161} INFO - Started process (PID=2274) to work on /home/airflow/.local/lib/python3.12/site-packages/airflow/example_dags/example_complex.py
[2024-06-16T13:05:17.638+0000] {processor.py:830} INFO - Processing file /home/airflow/.local/lib/python3.12/site-packages/airflow/example_dags/example_complex.py for tasks to queue
[2024-06-16T13:05:17.640+0000] {logging_mixin.py:188} INFO - [2024-06-16T13:05:17.640+0000] {dagbag.py:545} INFO - Filling up the DagBag from /home/airflow/.local/lib/python3.12/site-packages/airflow/example_dags/example_complex.py
[2024-06-16T13:05:17.665+0000] {processor.py:840} INFO - DAG(s) 'example_complex' retrieved from /home/airflow/.local/lib/python3.12/site-packages/airflow/example_dags/example_complex.py
[2024-06-16T13:05:17.724+0000] {logging_mixin.py:188} INFO - [2024-06-16T13:05:17.723+0000] {dag.py:3096} INFO - Sync 1 DAGs
[2024-06-16T13:05:17.749+0000] {logging_mixin.py:188} INFO - [2024-06-16T13:05:17.749+0000] {dag.py:3954} INFO - Setting next_dagrun for example_complex to None, run_after=None
[2024-06-16T13:05:17.794+0000] {processor.py:183} INFO - Processing /home/airflow/.local/lib/python3.12/site-packages/airflow/example_dags/example_complex.py took 0.168 seconds
[2024-06-16T13:05:47.951+0000] {processor.py:161} INFO - Started process (PID=2333) to work on /home/airflow/.local/lib/python3.12/site-packages/airflow/example_dags/example_complex.py
[2024-06-16T13:05:47.952+0000] {processor.py:830} INFO - Processing file /home/airflow/.local/lib/python3.12/site-packages/airflow/example_dags/example_complex.py for tasks to queue
[2024-06-16T13:05:47.953+0000] {logging_mixin.py:188} INFO - [2024-06-16T13:05:47.952+0000] {dagbag.py:545} INFO - Filling up the DagBag from /home/airflow/.local/lib/python3.12/site-packages/airflow/example_dags/example_complex.py
[2024-06-16T13:05:47.970+0000] {processor.py:840} INFO - DAG(s) 'example_complex' retrieved from /home/airflow/.local/lib/python3.12/site-packages/airflow/example_dags/example_complex.py
[2024-06-16T13:05:48.026+0000] {logging_mixin.py:188} INFO - [2024-06-16T13:05:48.026+0000] {dag.py:3096} INFO - Sync 1 DAGs
[2024-06-16T13:05:48.047+0000] {logging_mixin.py:188} INFO - [2024-06-16T13:05:48.047+0000] {dag.py:3954} INFO - Setting next_dagrun for example_complex to None, run_after=None
[2024-06-16T13:05:48.077+0000] {processor.py:183} INFO - Processing /home/airflow/.local/lib/python3.12/site-packages/airflow/example_dags/example_complex.py took 0.134 seconds
[2024-06-16T13:06:19.486+0000] {processor.py:161} INFO - Started process (PID=2398) to work on /home/airflow/.local/lib/python3.12/site-packages/airflow/example_dags/example_complex.py
[2024-06-16T13:06:19.487+0000] {processor.py:830} INFO - Processing file /home/airflow/.local/lib/python3.12/site-packages/airflow/example_dags/example_complex.py for tasks to queue
[2024-06-16T13:06:19.488+0000] {logging_mixin.py:188} INFO - [2024-06-16T13:06:19.488+0000] {dagbag.py:545} INFO - Filling up the DagBag from /home/airflow/.local/lib/python3.12/site-packages/airflow/example_dags/example_complex.py
[2024-06-16T13:06:19.509+0000] {processor.py:840} INFO - DAG(s) 'example_complex' retrieved from /home/airflow/.local/lib/python3.12/site-packages/airflow/example_dags/example_complex.py
[2024-06-16T13:06:19.587+0000] {logging_mixin.py:188} INFO - [2024-06-16T13:06:19.587+0000] {dag.py:3096} INFO - Sync 1 DAGs
[2024-06-16T13:06:19.772+0000] {logging_mixin.py:188} INFO - [2024-06-16T13:06:19.772+0000] {dag.py:3954} INFO - Setting next_dagrun for example_complex to None, run_after=None
[2024-06-16T13:06:19.803+0000] {processor.py:183} INFO - Processing /home/airflow/.local/lib/python3.12/site-packages/airflow/example_dags/example_complex.py took 0.324 seconds
