[2024-06-16T12:21:18.410+0000] {processor.py:161} INFO - Started process (PID=88) to work on /home/airflow/.local/lib/python3.12/site-packages/airflow/example_dags/example_python_decorator.py
[2024-06-16T12:21:18.412+0000] {processor.py:830} INFO - Processing file /home/airflow/.local/lib/python3.12/site-packages/airflow/example_dags/example_python_decorator.py for tasks to queue
[2024-06-16T12:21:18.415+0000] {logging_mixin.py:188} INFO - [2024-06-16T12:21:18.414+0000] {dagbag.py:545} INFO - Filling up the DagBag from /home/airflow/.local/lib/python3.12/site-packages/airflow/example_dags/example_python_decorator.py
[2024-06-16T12:21:18.443+0000] {processor.py:840} INFO - DAG(s) 'example_python_decorator' retrieved from /home/airflow/.local/lib/python3.12/site-packages/airflow/example_dags/example_python_decorator.py
[2024-06-16T12:21:18.779+0000] {logging_mixin.py:188} INFO - [2024-06-16T12:21:18.776+0000] {override.py:1829} INFO - Created Permission View: can edit on DAG:example_python_decorator
[2024-06-16T12:21:18.844+0000] {logging_mixin.py:188} INFO - [2024-06-16T12:21:18.842+0000] {override.py:1829} INFO - Created Permission View: can delete on DAG:example_python_decorator
[2024-06-16T12:21:18.863+0000] {logging_mixin.py:188} INFO - [2024-06-16T12:21:18.862+0000] {override.py:1829} INFO - Created Permission View: can read on DAG:example_python_decorator
[2024-06-16T12:21:18.864+0000] {logging_mixin.py:188} INFO - [2024-06-16T12:21:18.863+0000] {dag.py:3096} INFO - Sync 1 DAGs
[2024-06-16T12:21:18.903+0000] {logging_mixin.py:188} INFO - [2024-06-16T12:21:18.901+0000] {dag.py:3118} INFO - Creating ORM DAG for example_python_decorator
[2024-06-16T12:21:18.904+0000] {logging_mixin.py:188} INFO - [2024-06-16T12:21:18.904+0000] {dag.py:3954} INFO - Setting next_dagrun for example_python_decorator to None, run_after=None
[2024-06-16T12:21:18.956+0000] {processor.py:183} INFO - Processing /home/airflow/.local/lib/python3.12/site-packages/airflow/example_dags/example_python_decorator.py took 0.562 seconds
[2024-06-16T12:21:49.165+0000] {processor.py:161} INFO - Started process (PID=146) to work on /home/airflow/.local/lib/python3.12/site-packages/airflow/example_dags/example_python_decorator.py
[2024-06-16T12:21:49.167+0000] {processor.py:830} INFO - Processing file /home/airflow/.local/lib/python3.12/site-packages/airflow/example_dags/example_python_decorator.py for tasks to queue
[2024-06-16T12:21:49.170+0000] {logging_mixin.py:188} INFO - [2024-06-16T12:21:49.170+0000] {dagbag.py:545} INFO - Filling up the DagBag from /home/airflow/.local/lib/python3.12/site-packages/airflow/example_dags/example_python_decorator.py
[2024-06-16T12:21:49.214+0000] {processor.py:840} INFO - DAG(s) 'example_python_decorator' retrieved from /home/airflow/.local/lib/python3.12/site-packages/airflow/example_dags/example_python_decorator.py
[2024-06-16T12:21:49.264+0000] {logging_mixin.py:188} INFO - [2024-06-16T12:21:49.264+0000] {dag.py:3096} INFO - Sync 1 DAGs
[2024-06-16T12:21:49.294+0000] {logging_mixin.py:188} INFO - [2024-06-16T12:21:49.294+0000] {dag.py:3954} INFO - Setting next_dagrun for example_python_decorator to None, run_after=None
[2024-06-16T12:21:49.352+0000] {processor.py:183} INFO - Processing /home/airflow/.local/lib/python3.12/site-packages/airflow/example_dags/example_python_decorator.py took 0.200 seconds
[2024-06-16T12:22:20.818+0000] {processor.py:161} INFO - Started process (PID=205) to work on /home/airflow/.local/lib/python3.12/site-packages/airflow/example_dags/example_python_decorator.py
[2024-06-16T12:22:20.830+0000] {processor.py:830} INFO - Processing file /home/airflow/.local/lib/python3.12/site-packages/airflow/example_dags/example_python_decorator.py for tasks to queue
[2024-06-16T12:22:20.839+0000] {logging_mixin.py:188} INFO - [2024-06-16T12:22:20.838+0000] {dagbag.py:545} INFO - Filling up the DagBag from /home/airflow/.local/lib/python3.12/site-packages/airflow/example_dags/example_python_decorator.py
[2024-06-16T12:22:20.899+0000] {processor.py:840} INFO - DAG(s) 'example_python_decorator' retrieved from /home/airflow/.local/lib/python3.12/site-packages/airflow/example_dags/example_python_decorator.py
[2024-06-16T12:22:21.016+0000] {logging_mixin.py:188} INFO - [2024-06-16T12:22:21.016+0000] {dag.py:3096} INFO - Sync 1 DAGs
[2024-06-16T12:22:21.059+0000] {logging_mixin.py:188} INFO - [2024-06-16T12:22:21.056+0000] {dag.py:3954} INFO - Setting next_dagrun for example_python_decorator to None, run_after=None
[2024-06-16T12:22:21.224+0000] {processor.py:183} INFO - Processing /home/airflow/.local/lib/python3.12/site-packages/airflow/example_dags/example_python_decorator.py took 0.455 seconds
[2024-06-16T12:22:51.830+0000] {processor.py:161} INFO - Started process (PID=264) to work on /home/airflow/.local/lib/python3.12/site-packages/airflow/example_dags/example_python_decorator.py
[2024-06-16T12:22:51.832+0000] {processor.py:830} INFO - Processing file /home/airflow/.local/lib/python3.12/site-packages/airflow/example_dags/example_python_decorator.py for tasks to queue
[2024-06-16T12:22:51.838+0000] {logging_mixin.py:188} INFO - [2024-06-16T12:22:51.836+0000] {dagbag.py:545} INFO - Filling up the DagBag from /home/airflow/.local/lib/python3.12/site-packages/airflow/example_dags/example_python_decorator.py
[2024-06-16T12:22:51.876+0000] {processor.py:840} INFO - DAG(s) 'example_python_decorator' retrieved from /home/airflow/.local/lib/python3.12/site-packages/airflow/example_dags/example_python_decorator.py
[2024-06-16T12:22:52.003+0000] {logging_mixin.py:188} INFO - [2024-06-16T12:22:52.001+0000] {dag.py:3096} INFO - Sync 1 DAGs
[2024-06-16T12:22:52.133+0000] {logging_mixin.py:188} INFO - [2024-06-16T12:22:52.132+0000] {dag.py:3954} INFO - Setting next_dagrun for example_python_decorator to None, run_after=None
[2024-06-16T12:22:52.290+0000] {processor.py:183} INFO - Processing /home/airflow/.local/lib/python3.12/site-packages/airflow/example_dags/example_python_decorator.py took 0.491 seconds
[2024-06-16T12:23:22.658+0000] {processor.py:161} INFO - Started process (PID=323) to work on /home/airflow/.local/lib/python3.12/site-packages/airflow/example_dags/example_python_decorator.py
[2024-06-16T12:23:22.671+0000] {processor.py:830} INFO - Processing file /home/airflow/.local/lib/python3.12/site-packages/airflow/example_dags/example_python_decorator.py for tasks to queue
[2024-06-16T12:23:22.674+0000] {logging_mixin.py:188} INFO - [2024-06-16T12:23:22.674+0000] {dagbag.py:545} INFO - Filling up the DagBag from /home/airflow/.local/lib/python3.12/site-packages/airflow/example_dags/example_python_decorator.py
[2024-06-16T12:23:22.758+0000] {processor.py:840} INFO - DAG(s) 'example_python_decorator' retrieved from /home/airflow/.local/lib/python3.12/site-packages/airflow/example_dags/example_python_decorator.py
[2024-06-16T12:23:22.894+0000] {logging_mixin.py:188} INFO - [2024-06-16T12:23:22.894+0000] {dag.py:3096} INFO - Sync 1 DAGs
[2024-06-16T12:23:22.934+0000] {logging_mixin.py:188} INFO - [2024-06-16T12:23:22.933+0000] {dag.py:3954} INFO - Setting next_dagrun for example_python_decorator to None, run_after=None
[2024-06-16T12:23:23.033+0000] {processor.py:183} INFO - Processing /home/airflow/.local/lib/python3.12/site-packages/airflow/example_dags/example_python_decorator.py took 0.409 seconds
[2024-06-16T12:23:53.704+0000] {processor.py:161} INFO - Started process (PID=382) to work on /home/airflow/.local/lib/python3.12/site-packages/airflow/example_dags/example_python_decorator.py
[2024-06-16T12:23:53.706+0000] {processor.py:830} INFO - Processing file /home/airflow/.local/lib/python3.12/site-packages/airflow/example_dags/example_python_decorator.py for tasks to queue
[2024-06-16T12:23:53.710+0000] {logging_mixin.py:188} INFO - [2024-06-16T12:23:53.709+0000] {dagbag.py:545} INFO - Filling up the DagBag from /home/airflow/.local/lib/python3.12/site-packages/airflow/example_dags/example_python_decorator.py
[2024-06-16T12:23:53.753+0000] {processor.py:840} INFO - DAG(s) 'example_python_decorator' retrieved from /home/airflow/.local/lib/python3.12/site-packages/airflow/example_dags/example_python_decorator.py
[2024-06-16T12:23:53.932+0000] {logging_mixin.py:188} INFO - [2024-06-16T12:23:53.931+0000] {dag.py:3096} INFO - Sync 1 DAGs
[2024-06-16T12:23:53.985+0000] {logging_mixin.py:188} INFO - [2024-06-16T12:23:53.984+0000] {dag.py:3954} INFO - Setting next_dagrun for example_python_decorator to None, run_after=None
[2024-06-16T12:23:54.051+0000] {processor.py:183} INFO - Processing /home/airflow/.local/lib/python3.12/site-packages/airflow/example_dags/example_python_decorator.py took 0.361 seconds
[2024-06-16T12:24:24.917+0000] {processor.py:161} INFO - Started process (PID=441) to work on /home/airflow/.local/lib/python3.12/site-packages/airflow/example_dags/example_python_decorator.py
[2024-06-16T12:24:24.918+0000] {processor.py:830} INFO - Processing file /home/airflow/.local/lib/python3.12/site-packages/airflow/example_dags/example_python_decorator.py for tasks to queue
[2024-06-16T12:24:24.921+0000] {logging_mixin.py:188} INFO - [2024-06-16T12:24:24.920+0000] {dagbag.py:545} INFO - Filling up the DagBag from /home/airflow/.local/lib/python3.12/site-packages/airflow/example_dags/example_python_decorator.py
[2024-06-16T12:24:24.949+0000] {processor.py:840} INFO - DAG(s) 'example_python_decorator' retrieved from /home/airflow/.local/lib/python3.12/site-packages/airflow/example_dags/example_python_decorator.py
[2024-06-16T12:24:24.991+0000] {logging_mixin.py:188} INFO - [2024-06-16T12:24:24.991+0000] {dag.py:3096} INFO - Sync 1 DAGs
[2024-06-16T12:24:25.010+0000] {logging_mixin.py:188} INFO - [2024-06-16T12:24:25.009+0000] {dag.py:3954} INFO - Setting next_dagrun for example_python_decorator to None, run_after=None
[2024-06-16T12:24:25.056+0000] {processor.py:183} INFO - Processing /home/airflow/.local/lib/python3.12/site-packages/airflow/example_dags/example_python_decorator.py took 0.150 seconds
[2024-06-16T12:45:11.708+0000] {processor.py:161} INFO - Started process (PID=86) to work on /home/airflow/.local/lib/python3.12/site-packages/airflow/example_dags/example_python_decorator.py
[2024-06-16T12:45:11.710+0000] {processor.py:830} INFO - Processing file /home/airflow/.local/lib/python3.12/site-packages/airflow/example_dags/example_python_decorator.py for tasks to queue
[2024-06-16T12:45:11.713+0000] {logging_mixin.py:188} INFO - [2024-06-16T12:45:11.712+0000] {dagbag.py:545} INFO - Filling up the DagBag from /home/airflow/.local/lib/python3.12/site-packages/airflow/example_dags/example_python_decorator.py
[2024-06-16T12:45:11.751+0000] {processor.py:840} INFO - DAG(s) 'example_python_decorator' retrieved from /home/airflow/.local/lib/python3.12/site-packages/airflow/example_dags/example_python_decorator.py
[2024-06-16T12:45:12.174+0000] {logging_mixin.py:188} INFO - [2024-06-16T12:45:12.171+0000] {override.py:1829} INFO - Created Permission View: can read on DAG:example_python_decorator
[2024-06-16T12:45:12.219+0000] {logging_mixin.py:188} INFO - [2024-06-16T12:45:12.218+0000] {override.py:1829} INFO - Created Permission View: can delete on DAG:example_python_decorator
[2024-06-16T12:45:12.241+0000] {logging_mixin.py:188} INFO - [2024-06-16T12:45:12.241+0000] {override.py:1829} INFO - Created Permission View: can edit on DAG:example_python_decorator
[2024-06-16T12:45:12.242+0000] {logging_mixin.py:188} INFO - [2024-06-16T12:45:12.242+0000] {dag.py:3096} INFO - Sync 1 DAGs
[2024-06-16T12:45:12.271+0000] {logging_mixin.py:188} INFO - [2024-06-16T12:45:12.270+0000] {dag.py:3118} INFO - Creating ORM DAG for example_python_decorator
[2024-06-16T12:45:12.272+0000] {logging_mixin.py:188} INFO - [2024-06-16T12:45:12.272+0000] {dag.py:3954} INFO - Setting next_dagrun for example_python_decorator to None, run_after=None
[2024-06-16T12:45:12.323+0000] {processor.py:183} INFO - Processing /home/airflow/.local/lib/python3.12/site-packages/airflow/example_dags/example_python_decorator.py took 0.630 seconds
[2024-06-16T12:45:42.981+0000] {processor.py:161} INFO - Started process (PID=145) to work on /home/airflow/.local/lib/python3.12/site-packages/airflow/example_dags/example_python_decorator.py
[2024-06-16T12:45:42.982+0000] {processor.py:830} INFO - Processing file /home/airflow/.local/lib/python3.12/site-packages/airflow/example_dags/example_python_decorator.py for tasks to queue
[2024-06-16T12:45:42.984+0000] {logging_mixin.py:188} INFO - [2024-06-16T12:45:42.983+0000] {dagbag.py:545} INFO - Filling up the DagBag from /home/airflow/.local/lib/python3.12/site-packages/airflow/example_dags/example_python_decorator.py
[2024-06-16T12:45:43.000+0000] {processor.py:840} INFO - DAG(s) 'example_python_decorator' retrieved from /home/airflow/.local/lib/python3.12/site-packages/airflow/example_dags/example_python_decorator.py
[2024-06-16T12:45:43.034+0000] {logging_mixin.py:188} INFO - [2024-06-16T12:45:43.033+0000] {dag.py:3096} INFO - Sync 1 DAGs
[2024-06-16T12:45:43.054+0000] {logging_mixin.py:188} INFO - [2024-06-16T12:45:43.054+0000] {dag.py:3954} INFO - Setting next_dagrun for example_python_decorator to None, run_after=None
[2024-06-16T12:45:43.081+0000] {processor.py:183} INFO - Processing /home/airflow/.local/lib/python3.12/site-packages/airflow/example_dags/example_python_decorator.py took 0.107 seconds
[2024-06-16T12:46:13.269+0000] {processor.py:161} INFO - Started process (PID=204) to work on /home/airflow/.local/lib/python3.12/site-packages/airflow/example_dags/example_python_decorator.py
[2024-06-16T12:46:13.270+0000] {processor.py:830} INFO - Processing file /home/airflow/.local/lib/python3.12/site-packages/airflow/example_dags/example_python_decorator.py for tasks to queue
[2024-06-16T12:46:13.273+0000] {logging_mixin.py:188} INFO - [2024-06-16T12:46:13.273+0000] {dagbag.py:545} INFO - Filling up the DagBag from /home/airflow/.local/lib/python3.12/site-packages/airflow/example_dags/example_python_decorator.py
[2024-06-16T12:46:13.298+0000] {processor.py:840} INFO - DAG(s) 'example_python_decorator' retrieved from /home/airflow/.local/lib/python3.12/site-packages/airflow/example_dags/example_python_decorator.py
[2024-06-16T12:46:13.343+0000] {logging_mixin.py:188} INFO - [2024-06-16T12:46:13.342+0000] {dag.py:3096} INFO - Sync 1 DAGs
[2024-06-16T12:46:13.399+0000] {logging_mixin.py:188} INFO - [2024-06-16T12:46:13.398+0000] {dag.py:3954} INFO - Setting next_dagrun for example_python_decorator to None, run_after=None
[2024-06-16T12:46:13.440+0000] {processor.py:183} INFO - Processing /home/airflow/.local/lib/python3.12/site-packages/airflow/example_dags/example_python_decorator.py took 0.184 seconds
[2024-06-16T12:47:26.332+0000] {processor.py:161} INFO - Started process (PID=271) to work on /home/airflow/.local/lib/python3.12/site-packages/airflow/example_dags/example_python_decorator.py
[2024-06-16T12:47:26.335+0000] {processor.py:830} INFO - Processing file /home/airflow/.local/lib/python3.12/site-packages/airflow/example_dags/example_python_decorator.py for tasks to queue
[2024-06-16T12:47:26.341+0000] {logging_mixin.py:188} INFO - [2024-06-16T12:47:26.341+0000] {dagbag.py:545} INFO - Filling up the DagBag from /home/airflow/.local/lib/python3.12/site-packages/airflow/example_dags/example_python_decorator.py
[2024-06-16T12:47:26.378+0000] {processor.py:840} INFO - DAG(s) 'example_python_decorator' retrieved from /home/airflow/.local/lib/python3.12/site-packages/airflow/example_dags/example_python_decorator.py
[2024-06-16T12:47:26.484+0000] {logging_mixin.py:188} INFO - [2024-06-16T12:47:26.484+0000] {dag.py:3096} INFO - Sync 1 DAGs
[2024-06-16T12:47:26.511+0000] {logging_mixin.py:188} INFO - [2024-06-16T12:47:26.510+0000] {dag.py:3954} INFO - Setting next_dagrun for example_python_decorator to None, run_after=None
[2024-06-16T12:47:26.557+0000] {processor.py:183} INFO - Processing /home/airflow/.local/lib/python3.12/site-packages/airflow/example_dags/example_python_decorator.py took 0.237 seconds
[2024-06-16T12:47:57.069+0000] {processor.py:161} INFO - Started process (PID=330) to work on /home/airflow/.local/lib/python3.12/site-packages/airflow/example_dags/example_python_decorator.py
[2024-06-16T12:47:57.072+0000] {processor.py:830} INFO - Processing file /home/airflow/.local/lib/python3.12/site-packages/airflow/example_dags/example_python_decorator.py for tasks to queue
[2024-06-16T12:47:57.075+0000] {logging_mixin.py:188} INFO - [2024-06-16T12:47:57.074+0000] {dagbag.py:545} INFO - Filling up the DagBag from /home/airflow/.local/lib/python3.12/site-packages/airflow/example_dags/example_python_decorator.py
[2024-06-16T12:47:57.106+0000] {processor.py:840} INFO - DAG(s) 'example_python_decorator' retrieved from /home/airflow/.local/lib/python3.12/site-packages/airflow/example_dags/example_python_decorator.py
[2024-06-16T12:47:57.162+0000] {logging_mixin.py:188} INFO - [2024-06-16T12:47:57.162+0000] {dag.py:3096} INFO - Sync 1 DAGs
[2024-06-16T12:47:57.191+0000] {logging_mixin.py:188} INFO - [2024-06-16T12:47:57.190+0000] {dag.py:3954} INFO - Setting next_dagrun for example_python_decorator to None, run_after=None
[2024-06-16T12:47:57.239+0000] {processor.py:183} INFO - Processing /home/airflow/.local/lib/python3.12/site-packages/airflow/example_dags/example_python_decorator.py took 0.179 seconds
[2024-06-16T12:48:27.811+0000] {processor.py:161} INFO - Started process (PID=389) to work on /home/airflow/.local/lib/python3.12/site-packages/airflow/example_dags/example_python_decorator.py
[2024-06-16T12:48:27.820+0000] {processor.py:830} INFO - Processing file /home/airflow/.local/lib/python3.12/site-packages/airflow/example_dags/example_python_decorator.py for tasks to queue
[2024-06-16T12:48:27.823+0000] {logging_mixin.py:188} INFO - [2024-06-16T12:48:27.822+0000] {dagbag.py:545} INFO - Filling up the DagBag from /home/airflow/.local/lib/python3.12/site-packages/airflow/example_dags/example_python_decorator.py
[2024-06-16T12:48:27.852+0000] {processor.py:840} INFO - DAG(s) 'example_python_decorator' retrieved from /home/airflow/.local/lib/python3.12/site-packages/airflow/example_dags/example_python_decorator.py
[2024-06-16T12:48:27.913+0000] {logging_mixin.py:188} INFO - [2024-06-16T12:48:27.912+0000] {dag.py:3096} INFO - Sync 1 DAGs
[2024-06-16T12:48:27.952+0000] {logging_mixin.py:188} INFO - [2024-06-16T12:48:27.951+0000] {dag.py:3954} INFO - Setting next_dagrun for example_python_decorator to None, run_after=None
[2024-06-16T12:48:28.012+0000] {processor.py:183} INFO - Processing /home/airflow/.local/lib/python3.12/site-packages/airflow/example_dags/example_python_decorator.py took 0.226 seconds
[2024-06-16T12:49:11.446+0000] {processor.py:161} INFO - Started process (PID=455) to work on /home/airflow/.local/lib/python3.12/site-packages/airflow/example_dags/example_python_decorator.py
[2024-06-16T12:49:11.447+0000] {processor.py:830} INFO - Processing file /home/airflow/.local/lib/python3.12/site-packages/airflow/example_dags/example_python_decorator.py for tasks to queue
[2024-06-16T12:49:11.451+0000] {logging_mixin.py:188} INFO - [2024-06-16T12:49:11.449+0000] {dagbag.py:545} INFO - Filling up the DagBag from /home/airflow/.local/lib/python3.12/site-packages/airflow/example_dags/example_python_decorator.py
[2024-06-16T12:49:11.488+0000] {processor.py:840} INFO - DAG(s) 'example_python_decorator' retrieved from /home/airflow/.local/lib/python3.12/site-packages/airflow/example_dags/example_python_decorator.py
[2024-06-16T12:49:11.569+0000] {logging_mixin.py:188} INFO - [2024-06-16T12:49:11.568+0000] {dag.py:3096} INFO - Sync 1 DAGs
[2024-06-16T12:49:11.598+0000] {logging_mixin.py:188} INFO - [2024-06-16T12:49:11.597+0000] {dag.py:3954} INFO - Setting next_dagrun for example_python_decorator to None, run_after=None
[2024-06-16T12:49:11.641+0000] {processor.py:183} INFO - Processing /home/airflow/.local/lib/python3.12/site-packages/airflow/example_dags/example_python_decorator.py took 0.213 seconds
[2024-06-16T12:50:02.637+0000] {processor.py:161} INFO - Started process (PID=529) to work on /home/airflow/.local/lib/python3.12/site-packages/airflow/example_dags/example_python_decorator.py
[2024-06-16T12:50:02.638+0000] {processor.py:830} INFO - Processing file /home/airflow/.local/lib/python3.12/site-packages/airflow/example_dags/example_python_decorator.py for tasks to queue
[2024-06-16T12:50:02.642+0000] {logging_mixin.py:188} INFO - [2024-06-16T12:50:02.641+0000] {dagbag.py:545} INFO - Filling up the DagBag from /home/airflow/.local/lib/python3.12/site-packages/airflow/example_dags/example_python_decorator.py
[2024-06-16T12:50:02.695+0000] {processor.py:840} INFO - DAG(s) 'example_python_decorator' retrieved from /home/airflow/.local/lib/python3.12/site-packages/airflow/example_dags/example_python_decorator.py
[2024-06-16T12:50:02.774+0000] {logging_mixin.py:188} INFO - [2024-06-16T12:50:02.772+0000] {dag.py:3096} INFO - Sync 1 DAGs
[2024-06-16T12:50:02.826+0000] {logging_mixin.py:188} INFO - [2024-06-16T12:50:02.825+0000] {dag.py:3954} INFO - Setting next_dagrun for example_python_decorator to None, run_after=None
[2024-06-16T12:50:02.887+0000] {processor.py:183} INFO - Processing /home/airflow/.local/lib/python3.12/site-packages/airflow/example_dags/example_python_decorator.py took 0.262 seconds
[2024-06-16T12:50:54.554+0000] {processor.py:161} INFO - Started process (PID=600) to work on /home/airflow/.local/lib/python3.12/site-packages/airflow/example_dags/example_python_decorator.py
[2024-06-16T12:50:54.557+0000] {processor.py:830} INFO - Processing file /home/airflow/.local/lib/python3.12/site-packages/airflow/example_dags/example_python_decorator.py for tasks to queue
[2024-06-16T12:50:54.582+0000] {logging_mixin.py:188} INFO - [2024-06-16T12:50:54.579+0000] {dagbag.py:545} INFO - Filling up the DagBag from /home/airflow/.local/lib/python3.12/site-packages/airflow/example_dags/example_python_decorator.py
[2024-06-16T12:50:54.620+0000] {processor.py:840} INFO - DAG(s) 'example_python_decorator' retrieved from /home/airflow/.local/lib/python3.12/site-packages/airflow/example_dags/example_python_decorator.py
[2024-06-16T12:50:54.773+0000] {logging_mixin.py:188} INFO - [2024-06-16T12:50:54.772+0000] {dag.py:3096} INFO - Sync 1 DAGs
[2024-06-16T12:50:54.913+0000] {logging_mixin.py:188} INFO - [2024-06-16T12:50:54.910+0000] {dag.py:3954} INFO - Setting next_dagrun for example_python_decorator to None, run_after=None
[2024-06-16T12:50:55.066+0000] {processor.py:183} INFO - Processing /home/airflow/.local/lib/python3.12/site-packages/airflow/example_dags/example_python_decorator.py took 0.541 seconds
[2024-06-16T12:51:26.943+0000] {processor.py:161} INFO - Started process (PID=659) to work on /home/airflow/.local/lib/python3.12/site-packages/airflow/example_dags/example_python_decorator.py
[2024-06-16T12:51:26.945+0000] {processor.py:830} INFO - Processing file /home/airflow/.local/lib/python3.12/site-packages/airflow/example_dags/example_python_decorator.py for tasks to queue
[2024-06-16T12:51:26.948+0000] {logging_mixin.py:188} INFO - [2024-06-16T12:51:26.948+0000] {dagbag.py:545} INFO - Filling up the DagBag from /home/airflow/.local/lib/python3.12/site-packages/airflow/example_dags/example_python_decorator.py
[2024-06-16T12:51:26.976+0000] {processor.py:840} INFO - DAG(s) 'example_python_decorator' retrieved from /home/airflow/.local/lib/python3.12/site-packages/airflow/example_dags/example_python_decorator.py
[2024-06-16T12:51:27.055+0000] {logging_mixin.py:188} INFO - [2024-06-16T12:51:27.054+0000] {dag.py:3096} INFO - Sync 1 DAGs
[2024-06-16T12:51:27.085+0000] {logging_mixin.py:188} INFO - [2024-06-16T12:51:27.085+0000] {dag.py:3954} INFO - Setting next_dagrun for example_python_decorator to None, run_after=None
[2024-06-16T12:51:27.166+0000] {processor.py:183} INFO - Processing /home/airflow/.local/lib/python3.12/site-packages/airflow/example_dags/example_python_decorator.py took 0.233 seconds
[2024-06-16T12:51:57.751+0000] {processor.py:161} INFO - Started process (PID=718) to work on /home/airflow/.local/lib/python3.12/site-packages/airflow/example_dags/example_python_decorator.py
[2024-06-16T12:51:57.752+0000] {processor.py:830} INFO - Processing file /home/airflow/.local/lib/python3.12/site-packages/airflow/example_dags/example_python_decorator.py for tasks to queue
[2024-06-16T12:51:57.754+0000] {logging_mixin.py:188} INFO - [2024-06-16T12:51:57.754+0000] {dagbag.py:545} INFO - Filling up the DagBag from /home/airflow/.local/lib/python3.12/site-packages/airflow/example_dags/example_python_decorator.py
[2024-06-16T12:51:57.773+0000] {processor.py:840} INFO - DAG(s) 'example_python_decorator' retrieved from /home/airflow/.local/lib/python3.12/site-packages/airflow/example_dags/example_python_decorator.py
[2024-06-16T12:51:57.806+0000] {logging_mixin.py:188} INFO - [2024-06-16T12:51:57.805+0000] {dag.py:3096} INFO - Sync 1 DAGs
[2024-06-16T12:51:57.825+0000] {logging_mixin.py:188} INFO - [2024-06-16T12:51:57.824+0000] {dag.py:3954} INFO - Setting next_dagrun for example_python_decorator to None, run_after=None
[2024-06-16T12:51:57.853+0000] {processor.py:183} INFO - Processing /home/airflow/.local/lib/python3.12/site-packages/airflow/example_dags/example_python_decorator.py took 0.110 seconds
[2024-06-16T12:52:28.388+0000] {processor.py:161} INFO - Started process (PID=777) to work on /home/airflow/.local/lib/python3.12/site-packages/airflow/example_dags/example_python_decorator.py
[2024-06-16T12:52:28.389+0000] {processor.py:830} INFO - Processing file /home/airflow/.local/lib/python3.12/site-packages/airflow/example_dags/example_python_decorator.py for tasks to queue
[2024-06-16T12:52:28.391+0000] {logging_mixin.py:188} INFO - [2024-06-16T12:52:28.391+0000] {dagbag.py:545} INFO - Filling up the DagBag from /home/airflow/.local/lib/python3.12/site-packages/airflow/example_dags/example_python_decorator.py
[2024-06-16T12:52:28.412+0000] {processor.py:840} INFO - DAG(s) 'example_python_decorator' retrieved from /home/airflow/.local/lib/python3.12/site-packages/airflow/example_dags/example_python_decorator.py
[2024-06-16T12:52:28.448+0000] {logging_mixin.py:188} INFO - [2024-06-16T12:52:28.447+0000] {dag.py:3096} INFO - Sync 1 DAGs
[2024-06-16T12:52:28.468+0000] {logging_mixin.py:188} INFO - [2024-06-16T12:52:28.467+0000] {dag.py:3954} INFO - Setting next_dagrun for example_python_decorator to None, run_after=None
[2024-06-16T12:52:28.497+0000] {processor.py:183} INFO - Processing /home/airflow/.local/lib/python3.12/site-packages/airflow/example_dags/example_python_decorator.py took 0.116 seconds
[2024-06-16T12:52:58.893+0000] {processor.py:161} INFO - Started process (PID=837) to work on /home/airflow/.local/lib/python3.12/site-packages/airflow/example_dags/example_python_decorator.py
[2024-06-16T12:52:58.894+0000] {processor.py:830} INFO - Processing file /home/airflow/.local/lib/python3.12/site-packages/airflow/example_dags/example_python_decorator.py for tasks to queue
[2024-06-16T12:52:58.895+0000] {logging_mixin.py:188} INFO - [2024-06-16T12:52:58.894+0000] {dagbag.py:545} INFO - Filling up the DagBag from /home/airflow/.local/lib/python3.12/site-packages/airflow/example_dags/example_python_decorator.py
[2024-06-16T12:52:58.914+0000] {processor.py:840} INFO - DAG(s) 'example_python_decorator' retrieved from /home/airflow/.local/lib/python3.12/site-packages/airflow/example_dags/example_python_decorator.py
[2024-06-16T12:52:58.940+0000] {logging_mixin.py:188} INFO - [2024-06-16T12:52:58.940+0000] {dag.py:3096} INFO - Sync 1 DAGs
[2024-06-16T12:52:58.958+0000] {logging_mixin.py:188} INFO - [2024-06-16T12:52:58.957+0000] {dag.py:3954} INFO - Setting next_dagrun for example_python_decorator to None, run_after=None
[2024-06-16T12:52:58.980+0000] {processor.py:183} INFO - Processing /home/airflow/.local/lib/python3.12/site-packages/airflow/example_dags/example_python_decorator.py took 0.098 seconds
[2024-06-16T12:53:29.234+0000] {processor.py:161} INFO - Started process (PID=895) to work on /home/airflow/.local/lib/python3.12/site-packages/airflow/example_dags/example_python_decorator.py
[2024-06-16T12:53:29.236+0000] {processor.py:830} INFO - Processing file /home/airflow/.local/lib/python3.12/site-packages/airflow/example_dags/example_python_decorator.py for tasks to queue
[2024-06-16T12:53:29.237+0000] {logging_mixin.py:188} INFO - [2024-06-16T12:53:29.236+0000] {dagbag.py:545} INFO - Filling up the DagBag from /home/airflow/.local/lib/python3.12/site-packages/airflow/example_dags/example_python_decorator.py
[2024-06-16T12:53:29.256+0000] {processor.py:840} INFO - DAG(s) 'example_python_decorator' retrieved from /home/airflow/.local/lib/python3.12/site-packages/airflow/example_dags/example_python_decorator.py
[2024-06-16T12:53:29.290+0000] {logging_mixin.py:188} INFO - [2024-06-16T12:53:29.290+0000] {dag.py:3096} INFO - Sync 1 DAGs
[2024-06-16T12:53:29.312+0000] {logging_mixin.py:188} INFO - [2024-06-16T12:53:29.312+0000] {dag.py:3954} INFO - Setting next_dagrun for example_python_decorator to None, run_after=None
[2024-06-16T12:53:29.344+0000] {processor.py:183} INFO - Processing /home/airflow/.local/lib/python3.12/site-packages/airflow/example_dags/example_python_decorator.py took 0.117 seconds
[2024-06-16T12:53:59.752+0000] {processor.py:161} INFO - Started process (PID=954) to work on /home/airflow/.local/lib/python3.12/site-packages/airflow/example_dags/example_python_decorator.py
[2024-06-16T12:53:59.753+0000] {processor.py:830} INFO - Processing file /home/airflow/.local/lib/python3.12/site-packages/airflow/example_dags/example_python_decorator.py for tasks to queue
[2024-06-16T12:53:59.754+0000] {logging_mixin.py:188} INFO - [2024-06-16T12:53:59.754+0000] {dagbag.py:545} INFO - Filling up the DagBag from /home/airflow/.local/lib/python3.12/site-packages/airflow/example_dags/example_python_decorator.py
[2024-06-16T12:53:59.772+0000] {processor.py:840} INFO - DAG(s) 'example_python_decorator' retrieved from /home/airflow/.local/lib/python3.12/site-packages/airflow/example_dags/example_python_decorator.py
[2024-06-16T12:53:59.802+0000] {logging_mixin.py:188} INFO - [2024-06-16T12:53:59.801+0000] {dag.py:3096} INFO - Sync 1 DAGs
[2024-06-16T12:53:59.821+0000] {logging_mixin.py:188} INFO - [2024-06-16T12:53:59.820+0000] {dag.py:3954} INFO - Setting next_dagrun for example_python_decorator to None, run_after=None
[2024-06-16T12:53:59.848+0000] {processor.py:183} INFO - Processing /home/airflow/.local/lib/python3.12/site-packages/airflow/example_dags/example_python_decorator.py took 0.102 seconds
[2024-06-16T12:54:31.031+0000] {processor.py:161} INFO - Started process (PID=1014) to work on /home/airflow/.local/lib/python3.12/site-packages/airflow/example_dags/example_python_decorator.py
[2024-06-16T12:54:31.033+0000] {processor.py:830} INFO - Processing file /home/airflow/.local/lib/python3.12/site-packages/airflow/example_dags/example_python_decorator.py for tasks to queue
[2024-06-16T12:54:31.035+0000] {logging_mixin.py:188} INFO - [2024-06-16T12:54:31.034+0000] {dagbag.py:545} INFO - Filling up the DagBag from /home/airflow/.local/lib/python3.12/site-packages/airflow/example_dags/example_python_decorator.py
[2024-06-16T12:54:31.065+0000] {processor.py:840} INFO - DAG(s) 'example_python_decorator' retrieved from /home/airflow/.local/lib/python3.12/site-packages/airflow/example_dags/example_python_decorator.py
[2024-06-16T12:54:31.112+0000] {logging_mixin.py:188} INFO - [2024-06-16T12:54:31.112+0000] {dag.py:3096} INFO - Sync 1 DAGs
[2024-06-16T12:54:31.139+0000] {logging_mixin.py:188} INFO - [2024-06-16T12:54:31.139+0000] {dag.py:3954} INFO - Setting next_dagrun for example_python_decorator to None, run_after=None
[2024-06-16T12:54:31.178+0000] {processor.py:183} INFO - Processing /home/airflow/.local/lib/python3.12/site-packages/airflow/example_dags/example_python_decorator.py took 0.161 seconds
[2024-06-16T12:55:01.722+0000] {processor.py:161} INFO - Started process (PID=1073) to work on /home/airflow/.local/lib/python3.12/site-packages/airflow/example_dags/example_python_decorator.py
[2024-06-16T12:55:01.723+0000] {processor.py:830} INFO - Processing file /home/airflow/.local/lib/python3.12/site-packages/airflow/example_dags/example_python_decorator.py for tasks to queue
[2024-06-16T12:55:01.724+0000] {logging_mixin.py:188} INFO - [2024-06-16T12:55:01.724+0000] {dagbag.py:545} INFO - Filling up the DagBag from /home/airflow/.local/lib/python3.12/site-packages/airflow/example_dags/example_python_decorator.py
[2024-06-16T12:55:01.748+0000] {processor.py:840} INFO - DAG(s) 'example_python_decorator' retrieved from /home/airflow/.local/lib/python3.12/site-packages/airflow/example_dags/example_python_decorator.py
[2024-06-16T12:55:01.793+0000] {logging_mixin.py:188} INFO - [2024-06-16T12:55:01.793+0000] {dag.py:3096} INFO - Sync 1 DAGs
[2024-06-16T12:55:01.819+0000] {logging_mixin.py:188} INFO - [2024-06-16T12:55:01.818+0000] {dag.py:3954} INFO - Setting next_dagrun for example_python_decorator to None, run_after=None
[2024-06-16T12:55:01.855+0000] {processor.py:183} INFO - Processing /home/airflow/.local/lib/python3.12/site-packages/airflow/example_dags/example_python_decorator.py took 0.144 seconds
[2024-06-16T12:55:31.986+0000] {processor.py:161} INFO - Started process (PID=1132) to work on /home/airflow/.local/lib/python3.12/site-packages/airflow/example_dags/example_python_decorator.py
[2024-06-16T12:55:31.987+0000] {processor.py:830} INFO - Processing file /home/airflow/.local/lib/python3.12/site-packages/airflow/example_dags/example_python_decorator.py for tasks to queue
[2024-06-16T12:55:31.988+0000] {logging_mixin.py:188} INFO - [2024-06-16T12:55:31.988+0000] {dagbag.py:545} INFO - Filling up the DagBag from /home/airflow/.local/lib/python3.12/site-packages/airflow/example_dags/example_python_decorator.py
[2024-06-16T12:55:32.014+0000] {processor.py:840} INFO - DAG(s) 'example_python_decorator' retrieved from /home/airflow/.local/lib/python3.12/site-packages/airflow/example_dags/example_python_decorator.py
[2024-06-16T12:55:32.045+0000] {logging_mixin.py:188} INFO - [2024-06-16T12:55:32.045+0000] {dag.py:3096} INFO - Sync 1 DAGs
[2024-06-16T12:55:32.063+0000] {logging_mixin.py:188} INFO - [2024-06-16T12:55:32.062+0000] {dag.py:3954} INFO - Setting next_dagrun for example_python_decorator to None, run_after=None
[2024-06-16T12:55:32.092+0000] {processor.py:183} INFO - Processing /home/airflow/.local/lib/python3.12/site-packages/airflow/example_dags/example_python_decorator.py took 0.115 seconds
[2024-06-16T12:56:02.417+0000] {processor.py:161} INFO - Started process (PID=1190) to work on /home/airflow/.local/lib/python3.12/site-packages/airflow/example_dags/example_python_decorator.py
[2024-06-16T12:56:02.418+0000] {processor.py:830} INFO - Processing file /home/airflow/.local/lib/python3.12/site-packages/airflow/example_dags/example_python_decorator.py for tasks to queue
[2024-06-16T12:56:02.419+0000] {logging_mixin.py:188} INFO - [2024-06-16T12:56:02.419+0000] {dagbag.py:545} INFO - Filling up the DagBag from /home/airflow/.local/lib/python3.12/site-packages/airflow/example_dags/example_python_decorator.py
[2024-06-16T12:56:02.442+0000] {processor.py:840} INFO - DAG(s) 'example_python_decorator' retrieved from /home/airflow/.local/lib/python3.12/site-packages/airflow/example_dags/example_python_decorator.py
[2024-06-16T12:56:02.477+0000] {logging_mixin.py:188} INFO - [2024-06-16T12:56:02.477+0000] {dag.py:3096} INFO - Sync 1 DAGs
[2024-06-16T12:56:02.500+0000] {logging_mixin.py:188} INFO - [2024-06-16T12:56:02.499+0000] {dag.py:3954} INFO - Setting next_dagrun for example_python_decorator to None, run_after=None
[2024-06-16T12:56:02.531+0000] {processor.py:183} INFO - Processing /home/airflow/.local/lib/python3.12/site-packages/airflow/example_dags/example_python_decorator.py took 0.124 seconds
[2024-06-16T12:56:32.960+0000] {processor.py:161} INFO - Started process (PID=1249) to work on /home/airflow/.local/lib/python3.12/site-packages/airflow/example_dags/example_python_decorator.py
[2024-06-16T12:56:32.962+0000] {processor.py:830} INFO - Processing file /home/airflow/.local/lib/python3.12/site-packages/airflow/example_dags/example_python_decorator.py for tasks to queue
[2024-06-16T12:56:32.964+0000] {logging_mixin.py:188} INFO - [2024-06-16T12:56:32.963+0000] {dagbag.py:545} INFO - Filling up the DagBag from /home/airflow/.local/lib/python3.12/site-packages/airflow/example_dags/example_python_decorator.py
[2024-06-16T12:56:33.002+0000] {processor.py:840} INFO - DAG(s) 'example_python_decorator' retrieved from /home/airflow/.local/lib/python3.12/site-packages/airflow/example_dags/example_python_decorator.py
[2024-06-16T12:56:33.043+0000] {logging_mixin.py:188} INFO - [2024-06-16T12:56:33.043+0000] {dag.py:3096} INFO - Sync 1 DAGs
[2024-06-16T12:56:33.063+0000] {logging_mixin.py:188} INFO - [2024-06-16T12:56:33.063+0000] {dag.py:3954} INFO - Setting next_dagrun for example_python_decorator to None, run_after=None
[2024-06-16T12:56:33.099+0000] {processor.py:183} INFO - Processing /home/airflow/.local/lib/python3.12/site-packages/airflow/example_dags/example_python_decorator.py took 0.156 seconds
[2024-06-16T12:57:03.486+0000] {processor.py:161} INFO - Started process (PID=1308) to work on /home/airflow/.local/lib/python3.12/site-packages/airflow/example_dags/example_python_decorator.py
[2024-06-16T12:57:03.487+0000] {processor.py:830} INFO - Processing file /home/airflow/.local/lib/python3.12/site-packages/airflow/example_dags/example_python_decorator.py for tasks to queue
[2024-06-16T12:57:03.488+0000] {logging_mixin.py:188} INFO - [2024-06-16T12:57:03.487+0000] {dagbag.py:545} INFO - Filling up the DagBag from /home/airflow/.local/lib/python3.12/site-packages/airflow/example_dags/example_python_decorator.py
[2024-06-16T12:57:03.506+0000] {processor.py:840} INFO - DAG(s) 'example_python_decorator' retrieved from /home/airflow/.local/lib/python3.12/site-packages/airflow/example_dags/example_python_decorator.py
[2024-06-16T12:57:03.536+0000] {logging_mixin.py:188} INFO - [2024-06-16T12:57:03.535+0000] {dag.py:3096} INFO - Sync 1 DAGs
[2024-06-16T12:57:03.552+0000] {logging_mixin.py:188} INFO - [2024-06-16T12:57:03.552+0000] {dag.py:3954} INFO - Setting next_dagrun for example_python_decorator to None, run_after=None
[2024-06-16T12:57:03.576+0000] {processor.py:183} INFO - Processing /home/airflow/.local/lib/python3.12/site-packages/airflow/example_dags/example_python_decorator.py took 0.097 seconds
[2024-06-16T12:57:34.565+0000] {processor.py:161} INFO - Started process (PID=1366) to work on /home/airflow/.local/lib/python3.12/site-packages/airflow/example_dags/example_python_decorator.py
[2024-06-16T12:57:34.566+0000] {processor.py:830} INFO - Processing file /home/airflow/.local/lib/python3.12/site-packages/airflow/example_dags/example_python_decorator.py for tasks to queue
[2024-06-16T12:57:34.567+0000] {logging_mixin.py:188} INFO - [2024-06-16T12:57:34.566+0000] {dagbag.py:545} INFO - Filling up the DagBag from /home/airflow/.local/lib/python3.12/site-packages/airflow/example_dags/example_python_decorator.py
[2024-06-16T12:57:34.587+0000] {processor.py:840} INFO - DAG(s) 'example_python_decorator' retrieved from /home/airflow/.local/lib/python3.12/site-packages/airflow/example_dags/example_python_decorator.py
[2024-06-16T12:57:34.623+0000] {logging_mixin.py:188} INFO - [2024-06-16T12:57:34.623+0000] {dag.py:3096} INFO - Sync 1 DAGs
[2024-06-16T12:57:34.640+0000] {logging_mixin.py:188} INFO - [2024-06-16T12:57:34.640+0000] {dag.py:3954} INFO - Setting next_dagrun for example_python_decorator to None, run_after=None
[2024-06-16T12:57:34.664+0000] {processor.py:183} INFO - Processing /home/airflow/.local/lib/python3.12/site-packages/airflow/example_dags/example_python_decorator.py took 0.109 seconds
[2024-06-16T12:58:05.106+0000] {processor.py:161} INFO - Started process (PID=1425) to work on /home/airflow/.local/lib/python3.12/site-packages/airflow/example_dags/example_python_decorator.py
[2024-06-16T12:58:05.108+0000] {processor.py:830} INFO - Processing file /home/airflow/.local/lib/python3.12/site-packages/airflow/example_dags/example_python_decorator.py for tasks to queue
[2024-06-16T12:58:05.109+0000] {logging_mixin.py:188} INFO - [2024-06-16T12:58:05.108+0000] {dagbag.py:545} INFO - Filling up the DagBag from /home/airflow/.local/lib/python3.12/site-packages/airflow/example_dags/example_python_decorator.py
[2024-06-16T12:58:05.130+0000] {processor.py:840} INFO - DAG(s) 'example_python_decorator' retrieved from /home/airflow/.local/lib/python3.12/site-packages/airflow/example_dags/example_python_decorator.py
[2024-06-16T12:58:05.163+0000] {logging_mixin.py:188} INFO - [2024-06-16T12:58:05.163+0000] {dag.py:3096} INFO - Sync 1 DAGs
[2024-06-16T12:58:05.186+0000] {logging_mixin.py:188} INFO - [2024-06-16T12:58:05.185+0000] {dag.py:3954} INFO - Setting next_dagrun for example_python_decorator to None, run_after=None
[2024-06-16T12:58:05.214+0000] {processor.py:183} INFO - Processing /home/airflow/.local/lib/python3.12/site-packages/airflow/example_dags/example_python_decorator.py took 0.115 seconds
[2024-06-16T12:58:35.776+0000] {processor.py:161} INFO - Started process (PID=1483) to work on /home/airflow/.local/lib/python3.12/site-packages/airflow/example_dags/example_python_decorator.py
[2024-06-16T12:58:35.778+0000] {processor.py:830} INFO - Processing file /home/airflow/.local/lib/python3.12/site-packages/airflow/example_dags/example_python_decorator.py for tasks to queue
[2024-06-16T12:58:35.779+0000] {logging_mixin.py:188} INFO - [2024-06-16T12:58:35.778+0000] {dagbag.py:545} INFO - Filling up the DagBag from /home/airflow/.local/lib/python3.12/site-packages/airflow/example_dags/example_python_decorator.py
[2024-06-16T12:58:35.811+0000] {processor.py:840} INFO - DAG(s) 'example_python_decorator' retrieved from /home/airflow/.local/lib/python3.12/site-packages/airflow/example_dags/example_python_decorator.py
[2024-06-16T12:58:35.858+0000] {logging_mixin.py:188} INFO - [2024-06-16T12:58:35.858+0000] {dag.py:3096} INFO - Sync 1 DAGs
[2024-06-16T12:58:35.888+0000] {logging_mixin.py:188} INFO - [2024-06-16T12:58:35.888+0000] {dag.py:3954} INFO - Setting next_dagrun for example_python_decorator to None, run_after=None
[2024-06-16T12:58:35.925+0000] {processor.py:183} INFO - Processing /home/airflow/.local/lib/python3.12/site-packages/airflow/example_dags/example_python_decorator.py took 0.164 seconds
[2024-06-16T12:59:05.977+0000] {processor.py:161} INFO - Started process (PID=1551) to work on /home/airflow/.local/lib/python3.12/site-packages/airflow/example_dags/example_python_decorator.py
[2024-06-16T12:59:05.977+0000] {processor.py:830} INFO - Processing file /home/airflow/.local/lib/python3.12/site-packages/airflow/example_dags/example_python_decorator.py for tasks to queue
[2024-06-16T12:59:05.978+0000] {logging_mixin.py:188} INFO - [2024-06-16T12:59:05.978+0000] {dagbag.py:545} INFO - Filling up the DagBag from /home/airflow/.local/lib/python3.12/site-packages/airflow/example_dags/example_python_decorator.py
[2024-06-16T12:59:05.997+0000] {processor.py:840} INFO - DAG(s) 'example_python_decorator' retrieved from /home/airflow/.local/lib/python3.12/site-packages/airflow/example_dags/example_python_decorator.py
[2024-06-16T12:59:06.031+0000] {logging_mixin.py:188} INFO - [2024-06-16T12:59:06.030+0000] {dag.py:3096} INFO - Sync 1 DAGs
[2024-06-16T12:59:06.049+0000] {logging_mixin.py:188} INFO - [2024-06-16T12:59:06.049+0000] {dag.py:3954} INFO - Setting next_dagrun for example_python_decorator to None, run_after=None
[2024-06-16T12:59:06.080+0000] {processor.py:183} INFO - Processing /home/airflow/.local/lib/python3.12/site-packages/airflow/example_dags/example_python_decorator.py took 0.113 seconds
[2024-06-16T12:59:36.510+0000] {processor.py:161} INFO - Started process (PID=1613) to work on /home/airflow/.local/lib/python3.12/site-packages/airflow/example_dags/example_python_decorator.py
[2024-06-16T12:59:36.511+0000] {processor.py:830} INFO - Processing file /home/airflow/.local/lib/python3.12/site-packages/airflow/example_dags/example_python_decorator.py for tasks to queue
[2024-06-16T12:59:36.512+0000] {logging_mixin.py:188} INFO - [2024-06-16T12:59:36.511+0000] {dagbag.py:545} INFO - Filling up the DagBag from /home/airflow/.local/lib/python3.12/site-packages/airflow/example_dags/example_python_decorator.py
[2024-06-16T12:59:36.530+0000] {processor.py:840} INFO - DAG(s) 'example_python_decorator' retrieved from /home/airflow/.local/lib/python3.12/site-packages/airflow/example_dags/example_python_decorator.py
[2024-06-16T12:59:36.559+0000] {logging_mixin.py:188} INFO - [2024-06-16T12:59:36.558+0000] {dag.py:3096} INFO - Sync 1 DAGs
[2024-06-16T12:59:36.583+0000] {logging_mixin.py:188} INFO - [2024-06-16T12:59:36.583+0000] {dag.py:3954} INFO - Setting next_dagrun for example_python_decorator to None, run_after=None
[2024-06-16T12:59:36.628+0000] {processor.py:183} INFO - Processing /home/airflow/.local/lib/python3.12/site-packages/airflow/example_dags/example_python_decorator.py took 0.125 seconds
[2024-06-16T13:00:06.950+0000] {processor.py:161} INFO - Started process (PID=1674) to work on /home/airflow/.local/lib/python3.12/site-packages/airflow/example_dags/example_python_decorator.py
[2024-06-16T13:00:06.951+0000] {processor.py:830} INFO - Processing file /home/airflow/.local/lib/python3.12/site-packages/airflow/example_dags/example_python_decorator.py for tasks to queue
[2024-06-16T13:00:06.952+0000] {logging_mixin.py:188} INFO - [2024-06-16T13:00:06.952+0000] {dagbag.py:545} INFO - Filling up the DagBag from /home/airflow/.local/lib/python3.12/site-packages/airflow/example_dags/example_python_decorator.py
[2024-06-16T13:00:06.975+0000] {processor.py:840} INFO - DAG(s) 'example_python_decorator' retrieved from /home/airflow/.local/lib/python3.12/site-packages/airflow/example_dags/example_python_decorator.py
[2024-06-16T13:00:07.006+0000] {logging_mixin.py:188} INFO - [2024-06-16T13:00:07.005+0000] {dag.py:3096} INFO - Sync 1 DAGs
[2024-06-16T13:00:07.021+0000] {logging_mixin.py:188} INFO - [2024-06-16T13:00:07.020+0000] {dag.py:3954} INFO - Setting next_dagrun for example_python_decorator to None, run_after=None
[2024-06-16T13:00:07.044+0000] {processor.py:183} INFO - Processing /home/airflow/.local/lib/python3.12/site-packages/airflow/example_dags/example_python_decorator.py took 0.101 seconds
[2024-06-16T13:00:37.842+0000] {processor.py:161} INFO - Started process (PID=1737) to work on /home/airflow/.local/lib/python3.12/site-packages/airflow/example_dags/example_python_decorator.py
[2024-06-16T13:00:37.843+0000] {processor.py:830} INFO - Processing file /home/airflow/.local/lib/python3.12/site-packages/airflow/example_dags/example_python_decorator.py for tasks to queue
[2024-06-16T13:00:37.843+0000] {logging_mixin.py:188} INFO - [2024-06-16T13:00:37.843+0000] {dagbag.py:545} INFO - Filling up the DagBag from /home/airflow/.local/lib/python3.12/site-packages/airflow/example_dags/example_python_decorator.py
[2024-06-16T13:00:37.863+0000] {processor.py:840} INFO - DAG(s) 'example_python_decorator' retrieved from /home/airflow/.local/lib/python3.12/site-packages/airflow/example_dags/example_python_decorator.py
[2024-06-16T13:00:37.926+0000] {logging_mixin.py:188} INFO - [2024-06-16T13:00:37.925+0000] {dag.py:3096} INFO - Sync 1 DAGs
[2024-06-16T13:00:37.953+0000] {logging_mixin.py:188} INFO - [2024-06-16T13:00:37.952+0000] {dag.py:3954} INFO - Setting next_dagrun for example_python_decorator to None, run_after=None
[2024-06-16T13:00:37.987+0000] {processor.py:183} INFO - Processing /home/airflow/.local/lib/python3.12/site-packages/airflow/example_dags/example_python_decorator.py took 0.153 seconds
[2024-06-16T13:01:09.423+0000] {processor.py:161} INFO - Started process (PID=1796) to work on /home/airflow/.local/lib/python3.12/site-packages/airflow/example_dags/example_python_decorator.py
[2024-06-16T13:01:09.424+0000] {processor.py:830} INFO - Processing file /home/airflow/.local/lib/python3.12/site-packages/airflow/example_dags/example_python_decorator.py for tasks to queue
[2024-06-16T13:01:09.425+0000] {logging_mixin.py:188} INFO - [2024-06-16T13:01:09.425+0000] {dagbag.py:545} INFO - Filling up the DagBag from /home/airflow/.local/lib/python3.12/site-packages/airflow/example_dags/example_python_decorator.py
[2024-06-16T13:01:09.446+0000] {processor.py:840} INFO - DAG(s) 'example_python_decorator' retrieved from /home/airflow/.local/lib/python3.12/site-packages/airflow/example_dags/example_python_decorator.py
[2024-06-16T13:01:09.479+0000] {logging_mixin.py:188} INFO - [2024-06-16T13:01:09.479+0000] {dag.py:3096} INFO - Sync 1 DAGs
[2024-06-16T13:01:09.497+0000] {logging_mixin.py:188} INFO - [2024-06-16T13:01:09.496+0000] {dag.py:3954} INFO - Setting next_dagrun for example_python_decorator to None, run_after=None
[2024-06-16T13:01:09.524+0000] {processor.py:183} INFO - Processing /home/airflow/.local/lib/python3.12/site-packages/airflow/example_dags/example_python_decorator.py took 0.108 seconds
[2024-06-16T13:01:40.757+0000] {processor.py:161} INFO - Started process (PID=1855) to work on /home/airflow/.local/lib/python3.12/site-packages/airflow/example_dags/example_python_decorator.py
[2024-06-16T13:01:40.758+0000] {processor.py:830} INFO - Processing file /home/airflow/.local/lib/python3.12/site-packages/airflow/example_dags/example_python_decorator.py for tasks to queue
[2024-06-16T13:01:40.760+0000] {logging_mixin.py:188} INFO - [2024-06-16T13:01:40.759+0000] {dagbag.py:545} INFO - Filling up the DagBag from /home/airflow/.local/lib/python3.12/site-packages/airflow/example_dags/example_python_decorator.py
[2024-06-16T13:01:40.782+0000] {processor.py:840} INFO - DAG(s) 'example_python_decorator' retrieved from /home/airflow/.local/lib/python3.12/site-packages/airflow/example_dags/example_python_decorator.py
[2024-06-16T13:01:40.823+0000] {logging_mixin.py:188} INFO - [2024-06-16T13:01:40.823+0000] {dag.py:3096} INFO - Sync 1 DAGs
[2024-06-16T13:01:40.847+0000] {logging_mixin.py:188} INFO - [2024-06-16T13:01:40.847+0000] {dag.py:3954} INFO - Setting next_dagrun for example_python_decorator to None, run_after=None
[2024-06-16T13:01:40.884+0000] {processor.py:183} INFO - Processing /home/airflow/.local/lib/python3.12/site-packages/airflow/example_dags/example_python_decorator.py took 0.137 seconds
[2024-06-16T13:02:11.691+0000] {processor.py:161} INFO - Started process (PID=1914) to work on /home/airflow/.local/lib/python3.12/site-packages/airflow/example_dags/example_python_decorator.py
[2024-06-16T13:02:11.692+0000] {processor.py:830} INFO - Processing file /home/airflow/.local/lib/python3.12/site-packages/airflow/example_dags/example_python_decorator.py for tasks to queue
[2024-06-16T13:02:11.693+0000] {logging_mixin.py:188} INFO - [2024-06-16T13:02:11.693+0000] {dagbag.py:545} INFO - Filling up the DagBag from /home/airflow/.local/lib/python3.12/site-packages/airflow/example_dags/example_python_decorator.py
[2024-06-16T13:02:11.709+0000] {processor.py:840} INFO - DAG(s) 'example_python_decorator' retrieved from /home/airflow/.local/lib/python3.12/site-packages/airflow/example_dags/example_python_decorator.py
[2024-06-16T13:02:11.741+0000] {logging_mixin.py:188} INFO - [2024-06-16T13:02:11.740+0000] {dag.py:3096} INFO - Sync 1 DAGs
[2024-06-16T13:02:11.765+0000] {logging_mixin.py:188} INFO - [2024-06-16T13:02:11.764+0000] {dag.py:3954} INFO - Setting next_dagrun for example_python_decorator to None, run_after=None
[2024-06-16T13:02:11.794+0000] {processor.py:183} INFO - Processing /home/airflow/.local/lib/python3.12/site-packages/airflow/example_dags/example_python_decorator.py took 0.113 seconds
[2024-06-16T13:02:42.061+0000] {processor.py:161} INFO - Started process (PID=1973) to work on /home/airflow/.local/lib/python3.12/site-packages/airflow/example_dags/example_python_decorator.py
[2024-06-16T13:02:42.062+0000] {processor.py:830} INFO - Processing file /home/airflow/.local/lib/python3.12/site-packages/airflow/example_dags/example_python_decorator.py for tasks to queue
[2024-06-16T13:02:42.063+0000] {logging_mixin.py:188} INFO - [2024-06-16T13:02:42.062+0000] {dagbag.py:545} INFO - Filling up the DagBag from /home/airflow/.local/lib/python3.12/site-packages/airflow/example_dags/example_python_decorator.py
[2024-06-16T13:02:42.086+0000] {processor.py:840} INFO - DAG(s) 'example_python_decorator' retrieved from /home/airflow/.local/lib/python3.12/site-packages/airflow/example_dags/example_python_decorator.py
[2024-06-16T13:02:42.119+0000] {logging_mixin.py:188} INFO - [2024-06-16T13:02:42.118+0000] {dag.py:3096} INFO - Sync 1 DAGs
[2024-06-16T13:02:42.136+0000] {logging_mixin.py:188} INFO - [2024-06-16T13:02:42.136+0000] {dag.py:3954} INFO - Setting next_dagrun for example_python_decorator to None, run_after=None
[2024-06-16T13:02:42.173+0000] {processor.py:183} INFO - Processing /home/airflow/.local/lib/python3.12/site-packages/airflow/example_dags/example_python_decorator.py took 0.123 seconds
[2024-06-16T13:03:13.190+0000] {processor.py:161} INFO - Started process (PID=2032) to work on /home/airflow/.local/lib/python3.12/site-packages/airflow/example_dags/example_python_decorator.py
[2024-06-16T13:03:13.192+0000] {processor.py:830} INFO - Processing file /home/airflow/.local/lib/python3.12/site-packages/airflow/example_dags/example_python_decorator.py for tasks to queue
[2024-06-16T13:03:13.194+0000] {logging_mixin.py:188} INFO - [2024-06-16T13:03:13.193+0000] {dagbag.py:545} INFO - Filling up the DagBag from /home/airflow/.local/lib/python3.12/site-packages/airflow/example_dags/example_python_decorator.py
[2024-06-16T13:03:13.214+0000] {processor.py:840} INFO - DAG(s) 'example_python_decorator' retrieved from /home/airflow/.local/lib/python3.12/site-packages/airflow/example_dags/example_python_decorator.py
[2024-06-16T13:03:13.246+0000] {logging_mixin.py:188} INFO - [2024-06-16T13:03:13.245+0000] {dag.py:3096} INFO - Sync 1 DAGs
[2024-06-16T13:03:13.265+0000] {logging_mixin.py:188} INFO - [2024-06-16T13:03:13.265+0000] {dag.py:3954} INFO - Setting next_dagrun for example_python_decorator to None, run_after=None
[2024-06-16T13:03:13.298+0000] {processor.py:183} INFO - Processing /home/airflow/.local/lib/python3.12/site-packages/airflow/example_dags/example_python_decorator.py took 0.115 seconds
[2024-06-16T13:03:44.259+0000] {processor.py:161} INFO - Started process (PID=2091) to work on /home/airflow/.local/lib/python3.12/site-packages/airflow/example_dags/example_python_decorator.py
[2024-06-16T13:03:44.260+0000] {processor.py:830} INFO - Processing file /home/airflow/.local/lib/python3.12/site-packages/airflow/example_dags/example_python_decorator.py for tasks to queue
[2024-06-16T13:03:44.261+0000] {logging_mixin.py:188} INFO - [2024-06-16T13:03:44.261+0000] {dagbag.py:545} INFO - Filling up the DagBag from /home/airflow/.local/lib/python3.12/site-packages/airflow/example_dags/example_python_decorator.py
[2024-06-16T13:03:44.283+0000] {processor.py:840} INFO - DAG(s) 'example_python_decorator' retrieved from /home/airflow/.local/lib/python3.12/site-packages/airflow/example_dags/example_python_decorator.py
[2024-06-16T13:03:44.323+0000] {logging_mixin.py:188} INFO - [2024-06-16T13:03:44.323+0000] {dag.py:3096} INFO - Sync 1 DAGs
[2024-06-16T13:03:44.342+0000] {logging_mixin.py:188} INFO - [2024-06-16T13:03:44.342+0000] {dag.py:3954} INFO - Setting next_dagrun for example_python_decorator to None, run_after=None
[2024-06-16T13:03:44.376+0000] {processor.py:183} INFO - Processing /home/airflow/.local/lib/python3.12/site-packages/airflow/example_dags/example_python_decorator.py took 0.126 seconds
[2024-06-16T13:04:15.158+0000] {processor.py:161} INFO - Started process (PID=2153) to work on /home/airflow/.local/lib/python3.12/site-packages/airflow/example_dags/example_python_decorator.py
[2024-06-16T13:04:15.159+0000] {processor.py:830} INFO - Processing file /home/airflow/.local/lib/python3.12/site-packages/airflow/example_dags/example_python_decorator.py for tasks to queue
[2024-06-16T13:04:15.160+0000] {logging_mixin.py:188} INFO - [2024-06-16T13:04:15.159+0000] {dagbag.py:545} INFO - Filling up the DagBag from /home/airflow/.local/lib/python3.12/site-packages/airflow/example_dags/example_python_decorator.py
[2024-06-16T13:04:15.178+0000] {processor.py:840} INFO - DAG(s) 'example_python_decorator' retrieved from /home/airflow/.local/lib/python3.12/site-packages/airflow/example_dags/example_python_decorator.py
[2024-06-16T13:04:15.211+0000] {logging_mixin.py:188} INFO - [2024-06-16T13:04:15.210+0000] {dag.py:3096} INFO - Sync 1 DAGs
[2024-06-16T13:04:15.235+0000] {logging_mixin.py:188} INFO - [2024-06-16T13:04:15.235+0000] {dag.py:3954} INFO - Setting next_dagrun for example_python_decorator to None, run_after=None
[2024-06-16T13:04:15.266+0000] {processor.py:183} INFO - Processing /home/airflow/.local/lib/python3.12/site-packages/airflow/example_dags/example_python_decorator.py took 0.116 seconds
[2024-06-16T13:04:46.078+0000] {processor.py:161} INFO - Started process (PID=2213) to work on /home/airflow/.local/lib/python3.12/site-packages/airflow/example_dags/example_python_decorator.py
[2024-06-16T13:04:46.080+0000] {processor.py:830} INFO - Processing file /home/airflow/.local/lib/python3.12/site-packages/airflow/example_dags/example_python_decorator.py for tasks to queue
[2024-06-16T13:04:46.081+0000] {logging_mixin.py:188} INFO - [2024-06-16T13:04:46.080+0000] {dagbag.py:545} INFO - Filling up the DagBag from /home/airflow/.local/lib/python3.12/site-packages/airflow/example_dags/example_python_decorator.py
[2024-06-16T13:04:46.109+0000] {processor.py:840} INFO - DAG(s) 'example_python_decorator' retrieved from /home/airflow/.local/lib/python3.12/site-packages/airflow/example_dags/example_python_decorator.py
[2024-06-16T13:04:46.154+0000] {logging_mixin.py:188} INFO - [2024-06-16T13:04:46.153+0000] {dag.py:3096} INFO - Sync 1 DAGs
[2024-06-16T13:04:46.176+0000] {logging_mixin.py:188} INFO - [2024-06-16T13:04:46.175+0000] {dag.py:3954} INFO - Setting next_dagrun for example_python_decorator to None, run_after=None
[2024-06-16T13:04:46.396+0000] {processor.py:183} INFO - Processing /home/airflow/.local/lib/python3.12/site-packages/airflow/example_dags/example_python_decorator.py took 0.328 seconds
[2024-06-16T13:05:16.489+0000] {processor.py:161} INFO - Started process (PID=2272) to work on /home/airflow/.local/lib/python3.12/site-packages/airflow/example_dags/example_python_decorator.py
[2024-06-16T13:05:16.490+0000] {processor.py:830} INFO - Processing file /home/airflow/.local/lib/python3.12/site-packages/airflow/example_dags/example_python_decorator.py for tasks to queue
[2024-06-16T13:05:16.491+0000] {logging_mixin.py:188} INFO - [2024-06-16T13:05:16.490+0000] {dagbag.py:545} INFO - Filling up the DagBag from /home/airflow/.local/lib/python3.12/site-packages/airflow/example_dags/example_python_decorator.py
[2024-06-16T13:05:16.512+0000] {processor.py:840} INFO - DAG(s) 'example_python_decorator' retrieved from /home/airflow/.local/lib/python3.12/site-packages/airflow/example_dags/example_python_decorator.py
[2024-06-16T13:05:16.546+0000] {logging_mixin.py:188} INFO - [2024-06-16T13:05:16.546+0000] {dag.py:3096} INFO - Sync 1 DAGs
[2024-06-16T13:05:16.569+0000] {logging_mixin.py:188} INFO - [2024-06-16T13:05:16.569+0000] {dag.py:3954} INFO - Setting next_dagrun for example_python_decorator to None, run_after=None
[2024-06-16T13:05:16.595+0000] {processor.py:183} INFO - Processing /home/airflow/.local/lib/python3.12/site-packages/airflow/example_dags/example_python_decorator.py took 0.116 seconds
[2024-06-16T13:05:47.817+0000] {processor.py:161} INFO - Started process (PID=2331) to work on /home/airflow/.local/lib/python3.12/site-packages/airflow/example_dags/example_python_decorator.py
[2024-06-16T13:05:47.818+0000] {processor.py:830} INFO - Processing file /home/airflow/.local/lib/python3.12/site-packages/airflow/example_dags/example_python_decorator.py for tasks to queue
[2024-06-16T13:05:47.820+0000] {logging_mixin.py:188} INFO - [2024-06-16T13:05:47.819+0000] {dagbag.py:545} INFO - Filling up the DagBag from /home/airflow/.local/lib/python3.12/site-packages/airflow/example_dags/example_python_decorator.py
[2024-06-16T13:05:47.838+0000] {processor.py:840} INFO - DAG(s) 'example_python_decorator' retrieved from /home/airflow/.local/lib/python3.12/site-packages/airflow/example_dags/example_python_decorator.py
[2024-06-16T13:05:47.871+0000] {logging_mixin.py:188} INFO - [2024-06-16T13:05:47.870+0000] {dag.py:3096} INFO - Sync 1 DAGs
[2024-06-16T13:05:47.890+0000] {logging_mixin.py:188} INFO - [2024-06-16T13:05:47.890+0000] {dag.py:3954} INFO - Setting next_dagrun for example_python_decorator to None, run_after=None
[2024-06-16T13:05:47.915+0000] {processor.py:183} INFO - Processing /home/airflow/.local/lib/python3.12/site-packages/airflow/example_dags/example_python_decorator.py took 0.108 seconds
[2024-06-16T13:06:19.202+0000] {processor.py:161} INFO - Started process (PID=2396) to work on /home/airflow/.local/lib/python3.12/site-packages/airflow/example_dags/example_python_decorator.py
[2024-06-16T13:06:19.202+0000] {processor.py:830} INFO - Processing file /home/airflow/.local/lib/python3.12/site-packages/airflow/example_dags/example_python_decorator.py for tasks to queue
[2024-06-16T13:06:19.203+0000] {logging_mixin.py:188} INFO - [2024-06-16T13:06:19.203+0000] {dagbag.py:545} INFO - Filling up the DagBag from /home/airflow/.local/lib/python3.12/site-packages/airflow/example_dags/example_python_decorator.py
[2024-06-16T13:06:19.220+0000] {processor.py:840} INFO - DAG(s) 'example_python_decorator' retrieved from /home/airflow/.local/lib/python3.12/site-packages/airflow/example_dags/example_python_decorator.py
[2024-06-16T13:06:19.249+0000] {logging_mixin.py:188} INFO - [2024-06-16T13:06:19.249+0000] {dag.py:3096} INFO - Sync 1 DAGs
[2024-06-16T13:06:19.272+0000] {logging_mixin.py:188} INFO - [2024-06-16T13:06:19.272+0000] {dag.py:3954} INFO - Setting next_dagrun for example_python_decorator to None, run_after=None
[2024-06-16T13:06:19.449+0000] {processor.py:183} INFO - Processing /home/airflow/.local/lib/python3.12/site-packages/airflow/example_dags/example_python_decorator.py took 0.254 seconds
