[2024-06-16T12:20:47.685+0000] {processor.py:161} INFO - Started process (PID=47) to work on /home/airflow/.local/lib/python3.12/site-packages/airflow/example_dags/example_branch_operator.py
[2024-06-16T12:20:47.694+0000] {processor.py:830} INFO - Processing file /home/airflow/.local/lib/python3.12/site-packages/airflow/example_dags/example_branch_operator.py for tasks to queue
[2024-06-16T12:20:47.697+0000] {logging_mixin.py:188} INFO - [2024-06-16T12:20:47.696+0000] {dagbag.py:545} INFO - Filling up the DagBag from /home/airflow/.local/lib/python3.12/site-packages/airflow/example_dags/example_branch_operator.py
[2024-06-16T12:20:47.947+0000] {processor.py:840} INFO - DAG(s) 'example_branch_operator' retrieved from /home/airflow/.local/lib/python3.12/site-packages/airflow/example_dags/example_branch_operator.py
[2024-06-16T12:20:48.701+0000] {logging_mixin.py:188} INFO - [2024-06-16T12:20:48.700+0000] {override.py:1829} INFO - Created Permission View: can edit on DAG:example_branch_operator
[2024-06-16T12:20:48.764+0000] {logging_mixin.py:188} INFO - [2024-06-16T12:20:48.763+0000] {override.py:1829} INFO - Created Permission View: can delete on DAG:example_branch_operator
[2024-06-16T12:20:48.792+0000] {logging_mixin.py:188} INFO - [2024-06-16T12:20:48.791+0000] {override.py:1829} INFO - Created Permission View: can read on DAG:example_branch_operator
[2024-06-16T12:20:48.795+0000] {logging_mixin.py:188} INFO - [2024-06-16T12:20:48.794+0000] {dag.py:3096} INFO - Sync 1 DAGs
[2024-06-16T12:20:48.846+0000] {logging_mixin.py:188} INFO - [2024-06-16T12:20:48.845+0000] {dag.py:3118} INFO - Creating ORM DAG for example_branch_operator
[2024-06-16T12:20:48.925+0000] {logging_mixin.py:188} INFO - [2024-06-16T12:20:48.923+0000] {dag.py:3954} INFO - Setting next_dagrun for example_branch_operator to 2024-06-15 00:00:00+00:00, run_after=2024-06-16 00:00:00+00:00
[2024-06-16T12:20:49.058+0000] {processor.py:183} INFO - Processing /home/airflow/.local/lib/python3.12/site-packages/airflow/example_dags/example_branch_operator.py took 1.420 seconds
[2024-06-16T12:21:26.238+0000] {processor.py:161} INFO - Started process (PID=106) to work on /home/airflow/.local/lib/python3.12/site-packages/airflow/example_dags/example_branch_operator.py
[2024-06-16T12:21:26.246+0000] {processor.py:830} INFO - Processing file /home/airflow/.local/lib/python3.12/site-packages/airflow/example_dags/example_branch_operator.py for tasks to queue
[2024-06-16T12:21:26.256+0000] {logging_mixin.py:188} INFO - [2024-06-16T12:21:26.256+0000] {dagbag.py:545} INFO - Filling up the DagBag from /home/airflow/.local/lib/python3.12/site-packages/airflow/example_dags/example_branch_operator.py
[2024-06-16T12:21:26.407+0000] {processor.py:840} INFO - DAG(s) 'example_branch_operator' retrieved from /home/airflow/.local/lib/python3.12/site-packages/airflow/example_dags/example_branch_operator.py
[2024-06-16T12:21:26.566+0000] {logging_mixin.py:188} INFO - [2024-06-16T12:21:26.566+0000] {dag.py:3096} INFO - Sync 1 DAGs
[2024-06-16T12:21:26.617+0000] {logging_mixin.py:188} INFO - [2024-06-16T12:21:26.617+0000] {dag.py:3954} INFO - Setting next_dagrun for example_branch_operator to 2024-06-15 00:00:00+00:00, run_after=2024-06-16 00:00:00+00:00
[2024-06-16T12:21:26.655+0000] {processor.py:183} INFO - Processing /home/airflow/.local/lib/python3.12/site-packages/airflow/example_dags/example_branch_operator.py took 0.429 seconds
[2024-06-16T12:21:57.431+0000] {processor.py:161} INFO - Started process (PID=162) to work on /home/airflow/.local/lib/python3.12/site-packages/airflow/example_dags/example_branch_operator.py
[2024-06-16T12:21:57.434+0000] {processor.py:830} INFO - Processing file /home/airflow/.local/lib/python3.12/site-packages/airflow/example_dags/example_branch_operator.py for tasks to queue
[2024-06-16T12:21:57.444+0000] {logging_mixin.py:188} INFO - [2024-06-16T12:21:57.442+0000] {dagbag.py:545} INFO - Filling up the DagBag from /home/airflow/.local/lib/python3.12/site-packages/airflow/example_dags/example_branch_operator.py
[2024-06-16T12:21:57.620+0000] {processor.py:840} INFO - DAG(s) 'example_branch_operator' retrieved from /home/airflow/.local/lib/python3.12/site-packages/airflow/example_dags/example_branch_operator.py
[2024-06-16T12:21:57.820+0000] {logging_mixin.py:188} INFO - [2024-06-16T12:21:57.819+0000] {dag.py:3096} INFO - Sync 1 DAGs
[2024-06-16T12:21:57.931+0000] {logging_mixin.py:188} INFO - [2024-06-16T12:21:57.931+0000] {dag.py:3954} INFO - Setting next_dagrun for example_branch_operator to 2024-06-15 00:00:00+00:00, run_after=2024-06-16 00:00:00+00:00
[2024-06-16T12:21:57.998+0000] {processor.py:183} INFO - Processing /home/airflow/.local/lib/python3.12/site-packages/airflow/example_dags/example_branch_operator.py took 0.681 seconds
[2024-06-16T12:22:28.784+0000] {processor.py:161} INFO - Started process (PID=221) to work on /home/airflow/.local/lib/python3.12/site-packages/airflow/example_dags/example_branch_operator.py
[2024-06-16T12:22:28.787+0000] {processor.py:830} INFO - Processing file /home/airflow/.local/lib/python3.12/site-packages/airflow/example_dags/example_branch_operator.py for tasks to queue
[2024-06-16T12:22:28.790+0000] {logging_mixin.py:188} INFO - [2024-06-16T12:22:28.790+0000] {dagbag.py:545} INFO - Filling up the DagBag from /home/airflow/.local/lib/python3.12/site-packages/airflow/example_dags/example_branch_operator.py
[2024-06-16T12:22:28.847+0000] {processor.py:840} INFO - DAG(s) 'example_branch_operator' retrieved from /home/airflow/.local/lib/python3.12/site-packages/airflow/example_dags/example_branch_operator.py
[2024-06-16T12:22:28.975+0000] {logging_mixin.py:188} INFO - [2024-06-16T12:22:28.974+0000] {dag.py:3096} INFO - Sync 1 DAGs
[2024-06-16T12:22:29.033+0000] {logging_mixin.py:188} INFO - [2024-06-16T12:22:29.032+0000] {dag.py:3954} INFO - Setting next_dagrun for example_branch_operator to 2024-06-15 00:00:00+00:00, run_after=2024-06-16 00:00:00+00:00
[2024-06-16T12:22:29.093+0000] {processor.py:183} INFO - Processing /home/airflow/.local/lib/python3.12/site-packages/airflow/example_dags/example_branch_operator.py took 0.332 seconds
[2024-06-16T12:22:59.258+0000] {processor.py:161} INFO - Started process (PID=279) to work on /home/airflow/.local/lib/python3.12/site-packages/airflow/example_dags/example_branch_operator.py
[2024-06-16T12:22:59.272+0000] {processor.py:830} INFO - Processing file /home/airflow/.local/lib/python3.12/site-packages/airflow/example_dags/example_branch_operator.py for tasks to queue
[2024-06-16T12:22:59.275+0000] {logging_mixin.py:188} INFO - [2024-06-16T12:22:59.274+0000] {dagbag.py:545} INFO - Filling up the DagBag from /home/airflow/.local/lib/python3.12/site-packages/airflow/example_dags/example_branch_operator.py
[2024-06-16T12:22:59.347+0000] {processor.py:840} INFO - DAG(s) 'example_branch_operator' retrieved from /home/airflow/.local/lib/python3.12/site-packages/airflow/example_dags/example_branch_operator.py
[2024-06-16T12:22:59.445+0000] {logging_mixin.py:188} INFO - [2024-06-16T12:22:59.444+0000] {dag.py:3096} INFO - Sync 1 DAGs
[2024-06-16T12:22:59.520+0000] {logging_mixin.py:188} INFO - [2024-06-16T12:22:59.520+0000] {dag.py:3954} INFO - Setting next_dagrun for example_branch_operator to 2024-06-15 00:00:00+00:00, run_after=2024-06-16 00:00:00+00:00
[2024-06-16T12:22:59.575+0000] {processor.py:183} INFO - Processing /home/airflow/.local/lib/python3.12/site-packages/airflow/example_dags/example_branch_operator.py took 0.330 seconds
[2024-06-16T12:23:30.121+0000] {processor.py:161} INFO - Started process (PID=338) to work on /home/airflow/.local/lib/python3.12/site-packages/airflow/example_dags/example_branch_operator.py
[2024-06-16T12:23:30.123+0000] {processor.py:830} INFO - Processing file /home/airflow/.local/lib/python3.12/site-packages/airflow/example_dags/example_branch_operator.py for tasks to queue
[2024-06-16T12:23:30.137+0000] {logging_mixin.py:188} INFO - [2024-06-16T12:23:30.136+0000] {dagbag.py:545} INFO - Filling up the DagBag from /home/airflow/.local/lib/python3.12/site-packages/airflow/example_dags/example_branch_operator.py
[2024-06-16T12:23:30.229+0000] {processor.py:840} INFO - DAG(s) 'example_branch_operator' retrieved from /home/airflow/.local/lib/python3.12/site-packages/airflow/example_dags/example_branch_operator.py
[2024-06-16T12:23:30.314+0000] {logging_mixin.py:188} INFO - [2024-06-16T12:23:30.314+0000] {dag.py:3096} INFO - Sync 1 DAGs
[2024-06-16T12:23:30.484+0000] {logging_mixin.py:188} INFO - [2024-06-16T12:23:30.484+0000] {dag.py:3954} INFO - Setting next_dagrun for example_branch_operator to 2024-06-15 00:00:00+00:00, run_after=2024-06-16 00:00:00+00:00
[2024-06-16T12:23:30.623+0000] {processor.py:183} INFO - Processing /home/airflow/.local/lib/python3.12/site-packages/airflow/example_dags/example_branch_operator.py took 0.519 seconds
[2024-06-16T12:24:00.757+0000] {processor.py:161} INFO - Started process (PID=397) to work on /home/airflow/.local/lib/python3.12/site-packages/airflow/example_dags/example_branch_operator.py
[2024-06-16T12:24:00.760+0000] {processor.py:830} INFO - Processing file /home/airflow/.local/lib/python3.12/site-packages/airflow/example_dags/example_branch_operator.py for tasks to queue
[2024-06-16T12:24:00.764+0000] {logging_mixin.py:188} INFO - [2024-06-16T12:24:00.763+0000] {dagbag.py:545} INFO - Filling up the DagBag from /home/airflow/.local/lib/python3.12/site-packages/airflow/example_dags/example_branch_operator.py
[2024-06-16T12:24:00.824+0000] {processor.py:840} INFO - DAG(s) 'example_branch_operator' retrieved from /home/airflow/.local/lib/python3.12/site-packages/airflow/example_dags/example_branch_operator.py
[2024-06-16T12:24:00.895+0000] {logging_mixin.py:188} INFO - [2024-06-16T12:24:00.895+0000] {dag.py:3096} INFO - Sync 1 DAGs
[2024-06-16T12:24:00.950+0000] {logging_mixin.py:188} INFO - [2024-06-16T12:24:00.949+0000] {dag.py:3954} INFO - Setting next_dagrun for example_branch_operator to 2024-06-15 00:00:00+00:00, run_after=2024-06-16 00:00:00+00:00
[2024-06-16T12:24:01.003+0000] {processor.py:183} INFO - Processing /home/airflow/.local/lib/python3.12/site-packages/airflow/example_dags/example_branch_operator.py took 0.263 seconds
[2024-06-16T12:24:31.523+0000] {processor.py:161} INFO - Started process (PID=456) to work on /home/airflow/.local/lib/python3.12/site-packages/airflow/example_dags/example_branch_operator.py
[2024-06-16T12:24:31.524+0000] {processor.py:830} INFO - Processing file /home/airflow/.local/lib/python3.12/site-packages/airflow/example_dags/example_branch_operator.py for tasks to queue
[2024-06-16T12:24:31.527+0000] {logging_mixin.py:188} INFO - [2024-06-16T12:24:31.527+0000] {dagbag.py:545} INFO - Filling up the DagBag from /home/airflow/.local/lib/python3.12/site-packages/airflow/example_dags/example_branch_operator.py
[2024-06-16T12:24:31.563+0000] {processor.py:840} INFO - DAG(s) 'example_branch_operator' retrieved from /home/airflow/.local/lib/python3.12/site-packages/airflow/example_dags/example_branch_operator.py
[2024-06-16T12:24:31.630+0000] {logging_mixin.py:188} INFO - [2024-06-16T12:24:31.629+0000] {dag.py:3096} INFO - Sync 1 DAGs
[2024-06-16T12:24:31.684+0000] {logging_mixin.py:188} INFO - [2024-06-16T12:24:31.683+0000] {dag.py:3954} INFO - Setting next_dagrun for example_branch_operator to 2024-06-15 00:00:00+00:00, run_after=2024-06-16 00:00:00+00:00
[2024-06-16T12:24:31.732+0000] {processor.py:183} INFO - Processing /home/airflow/.local/lib/python3.12/site-packages/airflow/example_dags/example_branch_operator.py took 0.219 seconds
[2024-06-16T12:44:55.864+0000] {processor.py:161} INFO - Started process (PID=45) to work on /home/airflow/.local/lib/python3.12/site-packages/airflow/example_dags/example_branch_operator.py
[2024-06-16T12:44:55.865+0000] {processor.py:830} INFO - Processing file /home/airflow/.local/lib/python3.12/site-packages/airflow/example_dags/example_branch_operator.py for tasks to queue
[2024-06-16T12:44:55.869+0000] {logging_mixin.py:188} INFO - [2024-06-16T12:44:55.868+0000] {dagbag.py:545} INFO - Filling up the DagBag from /home/airflow/.local/lib/python3.12/site-packages/airflow/example_dags/example_branch_operator.py
[2024-06-16T12:44:56.002+0000] {processor.py:840} INFO - DAG(s) 'example_branch_operator' retrieved from /home/airflow/.local/lib/python3.12/site-packages/airflow/example_dags/example_branch_operator.py
[2024-06-16T12:44:56.418+0000] {logging_mixin.py:188} INFO - [2024-06-16T12:44:56.417+0000] {override.py:1829} INFO - Created Permission View: can read on DAG:example_branch_operator
[2024-06-16T12:44:56.472+0000] {logging_mixin.py:188} INFO - [2024-06-16T12:44:56.471+0000] {override.py:1829} INFO - Created Permission View: can delete on DAG:example_branch_operator
[2024-06-16T12:44:56.496+0000] {logging_mixin.py:188} INFO - [2024-06-16T12:44:56.493+0000] {override.py:1829} INFO - Created Permission View: can edit on DAG:example_branch_operator
[2024-06-16T12:44:56.497+0000] {logging_mixin.py:188} INFO - [2024-06-16T12:44:56.497+0000] {dag.py:3096} INFO - Sync 1 DAGs
[2024-06-16T12:44:56.538+0000] {logging_mixin.py:188} INFO - [2024-06-16T12:44:56.537+0000] {dag.py:3118} INFO - Creating ORM DAG for example_branch_operator
[2024-06-16T12:44:56.633+0000] {logging_mixin.py:188} INFO - [2024-06-16T12:44:56.633+0000] {dag.py:3954} INFO - Setting next_dagrun for example_branch_operator to 2024-06-15 00:00:00+00:00, run_after=2024-06-16 00:00:00+00:00
[2024-06-16T12:44:56.721+0000] {processor.py:183} INFO - Processing /home/airflow/.local/lib/python3.12/site-packages/airflow/example_dags/example_branch_operator.py took 0.869 seconds
[2024-06-16T12:45:27.243+0000] {processor.py:161} INFO - Started process (PID=109) to work on /home/airflow/.local/lib/python3.12/site-packages/airflow/example_dags/example_branch_operator.py
[2024-06-16T12:45:27.244+0000] {processor.py:830} INFO - Processing file /home/airflow/.local/lib/python3.12/site-packages/airflow/example_dags/example_branch_operator.py for tasks to queue
[2024-06-16T12:45:27.246+0000] {logging_mixin.py:188} INFO - [2024-06-16T12:45:27.246+0000] {dagbag.py:545} INFO - Filling up the DagBag from /home/airflow/.local/lib/python3.12/site-packages/airflow/example_dags/example_branch_operator.py
[2024-06-16T12:45:27.270+0000] {processor.py:840} INFO - DAG(s) 'example_branch_operator' retrieved from /home/airflow/.local/lib/python3.12/site-packages/airflow/example_dags/example_branch_operator.py
[2024-06-16T12:45:27.349+0000] {logging_mixin.py:188} INFO - [2024-06-16T12:45:27.348+0000] {dag.py:3096} INFO - Sync 1 DAGs
[2024-06-16T12:45:27.398+0000] {logging_mixin.py:188} INFO - [2024-06-16T12:45:27.398+0000] {dag.py:3954} INFO - Setting next_dagrun for example_branch_operator to 2024-06-15 00:00:00+00:00, run_after=2024-06-16 00:00:00+00:00
[2024-06-16T12:45:27.434+0000] {processor.py:183} INFO - Processing /home/airflow/.local/lib/python3.12/site-packages/airflow/example_dags/example_branch_operator.py took 0.199 seconds
[2024-06-16T12:45:58.114+0000] {processor.py:161} INFO - Started process (PID=168) to work on /home/airflow/.local/lib/python3.12/site-packages/airflow/example_dags/example_branch_operator.py
[2024-06-16T12:45:58.116+0000] {processor.py:830} INFO - Processing file /home/airflow/.local/lib/python3.12/site-packages/airflow/example_dags/example_branch_operator.py for tasks to queue
[2024-06-16T12:45:58.121+0000] {logging_mixin.py:188} INFO - [2024-06-16T12:45:58.120+0000] {dagbag.py:545} INFO - Filling up the DagBag from /home/airflow/.local/lib/python3.12/site-packages/airflow/example_dags/example_branch_operator.py
[2024-06-16T12:45:58.168+0000] {processor.py:840} INFO - DAG(s) 'example_branch_operator' retrieved from /home/airflow/.local/lib/python3.12/site-packages/airflow/example_dags/example_branch_operator.py
[2024-06-16T12:45:58.227+0000] {logging_mixin.py:188} INFO - [2024-06-16T12:45:58.227+0000] {dag.py:3096} INFO - Sync 1 DAGs
[2024-06-16T12:45:58.271+0000] {logging_mixin.py:188} INFO - [2024-06-16T12:45:58.271+0000] {dag.py:3954} INFO - Setting next_dagrun for example_branch_operator to 2024-06-15 00:00:00+00:00, run_after=2024-06-16 00:00:00+00:00
[2024-06-16T12:45:58.309+0000] {processor.py:183} INFO - Processing /home/airflow/.local/lib/python3.12/site-packages/airflow/example_dags/example_branch_operator.py took 0.207 seconds
[2024-06-16T12:46:28.594+0000] {processor.py:161} INFO - Started process (PID=227) to work on /home/airflow/.local/lib/python3.12/site-packages/airflow/example_dags/example_branch_operator.py
[2024-06-16T12:46:28.596+0000] {processor.py:830} INFO - Processing file /home/airflow/.local/lib/python3.12/site-packages/airflow/example_dags/example_branch_operator.py for tasks to queue
[2024-06-16T12:46:28.600+0000] {logging_mixin.py:188} INFO - [2024-06-16T12:46:28.600+0000] {dagbag.py:545} INFO - Filling up the DagBag from /home/airflow/.local/lib/python3.12/site-packages/airflow/example_dags/example_branch_operator.py
[2024-06-16T12:46:28.632+0000] {processor.py:840} INFO - DAG(s) 'example_branch_operator' retrieved from /home/airflow/.local/lib/python3.12/site-packages/airflow/example_dags/example_branch_operator.py
[2024-06-16T12:46:28.675+0000] {logging_mixin.py:188} INFO - [2024-06-16T12:46:28.674+0000] {dag.py:3096} INFO - Sync 1 DAGs
[2024-06-16T12:46:28.708+0000] {logging_mixin.py:188} INFO - [2024-06-16T12:46:28.707+0000] {dag.py:3954} INFO - Setting next_dagrun for example_branch_operator to 2024-06-15 00:00:00+00:00, run_after=2024-06-16 00:00:00+00:00
[2024-06-16T12:46:28.732+0000] {processor.py:183} INFO - Processing /home/airflow/.local/lib/python3.12/site-packages/airflow/example_dags/example_branch_operator.py took 0.150 seconds
[2024-06-16T12:47:28.716+0000] {processor.py:161} INFO - Started process (PID=287) to work on /home/airflow/.local/lib/python3.12/site-packages/airflow/example_dags/example_branch_operator.py
[2024-06-16T12:47:28.718+0000] {processor.py:830} INFO - Processing file /home/airflow/.local/lib/python3.12/site-packages/airflow/example_dags/example_branch_operator.py for tasks to queue
[2024-06-16T12:47:28.721+0000] {logging_mixin.py:188} INFO - [2024-06-16T12:47:28.720+0000] {dagbag.py:545} INFO - Filling up the DagBag from /home/airflow/.local/lib/python3.12/site-packages/airflow/example_dags/example_branch_operator.py
[2024-06-16T12:47:28.764+0000] {processor.py:840} INFO - DAG(s) 'example_branch_operator' retrieved from /home/airflow/.local/lib/python3.12/site-packages/airflow/example_dags/example_branch_operator.py
[2024-06-16T12:47:28.833+0000] {logging_mixin.py:188} INFO - [2024-06-16T12:47:28.831+0000] {dag.py:3096} INFO - Sync 1 DAGs
[2024-06-16T12:47:28.901+0000] {logging_mixin.py:188} INFO - [2024-06-16T12:47:28.901+0000] {dag.py:3954} INFO - Setting next_dagrun for example_branch_operator to 2024-06-15 00:00:00+00:00, run_after=2024-06-16 00:00:00+00:00
[2024-06-16T12:47:28.949+0000] {processor.py:183} INFO - Processing /home/airflow/.local/lib/python3.12/site-packages/airflow/example_dags/example_branch_operator.py took 0.245 seconds
[2024-06-16T12:48:00.029+0000] {processor.py:161} INFO - Started process (PID=346) to work on /home/airflow/.local/lib/python3.12/site-packages/airflow/example_dags/example_branch_operator.py
[2024-06-16T12:48:00.031+0000] {processor.py:830} INFO - Processing file /home/airflow/.local/lib/python3.12/site-packages/airflow/example_dags/example_branch_operator.py for tasks to queue
[2024-06-16T12:48:00.034+0000] {logging_mixin.py:188} INFO - [2024-06-16T12:48:00.033+0000] {dagbag.py:545} INFO - Filling up the DagBag from /home/airflow/.local/lib/python3.12/site-packages/airflow/example_dags/example_branch_operator.py
[2024-06-16T12:48:00.071+0000] {processor.py:840} INFO - DAG(s) 'example_branch_operator' retrieved from /home/airflow/.local/lib/python3.12/site-packages/airflow/example_dags/example_branch_operator.py
[2024-06-16T12:48:00.134+0000] {logging_mixin.py:188} INFO - [2024-06-16T12:48:00.134+0000] {dag.py:3096} INFO - Sync 1 DAGs
[2024-06-16T12:48:00.182+0000] {logging_mixin.py:188} INFO - [2024-06-16T12:48:00.182+0000] {dag.py:3954} INFO - Setting next_dagrun for example_branch_operator to 2024-06-15 00:00:00+00:00, run_after=2024-06-16 00:00:00+00:00
[2024-06-16T12:48:00.213+0000] {processor.py:183} INFO - Processing /home/airflow/.local/lib/python3.12/site-packages/airflow/example_dags/example_branch_operator.py took 0.195 seconds
[2024-06-16T12:48:32.092+0000] {processor.py:161} INFO - Started process (PID=405) to work on /home/airflow/.local/lib/python3.12/site-packages/airflow/example_dags/example_branch_operator.py
[2024-06-16T12:48:32.102+0000] {processor.py:830} INFO - Processing file /home/airflow/.local/lib/python3.12/site-packages/airflow/example_dags/example_branch_operator.py for tasks to queue
[2024-06-16T12:48:32.105+0000] {logging_mixin.py:188} INFO - [2024-06-16T12:48:32.105+0000] {dagbag.py:545} INFO - Filling up the DagBag from /home/airflow/.local/lib/python3.12/site-packages/airflow/example_dags/example_branch_operator.py
[2024-06-16T12:48:32.381+0000] {processor.py:840} INFO - DAG(s) 'example_branch_operator' retrieved from /home/airflow/.local/lib/python3.12/site-packages/airflow/example_dags/example_branch_operator.py
[2024-06-16T12:48:32.694+0000] {logging_mixin.py:188} INFO - [2024-06-16T12:48:32.690+0000] {dag.py:3096} INFO - Sync 1 DAGs
[2024-06-16T12:48:32.848+0000] {logging_mixin.py:188} INFO - [2024-06-16T12:48:32.847+0000] {dag.py:3954} INFO - Setting next_dagrun for example_branch_operator to 2024-06-15 00:00:00+00:00, run_after=2024-06-16 00:00:00+00:00
[2024-06-16T12:48:33.075+0000] {processor.py:183} INFO - Processing /home/airflow/.local/lib/python3.12/site-packages/airflow/example_dags/example_branch_operator.py took 1.052 seconds
[2024-06-16T12:49:08.594+0000] {processor.py:161} INFO - Started process (PID=449) to work on /home/airflow/.local/lib/python3.12/site-packages/airflow/example_dags/example_branch_operator.py
[2024-06-16T12:49:08.600+0000] {processor.py:830} INFO - Processing file /home/airflow/.local/lib/python3.12/site-packages/airflow/example_dags/example_branch_operator.py for tasks to queue
[2024-06-16T12:49:08.617+0000] {logging_mixin.py:188} INFO - [2024-06-16T12:49:08.611+0000] {dagbag.py:545} INFO - Filling up the DagBag from /home/airflow/.local/lib/python3.12/site-packages/airflow/example_dags/example_branch_operator.py
[2024-06-16T12:49:09.040+0000] {processor.py:840} INFO - DAG(s) 'example_branch_operator' retrieved from /home/airflow/.local/lib/python3.12/site-packages/airflow/example_dags/example_branch_operator.py
[2024-06-16T12:49:09.511+0000] {logging_mixin.py:188} INFO - [2024-06-16T12:49:09.509+0000] {dag.py:3096} INFO - Sync 1 DAGs
[2024-06-16T12:49:09.619+0000] {logging_mixin.py:188} INFO - [2024-06-16T12:49:09.619+0000] {dag.py:3954} INFO - Setting next_dagrun for example_branch_operator to 2024-06-15 00:00:00+00:00, run_after=2024-06-16 00:00:00+00:00
[2024-06-16T12:49:09.674+0000] {processor.py:183} INFO - Processing /home/airflow/.local/lib/python3.12/site-packages/airflow/example_dags/example_branch_operator.py took 1.131 seconds
[2024-06-16T12:49:45.157+0000] {processor.py:161} INFO - Started process (PID=509) to work on /home/airflow/.local/lib/python3.12/site-packages/airflow/example_dags/example_branch_operator.py
[2024-06-16T12:49:45.158+0000] {processor.py:830} INFO - Processing file /home/airflow/.local/lib/python3.12/site-packages/airflow/example_dags/example_branch_operator.py for tasks to queue
[2024-06-16T12:49:45.162+0000] {logging_mixin.py:188} INFO - [2024-06-16T12:49:45.162+0000] {dagbag.py:545} INFO - Filling up the DagBag from /home/airflow/.local/lib/python3.12/site-packages/airflow/example_dags/example_branch_operator.py
[2024-06-16T12:49:45.380+0000] {processor.py:840} INFO - DAG(s) 'example_branch_operator' retrieved from /home/airflow/.local/lib/python3.12/site-packages/airflow/example_dags/example_branch_operator.py
[2024-06-16T12:49:45.785+0000] {logging_mixin.py:188} INFO - [2024-06-16T12:49:45.707+0000] {dag.py:3096} INFO - Sync 1 DAGs
[2024-06-16T12:49:46.006+0000] {logging_mixin.py:188} INFO - [2024-06-16T12:49:46.005+0000] {dag.py:3954} INFO - Setting next_dagrun for example_branch_operator to 2024-06-15 00:00:00+00:00, run_after=2024-06-16 00:00:00+00:00
[2024-06-16T12:49:46.214+0000] {processor.py:183} INFO - Processing /home/airflow/.local/lib/python3.12/site-packages/airflow/example_dags/example_branch_operator.py took 1.069 seconds
[2024-06-16T12:50:49.248+0000] {processor.py:161} INFO - Started process (PID=568) to work on /home/airflow/.local/lib/python3.12/site-packages/airflow/example_dags/example_branch_operator.py
[2024-06-16T12:50:49.260+0000] {processor.py:830} INFO - Processing file /home/airflow/.local/lib/python3.12/site-packages/airflow/example_dags/example_branch_operator.py for tasks to queue
[2024-06-16T12:50:49.275+0000] {logging_mixin.py:188} INFO - [2024-06-16T12:50:49.262+0000] {dagbag.py:545} INFO - Filling up the DagBag from /home/airflow/.local/lib/python3.12/site-packages/airflow/example_dags/example_branch_operator.py
[2024-06-16T12:50:49.377+0000] {processor.py:840} INFO - DAG(s) 'example_branch_operator' retrieved from /home/airflow/.local/lib/python3.12/site-packages/airflow/example_dags/example_branch_operator.py
[2024-06-16T12:50:49.488+0000] {logging_mixin.py:188} INFO - [2024-06-16T12:50:49.488+0000] {dag.py:3096} INFO - Sync 1 DAGs
[2024-06-16T12:50:49.572+0000] {logging_mixin.py:188} INFO - [2024-06-16T12:50:49.572+0000] {dag.py:3954} INFO - Setting next_dagrun for example_branch_operator to 2024-06-15 00:00:00+00:00, run_after=2024-06-16 00:00:00+00:00
[2024-06-16T12:50:49.629+0000] {processor.py:183} INFO - Processing /home/airflow/.local/lib/python3.12/site-packages/airflow/example_dags/example_branch_operator.py took 0.396 seconds
[2024-06-16T12:51:19.774+0000] {processor.py:161} INFO - Started process (PID=626) to work on /home/airflow/.local/lib/python3.12/site-packages/airflow/example_dags/example_branch_operator.py
[2024-06-16T12:51:19.776+0000] {processor.py:830} INFO - Processing file /home/airflow/.local/lib/python3.12/site-packages/airflow/example_dags/example_branch_operator.py for tasks to queue
[2024-06-16T12:51:19.786+0000] {logging_mixin.py:188} INFO - [2024-06-16T12:51:19.786+0000] {dagbag.py:545} INFO - Filling up the DagBag from /home/airflow/.local/lib/python3.12/site-packages/airflow/example_dags/example_branch_operator.py
[2024-06-16T12:51:19.860+0000] {processor.py:840} INFO - DAG(s) 'example_branch_operator' retrieved from /home/airflow/.local/lib/python3.12/site-packages/airflow/example_dags/example_branch_operator.py
[2024-06-16T12:51:20.040+0000] {logging_mixin.py:188} INFO - [2024-06-16T12:51:20.039+0000] {dag.py:3096} INFO - Sync 1 DAGs
[2024-06-16T12:51:20.136+0000] {logging_mixin.py:188} INFO - [2024-06-16T12:51:20.135+0000] {dag.py:3954} INFO - Setting next_dagrun for example_branch_operator to 2024-06-15 00:00:00+00:00, run_after=2024-06-16 00:00:00+00:00
[2024-06-16T12:51:20.239+0000] {processor.py:183} INFO - Processing /home/airflow/.local/lib/python3.12/site-packages/airflow/example_dags/example_branch_operator.py took 0.503 seconds
[2024-06-16T12:51:50.853+0000] {processor.py:161} INFO - Started process (PID=685) to work on /home/airflow/.local/lib/python3.12/site-packages/airflow/example_dags/example_branch_operator.py
[2024-06-16T12:51:50.856+0000] {processor.py:830} INFO - Processing file /home/airflow/.local/lib/python3.12/site-packages/airflow/example_dags/example_branch_operator.py for tasks to queue
[2024-06-16T12:51:50.861+0000] {logging_mixin.py:188} INFO - [2024-06-16T12:51:50.861+0000] {dagbag.py:545} INFO - Filling up the DagBag from /home/airflow/.local/lib/python3.12/site-packages/airflow/example_dags/example_branch_operator.py
[2024-06-16T12:51:50.902+0000] {processor.py:840} INFO - DAG(s) 'example_branch_operator' retrieved from /home/airflow/.local/lib/python3.12/site-packages/airflow/example_dags/example_branch_operator.py
[2024-06-16T12:51:50.967+0000] {logging_mixin.py:188} INFO - [2024-06-16T12:51:50.967+0000] {dag.py:3096} INFO - Sync 1 DAGs
[2024-06-16T12:51:51.018+0000] {logging_mixin.py:188} INFO - [2024-06-16T12:51:51.018+0000] {dag.py:3954} INFO - Setting next_dagrun for example_branch_operator to 2024-06-15 00:00:00+00:00, run_after=2024-06-16 00:00:00+00:00
[2024-06-16T12:51:51.057+0000] {processor.py:183} INFO - Processing /home/airflow/.local/lib/python3.12/site-packages/airflow/example_dags/example_branch_operator.py took 0.215 seconds
[2024-06-16T12:52:21.239+0000] {processor.py:161} INFO - Started process (PID=744) to work on /home/airflow/.local/lib/python3.12/site-packages/airflow/example_dags/example_branch_operator.py
[2024-06-16T12:52:21.240+0000] {processor.py:830} INFO - Processing file /home/airflow/.local/lib/python3.12/site-packages/airflow/example_dags/example_branch_operator.py for tasks to queue
[2024-06-16T12:52:21.243+0000] {logging_mixin.py:188} INFO - [2024-06-16T12:52:21.242+0000] {dagbag.py:545} INFO - Filling up the DagBag from /home/airflow/.local/lib/python3.12/site-packages/airflow/example_dags/example_branch_operator.py
[2024-06-16T12:52:21.287+0000] {processor.py:840} INFO - DAG(s) 'example_branch_operator' retrieved from /home/airflow/.local/lib/python3.12/site-packages/airflow/example_dags/example_branch_operator.py
[2024-06-16T12:52:21.392+0000] {logging_mixin.py:188} INFO - [2024-06-16T12:52:21.391+0000] {dag.py:3096} INFO - Sync 1 DAGs
[2024-06-16T12:52:21.461+0000] {logging_mixin.py:188} INFO - [2024-06-16T12:52:21.460+0000] {dag.py:3954} INFO - Setting next_dagrun for example_branch_operator to 2024-06-15 00:00:00+00:00, run_after=2024-06-16 00:00:00+00:00
[2024-06-16T12:52:21.510+0000] {processor.py:183} INFO - Processing /home/airflow/.local/lib/python3.12/site-packages/airflow/example_dags/example_branch_operator.py took 0.292 seconds
[2024-06-16T12:52:51.741+0000] {processor.py:161} INFO - Started process (PID=804) to work on /home/airflow/.local/lib/python3.12/site-packages/airflow/example_dags/example_branch_operator.py
[2024-06-16T12:52:51.743+0000] {processor.py:830} INFO - Processing file /home/airflow/.local/lib/python3.12/site-packages/airflow/example_dags/example_branch_operator.py for tasks to queue
[2024-06-16T12:52:51.744+0000] {logging_mixin.py:188} INFO - [2024-06-16T12:52:51.744+0000] {dagbag.py:545} INFO - Filling up the DagBag from /home/airflow/.local/lib/python3.12/site-packages/airflow/example_dags/example_branch_operator.py
[2024-06-16T12:52:51.769+0000] {processor.py:840} INFO - DAG(s) 'example_branch_operator' retrieved from /home/airflow/.local/lib/python3.12/site-packages/airflow/example_dags/example_branch_operator.py
[2024-06-16T12:52:51.825+0000] {logging_mixin.py:188} INFO - [2024-06-16T12:52:51.825+0000] {dag.py:3096} INFO - Sync 1 DAGs
[2024-06-16T12:52:51.857+0000] {logging_mixin.py:188} INFO - [2024-06-16T12:52:51.857+0000] {dag.py:3954} INFO - Setting next_dagrun for example_branch_operator to 2024-06-15 00:00:00+00:00, run_after=2024-06-16 00:00:00+00:00
[2024-06-16T12:52:51.887+0000] {processor.py:183} INFO - Processing /home/airflow/.local/lib/python3.12/site-packages/airflow/example_dags/example_branch_operator.py took 0.153 seconds
[2024-06-16T12:53:22.262+0000] {processor.py:161} INFO - Started process (PID=862) to work on /home/airflow/.local/lib/python3.12/site-packages/airflow/example_dags/example_branch_operator.py
[2024-06-16T12:53:22.263+0000] {processor.py:830} INFO - Processing file /home/airflow/.local/lib/python3.12/site-packages/airflow/example_dags/example_branch_operator.py for tasks to queue
[2024-06-16T12:53:22.264+0000] {logging_mixin.py:188} INFO - [2024-06-16T12:53:22.264+0000] {dagbag.py:545} INFO - Filling up the DagBag from /home/airflow/.local/lib/python3.12/site-packages/airflow/example_dags/example_branch_operator.py
[2024-06-16T12:53:22.301+0000] {processor.py:840} INFO - DAG(s) 'example_branch_operator' retrieved from /home/airflow/.local/lib/python3.12/site-packages/airflow/example_dags/example_branch_operator.py
[2024-06-16T12:53:22.365+0000] {logging_mixin.py:188} INFO - [2024-06-16T12:53:22.365+0000] {dag.py:3096} INFO - Sync 1 DAGs
[2024-06-16T12:53:22.414+0000] {logging_mixin.py:188} INFO - [2024-06-16T12:53:22.414+0000] {dag.py:3954} INFO - Setting next_dagrun for example_branch_operator to 2024-06-15 00:00:00+00:00, run_after=2024-06-16 00:00:00+00:00
[2024-06-16T12:53:22.458+0000] {processor.py:183} INFO - Processing /home/airflow/.local/lib/python3.12/site-packages/airflow/example_dags/example_branch_operator.py took 0.208 seconds
[2024-06-16T12:53:52.557+0000] {processor.py:161} INFO - Started process (PID=921) to work on /home/airflow/.local/lib/python3.12/site-packages/airflow/example_dags/example_branch_operator.py
[2024-06-16T12:53:52.557+0000] {processor.py:830} INFO - Processing file /home/airflow/.local/lib/python3.12/site-packages/airflow/example_dags/example_branch_operator.py for tasks to queue
[2024-06-16T12:53:52.558+0000] {logging_mixin.py:188} INFO - [2024-06-16T12:53:52.558+0000] {dagbag.py:545} INFO - Filling up the DagBag from /home/airflow/.local/lib/python3.12/site-packages/airflow/example_dags/example_branch_operator.py
[2024-06-16T12:53:52.582+0000] {processor.py:840} INFO - DAG(s) 'example_branch_operator' retrieved from /home/airflow/.local/lib/python3.12/site-packages/airflow/example_dags/example_branch_operator.py
[2024-06-16T12:53:52.622+0000] {logging_mixin.py:188} INFO - [2024-06-16T12:53:52.621+0000] {dag.py:3096} INFO - Sync 1 DAGs
[2024-06-16T12:53:52.653+0000] {logging_mixin.py:188} INFO - [2024-06-16T12:53:52.653+0000] {dag.py:3954} INFO - Setting next_dagrun for example_branch_operator to 2024-06-15 00:00:00+00:00, run_after=2024-06-16 00:00:00+00:00
[2024-06-16T12:53:52.680+0000] {processor.py:183} INFO - Processing /home/airflow/.local/lib/python3.12/site-packages/airflow/example_dags/example_branch_operator.py took 0.130 seconds
[2024-06-16T12:54:23.006+0000] {processor.py:161} INFO - Started process (PID=980) to work on /home/airflow/.local/lib/python3.12/site-packages/airflow/example_dags/example_branch_operator.py
[2024-06-16T12:54:23.006+0000] {processor.py:830} INFO - Processing file /home/airflow/.local/lib/python3.12/site-packages/airflow/example_dags/example_branch_operator.py for tasks to queue
[2024-06-16T12:54:23.007+0000] {logging_mixin.py:188} INFO - [2024-06-16T12:54:23.007+0000] {dagbag.py:545} INFO - Filling up the DagBag from /home/airflow/.local/lib/python3.12/site-packages/airflow/example_dags/example_branch_operator.py
[2024-06-16T12:54:23.030+0000] {processor.py:840} INFO - DAG(s) 'example_branch_operator' retrieved from /home/airflow/.local/lib/python3.12/site-packages/airflow/example_dags/example_branch_operator.py
[2024-06-16T12:54:23.069+0000] {logging_mixin.py:188} INFO - [2024-06-16T12:54:23.069+0000] {dag.py:3096} INFO - Sync 1 DAGs
[2024-06-16T12:54:23.099+0000] {logging_mixin.py:188} INFO - [2024-06-16T12:54:23.099+0000] {dag.py:3954} INFO - Setting next_dagrun for example_branch_operator to 2024-06-15 00:00:00+00:00, run_after=2024-06-16 00:00:00+00:00
[2024-06-16T12:54:23.131+0000] {processor.py:183} INFO - Processing /home/airflow/.local/lib/python3.12/site-packages/airflow/example_dags/example_branch_operator.py took 0.132 seconds
[2024-06-16T12:54:53.256+0000] {processor.py:161} INFO - Started process (PID=1037) to work on /home/airflow/.local/lib/python3.12/site-packages/airflow/example_dags/example_branch_operator.py
[2024-06-16T12:54:53.257+0000] {processor.py:830} INFO - Processing file /home/airflow/.local/lib/python3.12/site-packages/airflow/example_dags/example_branch_operator.py for tasks to queue
[2024-06-16T12:54:53.258+0000] {logging_mixin.py:188} INFO - [2024-06-16T12:54:53.258+0000] {dagbag.py:545} INFO - Filling up the DagBag from /home/airflow/.local/lib/python3.12/site-packages/airflow/example_dags/example_branch_operator.py
[2024-06-16T12:54:53.281+0000] {processor.py:840} INFO - DAG(s) 'example_branch_operator' retrieved from /home/airflow/.local/lib/python3.12/site-packages/airflow/example_dags/example_branch_operator.py
[2024-06-16T12:54:53.337+0000] {logging_mixin.py:188} INFO - [2024-06-16T12:54:53.337+0000] {dag.py:3096} INFO - Sync 1 DAGs
[2024-06-16T12:54:53.369+0000] {logging_mixin.py:188} INFO - [2024-06-16T12:54:53.368+0000] {dag.py:3954} INFO - Setting next_dagrun for example_branch_operator to 2024-06-15 00:00:00+00:00, run_after=2024-06-16 00:00:00+00:00
[2024-06-16T12:54:53.398+0000] {processor.py:183} INFO - Processing /home/airflow/.local/lib/python3.12/site-packages/airflow/example_dags/example_branch_operator.py took 0.149 seconds
[2024-06-16T12:55:24.051+0000] {processor.py:161} INFO - Started process (PID=1096) to work on /home/airflow/.local/lib/python3.12/site-packages/airflow/example_dags/example_branch_operator.py
[2024-06-16T12:55:24.052+0000] {processor.py:830} INFO - Processing file /home/airflow/.local/lib/python3.12/site-packages/airflow/example_dags/example_branch_operator.py for tasks to queue
[2024-06-16T12:55:24.054+0000] {logging_mixin.py:188} INFO - [2024-06-16T12:55:24.053+0000] {dagbag.py:545} INFO - Filling up the DagBag from /home/airflow/.local/lib/python3.12/site-packages/airflow/example_dags/example_branch_operator.py
[2024-06-16T12:55:24.088+0000] {processor.py:840} INFO - DAG(s) 'example_branch_operator' retrieved from /home/airflow/.local/lib/python3.12/site-packages/airflow/example_dags/example_branch_operator.py
[2024-06-16T12:55:24.150+0000] {logging_mixin.py:188} INFO - [2024-06-16T12:55:24.150+0000] {dag.py:3096} INFO - Sync 1 DAGs
[2024-06-16T12:55:24.191+0000] {logging_mixin.py:188} INFO - [2024-06-16T12:55:24.191+0000] {dag.py:3954} INFO - Setting next_dagrun for example_branch_operator to 2024-06-15 00:00:00+00:00, run_after=2024-06-16 00:00:00+00:00
[2024-06-16T12:55:24.227+0000] {processor.py:183} INFO - Processing /home/airflow/.local/lib/python3.12/site-packages/airflow/example_dags/example_branch_operator.py took 0.187 seconds
[2024-06-16T12:55:54.368+0000] {processor.py:161} INFO - Started process (PID=1154) to work on /home/airflow/.local/lib/python3.12/site-packages/airflow/example_dags/example_branch_operator.py
[2024-06-16T12:55:54.369+0000] {processor.py:830} INFO - Processing file /home/airflow/.local/lib/python3.12/site-packages/airflow/example_dags/example_branch_operator.py for tasks to queue
[2024-06-16T12:55:54.370+0000] {logging_mixin.py:188} INFO - [2024-06-16T12:55:54.370+0000] {dagbag.py:545} INFO - Filling up the DagBag from /home/airflow/.local/lib/python3.12/site-packages/airflow/example_dags/example_branch_operator.py
[2024-06-16T12:55:54.400+0000] {processor.py:840} INFO - DAG(s) 'example_branch_operator' retrieved from /home/airflow/.local/lib/python3.12/site-packages/airflow/example_dags/example_branch_operator.py
[2024-06-16T12:55:54.447+0000] {logging_mixin.py:188} INFO - [2024-06-16T12:55:54.446+0000] {dag.py:3096} INFO - Sync 1 DAGs
[2024-06-16T12:55:54.485+0000] {logging_mixin.py:188} INFO - [2024-06-16T12:55:54.484+0000] {dag.py:3954} INFO - Setting next_dagrun for example_branch_operator to 2024-06-15 00:00:00+00:00, run_after=2024-06-16 00:00:00+00:00
[2024-06-16T12:55:54.515+0000] {processor.py:183} INFO - Processing /home/airflow/.local/lib/python3.12/site-packages/airflow/example_dags/example_branch_operator.py took 0.155 seconds
[2024-06-16T12:56:24.643+0000] {processor.py:161} INFO - Started process (PID=1213) to work on /home/airflow/.local/lib/python3.12/site-packages/airflow/example_dags/example_branch_operator.py
[2024-06-16T12:56:24.644+0000] {processor.py:830} INFO - Processing file /home/airflow/.local/lib/python3.12/site-packages/airflow/example_dags/example_branch_operator.py for tasks to queue
[2024-06-16T12:56:24.646+0000] {logging_mixin.py:188} INFO - [2024-06-16T12:56:24.645+0000] {dagbag.py:545} INFO - Filling up the DagBag from /home/airflow/.local/lib/python3.12/site-packages/airflow/example_dags/example_branch_operator.py
[2024-06-16T12:56:24.675+0000] {processor.py:840} INFO - DAG(s) 'example_branch_operator' retrieved from /home/airflow/.local/lib/python3.12/site-packages/airflow/example_dags/example_branch_operator.py
[2024-06-16T12:56:24.728+0000] {logging_mixin.py:188} INFO - [2024-06-16T12:56:24.727+0000] {dag.py:3096} INFO - Sync 1 DAGs
[2024-06-16T12:56:24.763+0000] {logging_mixin.py:188} INFO - [2024-06-16T12:56:24.762+0000] {dag.py:3954} INFO - Setting next_dagrun for example_branch_operator to 2024-06-15 00:00:00+00:00, run_after=2024-06-16 00:00:00+00:00
[2024-06-16T12:56:24.792+0000] {processor.py:183} INFO - Processing /home/airflow/.local/lib/python3.12/site-packages/airflow/example_dags/example_branch_operator.py took 0.160 seconds
[2024-06-16T12:56:55.121+0000] {processor.py:161} INFO - Started process (PID=1272) to work on /home/airflow/.local/lib/python3.12/site-packages/airflow/example_dags/example_branch_operator.py
[2024-06-16T12:56:55.123+0000] {processor.py:830} INFO - Processing file /home/airflow/.local/lib/python3.12/site-packages/airflow/example_dags/example_branch_operator.py for tasks to queue
[2024-06-16T12:56:55.124+0000] {logging_mixin.py:188} INFO - [2024-06-16T12:56:55.124+0000] {dagbag.py:545} INFO - Filling up the DagBag from /home/airflow/.local/lib/python3.12/site-packages/airflow/example_dags/example_branch_operator.py
[2024-06-16T12:56:55.146+0000] {processor.py:840} INFO - DAG(s) 'example_branch_operator' retrieved from /home/airflow/.local/lib/python3.12/site-packages/airflow/example_dags/example_branch_operator.py
[2024-06-16T12:56:55.194+0000] {logging_mixin.py:188} INFO - [2024-06-16T12:56:55.193+0000] {dag.py:3096} INFO - Sync 1 DAGs
[2024-06-16T12:56:55.230+0000] {logging_mixin.py:188} INFO - [2024-06-16T12:56:55.230+0000] {dag.py:3954} INFO - Setting next_dagrun for example_branch_operator to 2024-06-15 00:00:00+00:00, run_after=2024-06-16 00:00:00+00:00
[2024-06-16T12:56:55.257+0000] {processor.py:183} INFO - Processing /home/airflow/.local/lib/python3.12/site-packages/airflow/example_dags/example_branch_operator.py took 0.141 seconds
[2024-06-16T12:57:25.423+0000] {processor.py:161} INFO - Started process (PID=1330) to work on /home/airflow/.local/lib/python3.12/site-packages/airflow/example_dags/example_branch_operator.py
[2024-06-16T12:57:25.424+0000] {processor.py:830} INFO - Processing file /home/airflow/.local/lib/python3.12/site-packages/airflow/example_dags/example_branch_operator.py for tasks to queue
[2024-06-16T12:57:25.426+0000] {logging_mixin.py:188} INFO - [2024-06-16T12:57:25.425+0000] {dagbag.py:545} INFO - Filling up the DagBag from /home/airflow/.local/lib/python3.12/site-packages/airflow/example_dags/example_branch_operator.py
[2024-06-16T12:57:25.456+0000] {processor.py:840} INFO - DAG(s) 'example_branch_operator' retrieved from /home/airflow/.local/lib/python3.12/site-packages/airflow/example_dags/example_branch_operator.py
[2024-06-16T12:57:25.515+0000] {logging_mixin.py:188} INFO - [2024-06-16T12:57:25.514+0000] {dag.py:3096} INFO - Sync 1 DAGs
[2024-06-16T12:57:25.568+0000] {logging_mixin.py:188} INFO - [2024-06-16T12:57:25.568+0000] {dag.py:3954} INFO - Setting next_dagrun for example_branch_operator to 2024-06-15 00:00:00+00:00, run_after=2024-06-16 00:00:00+00:00
[2024-06-16T12:57:25.606+0000] {processor.py:183} INFO - Processing /home/airflow/.local/lib/python3.12/site-packages/airflow/example_dags/example_branch_operator.py took 0.194 seconds
[2024-06-16T12:57:55.723+0000] {processor.py:161} INFO - Started process (PID=1389) to work on /home/airflow/.local/lib/python3.12/site-packages/airflow/example_dags/example_branch_operator.py
[2024-06-16T12:57:55.725+0000] {processor.py:830} INFO - Processing file /home/airflow/.local/lib/python3.12/site-packages/airflow/example_dags/example_branch_operator.py for tasks to queue
[2024-06-16T12:57:55.726+0000] {logging_mixin.py:188} INFO - [2024-06-16T12:57:55.725+0000] {dagbag.py:545} INFO - Filling up the DagBag from /home/airflow/.local/lib/python3.12/site-packages/airflow/example_dags/example_branch_operator.py
[2024-06-16T12:57:55.753+0000] {processor.py:840} INFO - DAG(s) 'example_branch_operator' retrieved from /home/airflow/.local/lib/python3.12/site-packages/airflow/example_dags/example_branch_operator.py
[2024-06-16T12:57:55.803+0000] {logging_mixin.py:188} INFO - [2024-06-16T12:57:55.802+0000] {dag.py:3096} INFO - Sync 1 DAGs
[2024-06-16T12:57:55.848+0000] {logging_mixin.py:188} INFO - [2024-06-16T12:57:55.848+0000] {dag.py:3954} INFO - Setting next_dagrun for example_branch_operator to 2024-06-15 00:00:00+00:00, run_after=2024-06-16 00:00:00+00:00
[2024-06-16T12:57:55.881+0000] {processor.py:183} INFO - Processing /home/airflow/.local/lib/python3.12/site-packages/airflow/example_dags/example_branch_operator.py took 0.165 seconds
[2024-06-16T12:58:26.076+0000] {processor.py:161} INFO - Started process (PID=1447) to work on /home/airflow/.local/lib/python3.12/site-packages/airflow/example_dags/example_branch_operator.py
[2024-06-16T12:58:26.077+0000] {processor.py:830} INFO - Processing file /home/airflow/.local/lib/python3.12/site-packages/airflow/example_dags/example_branch_operator.py for tasks to queue
[2024-06-16T12:58:26.077+0000] {logging_mixin.py:188} INFO - [2024-06-16T12:58:26.077+0000] {dagbag.py:545} INFO - Filling up the DagBag from /home/airflow/.local/lib/python3.12/site-packages/airflow/example_dags/example_branch_operator.py
[2024-06-16T12:58:26.100+0000] {processor.py:840} INFO - DAG(s) 'example_branch_operator' retrieved from /home/airflow/.local/lib/python3.12/site-packages/airflow/example_dags/example_branch_operator.py
[2024-06-16T12:58:26.143+0000] {logging_mixin.py:188} INFO - [2024-06-16T12:58:26.143+0000] {dag.py:3096} INFO - Sync 1 DAGs
[2024-06-16T12:58:26.179+0000] {logging_mixin.py:188} INFO - [2024-06-16T12:58:26.179+0000] {dag.py:3954} INFO - Setting next_dagrun for example_branch_operator to 2024-06-15 00:00:00+00:00, run_after=2024-06-16 00:00:00+00:00
[2024-06-16T12:58:26.207+0000] {processor.py:183} INFO - Processing /home/airflow/.local/lib/python3.12/site-packages/airflow/example_dags/example_branch_operator.py took 0.137 seconds
[2024-06-16T12:58:56.993+0000] {processor.py:161} INFO - Started process (PID=1513) to work on /home/airflow/.local/lib/python3.12/site-packages/airflow/example_dags/example_branch_operator.py
[2024-06-16T12:58:56.994+0000] {processor.py:830} INFO - Processing file /home/airflow/.local/lib/python3.12/site-packages/airflow/example_dags/example_branch_operator.py for tasks to queue
[2024-06-16T12:58:56.995+0000] {logging_mixin.py:188} INFO - [2024-06-16T12:58:56.995+0000] {dagbag.py:545} INFO - Filling up the DagBag from /home/airflow/.local/lib/python3.12/site-packages/airflow/example_dags/example_branch_operator.py
[2024-06-16T12:58:57.019+0000] {processor.py:840} INFO - DAG(s) 'example_branch_operator' retrieved from /home/airflow/.local/lib/python3.12/site-packages/airflow/example_dags/example_branch_operator.py
[2024-06-16T12:58:57.059+0000] {logging_mixin.py:188} INFO - [2024-06-16T12:58:57.059+0000] {dag.py:3096} INFO - Sync 1 DAGs
[2024-06-16T12:58:57.090+0000] {logging_mixin.py:188} INFO - [2024-06-16T12:58:57.089+0000] {dag.py:3954} INFO - Setting next_dagrun for example_branch_operator to 2024-06-15 00:00:00+00:00, run_after=2024-06-16 00:00:00+00:00
[2024-06-16T12:58:57.120+0000] {processor.py:183} INFO - Processing /home/airflow/.local/lib/python3.12/site-packages/airflow/example_dags/example_branch_operator.py took 0.132 seconds
[2024-06-16T12:59:27.311+0000] {processor.py:161} INFO - Started process (PID=1575) to work on /home/airflow/.local/lib/python3.12/site-packages/airflow/example_dags/example_branch_operator.py
[2024-06-16T12:59:27.316+0000] {processor.py:830} INFO - Processing file /home/airflow/.local/lib/python3.12/site-packages/airflow/example_dags/example_branch_operator.py for tasks to queue
[2024-06-16T12:59:27.317+0000] {logging_mixin.py:188} INFO - [2024-06-16T12:59:27.317+0000] {dagbag.py:545} INFO - Filling up the DagBag from /home/airflow/.local/lib/python3.12/site-packages/airflow/example_dags/example_branch_operator.py
[2024-06-16T12:59:27.353+0000] {processor.py:840} INFO - DAG(s) 'example_branch_operator' retrieved from /home/airflow/.local/lib/python3.12/site-packages/airflow/example_dags/example_branch_operator.py
[2024-06-16T12:59:27.452+0000] {logging_mixin.py:188} INFO - [2024-06-16T12:59:27.452+0000] {dag.py:3096} INFO - Sync 1 DAGs
[2024-06-16T12:59:27.508+0000] {logging_mixin.py:188} INFO - [2024-06-16T12:59:27.508+0000] {dag.py:3954} INFO - Setting next_dagrun for example_branch_operator to 2024-06-15 00:00:00+00:00, run_after=2024-06-16 00:00:00+00:00
[2024-06-16T12:59:27.551+0000] {processor.py:183} INFO - Processing /home/airflow/.local/lib/python3.12/site-packages/airflow/example_dags/example_branch_operator.py took 0.249 seconds
[2024-06-16T12:59:57.804+0000] {processor.py:161} INFO - Started process (PID=1635) to work on /home/airflow/.local/lib/python3.12/site-packages/airflow/example_dags/example_branch_operator.py
[2024-06-16T12:59:57.807+0000] {processor.py:830} INFO - Processing file /home/airflow/.local/lib/python3.12/site-packages/airflow/example_dags/example_branch_operator.py for tasks to queue
[2024-06-16T12:59:57.809+0000] {logging_mixin.py:188} INFO - [2024-06-16T12:59:57.808+0000] {dagbag.py:545} INFO - Filling up the DagBag from /home/airflow/.local/lib/python3.12/site-packages/airflow/example_dags/example_branch_operator.py
[2024-06-16T12:59:57.844+0000] {processor.py:840} INFO - DAG(s) 'example_branch_operator' retrieved from /home/airflow/.local/lib/python3.12/site-packages/airflow/example_dags/example_branch_operator.py
[2024-06-16T12:59:57.919+0000] {logging_mixin.py:188} INFO - [2024-06-16T12:59:57.919+0000] {dag.py:3096} INFO - Sync 1 DAGs
[2024-06-16T12:59:57.964+0000] {logging_mixin.py:188} INFO - [2024-06-16T12:59:57.963+0000] {dag.py:3954} INFO - Setting next_dagrun for example_branch_operator to 2024-06-15 00:00:00+00:00, run_after=2024-06-16 00:00:00+00:00
[2024-06-16T12:59:58.002+0000] {processor.py:183} INFO - Processing /home/airflow/.local/lib/python3.12/site-packages/airflow/example_dags/example_branch_operator.py took 0.211 seconds
[2024-06-16T13:00:28.718+0000] {processor.py:161} INFO - Started process (PID=1702) to work on /home/airflow/.local/lib/python3.12/site-packages/airflow/example_dags/example_branch_operator.py
[2024-06-16T13:00:28.720+0000] {processor.py:830} INFO - Processing file /home/airflow/.local/lib/python3.12/site-packages/airflow/example_dags/example_branch_operator.py for tasks to queue
[2024-06-16T13:00:28.721+0000] {logging_mixin.py:188} INFO - [2024-06-16T13:00:28.721+0000] {dagbag.py:545} INFO - Filling up the DagBag from /home/airflow/.local/lib/python3.12/site-packages/airflow/example_dags/example_branch_operator.py
[2024-06-16T13:00:28.741+0000] {processor.py:840} INFO - DAG(s) 'example_branch_operator' retrieved from /home/airflow/.local/lib/python3.12/site-packages/airflow/example_dags/example_branch_operator.py
[2024-06-16T13:00:28.789+0000] {logging_mixin.py:188} INFO - [2024-06-16T13:00:28.789+0000] {dag.py:3096} INFO - Sync 1 DAGs
[2024-06-16T13:00:28.822+0000] {logging_mixin.py:188} INFO - [2024-06-16T13:00:28.822+0000] {dag.py:3954} INFO - Setting next_dagrun for example_branch_operator to 2024-06-15 00:00:00+00:00, run_after=2024-06-16 00:00:00+00:00
[2024-06-16T13:00:28.847+0000] {processor.py:183} INFO - Processing /home/airflow/.local/lib/python3.12/site-packages/airflow/example_dags/example_branch_operator.py took 0.134 seconds
[2024-06-16T13:00:59.010+0000] {processor.py:161} INFO - Started process (PID=1761) to work on /home/airflow/.local/lib/python3.12/site-packages/airflow/example_dags/example_branch_operator.py
[2024-06-16T13:00:59.011+0000] {processor.py:830} INFO - Processing file /home/airflow/.local/lib/python3.12/site-packages/airflow/example_dags/example_branch_operator.py for tasks to queue
[2024-06-16T13:00:59.012+0000] {logging_mixin.py:188} INFO - [2024-06-16T13:00:59.011+0000] {dagbag.py:545} INFO - Filling up the DagBag from /home/airflow/.local/lib/python3.12/site-packages/airflow/example_dags/example_branch_operator.py
[2024-06-16T13:00:59.039+0000] {processor.py:840} INFO - DAG(s) 'example_branch_operator' retrieved from /home/airflow/.local/lib/python3.12/site-packages/airflow/example_dags/example_branch_operator.py
[2024-06-16T13:00:59.091+0000] {logging_mixin.py:188} INFO - [2024-06-16T13:00:59.091+0000] {dag.py:3096} INFO - Sync 1 DAGs
[2024-06-16T13:00:59.132+0000] {logging_mixin.py:188} INFO - [2024-06-16T13:00:59.132+0000] {dag.py:3954} INFO - Setting next_dagrun for example_branch_operator to 2024-06-15 00:00:00+00:00, run_after=2024-06-16 00:00:00+00:00
[2024-06-16T13:00:59.165+0000] {processor.py:183} INFO - Processing /home/airflow/.local/lib/python3.12/site-packages/airflow/example_dags/example_branch_operator.py took 0.164 seconds
[2024-06-16T13:01:29.434+0000] {processor.py:161} INFO - Started process (PID=1820) to work on /home/airflow/.local/lib/python3.12/site-packages/airflow/example_dags/example_branch_operator.py
[2024-06-16T13:01:29.437+0000] {processor.py:830} INFO - Processing file /home/airflow/.local/lib/python3.12/site-packages/airflow/example_dags/example_branch_operator.py for tasks to queue
[2024-06-16T13:01:29.437+0000] {logging_mixin.py:188} INFO - [2024-06-16T13:01:29.437+0000] {dagbag.py:545} INFO - Filling up the DagBag from /home/airflow/.local/lib/python3.12/site-packages/airflow/example_dags/example_branch_operator.py
[2024-06-16T13:01:29.462+0000] {processor.py:840} INFO - DAG(s) 'example_branch_operator' retrieved from /home/airflow/.local/lib/python3.12/site-packages/airflow/example_dags/example_branch_operator.py
[2024-06-16T13:01:29.500+0000] {logging_mixin.py:188} INFO - [2024-06-16T13:01:29.499+0000] {dag.py:3096} INFO - Sync 1 DAGs
[2024-06-16T13:01:29.535+0000] {logging_mixin.py:188} INFO - [2024-06-16T13:01:29.535+0000] {dag.py:3954} INFO - Setting next_dagrun for example_branch_operator to 2024-06-15 00:00:00+00:00, run_after=2024-06-16 00:00:00+00:00
[2024-06-16T13:01:29.559+0000] {processor.py:183} INFO - Processing /home/airflow/.local/lib/python3.12/site-packages/airflow/example_dags/example_branch_operator.py took 0.130 seconds
[2024-06-16T13:01:59.819+0000] {processor.py:161} INFO - Started process (PID=1879) to work on /home/airflow/.local/lib/python3.12/site-packages/airflow/example_dags/example_branch_operator.py
[2024-06-16T13:01:59.828+0000] {processor.py:830} INFO - Processing file /home/airflow/.local/lib/python3.12/site-packages/airflow/example_dags/example_branch_operator.py for tasks to queue
[2024-06-16T13:01:59.830+0000] {logging_mixin.py:188} INFO - [2024-06-16T13:01:59.829+0000] {dagbag.py:545} INFO - Filling up the DagBag from /home/airflow/.local/lib/python3.12/site-packages/airflow/example_dags/example_branch_operator.py
[2024-06-16T13:01:59.866+0000] {processor.py:840} INFO - DAG(s) 'example_branch_operator' retrieved from /home/airflow/.local/lib/python3.12/site-packages/airflow/example_dags/example_branch_operator.py
[2024-06-16T13:01:59.969+0000] {logging_mixin.py:188} INFO - [2024-06-16T13:01:59.969+0000] {dag.py:3096} INFO - Sync 1 DAGs
[2024-06-16T13:02:00.029+0000] {logging_mixin.py:188} INFO - [2024-06-16T13:02:00.028+0000] {dag.py:3954} INFO - Setting next_dagrun for example_branch_operator to 2024-06-15 00:00:00+00:00, run_after=2024-06-16 00:00:00+00:00
[2024-06-16T13:02:00.072+0000] {processor.py:183} INFO - Processing /home/airflow/.local/lib/python3.12/site-packages/airflow/example_dags/example_branch_operator.py took 0.265 seconds
[2024-06-16T13:02:30.191+0000] {processor.py:161} INFO - Started process (PID=1938) to work on /home/airflow/.local/lib/python3.12/site-packages/airflow/example_dags/example_branch_operator.py
[2024-06-16T13:02:30.192+0000] {processor.py:830} INFO - Processing file /home/airflow/.local/lib/python3.12/site-packages/airflow/example_dags/example_branch_operator.py for tasks to queue
[2024-06-16T13:02:30.193+0000] {logging_mixin.py:188} INFO - [2024-06-16T13:02:30.192+0000] {dagbag.py:545} INFO - Filling up the DagBag from /home/airflow/.local/lib/python3.12/site-packages/airflow/example_dags/example_branch_operator.py
[2024-06-16T13:02:30.215+0000] {processor.py:840} INFO - DAG(s) 'example_branch_operator' retrieved from /home/airflow/.local/lib/python3.12/site-packages/airflow/example_dags/example_branch_operator.py
[2024-06-16T13:02:30.259+0000] {logging_mixin.py:188} INFO - [2024-06-16T13:02:30.259+0000] {dag.py:3096} INFO - Sync 1 DAGs
[2024-06-16T13:02:30.291+0000] {logging_mixin.py:188} INFO - [2024-06-16T13:02:30.291+0000] {dag.py:3954} INFO - Setting next_dagrun for example_branch_operator to 2024-06-15 00:00:00+00:00, run_after=2024-06-16 00:00:00+00:00
[2024-06-16T13:02:30.316+0000] {processor.py:183} INFO - Processing /home/airflow/.local/lib/python3.12/site-packages/airflow/example_dags/example_branch_operator.py took 0.132 seconds
[2024-06-16T13:03:00.635+0000] {processor.py:161} INFO - Started process (PID=1997) to work on /home/airflow/.local/lib/python3.12/site-packages/airflow/example_dags/example_branch_operator.py
[2024-06-16T13:03:00.635+0000] {processor.py:830} INFO - Processing file /home/airflow/.local/lib/python3.12/site-packages/airflow/example_dags/example_branch_operator.py for tasks to queue
[2024-06-16T13:03:00.636+0000] {logging_mixin.py:188} INFO - [2024-06-16T13:03:00.636+0000] {dagbag.py:545} INFO - Filling up the DagBag from /home/airflow/.local/lib/python3.12/site-packages/airflow/example_dags/example_branch_operator.py
[2024-06-16T13:03:00.661+0000] {processor.py:840} INFO - DAG(s) 'example_branch_operator' retrieved from /home/airflow/.local/lib/python3.12/site-packages/airflow/example_dags/example_branch_operator.py
[2024-06-16T13:03:00.704+0000] {logging_mixin.py:188} INFO - [2024-06-16T13:03:00.703+0000] {dag.py:3096} INFO - Sync 1 DAGs
[2024-06-16T13:03:00.738+0000] {logging_mixin.py:188} INFO - [2024-06-16T13:03:00.738+0000] {dag.py:3954} INFO - Setting next_dagrun for example_branch_operator to 2024-06-15 00:00:00+00:00, run_after=2024-06-16 00:00:00+00:00
[2024-06-16T13:03:00.766+0000] {processor.py:183} INFO - Processing /home/airflow/.local/lib/python3.12/site-packages/airflow/example_dags/example_branch_operator.py took 0.138 seconds
[2024-06-16T13:03:31.170+0000] {processor.py:161} INFO - Started process (PID=2056) to work on /home/airflow/.local/lib/python3.12/site-packages/airflow/example_dags/example_branch_operator.py
[2024-06-16T13:03:31.171+0000] {processor.py:830} INFO - Processing file /home/airflow/.local/lib/python3.12/site-packages/airflow/example_dags/example_branch_operator.py for tasks to queue
[2024-06-16T13:03:31.172+0000] {logging_mixin.py:188} INFO - [2024-06-16T13:03:31.172+0000] {dagbag.py:545} INFO - Filling up the DagBag from /home/airflow/.local/lib/python3.12/site-packages/airflow/example_dags/example_branch_operator.py
[2024-06-16T13:03:31.194+0000] {processor.py:840} INFO - DAG(s) 'example_branch_operator' retrieved from /home/airflow/.local/lib/python3.12/site-packages/airflow/example_dags/example_branch_operator.py
[2024-06-16T13:03:31.247+0000] {logging_mixin.py:188} INFO - [2024-06-16T13:03:31.246+0000] {dag.py:3096} INFO - Sync 1 DAGs
[2024-06-16T13:03:31.283+0000] {logging_mixin.py:188} INFO - [2024-06-16T13:03:31.282+0000] {dag.py:3954} INFO - Setting next_dagrun for example_branch_operator to 2024-06-15 00:00:00+00:00, run_after=2024-06-16 00:00:00+00:00
[2024-06-16T13:03:31.310+0000] {processor.py:183} INFO - Processing /home/airflow/.local/lib/python3.12/site-packages/airflow/example_dags/example_branch_operator.py took 0.146 seconds
[2024-06-16T13:04:01.490+0000] {processor.py:161} INFO - Started process (PID=2116) to work on /home/airflow/.local/lib/python3.12/site-packages/airflow/example_dags/example_branch_operator.py
[2024-06-16T13:04:01.491+0000] {processor.py:830} INFO - Processing file /home/airflow/.local/lib/python3.12/site-packages/airflow/example_dags/example_branch_operator.py for tasks to queue
[2024-06-16T13:04:01.492+0000] {logging_mixin.py:188} INFO - [2024-06-16T13:04:01.491+0000] {dagbag.py:545} INFO - Filling up the DagBag from /home/airflow/.local/lib/python3.12/site-packages/airflow/example_dags/example_branch_operator.py
[2024-06-16T13:04:01.519+0000] {processor.py:840} INFO - DAG(s) 'example_branch_operator' retrieved from /home/airflow/.local/lib/python3.12/site-packages/airflow/example_dags/example_branch_operator.py
[2024-06-16T13:04:01.571+0000] {logging_mixin.py:188} INFO - [2024-06-16T13:04:01.570+0000] {dag.py:3096} INFO - Sync 1 DAGs
[2024-06-16T13:04:01.780+0000] {logging_mixin.py:188} INFO - [2024-06-16T13:04:01.780+0000] {dag.py:3954} INFO - Setting next_dagrun for example_branch_operator to 2024-06-15 00:00:00+00:00, run_after=2024-06-16 00:00:00+00:00
[2024-06-16T13:04:01.813+0000] {processor.py:183} INFO - Processing /home/airflow/.local/lib/python3.12/site-packages/airflow/example_dags/example_branch_operator.py took 0.330 seconds
[2024-06-16T13:04:31.972+0000] {processor.py:161} INFO - Started process (PID=2177) to work on /home/airflow/.local/lib/python3.12/site-packages/airflow/example_dags/example_branch_operator.py
[2024-06-16T13:04:31.973+0000] {processor.py:830} INFO - Processing file /home/airflow/.local/lib/python3.12/site-packages/airflow/example_dags/example_branch_operator.py for tasks to queue
[2024-06-16T13:04:31.974+0000] {logging_mixin.py:188} INFO - [2024-06-16T13:04:31.974+0000] {dagbag.py:545} INFO - Filling up the DagBag from /home/airflow/.local/lib/python3.12/site-packages/airflow/example_dags/example_branch_operator.py
[2024-06-16T13:04:32.010+0000] {processor.py:840} INFO - DAG(s) 'example_branch_operator' retrieved from /home/airflow/.local/lib/python3.12/site-packages/airflow/example_dags/example_branch_operator.py
[2024-06-16T13:04:32.074+0000] {logging_mixin.py:188} INFO - [2024-06-16T13:04:32.073+0000] {dag.py:3096} INFO - Sync 1 DAGs
[2024-06-16T13:04:32.118+0000] {logging_mixin.py:188} INFO - [2024-06-16T13:04:32.118+0000] {dag.py:3954} INFO - Setting next_dagrun for example_branch_operator to 2024-06-15 00:00:00+00:00, run_after=2024-06-16 00:00:00+00:00
[2024-06-16T13:04:32.158+0000] {processor.py:183} INFO - Processing /home/airflow/.local/lib/python3.12/site-packages/airflow/example_dags/example_branch_operator.py took 0.199 seconds
[2024-06-16T13:05:02.317+0000] {processor.py:161} INFO - Started process (PID=2237) to work on /home/airflow/.local/lib/python3.12/site-packages/airflow/example_dags/example_branch_operator.py
[2024-06-16T13:05:02.318+0000] {processor.py:830} INFO - Processing file /home/airflow/.local/lib/python3.12/site-packages/airflow/example_dags/example_branch_operator.py for tasks to queue
[2024-06-16T13:05:02.319+0000] {logging_mixin.py:188} INFO - [2024-06-16T13:05:02.319+0000] {dagbag.py:545} INFO - Filling up the DagBag from /home/airflow/.local/lib/python3.12/site-packages/airflow/example_dags/example_branch_operator.py
[2024-06-16T13:05:02.345+0000] {processor.py:840} INFO - DAG(s) 'example_branch_operator' retrieved from /home/airflow/.local/lib/python3.12/site-packages/airflow/example_dags/example_branch_operator.py
[2024-06-16T13:05:02.399+0000] {logging_mixin.py:188} INFO - [2024-06-16T13:05:02.398+0000] {dag.py:3096} INFO - Sync 1 DAGs
[2024-06-16T13:05:02.439+0000] {logging_mixin.py:188} INFO - [2024-06-16T13:05:02.439+0000] {dag.py:3954} INFO - Setting next_dagrun for example_branch_operator to 2024-06-15 00:00:00+00:00, run_after=2024-06-16 00:00:00+00:00
[2024-06-16T13:05:02.471+0000] {processor.py:183} INFO - Processing /home/airflow/.local/lib/python3.12/site-packages/airflow/example_dags/example_branch_operator.py took 0.163 seconds
[2024-06-16T13:05:32.715+0000] {processor.py:161} INFO - Started process (PID=2296) to work on /home/airflow/.local/lib/python3.12/site-packages/airflow/example_dags/example_branch_operator.py
[2024-06-16T13:05:32.716+0000] {processor.py:830} INFO - Processing file /home/airflow/.local/lib/python3.12/site-packages/airflow/example_dags/example_branch_operator.py for tasks to queue
[2024-06-16T13:05:32.717+0000] {logging_mixin.py:188} INFO - [2024-06-16T13:05:32.716+0000] {dagbag.py:545} INFO - Filling up the DagBag from /home/airflow/.local/lib/python3.12/site-packages/airflow/example_dags/example_branch_operator.py
[2024-06-16T13:05:32.749+0000] {processor.py:840} INFO - DAG(s) 'example_branch_operator' retrieved from /home/airflow/.local/lib/python3.12/site-packages/airflow/example_dags/example_branch_operator.py
[2024-06-16T13:05:32.797+0000] {logging_mixin.py:188} INFO - [2024-06-16T13:05:32.796+0000] {dag.py:3096} INFO - Sync 1 DAGs
[2024-06-16T13:05:33.025+0000] {logging_mixin.py:188} INFO - [2024-06-16T13:05:33.025+0000] {dag.py:3954} INFO - Setting next_dagrun for example_branch_operator to 2024-06-15 00:00:00+00:00, run_after=2024-06-16 00:00:00+00:00
[2024-06-16T13:05:33.055+0000] {processor.py:183} INFO - Processing /home/airflow/.local/lib/python3.12/site-packages/airflow/example_dags/example_branch_operator.py took 0.349 seconds
[2024-06-16T13:06:03.789+0000] {processor.py:161} INFO - Started process (PID=2355) to work on /home/airflow/.local/lib/python3.12/site-packages/airflow/example_dags/example_branch_operator.py
[2024-06-16T13:06:03.790+0000] {processor.py:830} INFO - Processing file /home/airflow/.local/lib/python3.12/site-packages/airflow/example_dags/example_branch_operator.py for tasks to queue
[2024-06-16T13:06:03.791+0000] {logging_mixin.py:188} INFO - [2024-06-16T13:06:03.791+0000] {dagbag.py:545} INFO - Filling up the DagBag from /home/airflow/.local/lib/python3.12/site-packages/airflow/example_dags/example_branch_operator.py
[2024-06-16T13:06:03.812+0000] {processor.py:840} INFO - DAG(s) 'example_branch_operator' retrieved from /home/airflow/.local/lib/python3.12/site-packages/airflow/example_dags/example_branch_operator.py
[2024-06-16T13:06:03.862+0000] {logging_mixin.py:188} INFO - [2024-06-16T13:06:03.862+0000] {dag.py:3096} INFO - Sync 1 DAGs
[2024-06-16T13:06:03.898+0000] {logging_mixin.py:188} INFO - [2024-06-16T13:06:03.898+0000] {dag.py:3954} INFO - Setting next_dagrun for example_branch_operator to 2024-06-15 00:00:00+00:00, run_after=2024-06-16 00:00:00+00:00
[2024-06-16T13:06:03.926+0000] {processor.py:183} INFO - Processing /home/airflow/.local/lib/python3.12/site-packages/airflow/example_dags/example_branch_operator.py took 0.143 seconds
