[2024-06-16T12:20:53.460+0000] {processor.py:161} INFO - Started process (PID=52) to work on /home/airflow/.local/lib/python3.12/site-packages/airflow/example_dags/example_short_circuit_operator.py
[2024-06-16T12:20:53.462+0000] {processor.py:830} INFO - Processing file /home/airflow/.local/lib/python3.12/site-packages/airflow/example_dags/example_short_circuit_operator.py for tasks to queue
[2024-06-16T12:20:53.465+0000] {logging_mixin.py:188} INFO - [2024-06-16T12:20:53.464+0000] {dagbag.py:545} INFO - Filling up the DagBag from /home/airflow/.local/lib/python3.12/site-packages/airflow/example_dags/example_short_circuit_operator.py
[2024-06-16T12:20:53.535+0000] {processor.py:840} INFO - DAG(s) 'example_short_circuit_operator' retrieved from /home/airflow/.local/lib/python3.12/site-packages/airflow/example_dags/example_short_circuit_operator.py
[2024-06-16T12:20:54.457+0000] {logging_mixin.py:188} INFO - [2024-06-16T12:20:54.442+0000] {override.py:1829} INFO - Created Permission View: can edit on DAG:example_short_circuit_operator
[2024-06-16T12:20:54.511+0000] {logging_mixin.py:188} INFO - [2024-06-16T12:20:54.510+0000] {override.py:1829} INFO - Created Permission View: can delete on DAG:example_short_circuit_operator
[2024-06-16T12:20:54.639+0000] {logging_mixin.py:188} INFO - [2024-06-16T12:20:54.639+0000] {override.py:1829} INFO - Created Permission View: can read on DAG:example_short_circuit_operator
[2024-06-16T12:20:54.651+0000] {logging_mixin.py:188} INFO - [2024-06-16T12:20:54.651+0000] {dag.py:3096} INFO - Sync 1 DAGs
[2024-06-16T12:20:54.801+0000] {logging_mixin.py:188} INFO - [2024-06-16T12:20:54.800+0000] {dag.py:3118} INFO - Creating ORM DAG for example_short_circuit_operator
[2024-06-16T12:20:54.833+0000] {logging_mixin.py:188} INFO - [2024-06-16T12:20:54.832+0000] {dag.py:3954} INFO - Setting next_dagrun for example_short_circuit_operator to 2024-06-15 00:00:00+00:00, run_after=2024-06-16 00:00:00+00:00
[2024-06-16T12:20:54.923+0000] {processor.py:183} INFO - Processing /home/airflow/.local/lib/python3.12/site-packages/airflow/example_dags/example_short_circuit_operator.py took 1.500 seconds
[2024-06-16T12:21:28.909+0000] {processor.py:161} INFO - Started process (PID=111) to work on /home/airflow/.local/lib/python3.12/site-packages/airflow/example_dags/example_short_circuit_operator.py
[2024-06-16T12:21:28.939+0000] {processor.py:830} INFO - Processing file /home/airflow/.local/lib/python3.12/site-packages/airflow/example_dags/example_short_circuit_operator.py for tasks to queue
[2024-06-16T12:21:28.952+0000] {logging_mixin.py:188} INFO - [2024-06-16T12:21:28.951+0000] {dagbag.py:545} INFO - Filling up the DagBag from /home/airflow/.local/lib/python3.12/site-packages/airflow/example_dags/example_short_circuit_operator.py
[2024-06-16T12:21:29.103+0000] {processor.py:840} INFO - DAG(s) 'example_short_circuit_operator' retrieved from /home/airflow/.local/lib/python3.12/site-packages/airflow/example_dags/example_short_circuit_operator.py
[2024-06-16T12:21:29.319+0000] {logging_mixin.py:188} INFO - [2024-06-16T12:21:29.308+0000] {dag.py:3096} INFO - Sync 1 DAGs
[2024-06-16T12:21:29.600+0000] {logging_mixin.py:188} INFO - [2024-06-16T12:21:29.600+0000] {dag.py:3954} INFO - Setting next_dagrun for example_short_circuit_operator to 2024-06-15 00:00:00+00:00, run_after=2024-06-16 00:00:00+00:00
[2024-06-16T12:21:29.756+0000] {processor.py:183} INFO - Processing /home/airflow/.local/lib/python3.12/site-packages/airflow/example_dags/example_short_circuit_operator.py took 0.945 seconds
[2024-06-16T12:22:00.623+0000] {processor.py:161} INFO - Started process (PID=169) to work on /home/airflow/.local/lib/python3.12/site-packages/airflow/example_dags/example_short_circuit_operator.py
[2024-06-16T12:22:00.626+0000] {processor.py:830} INFO - Processing file /home/airflow/.local/lib/python3.12/site-packages/airflow/example_dags/example_short_circuit_operator.py for tasks to queue
[2024-06-16T12:22:00.630+0000] {logging_mixin.py:188} INFO - [2024-06-16T12:22:00.629+0000] {dagbag.py:545} INFO - Filling up the DagBag from /home/airflow/.local/lib/python3.12/site-packages/airflow/example_dags/example_short_circuit_operator.py
[2024-06-16T12:22:00.645+0000] {processor.py:840} INFO - DAG(s) 'example_short_circuit_operator' retrieved from /home/airflow/.local/lib/python3.12/site-packages/airflow/example_dags/example_short_circuit_operator.py
[2024-06-16T12:22:00.725+0000] {logging_mixin.py:188} INFO - [2024-06-16T12:22:00.725+0000] {dag.py:3096} INFO - Sync 1 DAGs
[2024-06-16T12:22:00.798+0000] {logging_mixin.py:188} INFO - [2024-06-16T12:22:00.797+0000] {dag.py:3954} INFO - Setting next_dagrun for example_short_circuit_operator to 2024-06-15 00:00:00+00:00, run_after=2024-06-16 00:00:00+00:00
[2024-06-16T12:22:00.840+0000] {processor.py:183} INFO - Processing /home/airflow/.local/lib/python3.12/site-packages/airflow/example_dags/example_short_circuit_operator.py took 0.247 seconds
[2024-06-16T12:22:31.117+0000] {processor.py:161} INFO - Started process (PID=226) to work on /home/airflow/.local/lib/python3.12/site-packages/airflow/example_dags/example_short_circuit_operator.py
[2024-06-16T12:22:31.125+0000] {processor.py:830} INFO - Processing file /home/airflow/.local/lib/python3.12/site-packages/airflow/example_dags/example_short_circuit_operator.py for tasks to queue
[2024-06-16T12:22:31.147+0000] {logging_mixin.py:188} INFO - [2024-06-16T12:22:31.146+0000] {dagbag.py:545} INFO - Filling up the DagBag from /home/airflow/.local/lib/python3.12/site-packages/airflow/example_dags/example_short_circuit_operator.py
[2024-06-16T12:22:31.223+0000] {processor.py:840} INFO - DAG(s) 'example_short_circuit_operator' retrieved from /home/airflow/.local/lib/python3.12/site-packages/airflow/example_dags/example_short_circuit_operator.py
[2024-06-16T12:22:31.374+0000] {logging_mixin.py:188} INFO - [2024-06-16T12:22:31.373+0000] {dag.py:3096} INFO - Sync 1 DAGs
[2024-06-16T12:22:31.460+0000] {logging_mixin.py:188} INFO - [2024-06-16T12:22:31.460+0000] {dag.py:3954} INFO - Setting next_dagrun for example_short_circuit_operator to 2024-06-15 00:00:00+00:00, run_after=2024-06-16 00:00:00+00:00
[2024-06-16T12:22:31.556+0000] {processor.py:183} INFO - Processing /home/airflow/.local/lib/python3.12/site-packages/airflow/example_dags/example_short_circuit_operator.py took 0.509 seconds
[2024-06-16T12:23:02.074+0000] {processor.py:161} INFO - Started process (PID=285) to work on /home/airflow/.local/lib/python3.12/site-packages/airflow/example_dags/example_short_circuit_operator.py
[2024-06-16T12:23:02.078+0000] {processor.py:830} INFO - Processing file /home/airflow/.local/lib/python3.12/site-packages/airflow/example_dags/example_short_circuit_operator.py for tasks to queue
[2024-06-16T12:23:02.083+0000] {logging_mixin.py:188} INFO - [2024-06-16T12:23:02.082+0000] {dagbag.py:545} INFO - Filling up the DagBag from /home/airflow/.local/lib/python3.12/site-packages/airflow/example_dags/example_short_circuit_operator.py
[2024-06-16T12:23:02.118+0000] {processor.py:840} INFO - DAG(s) 'example_short_circuit_operator' retrieved from /home/airflow/.local/lib/python3.12/site-packages/airflow/example_dags/example_short_circuit_operator.py
[2024-06-16T12:23:02.227+0000] {logging_mixin.py:188} INFO - [2024-06-16T12:23:02.226+0000] {dag.py:3096} INFO - Sync 1 DAGs
[2024-06-16T12:23:02.352+0000] {logging_mixin.py:188} INFO - [2024-06-16T12:23:02.352+0000] {dag.py:3954} INFO - Setting next_dagrun for example_short_circuit_operator to 2024-06-15 00:00:00+00:00, run_after=2024-06-16 00:00:00+00:00
[2024-06-16T12:23:02.433+0000] {processor.py:183} INFO - Processing /home/airflow/.local/lib/python3.12/site-packages/airflow/example_dags/example_short_circuit_operator.py took 0.379 seconds
[2024-06-16T12:23:34.107+0000] {processor.py:161} INFO - Started process (PID=344) to work on /home/airflow/.local/lib/python3.12/site-packages/airflow/example_dags/example_short_circuit_operator.py
[2024-06-16T12:23:34.116+0000] {processor.py:830} INFO - Processing file /home/airflow/.local/lib/python3.12/site-packages/airflow/example_dags/example_short_circuit_operator.py for tasks to queue
[2024-06-16T12:23:34.141+0000] {logging_mixin.py:188} INFO - [2024-06-16T12:23:34.140+0000] {dagbag.py:545} INFO - Filling up the DagBag from /home/airflow/.local/lib/python3.12/site-packages/airflow/example_dags/example_short_circuit_operator.py
[2024-06-16T12:23:34.207+0000] {processor.py:840} INFO - DAG(s) 'example_short_circuit_operator' retrieved from /home/airflow/.local/lib/python3.12/site-packages/airflow/example_dags/example_short_circuit_operator.py
[2024-06-16T12:23:34.394+0000] {logging_mixin.py:188} INFO - [2024-06-16T12:23:34.394+0000] {dag.py:3096} INFO - Sync 1 DAGs
[2024-06-16T12:23:34.571+0000] {logging_mixin.py:188} INFO - [2024-06-16T12:23:34.570+0000] {dag.py:3954} INFO - Setting next_dagrun for example_short_circuit_operator to 2024-06-15 00:00:00+00:00, run_after=2024-06-16 00:00:00+00:00
[2024-06-16T12:23:34.966+0000] {processor.py:183} INFO - Processing /home/airflow/.local/lib/python3.12/site-packages/airflow/example_dags/example_short_circuit_operator.py took 0.978 seconds
[2024-06-16T12:24:05.394+0000] {processor.py:161} INFO - Started process (PID=402) to work on /home/airflow/.local/lib/python3.12/site-packages/airflow/example_dags/example_short_circuit_operator.py
[2024-06-16T12:24:05.396+0000] {processor.py:830} INFO - Processing file /home/airflow/.local/lib/python3.12/site-packages/airflow/example_dags/example_short_circuit_operator.py for tasks to queue
[2024-06-16T12:24:05.400+0000] {logging_mixin.py:188} INFO - [2024-06-16T12:24:05.399+0000] {dagbag.py:545} INFO - Filling up the DagBag from /home/airflow/.local/lib/python3.12/site-packages/airflow/example_dags/example_short_circuit_operator.py
[2024-06-16T12:24:05.422+0000] {processor.py:840} INFO - DAG(s) 'example_short_circuit_operator' retrieved from /home/airflow/.local/lib/python3.12/site-packages/airflow/example_dags/example_short_circuit_operator.py
[2024-06-16T12:24:05.484+0000] {logging_mixin.py:188} INFO - [2024-06-16T12:24:05.483+0000] {dag.py:3096} INFO - Sync 1 DAGs
[2024-06-16T12:24:05.532+0000] {logging_mixin.py:188} INFO - [2024-06-16T12:24:05.532+0000] {dag.py:3954} INFO - Setting next_dagrun for example_short_circuit_operator to 2024-06-15 00:00:00+00:00, run_after=2024-06-16 00:00:00+00:00
[2024-06-16T12:24:05.575+0000] {processor.py:183} INFO - Processing /home/airflow/.local/lib/python3.12/site-packages/airflow/example_dags/example_short_circuit_operator.py took 0.192 seconds
[2024-06-16T12:24:35.851+0000] {processor.py:161} INFO - Started process (PID=461) to work on /home/airflow/.local/lib/python3.12/site-packages/airflow/example_dags/example_short_circuit_operator.py
[2024-06-16T12:24:35.854+0000] {processor.py:830} INFO - Processing file /home/airflow/.local/lib/python3.12/site-packages/airflow/example_dags/example_short_circuit_operator.py for tasks to queue
[2024-06-16T12:24:35.857+0000] {logging_mixin.py:188} INFO - [2024-06-16T12:24:35.856+0000] {dagbag.py:545} INFO - Filling up the DagBag from /home/airflow/.local/lib/python3.12/site-packages/airflow/example_dags/example_short_circuit_operator.py
[2024-06-16T12:24:35.894+0000] {processor.py:840} INFO - DAG(s) 'example_short_circuit_operator' retrieved from /home/airflow/.local/lib/python3.12/site-packages/airflow/example_dags/example_short_circuit_operator.py
[2024-06-16T12:24:35.963+0000] {logging_mixin.py:188} INFO - [2024-06-16T12:24:35.962+0000] {dag.py:3096} INFO - Sync 1 DAGs
[2024-06-16T12:24:36.017+0000] {logging_mixin.py:188} INFO - [2024-06-16T12:24:36.016+0000] {dag.py:3954} INFO - Setting next_dagrun for example_short_circuit_operator to 2024-06-15 00:00:00+00:00, run_after=2024-06-16 00:00:00+00:00
[2024-06-16T12:24:36.071+0000] {processor.py:183} INFO - Processing /home/airflow/.local/lib/python3.12/site-packages/airflow/example_dags/example_short_circuit_operator.py took 0.251 seconds
[2024-06-16T12:44:59.145+0000] {processor.py:161} INFO - Started process (PID=56) to work on /home/airflow/.local/lib/python3.12/site-packages/airflow/example_dags/example_short_circuit_operator.py
[2024-06-16T12:44:59.148+0000] {processor.py:830} INFO - Processing file /home/airflow/.local/lib/python3.12/site-packages/airflow/example_dags/example_short_circuit_operator.py for tasks to queue
[2024-06-16T12:44:59.159+0000] {logging_mixin.py:188} INFO - [2024-06-16T12:44:59.150+0000] {dagbag.py:545} INFO - Filling up the DagBag from /home/airflow/.local/lib/python3.12/site-packages/airflow/example_dags/example_short_circuit_operator.py
[2024-06-16T12:44:59.215+0000] {processor.py:840} INFO - DAG(s) 'example_short_circuit_operator' retrieved from /home/airflow/.local/lib/python3.12/site-packages/airflow/example_dags/example_short_circuit_operator.py
[2024-06-16T12:44:59.575+0000] {logging_mixin.py:188} INFO - [2024-06-16T12:44:59.574+0000] {override.py:1829} INFO - Created Permission View: can read on DAG:example_short_circuit_operator
[2024-06-16T12:44:59.606+0000] {logging_mixin.py:188} INFO - [2024-06-16T12:44:59.604+0000] {override.py:1829} INFO - Created Permission View: can delete on DAG:example_short_circuit_operator
[2024-06-16T12:44:59.635+0000] {logging_mixin.py:188} INFO - [2024-06-16T12:44:59.635+0000] {override.py:1829} INFO - Created Permission View: can edit on DAG:example_short_circuit_operator
[2024-06-16T12:44:59.636+0000] {logging_mixin.py:188} INFO - [2024-06-16T12:44:59.636+0000] {dag.py:3096} INFO - Sync 1 DAGs
[2024-06-16T12:44:59.698+0000] {logging_mixin.py:188} INFO - [2024-06-16T12:44:59.697+0000] {dag.py:3118} INFO - Creating ORM DAG for example_short_circuit_operator
[2024-06-16T12:44:59.738+0000] {logging_mixin.py:188} INFO - [2024-06-16T12:44:59.736+0000] {dag.py:3954} INFO - Setting next_dagrun for example_short_circuit_operator to 2024-06-15 00:00:00+00:00, run_after=2024-06-16 00:00:00+00:00
[2024-06-16T12:44:59.832+0000] {processor.py:183} INFO - Processing /home/airflow/.local/lib/python3.12/site-packages/airflow/example_dags/example_short_circuit_operator.py took 0.725 seconds
[2024-06-16T12:45:29.900+0000] {processor.py:161} INFO - Started process (PID=115) to work on /home/airflow/.local/lib/python3.12/site-packages/airflow/example_dags/example_short_circuit_operator.py
[2024-06-16T12:45:29.901+0000] {processor.py:830} INFO - Processing file /home/airflow/.local/lib/python3.12/site-packages/airflow/example_dags/example_short_circuit_operator.py for tasks to queue
[2024-06-16T12:45:29.903+0000] {logging_mixin.py:188} INFO - [2024-06-16T12:45:29.903+0000] {dagbag.py:545} INFO - Filling up the DagBag from /home/airflow/.local/lib/python3.12/site-packages/airflow/example_dags/example_short_circuit_operator.py
[2024-06-16T12:45:29.912+0000] {processor.py:840} INFO - DAG(s) 'example_short_circuit_operator' retrieved from /home/airflow/.local/lib/python3.12/site-packages/airflow/example_dags/example_short_circuit_operator.py
[2024-06-16T12:45:29.945+0000] {logging_mixin.py:188} INFO - [2024-06-16T12:45:29.945+0000] {dag.py:3096} INFO - Sync 1 DAGs
[2024-06-16T12:45:29.977+0000] {logging_mixin.py:188} INFO - [2024-06-16T12:45:29.977+0000] {dag.py:3954} INFO - Setting next_dagrun for example_short_circuit_operator to 2024-06-15 00:00:00+00:00, run_after=2024-06-16 00:00:00+00:00
[2024-06-16T12:45:30.006+0000] {processor.py:183} INFO - Processing /home/airflow/.local/lib/python3.12/site-packages/airflow/example_dags/example_short_circuit_operator.py took 0.114 seconds
[2024-06-16T12:46:00.277+0000] {processor.py:161} INFO - Started process (PID=174) to work on /home/airflow/.local/lib/python3.12/site-packages/airflow/example_dags/example_short_circuit_operator.py
[2024-06-16T12:46:00.278+0000] {processor.py:830} INFO - Processing file /home/airflow/.local/lib/python3.12/site-packages/airflow/example_dags/example_short_circuit_operator.py for tasks to queue
[2024-06-16T12:46:00.281+0000] {logging_mixin.py:188} INFO - [2024-06-16T12:46:00.281+0000] {dagbag.py:545} INFO - Filling up the DagBag from /home/airflow/.local/lib/python3.12/site-packages/airflow/example_dags/example_short_circuit_operator.py
[2024-06-16T12:46:00.295+0000] {processor.py:840} INFO - DAG(s) 'example_short_circuit_operator' retrieved from /home/airflow/.local/lib/python3.12/site-packages/airflow/example_dags/example_short_circuit_operator.py
[2024-06-16T12:46:00.345+0000] {logging_mixin.py:188} INFO - [2024-06-16T12:46:00.344+0000] {dag.py:3096} INFO - Sync 1 DAGs
[2024-06-16T12:46:00.387+0000] {logging_mixin.py:188} INFO - [2024-06-16T12:46:00.386+0000] {dag.py:3954} INFO - Setting next_dagrun for example_short_circuit_operator to 2024-06-15 00:00:00+00:00, run_after=2024-06-16 00:00:00+00:00
[2024-06-16T12:46:00.420+0000] {processor.py:183} INFO - Processing /home/airflow/.local/lib/python3.12/site-packages/airflow/example_dags/example_short_circuit_operator.py took 0.153 seconds
[2024-06-16T12:46:31.959+0000] {processor.py:161} INFO - Started process (PID=233) to work on /home/airflow/.local/lib/python3.12/site-packages/airflow/example_dags/example_short_circuit_operator.py
[2024-06-16T12:46:31.961+0000] {processor.py:830} INFO - Processing file /home/airflow/.local/lib/python3.12/site-packages/airflow/example_dags/example_short_circuit_operator.py for tasks to queue
[2024-06-16T12:46:31.965+0000] {logging_mixin.py:188} INFO - [2024-06-16T12:46:31.964+0000] {dagbag.py:545} INFO - Filling up the DagBag from /home/airflow/.local/lib/python3.12/site-packages/airflow/example_dags/example_short_circuit_operator.py
[2024-06-16T12:46:31.988+0000] {processor.py:840} INFO - DAG(s) 'example_short_circuit_operator' retrieved from /home/airflow/.local/lib/python3.12/site-packages/airflow/example_dags/example_short_circuit_operator.py
[2024-06-16T12:46:32.170+0000] {logging_mixin.py:188} INFO - [2024-06-16T12:46:32.170+0000] {dag.py:3096} INFO - Sync 1 DAGs
[2024-06-16T12:46:32.350+0000] {logging_mixin.py:188} INFO - [2024-06-16T12:46:32.349+0000] {dag.py:3954} INFO - Setting next_dagrun for example_short_circuit_operator to 2024-06-15 00:00:00+00:00, run_after=2024-06-16 00:00:00+00:00
[2024-06-16T12:46:32.568+0000] {processor.py:183} INFO - Processing /home/airflow/.local/lib/python3.12/site-packages/airflow/example_dags/example_short_circuit_operator.py took 0.620 seconds
[2024-06-16T12:47:29.722+0000] {processor.py:161} INFO - Started process (PID=292) to work on /home/airflow/.local/lib/python3.12/site-packages/airflow/example_dags/example_short_circuit_operator.py
[2024-06-16T12:47:29.723+0000] {processor.py:830} INFO - Processing file /home/airflow/.local/lib/python3.12/site-packages/airflow/example_dags/example_short_circuit_operator.py for tasks to queue
[2024-06-16T12:47:29.726+0000] {logging_mixin.py:188} INFO - [2024-06-16T12:47:29.725+0000] {dagbag.py:545} INFO - Filling up the DagBag from /home/airflow/.local/lib/python3.12/site-packages/airflow/example_dags/example_short_circuit_operator.py
[2024-06-16T12:47:29.740+0000] {processor.py:840} INFO - DAG(s) 'example_short_circuit_operator' retrieved from /home/airflow/.local/lib/python3.12/site-packages/airflow/example_dags/example_short_circuit_operator.py
[2024-06-16T12:47:29.793+0000] {logging_mixin.py:188} INFO - [2024-06-16T12:47:29.792+0000] {dag.py:3096} INFO - Sync 1 DAGs
[2024-06-16T12:47:29.838+0000] {logging_mixin.py:188} INFO - [2024-06-16T12:47:29.837+0000] {dag.py:3954} INFO - Setting next_dagrun for example_short_circuit_operator to 2024-06-15 00:00:00+00:00, run_after=2024-06-16 00:00:00+00:00
[2024-06-16T12:47:29.879+0000] {processor.py:183} INFO - Processing /home/airflow/.local/lib/python3.12/site-packages/airflow/example_dags/example_short_circuit_operator.py took 0.168 seconds
[2024-06-16T12:48:00.738+0000] {processor.py:161} INFO - Started process (PID=351) to work on /home/airflow/.local/lib/python3.12/site-packages/airflow/example_dags/example_short_circuit_operator.py
[2024-06-16T12:48:00.740+0000] {processor.py:830} INFO - Processing file /home/airflow/.local/lib/python3.12/site-packages/airflow/example_dags/example_short_circuit_operator.py for tasks to queue
[2024-06-16T12:48:00.743+0000] {logging_mixin.py:188} INFO - [2024-06-16T12:48:00.742+0000] {dagbag.py:545} INFO - Filling up the DagBag from /home/airflow/.local/lib/python3.12/site-packages/airflow/example_dags/example_short_circuit_operator.py
[2024-06-16T12:48:00.756+0000] {processor.py:840} INFO - DAG(s) 'example_short_circuit_operator' retrieved from /home/airflow/.local/lib/python3.12/site-packages/airflow/example_dags/example_short_circuit_operator.py
[2024-06-16T12:48:00.797+0000] {logging_mixin.py:188} INFO - [2024-06-16T12:48:00.797+0000] {dag.py:3096} INFO - Sync 1 DAGs
[2024-06-16T12:48:00.837+0000] {logging_mixin.py:188} INFO - [2024-06-16T12:48:00.836+0000] {dag.py:3954} INFO - Setting next_dagrun for example_short_circuit_operator to 2024-06-15 00:00:00+00:00, run_after=2024-06-16 00:00:00+00:00
[2024-06-16T12:48:00.872+0000] {processor.py:183} INFO - Processing /home/airflow/.local/lib/python3.12/site-packages/airflow/example_dags/example_short_circuit_operator.py took 0.144 seconds
[2024-06-16T12:48:35.388+0000] {processor.py:161} INFO - Started process (PID=410) to work on /home/airflow/.local/lib/python3.12/site-packages/airflow/example_dags/example_short_circuit_operator.py
[2024-06-16T12:48:35.391+0000] {processor.py:830} INFO - Processing file /home/airflow/.local/lib/python3.12/site-packages/airflow/example_dags/example_short_circuit_operator.py for tasks to queue
[2024-06-16T12:48:35.394+0000] {logging_mixin.py:188} INFO - [2024-06-16T12:48:35.393+0000] {dagbag.py:545} INFO - Filling up the DagBag from /home/airflow/.local/lib/python3.12/site-packages/airflow/example_dags/example_short_circuit_operator.py
[2024-06-16T12:48:35.441+0000] {processor.py:840} INFO - DAG(s) 'example_short_circuit_operator' retrieved from /home/airflow/.local/lib/python3.12/site-packages/airflow/example_dags/example_short_circuit_operator.py
[2024-06-16T12:48:35.644+0000] {logging_mixin.py:188} INFO - [2024-06-16T12:48:35.640+0000] {dag.py:3096} INFO - Sync 1 DAGs
[2024-06-16T12:48:35.757+0000] {logging_mixin.py:188} INFO - [2024-06-16T12:48:35.756+0000] {dag.py:3954} INFO - Setting next_dagrun for example_short_circuit_operator to 2024-06-15 00:00:00+00:00, run_after=2024-06-16 00:00:00+00:00
[2024-06-16T12:48:35.986+0000] {processor.py:183} INFO - Processing /home/airflow/.local/lib/python3.12/site-packages/airflow/example_dags/example_short_circuit_operator.py took 0.629 seconds
[2024-06-16T12:49:12.879+0000] {processor.py:161} INFO - Started process (PID=469) to work on /home/airflow/.local/lib/python3.12/site-packages/airflow/example_dags/example_short_circuit_operator.py
[2024-06-16T12:49:12.880+0000] {processor.py:830} INFO - Processing file /home/airflow/.local/lib/python3.12/site-packages/airflow/example_dags/example_short_circuit_operator.py for tasks to queue
[2024-06-16T12:49:12.883+0000] {logging_mixin.py:188} INFO - [2024-06-16T12:49:12.882+0000] {dagbag.py:545} INFO - Filling up the DagBag from /home/airflow/.local/lib/python3.12/site-packages/airflow/example_dags/example_short_circuit_operator.py
[2024-06-16T12:49:12.897+0000] {processor.py:840} INFO - DAG(s) 'example_short_circuit_operator' retrieved from /home/airflow/.local/lib/python3.12/site-packages/airflow/example_dags/example_short_circuit_operator.py
[2024-06-16T12:49:12.939+0000] {logging_mixin.py:188} INFO - [2024-06-16T12:49:12.939+0000] {dag.py:3096} INFO - Sync 1 DAGs
[2024-06-16T12:49:12.975+0000] {logging_mixin.py:188} INFO - [2024-06-16T12:49:12.974+0000] {dag.py:3954} INFO - Setting next_dagrun for example_short_circuit_operator to 2024-06-15 00:00:00+00:00, run_after=2024-06-16 00:00:00+00:00
[2024-06-16T12:49:13.003+0000] {processor.py:183} INFO - Processing /home/airflow/.local/lib/python3.12/site-packages/airflow/example_dags/example_short_circuit_operator.py took 0.134 seconds
[2024-06-16T12:49:52.318+0000] {processor.py:161} INFO - Started process (PID=514) to work on /home/airflow/.local/lib/python3.12/site-packages/airflow/example_dags/example_short_circuit_operator.py
[2024-06-16T12:49:52.320+0000] {processor.py:830} INFO - Processing file /home/airflow/.local/lib/python3.12/site-packages/airflow/example_dags/example_short_circuit_operator.py for tasks to queue
[2024-06-16T12:49:52.362+0000] {logging_mixin.py:188} INFO - [2024-06-16T12:49:52.356+0000] {dagbag.py:545} INFO - Filling up the DagBag from /home/airflow/.local/lib/python3.12/site-packages/airflow/example_dags/example_short_circuit_operator.py
[2024-06-16T12:49:52.647+0000] {processor.py:840} INFO - DAG(s) 'example_short_circuit_operator' retrieved from /home/airflow/.local/lib/python3.12/site-packages/airflow/example_dags/example_short_circuit_operator.py
[2024-06-16T12:49:53.314+0000] {logging_mixin.py:188} INFO - [2024-06-16T12:49:53.292+0000] {dag.py:3096} INFO - Sync 1 DAGs
[2024-06-16T12:49:53.800+0000] {logging_mixin.py:188} INFO - [2024-06-16T12:49:53.800+0000] {dag.py:3954} INFO - Setting next_dagrun for example_short_circuit_operator to 2024-06-15 00:00:00+00:00, run_after=2024-06-16 00:00:00+00:00
[2024-06-16T12:49:53.932+0000] {processor.py:183} INFO - Processing /home/airflow/.local/lib/python3.12/site-packages/airflow/example_dags/example_short_circuit_operator.py took 1.696 seconds
[2024-06-16T12:50:50.767+0000] {processor.py:161} INFO - Started process (PID=573) to work on /home/airflow/.local/lib/python3.12/site-packages/airflow/example_dags/example_short_circuit_operator.py
[2024-06-16T12:50:50.770+0000] {processor.py:830} INFO - Processing file /home/airflow/.local/lib/python3.12/site-packages/airflow/example_dags/example_short_circuit_operator.py for tasks to queue
[2024-06-16T12:50:50.772+0000] {logging_mixin.py:188} INFO - [2024-06-16T12:50:50.772+0000] {dagbag.py:545} INFO - Filling up the DagBag from /home/airflow/.local/lib/python3.12/site-packages/airflow/example_dags/example_short_circuit_operator.py
[2024-06-16T12:50:50.797+0000] {processor.py:840} INFO - DAG(s) 'example_short_circuit_operator' retrieved from /home/airflow/.local/lib/python3.12/site-packages/airflow/example_dags/example_short_circuit_operator.py
[2024-06-16T12:50:50.848+0000] {logging_mixin.py:188} INFO - [2024-06-16T12:50:50.848+0000] {dag.py:3096} INFO - Sync 1 DAGs
[2024-06-16T12:50:50.928+0000] {logging_mixin.py:188} INFO - [2024-06-16T12:50:50.928+0000] {dag.py:3954} INFO - Setting next_dagrun for example_short_circuit_operator to 2024-06-15 00:00:00+00:00, run_after=2024-06-16 00:00:00+00:00
[2024-06-16T12:50:50.977+0000] {processor.py:183} INFO - Processing /home/airflow/.local/lib/python3.12/site-packages/airflow/example_dags/example_short_circuit_operator.py took 0.220 seconds
[2024-06-16T12:51:22.343+0000] {processor.py:161} INFO - Started process (PID=632) to work on /home/airflow/.local/lib/python3.12/site-packages/airflow/example_dags/example_short_circuit_operator.py
[2024-06-16T12:51:22.345+0000] {processor.py:830} INFO - Processing file /home/airflow/.local/lib/python3.12/site-packages/airflow/example_dags/example_short_circuit_operator.py for tasks to queue
[2024-06-16T12:51:22.353+0000] {logging_mixin.py:188} INFO - [2024-06-16T12:51:22.353+0000] {dagbag.py:545} INFO - Filling up the DagBag from /home/airflow/.local/lib/python3.12/site-packages/airflow/example_dags/example_short_circuit_operator.py
[2024-06-16T12:51:22.381+0000] {processor.py:840} INFO - DAG(s) 'example_short_circuit_operator' retrieved from /home/airflow/.local/lib/python3.12/site-packages/airflow/example_dags/example_short_circuit_operator.py
[2024-06-16T12:51:22.552+0000] {logging_mixin.py:188} INFO - [2024-06-16T12:51:22.551+0000] {dag.py:3096} INFO - Sync 1 DAGs
[2024-06-16T12:51:22.658+0000] {logging_mixin.py:188} INFO - [2024-06-16T12:51:22.658+0000] {dag.py:3954} INFO - Setting next_dagrun for example_short_circuit_operator to 2024-06-15 00:00:00+00:00, run_after=2024-06-16 00:00:00+00:00
[2024-06-16T12:51:22.734+0000] {processor.py:183} INFO - Processing /home/airflow/.local/lib/python3.12/site-packages/airflow/example_dags/example_short_circuit_operator.py took 0.448 seconds
[2024-06-16T12:51:52.867+0000] {processor.py:161} INFO - Started process (PID=692) to work on /home/airflow/.local/lib/python3.12/site-packages/airflow/example_dags/example_short_circuit_operator.py
[2024-06-16T12:51:52.868+0000] {processor.py:830} INFO - Processing file /home/airflow/.local/lib/python3.12/site-packages/airflow/example_dags/example_short_circuit_operator.py for tasks to queue
[2024-06-16T12:51:52.870+0000] {logging_mixin.py:188} INFO - [2024-06-16T12:51:52.869+0000] {dagbag.py:545} INFO - Filling up the DagBag from /home/airflow/.local/lib/python3.12/site-packages/airflow/example_dags/example_short_circuit_operator.py
[2024-06-16T12:51:52.879+0000] {processor.py:840} INFO - DAG(s) 'example_short_circuit_operator' retrieved from /home/airflow/.local/lib/python3.12/site-packages/airflow/example_dags/example_short_circuit_operator.py
[2024-06-16T12:51:52.909+0000] {logging_mixin.py:188} INFO - [2024-06-16T12:51:52.909+0000] {dag.py:3096} INFO - Sync 1 DAGs
[2024-06-16T12:51:52.944+0000] {logging_mixin.py:188} INFO - [2024-06-16T12:51:52.943+0000] {dag.py:3954} INFO - Setting next_dagrun for example_short_circuit_operator to 2024-06-15 00:00:00+00:00, run_after=2024-06-16 00:00:00+00:00
[2024-06-16T12:51:52.972+0000] {processor.py:183} INFO - Processing /home/airflow/.local/lib/python3.12/site-packages/airflow/example_dags/example_short_circuit_operator.py took 0.111 seconds
[2024-06-16T12:52:23.067+0000] {processor.py:161} INFO - Started process (PID=750) to work on /home/airflow/.local/lib/python3.12/site-packages/airflow/example_dags/example_short_circuit_operator.py
[2024-06-16T12:52:23.068+0000] {processor.py:830} INFO - Processing file /home/airflow/.local/lib/python3.12/site-packages/airflow/example_dags/example_short_circuit_operator.py for tasks to queue
[2024-06-16T12:52:23.070+0000] {logging_mixin.py:188} INFO - [2024-06-16T12:52:23.070+0000] {dagbag.py:545} INFO - Filling up the DagBag from /home/airflow/.local/lib/python3.12/site-packages/airflow/example_dags/example_short_circuit_operator.py
[2024-06-16T12:52:23.079+0000] {processor.py:840} INFO - DAG(s) 'example_short_circuit_operator' retrieved from /home/airflow/.local/lib/python3.12/site-packages/airflow/example_dags/example_short_circuit_operator.py
[2024-06-16T12:52:23.120+0000] {logging_mixin.py:188} INFO - [2024-06-16T12:52:23.120+0000] {dag.py:3096} INFO - Sync 1 DAGs
[2024-06-16T12:52:23.157+0000] {logging_mixin.py:188} INFO - [2024-06-16T12:52:23.156+0000] {dag.py:3954} INFO - Setting next_dagrun for example_short_circuit_operator to 2024-06-15 00:00:00+00:00, run_after=2024-06-16 00:00:00+00:00
[2024-06-16T12:52:23.188+0000] {processor.py:183} INFO - Processing /home/airflow/.local/lib/python3.12/site-packages/airflow/example_dags/example_short_circuit_operator.py took 0.128 seconds
[2024-06-16T12:52:53.274+0000] {processor.py:161} INFO - Started process (PID=810) to work on /home/airflow/.local/lib/python3.12/site-packages/airflow/example_dags/example_short_circuit_operator.py
[2024-06-16T12:52:53.276+0000] {processor.py:830} INFO - Processing file /home/airflow/.local/lib/python3.12/site-packages/airflow/example_dags/example_short_circuit_operator.py for tasks to queue
[2024-06-16T12:52:53.279+0000] {logging_mixin.py:188} INFO - [2024-06-16T12:52:53.278+0000] {dagbag.py:545} INFO - Filling up the DagBag from /home/airflow/.local/lib/python3.12/site-packages/airflow/example_dags/example_short_circuit_operator.py
[2024-06-16T12:52:53.292+0000] {processor.py:840} INFO - DAG(s) 'example_short_circuit_operator' retrieved from /home/airflow/.local/lib/python3.12/site-packages/airflow/example_dags/example_short_circuit_operator.py
[2024-06-16T12:52:53.335+0000] {logging_mixin.py:188} INFO - [2024-06-16T12:52:53.335+0000] {dag.py:3096} INFO - Sync 1 DAGs
[2024-06-16T12:52:53.376+0000] {logging_mixin.py:188} INFO - [2024-06-16T12:52:53.376+0000] {dag.py:3954} INFO - Setting next_dagrun for example_short_circuit_operator to 2024-06-15 00:00:00+00:00, run_after=2024-06-16 00:00:00+00:00
[2024-06-16T12:52:53.411+0000] {processor.py:183} INFO - Processing /home/airflow/.local/lib/python3.12/site-packages/airflow/example_dags/example_short_circuit_operator.py took 0.146 seconds
[2024-06-16T12:53:24.119+0000] {processor.py:161} INFO - Started process (PID=868) to work on /home/airflow/.local/lib/python3.12/site-packages/airflow/example_dags/example_short_circuit_operator.py
[2024-06-16T12:53:24.124+0000] {processor.py:830} INFO - Processing file /home/airflow/.local/lib/python3.12/site-packages/airflow/example_dags/example_short_circuit_operator.py for tasks to queue
[2024-06-16T12:53:24.127+0000] {logging_mixin.py:188} INFO - [2024-06-16T12:53:24.126+0000] {dagbag.py:545} INFO - Filling up the DagBag from /home/airflow/.local/lib/python3.12/site-packages/airflow/example_dags/example_short_circuit_operator.py
[2024-06-16T12:53:24.143+0000] {processor.py:840} INFO - DAG(s) 'example_short_circuit_operator' retrieved from /home/airflow/.local/lib/python3.12/site-packages/airflow/example_dags/example_short_circuit_operator.py
[2024-06-16T12:53:24.210+0000] {logging_mixin.py:188} INFO - [2024-06-16T12:53:24.210+0000] {dag.py:3096} INFO - Sync 1 DAGs
[2024-06-16T12:53:24.258+0000] {logging_mixin.py:188} INFO - [2024-06-16T12:53:24.257+0000] {dag.py:3954} INFO - Setting next_dagrun for example_short_circuit_operator to 2024-06-15 00:00:00+00:00, run_after=2024-06-16 00:00:00+00:00
[2024-06-16T12:53:24.296+0000] {processor.py:183} INFO - Processing /home/airflow/.local/lib/python3.12/site-packages/airflow/example_dags/example_short_circuit_operator.py took 0.188 seconds
[2024-06-16T12:53:55.228+0000] {processor.py:161} INFO - Started process (PID=927) to work on /home/airflow/.local/lib/python3.12/site-packages/airflow/example_dags/example_short_circuit_operator.py
[2024-06-16T12:53:55.229+0000] {processor.py:830} INFO - Processing file /home/airflow/.local/lib/python3.12/site-packages/airflow/example_dags/example_short_circuit_operator.py for tasks to queue
[2024-06-16T12:53:55.230+0000] {logging_mixin.py:188} INFO - [2024-06-16T12:53:55.229+0000] {dagbag.py:545} INFO - Filling up the DagBag from /home/airflow/.local/lib/python3.12/site-packages/airflow/example_dags/example_short_circuit_operator.py
[2024-06-16T12:53:55.247+0000] {processor.py:840} INFO - DAG(s) 'example_short_circuit_operator' retrieved from /home/airflow/.local/lib/python3.12/site-packages/airflow/example_dags/example_short_circuit_operator.py
[2024-06-16T12:53:55.292+0000] {logging_mixin.py:188} INFO - [2024-06-16T12:53:55.291+0000] {dag.py:3096} INFO - Sync 1 DAGs
[2024-06-16T12:53:55.340+0000] {logging_mixin.py:188} INFO - [2024-06-16T12:53:55.339+0000] {dag.py:3954} INFO - Setting next_dagrun for example_short_circuit_operator to 2024-06-15 00:00:00+00:00, run_after=2024-06-16 00:00:00+00:00
[2024-06-16T12:53:55.370+0000] {processor.py:183} INFO - Processing /home/airflow/.local/lib/python3.12/site-packages/airflow/example_dags/example_short_circuit_operator.py took 0.153 seconds
[2024-06-16T12:54:25.449+0000] {processor.py:161} INFO - Started process (PID=986) to work on /home/airflow/.local/lib/python3.12/site-packages/airflow/example_dags/example_short_circuit_operator.py
[2024-06-16T12:54:25.450+0000] {processor.py:830} INFO - Processing file /home/airflow/.local/lib/python3.12/site-packages/airflow/example_dags/example_short_circuit_operator.py for tasks to queue
[2024-06-16T12:54:25.451+0000] {logging_mixin.py:188} INFO - [2024-06-16T12:54:25.450+0000] {dagbag.py:545} INFO - Filling up the DagBag from /home/airflow/.local/lib/python3.12/site-packages/airflow/example_dags/example_short_circuit_operator.py
[2024-06-16T12:54:25.461+0000] {processor.py:840} INFO - DAG(s) 'example_short_circuit_operator' retrieved from /home/airflow/.local/lib/python3.12/site-packages/airflow/example_dags/example_short_circuit_operator.py
[2024-06-16T12:54:25.495+0000] {logging_mixin.py:188} INFO - [2024-06-16T12:54:25.495+0000] {dag.py:3096} INFO - Sync 1 DAGs
[2024-06-16T12:54:25.535+0000] {logging_mixin.py:188} INFO - [2024-06-16T12:54:25.535+0000] {dag.py:3954} INFO - Setting next_dagrun for example_short_circuit_operator to 2024-06-15 00:00:00+00:00, run_after=2024-06-16 00:00:00+00:00
[2024-06-16T12:54:25.562+0000] {processor.py:183} INFO - Processing /home/airflow/.local/lib/python3.12/site-packages/airflow/example_dags/example_short_circuit_operator.py took 0.121 seconds
[2024-06-16T12:54:55.821+0000] {processor.py:161} INFO - Started process (PID=1044) to work on /home/airflow/.local/lib/python3.12/site-packages/airflow/example_dags/example_short_circuit_operator.py
[2024-06-16T12:54:55.822+0000] {processor.py:830} INFO - Processing file /home/airflow/.local/lib/python3.12/site-packages/airflow/example_dags/example_short_circuit_operator.py for tasks to queue
[2024-06-16T12:54:55.824+0000] {logging_mixin.py:188} INFO - [2024-06-16T12:54:55.823+0000] {dagbag.py:545} INFO - Filling up the DagBag from /home/airflow/.local/lib/python3.12/site-packages/airflow/example_dags/example_short_circuit_operator.py
[2024-06-16T12:54:55.835+0000] {processor.py:840} INFO - DAG(s) 'example_short_circuit_operator' retrieved from /home/airflow/.local/lib/python3.12/site-packages/airflow/example_dags/example_short_circuit_operator.py
[2024-06-16T12:54:55.863+0000] {logging_mixin.py:188} INFO - [2024-06-16T12:54:55.863+0000] {dag.py:3096} INFO - Sync 1 DAGs
[2024-06-16T12:54:55.897+0000] {logging_mixin.py:188} INFO - [2024-06-16T12:54:55.897+0000] {dag.py:3954} INFO - Setting next_dagrun for example_short_circuit_operator to 2024-06-15 00:00:00+00:00, run_after=2024-06-16 00:00:00+00:00
[2024-06-16T12:54:55.924+0000] {processor.py:183} INFO - Processing /home/airflow/.local/lib/python3.12/site-packages/airflow/example_dags/example_short_circuit_operator.py took 0.111 seconds
[2024-06-16T12:55:26.182+0000] {processor.py:161} INFO - Started process (PID=1103) to work on /home/airflow/.local/lib/python3.12/site-packages/airflow/example_dags/example_short_circuit_operator.py
[2024-06-16T12:55:26.183+0000] {processor.py:830} INFO - Processing file /home/airflow/.local/lib/python3.12/site-packages/airflow/example_dags/example_short_circuit_operator.py for tasks to queue
[2024-06-16T12:55:26.185+0000] {logging_mixin.py:188} INFO - [2024-06-16T12:55:26.184+0000] {dagbag.py:545} INFO - Filling up the DagBag from /home/airflow/.local/lib/python3.12/site-packages/airflow/example_dags/example_short_circuit_operator.py
[2024-06-16T12:55:26.199+0000] {processor.py:840} INFO - DAG(s) 'example_short_circuit_operator' retrieved from /home/airflow/.local/lib/python3.12/site-packages/airflow/example_dags/example_short_circuit_operator.py
[2024-06-16T12:55:26.232+0000] {logging_mixin.py:188} INFO - [2024-06-16T12:55:26.231+0000] {dag.py:3096} INFO - Sync 1 DAGs
[2024-06-16T12:55:26.267+0000] {logging_mixin.py:188} INFO - [2024-06-16T12:55:26.267+0000] {dag.py:3954} INFO - Setting next_dagrun for example_short_circuit_operator to 2024-06-15 00:00:00+00:00, run_after=2024-06-16 00:00:00+00:00
[2024-06-16T12:55:26.294+0000] {processor.py:183} INFO - Processing /home/airflow/.local/lib/python3.12/site-packages/airflow/example_dags/example_short_circuit_operator.py took 0.119 seconds
[2024-06-16T12:55:57.037+0000] {processor.py:161} INFO - Started process (PID=1161) to work on /home/airflow/.local/lib/python3.12/site-packages/airflow/example_dags/example_short_circuit_operator.py
[2024-06-16T12:55:57.038+0000] {processor.py:830} INFO - Processing file /home/airflow/.local/lib/python3.12/site-packages/airflow/example_dags/example_short_circuit_operator.py for tasks to queue
[2024-06-16T12:55:57.040+0000] {logging_mixin.py:188} INFO - [2024-06-16T12:55:57.039+0000] {dagbag.py:545} INFO - Filling up the DagBag from /home/airflow/.local/lib/python3.12/site-packages/airflow/example_dags/example_short_circuit_operator.py
[2024-06-16T12:55:57.056+0000] {processor.py:840} INFO - DAG(s) 'example_short_circuit_operator' retrieved from /home/airflow/.local/lib/python3.12/site-packages/airflow/example_dags/example_short_circuit_operator.py
[2024-06-16T12:55:57.119+0000] {logging_mixin.py:188} INFO - [2024-06-16T12:55:57.118+0000] {dag.py:3096} INFO - Sync 1 DAGs
[2024-06-16T12:55:57.168+0000] {logging_mixin.py:188} INFO - [2024-06-16T12:55:57.168+0000] {dag.py:3954} INFO - Setting next_dagrun for example_short_circuit_operator to 2024-06-15 00:00:00+00:00, run_after=2024-06-16 00:00:00+00:00
[2024-06-16T12:55:57.221+0000] {processor.py:183} INFO - Processing /home/airflow/.local/lib/python3.12/site-packages/airflow/example_dags/example_short_circuit_operator.py took 0.195 seconds
[2024-06-16T12:56:27.673+0000] {processor.py:161} INFO - Started process (PID=1220) to work on /home/airflow/.local/lib/python3.12/site-packages/airflow/example_dags/example_short_circuit_operator.py
[2024-06-16T12:56:27.675+0000] {processor.py:830} INFO - Processing file /home/airflow/.local/lib/python3.12/site-packages/airflow/example_dags/example_short_circuit_operator.py for tasks to queue
[2024-06-16T12:56:27.676+0000] {logging_mixin.py:188} INFO - [2024-06-16T12:56:27.676+0000] {dagbag.py:545} INFO - Filling up the DagBag from /home/airflow/.local/lib/python3.12/site-packages/airflow/example_dags/example_short_circuit_operator.py
[2024-06-16T12:56:27.688+0000] {processor.py:840} INFO - DAG(s) 'example_short_circuit_operator' retrieved from /home/airflow/.local/lib/python3.12/site-packages/airflow/example_dags/example_short_circuit_operator.py
[2024-06-16T12:56:27.720+0000] {logging_mixin.py:188} INFO - [2024-06-16T12:56:27.720+0000] {dag.py:3096} INFO - Sync 1 DAGs
[2024-06-16T12:56:27.755+0000] {logging_mixin.py:188} INFO - [2024-06-16T12:56:27.755+0000] {dag.py:3954} INFO - Setting next_dagrun for example_short_circuit_operator to 2024-06-15 00:00:00+00:00, run_after=2024-06-16 00:00:00+00:00
[2024-06-16T12:56:27.784+0000] {processor.py:183} INFO - Processing /home/airflow/.local/lib/python3.12/site-packages/airflow/example_dags/example_short_circuit_operator.py took 0.118 seconds
[2024-06-16T12:56:58.538+0000] {processor.py:161} INFO - Started process (PID=1277) to work on /home/airflow/.local/lib/python3.12/site-packages/airflow/example_dags/example_short_circuit_operator.py
[2024-06-16T12:56:58.539+0000] {processor.py:830} INFO - Processing file /home/airflow/.local/lib/python3.12/site-packages/airflow/example_dags/example_short_circuit_operator.py for tasks to queue
[2024-06-16T12:56:58.540+0000] {logging_mixin.py:188} INFO - [2024-06-16T12:56:58.539+0000] {dagbag.py:545} INFO - Filling up the DagBag from /home/airflow/.local/lib/python3.12/site-packages/airflow/example_dags/example_short_circuit_operator.py
[2024-06-16T12:56:58.551+0000] {processor.py:840} INFO - DAG(s) 'example_short_circuit_operator' retrieved from /home/airflow/.local/lib/python3.12/site-packages/airflow/example_dags/example_short_circuit_operator.py
[2024-06-16T12:56:58.585+0000] {logging_mixin.py:188} INFO - [2024-06-16T12:56:58.584+0000] {dag.py:3096} INFO - Sync 1 DAGs
[2024-06-16T12:56:58.620+0000] {logging_mixin.py:188} INFO - [2024-06-16T12:56:58.619+0000] {dag.py:3954} INFO - Setting next_dagrun for example_short_circuit_operator to 2024-06-15 00:00:00+00:00, run_after=2024-06-16 00:00:00+00:00
[2024-06-16T12:56:58.647+0000] {processor.py:183} INFO - Processing /home/airflow/.local/lib/python3.12/site-packages/airflow/example_dags/example_short_circuit_operator.py took 0.118 seconds
[2024-06-16T12:57:28.892+0000] {processor.py:161} INFO - Started process (PID=1335) to work on /home/airflow/.local/lib/python3.12/site-packages/airflow/example_dags/example_short_circuit_operator.py
[2024-06-16T12:57:28.893+0000] {processor.py:830} INFO - Processing file /home/airflow/.local/lib/python3.12/site-packages/airflow/example_dags/example_short_circuit_operator.py for tasks to queue
[2024-06-16T12:57:28.894+0000] {logging_mixin.py:188} INFO - [2024-06-16T12:57:28.894+0000] {dagbag.py:545} INFO - Filling up the DagBag from /home/airflow/.local/lib/python3.12/site-packages/airflow/example_dags/example_short_circuit_operator.py
[2024-06-16T12:57:28.904+0000] {processor.py:840} INFO - DAG(s) 'example_short_circuit_operator' retrieved from /home/airflow/.local/lib/python3.12/site-packages/airflow/example_dags/example_short_circuit_operator.py
[2024-06-16T12:57:28.935+0000] {logging_mixin.py:188} INFO - [2024-06-16T12:57:28.935+0000] {dag.py:3096} INFO - Sync 1 DAGs
[2024-06-16T12:57:28.965+0000] {logging_mixin.py:188} INFO - [2024-06-16T12:57:28.964+0000] {dag.py:3954} INFO - Setting next_dagrun for example_short_circuit_operator to 2024-06-15 00:00:00+00:00, run_after=2024-06-16 00:00:00+00:00
[2024-06-16T12:57:28.998+0000] {processor.py:183} INFO - Processing /home/airflow/.local/lib/python3.12/site-packages/airflow/example_dags/example_short_circuit_operator.py took 0.115 seconds
[2024-06-16T12:57:59.172+0000] {processor.py:161} INFO - Started process (PID=1394) to work on /home/airflow/.local/lib/python3.12/site-packages/airflow/example_dags/example_short_circuit_operator.py
[2024-06-16T12:57:59.173+0000] {processor.py:830} INFO - Processing file /home/airflow/.local/lib/python3.12/site-packages/airflow/example_dags/example_short_circuit_operator.py for tasks to queue
[2024-06-16T12:57:59.175+0000] {logging_mixin.py:188} INFO - [2024-06-16T12:57:59.174+0000] {dagbag.py:545} INFO - Filling up the DagBag from /home/airflow/.local/lib/python3.12/site-packages/airflow/example_dags/example_short_circuit_operator.py
[2024-06-16T12:57:59.189+0000] {processor.py:840} INFO - DAG(s) 'example_short_circuit_operator' retrieved from /home/airflow/.local/lib/python3.12/site-packages/airflow/example_dags/example_short_circuit_operator.py
[2024-06-16T12:57:59.240+0000] {logging_mixin.py:188} INFO - [2024-06-16T12:57:59.240+0000] {dag.py:3096} INFO - Sync 1 DAGs
[2024-06-16T12:57:59.289+0000] {logging_mixin.py:188} INFO - [2024-06-16T12:57:59.289+0000] {dag.py:3954} INFO - Setting next_dagrun for example_short_circuit_operator to 2024-06-15 00:00:00+00:00, run_after=2024-06-16 00:00:00+00:00
[2024-06-16T12:57:59.331+0000] {processor.py:183} INFO - Processing /home/airflow/.local/lib/python3.12/site-packages/airflow/example_dags/example_short_circuit_operator.py took 0.168 seconds
[2024-06-16T12:58:29.487+0000] {processor.py:161} INFO - Started process (PID=1452) to work on /home/airflow/.local/lib/python3.12/site-packages/airflow/example_dags/example_short_circuit_operator.py
[2024-06-16T12:58:29.488+0000] {processor.py:830} INFO - Processing file /home/airflow/.local/lib/python3.12/site-packages/airflow/example_dags/example_short_circuit_operator.py for tasks to queue
[2024-06-16T12:58:29.489+0000] {logging_mixin.py:188} INFO - [2024-06-16T12:58:29.488+0000] {dagbag.py:545} INFO - Filling up the DagBag from /home/airflow/.local/lib/python3.12/site-packages/airflow/example_dags/example_short_circuit_operator.py
[2024-06-16T12:58:29.497+0000] {processor.py:840} INFO - DAG(s) 'example_short_circuit_operator' retrieved from /home/airflow/.local/lib/python3.12/site-packages/airflow/example_dags/example_short_circuit_operator.py
[2024-06-16T12:58:29.522+0000] {logging_mixin.py:188} INFO - [2024-06-16T12:58:29.522+0000] {dag.py:3096} INFO - Sync 1 DAGs
[2024-06-16T12:58:29.549+0000] {logging_mixin.py:188} INFO - [2024-06-16T12:58:29.549+0000] {dag.py:3954} INFO - Setting next_dagrun for example_short_circuit_operator to 2024-06-15 00:00:00+00:00, run_after=2024-06-16 00:00:00+00:00
[2024-06-16T12:58:29.573+0000] {processor.py:183} INFO - Processing /home/airflow/.local/lib/python3.12/site-packages/airflow/example_dags/example_short_circuit_operator.py took 0.092 seconds
[2024-06-16T12:59:00.379+0000] {processor.py:161} INFO - Started process (PID=1519) to work on /home/airflow/.local/lib/python3.12/site-packages/airflow/example_dags/example_short_circuit_operator.py
[2024-06-16T12:59:00.380+0000] {processor.py:830} INFO - Processing file /home/airflow/.local/lib/python3.12/site-packages/airflow/example_dags/example_short_circuit_operator.py for tasks to queue
[2024-06-16T12:59:00.381+0000] {logging_mixin.py:188} INFO - [2024-06-16T12:59:00.381+0000] {dagbag.py:545} INFO - Filling up the DagBag from /home/airflow/.local/lib/python3.12/site-packages/airflow/example_dags/example_short_circuit_operator.py
[2024-06-16T12:59:00.391+0000] {processor.py:840} INFO - DAG(s) 'example_short_circuit_operator' retrieved from /home/airflow/.local/lib/python3.12/site-packages/airflow/example_dags/example_short_circuit_operator.py
[2024-06-16T12:59:00.421+0000] {logging_mixin.py:188} INFO - [2024-06-16T12:59:00.421+0000] {dag.py:3096} INFO - Sync 1 DAGs
[2024-06-16T12:59:00.451+0000] {logging_mixin.py:188} INFO - [2024-06-16T12:59:00.451+0000] {dag.py:3954} INFO - Setting next_dagrun for example_short_circuit_operator to 2024-06-15 00:00:00+00:00, run_after=2024-06-16 00:00:00+00:00
[2024-06-16T12:59:00.476+0000] {processor.py:183} INFO - Processing /home/airflow/.local/lib/python3.12/site-packages/airflow/example_dags/example_short_circuit_operator.py took 0.107 seconds
[2024-06-16T12:59:30.980+0000] {processor.py:161} INFO - Started process (PID=1581) to work on /home/airflow/.local/lib/python3.12/site-packages/airflow/example_dags/example_short_circuit_operator.py
[2024-06-16T12:59:30.981+0000] {processor.py:830} INFO - Processing file /home/airflow/.local/lib/python3.12/site-packages/airflow/example_dags/example_short_circuit_operator.py for tasks to queue
[2024-06-16T12:59:30.982+0000] {logging_mixin.py:188} INFO - [2024-06-16T12:59:30.981+0000] {dagbag.py:545} INFO - Filling up the DagBag from /home/airflow/.local/lib/python3.12/site-packages/airflow/example_dags/example_short_circuit_operator.py
[2024-06-16T12:59:30.991+0000] {processor.py:840} INFO - DAG(s) 'example_short_circuit_operator' retrieved from /home/airflow/.local/lib/python3.12/site-packages/airflow/example_dags/example_short_circuit_operator.py
[2024-06-16T12:59:31.017+0000] {logging_mixin.py:188} INFO - [2024-06-16T12:59:31.017+0000] {dag.py:3096} INFO - Sync 1 DAGs
[2024-06-16T12:59:31.045+0000] {logging_mixin.py:188} INFO - [2024-06-16T12:59:31.045+0000] {dag.py:3954} INFO - Setting next_dagrun for example_short_circuit_operator to 2024-06-15 00:00:00+00:00, run_after=2024-06-16 00:00:00+00:00
[2024-06-16T12:59:31.067+0000] {processor.py:183} INFO - Processing /home/airflow/.local/lib/python3.12/site-packages/airflow/example_dags/example_short_circuit_operator.py took 0.094 seconds
[2024-06-16T13:00:01.350+0000] {processor.py:161} INFO - Started process (PID=1642) to work on /home/airflow/.local/lib/python3.12/site-packages/airflow/example_dags/example_short_circuit_operator.py
[2024-06-16T13:00:01.352+0000] {processor.py:830} INFO - Processing file /home/airflow/.local/lib/python3.12/site-packages/airflow/example_dags/example_short_circuit_operator.py for tasks to queue
[2024-06-16T13:00:01.353+0000] {logging_mixin.py:188} INFO - [2024-06-16T13:00:01.352+0000] {dagbag.py:545} INFO - Filling up the DagBag from /home/airflow/.local/lib/python3.12/site-packages/airflow/example_dags/example_short_circuit_operator.py
[2024-06-16T13:00:01.362+0000] {processor.py:840} INFO - DAG(s) 'example_short_circuit_operator' retrieved from /home/airflow/.local/lib/python3.12/site-packages/airflow/example_dags/example_short_circuit_operator.py
[2024-06-16T13:00:01.396+0000] {logging_mixin.py:188} INFO - [2024-06-16T13:00:01.395+0000] {dag.py:3096} INFO - Sync 1 DAGs
[2024-06-16T13:00:01.433+0000] {logging_mixin.py:188} INFO - [2024-06-16T13:00:01.432+0000] {dag.py:3954} INFO - Setting next_dagrun for example_short_circuit_operator to 2024-06-15 00:00:00+00:00, run_after=2024-06-16 00:00:00+00:00
[2024-06-16T13:00:01.463+0000] {processor.py:183} INFO - Processing /home/airflow/.local/lib/python3.12/site-packages/airflow/example_dags/example_short_circuit_operator.py took 0.119 seconds
[2024-06-16T13:00:32.184+0000] {processor.py:161} INFO - Started process (PID=1708) to work on /home/airflow/.local/lib/python3.12/site-packages/airflow/example_dags/example_short_circuit_operator.py
[2024-06-16T13:00:32.185+0000] {processor.py:830} INFO - Processing file /home/airflow/.local/lib/python3.12/site-packages/airflow/example_dags/example_short_circuit_operator.py for tasks to queue
[2024-06-16T13:00:32.186+0000] {logging_mixin.py:188} INFO - [2024-06-16T13:00:32.186+0000] {dagbag.py:545} INFO - Filling up the DagBag from /home/airflow/.local/lib/python3.12/site-packages/airflow/example_dags/example_short_circuit_operator.py
[2024-06-16T13:00:32.199+0000] {processor.py:840} INFO - DAG(s) 'example_short_circuit_operator' retrieved from /home/airflow/.local/lib/python3.12/site-packages/airflow/example_dags/example_short_circuit_operator.py
[2024-06-16T13:00:32.232+0000] {logging_mixin.py:188} INFO - [2024-06-16T13:00:32.232+0000] {dag.py:3096} INFO - Sync 1 DAGs
[2024-06-16T13:00:32.288+0000] {logging_mixin.py:188} INFO - [2024-06-16T13:00:32.287+0000] {dag.py:3954} INFO - Setting next_dagrun for example_short_circuit_operator to 2024-06-15 00:00:00+00:00, run_after=2024-06-16 00:00:00+00:00
[2024-06-16T13:00:32.321+0000] {processor.py:183} INFO - Processing /home/airflow/.local/lib/python3.12/site-packages/airflow/example_dags/example_short_circuit_operator.py took 0.144 seconds
[2024-06-16T13:01:02.608+0000] {processor.py:161} INFO - Started process (PID=1767) to work on /home/airflow/.local/lib/python3.12/site-packages/airflow/example_dags/example_short_circuit_operator.py
[2024-06-16T13:01:02.609+0000] {processor.py:830} INFO - Processing file /home/airflow/.local/lib/python3.12/site-packages/airflow/example_dags/example_short_circuit_operator.py for tasks to queue
[2024-06-16T13:01:02.611+0000] {logging_mixin.py:188} INFO - [2024-06-16T13:01:02.610+0000] {dagbag.py:545} INFO - Filling up the DagBag from /home/airflow/.local/lib/python3.12/site-packages/airflow/example_dags/example_short_circuit_operator.py
[2024-06-16T13:01:02.628+0000] {processor.py:840} INFO - DAG(s) 'example_short_circuit_operator' retrieved from /home/airflow/.local/lib/python3.12/site-packages/airflow/example_dags/example_short_circuit_operator.py
[2024-06-16T13:01:02.674+0000] {logging_mixin.py:188} INFO - [2024-06-16T13:01:02.673+0000] {dag.py:3096} INFO - Sync 1 DAGs
[2024-06-16T13:01:02.712+0000] {logging_mixin.py:188} INFO - [2024-06-16T13:01:02.711+0000] {dag.py:3954} INFO - Setting next_dagrun for example_short_circuit_operator to 2024-06-15 00:00:00+00:00, run_after=2024-06-16 00:00:00+00:00
[2024-06-16T13:01:02.747+0000] {processor.py:183} INFO - Processing /home/airflow/.local/lib/python3.12/site-packages/airflow/example_dags/example_short_circuit_operator.py took 0.150 seconds
[2024-06-16T13:01:32.890+0000] {processor.py:161} INFO - Started process (PID=1826) to work on /home/airflow/.local/lib/python3.12/site-packages/airflow/example_dags/example_short_circuit_operator.py
[2024-06-16T13:01:32.891+0000] {processor.py:830} INFO - Processing file /home/airflow/.local/lib/python3.12/site-packages/airflow/example_dags/example_short_circuit_operator.py for tasks to queue
[2024-06-16T13:01:32.893+0000] {logging_mixin.py:188} INFO - [2024-06-16T13:01:32.893+0000] {dagbag.py:545} INFO - Filling up the DagBag from /home/airflow/.local/lib/python3.12/site-packages/airflow/example_dags/example_short_circuit_operator.py
[2024-06-16T13:01:32.909+0000] {processor.py:840} INFO - DAG(s) 'example_short_circuit_operator' retrieved from /home/airflow/.local/lib/python3.12/site-packages/airflow/example_dags/example_short_circuit_operator.py
[2024-06-16T13:01:32.938+0000] {logging_mixin.py:188} INFO - [2024-06-16T13:01:32.938+0000] {dag.py:3096} INFO - Sync 1 DAGs
[2024-06-16T13:01:32.979+0000] {logging_mixin.py:188} INFO - [2024-06-16T13:01:32.978+0000] {dag.py:3954} INFO - Setting next_dagrun for example_short_circuit_operator to 2024-06-15 00:00:00+00:00, run_after=2024-06-16 00:00:00+00:00
[2024-06-16T13:01:33.008+0000] {processor.py:183} INFO - Processing /home/airflow/.local/lib/python3.12/site-packages/airflow/example_dags/example_short_circuit_operator.py took 0.128 seconds
[2024-06-16T13:02:03.398+0000] {processor.py:161} INFO - Started process (PID=1885) to work on /home/airflow/.local/lib/python3.12/site-packages/airflow/example_dags/example_short_circuit_operator.py
[2024-06-16T13:02:03.399+0000] {processor.py:830} INFO - Processing file /home/airflow/.local/lib/python3.12/site-packages/airflow/example_dags/example_short_circuit_operator.py for tasks to queue
[2024-06-16T13:02:03.400+0000] {logging_mixin.py:188} INFO - [2024-06-16T13:02:03.400+0000] {dagbag.py:545} INFO - Filling up the DagBag from /home/airflow/.local/lib/python3.12/site-packages/airflow/example_dags/example_short_circuit_operator.py
[2024-06-16T13:02:03.415+0000] {processor.py:840} INFO - DAG(s) 'example_short_circuit_operator' retrieved from /home/airflow/.local/lib/python3.12/site-packages/airflow/example_dags/example_short_circuit_operator.py
[2024-06-16T13:02:03.452+0000] {logging_mixin.py:188} INFO - [2024-06-16T13:02:03.452+0000] {dag.py:3096} INFO - Sync 1 DAGs
[2024-06-16T13:02:03.481+0000] {logging_mixin.py:188} INFO - [2024-06-16T13:02:03.481+0000] {dag.py:3954} INFO - Setting next_dagrun for example_short_circuit_operator to 2024-06-15 00:00:00+00:00, run_after=2024-06-16 00:00:00+00:00
[2024-06-16T13:02:03.507+0000] {processor.py:183} INFO - Processing /home/airflow/.local/lib/python3.12/site-packages/airflow/example_dags/example_short_circuit_operator.py took 0.116 seconds
[2024-06-16T13:02:33.664+0000] {processor.py:161} INFO - Started process (PID=1944) to work on /home/airflow/.local/lib/python3.12/site-packages/airflow/example_dags/example_short_circuit_operator.py
[2024-06-16T13:02:33.665+0000] {processor.py:830} INFO - Processing file /home/airflow/.local/lib/python3.12/site-packages/airflow/example_dags/example_short_circuit_operator.py for tasks to queue
[2024-06-16T13:02:33.667+0000] {logging_mixin.py:188} INFO - [2024-06-16T13:02:33.666+0000] {dagbag.py:545} INFO - Filling up the DagBag from /home/airflow/.local/lib/python3.12/site-packages/airflow/example_dags/example_short_circuit_operator.py
[2024-06-16T13:02:33.683+0000] {processor.py:840} INFO - DAG(s) 'example_short_circuit_operator' retrieved from /home/airflow/.local/lib/python3.12/site-packages/airflow/example_dags/example_short_circuit_operator.py
[2024-06-16T13:02:33.725+0000] {logging_mixin.py:188} INFO - [2024-06-16T13:02:33.725+0000] {dag.py:3096} INFO - Sync 1 DAGs
[2024-06-16T13:02:33.768+0000] {logging_mixin.py:188} INFO - [2024-06-16T13:02:33.767+0000] {dag.py:3954} INFO - Setting next_dagrun for example_short_circuit_operator to 2024-06-15 00:00:00+00:00, run_after=2024-06-16 00:00:00+00:00
[2024-06-16T13:02:33.807+0000] {processor.py:183} INFO - Processing /home/airflow/.local/lib/python3.12/site-packages/airflow/example_dags/example_short_circuit_operator.py took 0.153 seconds
[2024-06-16T13:03:03.971+0000] {processor.py:161} INFO - Started process (PID=2003) to work on /home/airflow/.local/lib/python3.12/site-packages/airflow/example_dags/example_short_circuit_operator.py
[2024-06-16T13:03:03.972+0000] {processor.py:830} INFO - Processing file /home/airflow/.local/lib/python3.12/site-packages/airflow/example_dags/example_short_circuit_operator.py for tasks to queue
[2024-06-16T13:03:03.973+0000] {logging_mixin.py:188} INFO - [2024-06-16T13:03:03.972+0000] {dagbag.py:545} INFO - Filling up the DagBag from /home/airflow/.local/lib/python3.12/site-packages/airflow/example_dags/example_short_circuit_operator.py
[2024-06-16T13:03:03.984+0000] {processor.py:840} INFO - DAG(s) 'example_short_circuit_operator' retrieved from /home/airflow/.local/lib/python3.12/site-packages/airflow/example_dags/example_short_circuit_operator.py
[2024-06-16T13:03:04.018+0000] {logging_mixin.py:188} INFO - [2024-06-16T13:03:04.017+0000] {dag.py:3096} INFO - Sync 1 DAGs
[2024-06-16T13:03:04.048+0000] {logging_mixin.py:188} INFO - [2024-06-16T13:03:04.048+0000] {dag.py:3954} INFO - Setting next_dagrun for example_short_circuit_operator to 2024-06-15 00:00:00+00:00, run_after=2024-06-16 00:00:00+00:00
[2024-06-16T13:03:04.074+0000] {processor.py:183} INFO - Processing /home/airflow/.local/lib/python3.12/site-packages/airflow/example_dags/example_short_circuit_operator.py took 0.113 seconds
[2024-06-16T13:03:34.694+0000] {processor.py:161} INFO - Started process (PID=2062) to work on /home/airflow/.local/lib/python3.12/site-packages/airflow/example_dags/example_short_circuit_operator.py
[2024-06-16T13:03:34.695+0000] {processor.py:830} INFO - Processing file /home/airflow/.local/lib/python3.12/site-packages/airflow/example_dags/example_short_circuit_operator.py for tasks to queue
[2024-06-16T13:03:34.696+0000] {logging_mixin.py:188} INFO - [2024-06-16T13:03:34.696+0000] {dagbag.py:545} INFO - Filling up the DagBag from /home/airflow/.local/lib/python3.12/site-packages/airflow/example_dags/example_short_circuit_operator.py
[2024-06-16T13:03:34.707+0000] {processor.py:840} INFO - DAG(s) 'example_short_circuit_operator' retrieved from /home/airflow/.local/lib/python3.12/site-packages/airflow/example_dags/example_short_circuit_operator.py
[2024-06-16T13:03:34.739+0000] {logging_mixin.py:188} INFO - [2024-06-16T13:03:34.739+0000] {dag.py:3096} INFO - Sync 1 DAGs
[2024-06-16T13:03:34.779+0000] {logging_mixin.py:188} INFO - [2024-06-16T13:03:34.779+0000] {dag.py:3954} INFO - Setting next_dagrun for example_short_circuit_operator to 2024-06-15 00:00:00+00:00, run_after=2024-06-16 00:00:00+00:00
[2024-06-16T13:03:34.805+0000] {processor.py:183} INFO - Processing /home/airflow/.local/lib/python3.12/site-packages/airflow/example_dags/example_short_circuit_operator.py took 0.119 seconds
[2024-06-16T13:04:05.415+0000] {processor.py:161} INFO - Started process (PID=2124) to work on /home/airflow/.local/lib/python3.12/site-packages/airflow/example_dags/example_short_circuit_operator.py
[2024-06-16T13:04:05.416+0000] {processor.py:830} INFO - Processing file /home/airflow/.local/lib/python3.12/site-packages/airflow/example_dags/example_short_circuit_operator.py for tasks to queue
[2024-06-16T13:04:05.417+0000] {logging_mixin.py:188} INFO - [2024-06-16T13:04:05.416+0000] {dagbag.py:545} INFO - Filling up the DagBag from /home/airflow/.local/lib/python3.12/site-packages/airflow/example_dags/example_short_circuit_operator.py
[2024-06-16T13:04:05.426+0000] {processor.py:840} INFO - DAG(s) 'example_short_circuit_operator' retrieved from /home/airflow/.local/lib/python3.12/site-packages/airflow/example_dags/example_short_circuit_operator.py
[2024-06-16T13:04:05.450+0000] {logging_mixin.py:188} INFO - [2024-06-16T13:04:05.450+0000] {dag.py:3096} INFO - Sync 1 DAGs
[2024-06-16T13:04:05.474+0000] {logging_mixin.py:188} INFO - [2024-06-16T13:04:05.474+0000] {dag.py:3954} INFO - Setting next_dagrun for example_short_circuit_operator to 2024-06-15 00:00:00+00:00, run_after=2024-06-16 00:00:00+00:00
[2024-06-16T13:04:05.638+0000] {processor.py:183} INFO - Processing /home/airflow/.local/lib/python3.12/site-packages/airflow/example_dags/example_short_circuit_operator.py took 0.229 seconds
[2024-06-16T13:04:36.570+0000] {processor.py:161} INFO - Started process (PID=2183) to work on /home/airflow/.local/lib/python3.12/site-packages/airflow/example_dags/example_short_circuit_operator.py
[2024-06-16T13:04:36.571+0000] {processor.py:830} INFO - Processing file /home/airflow/.local/lib/python3.12/site-packages/airflow/example_dags/example_short_circuit_operator.py for tasks to queue
[2024-06-16T13:04:36.573+0000] {logging_mixin.py:188} INFO - [2024-06-16T13:04:36.572+0000] {dagbag.py:545} INFO - Filling up the DagBag from /home/airflow/.local/lib/python3.12/site-packages/airflow/example_dags/example_short_circuit_operator.py
[2024-06-16T13:04:36.587+0000] {processor.py:840} INFO - DAG(s) 'example_short_circuit_operator' retrieved from /home/airflow/.local/lib/python3.12/site-packages/airflow/example_dags/example_short_circuit_operator.py
[2024-06-16T13:04:36.625+0000] {logging_mixin.py:188} INFO - [2024-06-16T13:04:36.625+0000] {dag.py:3096} INFO - Sync 1 DAGs
[2024-06-16T13:04:36.658+0000] {logging_mixin.py:188} INFO - [2024-06-16T13:04:36.658+0000] {dag.py:3954} INFO - Setting next_dagrun for example_short_circuit_operator to 2024-06-15 00:00:00+00:00, run_after=2024-06-16 00:00:00+00:00
[2024-06-16T13:04:36.686+0000] {processor.py:183} INFO - Processing /home/airflow/.local/lib/python3.12/site-packages/airflow/example_dags/example_short_circuit_operator.py took 0.125 seconds
[2024-06-16T13:05:06.832+0000] {processor.py:161} INFO - Started process (PID=2243) to work on /home/airflow/.local/lib/python3.12/site-packages/airflow/example_dags/example_short_circuit_operator.py
[2024-06-16T13:05:06.833+0000] {processor.py:830} INFO - Processing file /home/airflow/.local/lib/python3.12/site-packages/airflow/example_dags/example_short_circuit_operator.py for tasks to queue
[2024-06-16T13:05:06.835+0000] {logging_mixin.py:188} INFO - [2024-06-16T13:05:06.834+0000] {dagbag.py:545} INFO - Filling up the DagBag from /home/airflow/.local/lib/python3.12/site-packages/airflow/example_dags/example_short_circuit_operator.py
[2024-06-16T13:05:06.849+0000] {processor.py:840} INFO - DAG(s) 'example_short_circuit_operator' retrieved from /home/airflow/.local/lib/python3.12/site-packages/airflow/example_dags/example_short_circuit_operator.py
[2024-06-16T13:05:06.914+0000] {logging_mixin.py:188} INFO - [2024-06-16T13:05:06.913+0000] {dag.py:3096} INFO - Sync 1 DAGs
[2024-06-16T13:05:06.967+0000] {logging_mixin.py:188} INFO - [2024-06-16T13:05:06.967+0000] {dag.py:3954} INFO - Setting next_dagrun for example_short_circuit_operator to 2024-06-15 00:00:00+00:00, run_after=2024-06-16 00:00:00+00:00
[2024-06-16T13:05:07.006+0000] {processor.py:183} INFO - Processing /home/airflow/.local/lib/python3.12/site-packages/airflow/example_dags/example_short_circuit_operator.py took 0.184 seconds
[2024-06-16T13:05:37.437+0000] {processor.py:161} INFO - Started process (PID=2302) to work on /home/airflow/.local/lib/python3.12/site-packages/airflow/example_dags/example_short_circuit_operator.py
[2024-06-16T13:05:37.446+0000] {processor.py:830} INFO - Processing file /home/airflow/.local/lib/python3.12/site-packages/airflow/example_dags/example_short_circuit_operator.py for tasks to queue
[2024-06-16T13:05:37.447+0000] {logging_mixin.py:188} INFO - [2024-06-16T13:05:37.446+0000] {dagbag.py:545} INFO - Filling up the DagBag from /home/airflow/.local/lib/python3.12/site-packages/airflow/example_dags/example_short_circuit_operator.py
[2024-06-16T13:05:37.459+0000] {processor.py:840} INFO - DAG(s) 'example_short_circuit_operator' retrieved from /home/airflow/.local/lib/python3.12/site-packages/airflow/example_dags/example_short_circuit_operator.py
[2024-06-16T13:05:37.497+0000] {logging_mixin.py:188} INFO - [2024-06-16T13:05:37.497+0000] {dag.py:3096} INFO - Sync 1 DAGs
[2024-06-16T13:05:37.534+0000] {logging_mixin.py:188} INFO - [2024-06-16T13:05:37.534+0000] {dag.py:3954} INFO - Setting next_dagrun for example_short_circuit_operator to 2024-06-15 00:00:00+00:00, run_after=2024-06-16 00:00:00+00:00
[2024-06-16T13:05:37.729+0000] {processor.py:183} INFO - Processing /home/airflow/.local/lib/python3.12/site-packages/airflow/example_dags/example_short_circuit_operator.py took 0.300 seconds
[2024-06-16T13:06:08.207+0000] {processor.py:161} INFO - Started process (PID=2361) to work on /home/airflow/.local/lib/python3.12/site-packages/airflow/example_dags/example_short_circuit_operator.py
[2024-06-16T13:06:08.208+0000] {processor.py:830} INFO - Processing file /home/airflow/.local/lib/python3.12/site-packages/airflow/example_dags/example_short_circuit_operator.py for tasks to queue
[2024-06-16T13:06:08.209+0000] {logging_mixin.py:188} INFO - [2024-06-16T13:06:08.209+0000] {dagbag.py:545} INFO - Filling up the DagBag from /home/airflow/.local/lib/python3.12/site-packages/airflow/example_dags/example_short_circuit_operator.py
[2024-06-16T13:06:08.219+0000] {processor.py:840} INFO - DAG(s) 'example_short_circuit_operator' retrieved from /home/airflow/.local/lib/python3.12/site-packages/airflow/example_dags/example_short_circuit_operator.py
[2024-06-16T13:06:08.254+0000] {logging_mixin.py:188} INFO - [2024-06-16T13:06:08.254+0000] {dag.py:3096} INFO - Sync 1 DAGs
[2024-06-16T13:06:08.281+0000] {logging_mixin.py:188} INFO - [2024-06-16T13:06:08.281+0000] {dag.py:3954} INFO - Setting next_dagrun for example_short_circuit_operator to 2024-06-15 00:00:00+00:00, run_after=2024-06-16 00:00:00+00:00
[2024-06-16T13:06:08.306+0000] {processor.py:183} INFO - Processing /home/airflow/.local/lib/python3.12/site-packages/airflow/example_dags/example_short_circuit_operator.py took 0.105 seconds
