[2024-06-16T12:21:13.408+0000] {processor.py:161} INFO - Started process (PID=79) to work on /home/airflow/.local/lib/python3.12/site-packages/airflow/example_dags/example_branch_datetime_operator.py
[2024-06-16T12:21:13.409+0000] {processor.py:830} INFO - Processing file /home/airflow/.local/lib/python3.12/site-packages/airflow/example_dags/example_branch_datetime_operator.py for tasks to queue
[2024-06-16T12:21:13.428+0000] {logging_mixin.py:188} INFO - [2024-06-16T12:21:13.428+0000] {dagbag.py:545} INFO - Filling up the DagBag from /home/airflow/.local/lib/python3.12/site-packages/airflow/example_dags/example_branch_datetime_operator.py
[2024-06-16T12:21:13.545+0000] {processor.py:840} INFO - DAG(s) 'example_branch_datetime_operator', 'example_branch_datetime_operator_3', 'example_branch_datetime_operator_2' retrieved from /home/airflow/.local/lib/python3.12/site-packages/airflow/example_dags/example_branch_datetime_operator.py
[2024-06-16T12:21:14.183+0000] {logging_mixin.py:188} INFO - [2024-06-16T12:21:14.181+0000] {override.py:1829} INFO - Created Permission View: can edit on DAG:example_branch_datetime_operator
[2024-06-16T12:21:14.318+0000] {logging_mixin.py:188} INFO - [2024-06-16T12:21:14.318+0000] {override.py:1829} INFO - Created Permission View: can delete on DAG:example_branch_datetime_operator
[2024-06-16T12:21:14.379+0000] {logging_mixin.py:188} INFO - [2024-06-16T12:21:14.378+0000] {override.py:1829} INFO - Created Permission View: can read on DAG:example_branch_datetime_operator
[2024-06-16T12:21:14.454+0000] {logging_mixin.py:188} INFO - [2024-06-16T12:21:14.454+0000] {override.py:1829} INFO - Created Permission View: can edit on DAG:example_branch_datetime_operator_3
[2024-06-16T12:21:14.507+0000] {logging_mixin.py:188} INFO - [2024-06-16T12:21:14.506+0000] {override.py:1829} INFO - Created Permission View: can delete on DAG:example_branch_datetime_operator_3
[2024-06-16T12:21:14.544+0000] {logging_mixin.py:188} INFO - [2024-06-16T12:21:14.543+0000] {override.py:1829} INFO - Created Permission View: can read on DAG:example_branch_datetime_operator_3
[2024-06-16T12:21:14.598+0000] {logging_mixin.py:188} INFO - [2024-06-16T12:21:14.597+0000] {override.py:1829} INFO - Created Permission View: can edit on DAG:example_branch_datetime_operator_2
[2024-06-16T12:21:14.614+0000] {logging_mixin.py:188} INFO - [2024-06-16T12:21:14.613+0000] {override.py:1829} INFO - Created Permission View: can delete on DAG:example_branch_datetime_operator_2
[2024-06-16T12:21:14.666+0000] {logging_mixin.py:188} INFO - [2024-06-16T12:21:14.665+0000] {override.py:1829} INFO - Created Permission View: can read on DAG:example_branch_datetime_operator_2
[2024-06-16T12:21:14.667+0000] {logging_mixin.py:188} INFO - [2024-06-16T12:21:14.666+0000] {dag.py:3096} INFO - Sync 3 DAGs
[2024-06-16T12:21:14.716+0000] {logging_mixin.py:188} INFO - [2024-06-16T12:21:14.715+0000] {dag.py:3118} INFO - Creating ORM DAG for example_branch_datetime_operator_3
[2024-06-16T12:21:14.718+0000] {logging_mixin.py:188} INFO - [2024-06-16T12:21:14.717+0000] {dag.py:3118} INFO - Creating ORM DAG for example_branch_datetime_operator
[2024-06-16T12:21:14.719+0000] {logging_mixin.py:188} INFO - [2024-06-16T12:21:14.719+0000] {dag.py:3118} INFO - Creating ORM DAG for example_branch_datetime_operator_2
[2024-06-16T12:21:14.761+0000] {logging_mixin.py:188} INFO - [2024-06-16T12:21:14.760+0000] {dag.py:3954} INFO - Setting next_dagrun for example_branch_datetime_operator to 2024-06-15 00:00:00+00:00, run_after=2024-06-16 00:00:00+00:00
[2024-06-16T12:21:14.786+0000] {logging_mixin.py:188} INFO - [2024-06-16T12:21:14.786+0000] {dag.py:3954} INFO - Setting next_dagrun for example_branch_datetime_operator_2 to 2024-06-15 00:00:00+00:00, run_after=2024-06-16 00:00:00+00:00
[2024-06-16T12:21:14.811+0000] {logging_mixin.py:188} INFO - [2024-06-16T12:21:14.806+0000] {dag.py:3954} INFO - Setting next_dagrun for example_branch_datetime_operator_3 to 2024-06-15 00:00:00+00:00, run_after=2024-06-16 00:00:00+00:00
[2024-06-16T12:21:14.978+0000] {processor.py:183} INFO - Processing /home/airflow/.local/lib/python3.12/site-packages/airflow/example_dags/example_branch_datetime_operator.py took 1.658 seconds
[2024-06-16T12:21:45.583+0000] {processor.py:161} INFO - Started process (PID=137) to work on /home/airflow/.local/lib/python3.12/site-packages/airflow/example_dags/example_branch_datetime_operator.py
[2024-06-16T12:21:45.595+0000] {processor.py:830} INFO - Processing file /home/airflow/.local/lib/python3.12/site-packages/airflow/example_dags/example_branch_datetime_operator.py for tasks to queue
[2024-06-16T12:21:45.598+0000] {logging_mixin.py:188} INFO - [2024-06-16T12:21:45.597+0000] {dagbag.py:545} INFO - Filling up the DagBag from /home/airflow/.local/lib/python3.12/site-packages/airflow/example_dags/example_branch_datetime_operator.py
[2024-06-16T12:21:45.621+0000] {processor.py:840} INFO - DAG(s) 'example_branch_datetime_operator', 'example_branch_datetime_operator_3', 'example_branch_datetime_operator_2' retrieved from /home/airflow/.local/lib/python3.12/site-packages/airflow/example_dags/example_branch_datetime_operator.py
[2024-06-16T12:21:45.716+0000] {logging_mixin.py:188} INFO - [2024-06-16T12:21:45.715+0000] {dag.py:3096} INFO - Sync 3 DAGs
[2024-06-16T12:21:45.769+0000] {logging_mixin.py:188} INFO - [2024-06-16T12:21:45.769+0000] {dag.py:3954} INFO - Setting next_dagrun for example_branch_datetime_operator to 2024-06-15 00:00:00+00:00, run_after=2024-06-16 00:00:00+00:00
[2024-06-16T12:21:45.783+0000] {logging_mixin.py:188} INFO - [2024-06-16T12:21:45.782+0000] {dag.py:3954} INFO - Setting next_dagrun for example_branch_datetime_operator_2 to 2024-06-15 00:00:00+00:00, run_after=2024-06-16 00:00:00+00:00
[2024-06-16T12:21:45.789+0000] {logging_mixin.py:188} INFO - [2024-06-16T12:21:45.788+0000] {dag.py:3954} INFO - Setting next_dagrun for example_branch_datetime_operator_3 to 2024-06-15 00:00:00+00:00, run_after=2024-06-16 00:00:00+00:00
[2024-06-16T12:21:45.844+0000] {processor.py:183} INFO - Processing /home/airflow/.local/lib/python3.12/site-packages/airflow/example_dags/example_branch_datetime_operator.py took 0.278 seconds
[2024-06-16T12:22:16.409+0000] {processor.py:161} INFO - Started process (PID=196) to work on /home/airflow/.local/lib/python3.12/site-packages/airflow/example_dags/example_branch_datetime_operator.py
[2024-06-16T12:22:16.417+0000] {processor.py:830} INFO - Processing file /home/airflow/.local/lib/python3.12/site-packages/airflow/example_dags/example_branch_datetime_operator.py for tasks to queue
[2024-06-16T12:22:16.422+0000] {logging_mixin.py:188} INFO - [2024-06-16T12:22:16.422+0000] {dagbag.py:545} INFO - Filling up the DagBag from /home/airflow/.local/lib/python3.12/site-packages/airflow/example_dags/example_branch_datetime_operator.py
[2024-06-16T12:22:16.486+0000] {processor.py:840} INFO - DAG(s) 'example_branch_datetime_operator_3', 'example_branch_datetime_operator_2', 'example_branch_datetime_operator' retrieved from /home/airflow/.local/lib/python3.12/site-packages/airflow/example_dags/example_branch_datetime_operator.py
[2024-06-16T12:22:16.626+0000] {logging_mixin.py:188} INFO - [2024-06-16T12:22:16.626+0000] {dag.py:3096} INFO - Sync 3 DAGs
[2024-06-16T12:22:16.824+0000] {logging_mixin.py:188} INFO - [2024-06-16T12:22:16.816+0000] {dag.py:3954} INFO - Setting next_dagrun for example_branch_datetime_operator to 2024-06-15 00:00:00+00:00, run_after=2024-06-16 00:00:00+00:00
[2024-06-16T12:22:16.883+0000] {logging_mixin.py:188} INFO - [2024-06-16T12:22:16.870+0000] {dag.py:3954} INFO - Setting next_dagrun for example_branch_datetime_operator_2 to 2024-06-15 00:00:00+00:00, run_after=2024-06-16 00:00:00+00:00
[2024-06-16T12:22:16.902+0000] {logging_mixin.py:188} INFO - [2024-06-16T12:22:16.902+0000] {dag.py:3954} INFO - Setting next_dagrun for example_branch_datetime_operator_3 to 2024-06-15 00:00:00+00:00, run_after=2024-06-16 00:00:00+00:00
[2024-06-16T12:22:17.010+0000] {processor.py:183} INFO - Processing /home/airflow/.local/lib/python3.12/site-packages/airflow/example_dags/example_branch_datetime_operator.py took 0.616 seconds
[2024-06-16T12:22:47.231+0000] {processor.py:161} INFO - Started process (PID=256) to work on /home/airflow/.local/lib/python3.12/site-packages/airflow/example_dags/example_branch_datetime_operator.py
[2024-06-16T12:22:47.232+0000] {processor.py:830} INFO - Processing file /home/airflow/.local/lib/python3.12/site-packages/airflow/example_dags/example_branch_datetime_operator.py for tasks to queue
[2024-06-16T12:22:47.235+0000] {logging_mixin.py:188} INFO - [2024-06-16T12:22:47.235+0000] {dagbag.py:545} INFO - Filling up the DagBag from /home/airflow/.local/lib/python3.12/site-packages/airflow/example_dags/example_branch_datetime_operator.py
[2024-06-16T12:22:47.254+0000] {processor.py:840} INFO - DAG(s) 'example_branch_datetime_operator_2', 'example_branch_datetime_operator', 'example_branch_datetime_operator_3' retrieved from /home/airflow/.local/lib/python3.12/site-packages/airflow/example_dags/example_branch_datetime_operator.py
[2024-06-16T12:22:47.295+0000] {logging_mixin.py:188} INFO - [2024-06-16T12:22:47.295+0000] {dag.py:3096} INFO - Sync 3 DAGs
[2024-06-16T12:22:47.356+0000] {logging_mixin.py:188} INFO - [2024-06-16T12:22:47.355+0000] {dag.py:3954} INFO - Setting next_dagrun for example_branch_datetime_operator to 2024-06-15 00:00:00+00:00, run_after=2024-06-16 00:00:00+00:00
[2024-06-16T12:22:47.381+0000] {logging_mixin.py:188} INFO - [2024-06-16T12:22:47.378+0000] {dag.py:3954} INFO - Setting next_dagrun for example_branch_datetime_operator_2 to 2024-06-15 00:00:00+00:00, run_after=2024-06-16 00:00:00+00:00
[2024-06-16T12:22:47.388+0000] {logging_mixin.py:188} INFO - [2024-06-16T12:22:47.387+0000] {dag.py:3954} INFO - Setting next_dagrun for example_branch_datetime_operator_3 to 2024-06-15 00:00:00+00:00, run_after=2024-06-16 00:00:00+00:00
[2024-06-16T12:22:47.429+0000] {processor.py:183} INFO - Processing /home/airflow/.local/lib/python3.12/site-packages/airflow/example_dags/example_branch_datetime_operator.py took 0.207 seconds
[2024-06-16T12:23:17.534+0000] {processor.py:161} INFO - Started process (PID=314) to work on /home/airflow/.local/lib/python3.12/site-packages/airflow/example_dags/example_branch_datetime_operator.py
[2024-06-16T12:23:17.537+0000] {processor.py:830} INFO - Processing file /home/airflow/.local/lib/python3.12/site-packages/airflow/example_dags/example_branch_datetime_operator.py for tasks to queue
[2024-06-16T12:23:17.540+0000] {logging_mixin.py:188} INFO - [2024-06-16T12:23:17.539+0000] {dagbag.py:545} INFO - Filling up the DagBag from /home/airflow/.local/lib/python3.12/site-packages/airflow/example_dags/example_branch_datetime_operator.py
[2024-06-16T12:23:17.574+0000] {processor.py:840} INFO - DAG(s) 'example_branch_datetime_operator_2', 'example_branch_datetime_operator_3', 'example_branch_datetime_operator' retrieved from /home/airflow/.local/lib/python3.12/site-packages/airflow/example_dags/example_branch_datetime_operator.py
[2024-06-16T12:23:17.648+0000] {logging_mixin.py:188} INFO - [2024-06-16T12:23:17.647+0000] {dag.py:3096} INFO - Sync 3 DAGs
[2024-06-16T12:23:17.709+0000] {logging_mixin.py:188} INFO - [2024-06-16T12:23:17.708+0000] {dag.py:3954} INFO - Setting next_dagrun for example_branch_datetime_operator to 2024-06-15 00:00:00+00:00, run_after=2024-06-16 00:00:00+00:00
[2024-06-16T12:23:17.723+0000] {logging_mixin.py:188} INFO - [2024-06-16T12:23:17.722+0000] {dag.py:3954} INFO - Setting next_dagrun for example_branch_datetime_operator_2 to 2024-06-15 00:00:00+00:00, run_after=2024-06-16 00:00:00+00:00
[2024-06-16T12:23:17.737+0000] {logging_mixin.py:188} INFO - [2024-06-16T12:23:17.736+0000] {dag.py:3954} INFO - Setting next_dagrun for example_branch_datetime_operator_3 to 2024-06-15 00:00:00+00:00, run_after=2024-06-16 00:00:00+00:00
[2024-06-16T12:23:17.874+0000] {processor.py:183} INFO - Processing /home/airflow/.local/lib/python3.12/site-packages/airflow/example_dags/example_branch_datetime_operator.py took 0.359 seconds
[2024-06-16T12:23:48.456+0000] {processor.py:161} INFO - Started process (PID=373) to work on /home/airflow/.local/lib/python3.12/site-packages/airflow/example_dags/example_branch_datetime_operator.py
[2024-06-16T12:23:48.458+0000] {processor.py:830} INFO - Processing file /home/airflow/.local/lib/python3.12/site-packages/airflow/example_dags/example_branch_datetime_operator.py for tasks to queue
[2024-06-16T12:23:48.462+0000] {logging_mixin.py:188} INFO - [2024-06-16T12:23:48.461+0000] {dagbag.py:545} INFO - Filling up the DagBag from /home/airflow/.local/lib/python3.12/site-packages/airflow/example_dags/example_branch_datetime_operator.py
[2024-06-16T12:23:48.491+0000] {processor.py:840} INFO - DAG(s) 'example_branch_datetime_operator', 'example_branch_datetime_operator_3', 'example_branch_datetime_operator_2' retrieved from /home/airflow/.local/lib/python3.12/site-packages/airflow/example_dags/example_branch_datetime_operator.py
[2024-06-16T12:23:48.573+0000] {logging_mixin.py:188} INFO - [2024-06-16T12:23:48.572+0000] {dag.py:3096} INFO - Sync 3 DAGs
[2024-06-16T12:23:48.629+0000] {logging_mixin.py:188} INFO - [2024-06-16T12:23:48.629+0000] {dag.py:3954} INFO - Setting next_dagrun for example_branch_datetime_operator to 2024-06-15 00:00:00+00:00, run_after=2024-06-16 00:00:00+00:00
[2024-06-16T12:23:48.651+0000] {logging_mixin.py:188} INFO - [2024-06-16T12:23:48.650+0000] {dag.py:3954} INFO - Setting next_dagrun for example_branch_datetime_operator_2 to 2024-06-15 00:00:00+00:00, run_after=2024-06-16 00:00:00+00:00
[2024-06-16T12:23:48.668+0000] {logging_mixin.py:188} INFO - [2024-06-16T12:23:48.667+0000] {dag.py:3954} INFO - Setting next_dagrun for example_branch_datetime_operator_3 to 2024-06-15 00:00:00+00:00, run_after=2024-06-16 00:00:00+00:00
[2024-06-16T12:23:48.700+0000] {processor.py:183} INFO - Processing /home/airflow/.local/lib/python3.12/site-packages/airflow/example_dags/example_branch_datetime_operator.py took 0.258 seconds
[2024-06-16T12:24:18.995+0000] {processor.py:161} INFO - Started process (PID=432) to work on /home/airflow/.local/lib/python3.12/site-packages/airflow/example_dags/example_branch_datetime_operator.py
[2024-06-16T12:24:19.006+0000] {processor.py:830} INFO - Processing file /home/airflow/.local/lib/python3.12/site-packages/airflow/example_dags/example_branch_datetime_operator.py for tasks to queue
[2024-06-16T12:24:19.024+0000] {logging_mixin.py:188} INFO - [2024-06-16T12:24:19.023+0000] {dagbag.py:545} INFO - Filling up the DagBag from /home/airflow/.local/lib/python3.12/site-packages/airflow/example_dags/example_branch_datetime_operator.py
[2024-06-16T12:24:19.098+0000] {processor.py:840} INFO - DAG(s) 'example_branch_datetime_operator_2', 'example_branch_datetime_operator', 'example_branch_datetime_operator_3' retrieved from /home/airflow/.local/lib/python3.12/site-packages/airflow/example_dags/example_branch_datetime_operator.py
[2024-06-16T12:24:19.296+0000] {logging_mixin.py:188} INFO - [2024-06-16T12:24:19.294+0000] {dag.py:3096} INFO - Sync 3 DAGs
[2024-06-16T12:24:19.463+0000] {logging_mixin.py:188} INFO - [2024-06-16T12:24:19.463+0000] {dag.py:3954} INFO - Setting next_dagrun for example_branch_datetime_operator to 2024-06-15 00:00:00+00:00, run_after=2024-06-16 00:00:00+00:00
[2024-06-16T12:24:19.526+0000] {logging_mixin.py:188} INFO - [2024-06-16T12:24:19.526+0000] {dag.py:3954} INFO - Setting next_dagrun for example_branch_datetime_operator_2 to 2024-06-15 00:00:00+00:00, run_after=2024-06-16 00:00:00+00:00
[2024-06-16T12:24:19.571+0000] {logging_mixin.py:188} INFO - [2024-06-16T12:24:19.570+0000] {dag.py:3954} INFO - Setting next_dagrun for example_branch_datetime_operator_3 to 2024-06-15 00:00:00+00:00, run_after=2024-06-16 00:00:00+00:00
[2024-06-16T12:24:19.683+0000] {processor.py:183} INFO - Processing /home/airflow/.local/lib/python3.12/site-packages/airflow/example_dags/example_branch_datetime_operator.py took 0.801 seconds
[2024-06-16T12:45:08.687+0000] {processor.py:161} INFO - Started process (PID=77) to work on /home/airflow/.local/lib/python3.12/site-packages/airflow/example_dags/example_branch_datetime_operator.py
[2024-06-16T12:45:08.690+0000] {processor.py:830} INFO - Processing file /home/airflow/.local/lib/python3.12/site-packages/airflow/example_dags/example_branch_datetime_operator.py for tasks to queue
[2024-06-16T12:45:08.693+0000] {logging_mixin.py:188} INFO - [2024-06-16T12:45:08.692+0000] {dagbag.py:545} INFO - Filling up the DagBag from /home/airflow/.local/lib/python3.12/site-packages/airflow/example_dags/example_branch_datetime_operator.py
[2024-06-16T12:45:08.709+0000] {processor.py:840} INFO - DAG(s) 'example_branch_datetime_operator', 'example_branch_datetime_operator_2', 'example_branch_datetime_operator_3' retrieved from /home/airflow/.local/lib/python3.12/site-packages/airflow/example_dags/example_branch_datetime_operator.py
[2024-06-16T12:45:08.982+0000] {logging_mixin.py:188} INFO - [2024-06-16T12:45:08.981+0000] {override.py:1829} INFO - Created Permission View: can read on DAG:example_branch_datetime_operator
[2024-06-16T12:45:09.004+0000] {logging_mixin.py:188} INFO - [2024-06-16T12:45:09.004+0000] {override.py:1829} INFO - Created Permission View: can delete on DAG:example_branch_datetime_operator
[2024-06-16T12:45:09.022+0000] {logging_mixin.py:188} INFO - [2024-06-16T12:45:09.022+0000] {override.py:1829} INFO - Created Permission View: can edit on DAG:example_branch_datetime_operator
[2024-06-16T12:45:09.051+0000] {logging_mixin.py:188} INFO - [2024-06-16T12:45:09.051+0000] {override.py:1829} INFO - Created Permission View: can read on DAG:example_branch_datetime_operator_2
[2024-06-16T12:45:09.065+0000] {logging_mixin.py:188} INFO - [2024-06-16T12:45:09.065+0000] {override.py:1829} INFO - Created Permission View: can delete on DAG:example_branch_datetime_operator_2
[2024-06-16T12:45:09.079+0000] {logging_mixin.py:188} INFO - [2024-06-16T12:45:09.078+0000] {override.py:1829} INFO - Created Permission View: can edit on DAG:example_branch_datetime_operator_2
[2024-06-16T12:45:09.108+0000] {logging_mixin.py:188} INFO - [2024-06-16T12:45:09.107+0000] {override.py:1829} INFO - Created Permission View: can read on DAG:example_branch_datetime_operator_3
[2024-06-16T12:45:09.125+0000] {logging_mixin.py:188} INFO - [2024-06-16T12:45:09.124+0000] {override.py:1829} INFO - Created Permission View: can delete on DAG:example_branch_datetime_operator_3
[2024-06-16T12:45:09.149+0000] {logging_mixin.py:188} INFO - [2024-06-16T12:45:09.149+0000] {override.py:1829} INFO - Created Permission View: can edit on DAG:example_branch_datetime_operator_3
[2024-06-16T12:45:09.150+0000] {logging_mixin.py:188} INFO - [2024-06-16T12:45:09.150+0000] {dag.py:3096} INFO - Sync 3 DAGs
[2024-06-16T12:45:09.183+0000] {logging_mixin.py:188} INFO - [2024-06-16T12:45:09.182+0000] {dag.py:3118} INFO - Creating ORM DAG for example_branch_datetime_operator_2
[2024-06-16T12:45:09.184+0000] {logging_mixin.py:188} INFO - [2024-06-16T12:45:09.184+0000] {dag.py:3118} INFO - Creating ORM DAG for example_branch_datetime_operator_3
[2024-06-16T12:45:09.186+0000] {logging_mixin.py:188} INFO - [2024-06-16T12:45:09.185+0000] {dag.py:3118} INFO - Creating ORM DAG for example_branch_datetime_operator
[2024-06-16T12:45:09.208+0000] {logging_mixin.py:188} INFO - [2024-06-16T12:45:09.208+0000] {dag.py:3954} INFO - Setting next_dagrun for example_branch_datetime_operator to 2024-06-15 00:00:00+00:00, run_after=2024-06-16 00:00:00+00:00
[2024-06-16T12:45:09.213+0000] {logging_mixin.py:188} INFO - [2024-06-16T12:45:09.212+0000] {dag.py:3954} INFO - Setting next_dagrun for example_branch_datetime_operator_2 to 2024-06-15 00:00:00+00:00, run_after=2024-06-16 00:00:00+00:00
[2024-06-16T12:45:09.215+0000] {logging_mixin.py:188} INFO - [2024-06-16T12:45:09.215+0000] {dag.py:3954} INFO - Setting next_dagrun for example_branch_datetime_operator_3 to 2024-06-15 00:00:00+00:00, run_after=2024-06-16 00:00:00+00:00
[2024-06-16T12:45:09.250+0000] {processor.py:183} INFO - Processing /home/airflow/.local/lib/python3.12/site-packages/airflow/example_dags/example_branch_datetime_operator.py took 0.572 seconds
[2024-06-16T12:45:39.392+0000] {processor.py:161} INFO - Started process (PID=136) to work on /home/airflow/.local/lib/python3.12/site-packages/airflow/example_dags/example_branch_datetime_operator.py
[2024-06-16T12:45:39.393+0000] {processor.py:830} INFO - Processing file /home/airflow/.local/lib/python3.12/site-packages/airflow/example_dags/example_branch_datetime_operator.py for tasks to queue
[2024-06-16T12:45:39.395+0000] {logging_mixin.py:188} INFO - [2024-06-16T12:45:39.395+0000] {dagbag.py:545} INFO - Filling up the DagBag from /home/airflow/.local/lib/python3.12/site-packages/airflow/example_dags/example_branch_datetime_operator.py
[2024-06-16T12:45:39.407+0000] {processor.py:840} INFO - DAG(s) 'example_branch_datetime_operator_3', 'example_branch_datetime_operator', 'example_branch_datetime_operator_2' retrieved from /home/airflow/.local/lib/python3.12/site-packages/airflow/example_dags/example_branch_datetime_operator.py
[2024-06-16T12:45:39.443+0000] {logging_mixin.py:188} INFO - [2024-06-16T12:45:39.443+0000] {dag.py:3096} INFO - Sync 3 DAGs
[2024-06-16T12:45:39.483+0000] {logging_mixin.py:188} INFO - [2024-06-16T12:45:39.482+0000] {dag.py:3954} INFO - Setting next_dagrun for example_branch_datetime_operator to 2024-06-15 00:00:00+00:00, run_after=2024-06-16 00:00:00+00:00
[2024-06-16T12:45:39.490+0000] {logging_mixin.py:188} INFO - [2024-06-16T12:45:39.489+0000] {dag.py:3954} INFO - Setting next_dagrun for example_branch_datetime_operator_2 to 2024-06-15 00:00:00+00:00, run_after=2024-06-16 00:00:00+00:00
[2024-06-16T12:45:39.493+0000] {logging_mixin.py:188} INFO - [2024-06-16T12:45:39.493+0000] {dag.py:3954} INFO - Setting next_dagrun for example_branch_datetime_operator_3 to 2024-06-15 00:00:00+00:00, run_after=2024-06-16 00:00:00+00:00
[2024-06-16T12:45:39.515+0000] {processor.py:183} INFO - Processing /home/airflow/.local/lib/python3.12/site-packages/airflow/example_dags/example_branch_datetime_operator.py took 0.130 seconds
[2024-06-16T12:46:10.022+0000] {processor.py:161} INFO - Started process (PID=195) to work on /home/airflow/.local/lib/python3.12/site-packages/airflow/example_dags/example_branch_datetime_operator.py
[2024-06-16T12:46:10.026+0000] {processor.py:830} INFO - Processing file /home/airflow/.local/lib/python3.12/site-packages/airflow/example_dags/example_branch_datetime_operator.py for tasks to queue
[2024-06-16T12:46:10.030+0000] {logging_mixin.py:188} INFO - [2024-06-16T12:46:10.029+0000] {dagbag.py:545} INFO - Filling up the DagBag from /home/airflow/.local/lib/python3.12/site-packages/airflow/example_dags/example_branch_datetime_operator.py
[2024-06-16T12:46:10.092+0000] {processor.py:840} INFO - DAG(s) 'example_branch_datetime_operator_2', 'example_branch_datetime_operator', 'example_branch_datetime_operator_3' retrieved from /home/airflow/.local/lib/python3.12/site-packages/airflow/example_dags/example_branch_datetime_operator.py
[2024-06-16T12:46:10.173+0000] {logging_mixin.py:188} INFO - [2024-06-16T12:46:10.173+0000] {dag.py:3096} INFO - Sync 3 DAGs
[2024-06-16T12:46:10.252+0000] {logging_mixin.py:188} INFO - [2024-06-16T12:46:10.251+0000] {dag.py:3954} INFO - Setting next_dagrun for example_branch_datetime_operator to 2024-06-15 00:00:00+00:00, run_after=2024-06-16 00:00:00+00:00
[2024-06-16T12:46:10.264+0000] {logging_mixin.py:188} INFO - [2024-06-16T12:46:10.263+0000] {dag.py:3954} INFO - Setting next_dagrun for example_branch_datetime_operator_2 to 2024-06-15 00:00:00+00:00, run_after=2024-06-16 00:00:00+00:00
[2024-06-16T12:46:10.269+0000] {logging_mixin.py:188} INFO - [2024-06-16T12:46:10.269+0000] {dag.py:3954} INFO - Setting next_dagrun for example_branch_datetime_operator_3 to 2024-06-15 00:00:00+00:00, run_after=2024-06-16 00:00:00+00:00
[2024-06-16T12:46:10.302+0000] {processor.py:183} INFO - Processing /home/airflow/.local/lib/python3.12/site-packages/airflow/example_dags/example_branch_datetime_operator.py took 0.309 seconds
[2024-06-16T12:47:12.463+0000] {processor.py:161} INFO - Started process (PID=254) to work on /home/airflow/.local/lib/python3.12/site-packages/airflow/example_dags/example_branch_datetime_operator.py
[2024-06-16T12:47:12.579+0000] {processor.py:830} INFO - Processing file /home/airflow/.local/lib/python3.12/site-packages/airflow/example_dags/example_branch_datetime_operator.py for tasks to queue
[2024-06-16T12:47:12.789+0000] {logging_mixin.py:188} INFO - [2024-06-16T12:47:12.656+0000] {dagbag.py:545} INFO - Filling up the DagBag from /home/airflow/.local/lib/python3.12/site-packages/airflow/example_dags/example_branch_datetime_operator.py
[2024-06-16T12:47:13.715+0000] {processor.py:840} INFO - DAG(s) 'example_branch_datetime_operator', 'example_branch_datetime_operator_3', 'example_branch_datetime_operator_2' retrieved from /home/airflow/.local/lib/python3.12/site-packages/airflow/example_dags/example_branch_datetime_operator.py
[2024-06-16T12:47:18.682+0000] {logging_mixin.py:188} INFO - [2024-06-16T12:47:18.613+0000] {dag.py:3096} INFO - Sync 3 DAGs
[2024-06-16T12:47:19.282+0000] {logging_mixin.py:188} INFO - [2024-06-16T12:47:19.245+0000] {dag.py:3954} INFO - Setting next_dagrun for example_branch_datetime_operator to 2024-06-15 00:00:00+00:00, run_after=2024-06-16 00:00:00+00:00
[2024-06-16T12:47:19.712+0000] {logging_mixin.py:188} INFO - [2024-06-16T12:47:19.569+0000] {dag.py:3954} INFO - Setting next_dagrun for example_branch_datetime_operator_2 to 2024-06-15 00:00:00+00:00, run_after=2024-06-16 00:00:00+00:00
[2024-06-16T12:47:20.078+0000] {logging_mixin.py:188} INFO - [2024-06-16T12:47:19.909+0000] {dag.py:3954} INFO - Setting next_dagrun for example_branch_datetime_operator_3 to 2024-06-15 00:00:00+00:00, run_after=2024-06-16 00:00:00+00:00
[2024-06-16T12:47:21.748+0000] {processor.py:183} INFO - Processing /home/airflow/.local/lib/python3.12/site-packages/airflow/example_dags/example_branch_datetime_operator.py took 9.702 seconds
[2024-06-16T12:47:52.176+0000] {processor.py:161} INFO - Started process (PID=315) to work on /home/airflow/.local/lib/python3.12/site-packages/airflow/example_dags/example_branch_datetime_operator.py
[2024-06-16T12:47:52.177+0000] {processor.py:830} INFO - Processing file /home/airflow/.local/lib/python3.12/site-packages/airflow/example_dags/example_branch_datetime_operator.py for tasks to queue
[2024-06-16T12:47:52.181+0000] {logging_mixin.py:188} INFO - [2024-06-16T12:47:52.180+0000] {dagbag.py:545} INFO - Filling up the DagBag from /home/airflow/.local/lib/python3.12/site-packages/airflow/example_dags/example_branch_datetime_operator.py
[2024-06-16T12:47:52.226+0000] {processor.py:840} INFO - DAG(s) 'example_branch_datetime_operator_2', 'example_branch_datetime_operator_3', 'example_branch_datetime_operator' retrieved from /home/airflow/.local/lib/python3.12/site-packages/airflow/example_dags/example_branch_datetime_operator.py
[2024-06-16T12:47:52.289+0000] {logging_mixin.py:188} INFO - [2024-06-16T12:47:52.289+0000] {dag.py:3096} INFO - Sync 3 DAGs
[2024-06-16T12:47:52.326+0000] {logging_mixin.py:188} INFO - [2024-06-16T12:47:52.326+0000] {dag.py:3954} INFO - Setting next_dagrun for example_branch_datetime_operator to 2024-06-15 00:00:00+00:00, run_after=2024-06-16 00:00:00+00:00
[2024-06-16T12:47:52.333+0000] {logging_mixin.py:188} INFO - [2024-06-16T12:47:52.333+0000] {dag.py:3954} INFO - Setting next_dagrun for example_branch_datetime_operator_2 to 2024-06-15 00:00:00+00:00, run_after=2024-06-16 00:00:00+00:00
[2024-06-16T12:47:52.338+0000] {logging_mixin.py:188} INFO - [2024-06-16T12:47:52.337+0000] {dag.py:3954} INFO - Setting next_dagrun for example_branch_datetime_operator_3 to 2024-06-15 00:00:00+00:00, run_after=2024-06-16 00:00:00+00:00
[2024-06-16T12:47:52.368+0000] {processor.py:183} INFO - Processing /home/airflow/.local/lib/python3.12/site-packages/airflow/example_dags/example_branch_datetime_operator.py took 0.203 seconds
[2024-06-16T12:48:22.929+0000] {processor.py:161} INFO - Started process (PID=374) to work on /home/airflow/.local/lib/python3.12/site-packages/airflow/example_dags/example_branch_datetime_operator.py
[2024-06-16T12:48:22.932+0000] {processor.py:830} INFO - Processing file /home/airflow/.local/lib/python3.12/site-packages/airflow/example_dags/example_branch_datetime_operator.py for tasks to queue
[2024-06-16T12:48:22.938+0000] {logging_mixin.py:188} INFO - [2024-06-16T12:48:22.935+0000] {dagbag.py:545} INFO - Filling up the DagBag from /home/airflow/.local/lib/python3.12/site-packages/airflow/example_dags/example_branch_datetime_operator.py
[2024-06-16T12:48:22.967+0000] {processor.py:840} INFO - DAG(s) 'example_branch_datetime_operator_2', 'example_branch_datetime_operator_3', 'example_branch_datetime_operator' retrieved from /home/airflow/.local/lib/python3.12/site-packages/airflow/example_dags/example_branch_datetime_operator.py
[2024-06-16T12:48:23.048+0000] {logging_mixin.py:188} INFO - [2024-06-16T12:48:23.047+0000] {dag.py:3096} INFO - Sync 3 DAGs
[2024-06-16T12:48:23.087+0000] {logging_mixin.py:188} INFO - [2024-06-16T12:48:23.086+0000] {dag.py:3954} INFO - Setting next_dagrun for example_branch_datetime_operator to 2024-06-15 00:00:00+00:00, run_after=2024-06-16 00:00:00+00:00
[2024-06-16T12:48:23.095+0000] {logging_mixin.py:188} INFO - [2024-06-16T12:48:23.095+0000] {dag.py:3954} INFO - Setting next_dagrun for example_branch_datetime_operator_2 to 2024-06-15 00:00:00+00:00, run_after=2024-06-16 00:00:00+00:00
[2024-06-16T12:48:23.100+0000] {logging_mixin.py:188} INFO - [2024-06-16T12:48:23.099+0000] {dag.py:3954} INFO - Setting next_dagrun for example_branch_datetime_operator_3 to 2024-06-15 00:00:00+00:00, run_after=2024-06-16 00:00:00+00:00
[2024-06-16T12:48:23.128+0000] {processor.py:183} INFO - Processing /home/airflow/.local/lib/python3.12/site-packages/airflow/example_dags/example_branch_datetime_operator.py took 0.218 seconds
[2024-06-16T12:48:54.093+0000] {processor.py:161} INFO - Started process (PID=433) to work on /home/airflow/.local/lib/python3.12/site-packages/airflow/example_dags/example_branch_datetime_operator.py
[2024-06-16T12:48:54.139+0000] {processor.py:830} INFO - Processing file /home/airflow/.local/lib/python3.12/site-packages/airflow/example_dags/example_branch_datetime_operator.py for tasks to queue
[2024-06-16T12:48:54.207+0000] {logging_mixin.py:188} INFO - [2024-06-16T12:48:54.148+0000] {dagbag.py:545} INFO - Filling up the DagBag from /home/airflow/.local/lib/python3.12/site-packages/airflow/example_dags/example_branch_datetime_operator.py
[2024-06-16T12:48:54.969+0000] {processor.py:840} INFO - DAG(s) 'example_branch_datetime_operator', 'example_branch_datetime_operator_3', 'example_branch_datetime_operator_2' retrieved from /home/airflow/.local/lib/python3.12/site-packages/airflow/example_dags/example_branch_datetime_operator.py
[2024-06-16T12:49:00.845+0000] {logging_mixin.py:188} INFO - [2024-06-16T12:49:00.818+0000] {dag.py:3096} INFO - Sync 3 DAGs
[2024-06-16T12:49:01.631+0000] {logging_mixin.py:188} INFO - [2024-06-16T12:49:01.584+0000] {dag.py:3954} INFO - Setting next_dagrun for example_branch_datetime_operator to 2024-06-15 00:00:00+00:00, run_after=2024-06-16 00:00:00+00:00
[2024-06-16T12:49:01.954+0000] {logging_mixin.py:188} INFO - [2024-06-16T12:49:01.916+0000] {dag.py:3954} INFO - Setting next_dagrun for example_branch_datetime_operator_2 to 2024-06-15 00:00:00+00:00, run_after=2024-06-16 00:00:00+00:00
[2024-06-16T12:49:02.063+0000] {logging_mixin.py:188} INFO - [2024-06-16T12:49:02.062+0000] {dag.py:3954} INFO - Setting next_dagrun for example_branch_datetime_operator_3 to 2024-06-15 00:00:00+00:00, run_after=2024-06-16 00:00:00+00:00
[2024-06-16T12:49:02.876+0000] {processor.py:183} INFO - Processing /home/airflow/.local/lib/python3.12/site-packages/airflow/example_dags/example_branch_datetime_operator.py took 9.147 seconds
[2024-06-16T12:49:33.165+0000] {processor.py:161} INFO - Started process (PID=493) to work on /home/airflow/.local/lib/python3.12/site-packages/airflow/example_dags/example_branch_datetime_operator.py
[2024-06-16T12:49:33.168+0000] {processor.py:830} INFO - Processing file /home/airflow/.local/lib/python3.12/site-packages/airflow/example_dags/example_branch_datetime_operator.py for tasks to queue
[2024-06-16T12:49:33.190+0000] {logging_mixin.py:188} INFO - [2024-06-16T12:49:33.174+0000] {dagbag.py:545} INFO - Filling up the DagBag from /home/airflow/.local/lib/python3.12/site-packages/airflow/example_dags/example_branch_datetime_operator.py
[2024-06-16T12:49:33.308+0000] {processor.py:840} INFO - DAG(s) 'example_branch_datetime_operator_3', 'example_branch_datetime_operator_2', 'example_branch_datetime_operator' retrieved from /home/airflow/.local/lib/python3.12/site-packages/airflow/example_dags/example_branch_datetime_operator.py
[2024-06-16T12:49:33.602+0000] {logging_mixin.py:188} INFO - [2024-06-16T12:49:33.601+0000] {dag.py:3096} INFO - Sync 3 DAGs
[2024-06-16T12:49:34.115+0000] {logging_mixin.py:188} INFO - [2024-06-16T12:49:34.115+0000] {dag.py:3954} INFO - Setting next_dagrun for example_branch_datetime_operator to 2024-06-15 00:00:00+00:00, run_after=2024-06-16 00:00:00+00:00
[2024-06-16T12:49:34.178+0000] {logging_mixin.py:188} INFO - [2024-06-16T12:49:34.177+0000] {dag.py:3954} INFO - Setting next_dagrun for example_branch_datetime_operator_2 to 2024-06-15 00:00:00+00:00, run_after=2024-06-16 00:00:00+00:00
[2024-06-16T12:49:34.199+0000] {logging_mixin.py:188} INFO - [2024-06-16T12:49:34.198+0000] {dag.py:3954} INFO - Setting next_dagrun for example_branch_datetime_operator_3 to 2024-06-15 00:00:00+00:00, run_after=2024-06-16 00:00:00+00:00
[2024-06-16T12:49:34.554+0000] {processor.py:183} INFO - Processing /home/airflow/.local/lib/python3.12/site-packages/airflow/example_dags/example_branch_datetime_operator.py took 1.406 seconds
[2024-06-16T12:50:12.501+0000] {processor.py:161} INFO - Started process (PID=550) to work on /home/airflow/.local/lib/python3.12/site-packages/airflow/example_dags/example_branch_datetime_operator.py
[2024-06-16T12:50:12.554+0000] {processor.py:830} INFO - Processing file /home/airflow/.local/lib/python3.12/site-packages/airflow/example_dags/example_branch_datetime_operator.py for tasks to queue
[2024-06-16T12:50:12.615+0000] {logging_mixin.py:188} INFO - [2024-06-16T12:50:12.569+0000] {dagbag.py:545} INFO - Filling up the DagBag from /home/airflow/.local/lib/python3.12/site-packages/airflow/example_dags/example_branch_datetime_operator.py
[2024-06-16T12:50:13.308+0000] {processor.py:840} INFO - DAG(s) 'example_branch_datetime_operator_3', 'example_branch_datetime_operator_2', 'example_branch_datetime_operator' retrieved from /home/airflow/.local/lib/python3.12/site-packages/airflow/example_dags/example_branch_datetime_operator.py
[2024-06-16T12:50:24.891+0000] {logging_mixin.py:188} INFO - [2024-06-16T12:50:24.797+0000] {dag.py:3096} INFO - Sync 3 DAGs
[2024-06-16T12:50:32.762+0000] {logging_mixin.py:188} INFO - [2024-06-16T12:50:32.720+0000] {dag.py:3954} INFO - Setting next_dagrun for example_branch_datetime_operator to 2024-06-15 00:00:00+00:00, run_after=2024-06-16 00:00:00+00:00
[2024-06-16T12:50:32.853+0000] {logging_mixin.py:188} INFO - [2024-06-16T12:50:32.843+0000] {dag.py:3954} INFO - Setting next_dagrun for example_branch_datetime_operator_2 to 2024-06-15 00:00:00+00:00, run_after=2024-06-16 00:00:00+00:00
[2024-06-16T12:50:32.876+0000] {logging_mixin.py:188} INFO - [2024-06-16T12:50:32.876+0000] {dag.py:3954} INFO - Setting next_dagrun for example_branch_datetime_operator_3 to 2024-06-15 00:00:00+00:00, run_after=2024-06-16 00:00:00+00:00
[2024-06-16T12:50:34.455+0000] {processor.py:183} INFO - Processing /home/airflow/.local/lib/python3.12/site-packages/airflow/example_dags/example_branch_datetime_operator.py took 22.298 seconds
[2024-06-16T12:51:05.089+0000] {processor.py:161} INFO - Started process (PID=610) to work on /home/airflow/.local/lib/python3.12/site-packages/airflow/example_dags/example_branch_datetime_operator.py
[2024-06-16T12:51:05.090+0000] {processor.py:830} INFO - Processing file /home/airflow/.local/lib/python3.12/site-packages/airflow/example_dags/example_branch_datetime_operator.py for tasks to queue
[2024-06-16T12:51:05.093+0000] {logging_mixin.py:188} INFO - [2024-06-16T12:51:05.093+0000] {dagbag.py:545} INFO - Filling up the DagBag from /home/airflow/.local/lib/python3.12/site-packages/airflow/example_dags/example_branch_datetime_operator.py
[2024-06-16T12:51:05.116+0000] {processor.py:840} INFO - DAG(s) 'example_branch_datetime_operator_2', 'example_branch_datetime_operator_3', 'example_branch_datetime_operator' retrieved from /home/airflow/.local/lib/python3.12/site-packages/airflow/example_dags/example_branch_datetime_operator.py
[2024-06-16T12:51:05.175+0000] {logging_mixin.py:188} INFO - [2024-06-16T12:51:05.175+0000] {dag.py:3096} INFO - Sync 3 DAGs
[2024-06-16T12:51:05.244+0000] {logging_mixin.py:188} INFO - [2024-06-16T12:51:05.243+0000] {dag.py:3954} INFO - Setting next_dagrun for example_branch_datetime_operator to 2024-06-15 00:00:00+00:00, run_after=2024-06-16 00:00:00+00:00
[2024-06-16T12:51:05.259+0000] {logging_mixin.py:188} INFO - [2024-06-16T12:51:05.259+0000] {dag.py:3954} INFO - Setting next_dagrun for example_branch_datetime_operator_2 to 2024-06-15 00:00:00+00:00, run_after=2024-06-16 00:00:00+00:00
[2024-06-16T12:51:05.268+0000] {logging_mixin.py:188} INFO - [2024-06-16T12:51:05.267+0000] {dag.py:3954} INFO - Setting next_dagrun for example_branch_datetime_operator_3 to 2024-06-15 00:00:00+00:00, run_after=2024-06-16 00:00:00+00:00
[2024-06-16T12:51:05.306+0000] {processor.py:183} INFO - Processing /home/airflow/.local/lib/python3.12/site-packages/airflow/example_dags/example_branch_datetime_operator.py took 0.229 seconds
[2024-06-16T12:51:35.560+0000] {processor.py:161} INFO - Started process (PID=669) to work on /home/airflow/.local/lib/python3.12/site-packages/airflow/example_dags/example_branch_datetime_operator.py
[2024-06-16T12:51:35.562+0000] {processor.py:830} INFO - Processing file /home/airflow/.local/lib/python3.12/site-packages/airflow/example_dags/example_branch_datetime_operator.py for tasks to queue
[2024-06-16T12:51:35.566+0000] {logging_mixin.py:188} INFO - [2024-06-16T12:51:35.565+0000] {dagbag.py:545} INFO - Filling up the DagBag from /home/airflow/.local/lib/python3.12/site-packages/airflow/example_dags/example_branch_datetime_operator.py
[2024-06-16T12:51:35.600+0000] {processor.py:840} INFO - DAG(s) 'example_branch_datetime_operator_2', 'example_branch_datetime_operator_3', 'example_branch_datetime_operator' retrieved from /home/airflow/.local/lib/python3.12/site-packages/airflow/example_dags/example_branch_datetime_operator.py
[2024-06-16T12:51:35.668+0000] {logging_mixin.py:188} INFO - [2024-06-16T12:51:35.667+0000] {dag.py:3096} INFO - Sync 3 DAGs
[2024-06-16T12:51:35.730+0000] {logging_mixin.py:188} INFO - [2024-06-16T12:51:35.729+0000] {dag.py:3954} INFO - Setting next_dagrun for example_branch_datetime_operator to 2024-06-15 00:00:00+00:00, run_after=2024-06-16 00:00:00+00:00
[2024-06-16T12:51:35.748+0000] {logging_mixin.py:188} INFO - [2024-06-16T12:51:35.747+0000] {dag.py:3954} INFO - Setting next_dagrun for example_branch_datetime_operator_2 to 2024-06-15 00:00:00+00:00, run_after=2024-06-16 00:00:00+00:00
[2024-06-16T12:51:35.755+0000] {logging_mixin.py:188} INFO - [2024-06-16T12:51:35.755+0000] {dag.py:3954} INFO - Setting next_dagrun for example_branch_datetime_operator_3 to 2024-06-15 00:00:00+00:00, run_after=2024-06-16 00:00:00+00:00
[2024-06-16T12:51:35.796+0000] {processor.py:183} INFO - Processing /home/airflow/.local/lib/python3.12/site-packages/airflow/example_dags/example_branch_datetime_operator.py took 0.249 seconds
[2024-06-16T12:52:06.673+0000] {processor.py:161} INFO - Started process (PID=728) to work on /home/airflow/.local/lib/python3.12/site-packages/airflow/example_dags/example_branch_datetime_operator.py
[2024-06-16T12:52:06.682+0000] {processor.py:830} INFO - Processing file /home/airflow/.local/lib/python3.12/site-packages/airflow/example_dags/example_branch_datetime_operator.py for tasks to queue
[2024-06-16T12:52:06.684+0000] {logging_mixin.py:188} INFO - [2024-06-16T12:52:06.684+0000] {dagbag.py:545} INFO - Filling up the DagBag from /home/airflow/.local/lib/python3.12/site-packages/airflow/example_dags/example_branch_datetime_operator.py
[2024-06-16T12:52:06.699+0000] {processor.py:840} INFO - DAG(s) 'example_branch_datetime_operator_3', 'example_branch_datetime_operator', 'example_branch_datetime_operator_2' retrieved from /home/airflow/.local/lib/python3.12/site-packages/airflow/example_dags/example_branch_datetime_operator.py
[2024-06-16T12:52:06.731+0000] {logging_mixin.py:188} INFO - [2024-06-16T12:52:06.731+0000] {dag.py:3096} INFO - Sync 3 DAGs
[2024-06-16T12:52:06.762+0000] {logging_mixin.py:188} INFO - [2024-06-16T12:52:06.762+0000] {dag.py:3954} INFO - Setting next_dagrun for example_branch_datetime_operator to 2024-06-15 00:00:00+00:00, run_after=2024-06-16 00:00:00+00:00
[2024-06-16T12:52:06.769+0000] {logging_mixin.py:188} INFO - [2024-06-16T12:52:06.768+0000] {dag.py:3954} INFO - Setting next_dagrun for example_branch_datetime_operator_2 to 2024-06-15 00:00:00+00:00, run_after=2024-06-16 00:00:00+00:00
[2024-06-16T12:52:06.772+0000] {logging_mixin.py:188} INFO - [2024-06-16T12:52:06.772+0000] {dag.py:3954} INFO - Setting next_dagrun for example_branch_datetime_operator_3 to 2024-06-15 00:00:00+00:00, run_after=2024-06-16 00:00:00+00:00
[2024-06-16T12:52:06.792+0000] {processor.py:183} INFO - Processing /home/airflow/.local/lib/python3.12/site-packages/airflow/example_dags/example_branch_datetime_operator.py took 0.127 seconds
[2024-06-16T12:52:37.063+0000] {processor.py:161} INFO - Started process (PID=787) to work on /home/airflow/.local/lib/python3.12/site-packages/airflow/example_dags/example_branch_datetime_operator.py
[2024-06-16T12:52:37.064+0000] {processor.py:830} INFO - Processing file /home/airflow/.local/lib/python3.12/site-packages/airflow/example_dags/example_branch_datetime_operator.py for tasks to queue
[2024-06-16T12:52:37.066+0000] {logging_mixin.py:188} INFO - [2024-06-16T12:52:37.065+0000] {dagbag.py:545} INFO - Filling up the DagBag from /home/airflow/.local/lib/python3.12/site-packages/airflow/example_dags/example_branch_datetime_operator.py
[2024-06-16T12:52:37.076+0000] {processor.py:840} INFO - DAG(s) 'example_branch_datetime_operator_3', 'example_branch_datetime_operator', 'example_branch_datetime_operator_2' retrieved from /home/airflow/.local/lib/python3.12/site-packages/airflow/example_dags/example_branch_datetime_operator.py
[2024-06-16T12:52:37.110+0000] {logging_mixin.py:188} INFO - [2024-06-16T12:52:37.109+0000] {dag.py:3096} INFO - Sync 3 DAGs
[2024-06-16T12:52:37.138+0000] {logging_mixin.py:188} INFO - [2024-06-16T12:52:37.138+0000] {dag.py:3954} INFO - Setting next_dagrun for example_branch_datetime_operator to 2024-06-15 00:00:00+00:00, run_after=2024-06-16 00:00:00+00:00
[2024-06-16T12:52:37.145+0000] {logging_mixin.py:188} INFO - [2024-06-16T12:52:37.144+0000] {dag.py:3954} INFO - Setting next_dagrun for example_branch_datetime_operator_2 to 2024-06-15 00:00:00+00:00, run_after=2024-06-16 00:00:00+00:00
[2024-06-16T12:52:37.148+0000] {logging_mixin.py:188} INFO - [2024-06-16T12:52:37.148+0000] {dag.py:3954} INFO - Setting next_dagrun for example_branch_datetime_operator_3 to 2024-06-15 00:00:00+00:00, run_after=2024-06-16 00:00:00+00:00
[2024-06-16T12:52:37.168+0000] {processor.py:183} INFO - Processing /home/airflow/.local/lib/python3.12/site-packages/airflow/example_dags/example_branch_datetime_operator.py took 0.110 seconds
[2024-06-16T12:53:07.647+0000] {processor.py:161} INFO - Started process (PID=847) to work on /home/airflow/.local/lib/python3.12/site-packages/airflow/example_dags/example_branch_datetime_operator.py
[2024-06-16T12:53:07.649+0000] {processor.py:830} INFO - Processing file /home/airflow/.local/lib/python3.12/site-packages/airflow/example_dags/example_branch_datetime_operator.py for tasks to queue
[2024-06-16T12:53:07.651+0000] {logging_mixin.py:188} INFO - [2024-06-16T12:53:07.650+0000] {dagbag.py:545} INFO - Filling up the DagBag from /home/airflow/.local/lib/python3.12/site-packages/airflow/example_dags/example_branch_datetime_operator.py
[2024-06-16T12:53:07.705+0000] {processor.py:840} INFO - DAG(s) 'example_branch_datetime_operator_2', 'example_branch_datetime_operator_3', 'example_branch_datetime_operator' retrieved from /home/airflow/.local/lib/python3.12/site-packages/airflow/example_dags/example_branch_datetime_operator.py
[2024-06-16T12:53:07.771+0000] {logging_mixin.py:188} INFO - [2024-06-16T12:53:07.771+0000] {dag.py:3096} INFO - Sync 3 DAGs
[2024-06-16T12:53:07.812+0000] {logging_mixin.py:188} INFO - [2024-06-16T12:53:07.812+0000] {dag.py:3954} INFO - Setting next_dagrun for example_branch_datetime_operator to 2024-06-15 00:00:00+00:00, run_after=2024-06-16 00:00:00+00:00
[2024-06-16T12:53:07.818+0000] {logging_mixin.py:188} INFO - [2024-06-16T12:53:07.818+0000] {dag.py:3954} INFO - Setting next_dagrun for example_branch_datetime_operator_2 to 2024-06-15 00:00:00+00:00, run_after=2024-06-16 00:00:00+00:00
[2024-06-16T12:53:07.822+0000] {logging_mixin.py:188} INFO - [2024-06-16T12:53:07.822+0000] {dag.py:3954} INFO - Setting next_dagrun for example_branch_datetime_operator_3 to 2024-06-15 00:00:00+00:00, run_after=2024-06-16 00:00:00+00:00
[2024-06-16T12:53:07.846+0000] {processor.py:183} INFO - Processing /home/airflow/.local/lib/python3.12/site-packages/airflow/example_dags/example_branch_datetime_operator.py took 0.218 seconds
[2024-06-16T12:53:37.940+0000] {processor.py:161} INFO - Started process (PID=905) to work on /home/airflow/.local/lib/python3.12/site-packages/airflow/example_dags/example_branch_datetime_operator.py
[2024-06-16T12:53:37.950+0000] {processor.py:830} INFO - Processing file /home/airflow/.local/lib/python3.12/site-packages/airflow/example_dags/example_branch_datetime_operator.py for tasks to queue
[2024-06-16T12:53:37.952+0000] {logging_mixin.py:188} INFO - [2024-06-16T12:53:37.951+0000] {dagbag.py:545} INFO - Filling up the DagBag from /home/airflow/.local/lib/python3.12/site-packages/airflow/example_dags/example_branch_datetime_operator.py
[2024-06-16T12:53:37.966+0000] {processor.py:840} INFO - DAG(s) 'example_branch_datetime_operator_3', 'example_branch_datetime_operator', 'example_branch_datetime_operator_2' retrieved from /home/airflow/.local/lib/python3.12/site-packages/airflow/example_dags/example_branch_datetime_operator.py
[2024-06-16T12:53:38.020+0000] {logging_mixin.py:188} INFO - [2024-06-16T12:53:38.019+0000] {dag.py:3096} INFO - Sync 3 DAGs
[2024-06-16T12:53:38.091+0000] {logging_mixin.py:188} INFO - [2024-06-16T12:53:38.091+0000] {dag.py:3954} INFO - Setting next_dagrun for example_branch_datetime_operator to 2024-06-15 00:00:00+00:00, run_after=2024-06-16 00:00:00+00:00
[2024-06-16T12:53:38.100+0000] {logging_mixin.py:188} INFO - [2024-06-16T12:53:38.100+0000] {dag.py:3954} INFO - Setting next_dagrun for example_branch_datetime_operator_2 to 2024-06-15 00:00:00+00:00, run_after=2024-06-16 00:00:00+00:00
[2024-06-16T12:53:38.105+0000] {logging_mixin.py:188} INFO - [2024-06-16T12:53:38.105+0000] {dag.py:3954} INFO - Setting next_dagrun for example_branch_datetime_operator_3 to 2024-06-15 00:00:00+00:00, run_after=2024-06-16 00:00:00+00:00
[2024-06-16T12:53:38.131+0000] {processor.py:183} INFO - Processing /home/airflow/.local/lib/python3.12/site-packages/airflow/example_dags/example_branch_datetime_operator.py took 0.200 seconds
[2024-06-16T12:54:08.423+0000] {processor.py:161} INFO - Started process (PID=964) to work on /home/airflow/.local/lib/python3.12/site-packages/airflow/example_dags/example_branch_datetime_operator.py
[2024-06-16T12:54:08.424+0000] {processor.py:830} INFO - Processing file /home/airflow/.local/lib/python3.12/site-packages/airflow/example_dags/example_branch_datetime_operator.py for tasks to queue
[2024-06-16T12:54:08.425+0000] {logging_mixin.py:188} INFO - [2024-06-16T12:54:08.425+0000] {dagbag.py:545} INFO - Filling up the DagBag from /home/airflow/.local/lib/python3.12/site-packages/airflow/example_dags/example_branch_datetime_operator.py
[2024-06-16T12:54:08.443+0000] {processor.py:840} INFO - DAG(s) 'example_branch_datetime_operator', 'example_branch_datetime_operator_2', 'example_branch_datetime_operator_3' retrieved from /home/airflow/.local/lib/python3.12/site-packages/airflow/example_dags/example_branch_datetime_operator.py
[2024-06-16T12:54:08.494+0000] {logging_mixin.py:188} INFO - [2024-06-16T12:54:08.493+0000] {dag.py:3096} INFO - Sync 3 DAGs
[2024-06-16T12:54:08.535+0000] {logging_mixin.py:188} INFO - [2024-06-16T12:54:08.534+0000] {dag.py:3954} INFO - Setting next_dagrun for example_branch_datetime_operator to 2024-06-15 00:00:00+00:00, run_after=2024-06-16 00:00:00+00:00
[2024-06-16T12:54:08.545+0000] {logging_mixin.py:188} INFO - [2024-06-16T12:54:08.544+0000] {dag.py:3954} INFO - Setting next_dagrun for example_branch_datetime_operator_2 to 2024-06-15 00:00:00+00:00, run_after=2024-06-16 00:00:00+00:00
[2024-06-16T12:54:08.551+0000] {logging_mixin.py:188} INFO - [2024-06-16T12:54:08.550+0000] {dag.py:3954} INFO - Setting next_dagrun for example_branch_datetime_operator_3 to 2024-06-15 00:00:00+00:00, run_after=2024-06-16 00:00:00+00:00
[2024-06-16T12:54:08.592+0000] {processor.py:183} INFO - Processing /home/airflow/.local/lib/python3.12/site-packages/airflow/example_dags/example_branch_datetime_operator.py took 0.179 seconds
[2024-06-16T12:54:38.744+0000] {processor.py:161} INFO - Started process (PID=1023) to work on /home/airflow/.local/lib/python3.12/site-packages/airflow/example_dags/example_branch_datetime_operator.py
[2024-06-16T12:54:38.745+0000] {processor.py:830} INFO - Processing file /home/airflow/.local/lib/python3.12/site-packages/airflow/example_dags/example_branch_datetime_operator.py for tasks to queue
[2024-06-16T12:54:38.746+0000] {logging_mixin.py:188} INFO - [2024-06-16T12:54:38.746+0000] {dagbag.py:545} INFO - Filling up the DagBag from /home/airflow/.local/lib/python3.12/site-packages/airflow/example_dags/example_branch_datetime_operator.py
[2024-06-16T12:54:38.758+0000] {processor.py:840} INFO - DAG(s) 'example_branch_datetime_operator', 'example_branch_datetime_operator_2', 'example_branch_datetime_operator_3' retrieved from /home/airflow/.local/lib/python3.12/site-packages/airflow/example_dags/example_branch_datetime_operator.py
[2024-06-16T12:54:38.788+0000] {logging_mixin.py:188} INFO - [2024-06-16T12:54:38.788+0000] {dag.py:3096} INFO - Sync 3 DAGs
[2024-06-16T12:54:38.819+0000] {logging_mixin.py:188} INFO - [2024-06-16T12:54:38.818+0000] {dag.py:3954} INFO - Setting next_dagrun for example_branch_datetime_operator to 2024-06-15 00:00:00+00:00, run_after=2024-06-16 00:00:00+00:00
[2024-06-16T12:54:38.825+0000] {logging_mixin.py:188} INFO - [2024-06-16T12:54:38.824+0000] {dag.py:3954} INFO - Setting next_dagrun for example_branch_datetime_operator_2 to 2024-06-15 00:00:00+00:00, run_after=2024-06-16 00:00:00+00:00
[2024-06-16T12:54:38.828+0000] {logging_mixin.py:188} INFO - [2024-06-16T12:54:38.828+0000] {dag.py:3954} INFO - Setting next_dagrun for example_branch_datetime_operator_3 to 2024-06-15 00:00:00+00:00, run_after=2024-06-16 00:00:00+00:00
[2024-06-16T12:54:38.847+0000] {processor.py:183} INFO - Processing /home/airflow/.local/lib/python3.12/site-packages/airflow/example_dags/example_branch_datetime_operator.py took 0.108 seconds
[2024-06-16T12:55:09.507+0000] {processor.py:161} INFO - Started process (PID=1082) to work on /home/airflow/.local/lib/python3.12/site-packages/airflow/example_dags/example_branch_datetime_operator.py
[2024-06-16T12:55:09.507+0000] {processor.py:830} INFO - Processing file /home/airflow/.local/lib/python3.12/site-packages/airflow/example_dags/example_branch_datetime_operator.py for tasks to queue
[2024-06-16T12:55:09.508+0000] {logging_mixin.py:188} INFO - [2024-06-16T12:55:09.508+0000] {dagbag.py:545} INFO - Filling up the DagBag from /home/airflow/.local/lib/python3.12/site-packages/airflow/example_dags/example_branch_datetime_operator.py
[2024-06-16T12:55:09.523+0000] {processor.py:840} INFO - DAG(s) 'example_branch_datetime_operator_2', 'example_branch_datetime_operator', 'example_branch_datetime_operator_3' retrieved from /home/airflow/.local/lib/python3.12/site-packages/airflow/example_dags/example_branch_datetime_operator.py
[2024-06-16T12:55:09.566+0000] {logging_mixin.py:188} INFO - [2024-06-16T12:55:09.566+0000] {dag.py:3096} INFO - Sync 3 DAGs
[2024-06-16T12:55:09.600+0000] {logging_mixin.py:188} INFO - [2024-06-16T12:55:09.599+0000] {dag.py:3954} INFO - Setting next_dagrun for example_branch_datetime_operator to 2024-06-15 00:00:00+00:00, run_after=2024-06-16 00:00:00+00:00
[2024-06-16T12:55:09.607+0000] {logging_mixin.py:188} INFO - [2024-06-16T12:55:09.606+0000] {dag.py:3954} INFO - Setting next_dagrun for example_branch_datetime_operator_2 to 2024-06-15 00:00:00+00:00, run_after=2024-06-16 00:00:00+00:00
[2024-06-16T12:55:09.611+0000] {logging_mixin.py:188} INFO - [2024-06-16T12:55:09.611+0000] {dag.py:3954} INFO - Setting next_dagrun for example_branch_datetime_operator_3 to 2024-06-15 00:00:00+00:00, run_after=2024-06-16 00:00:00+00:00
[2024-06-16T12:55:09.629+0000] {processor.py:183} INFO - Processing /home/airflow/.local/lib/python3.12/site-packages/airflow/example_dags/example_branch_datetime_operator.py took 0.133 seconds
[2024-06-16T12:55:40.406+0000] {processor.py:161} INFO - Started process (PID=1141) to work on /home/airflow/.local/lib/python3.12/site-packages/airflow/example_dags/example_branch_datetime_operator.py
[2024-06-16T12:55:40.416+0000] {processor.py:830} INFO - Processing file /home/airflow/.local/lib/python3.12/site-packages/airflow/example_dags/example_branch_datetime_operator.py for tasks to queue
[2024-06-16T12:55:40.418+0000] {logging_mixin.py:188} INFO - [2024-06-16T12:55:40.417+0000] {dagbag.py:545} INFO - Filling up the DagBag from /home/airflow/.local/lib/python3.12/site-packages/airflow/example_dags/example_branch_datetime_operator.py
[2024-06-16T12:55:40.439+0000] {processor.py:840} INFO - DAG(s) 'example_branch_datetime_operator_3', 'example_branch_datetime_operator_2', 'example_branch_datetime_operator' retrieved from /home/airflow/.local/lib/python3.12/site-packages/airflow/example_dags/example_branch_datetime_operator.py
[2024-06-16T12:55:40.490+0000] {logging_mixin.py:188} INFO - [2024-06-16T12:55:40.490+0000] {dag.py:3096} INFO - Sync 3 DAGs
[2024-06-16T12:55:40.541+0000] {logging_mixin.py:188} INFO - [2024-06-16T12:55:40.540+0000] {dag.py:3954} INFO - Setting next_dagrun for example_branch_datetime_operator to 2024-06-15 00:00:00+00:00, run_after=2024-06-16 00:00:00+00:00
[2024-06-16T12:55:40.553+0000] {logging_mixin.py:188} INFO - [2024-06-16T12:55:40.553+0000] {dag.py:3954} INFO - Setting next_dagrun for example_branch_datetime_operator_2 to 2024-06-15 00:00:00+00:00, run_after=2024-06-16 00:00:00+00:00
[2024-06-16T12:55:40.560+0000] {logging_mixin.py:188} INFO - [2024-06-16T12:55:40.559+0000] {dag.py:3954} INFO - Setting next_dagrun for example_branch_datetime_operator_3 to 2024-06-15 00:00:00+00:00, run_after=2024-06-16 00:00:00+00:00
[2024-06-16T12:55:40.603+0000] {processor.py:183} INFO - Processing /home/airflow/.local/lib/python3.12/site-packages/airflow/example_dags/example_branch_datetime_operator.py took 0.207 seconds
[2024-06-16T12:56:10.929+0000] {processor.py:161} INFO - Started process (PID=1199) to work on /home/airflow/.local/lib/python3.12/site-packages/airflow/example_dags/example_branch_datetime_operator.py
[2024-06-16T12:56:10.930+0000] {processor.py:830} INFO - Processing file /home/airflow/.local/lib/python3.12/site-packages/airflow/example_dags/example_branch_datetime_operator.py for tasks to queue
[2024-06-16T12:56:10.930+0000] {logging_mixin.py:188} INFO - [2024-06-16T12:56:10.930+0000] {dagbag.py:545} INFO - Filling up the DagBag from /home/airflow/.local/lib/python3.12/site-packages/airflow/example_dags/example_branch_datetime_operator.py
[2024-06-16T12:56:10.941+0000] {processor.py:840} INFO - DAG(s) 'example_branch_datetime_operator_2', 'example_branch_datetime_operator_3', 'example_branch_datetime_operator' retrieved from /home/airflow/.local/lib/python3.12/site-packages/airflow/example_dags/example_branch_datetime_operator.py
[2024-06-16T12:56:10.969+0000] {logging_mixin.py:188} INFO - [2024-06-16T12:56:10.969+0000] {dag.py:3096} INFO - Sync 3 DAGs
[2024-06-16T12:56:10.999+0000] {logging_mixin.py:188} INFO - [2024-06-16T12:56:10.998+0000] {dag.py:3954} INFO - Setting next_dagrun for example_branch_datetime_operator to 2024-06-15 00:00:00+00:00, run_after=2024-06-16 00:00:00+00:00
[2024-06-16T12:56:11.005+0000] {logging_mixin.py:188} INFO - [2024-06-16T12:56:11.004+0000] {dag.py:3954} INFO - Setting next_dagrun for example_branch_datetime_operator_2 to 2024-06-15 00:00:00+00:00, run_after=2024-06-16 00:00:00+00:00
[2024-06-16T12:56:11.009+0000] {logging_mixin.py:188} INFO - [2024-06-16T12:56:11.009+0000] {dag.py:3954} INFO - Setting next_dagrun for example_branch_datetime_operator_3 to 2024-06-15 00:00:00+00:00, run_after=2024-06-16 00:00:00+00:00
[2024-06-16T12:56:11.028+0000] {processor.py:183} INFO - Processing /home/airflow/.local/lib/python3.12/site-packages/airflow/example_dags/example_branch_datetime_operator.py took 0.104 seconds
[2024-06-16T12:56:41.666+0000] {processor.py:161} INFO - Started process (PID=1258) to work on /home/airflow/.local/lib/python3.12/site-packages/airflow/example_dags/example_branch_datetime_operator.py
[2024-06-16T12:56:41.668+0000] {processor.py:830} INFO - Processing file /home/airflow/.local/lib/python3.12/site-packages/airflow/example_dags/example_branch_datetime_operator.py for tasks to queue
[2024-06-16T12:56:41.670+0000] {logging_mixin.py:188} INFO - [2024-06-16T12:56:41.669+0000] {dagbag.py:545} INFO - Filling up the DagBag from /home/airflow/.local/lib/python3.12/site-packages/airflow/example_dags/example_branch_datetime_operator.py
[2024-06-16T12:56:41.682+0000] {processor.py:840} INFO - DAG(s) 'example_branch_datetime_operator_2', 'example_branch_datetime_operator_3', 'example_branch_datetime_operator' retrieved from /home/airflow/.local/lib/python3.12/site-packages/airflow/example_dags/example_branch_datetime_operator.py
[2024-06-16T12:56:41.719+0000] {logging_mixin.py:188} INFO - [2024-06-16T12:56:41.718+0000] {dag.py:3096} INFO - Sync 3 DAGs
[2024-06-16T12:56:41.750+0000] {logging_mixin.py:188} INFO - [2024-06-16T12:56:41.750+0000] {dag.py:3954} INFO - Setting next_dagrun for example_branch_datetime_operator to 2024-06-15 00:00:00+00:00, run_after=2024-06-16 00:00:00+00:00
[2024-06-16T12:56:41.760+0000] {logging_mixin.py:188} INFO - [2024-06-16T12:56:41.760+0000] {dag.py:3954} INFO - Setting next_dagrun for example_branch_datetime_operator_2 to 2024-06-15 00:00:00+00:00, run_after=2024-06-16 00:00:00+00:00
[2024-06-16T12:56:41.764+0000] {logging_mixin.py:188} INFO - [2024-06-16T12:56:41.764+0000] {dag.py:3954} INFO - Setting next_dagrun for example_branch_datetime_operator_3 to 2024-06-15 00:00:00+00:00, run_after=2024-06-16 00:00:00+00:00
[2024-06-16T12:56:41.800+0000] {processor.py:183} INFO - Processing /home/airflow/.local/lib/python3.12/site-packages/airflow/example_dags/example_branch_datetime_operator.py took 0.142 seconds
[2024-06-16T12:57:12.032+0000] {processor.py:161} INFO - Started process (PID=1317) to work on /home/airflow/.local/lib/python3.12/site-packages/airflow/example_dags/example_branch_datetime_operator.py
[2024-06-16T12:57:12.037+0000] {processor.py:830} INFO - Processing file /home/airflow/.local/lib/python3.12/site-packages/airflow/example_dags/example_branch_datetime_operator.py for tasks to queue
[2024-06-16T12:57:12.039+0000] {logging_mixin.py:188} INFO - [2024-06-16T12:57:12.039+0000] {dagbag.py:545} INFO - Filling up the DagBag from /home/airflow/.local/lib/python3.12/site-packages/airflow/example_dags/example_branch_datetime_operator.py
[2024-06-16T12:57:12.063+0000] {processor.py:840} INFO - DAG(s) 'example_branch_datetime_operator', 'example_branch_datetime_operator_3', 'example_branch_datetime_operator_2' retrieved from /home/airflow/.local/lib/python3.12/site-packages/airflow/example_dags/example_branch_datetime_operator.py
[2024-06-16T12:57:12.136+0000] {logging_mixin.py:188} INFO - [2024-06-16T12:57:12.135+0000] {dag.py:3096} INFO - Sync 3 DAGs
[2024-06-16T12:57:12.185+0000] {logging_mixin.py:188} INFO - [2024-06-16T12:57:12.185+0000] {dag.py:3954} INFO - Setting next_dagrun for example_branch_datetime_operator to 2024-06-15 00:00:00+00:00, run_after=2024-06-16 00:00:00+00:00
[2024-06-16T12:57:12.195+0000] {logging_mixin.py:188} INFO - [2024-06-16T12:57:12.195+0000] {dag.py:3954} INFO - Setting next_dagrun for example_branch_datetime_operator_2 to 2024-06-15 00:00:00+00:00, run_after=2024-06-16 00:00:00+00:00
[2024-06-16T12:57:12.201+0000] {logging_mixin.py:188} INFO - [2024-06-16T12:57:12.200+0000] {dag.py:3954} INFO - Setting next_dagrun for example_branch_datetime_operator_3 to 2024-06-15 00:00:00+00:00, run_after=2024-06-16 00:00:00+00:00
[2024-06-16T12:57:12.234+0000] {processor.py:183} INFO - Processing /home/airflow/.local/lib/python3.12/site-packages/airflow/example_dags/example_branch_datetime_operator.py took 0.213 seconds
[2024-06-16T12:57:43.183+0000] {processor.py:161} INFO - Started process (PID=1375) to work on /home/airflow/.local/lib/python3.12/site-packages/airflow/example_dags/example_branch_datetime_operator.py
[2024-06-16T12:57:43.192+0000] {processor.py:830} INFO - Processing file /home/airflow/.local/lib/python3.12/site-packages/airflow/example_dags/example_branch_datetime_operator.py for tasks to queue
[2024-06-16T12:57:43.193+0000] {logging_mixin.py:188} INFO - [2024-06-16T12:57:43.193+0000] {dagbag.py:545} INFO - Filling up the DagBag from /home/airflow/.local/lib/python3.12/site-packages/airflow/example_dags/example_branch_datetime_operator.py
[2024-06-16T12:57:43.204+0000] {processor.py:840} INFO - DAG(s) 'example_branch_datetime_operator_2', 'example_branch_datetime_operator_3', 'example_branch_datetime_operator' retrieved from /home/airflow/.local/lib/python3.12/site-packages/airflow/example_dags/example_branch_datetime_operator.py
[2024-06-16T12:57:43.232+0000] {logging_mixin.py:188} INFO - [2024-06-16T12:57:43.232+0000] {dag.py:3096} INFO - Sync 3 DAGs
[2024-06-16T12:57:43.265+0000] {logging_mixin.py:188} INFO - [2024-06-16T12:57:43.265+0000] {dag.py:3954} INFO - Setting next_dagrun for example_branch_datetime_operator to 2024-06-15 00:00:00+00:00, run_after=2024-06-16 00:00:00+00:00
[2024-06-16T12:57:43.272+0000] {logging_mixin.py:188} INFO - [2024-06-16T12:57:43.272+0000] {dag.py:3954} INFO - Setting next_dagrun for example_branch_datetime_operator_2 to 2024-06-15 00:00:00+00:00, run_after=2024-06-16 00:00:00+00:00
[2024-06-16T12:57:43.276+0000] {logging_mixin.py:188} INFO - [2024-06-16T12:57:43.275+0000] {dag.py:3954} INFO - Setting next_dagrun for example_branch_datetime_operator_3 to 2024-06-15 00:00:00+00:00, run_after=2024-06-16 00:00:00+00:00
[2024-06-16T12:57:43.296+0000] {processor.py:183} INFO - Processing /home/airflow/.local/lib/python3.12/site-packages/airflow/example_dags/example_branch_datetime_operator.py took 0.118 seconds
[2024-06-16T12:58:13.643+0000] {processor.py:161} INFO - Started process (PID=1434) to work on /home/airflow/.local/lib/python3.12/site-packages/airflow/example_dags/example_branch_datetime_operator.py
[2024-06-16T12:58:13.644+0000] {processor.py:830} INFO - Processing file /home/airflow/.local/lib/python3.12/site-packages/airflow/example_dags/example_branch_datetime_operator.py for tasks to queue
[2024-06-16T12:58:13.646+0000] {logging_mixin.py:188} INFO - [2024-06-16T12:58:13.645+0000] {dagbag.py:545} INFO - Filling up the DagBag from /home/airflow/.local/lib/python3.12/site-packages/airflow/example_dags/example_branch_datetime_operator.py
[2024-06-16T12:58:13.661+0000] {processor.py:840} INFO - DAG(s) 'example_branch_datetime_operator_3', 'example_branch_datetime_operator_2', 'example_branch_datetime_operator' retrieved from /home/airflow/.local/lib/python3.12/site-packages/airflow/example_dags/example_branch_datetime_operator.py
[2024-06-16T12:58:13.700+0000] {logging_mixin.py:188} INFO - [2024-06-16T12:58:13.700+0000] {dag.py:3096} INFO - Sync 3 DAGs
[2024-06-16T12:58:13.736+0000] {logging_mixin.py:188} INFO - [2024-06-16T12:58:13.736+0000] {dag.py:3954} INFO - Setting next_dagrun for example_branch_datetime_operator to 2024-06-15 00:00:00+00:00, run_after=2024-06-16 00:00:00+00:00
[2024-06-16T12:58:13.744+0000] {logging_mixin.py:188} INFO - [2024-06-16T12:58:13.744+0000] {dag.py:3954} INFO - Setting next_dagrun for example_branch_datetime_operator_2 to 2024-06-15 00:00:00+00:00, run_after=2024-06-16 00:00:00+00:00
[2024-06-16T12:58:13.748+0000] {logging_mixin.py:188} INFO - [2024-06-16T12:58:13.747+0000] {dag.py:3954} INFO - Setting next_dagrun for example_branch_datetime_operator_3 to 2024-06-15 00:00:00+00:00, run_after=2024-06-16 00:00:00+00:00
[2024-06-16T12:58:13.785+0000] {processor.py:183} INFO - Processing /home/airflow/.local/lib/python3.12/site-packages/airflow/example_dags/example_branch_datetime_operator.py took 0.150 seconds
[2024-06-16T12:58:44.559+0000] {processor.py:161} INFO - Started process (PID=1492) to work on /home/airflow/.local/lib/python3.12/site-packages/airflow/example_dags/example_branch_datetime_operator.py
[2024-06-16T12:58:44.569+0000] {processor.py:830} INFO - Processing file /home/airflow/.local/lib/python3.12/site-packages/airflow/example_dags/example_branch_datetime_operator.py for tasks to queue
[2024-06-16T12:58:44.570+0000] {logging_mixin.py:188} INFO - [2024-06-16T12:58:44.570+0000] {dagbag.py:545} INFO - Filling up the DagBag from /home/airflow/.local/lib/python3.12/site-packages/airflow/example_dags/example_branch_datetime_operator.py
[2024-06-16T12:58:44.583+0000] {processor.py:840} INFO - DAG(s) 'example_branch_datetime_operator_2', 'example_branch_datetime_operator', 'example_branch_datetime_operator_3' retrieved from /home/airflow/.local/lib/python3.12/site-packages/airflow/example_dags/example_branch_datetime_operator.py
[2024-06-16T12:58:44.613+0000] {logging_mixin.py:188} INFO - [2024-06-16T12:58:44.613+0000] {dag.py:3096} INFO - Sync 3 DAGs
[2024-06-16T12:58:44.641+0000] {logging_mixin.py:188} INFO - [2024-06-16T12:58:44.641+0000] {dag.py:3954} INFO - Setting next_dagrun for example_branch_datetime_operator to 2024-06-15 00:00:00+00:00, run_after=2024-06-16 00:00:00+00:00
[2024-06-16T12:58:44.647+0000] {logging_mixin.py:188} INFO - [2024-06-16T12:58:44.647+0000] {dag.py:3954} INFO - Setting next_dagrun for example_branch_datetime_operator_2 to 2024-06-15 00:00:00+00:00, run_after=2024-06-16 00:00:00+00:00
[2024-06-16T12:58:44.652+0000] {logging_mixin.py:188} INFO - [2024-06-16T12:58:44.652+0000] {dag.py:3954} INFO - Setting next_dagrun for example_branch_datetime_operator_3 to 2024-06-15 00:00:00+00:00, run_after=2024-06-16 00:00:00+00:00
[2024-06-16T12:58:44.672+0000] {processor.py:183} INFO - Processing /home/airflow/.local/lib/python3.12/site-packages/airflow/example_dags/example_branch_datetime_operator.py took 0.119 seconds
[2024-06-16T12:59:15.615+0000] {processor.py:161} INFO - Started process (PID=1561) to work on /home/airflow/.local/lib/python3.12/site-packages/airflow/example_dags/example_branch_datetime_operator.py
[2024-06-16T12:59:15.624+0000] {processor.py:830} INFO - Processing file /home/airflow/.local/lib/python3.12/site-packages/airflow/example_dags/example_branch_datetime_operator.py for tasks to queue
[2024-06-16T12:59:15.625+0000] {logging_mixin.py:188} INFO - [2024-06-16T12:59:15.625+0000] {dagbag.py:545} INFO - Filling up the DagBag from /home/airflow/.local/lib/python3.12/site-packages/airflow/example_dags/example_branch_datetime_operator.py
[2024-06-16T12:59:15.634+0000] {processor.py:840} INFO - DAG(s) 'example_branch_datetime_operator_3', 'example_branch_datetime_operator_2', 'example_branch_datetime_operator' retrieved from /home/airflow/.local/lib/python3.12/site-packages/airflow/example_dags/example_branch_datetime_operator.py
[2024-06-16T12:59:15.663+0000] {logging_mixin.py:188} INFO - [2024-06-16T12:59:15.663+0000] {dag.py:3096} INFO - Sync 3 DAGs
[2024-06-16T12:59:15.690+0000] {logging_mixin.py:188} INFO - [2024-06-16T12:59:15.690+0000] {dag.py:3954} INFO - Setting next_dagrun for example_branch_datetime_operator to 2024-06-15 00:00:00+00:00, run_after=2024-06-16 00:00:00+00:00
[2024-06-16T12:59:15.696+0000] {logging_mixin.py:188} INFO - [2024-06-16T12:59:15.696+0000] {dag.py:3954} INFO - Setting next_dagrun for example_branch_datetime_operator_2 to 2024-06-15 00:00:00+00:00, run_after=2024-06-16 00:00:00+00:00
[2024-06-16T12:59:15.699+0000] {logging_mixin.py:188} INFO - [2024-06-16T12:59:15.699+0000] {dag.py:3954} INFO - Setting next_dagrun for example_branch_datetime_operator_3 to 2024-06-15 00:00:00+00:00, run_after=2024-06-16 00:00:00+00:00
[2024-06-16T12:59:15.720+0000] {processor.py:183} INFO - Processing /home/airflow/.local/lib/python3.12/site-packages/airflow/example_dags/example_branch_datetime_operator.py took 0.111 seconds
[2024-06-16T12:59:46.180+0000] {processor.py:161} INFO - Started process (PID=1622) to work on /home/airflow/.local/lib/python3.12/site-packages/airflow/example_dags/example_branch_datetime_operator.py
[2024-06-16T12:59:46.181+0000] {processor.py:830} INFO - Processing file /home/airflow/.local/lib/python3.12/site-packages/airflow/example_dags/example_branch_datetime_operator.py for tasks to queue
[2024-06-16T12:59:46.182+0000] {logging_mixin.py:188} INFO - [2024-06-16T12:59:46.181+0000] {dagbag.py:545} INFO - Filling up the DagBag from /home/airflow/.local/lib/python3.12/site-packages/airflow/example_dags/example_branch_datetime_operator.py
[2024-06-16T12:59:46.196+0000] {processor.py:840} INFO - DAG(s) 'example_branch_datetime_operator_3', 'example_branch_datetime_operator_2', 'example_branch_datetime_operator' retrieved from /home/airflow/.local/lib/python3.12/site-packages/airflow/example_dags/example_branch_datetime_operator.py
[2024-06-16T12:59:46.231+0000] {logging_mixin.py:188} INFO - [2024-06-16T12:59:46.231+0000] {dag.py:3096} INFO - Sync 3 DAGs
[2024-06-16T12:59:46.268+0000] {logging_mixin.py:188} INFO - [2024-06-16T12:59:46.267+0000] {dag.py:3954} INFO - Setting next_dagrun for example_branch_datetime_operator to 2024-06-15 00:00:00+00:00, run_after=2024-06-16 00:00:00+00:00
[2024-06-16T12:59:46.276+0000] {logging_mixin.py:188} INFO - [2024-06-16T12:59:46.276+0000] {dag.py:3954} INFO - Setting next_dagrun for example_branch_datetime_operator_2 to 2024-06-15 00:00:00+00:00, run_after=2024-06-16 00:00:00+00:00
[2024-06-16T12:59:46.279+0000] {logging_mixin.py:188} INFO - [2024-06-16T12:59:46.279+0000] {dag.py:3954} INFO - Setting next_dagrun for example_branch_datetime_operator_3 to 2024-06-15 00:00:00+00:00, run_after=2024-06-16 00:00:00+00:00
[2024-06-16T12:59:46.313+0000] {processor.py:183} INFO - Processing /home/airflow/.local/lib/python3.12/site-packages/airflow/example_dags/example_branch_datetime_operator.py took 0.141 seconds
[2024-06-16T13:00:16.368+0000] {processor.py:161} INFO - Started process (PID=1683) to work on /home/airflow/.local/lib/python3.12/site-packages/airflow/example_dags/example_branch_datetime_operator.py
[2024-06-16T13:00:16.369+0000] {processor.py:830} INFO - Processing file /home/airflow/.local/lib/python3.12/site-packages/airflow/example_dags/example_branch_datetime_operator.py for tasks to queue
[2024-06-16T13:00:16.370+0000] {logging_mixin.py:188} INFO - [2024-06-16T13:00:16.370+0000] {dagbag.py:545} INFO - Filling up the DagBag from /home/airflow/.local/lib/python3.12/site-packages/airflow/example_dags/example_branch_datetime_operator.py
[2024-06-16T13:00:16.388+0000] {processor.py:840} INFO - DAG(s) 'example_branch_datetime_operator_2', 'example_branch_datetime_operator_3', 'example_branch_datetime_operator' retrieved from /home/airflow/.local/lib/python3.12/site-packages/airflow/example_dags/example_branch_datetime_operator.py
[2024-06-16T13:00:16.425+0000] {logging_mixin.py:188} INFO - [2024-06-16T13:00:16.424+0000] {dag.py:3096} INFO - Sync 3 DAGs
[2024-06-16T13:00:16.459+0000] {logging_mixin.py:188} INFO - [2024-06-16T13:00:16.459+0000] {dag.py:3954} INFO - Setting next_dagrun for example_branch_datetime_operator to 2024-06-15 00:00:00+00:00, run_after=2024-06-16 00:00:00+00:00
[2024-06-16T13:00:16.466+0000] {logging_mixin.py:188} INFO - [2024-06-16T13:00:16.466+0000] {dag.py:3954} INFO - Setting next_dagrun for example_branch_datetime_operator_2 to 2024-06-15 00:00:00+00:00, run_after=2024-06-16 00:00:00+00:00
[2024-06-16T13:00:16.469+0000] {logging_mixin.py:188} INFO - [2024-06-16T13:00:16.469+0000] {dag.py:3954} INFO - Setting next_dagrun for example_branch_datetime_operator_3 to 2024-06-15 00:00:00+00:00, run_after=2024-06-16 00:00:00+00:00
[2024-06-16T13:00:16.495+0000] {processor.py:183} INFO - Processing /home/airflow/.local/lib/python3.12/site-packages/airflow/example_dags/example_branch_datetime_operator.py took 0.137 seconds
[2024-06-16T13:00:47.457+0000] {processor.py:161} INFO - Started process (PID=1754) to work on /home/airflow/.local/lib/python3.12/site-packages/airflow/example_dags/example_branch_datetime_operator.py
[2024-06-16T13:00:47.457+0000] {processor.py:830} INFO - Processing file /home/airflow/.local/lib/python3.12/site-packages/airflow/example_dags/example_branch_datetime_operator.py for tasks to queue
[2024-06-16T13:00:47.459+0000] {logging_mixin.py:188} INFO - [2024-06-16T13:00:47.458+0000] {dagbag.py:545} INFO - Filling up the DagBag from /home/airflow/.local/lib/python3.12/site-packages/airflow/example_dags/example_branch_datetime_operator.py
[2024-06-16T13:00:47.476+0000] {processor.py:840} INFO - DAG(s) 'example_branch_datetime_operator_2', 'example_branch_datetime_operator', 'example_branch_datetime_operator_3' retrieved from /home/airflow/.local/lib/python3.12/site-packages/airflow/example_dags/example_branch_datetime_operator.py
[2024-06-16T13:00:47.514+0000] {logging_mixin.py:188} INFO - [2024-06-16T13:00:47.514+0000] {dag.py:3096} INFO - Sync 3 DAGs
[2024-06-16T13:00:47.541+0000] {logging_mixin.py:188} INFO - [2024-06-16T13:00:47.540+0000] {dag.py:3954} INFO - Setting next_dagrun for example_branch_datetime_operator to 2024-06-15 00:00:00+00:00, run_after=2024-06-16 00:00:00+00:00
[2024-06-16T13:00:47.547+0000] {logging_mixin.py:188} INFO - [2024-06-16T13:00:47.547+0000] {dag.py:3954} INFO - Setting next_dagrun for example_branch_datetime_operator_2 to 2024-06-15 00:00:00+00:00, run_after=2024-06-16 00:00:00+00:00
[2024-06-16T13:00:47.550+0000] {logging_mixin.py:188} INFO - [2024-06-16T13:00:47.550+0000] {dag.py:3954} INFO - Setting next_dagrun for example_branch_datetime_operator_3 to 2024-06-15 00:00:00+00:00, run_after=2024-06-16 00:00:00+00:00
[2024-06-16T13:00:47.570+0000] {processor.py:183} INFO - Processing /home/airflow/.local/lib/python3.12/site-packages/airflow/example_dags/example_branch_datetime_operator.py took 0.122 seconds
[2024-06-16T13:01:17.994+0000] {processor.py:161} INFO - Started process (PID=1813) to work on /home/airflow/.local/lib/python3.12/site-packages/airflow/example_dags/example_branch_datetime_operator.py
[2024-06-16T13:01:18.003+0000] {processor.py:830} INFO - Processing file /home/airflow/.local/lib/python3.12/site-packages/airflow/example_dags/example_branch_datetime_operator.py for tasks to queue
[2024-06-16T13:01:18.004+0000] {logging_mixin.py:188} INFO - [2024-06-16T13:01:18.004+0000] {dagbag.py:545} INFO - Filling up the DagBag from /home/airflow/.local/lib/python3.12/site-packages/airflow/example_dags/example_branch_datetime_operator.py
[2024-06-16T13:01:18.016+0000] {processor.py:840} INFO - DAG(s) 'example_branch_datetime_operator', 'example_branch_datetime_operator_3', 'example_branch_datetime_operator_2' retrieved from /home/airflow/.local/lib/python3.12/site-packages/airflow/example_dags/example_branch_datetime_operator.py
[2024-06-16T13:01:18.048+0000] {logging_mixin.py:188} INFO - [2024-06-16T13:01:18.047+0000] {dag.py:3096} INFO - Sync 3 DAGs
[2024-06-16T13:01:18.076+0000] {logging_mixin.py:188} INFO - [2024-06-16T13:01:18.076+0000] {dag.py:3954} INFO - Setting next_dagrun for example_branch_datetime_operator to 2024-06-15 00:00:00+00:00, run_after=2024-06-16 00:00:00+00:00
[2024-06-16T13:01:18.083+0000] {logging_mixin.py:188} INFO - [2024-06-16T13:01:18.083+0000] {dag.py:3954} INFO - Setting next_dagrun for example_branch_datetime_operator_2 to 2024-06-15 00:00:00+00:00, run_after=2024-06-16 00:00:00+00:00
[2024-06-16T13:01:18.086+0000] {logging_mixin.py:188} INFO - [2024-06-16T13:01:18.086+0000] {dag.py:3954} INFO - Setting next_dagrun for example_branch_datetime_operator_3 to 2024-06-15 00:00:00+00:00, run_after=2024-06-16 00:00:00+00:00
[2024-06-16T13:01:18.105+0000] {processor.py:183} INFO - Processing /home/airflow/.local/lib/python3.12/site-packages/airflow/example_dags/example_branch_datetime_operator.py took 0.117 seconds
[2024-06-16T13:01:48.184+0000] {processor.py:161} INFO - Started process (PID=1872) to work on /home/airflow/.local/lib/python3.12/site-packages/airflow/example_dags/example_branch_datetime_operator.py
[2024-06-16T13:01:48.184+0000] {processor.py:830} INFO - Processing file /home/airflow/.local/lib/python3.12/site-packages/airflow/example_dags/example_branch_datetime_operator.py for tasks to queue
[2024-06-16T13:01:48.185+0000] {logging_mixin.py:188} INFO - [2024-06-16T13:01:48.185+0000] {dagbag.py:545} INFO - Filling up the DagBag from /home/airflow/.local/lib/python3.12/site-packages/airflow/example_dags/example_branch_datetime_operator.py
[2024-06-16T13:01:48.199+0000] {processor.py:840} INFO - DAG(s) 'example_branch_datetime_operator_2', 'example_branch_datetime_operator', 'example_branch_datetime_operator_3' retrieved from /home/airflow/.local/lib/python3.12/site-packages/airflow/example_dags/example_branch_datetime_operator.py
[2024-06-16T13:01:48.235+0000] {logging_mixin.py:188} INFO - [2024-06-16T13:01:48.235+0000] {dag.py:3096} INFO - Sync 3 DAGs
[2024-06-16T13:01:48.268+0000] {logging_mixin.py:188} INFO - [2024-06-16T13:01:48.268+0000] {dag.py:3954} INFO - Setting next_dagrun for example_branch_datetime_operator to 2024-06-15 00:00:00+00:00, run_after=2024-06-16 00:00:00+00:00
[2024-06-16T13:01:48.274+0000] {logging_mixin.py:188} INFO - [2024-06-16T13:01:48.274+0000] {dag.py:3954} INFO - Setting next_dagrun for example_branch_datetime_operator_2 to 2024-06-15 00:00:00+00:00, run_after=2024-06-16 00:00:00+00:00
[2024-06-16T13:01:48.278+0000] {logging_mixin.py:188} INFO - [2024-06-16T13:01:48.277+0000] {dag.py:3954} INFO - Setting next_dagrun for example_branch_datetime_operator_3 to 2024-06-15 00:00:00+00:00, run_after=2024-06-16 00:00:00+00:00
[2024-06-16T13:01:48.303+0000] {processor.py:183} INFO - Processing /home/airflow/.local/lib/python3.12/site-packages/airflow/example_dags/example_branch_datetime_operator.py took 0.129 seconds
[2024-06-16T13:02:18.826+0000] {processor.py:161} INFO - Started process (PID=1931) to work on /home/airflow/.local/lib/python3.12/site-packages/airflow/example_dags/example_branch_datetime_operator.py
[2024-06-16T13:02:18.827+0000] {processor.py:830} INFO - Processing file /home/airflow/.local/lib/python3.12/site-packages/airflow/example_dags/example_branch_datetime_operator.py for tasks to queue
[2024-06-16T13:02:18.827+0000] {logging_mixin.py:188} INFO - [2024-06-16T13:02:18.827+0000] {dagbag.py:545} INFO - Filling up the DagBag from /home/airflow/.local/lib/python3.12/site-packages/airflow/example_dags/example_branch_datetime_operator.py
[2024-06-16T13:02:18.842+0000] {processor.py:840} INFO - DAG(s) 'example_branch_datetime_operator_3', 'example_branch_datetime_operator', 'example_branch_datetime_operator_2' retrieved from /home/airflow/.local/lib/python3.12/site-packages/airflow/example_dags/example_branch_datetime_operator.py
[2024-06-16T13:02:18.874+0000] {logging_mixin.py:188} INFO - [2024-06-16T13:02:18.874+0000] {dag.py:3096} INFO - Sync 3 DAGs
[2024-06-16T13:02:18.913+0000] {logging_mixin.py:188} INFO - [2024-06-16T13:02:18.913+0000] {dag.py:3954} INFO - Setting next_dagrun for example_branch_datetime_operator to 2024-06-15 00:00:00+00:00, run_after=2024-06-16 00:00:00+00:00
[2024-06-16T13:02:18.920+0000] {logging_mixin.py:188} INFO - [2024-06-16T13:02:18.920+0000] {dag.py:3954} INFO - Setting next_dagrun for example_branch_datetime_operator_2 to 2024-06-15 00:00:00+00:00, run_after=2024-06-16 00:00:00+00:00
[2024-06-16T13:02:18.923+0000] {logging_mixin.py:188} INFO - [2024-06-16T13:02:18.923+0000] {dag.py:3954} INFO - Setting next_dagrun for example_branch_datetime_operator_3 to 2024-06-15 00:00:00+00:00, run_after=2024-06-16 00:00:00+00:00
[2024-06-16T13:02:18.945+0000] {processor.py:183} INFO - Processing /home/airflow/.local/lib/python3.12/site-packages/airflow/example_dags/example_branch_datetime_operator.py took 0.126 seconds
[2024-06-16T13:02:49.312+0000] {processor.py:161} INFO - Started process (PID=1990) to work on /home/airflow/.local/lib/python3.12/site-packages/airflow/example_dags/example_branch_datetime_operator.py
[2024-06-16T13:02:49.322+0000] {processor.py:830} INFO - Processing file /home/airflow/.local/lib/python3.12/site-packages/airflow/example_dags/example_branch_datetime_operator.py for tasks to queue
[2024-06-16T13:02:49.323+0000] {logging_mixin.py:188} INFO - [2024-06-16T13:02:49.323+0000] {dagbag.py:545} INFO - Filling up the DagBag from /home/airflow/.local/lib/python3.12/site-packages/airflow/example_dags/example_branch_datetime_operator.py
[2024-06-16T13:02:49.337+0000] {processor.py:840} INFO - DAG(s) 'example_branch_datetime_operator_2', 'example_branch_datetime_operator', 'example_branch_datetime_operator_3' retrieved from /home/airflow/.local/lib/python3.12/site-packages/airflow/example_dags/example_branch_datetime_operator.py
[2024-06-16T13:02:49.379+0000] {logging_mixin.py:188} INFO - [2024-06-16T13:02:49.378+0000] {dag.py:3096} INFO - Sync 3 DAGs
[2024-06-16T13:02:49.416+0000] {logging_mixin.py:188} INFO - [2024-06-16T13:02:49.415+0000] {dag.py:3954} INFO - Setting next_dagrun for example_branch_datetime_operator to 2024-06-15 00:00:00+00:00, run_after=2024-06-16 00:00:00+00:00
[2024-06-16T13:02:49.422+0000] {logging_mixin.py:188} INFO - [2024-06-16T13:02:49.422+0000] {dag.py:3954} INFO - Setting next_dagrun for example_branch_datetime_operator_2 to 2024-06-15 00:00:00+00:00, run_after=2024-06-16 00:00:00+00:00
[2024-06-16T13:02:49.427+0000] {logging_mixin.py:188} INFO - [2024-06-16T13:02:49.427+0000] {dag.py:3954} INFO - Setting next_dagrun for example_branch_datetime_operator_3 to 2024-06-15 00:00:00+00:00, run_after=2024-06-16 00:00:00+00:00
[2024-06-16T13:02:49.461+0000] {processor.py:183} INFO - Processing /home/airflow/.local/lib/python3.12/site-packages/airflow/example_dags/example_branch_datetime_operator.py took 0.156 seconds
[2024-06-16T13:03:19.836+0000] {processor.py:161} INFO - Started process (PID=2049) to work on /home/airflow/.local/lib/python3.12/site-packages/airflow/example_dags/example_branch_datetime_operator.py
[2024-06-16T13:03:19.837+0000] {processor.py:830} INFO - Processing file /home/airflow/.local/lib/python3.12/site-packages/airflow/example_dags/example_branch_datetime_operator.py for tasks to queue
[2024-06-16T13:03:19.838+0000] {logging_mixin.py:188} INFO - [2024-06-16T13:03:19.838+0000] {dagbag.py:545} INFO - Filling up the DagBag from /home/airflow/.local/lib/python3.12/site-packages/airflow/example_dags/example_branch_datetime_operator.py
[2024-06-16T13:03:19.848+0000] {processor.py:840} INFO - DAG(s) 'example_branch_datetime_operator_2', 'example_branch_datetime_operator_3', 'example_branch_datetime_operator' retrieved from /home/airflow/.local/lib/python3.12/site-packages/airflow/example_dags/example_branch_datetime_operator.py
[2024-06-16T13:03:19.879+0000] {logging_mixin.py:188} INFO - [2024-06-16T13:03:19.879+0000] {dag.py:3096} INFO - Sync 3 DAGs
[2024-06-16T13:03:19.905+0000] {logging_mixin.py:188} INFO - [2024-06-16T13:03:19.905+0000] {dag.py:3954} INFO - Setting next_dagrun for example_branch_datetime_operator to 2024-06-15 00:00:00+00:00, run_after=2024-06-16 00:00:00+00:00
[2024-06-16T13:03:19.911+0000] {logging_mixin.py:188} INFO - [2024-06-16T13:03:19.911+0000] {dag.py:3954} INFO - Setting next_dagrun for example_branch_datetime_operator_2 to 2024-06-15 00:00:00+00:00, run_after=2024-06-16 00:00:00+00:00
[2024-06-16T13:03:19.915+0000] {logging_mixin.py:188} INFO - [2024-06-16T13:03:19.915+0000] {dag.py:3954} INFO - Setting next_dagrun for example_branch_datetime_operator_3 to 2024-06-15 00:00:00+00:00, run_after=2024-06-16 00:00:00+00:00
[2024-06-16T13:03:19.935+0000] {processor.py:183} INFO - Processing /home/airflow/.local/lib/python3.12/site-packages/airflow/example_dags/example_branch_datetime_operator.py took 0.106 seconds
[2024-06-16T13:03:49.985+0000] {processor.py:161} INFO - Started process (PID=2109) to work on /home/airflow/.local/lib/python3.12/site-packages/airflow/example_dags/example_branch_datetime_operator.py
[2024-06-16T13:03:49.986+0000] {processor.py:830} INFO - Processing file /home/airflow/.local/lib/python3.12/site-packages/airflow/example_dags/example_branch_datetime_operator.py for tasks to queue
[2024-06-16T13:03:49.987+0000] {logging_mixin.py:188} INFO - [2024-06-16T13:03:49.986+0000] {dagbag.py:545} INFO - Filling up the DagBag from /home/airflow/.local/lib/python3.12/site-packages/airflow/example_dags/example_branch_datetime_operator.py
[2024-06-16T13:03:49.997+0000] {processor.py:840} INFO - DAG(s) 'example_branch_datetime_operator_2', 'example_branch_datetime_operator', 'example_branch_datetime_operator_3' retrieved from /home/airflow/.local/lib/python3.12/site-packages/airflow/example_dags/example_branch_datetime_operator.py
[2024-06-16T13:03:50.025+0000] {logging_mixin.py:188} INFO - [2024-06-16T13:03:50.024+0000] {dag.py:3096} INFO - Sync 3 DAGs
[2024-06-16T13:03:50.050+0000] {logging_mixin.py:188} INFO - [2024-06-16T13:03:50.050+0000] {dag.py:3954} INFO - Setting next_dagrun for example_branch_datetime_operator to 2024-06-15 00:00:00+00:00, run_after=2024-06-16 00:00:00+00:00
[2024-06-16T13:03:50.055+0000] {logging_mixin.py:188} INFO - [2024-06-16T13:03:50.055+0000] {dag.py:3954} INFO - Setting next_dagrun for example_branch_datetime_operator_2 to 2024-06-15 00:00:00+00:00, run_after=2024-06-16 00:00:00+00:00
[2024-06-16T13:03:50.058+0000] {logging_mixin.py:188} INFO - [2024-06-16T13:03:50.058+0000] {dag.py:3954} INFO - Setting next_dagrun for example_branch_datetime_operator_3 to 2024-06-15 00:00:00+00:00, run_after=2024-06-16 00:00:00+00:00
[2024-06-16T13:03:50.077+0000] {processor.py:183} INFO - Processing /home/airflow/.local/lib/python3.12/site-packages/airflow/example_dags/example_branch_datetime_operator.py took 0.097 seconds
[2024-06-16T13:04:20.464+0000] {processor.py:161} INFO - Started process (PID=2170) to work on /home/airflow/.local/lib/python3.12/site-packages/airflow/example_dags/example_branch_datetime_operator.py
[2024-06-16T13:04:20.464+0000] {processor.py:830} INFO - Processing file /home/airflow/.local/lib/python3.12/site-packages/airflow/example_dags/example_branch_datetime_operator.py for tasks to queue
[2024-06-16T13:04:20.465+0000] {logging_mixin.py:188} INFO - [2024-06-16T13:04:20.465+0000] {dagbag.py:545} INFO - Filling up the DagBag from /home/airflow/.local/lib/python3.12/site-packages/airflow/example_dags/example_branch_datetime_operator.py
[2024-06-16T13:04:20.477+0000] {processor.py:840} INFO - DAG(s) 'example_branch_datetime_operator_3', 'example_branch_datetime_operator', 'example_branch_datetime_operator_2' retrieved from /home/airflow/.local/lib/python3.12/site-packages/airflow/example_dags/example_branch_datetime_operator.py
[2024-06-16T13:04:20.510+0000] {logging_mixin.py:188} INFO - [2024-06-16T13:04:20.510+0000] {dag.py:3096} INFO - Sync 3 DAGs
[2024-06-16T13:04:20.539+0000] {logging_mixin.py:188} INFO - [2024-06-16T13:04:20.539+0000] {dag.py:3954} INFO - Setting next_dagrun for example_branch_datetime_operator to 2024-06-15 00:00:00+00:00, run_after=2024-06-16 00:00:00+00:00
[2024-06-16T13:04:20.545+0000] {logging_mixin.py:188} INFO - [2024-06-16T13:04:20.545+0000] {dag.py:3954} INFO - Setting next_dagrun for example_branch_datetime_operator_2 to 2024-06-15 00:00:00+00:00, run_after=2024-06-16 00:00:00+00:00
[2024-06-16T13:04:20.549+0000] {logging_mixin.py:188} INFO - [2024-06-16T13:04:20.549+0000] {dag.py:3954} INFO - Setting next_dagrun for example_branch_datetime_operator_3 to 2024-06-15 00:00:00+00:00, run_after=2024-06-16 00:00:00+00:00
[2024-06-16T13:04:20.569+0000] {processor.py:183} INFO - Processing /home/airflow/.local/lib/python3.12/site-packages/airflow/example_dags/example_branch_datetime_operator.py took 0.112 seconds
[2024-06-16T13:04:50.840+0000] {processor.py:161} INFO - Started process (PID=2230) to work on /home/airflow/.local/lib/python3.12/site-packages/airflow/example_dags/example_branch_datetime_operator.py
[2024-06-16T13:04:50.848+0000] {processor.py:830} INFO - Processing file /home/airflow/.local/lib/python3.12/site-packages/airflow/example_dags/example_branch_datetime_operator.py for tasks to queue
[2024-06-16T13:04:50.850+0000] {logging_mixin.py:188} INFO - [2024-06-16T13:04:50.849+0000] {dagbag.py:545} INFO - Filling up the DagBag from /home/airflow/.local/lib/python3.12/site-packages/airflow/example_dags/example_branch_datetime_operator.py
[2024-06-16T13:04:50.865+0000] {processor.py:840} INFO - DAG(s) 'example_branch_datetime_operator_3', 'example_branch_datetime_operator_2', 'example_branch_datetime_operator' retrieved from /home/airflow/.local/lib/python3.12/site-packages/airflow/example_dags/example_branch_datetime_operator.py
[2024-06-16T13:04:50.903+0000] {logging_mixin.py:188} INFO - [2024-06-16T13:04:50.903+0000] {dag.py:3096} INFO - Sync 3 DAGs
[2024-06-16T13:04:50.938+0000] {logging_mixin.py:188} INFO - [2024-06-16T13:04:50.938+0000] {dag.py:3954} INFO - Setting next_dagrun for example_branch_datetime_operator to 2024-06-15 00:00:00+00:00, run_after=2024-06-16 00:00:00+00:00
[2024-06-16T13:04:50.947+0000] {logging_mixin.py:188} INFO - [2024-06-16T13:04:50.947+0000] {dag.py:3954} INFO - Setting next_dagrun for example_branch_datetime_operator_2 to 2024-06-15 00:00:00+00:00, run_after=2024-06-16 00:00:00+00:00
[2024-06-16T13:04:50.952+0000] {logging_mixin.py:188} INFO - [2024-06-16T13:04:50.952+0000] {dag.py:3954} INFO - Setting next_dagrun for example_branch_datetime_operator_3 to 2024-06-15 00:00:00+00:00, run_after=2024-06-16 00:00:00+00:00
[2024-06-16T13:04:50.977+0000] {processor.py:183} INFO - Processing /home/airflow/.local/lib/python3.12/site-packages/airflow/example_dags/example_branch_datetime_operator.py took 0.146 seconds
[2024-06-16T13:05:21.153+0000] {processor.py:161} INFO - Started process (PID=2289) to work on /home/airflow/.local/lib/python3.12/site-packages/airflow/example_dags/example_branch_datetime_operator.py
[2024-06-16T13:05:21.162+0000] {processor.py:830} INFO - Processing file /home/airflow/.local/lib/python3.12/site-packages/airflow/example_dags/example_branch_datetime_operator.py for tasks to queue
[2024-06-16T13:05:21.163+0000] {logging_mixin.py:188} INFO - [2024-06-16T13:05:21.163+0000] {dagbag.py:545} INFO - Filling up the DagBag from /home/airflow/.local/lib/python3.12/site-packages/airflow/example_dags/example_branch_datetime_operator.py
[2024-06-16T13:05:21.175+0000] {processor.py:840} INFO - DAG(s) 'example_branch_datetime_operator', 'example_branch_datetime_operator_2', 'example_branch_datetime_operator_3' retrieved from /home/airflow/.local/lib/python3.12/site-packages/airflow/example_dags/example_branch_datetime_operator.py
[2024-06-16T13:05:21.211+0000] {logging_mixin.py:188} INFO - [2024-06-16T13:05:21.211+0000] {dag.py:3096} INFO - Sync 3 DAGs
[2024-06-16T13:05:21.243+0000] {logging_mixin.py:188} INFO - [2024-06-16T13:05:21.243+0000] {dag.py:3954} INFO - Setting next_dagrun for example_branch_datetime_operator to 2024-06-15 00:00:00+00:00, run_after=2024-06-16 00:00:00+00:00
[2024-06-16T13:05:21.249+0000] {logging_mixin.py:188} INFO - [2024-06-16T13:05:21.249+0000] {dag.py:3954} INFO - Setting next_dagrun for example_branch_datetime_operator_2 to 2024-06-15 00:00:00+00:00, run_after=2024-06-16 00:00:00+00:00
[2024-06-16T13:05:21.254+0000] {logging_mixin.py:188} INFO - [2024-06-16T13:05:21.253+0000] {dag.py:3954} INFO - Setting next_dagrun for example_branch_datetime_operator_3 to 2024-06-15 00:00:00+00:00, run_after=2024-06-16 00:00:00+00:00
[2024-06-16T13:05:21.277+0000] {processor.py:183} INFO - Processing /home/airflow/.local/lib/python3.12/site-packages/airflow/example_dags/example_branch_datetime_operator.py took 0.131 seconds
[2024-06-16T13:05:51.362+0000] {processor.py:161} INFO - Started process (PID=2348) to work on /home/airflow/.local/lib/python3.12/site-packages/airflow/example_dags/example_branch_datetime_operator.py
[2024-06-16T13:05:51.372+0000] {processor.py:830} INFO - Processing file /home/airflow/.local/lib/python3.12/site-packages/airflow/example_dags/example_branch_datetime_operator.py for tasks to queue
[2024-06-16T13:05:51.372+0000] {logging_mixin.py:188} INFO - [2024-06-16T13:05:51.372+0000] {dagbag.py:545} INFO - Filling up the DagBag from /home/airflow/.local/lib/python3.12/site-packages/airflow/example_dags/example_branch_datetime_operator.py
[2024-06-16T13:05:51.383+0000] {processor.py:840} INFO - DAG(s) 'example_branch_datetime_operator_2', 'example_branch_datetime_operator_3', 'example_branch_datetime_operator' retrieved from /home/airflow/.local/lib/python3.12/site-packages/airflow/example_dags/example_branch_datetime_operator.py
[2024-06-16T13:05:51.414+0000] {logging_mixin.py:188} INFO - [2024-06-16T13:05:51.414+0000] {dag.py:3096} INFO - Sync 3 DAGs
[2024-06-16T13:05:51.444+0000] {logging_mixin.py:188} INFO - [2024-06-16T13:05:51.444+0000] {dag.py:3954} INFO - Setting next_dagrun for example_branch_datetime_operator to 2024-06-15 00:00:00+00:00, run_after=2024-06-16 00:00:00+00:00
[2024-06-16T13:05:51.452+0000] {logging_mixin.py:188} INFO - [2024-06-16T13:05:51.451+0000] {dag.py:3954} INFO - Setting next_dagrun for example_branch_datetime_operator_2 to 2024-06-15 00:00:00+00:00, run_after=2024-06-16 00:00:00+00:00
[2024-06-16T13:05:51.455+0000] {logging_mixin.py:188} INFO - [2024-06-16T13:05:51.455+0000] {dag.py:3954} INFO - Setting next_dagrun for example_branch_datetime_operator_3 to 2024-06-15 00:00:00+00:00, run_after=2024-06-16 00:00:00+00:00
[2024-06-16T13:05:51.478+0000] {processor.py:183} INFO - Processing /home/airflow/.local/lib/python3.12/site-packages/airflow/example_dags/example_branch_datetime_operator.py took 0.121 seconds
