[2024-06-16T12:21:01.825+0000] {processor.py:161} INFO - Started process (PID=62) to work on /home/airflow/.local/lib/python3.12/site-packages/airflow/example_dags/example_task_group.py
[2024-06-16T12:21:01.826+0000] {processor.py:830} INFO - Processing file /home/airflow/.local/lib/python3.12/site-packages/airflow/example_dags/example_task_group.py for tasks to queue
[2024-06-16T12:21:01.830+0000] {logging_mixin.py:188} INFO - [2024-06-16T12:21:01.829+0000] {dagbag.py:545} INFO - Filling up the DagBag from /home/airflow/.local/lib/python3.12/site-packages/airflow/example_dags/example_task_group.py
[2024-06-16T12:21:01.846+0000] {processor.py:840} INFO - DAG(s) 'example_task_group' retrieved from /home/airflow/.local/lib/python3.12/site-packages/airflow/example_dags/example_task_group.py
[2024-06-16T12:21:02.956+0000] {logging_mixin.py:188} INFO - [2024-06-16T12:21:02.955+0000] {override.py:1829} INFO - Created Permission View: can edit on DAG:example_task_group
[2024-06-16T12:21:03.007+0000] {logging_mixin.py:188} INFO - [2024-06-16T12:21:03.006+0000] {override.py:1829} INFO - Created Permission View: can delete on DAG:example_task_group
[2024-06-16T12:21:03.080+0000] {logging_mixin.py:188} INFO - [2024-06-16T12:21:03.079+0000] {override.py:1829} INFO - Created Permission View: can read on DAG:example_task_group
[2024-06-16T12:21:03.080+0000] {logging_mixin.py:188} INFO - [2024-06-16T12:21:03.080+0000] {dag.py:3096} INFO - Sync 1 DAGs
[2024-06-16T12:21:03.138+0000] {logging_mixin.py:188} INFO - [2024-06-16T12:21:03.138+0000] {dag.py:3118} INFO - Creating ORM DAG for example_task_group
[2024-06-16T12:21:03.261+0000] {logging_mixin.py:188} INFO - [2024-06-16T12:21:03.210+0000] {dag.py:3954} INFO - Setting next_dagrun for example_task_group to 2024-06-15 00:00:00+00:00, run_after=2024-06-16 00:00:00+00:00
[2024-06-16T12:21:03.569+0000] {processor.py:183} INFO - Processing /home/airflow/.local/lib/python3.12/site-packages/airflow/example_dags/example_task_group.py took 1.756 seconds
[2024-06-16T12:21:34.773+0000] {processor.py:161} INFO - Started process (PID=121) to work on /home/airflow/.local/lib/python3.12/site-packages/airflow/example_dags/example_task_group.py
[2024-06-16T12:21:34.784+0000] {processor.py:830} INFO - Processing file /home/airflow/.local/lib/python3.12/site-packages/airflow/example_dags/example_task_group.py for tasks to queue
[2024-06-16T12:21:34.802+0000] {logging_mixin.py:188} INFO - [2024-06-16T12:21:34.802+0000] {dagbag.py:545} INFO - Filling up the DagBag from /home/airflow/.local/lib/python3.12/site-packages/airflow/example_dags/example_task_group.py
[2024-06-16T12:21:34.857+0000] {processor.py:840} INFO - DAG(s) 'example_task_group' retrieved from /home/airflow/.local/lib/python3.12/site-packages/airflow/example_dags/example_task_group.py
[2024-06-16T12:21:35.074+0000] {logging_mixin.py:188} INFO - [2024-06-16T12:21:35.074+0000] {dag.py:3096} INFO - Sync 1 DAGs
[2024-06-16T12:21:35.214+0000] {logging_mixin.py:188} INFO - [2024-06-16T12:21:35.214+0000] {dag.py:3954} INFO - Setting next_dagrun for example_task_group to 2024-06-15 00:00:00+00:00, run_after=2024-06-16 00:00:00+00:00
[2024-06-16T12:21:35.393+0000] {processor.py:183} INFO - Processing /home/airflow/.local/lib/python3.12/site-packages/airflow/example_dags/example_task_group.py took 0.721 seconds
[2024-06-16T12:22:05.943+0000] {processor.py:161} INFO - Started process (PID=179) to work on /home/airflow/.local/lib/python3.12/site-packages/airflow/example_dags/example_task_group.py
[2024-06-16T12:22:05.955+0000] {processor.py:830} INFO - Processing file /home/airflow/.local/lib/python3.12/site-packages/airflow/example_dags/example_task_group.py for tasks to queue
[2024-06-16T12:22:05.970+0000] {logging_mixin.py:188} INFO - [2024-06-16T12:22:05.970+0000] {dagbag.py:545} INFO - Filling up the DagBag from /home/airflow/.local/lib/python3.12/site-packages/airflow/example_dags/example_task_group.py
[2024-06-16T12:22:06.036+0000] {processor.py:840} INFO - DAG(s) 'example_task_group' retrieved from /home/airflow/.local/lib/python3.12/site-packages/airflow/example_dags/example_task_group.py
[2024-06-16T12:22:06.200+0000] {logging_mixin.py:188} INFO - [2024-06-16T12:22:06.200+0000] {dag.py:3096} INFO - Sync 1 DAGs
[2024-06-16T12:22:06.435+0000] {logging_mixin.py:188} INFO - [2024-06-16T12:22:06.434+0000] {dag.py:3954} INFO - Setting next_dagrun for example_task_group to 2024-06-15 00:00:00+00:00, run_after=2024-06-16 00:00:00+00:00
[2024-06-16T12:22:06.581+0000] {processor.py:183} INFO - Processing /home/airflow/.local/lib/python3.12/site-packages/airflow/example_dags/example_task_group.py took 0.954 seconds
[2024-06-16T12:22:37.369+0000] {processor.py:161} INFO - Started process (PID=238) to work on /home/airflow/.local/lib/python3.12/site-packages/airflow/example_dags/example_task_group.py
[2024-06-16T12:22:37.371+0000] {processor.py:830} INFO - Processing file /home/airflow/.local/lib/python3.12/site-packages/airflow/example_dags/example_task_group.py for tasks to queue
[2024-06-16T12:22:37.377+0000] {logging_mixin.py:188} INFO - [2024-06-16T12:22:37.376+0000] {dagbag.py:545} INFO - Filling up the DagBag from /home/airflow/.local/lib/python3.12/site-packages/airflow/example_dags/example_task_group.py
[2024-06-16T12:22:37.395+0000] {processor.py:840} INFO - DAG(s) 'example_task_group' retrieved from /home/airflow/.local/lib/python3.12/site-packages/airflow/example_dags/example_task_group.py
[2024-06-16T12:22:37.453+0000] {logging_mixin.py:188} INFO - [2024-06-16T12:22:37.452+0000] {dag.py:3096} INFO - Sync 1 DAGs
[2024-06-16T12:22:37.514+0000] {logging_mixin.py:188} INFO - [2024-06-16T12:22:37.514+0000] {dag.py:3954} INFO - Setting next_dagrun for example_task_group to 2024-06-15 00:00:00+00:00, run_after=2024-06-16 00:00:00+00:00
[2024-06-16T12:22:37.577+0000] {processor.py:183} INFO - Processing /home/airflow/.local/lib/python3.12/site-packages/airflow/example_dags/example_task_group.py took 0.227 seconds
[2024-06-16T12:23:07.695+0000] {processor.py:161} INFO - Started process (PID=297) to work on /home/airflow/.local/lib/python3.12/site-packages/airflow/example_dags/example_task_group.py
[2024-06-16T12:23:07.700+0000] {processor.py:830} INFO - Processing file /home/airflow/.local/lib/python3.12/site-packages/airflow/example_dags/example_task_group.py for tasks to queue
[2024-06-16T12:23:07.706+0000] {logging_mixin.py:188} INFO - [2024-06-16T12:23:07.706+0000] {dagbag.py:545} INFO - Filling up the DagBag from /home/airflow/.local/lib/python3.12/site-packages/airflow/example_dags/example_task_group.py
[2024-06-16T12:23:07.728+0000] {processor.py:840} INFO - DAG(s) 'example_task_group' retrieved from /home/airflow/.local/lib/python3.12/site-packages/airflow/example_dags/example_task_group.py
[2024-06-16T12:23:07.848+0000] {logging_mixin.py:188} INFO - [2024-06-16T12:23:07.847+0000] {dag.py:3096} INFO - Sync 1 DAGs
[2024-06-16T12:23:07.905+0000] {logging_mixin.py:188} INFO - [2024-06-16T12:23:07.905+0000] {dag.py:3954} INFO - Setting next_dagrun for example_task_group to 2024-06-15 00:00:00+00:00, run_after=2024-06-16 00:00:00+00:00
[2024-06-16T12:23:07.958+0000] {processor.py:183} INFO - Processing /home/airflow/.local/lib/python3.12/site-packages/airflow/example_dags/example_task_group.py took 0.273 seconds
[2024-06-16T12:23:40.513+0000] {processor.py:161} INFO - Started process (PID=362) to work on /home/airflow/.local/lib/python3.12/site-packages/airflow/example_dags/example_task_group.py
[2024-06-16T12:23:40.518+0000] {processor.py:830} INFO - Processing file /home/airflow/.local/lib/python3.12/site-packages/airflow/example_dags/example_task_group.py for tasks to queue
[2024-06-16T12:23:40.524+0000] {logging_mixin.py:188} INFO - [2024-06-16T12:23:40.524+0000] {dagbag.py:545} INFO - Filling up the DagBag from /home/airflow/.local/lib/python3.12/site-packages/airflow/example_dags/example_task_group.py
[2024-06-16T12:23:40.537+0000] {processor.py:840} INFO - DAG(s) 'example_task_group' retrieved from /home/airflow/.local/lib/python3.12/site-packages/airflow/example_dags/example_task_group.py
[2024-06-16T12:23:40.597+0000] {logging_mixin.py:188} INFO - [2024-06-16T12:23:40.597+0000] {dag.py:3096} INFO - Sync 1 DAGs
[2024-06-16T12:23:40.661+0000] {logging_mixin.py:188} INFO - [2024-06-16T12:23:40.661+0000] {dag.py:3954} INFO - Setting next_dagrun for example_task_group to 2024-06-15 00:00:00+00:00, run_after=2024-06-16 00:00:00+00:00
[2024-06-16T12:23:40.752+0000] {processor.py:183} INFO - Processing /home/airflow/.local/lib/python3.12/site-packages/airflow/example_dags/example_task_group.py took 0.251 seconds
[2024-06-16T12:24:11.013+0000] {processor.py:161} INFO - Started process (PID=419) to work on /home/airflow/.local/lib/python3.12/site-packages/airflow/example_dags/example_task_group.py
[2024-06-16T12:24:11.015+0000] {processor.py:830} INFO - Processing file /home/airflow/.local/lib/python3.12/site-packages/airflow/example_dags/example_task_group.py for tasks to queue
[2024-06-16T12:24:11.018+0000] {logging_mixin.py:188} INFO - [2024-06-16T12:24:11.017+0000] {dagbag.py:545} INFO - Filling up the DagBag from /home/airflow/.local/lib/python3.12/site-packages/airflow/example_dags/example_task_group.py
[2024-06-16T12:24:11.046+0000] {processor.py:840} INFO - DAG(s) 'example_task_group' retrieved from /home/airflow/.local/lib/python3.12/site-packages/airflow/example_dags/example_task_group.py
[2024-06-16T12:24:11.106+0000] {logging_mixin.py:188} INFO - [2024-06-16T12:24:11.106+0000] {dag.py:3096} INFO - Sync 1 DAGs
[2024-06-16T12:24:11.192+0000] {logging_mixin.py:188} INFO - [2024-06-16T12:24:11.192+0000] {dag.py:3954} INFO - Setting next_dagrun for example_task_group to 2024-06-15 00:00:00+00:00, run_after=2024-06-16 00:00:00+00:00
[2024-06-16T12:24:11.267+0000] {processor.py:183} INFO - Processing /home/airflow/.local/lib/python3.12/site-packages/airflow/example_dags/example_task_group.py took 0.280 seconds
[2024-06-16T12:24:41.822+0000] {processor.py:161} INFO - Started process (PID=478) to work on /home/airflow/.local/lib/python3.12/site-packages/airflow/example_dags/example_task_group.py
[2024-06-16T12:24:41.823+0000] {processor.py:830} INFO - Processing file /home/airflow/.local/lib/python3.12/site-packages/airflow/example_dags/example_task_group.py for tasks to queue
[2024-06-16T12:24:41.826+0000] {logging_mixin.py:188} INFO - [2024-06-16T12:24:41.825+0000] {dagbag.py:545} INFO - Filling up the DagBag from /home/airflow/.local/lib/python3.12/site-packages/airflow/example_dags/example_task_group.py
[2024-06-16T12:24:41.856+0000] {processor.py:840} INFO - DAG(s) 'example_task_group' retrieved from /home/airflow/.local/lib/python3.12/site-packages/airflow/example_dags/example_task_group.py
[2024-06-16T12:24:41.935+0000] {logging_mixin.py:188} INFO - [2024-06-16T12:24:41.935+0000] {dag.py:3096} INFO - Sync 1 DAGs
[2024-06-16T12:24:42.001+0000] {logging_mixin.py:188} INFO - [2024-06-16T12:24:42.001+0000] {dag.py:3954} INFO - Setting next_dagrun for example_task_group to 2024-06-15 00:00:00+00:00, run_after=2024-06-16 00:00:00+00:00
[2024-06-16T12:24:42.049+0000] {processor.py:183} INFO - Processing /home/airflow/.local/lib/python3.12/site-packages/airflow/example_dags/example_task_group.py took 0.240 seconds
[2024-06-16T12:45:03.996+0000] {processor.py:161} INFO - Started process (PID=66) to work on /home/airflow/.local/lib/python3.12/site-packages/airflow/example_dags/example_task_group.py
[2024-06-16T12:45:04.002+0000] {processor.py:830} INFO - Processing file /home/airflow/.local/lib/python3.12/site-packages/airflow/example_dags/example_task_group.py for tasks to queue
[2024-06-16T12:45:04.005+0000] {logging_mixin.py:188} INFO - [2024-06-16T12:45:04.005+0000] {dagbag.py:545} INFO - Filling up the DagBag from /home/airflow/.local/lib/python3.12/site-packages/airflow/example_dags/example_task_group.py
[2024-06-16T12:45:04.040+0000] {processor.py:840} INFO - DAG(s) 'example_task_group' retrieved from /home/airflow/.local/lib/python3.12/site-packages/airflow/example_dags/example_task_group.py
[2024-06-16T12:45:04.781+0000] {logging_mixin.py:188} INFO - [2024-06-16T12:45:04.780+0000] {override.py:1829} INFO - Created Permission View: can read on DAG:example_task_group
[2024-06-16T12:45:04.822+0000] {logging_mixin.py:188} INFO - [2024-06-16T12:45:04.822+0000] {override.py:1829} INFO - Created Permission View: can delete on DAG:example_task_group
[2024-06-16T12:45:04.848+0000] {logging_mixin.py:188} INFO - [2024-06-16T12:45:04.848+0000] {override.py:1829} INFO - Created Permission View: can edit on DAG:example_task_group
[2024-06-16T12:45:04.850+0000] {logging_mixin.py:188} INFO - [2024-06-16T12:45:04.849+0000] {dag.py:3096} INFO - Sync 1 DAGs
[2024-06-16T12:45:04.905+0000] {logging_mixin.py:188} INFO - [2024-06-16T12:45:04.903+0000] {dag.py:3118} INFO - Creating ORM DAG for example_task_group
[2024-06-16T12:45:04.946+0000] {logging_mixin.py:188} INFO - [2024-06-16T12:45:04.945+0000] {dag.py:3954} INFO - Setting next_dagrun for example_task_group to 2024-06-15 00:00:00+00:00, run_after=2024-06-16 00:00:00+00:00
[2024-06-16T12:45:04.995+0000] {processor.py:183} INFO - Processing /home/airflow/.local/lib/python3.12/site-packages/airflow/example_dags/example_task_group.py took 1.017 seconds
[2024-06-16T12:45:35.531+0000] {processor.py:161} INFO - Started process (PID=125) to work on /home/airflow/.local/lib/python3.12/site-packages/airflow/example_dags/example_task_group.py
[2024-06-16T12:45:35.532+0000] {processor.py:830} INFO - Processing file /home/airflow/.local/lib/python3.12/site-packages/airflow/example_dags/example_task_group.py for tasks to queue
[2024-06-16T12:45:35.534+0000] {logging_mixin.py:188} INFO - [2024-06-16T12:45:35.533+0000] {dagbag.py:545} INFO - Filling up the DagBag from /home/airflow/.local/lib/python3.12/site-packages/airflow/example_dags/example_task_group.py
[2024-06-16T12:45:35.542+0000] {processor.py:840} INFO - DAG(s) 'example_task_group' retrieved from /home/airflow/.local/lib/python3.12/site-packages/airflow/example_dags/example_task_group.py
[2024-06-16T12:45:35.570+0000] {logging_mixin.py:188} INFO - [2024-06-16T12:45:35.570+0000] {dag.py:3096} INFO - Sync 1 DAGs
[2024-06-16T12:45:35.600+0000] {logging_mixin.py:188} INFO - [2024-06-16T12:45:35.600+0000] {dag.py:3954} INFO - Setting next_dagrun for example_task_group to 2024-06-15 00:00:00+00:00, run_after=2024-06-16 00:00:00+00:00
[2024-06-16T12:45:35.631+0000] {processor.py:183} INFO - Processing /home/airflow/.local/lib/python3.12/site-packages/airflow/example_dags/example_task_group.py took 0.107 seconds
[2024-06-16T12:46:05.926+0000] {processor.py:161} INFO - Started process (PID=184) to work on /home/airflow/.local/lib/python3.12/site-packages/airflow/example_dags/example_task_group.py
[2024-06-16T12:46:05.927+0000] {processor.py:830} INFO - Processing file /home/airflow/.local/lib/python3.12/site-packages/airflow/example_dags/example_task_group.py for tasks to queue
[2024-06-16T12:46:05.929+0000] {logging_mixin.py:188} INFO - [2024-06-16T12:46:05.928+0000] {dagbag.py:545} INFO - Filling up the DagBag from /home/airflow/.local/lib/python3.12/site-packages/airflow/example_dags/example_task_group.py
[2024-06-16T12:46:05.938+0000] {processor.py:840} INFO - DAG(s) 'example_task_group' retrieved from /home/airflow/.local/lib/python3.12/site-packages/airflow/example_dags/example_task_group.py
[2024-06-16T12:46:05.971+0000] {logging_mixin.py:188} INFO - [2024-06-16T12:46:05.971+0000] {dag.py:3096} INFO - Sync 1 DAGs
[2024-06-16T12:46:06.006+0000] {logging_mixin.py:188} INFO - [2024-06-16T12:46:06.006+0000] {dag.py:3954} INFO - Setting next_dagrun for example_task_group to 2024-06-15 00:00:00+00:00, run_after=2024-06-16 00:00:00+00:00
[2024-06-16T12:46:06.035+0000] {processor.py:183} INFO - Processing /home/airflow/.local/lib/python3.12/site-packages/airflow/example_dags/example_task_group.py took 0.114 seconds
[2024-06-16T12:46:36.697+0000] {processor.py:161} INFO - Started process (PID=243) to work on /home/airflow/.local/lib/python3.12/site-packages/airflow/example_dags/example_task_group.py
[2024-06-16T12:46:36.700+0000] {processor.py:830} INFO - Processing file /home/airflow/.local/lib/python3.12/site-packages/airflow/example_dags/example_task_group.py for tasks to queue
[2024-06-16T12:46:36.702+0000] {logging_mixin.py:188} INFO - [2024-06-16T12:46:36.702+0000] {dagbag.py:545} INFO - Filling up the DagBag from /home/airflow/.local/lib/python3.12/site-packages/airflow/example_dags/example_task_group.py
[2024-06-16T12:46:36.739+0000] {processor.py:840} INFO - DAG(s) 'example_task_group' retrieved from /home/airflow/.local/lib/python3.12/site-packages/airflow/example_dags/example_task_group.py
[2024-06-16T12:46:36.905+0000] {logging_mixin.py:188} INFO - [2024-06-16T12:46:36.901+0000] {dag.py:3096} INFO - Sync 1 DAGs
[2024-06-16T12:46:37.083+0000] {logging_mixin.py:188} INFO - [2024-06-16T12:46:37.082+0000] {dag.py:3954} INFO - Setting next_dagrun for example_task_group to 2024-06-15 00:00:00+00:00, run_after=2024-06-16 00:00:00+00:00
[2024-06-16T12:46:37.211+0000] {processor.py:183} INFO - Processing /home/airflow/.local/lib/python3.12/site-packages/airflow/example_dags/example_task_group.py took 0.527 seconds
[2024-06-16T12:47:31.676+0000] {processor.py:161} INFO - Started process (PID=302) to work on /home/airflow/.local/lib/python3.12/site-packages/airflow/example_dags/example_task_group.py
[2024-06-16T12:47:31.691+0000] {processor.py:830} INFO - Processing file /home/airflow/.local/lib/python3.12/site-packages/airflow/example_dags/example_task_group.py for tasks to queue
[2024-06-16T12:47:31.694+0000] {logging_mixin.py:188} INFO - [2024-06-16T12:47:31.693+0000] {dagbag.py:545} INFO - Filling up the DagBag from /home/airflow/.local/lib/python3.12/site-packages/airflow/example_dags/example_task_group.py
[2024-06-16T12:47:31.723+0000] {processor.py:840} INFO - DAG(s) 'example_task_group' retrieved from /home/airflow/.local/lib/python3.12/site-packages/airflow/example_dags/example_task_group.py
[2024-06-16T12:47:31.779+0000] {logging_mixin.py:188} INFO - [2024-06-16T12:47:31.778+0000] {dag.py:3096} INFO - Sync 1 DAGs
[2024-06-16T12:47:31.821+0000] {logging_mixin.py:188} INFO - [2024-06-16T12:47:31.820+0000] {dag.py:3954} INFO - Setting next_dagrun for example_task_group to 2024-06-15 00:00:00+00:00, run_after=2024-06-16 00:00:00+00:00
[2024-06-16T12:47:31.905+0000] {processor.py:183} INFO - Processing /home/airflow/.local/lib/python3.12/site-packages/airflow/example_dags/example_task_group.py took 0.238 seconds
[2024-06-16T12:48:02.777+0000] {processor.py:161} INFO - Started process (PID=361) to work on /home/airflow/.local/lib/python3.12/site-packages/airflow/example_dags/example_task_group.py
[2024-06-16T12:48:02.779+0000] {processor.py:830} INFO - Processing file /home/airflow/.local/lib/python3.12/site-packages/airflow/example_dags/example_task_group.py for tasks to queue
[2024-06-16T12:48:02.784+0000] {logging_mixin.py:188} INFO - [2024-06-16T12:48:02.783+0000] {dagbag.py:545} INFO - Filling up the DagBag from /home/airflow/.local/lib/python3.12/site-packages/airflow/example_dags/example_task_group.py
[2024-06-16T12:48:02.804+0000] {processor.py:840} INFO - DAG(s) 'example_task_group' retrieved from /home/airflow/.local/lib/python3.12/site-packages/airflow/example_dags/example_task_group.py
[2024-06-16T12:48:02.869+0000] {logging_mixin.py:188} INFO - [2024-06-16T12:48:02.868+0000] {dag.py:3096} INFO - Sync 1 DAGs
[2024-06-16T12:48:03.020+0000] {logging_mixin.py:188} INFO - [2024-06-16T12:48:03.019+0000] {dag.py:3954} INFO - Setting next_dagrun for example_task_group to 2024-06-15 00:00:00+00:00, run_after=2024-06-16 00:00:00+00:00
[2024-06-16T12:48:03.250+0000] {processor.py:183} INFO - Processing /home/airflow/.local/lib/python3.12/site-packages/airflow/example_dags/example_task_group.py took 0.487 seconds
[2024-06-16T12:48:37.349+0000] {processor.py:161} INFO - Started process (PID=420) to work on /home/airflow/.local/lib/python3.12/site-packages/airflow/example_dags/example_task_group.py
[2024-06-16T12:48:37.356+0000] {processor.py:830} INFO - Processing file /home/airflow/.local/lib/python3.12/site-packages/airflow/example_dags/example_task_group.py for tasks to queue
[2024-06-16T12:48:37.360+0000] {logging_mixin.py:188} INFO - [2024-06-16T12:48:37.360+0000] {dagbag.py:545} INFO - Filling up the DagBag from /home/airflow/.local/lib/python3.12/site-packages/airflow/example_dags/example_task_group.py
[2024-06-16T12:48:37.378+0000] {processor.py:840} INFO - DAG(s) 'example_task_group' retrieved from /home/airflow/.local/lib/python3.12/site-packages/airflow/example_dags/example_task_group.py
[2024-06-16T12:48:37.442+0000] {logging_mixin.py:188} INFO - [2024-06-16T12:48:37.441+0000] {dag.py:3096} INFO - Sync 1 DAGs
[2024-06-16T12:48:37.572+0000] {logging_mixin.py:188} INFO - [2024-06-16T12:48:37.569+0000] {dag.py:3954} INFO - Setting next_dagrun for example_task_group to 2024-06-15 00:00:00+00:00, run_after=2024-06-16 00:00:00+00:00
[2024-06-16T12:48:37.716+0000] {processor.py:183} INFO - Processing /home/airflow/.local/lib/python3.12/site-packages/airflow/example_dags/example_task_group.py took 0.378 seconds
[2024-06-16T12:49:14.212+0000] {processor.py:161} INFO - Started process (PID=479) to work on /home/airflow/.local/lib/python3.12/site-packages/airflow/example_dags/example_task_group.py
[2024-06-16T12:49:14.214+0000] {processor.py:830} INFO - Processing file /home/airflow/.local/lib/python3.12/site-packages/airflow/example_dags/example_task_group.py for tasks to queue
[2024-06-16T12:49:14.216+0000] {logging_mixin.py:188} INFO - [2024-06-16T12:49:14.216+0000] {dagbag.py:545} INFO - Filling up the DagBag from /home/airflow/.local/lib/python3.12/site-packages/airflow/example_dags/example_task_group.py
[2024-06-16T12:49:14.231+0000] {processor.py:840} INFO - DAG(s) 'example_task_group' retrieved from /home/airflow/.local/lib/python3.12/site-packages/airflow/example_dags/example_task_group.py
[2024-06-16T12:49:14.277+0000] {logging_mixin.py:188} INFO - [2024-06-16T12:49:14.276+0000] {dag.py:3096} INFO - Sync 1 DAGs
[2024-06-16T12:49:14.343+0000] {logging_mixin.py:188} INFO - [2024-06-16T12:49:14.342+0000] {dag.py:3954} INFO - Setting next_dagrun for example_task_group to 2024-06-15 00:00:00+00:00, run_after=2024-06-16 00:00:00+00:00
[2024-06-16T12:49:14.393+0000] {processor.py:183} INFO - Processing /home/airflow/.local/lib/python3.12/site-packages/airflow/example_dags/example_task_group.py took 0.195 seconds
[2024-06-16T12:50:03.992+0000] {processor.py:161} INFO - Started process (PID=538) to work on /home/airflow/.local/lib/python3.12/site-packages/airflow/example_dags/example_task_group.py
[2024-06-16T12:50:03.994+0000] {processor.py:830} INFO - Processing file /home/airflow/.local/lib/python3.12/site-packages/airflow/example_dags/example_task_group.py for tasks to queue
[2024-06-16T12:50:04.000+0000] {logging_mixin.py:188} INFO - [2024-06-16T12:50:03.999+0000] {dagbag.py:545} INFO - Filling up the DagBag from /home/airflow/.local/lib/python3.12/site-packages/airflow/example_dags/example_task_group.py
[2024-06-16T12:50:04.019+0000] {processor.py:840} INFO - DAG(s) 'example_task_group' retrieved from /home/airflow/.local/lib/python3.12/site-packages/airflow/example_dags/example_task_group.py
[2024-06-16T12:50:04.085+0000] {logging_mixin.py:188} INFO - [2024-06-16T12:50:04.085+0000] {dag.py:3096} INFO - Sync 1 DAGs
[2024-06-16T12:50:04.169+0000] {logging_mixin.py:188} INFO - [2024-06-16T12:50:04.169+0000] {dag.py:3954} INFO - Setting next_dagrun for example_task_group to 2024-06-15 00:00:00+00:00, run_after=2024-06-16 00:00:00+00:00
[2024-06-16T12:50:04.222+0000] {processor.py:183} INFO - Processing /home/airflow/.local/lib/python3.12/site-packages/airflow/example_dags/example_task_group.py took 0.244 seconds
[2024-06-16T12:50:52.063+0000] {processor.py:161} INFO - Started process (PID=583) to work on /home/airflow/.local/lib/python3.12/site-packages/airflow/example_dags/example_task_group.py
[2024-06-16T12:50:52.066+0000] {processor.py:830} INFO - Processing file /home/airflow/.local/lib/python3.12/site-packages/airflow/example_dags/example_task_group.py for tasks to queue
[2024-06-16T12:50:52.068+0000] {logging_mixin.py:188} INFO - [2024-06-16T12:50:52.068+0000] {dagbag.py:545} INFO - Filling up the DagBag from /home/airflow/.local/lib/python3.12/site-packages/airflow/example_dags/example_task_group.py
[2024-06-16T12:50:52.083+0000] {processor.py:840} INFO - DAG(s) 'example_task_group' retrieved from /home/airflow/.local/lib/python3.12/site-packages/airflow/example_dags/example_task_group.py
[2024-06-16T12:50:52.130+0000] {logging_mixin.py:188} INFO - [2024-06-16T12:50:52.129+0000] {dag.py:3096} INFO - Sync 1 DAGs
[2024-06-16T12:50:52.208+0000] {logging_mixin.py:188} INFO - [2024-06-16T12:50:52.207+0000] {dag.py:3954} INFO - Setting next_dagrun for example_task_group to 2024-06-15 00:00:00+00:00, run_after=2024-06-16 00:00:00+00:00
[2024-06-16T12:50:52.268+0000] {processor.py:183} INFO - Processing /home/airflow/.local/lib/python3.12/site-packages/airflow/example_dags/example_task_group.py took 0.230 seconds
[2024-06-16T12:51:24.118+0000] {processor.py:161} INFO - Started process (PID=642) to work on /home/airflow/.local/lib/python3.12/site-packages/airflow/example_dags/example_task_group.py
[2024-06-16T12:51:24.119+0000] {processor.py:830} INFO - Processing file /home/airflow/.local/lib/python3.12/site-packages/airflow/example_dags/example_task_group.py for tasks to queue
[2024-06-16T12:51:24.122+0000] {logging_mixin.py:188} INFO - [2024-06-16T12:51:24.122+0000] {dagbag.py:545} INFO - Filling up the DagBag from /home/airflow/.local/lib/python3.12/site-packages/airflow/example_dags/example_task_group.py
[2024-06-16T12:51:24.137+0000] {processor.py:840} INFO - DAG(s) 'example_task_group' retrieved from /home/airflow/.local/lib/python3.12/site-packages/airflow/example_dags/example_task_group.py
[2024-06-16T12:51:24.182+0000] {logging_mixin.py:188} INFO - [2024-06-16T12:51:24.181+0000] {dag.py:3096} INFO - Sync 1 DAGs
[2024-06-16T12:51:24.231+0000] {logging_mixin.py:188} INFO - [2024-06-16T12:51:24.231+0000] {dag.py:3954} INFO - Setting next_dagrun for example_task_group to 2024-06-15 00:00:00+00:00, run_after=2024-06-16 00:00:00+00:00
[2024-06-16T12:51:24.277+0000] {processor.py:183} INFO - Processing /home/airflow/.local/lib/python3.12/site-packages/airflow/example_dags/example_task_group.py took 0.172 seconds
[2024-06-16T12:51:54.881+0000] {processor.py:161} INFO - Started process (PID=701) to work on /home/airflow/.local/lib/python3.12/site-packages/airflow/example_dags/example_task_group.py
[2024-06-16T12:51:54.882+0000] {processor.py:830} INFO - Processing file /home/airflow/.local/lib/python3.12/site-packages/airflow/example_dags/example_task_group.py for tasks to queue
[2024-06-16T12:51:54.885+0000] {logging_mixin.py:188} INFO - [2024-06-16T12:51:54.884+0000] {dagbag.py:545} INFO - Filling up the DagBag from /home/airflow/.local/lib/python3.12/site-packages/airflow/example_dags/example_task_group.py
[2024-06-16T12:51:54.898+0000] {processor.py:840} INFO - DAG(s) 'example_task_group' retrieved from /home/airflow/.local/lib/python3.12/site-packages/airflow/example_dags/example_task_group.py
[2024-06-16T12:51:54.933+0000] {logging_mixin.py:188} INFO - [2024-06-16T12:51:54.932+0000] {dag.py:3096} INFO - Sync 1 DAGs
[2024-06-16T12:51:54.971+0000] {logging_mixin.py:188} INFO - [2024-06-16T12:51:54.971+0000] {dag.py:3954} INFO - Setting next_dagrun for example_task_group to 2024-06-15 00:00:00+00:00, run_after=2024-06-16 00:00:00+00:00
[2024-06-16T12:51:55.002+0000] {processor.py:183} INFO - Processing /home/airflow/.local/lib/python3.12/site-packages/airflow/example_dags/example_task_group.py took 0.130 seconds
[2024-06-16T12:52:25.884+0000] {processor.py:161} INFO - Started process (PID=760) to work on /home/airflow/.local/lib/python3.12/site-packages/airflow/example_dags/example_task_group.py
[2024-06-16T12:52:25.885+0000] {processor.py:830} INFO - Processing file /home/airflow/.local/lib/python3.12/site-packages/airflow/example_dags/example_task_group.py for tasks to queue
[2024-06-16T12:52:25.886+0000] {logging_mixin.py:188} INFO - [2024-06-16T12:52:25.886+0000] {dagbag.py:545} INFO - Filling up the DagBag from /home/airflow/.local/lib/python3.12/site-packages/airflow/example_dags/example_task_group.py
[2024-06-16T12:52:25.897+0000] {processor.py:840} INFO - DAG(s) 'example_task_group' retrieved from /home/airflow/.local/lib/python3.12/site-packages/airflow/example_dags/example_task_group.py
[2024-06-16T12:52:25.922+0000] {logging_mixin.py:188} INFO - [2024-06-16T12:52:25.922+0000] {dag.py:3096} INFO - Sync 1 DAGs
[2024-06-16T12:52:25.955+0000] {logging_mixin.py:188} INFO - [2024-06-16T12:52:25.955+0000] {dag.py:3954} INFO - Setting next_dagrun for example_task_group to 2024-06-15 00:00:00+00:00, run_after=2024-06-16 00:00:00+00:00
[2024-06-16T12:52:25.978+0000] {processor.py:183} INFO - Processing /home/airflow/.local/lib/python3.12/site-packages/airflow/example_dags/example_task_group.py took 0.103 seconds
[2024-06-16T12:52:56.182+0000] {processor.py:161} INFO - Started process (PID=820) to work on /home/airflow/.local/lib/python3.12/site-packages/airflow/example_dags/example_task_group.py
[2024-06-16T12:52:56.183+0000] {processor.py:830} INFO - Processing file /home/airflow/.local/lib/python3.12/site-packages/airflow/example_dags/example_task_group.py for tasks to queue
[2024-06-16T12:52:56.185+0000] {logging_mixin.py:188} INFO - [2024-06-16T12:52:56.184+0000] {dagbag.py:545} INFO - Filling up the DagBag from /home/airflow/.local/lib/python3.12/site-packages/airflow/example_dags/example_task_group.py
[2024-06-16T12:52:56.203+0000] {processor.py:840} INFO - DAG(s) 'example_task_group' retrieved from /home/airflow/.local/lib/python3.12/site-packages/airflow/example_dags/example_task_group.py
[2024-06-16T12:52:56.242+0000] {logging_mixin.py:188} INFO - [2024-06-16T12:52:56.241+0000] {dag.py:3096} INFO - Sync 1 DAGs
[2024-06-16T12:52:56.292+0000] {logging_mixin.py:188} INFO - [2024-06-16T12:52:56.292+0000] {dag.py:3954} INFO - Setting next_dagrun for example_task_group to 2024-06-15 00:00:00+00:00, run_after=2024-06-16 00:00:00+00:00
[2024-06-16T12:52:56.337+0000] {processor.py:183} INFO - Processing /home/airflow/.local/lib/python3.12/site-packages/airflow/example_dags/example_task_group.py took 0.168 seconds
[2024-06-16T12:53:26.683+0000] {processor.py:161} INFO - Started process (PID=878) to work on /home/airflow/.local/lib/python3.12/site-packages/airflow/example_dags/example_task_group.py
[2024-06-16T12:53:26.684+0000] {processor.py:830} INFO - Processing file /home/airflow/.local/lib/python3.12/site-packages/airflow/example_dags/example_task_group.py for tasks to queue
[2024-06-16T12:53:26.685+0000] {logging_mixin.py:188} INFO - [2024-06-16T12:53:26.685+0000] {dagbag.py:545} INFO - Filling up the DagBag from /home/airflow/.local/lib/python3.12/site-packages/airflow/example_dags/example_task_group.py
[2024-06-16T12:53:26.695+0000] {processor.py:840} INFO - DAG(s) 'example_task_group' retrieved from /home/airflow/.local/lib/python3.12/site-packages/airflow/example_dags/example_task_group.py
[2024-06-16T12:53:26.721+0000] {logging_mixin.py:188} INFO - [2024-06-16T12:53:26.720+0000] {dag.py:3096} INFO - Sync 1 DAGs
[2024-06-16T12:53:26.747+0000] {logging_mixin.py:188} INFO - [2024-06-16T12:53:26.747+0000] {dag.py:3954} INFO - Setting next_dagrun for example_task_group to 2024-06-15 00:00:00+00:00, run_after=2024-06-16 00:00:00+00:00
[2024-06-16T12:53:26.771+0000] {processor.py:183} INFO - Processing /home/airflow/.local/lib/python3.12/site-packages/airflow/example_dags/example_task_group.py took 0.096 seconds
[2024-06-16T12:53:57.203+0000] {processor.py:161} INFO - Started process (PID=937) to work on /home/airflow/.local/lib/python3.12/site-packages/airflow/example_dags/example_task_group.py
[2024-06-16T12:53:57.204+0000] {processor.py:830} INFO - Processing file /home/airflow/.local/lib/python3.12/site-packages/airflow/example_dags/example_task_group.py for tasks to queue
[2024-06-16T12:53:57.205+0000] {logging_mixin.py:188} INFO - [2024-06-16T12:53:57.205+0000] {dagbag.py:545} INFO - Filling up the DagBag from /home/airflow/.local/lib/python3.12/site-packages/airflow/example_dags/example_task_group.py
[2024-06-16T12:53:57.216+0000] {processor.py:840} INFO - DAG(s) 'example_task_group' retrieved from /home/airflow/.local/lib/python3.12/site-packages/airflow/example_dags/example_task_group.py
[2024-06-16T12:53:57.245+0000] {logging_mixin.py:188} INFO - [2024-06-16T12:53:57.244+0000] {dag.py:3096} INFO - Sync 1 DAGs
[2024-06-16T12:53:57.275+0000] {logging_mixin.py:188} INFO - [2024-06-16T12:53:57.275+0000] {dag.py:3954} INFO - Setting next_dagrun for example_task_group to 2024-06-15 00:00:00+00:00, run_after=2024-06-16 00:00:00+00:00
[2024-06-16T12:53:57.301+0000] {processor.py:183} INFO - Processing /home/airflow/.local/lib/python3.12/site-packages/airflow/example_dags/example_task_group.py took 0.106 seconds
[2024-06-16T12:54:27.789+0000] {processor.py:161} INFO - Started process (PID=996) to work on /home/airflow/.local/lib/python3.12/site-packages/airflow/example_dags/example_task_group.py
[2024-06-16T12:54:27.790+0000] {processor.py:830} INFO - Processing file /home/airflow/.local/lib/python3.12/site-packages/airflow/example_dags/example_task_group.py for tasks to queue
[2024-06-16T12:54:27.792+0000] {logging_mixin.py:188} INFO - [2024-06-16T12:54:27.791+0000] {dagbag.py:545} INFO - Filling up the DagBag from /home/airflow/.local/lib/python3.12/site-packages/airflow/example_dags/example_task_group.py
[2024-06-16T12:54:27.807+0000] {processor.py:840} INFO - DAG(s) 'example_task_group' retrieved from /home/airflow/.local/lib/python3.12/site-packages/airflow/example_dags/example_task_group.py
[2024-06-16T12:54:27.842+0000] {logging_mixin.py:188} INFO - [2024-06-16T12:54:27.842+0000] {dag.py:3096} INFO - Sync 1 DAGs
[2024-06-16T12:54:27.881+0000] {logging_mixin.py:188} INFO - [2024-06-16T12:54:27.881+0000] {dag.py:3954} INFO - Setting next_dagrun for example_task_group to 2024-06-15 00:00:00+00:00, run_after=2024-06-16 00:00:00+00:00
[2024-06-16T12:54:27.913+0000] {processor.py:183} INFO - Processing /home/airflow/.local/lib/python3.12/site-packages/airflow/example_dags/example_task_group.py took 0.134 seconds
[2024-06-16T12:54:58.678+0000] {processor.py:161} INFO - Started process (PID=1055) to work on /home/airflow/.local/lib/python3.12/site-packages/airflow/example_dags/example_task_group.py
[2024-06-16T12:54:58.678+0000] {processor.py:830} INFO - Processing file /home/airflow/.local/lib/python3.12/site-packages/airflow/example_dags/example_task_group.py for tasks to queue
[2024-06-16T12:54:58.679+0000] {logging_mixin.py:188} INFO - [2024-06-16T12:54:58.679+0000] {dagbag.py:545} INFO - Filling up the DagBag from /home/airflow/.local/lib/python3.12/site-packages/airflow/example_dags/example_task_group.py
[2024-06-16T12:54:58.687+0000] {processor.py:840} INFO - DAG(s) 'example_task_group' retrieved from /home/airflow/.local/lib/python3.12/site-packages/airflow/example_dags/example_task_group.py
[2024-06-16T12:54:58.711+0000] {logging_mixin.py:188} INFO - [2024-06-16T12:54:58.710+0000] {dag.py:3096} INFO - Sync 1 DAGs
[2024-06-16T12:54:58.736+0000] {logging_mixin.py:188} INFO - [2024-06-16T12:54:58.736+0000] {dag.py:3954} INFO - Setting next_dagrun for example_task_group to 2024-06-15 00:00:00+00:00, run_after=2024-06-16 00:00:00+00:00
[2024-06-16T12:54:58.757+0000] {processor.py:183} INFO - Processing /home/airflow/.local/lib/python3.12/site-packages/airflow/example_dags/example_task_group.py took 0.086 seconds
[2024-06-16T12:55:29.037+0000] {processor.py:161} INFO - Started process (PID=1114) to work on /home/airflow/.local/lib/python3.12/site-packages/airflow/example_dags/example_task_group.py
[2024-06-16T12:55:29.038+0000] {processor.py:830} INFO - Processing file /home/airflow/.local/lib/python3.12/site-packages/airflow/example_dags/example_task_group.py for tasks to queue
[2024-06-16T12:55:29.039+0000] {logging_mixin.py:188} INFO - [2024-06-16T12:55:29.039+0000] {dagbag.py:545} INFO - Filling up the DagBag from /home/airflow/.local/lib/python3.12/site-packages/airflow/example_dags/example_task_group.py
[2024-06-16T12:55:29.048+0000] {processor.py:840} INFO - DAG(s) 'example_task_group' retrieved from /home/airflow/.local/lib/python3.12/site-packages/airflow/example_dags/example_task_group.py
[2024-06-16T12:55:29.071+0000] {logging_mixin.py:188} INFO - [2024-06-16T12:55:29.071+0000] {dag.py:3096} INFO - Sync 1 DAGs
[2024-06-16T12:55:29.096+0000] {logging_mixin.py:188} INFO - [2024-06-16T12:55:29.096+0000] {dag.py:3954} INFO - Setting next_dagrun for example_task_group to 2024-06-15 00:00:00+00:00, run_after=2024-06-16 00:00:00+00:00
[2024-06-16T12:55:29.125+0000] {processor.py:183} INFO - Processing /home/airflow/.local/lib/python3.12/site-packages/airflow/example_dags/example_task_group.py took 0.094 seconds
[2024-06-16T12:55:59.667+0000] {processor.py:161} INFO - Started process (PID=1172) to work on /home/airflow/.local/lib/python3.12/site-packages/airflow/example_dags/example_task_group.py
[2024-06-16T12:55:59.669+0000] {processor.py:830} INFO - Processing file /home/airflow/.local/lib/python3.12/site-packages/airflow/example_dags/example_task_group.py for tasks to queue
[2024-06-16T12:55:59.671+0000] {logging_mixin.py:188} INFO - [2024-06-16T12:55:59.670+0000] {dagbag.py:545} INFO - Filling up the DagBag from /home/airflow/.local/lib/python3.12/site-packages/airflow/example_dags/example_task_group.py
[2024-06-16T12:55:59.689+0000] {processor.py:840} INFO - DAG(s) 'example_task_group' retrieved from /home/airflow/.local/lib/python3.12/site-packages/airflow/example_dags/example_task_group.py
[2024-06-16T12:55:59.724+0000] {logging_mixin.py:188} INFO - [2024-06-16T12:55:59.724+0000] {dag.py:3096} INFO - Sync 1 DAGs
[2024-06-16T12:55:59.767+0000] {logging_mixin.py:188} INFO - [2024-06-16T12:55:59.767+0000] {dag.py:3954} INFO - Setting next_dagrun for example_task_group to 2024-06-15 00:00:00+00:00, run_after=2024-06-16 00:00:00+00:00
[2024-06-16T12:55:59.810+0000] {processor.py:183} INFO - Processing /home/airflow/.local/lib/python3.12/site-packages/airflow/example_dags/example_task_group.py took 0.153 seconds
[2024-06-16T12:56:30.078+0000] {processor.py:161} INFO - Started process (PID=1231) to work on /home/airflow/.local/lib/python3.12/site-packages/airflow/example_dags/example_task_group.py
[2024-06-16T12:56:30.079+0000] {processor.py:830} INFO - Processing file /home/airflow/.local/lib/python3.12/site-packages/airflow/example_dags/example_task_group.py for tasks to queue
[2024-06-16T12:56:30.081+0000] {logging_mixin.py:188} INFO - [2024-06-16T12:56:30.080+0000] {dagbag.py:545} INFO - Filling up the DagBag from /home/airflow/.local/lib/python3.12/site-packages/airflow/example_dags/example_task_group.py
[2024-06-16T12:56:30.094+0000] {processor.py:840} INFO - DAG(s) 'example_task_group' retrieved from /home/airflow/.local/lib/python3.12/site-packages/airflow/example_dags/example_task_group.py
[2024-06-16T12:56:30.132+0000] {logging_mixin.py:188} INFO - [2024-06-16T12:56:30.131+0000] {dag.py:3096} INFO - Sync 1 DAGs
[2024-06-16T12:56:30.163+0000] {logging_mixin.py:188} INFO - [2024-06-16T12:56:30.162+0000] {dag.py:3954} INFO - Setting next_dagrun for example_task_group to 2024-06-15 00:00:00+00:00, run_after=2024-06-16 00:00:00+00:00
[2024-06-16T12:56:30.187+0000] {processor.py:183} INFO - Processing /home/airflow/.local/lib/python3.12/site-packages/airflow/example_dags/example_task_group.py took 0.118 seconds
[2024-06-16T12:57:00.611+0000] {processor.py:161} INFO - Started process (PID=1290) to work on /home/airflow/.local/lib/python3.12/site-packages/airflow/example_dags/example_task_group.py
[2024-06-16T12:57:00.612+0000] {processor.py:830} INFO - Processing file /home/airflow/.local/lib/python3.12/site-packages/airflow/example_dags/example_task_group.py for tasks to queue
[2024-06-16T12:57:00.613+0000] {logging_mixin.py:188} INFO - [2024-06-16T12:57:00.613+0000] {dagbag.py:545} INFO - Filling up the DagBag from /home/airflow/.local/lib/python3.12/site-packages/airflow/example_dags/example_task_group.py
[2024-06-16T12:57:00.623+0000] {processor.py:840} INFO - DAG(s) 'example_task_group' retrieved from /home/airflow/.local/lib/python3.12/site-packages/airflow/example_dags/example_task_group.py
[2024-06-16T12:57:00.652+0000] {logging_mixin.py:188} INFO - [2024-06-16T12:57:00.651+0000] {dag.py:3096} INFO - Sync 1 DAGs
[2024-06-16T12:57:00.682+0000] {logging_mixin.py:188} INFO - [2024-06-16T12:57:00.682+0000] {dag.py:3954} INFO - Setting next_dagrun for example_task_group to 2024-06-15 00:00:00+00:00, run_after=2024-06-16 00:00:00+00:00
[2024-06-16T12:57:00.707+0000] {processor.py:183} INFO - Processing /home/airflow/.local/lib/python3.12/site-packages/airflow/example_dags/example_task_group.py took 0.103 seconds
[2024-06-16T12:57:30.811+0000] {processor.py:161} INFO - Started process (PID=1347) to work on /home/airflow/.local/lib/python3.12/site-packages/airflow/example_dags/example_task_group.py
[2024-06-16T12:57:30.812+0000] {processor.py:830} INFO - Processing file /home/airflow/.local/lib/python3.12/site-packages/airflow/example_dags/example_task_group.py for tasks to queue
[2024-06-16T12:57:30.813+0000] {logging_mixin.py:188} INFO - [2024-06-16T12:57:30.813+0000] {dagbag.py:545} INFO - Filling up the DagBag from /home/airflow/.local/lib/python3.12/site-packages/airflow/example_dags/example_task_group.py
[2024-06-16T12:57:30.824+0000] {processor.py:840} INFO - DAG(s) 'example_task_group' retrieved from /home/airflow/.local/lib/python3.12/site-packages/airflow/example_dags/example_task_group.py
[2024-06-16T12:57:30.857+0000] {logging_mixin.py:188} INFO - [2024-06-16T12:57:30.857+0000] {dag.py:3096} INFO - Sync 1 DAGs
[2024-06-16T12:57:30.891+0000] {logging_mixin.py:188} INFO - [2024-06-16T12:57:30.891+0000] {dag.py:3954} INFO - Setting next_dagrun for example_task_group to 2024-06-15 00:00:00+00:00, run_after=2024-06-16 00:00:00+00:00
[2024-06-16T12:57:30.920+0000] {processor.py:183} INFO - Processing /home/airflow/.local/lib/python3.12/site-packages/airflow/example_dags/example_task_group.py took 0.120 seconds
[2024-06-16T12:58:01.185+0000] {processor.py:161} INFO - Started process (PID=1404) to work on /home/airflow/.local/lib/python3.12/site-packages/airflow/example_dags/example_task_group.py
[2024-06-16T12:58:01.186+0000] {processor.py:830} INFO - Processing file /home/airflow/.local/lib/python3.12/site-packages/airflow/example_dags/example_task_group.py for tasks to queue
[2024-06-16T12:58:01.188+0000] {logging_mixin.py:188} INFO - [2024-06-16T12:58:01.187+0000] {dagbag.py:545} INFO - Filling up the DagBag from /home/airflow/.local/lib/python3.12/site-packages/airflow/example_dags/example_task_group.py
[2024-06-16T12:58:01.199+0000] {processor.py:840} INFO - DAG(s) 'example_task_group' retrieved from /home/airflow/.local/lib/python3.12/site-packages/airflow/example_dags/example_task_group.py
[2024-06-16T12:58:01.227+0000] {logging_mixin.py:188} INFO - [2024-06-16T12:58:01.227+0000] {dag.py:3096} INFO - Sync 1 DAGs
[2024-06-16T12:58:01.261+0000] {logging_mixin.py:188} INFO - [2024-06-16T12:58:01.261+0000] {dag.py:3954} INFO - Setting next_dagrun for example_task_group to 2024-06-15 00:00:00+00:00, run_after=2024-06-16 00:00:00+00:00
[2024-06-16T12:58:01.286+0000] {processor.py:183} INFO - Processing /home/airflow/.local/lib/python3.12/site-packages/airflow/example_dags/example_task_group.py took 0.113 seconds
[2024-06-16T12:58:32.490+0000] {processor.py:161} INFO - Started process (PID=1463) to work on /home/airflow/.local/lib/python3.12/site-packages/airflow/example_dags/example_task_group.py
[2024-06-16T12:58:32.496+0000] {processor.py:830} INFO - Processing file /home/airflow/.local/lib/python3.12/site-packages/airflow/example_dags/example_task_group.py for tasks to queue
[2024-06-16T12:58:32.499+0000] {logging_mixin.py:188} INFO - [2024-06-16T12:58:32.497+0000] {dagbag.py:545} INFO - Filling up the DagBag from /home/airflow/.local/lib/python3.12/site-packages/airflow/example_dags/example_task_group.py
[2024-06-16T12:58:32.516+0000] {processor.py:840} INFO - DAG(s) 'example_task_group' retrieved from /home/airflow/.local/lib/python3.12/site-packages/airflow/example_dags/example_task_group.py
[2024-06-16T12:58:32.568+0000] {logging_mixin.py:188} INFO - [2024-06-16T12:58:32.567+0000] {dag.py:3096} INFO - Sync 1 DAGs
[2024-06-16T12:58:32.608+0000] {logging_mixin.py:188} INFO - [2024-06-16T12:58:32.607+0000] {dag.py:3954} INFO - Setting next_dagrun for example_task_group to 2024-06-15 00:00:00+00:00, run_after=2024-06-16 00:00:00+00:00
[2024-06-16T12:58:32.641+0000] {processor.py:183} INFO - Processing /home/airflow/.local/lib/python3.12/site-packages/airflow/example_dags/example_task_group.py took 0.160 seconds
[2024-06-16T12:59:03.053+0000] {processor.py:161} INFO - Started process (PID=1529) to work on /home/airflow/.local/lib/python3.12/site-packages/airflow/example_dags/example_task_group.py
[2024-06-16T12:59:03.054+0000] {processor.py:830} INFO - Processing file /home/airflow/.local/lib/python3.12/site-packages/airflow/example_dags/example_task_group.py for tasks to queue
[2024-06-16T12:59:03.055+0000] {logging_mixin.py:188} INFO - [2024-06-16T12:59:03.054+0000] {dagbag.py:545} INFO - Filling up the DagBag from /home/airflow/.local/lib/python3.12/site-packages/airflow/example_dags/example_task_group.py
[2024-06-16T12:59:03.068+0000] {processor.py:840} INFO - DAG(s) 'example_task_group' retrieved from /home/airflow/.local/lib/python3.12/site-packages/airflow/example_dags/example_task_group.py
[2024-06-16T12:59:03.097+0000] {logging_mixin.py:188} INFO - [2024-06-16T12:59:03.097+0000] {dag.py:3096} INFO - Sync 1 DAGs
[2024-06-16T12:59:03.126+0000] {logging_mixin.py:188} INFO - [2024-06-16T12:59:03.126+0000] {dag.py:3954} INFO - Setting next_dagrun for example_task_group to 2024-06-15 00:00:00+00:00, run_after=2024-06-16 00:00:00+00:00
[2024-06-16T12:59:03.153+0000] {processor.py:183} INFO - Processing /home/airflow/.local/lib/python3.12/site-packages/airflow/example_dags/example_task_group.py took 0.109 seconds
[2024-06-16T12:59:33.824+0000] {processor.py:161} INFO - Started process (PID=1592) to work on /home/airflow/.local/lib/python3.12/site-packages/airflow/example_dags/example_task_group.py
[2024-06-16T12:59:33.826+0000] {processor.py:830} INFO - Processing file /home/airflow/.local/lib/python3.12/site-packages/airflow/example_dags/example_task_group.py for tasks to queue
[2024-06-16T12:59:33.827+0000] {logging_mixin.py:188} INFO - [2024-06-16T12:59:33.827+0000] {dagbag.py:545} INFO - Filling up the DagBag from /home/airflow/.local/lib/python3.12/site-packages/airflow/example_dags/example_task_group.py
[2024-06-16T12:59:33.838+0000] {processor.py:840} INFO - DAG(s) 'example_task_group' retrieved from /home/airflow/.local/lib/python3.12/site-packages/airflow/example_dags/example_task_group.py
[2024-06-16T12:59:33.871+0000] {logging_mixin.py:188} INFO - [2024-06-16T12:59:33.871+0000] {dag.py:3096} INFO - Sync 1 DAGs
[2024-06-16T12:59:33.898+0000] {logging_mixin.py:188} INFO - [2024-06-16T12:59:33.898+0000] {dag.py:3954} INFO - Setting next_dagrun for example_task_group to 2024-06-15 00:00:00+00:00, run_after=2024-06-16 00:00:00+00:00
[2024-06-16T12:59:33.924+0000] {processor.py:183} INFO - Processing /home/airflow/.local/lib/python3.12/site-packages/airflow/example_dags/example_task_group.py took 0.107 seconds
[2024-06-16T13:00:04.030+0000] {processor.py:161} INFO - Started process (PID=1652) to work on /home/airflow/.local/lib/python3.12/site-packages/airflow/example_dags/example_task_group.py
[2024-06-16T13:00:04.031+0000] {processor.py:830} INFO - Processing file /home/airflow/.local/lib/python3.12/site-packages/airflow/example_dags/example_task_group.py for tasks to queue
[2024-06-16T13:00:04.032+0000] {logging_mixin.py:188} INFO - [2024-06-16T13:00:04.031+0000] {dagbag.py:545} INFO - Filling up the DagBag from /home/airflow/.local/lib/python3.12/site-packages/airflow/example_dags/example_task_group.py
[2024-06-16T13:00:04.041+0000] {processor.py:840} INFO - DAG(s) 'example_task_group' retrieved from /home/airflow/.local/lib/python3.12/site-packages/airflow/example_dags/example_task_group.py
[2024-06-16T13:00:04.069+0000] {logging_mixin.py:188} INFO - [2024-06-16T13:00:04.068+0000] {dag.py:3096} INFO - Sync 1 DAGs
[2024-06-16T13:00:04.094+0000] {logging_mixin.py:188} INFO - [2024-06-16T13:00:04.093+0000] {dag.py:3954} INFO - Setting next_dagrun for example_task_group to 2024-06-15 00:00:00+00:00, run_after=2024-06-16 00:00:00+00:00
[2024-06-16T13:00:04.115+0000] {processor.py:183} INFO - Processing /home/airflow/.local/lib/python3.12/site-packages/airflow/example_dags/example_task_group.py took 0.093 seconds
[2024-06-16T13:00:34.151+0000] {processor.py:161} INFO - Started process (PID=1718) to work on /home/airflow/.local/lib/python3.12/site-packages/airflow/example_dags/example_task_group.py
[2024-06-16T13:00:34.151+0000] {processor.py:830} INFO - Processing file /home/airflow/.local/lib/python3.12/site-packages/airflow/example_dags/example_task_group.py for tasks to queue
[2024-06-16T13:00:34.153+0000] {logging_mixin.py:188} INFO - [2024-06-16T13:00:34.152+0000] {dagbag.py:545} INFO - Filling up the DagBag from /home/airflow/.local/lib/python3.12/site-packages/airflow/example_dags/example_task_group.py
[2024-06-16T13:00:34.160+0000] {processor.py:840} INFO - DAG(s) 'example_task_group' retrieved from /home/airflow/.local/lib/python3.12/site-packages/airflow/example_dags/example_task_group.py
[2024-06-16T13:00:34.184+0000] {logging_mixin.py:188} INFO - [2024-06-16T13:00:34.184+0000] {dag.py:3096} INFO - Sync 1 DAGs
[2024-06-16T13:00:34.208+0000] {logging_mixin.py:188} INFO - [2024-06-16T13:00:34.208+0000] {dag.py:3954} INFO - Setting next_dagrun for example_task_group to 2024-06-15 00:00:00+00:00, run_after=2024-06-16 00:00:00+00:00
[2024-06-16T13:00:34.230+0000] {processor.py:183} INFO - Processing /home/airflow/.local/lib/python3.12/site-packages/airflow/example_dags/example_task_group.py took 0.085 seconds
[2024-06-16T13:01:04.819+0000] {processor.py:161} INFO - Started process (PID=1777) to work on /home/airflow/.local/lib/python3.12/site-packages/airflow/example_dags/example_task_group.py
[2024-06-16T13:01:04.820+0000] {processor.py:830} INFO - Processing file /home/airflow/.local/lib/python3.12/site-packages/airflow/example_dags/example_task_group.py for tasks to queue
[2024-06-16T13:01:04.822+0000] {logging_mixin.py:188} INFO - [2024-06-16T13:01:04.821+0000] {dagbag.py:545} INFO - Filling up the DagBag from /home/airflow/.local/lib/python3.12/site-packages/airflow/example_dags/example_task_group.py
[2024-06-16T13:01:04.845+0000] {processor.py:840} INFO - DAG(s) 'example_task_group' retrieved from /home/airflow/.local/lib/python3.12/site-packages/airflow/example_dags/example_task_group.py
[2024-06-16T13:01:04.883+0000] {logging_mixin.py:188} INFO - [2024-06-16T13:01:04.882+0000] {dag.py:3096} INFO - Sync 1 DAGs
[2024-06-16T13:01:04.930+0000] {logging_mixin.py:188} INFO - [2024-06-16T13:01:04.930+0000] {dag.py:3954} INFO - Setting next_dagrun for example_task_group to 2024-06-15 00:00:00+00:00, run_after=2024-06-16 00:00:00+00:00
[2024-06-16T13:01:04.995+0000] {processor.py:183} INFO - Processing /home/airflow/.local/lib/python3.12/site-packages/airflow/example_dags/example_task_group.py took 0.187 seconds
[2024-06-16T13:01:35.580+0000] {processor.py:161} INFO - Started process (PID=1836) to work on /home/airflow/.local/lib/python3.12/site-packages/airflow/example_dags/example_task_group.py
[2024-06-16T13:01:35.581+0000] {processor.py:830} INFO - Processing file /home/airflow/.local/lib/python3.12/site-packages/airflow/example_dags/example_task_group.py for tasks to queue
[2024-06-16T13:01:35.582+0000] {logging_mixin.py:188} INFO - [2024-06-16T13:01:35.582+0000] {dagbag.py:545} INFO - Filling up the DagBag from /home/airflow/.local/lib/python3.12/site-packages/airflow/example_dags/example_task_group.py
[2024-06-16T13:01:35.597+0000] {processor.py:840} INFO - DAG(s) 'example_task_group' retrieved from /home/airflow/.local/lib/python3.12/site-packages/airflow/example_dags/example_task_group.py
[2024-06-16T13:01:35.647+0000] {logging_mixin.py:188} INFO - [2024-06-16T13:01:35.647+0000] {dag.py:3096} INFO - Sync 1 DAGs
[2024-06-16T13:01:35.693+0000] {logging_mixin.py:188} INFO - [2024-06-16T13:01:35.693+0000] {dag.py:3954} INFO - Setting next_dagrun for example_task_group to 2024-06-15 00:00:00+00:00, run_after=2024-06-16 00:00:00+00:00
[2024-06-16T13:01:35.734+0000] {processor.py:183} INFO - Processing /home/airflow/.local/lib/python3.12/site-packages/airflow/example_dags/example_task_group.py took 0.165 seconds
[2024-06-16T13:02:06.061+0000] {processor.py:161} INFO - Started process (PID=1895) to work on /home/airflow/.local/lib/python3.12/site-packages/airflow/example_dags/example_task_group.py
[2024-06-16T13:02:06.062+0000] {processor.py:830} INFO - Processing file /home/airflow/.local/lib/python3.12/site-packages/airflow/example_dags/example_task_group.py for tasks to queue
[2024-06-16T13:02:06.064+0000] {logging_mixin.py:188} INFO - [2024-06-16T13:02:06.063+0000] {dagbag.py:545} INFO - Filling up the DagBag from /home/airflow/.local/lib/python3.12/site-packages/airflow/example_dags/example_task_group.py
[2024-06-16T13:02:06.078+0000] {processor.py:840} INFO - DAG(s) 'example_task_group' retrieved from /home/airflow/.local/lib/python3.12/site-packages/airflow/example_dags/example_task_group.py
[2024-06-16T13:02:06.112+0000] {logging_mixin.py:188} INFO - [2024-06-16T13:02:06.111+0000] {dag.py:3096} INFO - Sync 1 DAGs
[2024-06-16T13:02:06.149+0000] {logging_mixin.py:188} INFO - [2024-06-16T13:02:06.148+0000] {dag.py:3954} INFO - Setting next_dagrun for example_task_group to 2024-06-15 00:00:00+00:00, run_after=2024-06-16 00:00:00+00:00
[2024-06-16T13:02:06.177+0000] {processor.py:183} INFO - Processing /home/airflow/.local/lib/python3.12/site-packages/airflow/example_dags/example_task_group.py took 0.127 seconds
[2024-06-16T13:02:36.374+0000] {processor.py:161} INFO - Started process (PID=1954) to work on /home/airflow/.local/lib/python3.12/site-packages/airflow/example_dags/example_task_group.py
[2024-06-16T13:02:36.375+0000] {processor.py:830} INFO - Processing file /home/airflow/.local/lib/python3.12/site-packages/airflow/example_dags/example_task_group.py for tasks to queue
[2024-06-16T13:02:36.376+0000] {logging_mixin.py:188} INFO - [2024-06-16T13:02:36.376+0000] {dagbag.py:545} INFO - Filling up the DagBag from /home/airflow/.local/lib/python3.12/site-packages/airflow/example_dags/example_task_group.py
[2024-06-16T13:02:36.386+0000] {processor.py:840} INFO - DAG(s) 'example_task_group' retrieved from /home/airflow/.local/lib/python3.12/site-packages/airflow/example_dags/example_task_group.py
[2024-06-16T13:02:36.418+0000] {logging_mixin.py:188} INFO - [2024-06-16T13:02:36.418+0000] {dag.py:3096} INFO - Sync 1 DAGs
[2024-06-16T13:02:36.454+0000] {logging_mixin.py:188} INFO - [2024-06-16T13:02:36.454+0000] {dag.py:3954} INFO - Setting next_dagrun for example_task_group to 2024-06-15 00:00:00+00:00, run_after=2024-06-16 00:00:00+00:00
[2024-06-16T13:02:36.482+0000] {processor.py:183} INFO - Processing /home/airflow/.local/lib/python3.12/site-packages/airflow/example_dags/example_task_group.py took 0.116 seconds
[2024-06-16T13:03:06.671+0000] {processor.py:161} INFO - Started process (PID=2013) to work on /home/airflow/.local/lib/python3.12/site-packages/airflow/example_dags/example_task_group.py
[2024-06-16T13:03:06.672+0000] {processor.py:830} INFO - Processing file /home/airflow/.local/lib/python3.12/site-packages/airflow/example_dags/example_task_group.py for tasks to queue
[2024-06-16T13:03:06.674+0000] {logging_mixin.py:188} INFO - [2024-06-16T13:03:06.673+0000] {dagbag.py:545} INFO - Filling up the DagBag from /home/airflow/.local/lib/python3.12/site-packages/airflow/example_dags/example_task_group.py
[2024-06-16T13:03:06.689+0000] {processor.py:840} INFO - DAG(s) 'example_task_group' retrieved from /home/airflow/.local/lib/python3.12/site-packages/airflow/example_dags/example_task_group.py
[2024-06-16T13:03:06.725+0000] {logging_mixin.py:188} INFO - [2024-06-16T13:03:06.724+0000] {dag.py:3096} INFO - Sync 1 DAGs
[2024-06-16T13:03:06.766+0000] {logging_mixin.py:188} INFO - [2024-06-16T13:03:06.765+0000] {dag.py:3954} INFO - Setting next_dagrun for example_task_group to 2024-06-15 00:00:00+00:00, run_after=2024-06-16 00:00:00+00:00
[2024-06-16T13:03:06.798+0000] {processor.py:183} INFO - Processing /home/airflow/.local/lib/python3.12/site-packages/airflow/example_dags/example_task_group.py took 0.139 seconds
[2024-06-16T13:03:37.289+0000] {processor.py:161} INFO - Started process (PID=2072) to work on /home/airflow/.local/lib/python3.12/site-packages/airflow/example_dags/example_task_group.py
[2024-06-16T13:03:37.289+0000] {processor.py:830} INFO - Processing file /home/airflow/.local/lib/python3.12/site-packages/airflow/example_dags/example_task_group.py for tasks to queue
[2024-06-16T13:03:37.290+0000] {logging_mixin.py:188} INFO - [2024-06-16T13:03:37.290+0000] {dagbag.py:545} INFO - Filling up the DagBag from /home/airflow/.local/lib/python3.12/site-packages/airflow/example_dags/example_task_group.py
[2024-06-16T13:03:37.300+0000] {processor.py:840} INFO - DAG(s) 'example_task_group' retrieved from /home/airflow/.local/lib/python3.12/site-packages/airflow/example_dags/example_task_group.py
[2024-06-16T13:03:37.332+0000] {logging_mixin.py:188} INFO - [2024-06-16T13:03:37.332+0000] {dag.py:3096} INFO - Sync 1 DAGs
[2024-06-16T13:03:37.371+0000] {logging_mixin.py:188} INFO - [2024-06-16T13:03:37.371+0000] {dag.py:3954} INFO - Setting next_dagrun for example_task_group to 2024-06-15 00:00:00+00:00, run_after=2024-06-16 00:00:00+00:00
[2024-06-16T13:03:37.399+0000] {processor.py:183} INFO - Processing /home/airflow/.local/lib/python3.12/site-packages/airflow/example_dags/example_task_group.py took 0.119 seconds
[2024-06-16T13:04:08.415+0000] {processor.py:161} INFO - Started process (PID=2134) to work on /home/airflow/.local/lib/python3.12/site-packages/airflow/example_dags/example_task_group.py
[2024-06-16T13:04:08.416+0000] {processor.py:830} INFO - Processing file /home/airflow/.local/lib/python3.12/site-packages/airflow/example_dags/example_task_group.py for tasks to queue
[2024-06-16T13:04:08.417+0000] {logging_mixin.py:188} INFO - [2024-06-16T13:04:08.417+0000] {dagbag.py:545} INFO - Filling up the DagBag from /home/airflow/.local/lib/python3.12/site-packages/airflow/example_dags/example_task_group.py
[2024-06-16T13:04:08.427+0000] {processor.py:840} INFO - DAG(s) 'example_task_group' retrieved from /home/airflow/.local/lib/python3.12/site-packages/airflow/example_dags/example_task_group.py
[2024-06-16T13:04:08.461+0000] {logging_mixin.py:188} INFO - [2024-06-16T13:04:08.460+0000] {dag.py:3096} INFO - Sync 1 DAGs
[2024-06-16T13:04:08.493+0000] {logging_mixin.py:188} INFO - [2024-06-16T13:04:08.493+0000] {dag.py:3954} INFO - Setting next_dagrun for example_task_group to 2024-06-15 00:00:00+00:00, run_after=2024-06-16 00:00:00+00:00
[2024-06-16T13:04:08.519+0000] {processor.py:183} INFO - Processing /home/airflow/.local/lib/python3.12/site-packages/airflow/example_dags/example_task_group.py took 0.111 seconds
[2024-06-16T13:04:39.199+0000] {processor.py:161} INFO - Started process (PID=2193) to work on /home/airflow/.local/lib/python3.12/site-packages/airflow/example_dags/example_task_group.py
[2024-06-16T13:04:39.200+0000] {processor.py:830} INFO - Processing file /home/airflow/.local/lib/python3.12/site-packages/airflow/example_dags/example_task_group.py for tasks to queue
[2024-06-16T13:04:39.201+0000] {logging_mixin.py:188} INFO - [2024-06-16T13:04:39.200+0000] {dagbag.py:545} INFO - Filling up the DagBag from /home/airflow/.local/lib/python3.12/site-packages/airflow/example_dags/example_task_group.py
[2024-06-16T13:04:39.211+0000] {processor.py:840} INFO - DAG(s) 'example_task_group' retrieved from /home/airflow/.local/lib/python3.12/site-packages/airflow/example_dags/example_task_group.py
[2024-06-16T13:04:39.243+0000] {logging_mixin.py:188} INFO - [2024-06-16T13:04:39.242+0000] {dag.py:3096} INFO - Sync 1 DAGs
[2024-06-16T13:04:39.280+0000] {logging_mixin.py:188} INFO - [2024-06-16T13:04:39.279+0000] {dag.py:3954} INFO - Setting next_dagrun for example_task_group to 2024-06-15 00:00:00+00:00, run_after=2024-06-16 00:00:00+00:00
[2024-06-16T13:04:39.312+0000] {processor.py:183} INFO - Processing /home/airflow/.local/lib/python3.12/site-packages/airflow/example_dags/example_task_group.py took 0.122 seconds
[2024-06-16T13:05:09.664+0000] {processor.py:161} INFO - Started process (PID=2253) to work on /home/airflow/.local/lib/python3.12/site-packages/airflow/example_dags/example_task_group.py
[2024-06-16T13:05:09.665+0000] {processor.py:830} INFO - Processing file /home/airflow/.local/lib/python3.12/site-packages/airflow/example_dags/example_task_group.py for tasks to queue
[2024-06-16T13:05:09.666+0000] {logging_mixin.py:188} INFO - [2024-06-16T13:05:09.666+0000] {dagbag.py:545} INFO - Filling up the DagBag from /home/airflow/.local/lib/python3.12/site-packages/airflow/example_dags/example_task_group.py
[2024-06-16T13:05:09.680+0000] {processor.py:840} INFO - DAG(s) 'example_task_group' retrieved from /home/airflow/.local/lib/python3.12/site-packages/airflow/example_dags/example_task_group.py
[2024-06-16T13:05:09.710+0000] {logging_mixin.py:188} INFO - [2024-06-16T13:05:09.710+0000] {dag.py:3096} INFO - Sync 1 DAGs
[2024-06-16T13:05:09.742+0000] {logging_mixin.py:188} INFO - [2024-06-16T13:05:09.741+0000] {dag.py:3954} INFO - Setting next_dagrun for example_task_group to 2024-06-15 00:00:00+00:00, run_after=2024-06-16 00:00:00+00:00
[2024-06-16T13:05:09.771+0000] {processor.py:183} INFO - Processing /home/airflow/.local/lib/python3.12/site-packages/airflow/example_dags/example_task_group.py took 0.117 seconds
[2024-06-16T13:05:41.343+0000] {processor.py:161} INFO - Started process (PID=2312) to work on /home/airflow/.local/lib/python3.12/site-packages/airflow/example_dags/example_task_group.py
[2024-06-16T13:05:41.344+0000] {processor.py:830} INFO - Processing file /home/airflow/.local/lib/python3.12/site-packages/airflow/example_dags/example_task_group.py for tasks to queue
[2024-06-16T13:05:41.346+0000] {logging_mixin.py:188} INFO - [2024-06-16T13:05:41.345+0000] {dagbag.py:545} INFO - Filling up the DagBag from /home/airflow/.local/lib/python3.12/site-packages/airflow/example_dags/example_task_group.py
[2024-06-16T13:05:41.357+0000] {processor.py:840} INFO - DAG(s) 'example_task_group' retrieved from /home/airflow/.local/lib/python3.12/site-packages/airflow/example_dags/example_task_group.py
[2024-06-16T13:05:41.395+0000] {logging_mixin.py:188} INFO - [2024-06-16T13:05:41.395+0000] {dag.py:3096} INFO - Sync 1 DAGs
[2024-06-16T13:05:41.642+0000] {logging_mixin.py:188} INFO - [2024-06-16T13:05:41.641+0000] {dag.py:3954} INFO - Setting next_dagrun for example_task_group to 2024-06-15 00:00:00+00:00, run_after=2024-06-16 00:00:00+00:00
[2024-06-16T13:05:41.675+0000] {processor.py:183} INFO - Processing /home/airflow/.local/lib/python3.12/site-packages/airflow/example_dags/example_task_group.py took 0.342 seconds
[2024-06-16T13:06:11.783+0000] {processor.py:161} INFO - Started process (PID=2371) to work on /home/airflow/.local/lib/python3.12/site-packages/airflow/example_dags/example_task_group.py
[2024-06-16T13:06:11.784+0000] {processor.py:830} INFO - Processing file /home/airflow/.local/lib/python3.12/site-packages/airflow/example_dags/example_task_group.py for tasks to queue
[2024-06-16T13:06:11.786+0000] {logging_mixin.py:188} INFO - [2024-06-16T13:06:11.785+0000] {dagbag.py:545} INFO - Filling up the DagBag from /home/airflow/.local/lib/python3.12/site-packages/airflow/example_dags/example_task_group.py
[2024-06-16T13:06:11.797+0000] {processor.py:840} INFO - DAG(s) 'example_task_group' retrieved from /home/airflow/.local/lib/python3.12/site-packages/airflow/example_dags/example_task_group.py
[2024-06-16T13:06:11.827+0000] {logging_mixin.py:188} INFO - [2024-06-16T13:06:11.826+0000] {dag.py:3096} INFO - Sync 1 DAGs
[2024-06-16T13:06:11.862+0000] {logging_mixin.py:188} INFO - [2024-06-16T13:06:11.862+0000] {dag.py:3954} INFO - Setting next_dagrun for example_task_group to 2024-06-15 00:00:00+00:00, run_after=2024-06-16 00:00:00+00:00
[2024-06-16T13:06:11.917+0000] {processor.py:183} INFO - Processing /home/airflow/.local/lib/python3.12/site-packages/airflow/example_dags/example_task_group.py took 0.141 seconds
