[2024-06-16T12:20:53.148+0000] {processor.py:161} INFO - Started process (PID=51) to work on /home/airflow/.local/lib/python3.12/site-packages/airflow/example_dags/example_branch_python_dop_operator_3.py
[2024-06-16T12:20:53.185+0000] {processor.py:830} INFO - Processing file /home/airflow/.local/lib/python3.12/site-packages/airflow/example_dags/example_branch_python_dop_operator_3.py for tasks to queue
[2024-06-16T12:20:53.226+0000] {logging_mixin.py:188} INFO - [2024-06-16T12:20:53.225+0000] {dagbag.py:545} INFO - Filling up the DagBag from /home/airflow/.local/lib/python3.12/site-packages/airflow/example_dags/example_branch_python_dop_operator_3.py
[2024-06-16T12:20:53.546+0000] {processor.py:840} INFO - DAG(s) 'example_branch_dop_operator_v3' retrieved from /home/airflow/.local/lib/python3.12/site-packages/airflow/example_dags/example_branch_python_dop_operator_3.py
[2024-06-16T12:20:54.836+0000] {logging_mixin.py:188} INFO - [2024-06-16T12:20:54.835+0000] {override.py:1829} INFO - Created Permission View: can edit on DAG:example_branch_dop_operator_v3
[2024-06-16T12:20:54.896+0000] {logging_mixin.py:188} INFO - [2024-06-16T12:20:54.895+0000] {override.py:1829} INFO - Created Permission View: can delete on DAG:example_branch_dop_operator_v3
[2024-06-16T12:20:54.939+0000] {logging_mixin.py:188} INFO - [2024-06-16T12:20:54.938+0000] {override.py:1829} INFO - Created Permission View: can read on DAG:example_branch_dop_operator_v3
[2024-06-16T12:20:54.940+0000] {logging_mixin.py:188} INFO - [2024-06-16T12:20:54.940+0000] {dag.py:3096} INFO - Sync 1 DAGs
[2024-06-16T12:20:55.044+0000] {logging_mixin.py:188} INFO - [2024-06-16T12:20:55.043+0000] {dag.py:3118} INFO - Creating ORM DAG for example_branch_dop_operator_v3
[2024-06-16T12:20:55.198+0000] {logging_mixin.py:188} INFO - [2024-06-16T12:20:55.189+0000] {dag.py:3954} INFO - Setting next_dagrun for example_branch_dop_operator_v3 to 2024-06-16 12:19:00+00:00, run_after=2024-06-16 12:20:00+00:00
[2024-06-16T12:20:55.391+0000] {processor.py:183} INFO - Processing /home/airflow/.local/lib/python3.12/site-packages/airflow/example_dags/example_branch_python_dop_operator_3.py took 2.310 seconds
[2024-06-16T12:21:28.413+0000] {processor.py:161} INFO - Started process (PID=110) to work on /home/airflow/.local/lib/python3.12/site-packages/airflow/example_dags/example_branch_python_dop_operator_3.py
[2024-06-16T12:21:28.416+0000] {processor.py:830} INFO - Processing file /home/airflow/.local/lib/python3.12/site-packages/airflow/example_dags/example_branch_python_dop_operator_3.py for tasks to queue
[2024-06-16T12:21:28.429+0000] {logging_mixin.py:188} INFO - [2024-06-16T12:21:28.428+0000] {dagbag.py:545} INFO - Filling up the DagBag from /home/airflow/.local/lib/python3.12/site-packages/airflow/example_dags/example_branch_python_dop_operator_3.py
[2024-06-16T12:21:28.494+0000] {processor.py:840} INFO - DAG(s) 'example_branch_dop_operator_v3' retrieved from /home/airflow/.local/lib/python3.12/site-packages/airflow/example_dags/example_branch_python_dop_operator_3.py
[2024-06-16T12:21:28.733+0000] {logging_mixin.py:188} INFO - [2024-06-16T12:21:28.710+0000] {dag.py:3096} INFO - Sync 1 DAGs
[2024-06-16T12:21:29.134+0000] {logging_mixin.py:188} INFO - [2024-06-16T12:21:29.133+0000] {dag.py:3954} INFO - Setting next_dagrun for example_branch_dop_operator_v3 to 2024-06-16 12:20:00+00:00, run_after=2024-06-16 12:21:00+00:00
[2024-06-16T12:21:29.331+0000] {processor.py:183} INFO - Processing /home/airflow/.local/lib/python3.12/site-packages/airflow/example_dags/example_branch_python_dop_operator_3.py took 0.950 seconds
[2024-06-16T12:21:59.530+0000] {processor.py:161} INFO - Started process (PID=168) to work on /home/airflow/.local/lib/python3.12/site-packages/airflow/example_dags/example_branch_python_dop_operator_3.py
[2024-06-16T12:21:59.535+0000] {processor.py:830} INFO - Processing file /home/airflow/.local/lib/python3.12/site-packages/airflow/example_dags/example_branch_python_dop_operator_3.py for tasks to queue
[2024-06-16T12:21:59.538+0000] {logging_mixin.py:188} INFO - [2024-06-16T12:21:59.537+0000] {dagbag.py:545} INFO - Filling up the DagBag from /home/airflow/.local/lib/python3.12/site-packages/airflow/example_dags/example_branch_python_dop_operator_3.py
[2024-06-16T12:21:59.552+0000] {processor.py:840} INFO - DAG(s) 'example_branch_dop_operator_v3' retrieved from /home/airflow/.local/lib/python3.12/site-packages/airflow/example_dags/example_branch_python_dop_operator_3.py
[2024-06-16T12:21:59.597+0000] {logging_mixin.py:188} INFO - [2024-06-16T12:21:59.597+0000] {dag.py:3096} INFO - Sync 1 DAGs
[2024-06-16T12:21:59.675+0000] {logging_mixin.py:188} INFO - [2024-06-16T12:21:59.675+0000] {dag.py:3954} INFO - Setting next_dagrun for example_branch_dop_operator_v3 to 2024-06-16 12:20:00+00:00, run_after=2024-06-16 12:21:00+00:00
[2024-06-16T12:21:59.745+0000] {processor.py:183} INFO - Processing /home/airflow/.local/lib/python3.12/site-packages/airflow/example_dags/example_branch_python_dop_operator_3.py took 0.226 seconds
[2024-06-16T12:22:30.712+0000] {processor.py:161} INFO - Started process (PID=225) to work on /home/airflow/.local/lib/python3.12/site-packages/airflow/example_dags/example_branch_python_dop_operator_3.py
[2024-06-16T12:22:30.714+0000] {processor.py:830} INFO - Processing file /home/airflow/.local/lib/python3.12/site-packages/airflow/example_dags/example_branch_python_dop_operator_3.py for tasks to queue
[2024-06-16T12:22:30.717+0000] {logging_mixin.py:188} INFO - [2024-06-16T12:22:30.716+0000] {dagbag.py:545} INFO - Filling up the DagBag from /home/airflow/.local/lib/python3.12/site-packages/airflow/example_dags/example_branch_python_dop_operator_3.py
[2024-06-16T12:22:30.734+0000] {processor.py:840} INFO - DAG(s) 'example_branch_dop_operator_v3' retrieved from /home/airflow/.local/lib/python3.12/site-packages/airflow/example_dags/example_branch_python_dop_operator_3.py
[2024-06-16T12:22:30.788+0000] {logging_mixin.py:188} INFO - [2024-06-16T12:22:30.788+0000] {dag.py:3096} INFO - Sync 1 DAGs
[2024-06-16T12:22:30.882+0000] {logging_mixin.py:188} INFO - [2024-06-16T12:22:30.881+0000] {dag.py:3954} INFO - Setting next_dagrun for example_branch_dop_operator_v3 to 2024-06-16 12:21:00+00:00, run_after=2024-06-16 12:22:00+00:00
[2024-06-16T12:22:30.970+0000] {processor.py:183} INFO - Processing /home/airflow/.local/lib/python3.12/site-packages/airflow/example_dags/example_branch_python_dop_operator_3.py took 0.269 seconds
[2024-06-16T12:23:01.631+0000] {processor.py:161} INFO - Started process (PID=284) to work on /home/airflow/.local/lib/python3.12/site-packages/airflow/example_dags/example_branch_python_dop_operator_3.py
[2024-06-16T12:23:01.634+0000] {processor.py:830} INFO - Processing file /home/airflow/.local/lib/python3.12/site-packages/airflow/example_dags/example_branch_python_dop_operator_3.py for tasks to queue
[2024-06-16T12:23:01.640+0000] {logging_mixin.py:188} INFO - [2024-06-16T12:23:01.638+0000] {dagbag.py:545} INFO - Filling up the DagBag from /home/airflow/.local/lib/python3.12/site-packages/airflow/example_dags/example_branch_python_dop_operator_3.py
[2024-06-16T12:23:01.659+0000] {processor.py:840} INFO - DAG(s) 'example_branch_dop_operator_v3' retrieved from /home/airflow/.local/lib/python3.12/site-packages/airflow/example_dags/example_branch_python_dop_operator_3.py
[2024-06-16T12:23:01.746+0000] {logging_mixin.py:188} INFO - [2024-06-16T12:23:01.745+0000] {dag.py:3096} INFO - Sync 1 DAGs
[2024-06-16T12:23:01.939+0000] {logging_mixin.py:188} INFO - [2024-06-16T12:23:01.937+0000] {dag.py:3954} INFO - Setting next_dagrun for example_branch_dop_operator_v3 to 2024-06-16 12:22:00+00:00, run_after=2024-06-16 12:23:00+00:00
[2024-06-16T12:23:01.999+0000] {processor.py:183} INFO - Processing /home/airflow/.local/lib/python3.12/site-packages/airflow/example_dags/example_branch_python_dop_operator_3.py took 0.409 seconds
[2024-06-16T12:23:33.164+0000] {processor.py:161} INFO - Started process (PID=343) to work on /home/airflow/.local/lib/python3.12/site-packages/airflow/example_dags/example_branch_python_dop_operator_3.py
[2024-06-16T12:23:33.175+0000] {processor.py:830} INFO - Processing file /home/airflow/.local/lib/python3.12/site-packages/airflow/example_dags/example_branch_python_dop_operator_3.py for tasks to queue
[2024-06-16T12:23:33.178+0000] {logging_mixin.py:188} INFO - [2024-06-16T12:23:33.177+0000] {dagbag.py:545} INFO - Filling up the DagBag from /home/airflow/.local/lib/python3.12/site-packages/airflow/example_dags/example_branch_python_dop_operator_3.py
[2024-06-16T12:23:33.198+0000] {processor.py:840} INFO - DAG(s) 'example_branch_dop_operator_v3' retrieved from /home/airflow/.local/lib/python3.12/site-packages/airflow/example_dags/example_branch_python_dop_operator_3.py
[2024-06-16T12:23:33.288+0000] {logging_mixin.py:188} INFO - [2024-06-16T12:23:33.288+0000] {dag.py:3096} INFO - Sync 1 DAGs
[2024-06-16T12:23:33.452+0000] {logging_mixin.py:188} INFO - [2024-06-16T12:23:33.451+0000] {dag.py:3954} INFO - Setting next_dagrun for example_branch_dop_operator_v3 to 2024-06-16 12:22:00+00:00, run_after=2024-06-16 12:23:00+00:00
[2024-06-16T12:23:33.756+0000] {processor.py:183} INFO - Processing /home/airflow/.local/lib/python3.12/site-packages/airflow/example_dags/example_branch_python_dop_operator_3.py took 0.617 seconds
[2024-06-16T12:24:04.247+0000] {processor.py:161} INFO - Started process (PID=401) to work on /home/airflow/.local/lib/python3.12/site-packages/airflow/example_dags/example_branch_python_dop_operator_3.py
[2024-06-16T12:24:04.248+0000] {processor.py:830} INFO - Processing file /home/airflow/.local/lib/python3.12/site-packages/airflow/example_dags/example_branch_python_dop_operator_3.py for tasks to queue
[2024-06-16T12:24:04.250+0000] {logging_mixin.py:188} INFO - [2024-06-16T12:24:04.250+0000] {dagbag.py:545} INFO - Filling up the DagBag from /home/airflow/.local/lib/python3.12/site-packages/airflow/example_dags/example_branch_python_dop_operator_3.py
[2024-06-16T12:24:04.265+0000] {processor.py:840} INFO - DAG(s) 'example_branch_dop_operator_v3' retrieved from /home/airflow/.local/lib/python3.12/site-packages/airflow/example_dags/example_branch_python_dop_operator_3.py
[2024-06-16T12:24:04.292+0000] {logging_mixin.py:188} INFO - [2024-06-16T12:24:04.291+0000] {dag.py:3096} INFO - Sync 1 DAGs
[2024-06-16T12:24:04.339+0000] {logging_mixin.py:188} INFO - [2024-06-16T12:24:04.338+0000] {dag.py:3954} INFO - Setting next_dagrun for example_branch_dop_operator_v3 to 2024-06-16 12:23:00+00:00, run_after=2024-06-16 12:24:00+00:00
[2024-06-16T12:24:04.377+0000] {processor.py:183} INFO - Processing /home/airflow/.local/lib/python3.12/site-packages/airflow/example_dags/example_branch_python_dop_operator_3.py took 0.141 seconds
[2024-06-16T12:24:34.554+0000] {processor.py:161} INFO - Started process (PID=460) to work on /home/airflow/.local/lib/python3.12/site-packages/airflow/example_dags/example_branch_python_dop_operator_3.py
[2024-06-16T12:24:34.556+0000] {processor.py:830} INFO - Processing file /home/airflow/.local/lib/python3.12/site-packages/airflow/example_dags/example_branch_python_dop_operator_3.py for tasks to queue
[2024-06-16T12:24:34.562+0000] {logging_mixin.py:188} INFO - [2024-06-16T12:24:34.559+0000] {dagbag.py:545} INFO - Filling up the DagBag from /home/airflow/.local/lib/python3.12/site-packages/airflow/example_dags/example_branch_python_dop_operator_3.py
[2024-06-16T12:24:34.581+0000] {processor.py:840} INFO - DAG(s) 'example_branch_dop_operator_v3' retrieved from /home/airflow/.local/lib/python3.12/site-packages/airflow/example_dags/example_branch_python_dop_operator_3.py
[2024-06-16T12:24:34.642+0000] {logging_mixin.py:188} INFO - [2024-06-16T12:24:34.641+0000] {dag.py:3096} INFO - Sync 1 DAGs
[2024-06-16T12:24:34.722+0000] {logging_mixin.py:188} INFO - [2024-06-16T12:24:34.722+0000] {dag.py:3954} INFO - Setting next_dagrun for example_branch_dop_operator_v3 to 2024-06-16 12:23:00+00:00, run_after=2024-06-16 12:24:00+00:00
[2024-06-16T12:24:34.775+0000] {processor.py:183} INFO - Processing /home/airflow/.local/lib/python3.12/site-packages/airflow/example_dags/example_branch_python_dop_operator_3.py took 0.241 seconds
[2024-06-16T12:44:58.902+0000] {processor.py:161} INFO - Started process (PID=55) to work on /home/airflow/.local/lib/python3.12/site-packages/airflow/example_dags/example_branch_python_dop_operator_3.py
[2024-06-16T12:44:58.904+0000] {processor.py:830} INFO - Processing file /home/airflow/.local/lib/python3.12/site-packages/airflow/example_dags/example_branch_python_dop_operator_3.py for tasks to queue
[2024-06-16T12:44:58.908+0000] {logging_mixin.py:188} INFO - [2024-06-16T12:44:58.908+0000] {dagbag.py:545} INFO - Filling up the DagBag from /home/airflow/.local/lib/python3.12/site-packages/airflow/example_dags/example_branch_python_dop_operator_3.py
[2024-06-16T12:44:58.957+0000] {processor.py:840} INFO - DAG(s) 'example_branch_dop_operator_v3' retrieved from /home/airflow/.local/lib/python3.12/site-packages/airflow/example_dags/example_branch_python_dop_operator_3.py
[2024-06-16T12:44:59.406+0000] {logging_mixin.py:188} INFO - [2024-06-16T12:44:59.405+0000] {override.py:1829} INFO - Created Permission View: can read on DAG:example_branch_dop_operator_v3
[2024-06-16T12:44:59.452+0000] {logging_mixin.py:188} INFO - [2024-06-16T12:44:59.452+0000] {override.py:1829} INFO - Created Permission View: can delete on DAG:example_branch_dop_operator_v3
[2024-06-16T12:44:59.488+0000] {logging_mixin.py:188} INFO - [2024-06-16T12:44:59.487+0000] {override.py:1829} INFO - Created Permission View: can edit on DAG:example_branch_dop_operator_v3
[2024-06-16T12:44:59.489+0000] {logging_mixin.py:188} INFO - [2024-06-16T12:44:59.489+0000] {dag.py:3096} INFO - Sync 1 DAGs
[2024-06-16T12:44:59.545+0000] {logging_mixin.py:188} INFO - [2024-06-16T12:44:59.542+0000] {dag.py:3118} INFO - Creating ORM DAG for example_branch_dop_operator_v3
[2024-06-16T12:44:59.595+0000] {logging_mixin.py:188} INFO - [2024-06-16T12:44:59.595+0000] {dag.py:3954} INFO - Setting next_dagrun for example_branch_dop_operator_v3 to 2024-06-16 12:43:00+00:00, run_after=2024-06-16 12:44:00+00:00
[2024-06-16T12:44:59.660+0000] {processor.py:183} INFO - Processing /home/airflow/.local/lib/python3.12/site-packages/airflow/example_dags/example_branch_python_dop_operator_3.py took 0.776 seconds
[2024-06-16T12:45:29.754+0000] {processor.py:161} INFO - Started process (PID=114) to work on /home/airflow/.local/lib/python3.12/site-packages/airflow/example_dags/example_branch_python_dop_operator_3.py
[2024-06-16T12:45:29.755+0000] {processor.py:830} INFO - Processing file /home/airflow/.local/lib/python3.12/site-packages/airflow/example_dags/example_branch_python_dop_operator_3.py for tasks to queue
[2024-06-16T12:45:29.758+0000] {logging_mixin.py:188} INFO - [2024-06-16T12:45:29.757+0000] {dagbag.py:545} INFO - Filling up the DagBag from /home/airflow/.local/lib/python3.12/site-packages/airflow/example_dags/example_branch_python_dop_operator_3.py
[2024-06-16T12:45:29.773+0000] {processor.py:840} INFO - DAG(s) 'example_branch_dop_operator_v3' retrieved from /home/airflow/.local/lib/python3.12/site-packages/airflow/example_dags/example_branch_python_dop_operator_3.py
[2024-06-16T12:45:29.800+0000] {logging_mixin.py:188} INFO - [2024-06-16T12:45:29.799+0000] {dag.py:3096} INFO - Sync 1 DAGs
[2024-06-16T12:45:29.841+0000] {logging_mixin.py:188} INFO - [2024-06-16T12:45:29.840+0000] {dag.py:3954} INFO - Setting next_dagrun for example_branch_dop_operator_v3 to 2024-06-16 12:44:00+00:00, run_after=2024-06-16 12:45:00+00:00
[2024-06-16T12:45:29.867+0000] {processor.py:183} INFO - Processing /home/airflow/.local/lib/python3.12/site-packages/airflow/example_dags/example_branch_python_dop_operator_3.py took 0.123 seconds
[2024-06-16T12:46:00.226+0000] {processor.py:161} INFO - Started process (PID=173) to work on /home/airflow/.local/lib/python3.12/site-packages/airflow/example_dags/example_branch_python_dop_operator_3.py
[2024-06-16T12:46:00.228+0000] {processor.py:830} INFO - Processing file /home/airflow/.local/lib/python3.12/site-packages/airflow/example_dags/example_branch_python_dop_operator_3.py for tasks to queue
[2024-06-16T12:46:00.233+0000] {logging_mixin.py:188} INFO - [2024-06-16T12:46:00.231+0000] {dagbag.py:545} INFO - Filling up the DagBag from /home/airflow/.local/lib/python3.12/site-packages/airflow/example_dags/example_branch_python_dop_operator_3.py
[2024-06-16T12:46:00.253+0000] {processor.py:840} INFO - DAG(s) 'example_branch_dop_operator_v3' retrieved from /home/airflow/.local/lib/python3.12/site-packages/airflow/example_dags/example_branch_python_dop_operator_3.py
[2024-06-16T12:46:00.303+0000] {logging_mixin.py:188} INFO - [2024-06-16T12:46:00.302+0000] {dag.py:3096} INFO - Sync 1 DAGs
[2024-06-16T12:46:00.368+0000] {logging_mixin.py:188} INFO - [2024-06-16T12:46:00.367+0000] {dag.py:3954} INFO - Setting next_dagrun for example_branch_dop_operator_v3 to 2024-06-16 12:45:00+00:00, run_after=2024-06-16 12:46:00+00:00
[2024-06-16T12:46:00.400+0000] {processor.py:183} INFO - Processing /home/airflow/.local/lib/python3.12/site-packages/airflow/example_dags/example_branch_python_dop_operator_3.py took 0.186 seconds
[2024-06-16T12:46:31.539+0000] {processor.py:161} INFO - Started process (PID=232) to work on /home/airflow/.local/lib/python3.12/site-packages/airflow/example_dags/example_branch_python_dop_operator_3.py
[2024-06-16T12:46:31.540+0000] {processor.py:830} INFO - Processing file /home/airflow/.local/lib/python3.12/site-packages/airflow/example_dags/example_branch_python_dop_operator_3.py for tasks to queue
[2024-06-16T12:46:31.543+0000] {logging_mixin.py:188} INFO - [2024-06-16T12:46:31.543+0000] {dagbag.py:545} INFO - Filling up the DagBag from /home/airflow/.local/lib/python3.12/site-packages/airflow/example_dags/example_branch_python_dop_operator_3.py
[2024-06-16T12:46:31.566+0000] {processor.py:840} INFO - DAG(s) 'example_branch_dop_operator_v3' retrieved from /home/airflow/.local/lib/python3.12/site-packages/airflow/example_dags/example_branch_python_dop_operator_3.py
[2024-06-16T12:46:31.639+0000] {logging_mixin.py:188} INFO - [2024-06-16T12:46:31.639+0000] {dag.py:3096} INFO - Sync 1 DAGs
[2024-06-16T12:46:31.770+0000] {logging_mixin.py:188} INFO - [2024-06-16T12:46:31.769+0000] {dag.py:3954} INFO - Setting next_dagrun for example_branch_dop_operator_v3 to 2024-06-16 12:45:00+00:00, run_after=2024-06-16 12:46:00+00:00
[2024-06-16T12:46:31.848+0000] {processor.py:183} INFO - Processing /home/airflow/.local/lib/python3.12/site-packages/airflow/example_dags/example_branch_python_dop_operator_3.py took 0.320 seconds
[2024-06-16T12:47:29.639+0000] {processor.py:161} INFO - Started process (PID=291) to work on /home/airflow/.local/lib/python3.12/site-packages/airflow/example_dags/example_branch_python_dop_operator_3.py
[2024-06-16T12:47:29.640+0000] {processor.py:830} INFO - Processing file /home/airflow/.local/lib/python3.12/site-packages/airflow/example_dags/example_branch_python_dop_operator_3.py for tasks to queue
[2024-06-16T12:47:29.643+0000] {logging_mixin.py:188} INFO - [2024-06-16T12:47:29.643+0000] {dagbag.py:545} INFO - Filling up the DagBag from /home/airflow/.local/lib/python3.12/site-packages/airflow/example_dags/example_branch_python_dop_operator_3.py
[2024-06-16T12:47:29.666+0000] {processor.py:840} INFO - DAG(s) 'example_branch_dop_operator_v3' retrieved from /home/airflow/.local/lib/python3.12/site-packages/airflow/example_dags/example_branch_python_dop_operator_3.py
[2024-06-16T12:47:29.711+0000] {logging_mixin.py:188} INFO - [2024-06-16T12:47:29.710+0000] {dag.py:3096} INFO - Sync 1 DAGs
[2024-06-16T12:47:29.772+0000] {logging_mixin.py:188} INFO - [2024-06-16T12:47:29.772+0000] {dag.py:3954} INFO - Setting next_dagrun for example_branch_dop_operator_v3 to 2024-06-16 12:46:00+00:00, run_after=2024-06-16 12:47:00+00:00
[2024-06-16T12:47:29.811+0000] {processor.py:183} INFO - Processing /home/airflow/.local/lib/python3.12/site-packages/airflow/example_dags/example_branch_python_dop_operator_3.py took 0.185 seconds
[2024-06-16T12:48:00.682+0000] {processor.py:161} INFO - Started process (PID=350) to work on /home/airflow/.local/lib/python3.12/site-packages/airflow/example_dags/example_branch_python_dop_operator_3.py
[2024-06-16T12:48:00.684+0000] {processor.py:830} INFO - Processing file /home/airflow/.local/lib/python3.12/site-packages/airflow/example_dags/example_branch_python_dop_operator_3.py for tasks to queue
[2024-06-16T12:48:00.686+0000] {logging_mixin.py:188} INFO - [2024-06-16T12:48:00.686+0000] {dagbag.py:545} INFO - Filling up the DagBag from /home/airflow/.local/lib/python3.12/site-packages/airflow/example_dags/example_branch_python_dop_operator_3.py
[2024-06-16T12:48:00.701+0000] {processor.py:840} INFO - DAG(s) 'example_branch_dop_operator_v3' retrieved from /home/airflow/.local/lib/python3.12/site-packages/airflow/example_dags/example_branch_python_dop_operator_3.py
[2024-06-16T12:48:00.736+0000] {logging_mixin.py:188} INFO - [2024-06-16T12:48:00.736+0000] {dag.py:3096} INFO - Sync 1 DAGs
[2024-06-16T12:48:00.789+0000] {logging_mixin.py:188} INFO - [2024-06-16T12:48:00.788+0000] {dag.py:3954} INFO - Setting next_dagrun for example_branch_dop_operator_v3 to 2024-06-16 12:47:00+00:00, run_after=2024-06-16 12:48:00+00:00
[2024-06-16T12:48:00.822+0000] {processor.py:183} INFO - Processing /home/airflow/.local/lib/python3.12/site-packages/airflow/example_dags/example_branch_python_dop_operator_3.py took 0.150 seconds
[2024-06-16T12:48:35.190+0000] {processor.py:161} INFO - Started process (PID=409) to work on /home/airflow/.local/lib/python3.12/site-packages/airflow/example_dags/example_branch_python_dop_operator_3.py
[2024-06-16T12:48:35.193+0000] {processor.py:830} INFO - Processing file /home/airflow/.local/lib/python3.12/site-packages/airflow/example_dags/example_branch_python_dop_operator_3.py for tasks to queue
[2024-06-16T12:48:35.196+0000] {logging_mixin.py:188} INFO - [2024-06-16T12:48:35.195+0000] {dagbag.py:545} INFO - Filling up the DagBag from /home/airflow/.local/lib/python3.12/site-packages/airflow/example_dags/example_branch_python_dop_operator_3.py
[2024-06-16T12:48:35.258+0000] {processor.py:840} INFO - DAG(s) 'example_branch_dop_operator_v3' retrieved from /home/airflow/.local/lib/python3.12/site-packages/airflow/example_dags/example_branch_python_dop_operator_3.py
[2024-06-16T12:48:35.335+0000] {logging_mixin.py:188} INFO - [2024-06-16T12:48:35.333+0000] {dag.py:3096} INFO - Sync 1 DAGs
[2024-06-16T12:48:35.461+0000] {logging_mixin.py:188} INFO - [2024-06-16T12:48:35.461+0000] {dag.py:3954} INFO - Setting next_dagrun for example_branch_dop_operator_v3 to 2024-06-16 12:47:00+00:00, run_after=2024-06-16 12:48:00+00:00
[2024-06-16T12:48:35.609+0000] {processor.py:183} INFO - Processing /home/airflow/.local/lib/python3.12/site-packages/airflow/example_dags/example_branch_python_dop_operator_3.py took 0.443 seconds
[2024-06-16T12:49:12.741+0000] {processor.py:161} INFO - Started process (PID=468) to work on /home/airflow/.local/lib/python3.12/site-packages/airflow/example_dags/example_branch_python_dop_operator_3.py
[2024-06-16T12:49:12.744+0000] {processor.py:830} INFO - Processing file /home/airflow/.local/lib/python3.12/site-packages/airflow/example_dags/example_branch_python_dop_operator_3.py for tasks to queue
[2024-06-16T12:49:12.747+0000] {logging_mixin.py:188} INFO - [2024-06-16T12:49:12.747+0000] {dagbag.py:545} INFO - Filling up the DagBag from /home/airflow/.local/lib/python3.12/site-packages/airflow/example_dags/example_branch_python_dop_operator_3.py
[2024-06-16T12:49:12.767+0000] {processor.py:840} INFO - DAG(s) 'example_branch_dop_operator_v3' retrieved from /home/airflow/.local/lib/python3.12/site-packages/airflow/example_dags/example_branch_python_dop_operator_3.py
[2024-06-16T12:49:12.810+0000] {logging_mixin.py:188} INFO - [2024-06-16T12:49:12.810+0000] {dag.py:3096} INFO - Sync 1 DAGs
[2024-06-16T12:49:12.876+0000] {logging_mixin.py:188} INFO - [2024-06-16T12:49:12.875+0000] {dag.py:3954} INFO - Setting next_dagrun for example_branch_dop_operator_v3 to 2024-06-16 12:48:00+00:00, run_after=2024-06-16 12:49:00+00:00
[2024-06-16T12:49:12.911+0000] {processor.py:183} INFO - Processing /home/airflow/.local/lib/python3.12/site-packages/airflow/example_dags/example_branch_python_dop_operator_3.py took 0.182 seconds
[2024-06-16T12:49:51.471+0000] {processor.py:161} INFO - Started process (PID=513) to work on /home/airflow/.local/lib/python3.12/site-packages/airflow/example_dags/example_branch_python_dop_operator_3.py
[2024-06-16T12:49:51.556+0000] {processor.py:830} INFO - Processing file /home/airflow/.local/lib/python3.12/site-packages/airflow/example_dags/example_branch_python_dop_operator_3.py for tasks to queue
[2024-06-16T12:49:51.609+0000] {logging_mixin.py:188} INFO - [2024-06-16T12:49:51.597+0000] {dagbag.py:545} INFO - Filling up the DagBag from /home/airflow/.local/lib/python3.12/site-packages/airflow/example_dags/example_branch_python_dop_operator_3.py
[2024-06-16T12:49:51.901+0000] {processor.py:840} INFO - DAG(s) 'example_branch_dop_operator_v3' retrieved from /home/airflow/.local/lib/python3.12/site-packages/airflow/example_dags/example_branch_python_dop_operator_3.py
[2024-06-16T12:49:52.253+0000] {logging_mixin.py:188} INFO - [2024-06-16T12:49:52.211+0000] {dag.py:3096} INFO - Sync 1 DAGs
[2024-06-16T12:49:53.009+0000] {logging_mixin.py:188} INFO - [2024-06-16T12:49:52.913+0000] {dag.py:3954} INFO - Setting next_dagrun for example_branch_dop_operator_v3 to 2024-06-16 12:48:00+00:00, run_after=2024-06-16 12:49:00+00:00
[2024-06-16T12:49:53.825+0000] {processor.py:183} INFO - Processing /home/airflow/.local/lib/python3.12/site-packages/airflow/example_dags/example_branch_python_dop_operator_3.py took 2.694 seconds
[2024-06-16T12:50:50.526+0000] {processor.py:161} INFO - Started process (PID=572) to work on /home/airflow/.local/lib/python3.12/site-packages/airflow/example_dags/example_branch_python_dop_operator_3.py
[2024-06-16T12:50:50.534+0000] {processor.py:830} INFO - Processing file /home/airflow/.local/lib/python3.12/site-packages/airflow/example_dags/example_branch_python_dop_operator_3.py for tasks to queue
[2024-06-16T12:50:50.541+0000] {logging_mixin.py:188} INFO - [2024-06-16T12:50:50.540+0000] {dagbag.py:545} INFO - Filling up the DagBag from /home/airflow/.local/lib/python3.12/site-packages/airflow/example_dags/example_branch_python_dop_operator_3.py
[2024-06-16T12:50:50.573+0000] {processor.py:840} INFO - DAG(s) 'example_branch_dop_operator_v3' retrieved from /home/airflow/.local/lib/python3.12/site-packages/airflow/example_dags/example_branch_python_dop_operator_3.py
[2024-06-16T12:50:50.608+0000] {logging_mixin.py:188} INFO - [2024-06-16T12:50:50.608+0000] {dag.py:3096} INFO - Sync 1 DAGs
[2024-06-16T12:50:50.661+0000] {logging_mixin.py:188} INFO - [2024-06-16T12:50:50.661+0000] {dag.py:3954} INFO - Setting next_dagrun for example_branch_dop_operator_v3 to 2024-06-16 12:49:00+00:00, run_after=2024-06-16 12:50:00+00:00
[2024-06-16T12:50:50.715+0000] {processor.py:183} INFO - Processing /home/airflow/.local/lib/python3.12/site-packages/airflow/example_dags/example_branch_python_dop_operator_3.py took 0.200 seconds
[2024-06-16T12:51:21.915+0000] {processor.py:161} INFO - Started process (PID=631) to work on /home/airflow/.local/lib/python3.12/site-packages/airflow/example_dags/example_branch_python_dop_operator_3.py
[2024-06-16T12:51:21.917+0000] {processor.py:830} INFO - Processing file /home/airflow/.local/lib/python3.12/site-packages/airflow/example_dags/example_branch_python_dop_operator_3.py for tasks to queue
[2024-06-16T12:51:21.921+0000] {logging_mixin.py:188} INFO - [2024-06-16T12:51:21.920+0000] {dagbag.py:545} INFO - Filling up the DagBag from /home/airflow/.local/lib/python3.12/site-packages/airflow/example_dags/example_branch_python_dop_operator_3.py
[2024-06-16T12:51:21.953+0000] {processor.py:840} INFO - DAG(s) 'example_branch_dop_operator_v3' retrieved from /home/airflow/.local/lib/python3.12/site-packages/airflow/example_dags/example_branch_python_dop_operator_3.py
[2024-06-16T12:51:22.032+0000] {logging_mixin.py:188} INFO - [2024-06-16T12:51:22.032+0000] {dag.py:3096} INFO - Sync 1 DAGs
[2024-06-16T12:51:22.160+0000] {logging_mixin.py:188} INFO - [2024-06-16T12:51:22.159+0000] {dag.py:3954} INFO - Setting next_dagrun for example_branch_dop_operator_v3 to 2024-06-16 12:50:00+00:00, run_after=2024-06-16 12:51:00+00:00
[2024-06-16T12:51:22.284+0000] {processor.py:183} INFO - Processing /home/airflow/.local/lib/python3.12/site-packages/airflow/example_dags/example_branch_python_dop_operator_3.py took 0.391 seconds
[2024-06-16T12:51:52.432+0000] {processor.py:161} INFO - Started process (PID=690) to work on /home/airflow/.local/lib/python3.12/site-packages/airflow/example_dags/example_branch_python_dop_operator_3.py
[2024-06-16T12:51:52.433+0000] {processor.py:830} INFO - Processing file /home/airflow/.local/lib/python3.12/site-packages/airflow/example_dags/example_branch_python_dop_operator_3.py for tasks to queue
[2024-06-16T12:51:52.436+0000] {logging_mixin.py:188} INFO - [2024-06-16T12:51:52.436+0000] {dagbag.py:545} INFO - Filling up the DagBag from /home/airflow/.local/lib/python3.12/site-packages/airflow/example_dags/example_branch_python_dop_operator_3.py
[2024-06-16T12:51:52.452+0000] {processor.py:840} INFO - DAG(s) 'example_branch_dop_operator_v3' retrieved from /home/airflow/.local/lib/python3.12/site-packages/airflow/example_dags/example_branch_python_dop_operator_3.py
[2024-06-16T12:51:52.487+0000] {logging_mixin.py:188} INFO - [2024-06-16T12:51:52.486+0000] {dag.py:3096} INFO - Sync 1 DAGs
[2024-06-16T12:51:52.527+0000] {logging_mixin.py:188} INFO - [2024-06-16T12:51:52.526+0000] {dag.py:3954} INFO - Setting next_dagrun for example_branch_dop_operator_v3 to 2024-06-16 12:50:00+00:00, run_after=2024-06-16 12:51:00+00:00
[2024-06-16T12:51:52.559+0000] {processor.py:183} INFO - Processing /home/airflow/.local/lib/python3.12/site-packages/airflow/example_dags/example_branch_python_dop_operator_3.py took 0.137 seconds
[2024-06-16T12:52:22.909+0000] {processor.py:161} INFO - Started process (PID=749) to work on /home/airflow/.local/lib/python3.12/site-packages/airflow/example_dags/example_branch_python_dop_operator_3.py
[2024-06-16T12:52:22.910+0000] {processor.py:830} INFO - Processing file /home/airflow/.local/lib/python3.12/site-packages/airflow/example_dags/example_branch_python_dop_operator_3.py for tasks to queue
[2024-06-16T12:52:22.911+0000] {logging_mixin.py:188} INFO - [2024-06-16T12:52:22.911+0000] {dagbag.py:545} INFO - Filling up the DagBag from /home/airflow/.local/lib/python3.12/site-packages/airflow/example_dags/example_branch_python_dop_operator_3.py
[2024-06-16T12:52:22.922+0000] {processor.py:840} INFO - DAG(s) 'example_branch_dop_operator_v3' retrieved from /home/airflow/.local/lib/python3.12/site-packages/airflow/example_dags/example_branch_python_dop_operator_3.py
[2024-06-16T12:52:22.952+0000] {logging_mixin.py:188} INFO - [2024-06-16T12:52:22.951+0000] {dag.py:3096} INFO - Sync 1 DAGs
[2024-06-16T12:52:22.999+0000] {logging_mixin.py:188} INFO - [2024-06-16T12:52:22.999+0000] {dag.py:3954} INFO - Setting next_dagrun for example_branch_dop_operator_v3 to 2024-06-16 12:51:00+00:00, run_after=2024-06-16 12:52:00+00:00
[2024-06-16T12:52:23.033+0000] {processor.py:183} INFO - Processing /home/airflow/.local/lib/python3.12/site-packages/airflow/example_dags/example_branch_python_dop_operator_3.py took 0.132 seconds
[2024-06-16T12:52:53.130+0000] {processor.py:161} INFO - Started process (PID=808) to work on /home/airflow/.local/lib/python3.12/site-packages/airflow/example_dags/example_branch_python_dop_operator_3.py
[2024-06-16T12:52:53.131+0000] {processor.py:830} INFO - Processing file /home/airflow/.local/lib/python3.12/site-packages/airflow/example_dags/example_branch_python_dop_operator_3.py for tasks to queue
[2024-06-16T12:52:53.133+0000] {logging_mixin.py:188} INFO - [2024-06-16T12:52:53.133+0000] {dagbag.py:545} INFO - Filling up the DagBag from /home/airflow/.local/lib/python3.12/site-packages/airflow/example_dags/example_branch_python_dop_operator_3.py
[2024-06-16T12:52:53.145+0000] {processor.py:840} INFO - DAG(s) 'example_branch_dop_operator_v3' retrieved from /home/airflow/.local/lib/python3.12/site-packages/airflow/example_dags/example_branch_python_dop_operator_3.py
[2024-06-16T12:52:53.172+0000] {logging_mixin.py:188} INFO - [2024-06-16T12:52:53.172+0000] {dag.py:3096} INFO - Sync 1 DAGs
[2024-06-16T12:52:53.209+0000] {logging_mixin.py:188} INFO - [2024-06-16T12:52:53.209+0000] {dag.py:3954} INFO - Setting next_dagrun for example_branch_dop_operator_v3 to 2024-06-16 12:51:00+00:00, run_after=2024-06-16 12:52:00+00:00
[2024-06-16T12:52:53.234+0000] {processor.py:183} INFO - Processing /home/airflow/.local/lib/python3.12/site-packages/airflow/example_dags/example_branch_python_dop_operator_3.py took 0.109 seconds
[2024-06-16T12:53:23.884+0000] {processor.py:161} INFO - Started process (PID=867) to work on /home/airflow/.local/lib/python3.12/site-packages/airflow/example_dags/example_branch_python_dop_operator_3.py
[2024-06-16T12:53:23.885+0000] {processor.py:830} INFO - Processing file /home/airflow/.local/lib/python3.12/site-packages/airflow/example_dags/example_branch_python_dop_operator_3.py for tasks to queue
[2024-06-16T12:53:23.886+0000] {logging_mixin.py:188} INFO - [2024-06-16T12:53:23.885+0000] {dagbag.py:545} INFO - Filling up the DagBag from /home/airflow/.local/lib/python3.12/site-packages/airflow/example_dags/example_branch_python_dop_operator_3.py
[2024-06-16T12:53:23.901+0000] {processor.py:840} INFO - DAG(s) 'example_branch_dop_operator_v3' retrieved from /home/airflow/.local/lib/python3.12/site-packages/airflow/example_dags/example_branch_python_dop_operator_3.py
[2024-06-16T12:53:23.946+0000] {logging_mixin.py:188} INFO - [2024-06-16T12:53:23.946+0000] {dag.py:3096} INFO - Sync 1 DAGs
[2024-06-16T12:53:24.015+0000] {logging_mixin.py:188} INFO - [2024-06-16T12:53:24.015+0000] {dag.py:3954} INFO - Setting next_dagrun for example_branch_dop_operator_v3 to 2024-06-16 12:52:00+00:00, run_after=2024-06-16 12:53:00+00:00
[2024-06-16T12:53:24.072+0000] {processor.py:183} INFO - Processing /home/airflow/.local/lib/python3.12/site-packages/airflow/example_dags/example_branch_python_dop_operator_3.py took 0.198 seconds
[2024-06-16T12:53:55.032+0000] {processor.py:161} INFO - Started process (PID=926) to work on /home/airflow/.local/lib/python3.12/site-packages/airflow/example_dags/example_branch_python_dop_operator_3.py
[2024-06-16T12:53:55.034+0000] {processor.py:830} INFO - Processing file /home/airflow/.local/lib/python3.12/site-packages/airflow/example_dags/example_branch_python_dop_operator_3.py for tasks to queue
[2024-06-16T12:53:55.035+0000] {logging_mixin.py:188} INFO - [2024-06-16T12:53:55.034+0000] {dagbag.py:545} INFO - Filling up the DagBag from /home/airflow/.local/lib/python3.12/site-packages/airflow/example_dags/example_branch_python_dop_operator_3.py
[2024-06-16T12:53:55.049+0000] {processor.py:840} INFO - DAG(s) 'example_branch_dop_operator_v3' retrieved from /home/airflow/.local/lib/python3.12/site-packages/airflow/example_dags/example_branch_python_dop_operator_3.py
[2024-06-16T12:53:55.079+0000] {logging_mixin.py:188} INFO - [2024-06-16T12:53:55.078+0000] {dag.py:3096} INFO - Sync 1 DAGs
[2024-06-16T12:53:55.135+0000] {logging_mixin.py:188} INFO - [2024-06-16T12:53:55.135+0000] {dag.py:3954} INFO - Setting next_dagrun for example_branch_dop_operator_v3 to 2024-06-16 12:52:00+00:00, run_after=2024-06-16 12:53:00+00:00
[2024-06-16T12:53:55.174+0000] {processor.py:183} INFO - Processing /home/airflow/.local/lib/python3.12/site-packages/airflow/example_dags/example_branch_python_dop_operator_3.py took 0.153 seconds
[2024-06-16T12:54:25.298+0000] {processor.py:161} INFO - Started process (PID=984) to work on /home/airflow/.local/lib/python3.12/site-packages/airflow/example_dags/example_branch_python_dop_operator_3.py
[2024-06-16T12:54:25.299+0000] {processor.py:830} INFO - Processing file /home/airflow/.local/lib/python3.12/site-packages/airflow/example_dags/example_branch_python_dop_operator_3.py for tasks to queue
[2024-06-16T12:54:25.300+0000] {logging_mixin.py:188} INFO - [2024-06-16T12:54:25.299+0000] {dagbag.py:545} INFO - Filling up the DagBag from /home/airflow/.local/lib/python3.12/site-packages/airflow/example_dags/example_branch_python_dop_operator_3.py
[2024-06-16T12:54:25.312+0000] {processor.py:840} INFO - DAG(s) 'example_branch_dop_operator_v3' retrieved from /home/airflow/.local/lib/python3.12/site-packages/airflow/example_dags/example_branch_python_dop_operator_3.py
[2024-06-16T12:54:25.344+0000] {logging_mixin.py:188} INFO - [2024-06-16T12:54:25.343+0000] {dag.py:3096} INFO - Sync 1 DAGs
[2024-06-16T12:54:25.384+0000] {logging_mixin.py:188} INFO - [2024-06-16T12:54:25.384+0000] {dag.py:3954} INFO - Setting next_dagrun for example_branch_dop_operator_v3 to 2024-06-16 12:53:00+00:00, run_after=2024-06-16 12:54:00+00:00
[2024-06-16T12:54:25.414+0000] {processor.py:183} INFO - Processing /home/airflow/.local/lib/python3.12/site-packages/airflow/example_dags/example_branch_python_dop_operator_3.py took 0.123 seconds
[2024-06-16T12:54:55.704+0000] {processor.py:161} INFO - Started process (PID=1043) to work on /home/airflow/.local/lib/python3.12/site-packages/airflow/example_dags/example_branch_python_dop_operator_3.py
[2024-06-16T12:54:55.705+0000] {processor.py:830} INFO - Processing file /home/airflow/.local/lib/python3.12/site-packages/airflow/example_dags/example_branch_python_dop_operator_3.py for tasks to queue
[2024-06-16T12:54:55.706+0000] {logging_mixin.py:188} INFO - [2024-06-16T12:54:55.706+0000] {dagbag.py:545} INFO - Filling up the DagBag from /home/airflow/.local/lib/python3.12/site-packages/airflow/example_dags/example_branch_python_dop_operator_3.py
[2024-06-16T12:54:55.718+0000] {processor.py:840} INFO - DAG(s) 'example_branch_dop_operator_v3' retrieved from /home/airflow/.local/lib/python3.12/site-packages/airflow/example_dags/example_branch_python_dop_operator_3.py
[2024-06-16T12:54:55.745+0000] {logging_mixin.py:188} INFO - [2024-06-16T12:54:55.744+0000] {dag.py:3096} INFO - Sync 1 DAGs
[2024-06-16T12:54:55.779+0000] {logging_mixin.py:188} INFO - [2024-06-16T12:54:55.778+0000] {dag.py:3954} INFO - Setting next_dagrun for example_branch_dop_operator_v3 to 2024-06-16 12:53:00+00:00, run_after=2024-06-16 12:54:00+00:00
[2024-06-16T12:54:55.804+0000] {processor.py:183} INFO - Processing /home/airflow/.local/lib/python3.12/site-packages/airflow/example_dags/example_branch_python_dop_operator_3.py took 0.107 seconds
[2024-06-16T12:55:26.064+0000] {processor.py:161} INFO - Started process (PID=1102) to work on /home/airflow/.local/lib/python3.12/site-packages/airflow/example_dags/example_branch_python_dop_operator_3.py
[2024-06-16T12:55:26.065+0000] {processor.py:830} INFO - Processing file /home/airflow/.local/lib/python3.12/site-packages/airflow/example_dags/example_branch_python_dop_operator_3.py for tasks to queue
[2024-06-16T12:55:26.066+0000] {logging_mixin.py:188} INFO - [2024-06-16T12:55:26.066+0000] {dagbag.py:545} INFO - Filling up the DagBag from /home/airflow/.local/lib/python3.12/site-packages/airflow/example_dags/example_branch_python_dop_operator_3.py
[2024-06-16T12:55:26.078+0000] {processor.py:840} INFO - DAG(s) 'example_branch_dop_operator_v3' retrieved from /home/airflow/.local/lib/python3.12/site-packages/airflow/example_dags/example_branch_python_dop_operator_3.py
[2024-06-16T12:55:26.106+0000] {logging_mixin.py:188} INFO - [2024-06-16T12:55:26.106+0000] {dag.py:3096} INFO - Sync 1 DAGs
[2024-06-16T12:55:26.144+0000] {logging_mixin.py:188} INFO - [2024-06-16T12:55:26.143+0000] {dag.py:3954} INFO - Setting next_dagrun for example_branch_dop_operator_v3 to 2024-06-16 12:54:00+00:00, run_after=2024-06-16 12:55:00+00:00
[2024-06-16T12:55:26.171+0000] {processor.py:183} INFO - Processing /home/airflow/.local/lib/python3.12/site-packages/airflow/example_dags/example_branch_python_dop_operator_3.py took 0.116 seconds
[2024-06-16T12:55:56.674+0000] {processor.py:161} INFO - Started process (PID=1160) to work on /home/airflow/.local/lib/python3.12/site-packages/airflow/example_dags/example_branch_python_dop_operator_3.py
[2024-06-16T12:55:56.675+0000] {processor.py:830} INFO - Processing file /home/airflow/.local/lib/python3.12/site-packages/airflow/example_dags/example_branch_python_dop_operator_3.py for tasks to queue
[2024-06-16T12:55:56.676+0000] {logging_mixin.py:188} INFO - [2024-06-16T12:55:56.676+0000] {dagbag.py:545} INFO - Filling up the DagBag from /home/airflow/.local/lib/python3.12/site-packages/airflow/example_dags/example_branch_python_dop_operator_3.py
[2024-06-16T12:55:56.702+0000] {processor.py:840} INFO - DAG(s) 'example_branch_dop_operator_v3' retrieved from /home/airflow/.local/lib/python3.12/site-packages/airflow/example_dags/example_branch_python_dop_operator_3.py
[2024-06-16T12:55:56.783+0000] {logging_mixin.py:188} INFO - [2024-06-16T12:55:56.782+0000] {dag.py:3096} INFO - Sync 1 DAGs
[2024-06-16T12:55:56.886+0000] {logging_mixin.py:188} INFO - [2024-06-16T12:55:56.886+0000] {dag.py:3954} INFO - Setting next_dagrun for example_branch_dop_operator_v3 to 2024-06-16 12:54:00+00:00, run_after=2024-06-16 12:55:00+00:00
[2024-06-16T12:55:56.958+0000] {processor.py:183} INFO - Processing /home/airflow/.local/lib/python3.12/site-packages/airflow/example_dags/example_branch_python_dop_operator_3.py took 0.297 seconds
[2024-06-16T12:56:27.547+0000] {processor.py:161} INFO - Started process (PID=1219) to work on /home/airflow/.local/lib/python3.12/site-packages/airflow/example_dags/example_branch_python_dop_operator_3.py
[2024-06-16T12:56:27.548+0000] {processor.py:830} INFO - Processing file /home/airflow/.local/lib/python3.12/site-packages/airflow/example_dags/example_branch_python_dop_operator_3.py for tasks to queue
[2024-06-16T12:56:27.549+0000] {logging_mixin.py:188} INFO - [2024-06-16T12:56:27.549+0000] {dagbag.py:545} INFO - Filling up the DagBag from /home/airflow/.local/lib/python3.12/site-packages/airflow/example_dags/example_branch_python_dop_operator_3.py
[2024-06-16T12:56:27.565+0000] {processor.py:840} INFO - DAG(s) 'example_branch_dop_operator_v3' retrieved from /home/airflow/.local/lib/python3.12/site-packages/airflow/example_dags/example_branch_python_dop_operator_3.py
[2024-06-16T12:56:27.590+0000] {logging_mixin.py:188} INFO - [2024-06-16T12:56:27.590+0000] {dag.py:3096} INFO - Sync 1 DAGs
[2024-06-16T12:56:27.627+0000] {logging_mixin.py:188} INFO - [2024-06-16T12:56:27.627+0000] {dag.py:3954} INFO - Setting next_dagrun for example_branch_dop_operator_v3 to 2024-06-16 12:55:00+00:00, run_after=2024-06-16 12:56:00+00:00
[2024-06-16T12:56:27.658+0000] {processor.py:183} INFO - Processing /home/airflow/.local/lib/python3.12/site-packages/airflow/example_dags/example_branch_python_dop_operator_3.py took 0.118 seconds
[2024-06-16T12:56:58.422+0000] {processor.py:161} INFO - Started process (PID=1276) to work on /home/airflow/.local/lib/python3.12/site-packages/airflow/example_dags/example_branch_python_dop_operator_3.py
[2024-06-16T12:56:58.422+0000] {processor.py:830} INFO - Processing file /home/airflow/.local/lib/python3.12/site-packages/airflow/example_dags/example_branch_python_dop_operator_3.py for tasks to queue
[2024-06-16T12:56:58.423+0000] {logging_mixin.py:188} INFO - [2024-06-16T12:56:58.423+0000] {dagbag.py:545} INFO - Filling up the DagBag from /home/airflow/.local/lib/python3.12/site-packages/airflow/example_dags/example_branch_python_dop_operator_3.py
[2024-06-16T12:56:58.434+0000] {processor.py:840} INFO - DAG(s) 'example_branch_dop_operator_v3' retrieved from /home/airflow/.local/lib/python3.12/site-packages/airflow/example_dags/example_branch_python_dop_operator_3.py
[2024-06-16T12:56:58.462+0000] {logging_mixin.py:188} INFO - [2024-06-16T12:56:58.462+0000] {dag.py:3096} INFO - Sync 1 DAGs
[2024-06-16T12:56:58.501+0000] {logging_mixin.py:188} INFO - [2024-06-16T12:56:58.501+0000] {dag.py:3954} INFO - Setting next_dagrun for example_branch_dop_operator_v3 to 2024-06-16 12:55:00+00:00, run_after=2024-06-16 12:56:00+00:00
[2024-06-16T12:56:58.525+0000] {processor.py:183} INFO - Processing /home/airflow/.local/lib/python3.12/site-packages/airflow/example_dags/example_branch_python_dop_operator_3.py took 0.111 seconds
[2024-06-16T12:57:28.776+0000] {processor.py:161} INFO - Started process (PID=1334) to work on /home/airflow/.local/lib/python3.12/site-packages/airflow/example_dags/example_branch_python_dop_operator_3.py
[2024-06-16T12:57:28.777+0000] {processor.py:830} INFO - Processing file /home/airflow/.local/lib/python3.12/site-packages/airflow/example_dags/example_branch_python_dop_operator_3.py for tasks to queue
[2024-06-16T12:57:28.778+0000] {logging_mixin.py:188} INFO - [2024-06-16T12:57:28.777+0000] {dagbag.py:545} INFO - Filling up the DagBag from /home/airflow/.local/lib/python3.12/site-packages/airflow/example_dags/example_branch_python_dop_operator_3.py
[2024-06-16T12:57:28.789+0000] {processor.py:840} INFO - DAG(s) 'example_branch_dop_operator_v3' retrieved from /home/airflow/.local/lib/python3.12/site-packages/airflow/example_dags/example_branch_python_dop_operator_3.py
[2024-06-16T12:57:28.812+0000] {logging_mixin.py:188} INFO - [2024-06-16T12:57:28.811+0000] {dag.py:3096} INFO - Sync 1 DAGs
[2024-06-16T12:57:28.850+0000] {logging_mixin.py:188} INFO - [2024-06-16T12:57:28.850+0000] {dag.py:3954} INFO - Setting next_dagrun for example_branch_dop_operator_v3 to 2024-06-16 12:56:00+00:00, run_after=2024-06-16 12:57:00+00:00
[2024-06-16T12:57:28.880+0000] {processor.py:183} INFO - Processing /home/airflow/.local/lib/python3.12/site-packages/airflow/example_dags/example_branch_python_dop_operator_3.py took 0.111 seconds
[2024-06-16T12:57:58.968+0000] {processor.py:161} INFO - Started process (PID=1393) to work on /home/airflow/.local/lib/python3.12/site-packages/airflow/example_dags/example_branch_python_dop_operator_3.py
[2024-06-16T12:57:58.970+0000] {processor.py:830} INFO - Processing file /home/airflow/.local/lib/python3.12/site-packages/airflow/example_dags/example_branch_python_dop_operator_3.py for tasks to queue
[2024-06-16T12:57:58.978+0000] {logging_mixin.py:188} INFO - [2024-06-16T12:57:58.977+0000] {dagbag.py:545} INFO - Filling up the DagBag from /home/airflow/.local/lib/python3.12/site-packages/airflow/example_dags/example_branch_python_dop_operator_3.py
[2024-06-16T12:57:58.994+0000] {processor.py:840} INFO - DAG(s) 'example_branch_dop_operator_v3' retrieved from /home/airflow/.local/lib/python3.12/site-packages/airflow/example_dags/example_branch_python_dop_operator_3.py
[2024-06-16T12:57:59.059+0000] {logging_mixin.py:188} INFO - [2024-06-16T12:57:59.058+0000] {dag.py:3096} INFO - Sync 1 DAGs
[2024-06-16T12:57:59.136+0000] {logging_mixin.py:188} INFO - [2024-06-16T12:57:59.135+0000] {dag.py:3954} INFO - Setting next_dagrun for example_branch_dop_operator_v3 to 2024-06-16 12:56:00+00:00, run_after=2024-06-16 12:57:00+00:00
[2024-06-16T12:57:59.178+0000] {processor.py:183} INFO - Processing /home/airflow/.local/lib/python3.12/site-packages/airflow/example_dags/example_branch_python_dop_operator_3.py took 0.225 seconds
[2024-06-16T12:58:29.368+0000] {processor.py:161} INFO - Started process (PID=1451) to work on /home/airflow/.local/lib/python3.12/site-packages/airflow/example_dags/example_branch_python_dop_operator_3.py
[2024-06-16T12:58:29.369+0000] {processor.py:830} INFO - Processing file /home/airflow/.local/lib/python3.12/site-packages/airflow/example_dags/example_branch_python_dop_operator_3.py for tasks to queue
[2024-06-16T12:58:29.370+0000] {logging_mixin.py:188} INFO - [2024-06-16T12:58:29.369+0000] {dagbag.py:545} INFO - Filling up the DagBag from /home/airflow/.local/lib/python3.12/site-packages/airflow/example_dags/example_branch_python_dop_operator_3.py
[2024-06-16T12:58:29.379+0000] {processor.py:840} INFO - DAG(s) 'example_branch_dop_operator_v3' retrieved from /home/airflow/.local/lib/python3.12/site-packages/airflow/example_dags/example_branch_python_dop_operator_3.py
[2024-06-16T12:58:29.402+0000] {logging_mixin.py:188} INFO - [2024-06-16T12:58:29.402+0000] {dag.py:3096} INFO - Sync 1 DAGs
[2024-06-16T12:58:29.437+0000] {logging_mixin.py:188} INFO - [2024-06-16T12:58:29.437+0000] {dag.py:3954} INFO - Setting next_dagrun for example_branch_dop_operator_v3 to 2024-06-16 12:57:00+00:00, run_after=2024-06-16 12:58:00+00:00
[2024-06-16T12:58:29.466+0000] {processor.py:183} INFO - Processing /home/airflow/.local/lib/python3.12/site-packages/airflow/example_dags/example_branch_python_dop_operator_3.py took 0.105 seconds
[2024-06-16T12:59:00.262+0000] {processor.py:161} INFO - Started process (PID=1518) to work on /home/airflow/.local/lib/python3.12/site-packages/airflow/example_dags/example_branch_python_dop_operator_3.py
[2024-06-16T12:59:00.262+0000] {processor.py:830} INFO - Processing file /home/airflow/.local/lib/python3.12/site-packages/airflow/example_dags/example_branch_python_dop_operator_3.py for tasks to queue
[2024-06-16T12:59:00.263+0000] {logging_mixin.py:188} INFO - [2024-06-16T12:59:00.263+0000] {dagbag.py:545} INFO - Filling up the DagBag from /home/airflow/.local/lib/python3.12/site-packages/airflow/example_dags/example_branch_python_dop_operator_3.py
[2024-06-16T12:59:00.275+0000] {processor.py:840} INFO - DAG(s) 'example_branch_dop_operator_v3' retrieved from /home/airflow/.local/lib/python3.12/site-packages/airflow/example_dags/example_branch_python_dop_operator_3.py
[2024-06-16T12:59:00.300+0000] {logging_mixin.py:188} INFO - [2024-06-16T12:59:00.299+0000] {dag.py:3096} INFO - Sync 1 DAGs
[2024-06-16T12:59:00.338+0000] {logging_mixin.py:188} INFO - [2024-06-16T12:59:00.338+0000] {dag.py:3954} INFO - Setting next_dagrun for example_branch_dop_operator_v3 to 2024-06-16 12:58:00+00:00, run_after=2024-06-16 12:59:00+00:00
[2024-06-16T12:59:00.369+0000] {processor.py:183} INFO - Processing /home/airflow/.local/lib/python3.12/site-packages/airflow/example_dags/example_branch_python_dop_operator_3.py took 0.114 seconds
[2024-06-16T12:59:30.851+0000] {processor.py:161} INFO - Started process (PID=1580) to work on /home/airflow/.local/lib/python3.12/site-packages/airflow/example_dags/example_branch_python_dop_operator_3.py
[2024-06-16T12:59:30.852+0000] {processor.py:830} INFO - Processing file /home/airflow/.local/lib/python3.12/site-packages/airflow/example_dags/example_branch_python_dop_operator_3.py for tasks to queue
[2024-06-16T12:59:30.853+0000] {logging_mixin.py:188} INFO - [2024-06-16T12:59:30.853+0000] {dagbag.py:545} INFO - Filling up the DagBag from /home/airflow/.local/lib/python3.12/site-packages/airflow/example_dags/example_branch_python_dop_operator_3.py
[2024-06-16T12:59:30.864+0000] {processor.py:840} INFO - DAG(s) 'example_branch_dop_operator_v3' retrieved from /home/airflow/.local/lib/python3.12/site-packages/airflow/example_dags/example_branch_python_dop_operator_3.py
[2024-06-16T12:59:30.889+0000] {logging_mixin.py:188} INFO - [2024-06-16T12:59:30.888+0000] {dag.py:3096} INFO - Sync 1 DAGs
[2024-06-16T12:59:30.934+0000] {logging_mixin.py:188} INFO - [2024-06-16T12:59:30.934+0000] {dag.py:3954} INFO - Setting next_dagrun for example_branch_dop_operator_v3 to 2024-06-16 12:58:00+00:00, run_after=2024-06-16 12:59:00+00:00
[2024-06-16T12:59:30.958+0000] {processor.py:183} INFO - Processing /home/airflow/.local/lib/python3.12/site-packages/airflow/example_dags/example_branch_python_dop_operator_3.py took 0.115 seconds
[2024-06-16T13:00:01.223+0000] {processor.py:161} INFO - Started process (PID=1641) to work on /home/airflow/.local/lib/python3.12/site-packages/airflow/example_dags/example_branch_python_dop_operator_3.py
[2024-06-16T13:00:01.224+0000] {processor.py:830} INFO - Processing file /home/airflow/.local/lib/python3.12/site-packages/airflow/example_dags/example_branch_python_dop_operator_3.py for tasks to queue
[2024-06-16T13:00:01.224+0000] {logging_mixin.py:188} INFO - [2024-06-16T13:00:01.224+0000] {dagbag.py:545} INFO - Filling up the DagBag from /home/airflow/.local/lib/python3.12/site-packages/airflow/example_dags/example_branch_python_dop_operator_3.py
[2024-06-16T13:00:01.236+0000] {processor.py:840} INFO - DAG(s) 'example_branch_dop_operator_v3' retrieved from /home/airflow/.local/lib/python3.12/site-packages/airflow/example_dags/example_branch_python_dop_operator_3.py
[2024-06-16T13:00:01.266+0000] {logging_mixin.py:188} INFO - [2024-06-16T13:00:01.266+0000] {dag.py:3096} INFO - Sync 1 DAGs
[2024-06-16T13:00:01.309+0000] {logging_mixin.py:188} INFO - [2024-06-16T13:00:01.309+0000] {dag.py:3954} INFO - Setting next_dagrun for example_branch_dop_operator_v3 to 2024-06-16 12:59:00+00:00, run_after=2024-06-16 13:00:00+00:00
[2024-06-16T13:00:01.340+0000] {processor.py:183} INFO - Processing /home/airflow/.local/lib/python3.12/site-packages/airflow/example_dags/example_branch_python_dop_operator_3.py took 0.124 seconds
[2024-06-16T13:00:32.028+0000] {processor.py:161} INFO - Started process (PID=1707) to work on /home/airflow/.local/lib/python3.12/site-packages/airflow/example_dags/example_branch_python_dop_operator_3.py
[2024-06-16T13:00:32.029+0000] {processor.py:830} INFO - Processing file /home/airflow/.local/lib/python3.12/site-packages/airflow/example_dags/example_branch_python_dop_operator_3.py for tasks to queue
[2024-06-16T13:00:32.030+0000] {logging_mixin.py:188} INFO - [2024-06-16T13:00:32.029+0000] {dagbag.py:545} INFO - Filling up the DagBag from /home/airflow/.local/lib/python3.12/site-packages/airflow/example_dags/example_branch_python_dop_operator_3.py
[2024-06-16T13:00:32.044+0000] {processor.py:840} INFO - DAG(s) 'example_branch_dop_operator_v3' retrieved from /home/airflow/.local/lib/python3.12/site-packages/airflow/example_dags/example_branch_python_dop_operator_3.py
[2024-06-16T13:00:32.078+0000] {logging_mixin.py:188} INFO - [2024-06-16T13:00:32.077+0000] {dag.py:3096} INFO - Sync 1 DAGs
[2024-06-16T13:00:32.124+0000] {logging_mixin.py:188} INFO - [2024-06-16T13:00:32.123+0000] {dag.py:3954} INFO - Setting next_dagrun for example_branch_dop_operator_v3 to 2024-06-16 12:59:00+00:00, run_after=2024-06-16 13:00:00+00:00
[2024-06-16T13:00:32.156+0000] {processor.py:183} INFO - Processing /home/airflow/.local/lib/python3.12/site-packages/airflow/example_dags/example_branch_python_dop_operator_3.py took 0.137 seconds
[2024-06-16T13:01:02.427+0000] {processor.py:161} INFO - Started process (PID=1766) to work on /home/airflow/.local/lib/python3.12/site-packages/airflow/example_dags/example_branch_python_dop_operator_3.py
[2024-06-16T13:01:02.429+0000] {processor.py:830} INFO - Processing file /home/airflow/.local/lib/python3.12/site-packages/airflow/example_dags/example_branch_python_dop_operator_3.py for tasks to queue
[2024-06-16T13:01:02.430+0000] {logging_mixin.py:188} INFO - [2024-06-16T13:01:02.430+0000] {dagbag.py:545} INFO - Filling up the DagBag from /home/airflow/.local/lib/python3.12/site-packages/airflow/example_dags/example_branch_python_dop_operator_3.py
[2024-06-16T13:01:02.447+0000] {processor.py:840} INFO - DAG(s) 'example_branch_dop_operator_v3' retrieved from /home/airflow/.local/lib/python3.12/site-packages/airflow/example_dags/example_branch_python_dop_operator_3.py
[2024-06-16T13:01:02.482+0000] {logging_mixin.py:188} INFO - [2024-06-16T13:01:02.481+0000] {dag.py:3096} INFO - Sync 1 DAGs
[2024-06-16T13:01:02.526+0000] {logging_mixin.py:188} INFO - [2024-06-16T13:01:02.525+0000] {dag.py:3954} INFO - Setting next_dagrun for example_branch_dop_operator_v3 to 2024-06-16 13:00:00+00:00, run_after=2024-06-16 13:01:00+00:00
[2024-06-16T13:01:02.594+0000] {processor.py:183} INFO - Processing /home/airflow/.local/lib/python3.12/site-packages/airflow/example_dags/example_branch_python_dop_operator_3.py took 0.175 seconds
[2024-06-16T13:01:32.730+0000] {processor.py:161} INFO - Started process (PID=1825) to work on /home/airflow/.local/lib/python3.12/site-packages/airflow/example_dags/example_branch_python_dop_operator_3.py
[2024-06-16T13:01:32.731+0000] {processor.py:830} INFO - Processing file /home/airflow/.local/lib/python3.12/site-packages/airflow/example_dags/example_branch_python_dop_operator_3.py for tasks to queue
[2024-06-16T13:01:32.734+0000] {logging_mixin.py:188} INFO - [2024-06-16T13:01:32.733+0000] {dagbag.py:545} INFO - Filling up the DagBag from /home/airflow/.local/lib/python3.12/site-packages/airflow/example_dags/example_branch_python_dop_operator_3.py
[2024-06-16T13:01:32.747+0000] {processor.py:840} INFO - DAG(s) 'example_branch_dop_operator_v3' retrieved from /home/airflow/.local/lib/python3.12/site-packages/airflow/example_dags/example_branch_python_dop_operator_3.py
[2024-06-16T13:01:32.771+0000] {logging_mixin.py:188} INFO - [2024-06-16T13:01:32.770+0000] {dag.py:3096} INFO - Sync 1 DAGs
[2024-06-16T13:01:32.815+0000] {logging_mixin.py:188} INFO - [2024-06-16T13:01:32.814+0000] {dag.py:3954} INFO - Setting next_dagrun for example_branch_dop_operator_v3 to 2024-06-16 13:00:00+00:00, run_after=2024-06-16 13:01:00+00:00
[2024-06-16T13:01:32.881+0000] {processor.py:183} INFO - Processing /home/airflow/.local/lib/python3.12/site-packages/airflow/example_dags/example_branch_python_dop_operator_3.py took 0.157 seconds
[2024-06-16T13:02:03.276+0000] {processor.py:161} INFO - Started process (PID=1884) to work on /home/airflow/.local/lib/python3.12/site-packages/airflow/example_dags/example_branch_python_dop_operator_3.py
[2024-06-16T13:02:03.277+0000] {processor.py:830} INFO - Processing file /home/airflow/.local/lib/python3.12/site-packages/airflow/example_dags/example_branch_python_dop_operator_3.py for tasks to queue
[2024-06-16T13:02:03.278+0000] {logging_mixin.py:188} INFO - [2024-06-16T13:02:03.277+0000] {dagbag.py:545} INFO - Filling up the DagBag from /home/airflow/.local/lib/python3.12/site-packages/airflow/example_dags/example_branch_python_dop_operator_3.py
[2024-06-16T13:02:03.291+0000] {processor.py:840} INFO - DAG(s) 'example_branch_dop_operator_v3' retrieved from /home/airflow/.local/lib/python3.12/site-packages/airflow/example_dags/example_branch_python_dop_operator_3.py
[2024-06-16T13:02:03.317+0000] {logging_mixin.py:188} INFO - [2024-06-16T13:02:03.316+0000] {dag.py:3096} INFO - Sync 1 DAGs
[2024-06-16T13:02:03.357+0000] {logging_mixin.py:188} INFO - [2024-06-16T13:02:03.357+0000] {dag.py:3954} INFO - Setting next_dagrun for example_branch_dop_operator_v3 to 2024-06-16 13:01:00+00:00, run_after=2024-06-16 13:02:00+00:00
[2024-06-16T13:02:03.388+0000] {processor.py:183} INFO - Processing /home/airflow/.local/lib/python3.12/site-packages/airflow/example_dags/example_branch_python_dop_operator_3.py took 0.119 seconds
[2024-06-16T13:02:33.507+0000] {processor.py:161} INFO - Started process (PID=1943) to work on /home/airflow/.local/lib/python3.12/site-packages/airflow/example_dags/example_branch_python_dop_operator_3.py
[2024-06-16T13:02:33.508+0000] {processor.py:830} INFO - Processing file /home/airflow/.local/lib/python3.12/site-packages/airflow/example_dags/example_branch_python_dop_operator_3.py for tasks to queue
[2024-06-16T13:02:33.510+0000] {logging_mixin.py:188} INFO - [2024-06-16T13:02:33.509+0000] {dagbag.py:545} INFO - Filling up the DagBag from /home/airflow/.local/lib/python3.12/site-packages/airflow/example_dags/example_branch_python_dop_operator_3.py
[2024-06-16T13:02:33.528+0000] {processor.py:840} INFO - DAG(s) 'example_branch_dop_operator_v3' retrieved from /home/airflow/.local/lib/python3.12/site-packages/airflow/example_dags/example_branch_python_dop_operator_3.py
[2024-06-16T13:02:33.559+0000] {logging_mixin.py:188} INFO - [2024-06-16T13:02:33.559+0000] {dag.py:3096} INFO - Sync 1 DAGs
[2024-06-16T13:02:33.607+0000] {logging_mixin.py:188} INFO - [2024-06-16T13:02:33.606+0000] {dag.py:3954} INFO - Setting next_dagrun for example_branch_dop_operator_v3 to 2024-06-16 13:01:00+00:00, run_after=2024-06-16 13:02:00+00:00
[2024-06-16T13:02:33.639+0000] {processor.py:183} INFO - Processing /home/airflow/.local/lib/python3.12/site-packages/airflow/example_dags/example_branch_python_dop_operator_3.py took 0.140 seconds
[2024-06-16T13:03:03.833+0000] {processor.py:161} INFO - Started process (PID=2002) to work on /home/airflow/.local/lib/python3.12/site-packages/airflow/example_dags/example_branch_python_dop_operator_3.py
[2024-06-16T13:03:03.834+0000] {processor.py:830} INFO - Processing file /home/airflow/.local/lib/python3.12/site-packages/airflow/example_dags/example_branch_python_dop_operator_3.py for tasks to queue
[2024-06-16T13:03:03.836+0000] {logging_mixin.py:188} INFO - [2024-06-16T13:03:03.835+0000] {dagbag.py:545} INFO - Filling up the DagBag from /home/airflow/.local/lib/python3.12/site-packages/airflow/example_dags/example_branch_python_dop_operator_3.py
[2024-06-16T13:03:03.850+0000] {processor.py:840} INFO - DAG(s) 'example_branch_dop_operator_v3' retrieved from /home/airflow/.local/lib/python3.12/site-packages/airflow/example_dags/example_branch_python_dop_operator_3.py
[2024-06-16T13:03:03.882+0000] {logging_mixin.py:188} INFO - [2024-06-16T13:03:03.881+0000] {dag.py:3096} INFO - Sync 1 DAGs
[2024-06-16T13:03:03.924+0000] {logging_mixin.py:188} INFO - [2024-06-16T13:03:03.923+0000] {dag.py:3954} INFO - Setting next_dagrun for example_branch_dop_operator_v3 to 2024-06-16 13:02:00+00:00, run_after=2024-06-16 13:03:00+00:00
[2024-06-16T13:03:03.952+0000] {processor.py:183} INFO - Processing /home/airflow/.local/lib/python3.12/site-packages/airflow/example_dags/example_branch_python_dop_operator_3.py took 0.128 seconds
[2024-06-16T13:03:34.567+0000] {processor.py:161} INFO - Started process (PID=2061) to work on /home/airflow/.local/lib/python3.12/site-packages/airflow/example_dags/example_branch_python_dop_operator_3.py
[2024-06-16T13:03:34.568+0000] {processor.py:830} INFO - Processing file /home/airflow/.local/lib/python3.12/site-packages/airflow/example_dags/example_branch_python_dop_operator_3.py for tasks to queue
[2024-06-16T13:03:34.569+0000] {logging_mixin.py:188} INFO - [2024-06-16T13:03:34.568+0000] {dagbag.py:545} INFO - Filling up the DagBag from /home/airflow/.local/lib/python3.12/site-packages/airflow/example_dags/example_branch_python_dop_operator_3.py
[2024-06-16T13:03:34.580+0000] {processor.py:840} INFO - DAG(s) 'example_branch_dop_operator_v3' retrieved from /home/airflow/.local/lib/python3.12/site-packages/airflow/example_dags/example_branch_python_dop_operator_3.py
[2024-06-16T13:03:34.608+0000] {logging_mixin.py:188} INFO - [2024-06-16T13:03:34.607+0000] {dag.py:3096} INFO - Sync 1 DAGs
[2024-06-16T13:03:34.650+0000] {logging_mixin.py:188} INFO - [2024-06-16T13:03:34.650+0000] {dag.py:3954} INFO - Setting next_dagrun for example_branch_dop_operator_v3 to 2024-06-16 13:02:00+00:00, run_after=2024-06-16 13:03:00+00:00
[2024-06-16T13:03:34.677+0000] {processor.py:183} INFO - Processing /home/airflow/.local/lib/python3.12/site-packages/airflow/example_dags/example_branch_python_dop_operator_3.py took 0.119 seconds
[2024-06-16T13:04:05.139+0000] {processor.py:161} INFO - Started process (PID=2123) to work on /home/airflow/.local/lib/python3.12/site-packages/airflow/example_dags/example_branch_python_dop_operator_3.py
[2024-06-16T13:04:05.140+0000] {processor.py:830} INFO - Processing file /home/airflow/.local/lib/python3.12/site-packages/airflow/example_dags/example_branch_python_dop_operator_3.py for tasks to queue
[2024-06-16T13:04:05.141+0000] {logging_mixin.py:188} INFO - [2024-06-16T13:04:05.140+0000] {dagbag.py:545} INFO - Filling up the DagBag from /home/airflow/.local/lib/python3.12/site-packages/airflow/example_dags/example_branch_python_dop_operator_3.py
[2024-06-16T13:04:05.153+0000] {processor.py:840} INFO - DAG(s) 'example_branch_dop_operator_v3' retrieved from /home/airflow/.local/lib/python3.12/site-packages/airflow/example_dags/example_branch_python_dop_operator_3.py
[2024-06-16T13:04:05.183+0000] {logging_mixin.py:188} INFO - [2024-06-16T13:04:05.183+0000] {dag.py:3096} INFO - Sync 1 DAGs
[2024-06-16T13:04:05.220+0000] {logging_mixin.py:188} INFO - [2024-06-16T13:04:05.220+0000] {dag.py:3954} INFO - Setting next_dagrun for example_branch_dop_operator_v3 to 2024-06-16 13:03:00+00:00, run_after=2024-06-16 13:04:00+00:00
[2024-06-16T13:04:05.387+0000] {processor.py:183} INFO - Processing /home/airflow/.local/lib/python3.12/site-packages/airflow/example_dags/example_branch_python_dop_operator_3.py took 0.254 seconds
[2024-06-16T13:04:35.436+0000] {processor.py:161} INFO - Started process (PID=2182) to work on /home/airflow/.local/lib/python3.12/site-packages/airflow/example_dags/example_branch_python_dop_operator_3.py
[2024-06-16T13:04:35.437+0000] {processor.py:830} INFO - Processing file /home/airflow/.local/lib/python3.12/site-packages/airflow/example_dags/example_branch_python_dop_operator_3.py for tasks to queue
[2024-06-16T13:04:35.438+0000] {logging_mixin.py:188} INFO - [2024-06-16T13:04:35.438+0000] {dagbag.py:545} INFO - Filling up the DagBag from /home/airflow/.local/lib/python3.12/site-packages/airflow/example_dags/example_branch_python_dop_operator_3.py
[2024-06-16T13:04:35.450+0000] {processor.py:840} INFO - DAG(s) 'example_branch_dop_operator_v3' retrieved from /home/airflow/.local/lib/python3.12/site-packages/airflow/example_dags/example_branch_python_dop_operator_3.py
[2024-06-16T13:04:35.481+0000] {logging_mixin.py:188} INFO - [2024-06-16T13:04:35.481+0000] {dag.py:3096} INFO - Sync 1 DAGs
[2024-06-16T13:04:35.524+0000] {logging_mixin.py:188} INFO - [2024-06-16T13:04:35.524+0000] {dag.py:3954} INFO - Setting next_dagrun for example_branch_dop_operator_v3 to 2024-06-16 13:03:00+00:00, run_after=2024-06-16 13:04:00+00:00
[2024-06-16T13:04:35.552+0000] {processor.py:183} INFO - Processing /home/airflow/.local/lib/python3.12/site-packages/airflow/example_dags/example_branch_python_dop_operator_3.py took 0.122 seconds
[2024-06-16T13:05:05.651+0000] {processor.py:161} INFO - Started process (PID=2242) to work on /home/airflow/.local/lib/python3.12/site-packages/airflow/example_dags/example_branch_python_dop_operator_3.py
[2024-06-16T13:05:05.652+0000] {processor.py:830} INFO - Processing file /home/airflow/.local/lib/python3.12/site-packages/airflow/example_dags/example_branch_python_dop_operator_3.py for tasks to queue
[2024-06-16T13:05:05.653+0000] {logging_mixin.py:188} INFO - [2024-06-16T13:05:05.653+0000] {dagbag.py:545} INFO - Filling up the DagBag from /home/airflow/.local/lib/python3.12/site-packages/airflow/example_dags/example_branch_python_dop_operator_3.py
[2024-06-16T13:05:05.681+0000] {processor.py:840} INFO - DAG(s) 'example_branch_dop_operator_v3' retrieved from /home/airflow/.local/lib/python3.12/site-packages/airflow/example_dags/example_branch_python_dop_operator_3.py
[2024-06-16T13:05:05.714+0000] {logging_mixin.py:188} INFO - [2024-06-16T13:05:05.714+0000] {dag.py:3096} INFO - Sync 1 DAGs
[2024-06-16T13:05:05.764+0000] {logging_mixin.py:188} INFO - [2024-06-16T13:05:05.764+0000] {dag.py:3954} INFO - Setting next_dagrun for example_branch_dop_operator_v3 to 2024-06-16 13:04:00+00:00, run_after=2024-06-16 13:05:00+00:00
[2024-06-16T13:05:05.801+0000] {processor.py:183} INFO - Processing /home/airflow/.local/lib/python3.12/site-packages/airflow/example_dags/example_branch_python_dop_operator_3.py took 0.165 seconds
[2024-06-16T13:05:36.121+0000] {processor.py:161} INFO - Started process (PID=2301) to work on /home/airflow/.local/lib/python3.12/site-packages/airflow/example_dags/example_branch_python_dop_operator_3.py
[2024-06-16T13:05:36.122+0000] {processor.py:830} INFO - Processing file /home/airflow/.local/lib/python3.12/site-packages/airflow/example_dags/example_branch_python_dop_operator_3.py for tasks to queue
[2024-06-16T13:05:36.123+0000] {logging_mixin.py:188} INFO - [2024-06-16T13:05:36.123+0000] {dagbag.py:545} INFO - Filling up the DagBag from /home/airflow/.local/lib/python3.12/site-packages/airflow/example_dags/example_branch_python_dop_operator_3.py
[2024-06-16T13:05:36.137+0000] {processor.py:840} INFO - DAG(s) 'example_branch_dop_operator_v3' retrieved from /home/airflow/.local/lib/python3.12/site-packages/airflow/example_dags/example_branch_python_dop_operator_3.py
[2024-06-16T13:05:36.161+0000] {logging_mixin.py:188} INFO - [2024-06-16T13:05:36.161+0000] {dag.py:3096} INFO - Sync 1 DAGs
[2024-06-16T13:05:36.197+0000] {logging_mixin.py:188} INFO - [2024-06-16T13:05:36.197+0000] {dag.py:3954} INFO - Setting next_dagrun for example_branch_dop_operator_v3 to 2024-06-16 13:04:00+00:00, run_after=2024-06-16 13:05:00+00:00
[2024-06-16T13:05:36.422+0000] {processor.py:183} INFO - Processing /home/airflow/.local/lib/python3.12/site-packages/airflow/example_dags/example_branch_python_dop_operator_3.py took 0.308 seconds
[2024-06-16T13:06:07.090+0000] {processor.py:161} INFO - Started process (PID=2360) to work on /home/airflow/.local/lib/python3.12/site-packages/airflow/example_dags/example_branch_python_dop_operator_3.py
[2024-06-16T13:06:07.091+0000] {processor.py:830} INFO - Processing file /home/airflow/.local/lib/python3.12/site-packages/airflow/example_dags/example_branch_python_dop_operator_3.py for tasks to queue
[2024-06-16T13:06:07.092+0000] {logging_mixin.py:188} INFO - [2024-06-16T13:06:07.091+0000] {dagbag.py:545} INFO - Filling up the DagBag from /home/airflow/.local/lib/python3.12/site-packages/airflow/example_dags/example_branch_python_dop_operator_3.py
[2024-06-16T13:06:07.105+0000] {processor.py:840} INFO - DAG(s) 'example_branch_dop_operator_v3' retrieved from /home/airflow/.local/lib/python3.12/site-packages/airflow/example_dags/example_branch_python_dop_operator_3.py
[2024-06-16T13:06:07.130+0000] {logging_mixin.py:188} INFO - [2024-06-16T13:06:07.129+0000] {dag.py:3096} INFO - Sync 1 DAGs
[2024-06-16T13:06:07.171+0000] {logging_mixin.py:188} INFO - [2024-06-16T13:06:07.171+0000] {dag.py:3954} INFO - Setting next_dagrun for example_branch_dop_operator_v3 to 2024-06-16 13:05:00+00:00, run_after=2024-06-16 13:06:00+00:00
[2024-06-16T13:06:07.197+0000] {processor.py:183} INFO - Processing /home/airflow/.local/lib/python3.12/site-packages/airflow/example_dags/example_branch_python_dop_operator_3.py took 0.115 seconds
