[2024-06-16T12:20:49.348+0000] {processor.py:161} INFO - Started process (PID=48) to work on /home/airflow/.local/lib/python3.12/site-packages/airflow/example_dags/example_xcomargs.py
[2024-06-16T12:20:49.364+0000] {processor.py:830} INFO - Processing file /home/airflow/.local/lib/python3.12/site-packages/airflow/example_dags/example_xcomargs.py for tasks to queue
[2024-06-16T12:20:49.398+0000] {logging_mixin.py:188} INFO - [2024-06-16T12:20:49.397+0000] {dagbag.py:545} INFO - Filling up the DagBag from /home/airflow/.local/lib/python3.12/site-packages/airflow/example_dags/example_xcomargs.py
[2024-06-16T12:20:49.557+0000] {processor.py:840} INFO - DAG(s) 'example_xcom_args', 'example_xcom_args_with_operators' retrieved from /home/airflow/.local/lib/python3.12/site-packages/airflow/example_dags/example_xcomargs.py
[2024-06-16T12:20:50.855+0000] {logging_mixin.py:188} INFO - [2024-06-16T12:20:50.853+0000] {override.py:1829} INFO - Created Permission View: can edit on DAG:example_xcom_args
[2024-06-16T12:20:50.913+0000] {logging_mixin.py:188} INFO - [2024-06-16T12:20:50.912+0000] {override.py:1829} INFO - Created Permission View: can delete on DAG:example_xcom_args
[2024-06-16T12:20:50.974+0000] {logging_mixin.py:188} INFO - [2024-06-16T12:20:50.973+0000] {override.py:1829} INFO - Created Permission View: can read on DAG:example_xcom_args
[2024-06-16T12:20:51.075+0000] {logging_mixin.py:188} INFO - [2024-06-16T12:20:51.074+0000] {override.py:1829} INFO - Created Permission View: can edit on DAG:example_xcom_args_with_operators
[2024-06-16T12:20:51.152+0000] {logging_mixin.py:188} INFO - [2024-06-16T12:20:51.151+0000] {override.py:1829} INFO - Created Permission View: can delete on DAG:example_xcom_args_with_operators
[2024-06-16T12:20:51.216+0000] {logging_mixin.py:188} INFO - [2024-06-16T12:20:51.215+0000] {override.py:1829} INFO - Created Permission View: can read on DAG:example_xcom_args_with_operators
[2024-06-16T12:20:51.219+0000] {logging_mixin.py:188} INFO - [2024-06-16T12:20:51.219+0000] {dag.py:3096} INFO - Sync 2 DAGs
[2024-06-16T12:20:51.299+0000] {logging_mixin.py:188} INFO - [2024-06-16T12:20:51.298+0000] {dag.py:3118} INFO - Creating ORM DAG for example_xcom_args
[2024-06-16T12:20:51.308+0000] {logging_mixin.py:188} INFO - [2024-06-16T12:20:51.307+0000] {dag.py:3118} INFO - Creating ORM DAG for example_xcom_args_with_operators
[2024-06-16T12:20:51.309+0000] {logging_mixin.py:188} INFO - [2024-06-16T12:20:51.309+0000] {dag.py:3954} INFO - Setting next_dagrun for example_xcom_args to None, run_after=None
[2024-06-16T12:20:51.311+0000] {logging_mixin.py:188} INFO - [2024-06-16T12:20:51.311+0000] {dag.py:3954} INFO - Setting next_dagrun for example_xcom_args_with_operators to None, run_after=None
[2024-06-16T12:20:51.505+0000] {processor.py:183} INFO - Processing /home/airflow/.local/lib/python3.12/site-packages/airflow/example_dags/example_xcomargs.py took 2.267 seconds
[2024-06-16T12:21:26.720+0000] {processor.py:161} INFO - Started process (PID=107) to work on /home/airflow/.local/lib/python3.12/site-packages/airflow/example_dags/example_xcomargs.py
[2024-06-16T12:21:26.723+0000] {processor.py:830} INFO - Processing file /home/airflow/.local/lib/python3.12/site-packages/airflow/example_dags/example_xcomargs.py for tasks to queue
[2024-06-16T12:21:26.726+0000] {logging_mixin.py:188} INFO - [2024-06-16T12:21:26.726+0000] {dagbag.py:545} INFO - Filling up the DagBag from /home/airflow/.local/lib/python3.12/site-packages/airflow/example_dags/example_xcomargs.py
[2024-06-16T12:21:26.775+0000] {processor.py:840} INFO - DAG(s) 'example_xcom_args', 'example_xcom_args_with_operators' retrieved from /home/airflow/.local/lib/python3.12/site-packages/airflow/example_dags/example_xcomargs.py
[2024-06-16T12:21:26.832+0000] {logging_mixin.py:188} INFO - [2024-06-16T12:21:26.832+0000] {dag.py:3096} INFO - Sync 2 DAGs
[2024-06-16T12:21:26.864+0000] {logging_mixin.py:188} INFO - [2024-06-16T12:21:26.864+0000] {dag.py:3954} INFO - Setting next_dagrun for example_xcom_args to None, run_after=None
[2024-06-16T12:21:26.872+0000] {logging_mixin.py:188} INFO - [2024-06-16T12:21:26.872+0000] {dag.py:3954} INFO - Setting next_dagrun for example_xcom_args_with_operators to None, run_after=None
[2024-06-16T12:21:26.959+0000] {processor.py:183} INFO - Processing /home/airflow/.local/lib/python3.12/site-packages/airflow/example_dags/example_xcomargs.py took 0.260 seconds
[2024-06-16T12:21:58.046+0000] {processor.py:161} INFO - Started process (PID=163) to work on /home/airflow/.local/lib/python3.12/site-packages/airflow/example_dags/example_xcomargs.py
[2024-06-16T12:21:58.050+0000] {processor.py:830} INFO - Processing file /home/airflow/.local/lib/python3.12/site-packages/airflow/example_dags/example_xcomargs.py for tasks to queue
[2024-06-16T12:21:58.053+0000] {logging_mixin.py:188} INFO - [2024-06-16T12:21:58.053+0000] {dagbag.py:545} INFO - Filling up the DagBag from /home/airflow/.local/lib/python3.12/site-packages/airflow/example_dags/example_xcomargs.py
[2024-06-16T12:21:58.070+0000] {processor.py:840} INFO - DAG(s) 'example_xcom_args_with_operators', 'example_xcom_args' retrieved from /home/airflow/.local/lib/python3.12/site-packages/airflow/example_dags/example_xcomargs.py
[2024-06-16T12:21:58.146+0000] {logging_mixin.py:188} INFO - [2024-06-16T12:21:58.145+0000] {dag.py:3096} INFO - Sync 2 DAGs
[2024-06-16T12:21:58.187+0000] {logging_mixin.py:188} INFO - [2024-06-16T12:21:58.187+0000] {dag.py:3954} INFO - Setting next_dagrun for example_xcom_args to None, run_after=None
[2024-06-16T12:21:58.197+0000] {logging_mixin.py:188} INFO - [2024-06-16T12:21:58.196+0000] {dag.py:3954} INFO - Setting next_dagrun for example_xcom_args_with_operators to None, run_after=None
[2024-06-16T12:21:58.236+0000] {processor.py:183} INFO - Processing /home/airflow/.local/lib/python3.12/site-packages/airflow/example_dags/example_xcomargs.py took 0.206 seconds
[2024-06-16T12:22:29.245+0000] {processor.py:161} INFO - Started process (PID=222) to work on /home/airflow/.local/lib/python3.12/site-packages/airflow/example_dags/example_xcomargs.py
[2024-06-16T12:22:29.246+0000] {processor.py:830} INFO - Processing file /home/airflow/.local/lib/python3.12/site-packages/airflow/example_dags/example_xcomargs.py for tasks to queue
[2024-06-16T12:22:29.250+0000] {logging_mixin.py:188} INFO - [2024-06-16T12:22:29.249+0000] {dagbag.py:545} INFO - Filling up the DagBag from /home/airflow/.local/lib/python3.12/site-packages/airflow/example_dags/example_xcomargs.py
[2024-06-16T12:22:29.411+0000] {processor.py:840} INFO - DAG(s) 'example_xcom_args', 'example_xcom_args_with_operators' retrieved from /home/airflow/.local/lib/python3.12/site-packages/airflow/example_dags/example_xcomargs.py
[2024-06-16T12:22:29.632+0000] {logging_mixin.py:188} INFO - [2024-06-16T12:22:29.631+0000] {dag.py:3096} INFO - Sync 2 DAGs
[2024-06-16T12:22:29.802+0000] {logging_mixin.py:188} INFO - [2024-06-16T12:22:29.802+0000] {dag.py:3954} INFO - Setting next_dagrun for example_xcom_args to None, run_after=None
[2024-06-16T12:22:29.853+0000] {logging_mixin.py:188} INFO - [2024-06-16T12:22:29.853+0000] {dag.py:3954} INFO - Setting next_dagrun for example_xcom_args_with_operators to None, run_after=None
[2024-06-16T12:22:29.940+0000] {processor.py:183} INFO - Processing /home/airflow/.local/lib/python3.12/site-packages/airflow/example_dags/example_xcomargs.py took 0.727 seconds
[2024-06-16T12:23:00.541+0000] {processor.py:161} INFO - Started process (PID=280) to work on /home/airflow/.local/lib/python3.12/site-packages/airflow/example_dags/example_xcomargs.py
[2024-06-16T12:23:00.543+0000] {processor.py:830} INFO - Processing file /home/airflow/.local/lib/python3.12/site-packages/airflow/example_dags/example_xcomargs.py for tasks to queue
[2024-06-16T12:23:00.549+0000] {logging_mixin.py:188} INFO - [2024-06-16T12:23:00.549+0000] {dagbag.py:545} INFO - Filling up the DagBag from /home/airflow/.local/lib/python3.12/site-packages/airflow/example_dags/example_xcomargs.py
[2024-06-16T12:23:00.593+0000] {processor.py:840} INFO - DAG(s) 'example_xcom_args', 'example_xcom_args_with_operators' retrieved from /home/airflow/.local/lib/python3.12/site-packages/airflow/example_dags/example_xcomargs.py
[2024-06-16T12:23:00.663+0000] {logging_mixin.py:188} INFO - [2024-06-16T12:23:00.662+0000] {dag.py:3096} INFO - Sync 2 DAGs
[2024-06-16T12:23:00.746+0000] {logging_mixin.py:188} INFO - [2024-06-16T12:23:00.745+0000] {dag.py:3954} INFO - Setting next_dagrun for example_xcom_args to None, run_after=None
[2024-06-16T12:23:00.826+0000] {logging_mixin.py:188} INFO - [2024-06-16T12:23:00.797+0000] {dag.py:3954} INFO - Setting next_dagrun for example_xcom_args_with_operators to None, run_after=None
[2024-06-16T12:23:00.938+0000] {processor.py:183} INFO - Processing /home/airflow/.local/lib/python3.12/site-packages/airflow/example_dags/example_xcomargs.py took 0.409 seconds
[2024-06-16T12:23:31.570+0000] {processor.py:161} INFO - Started process (PID=339) to work on /home/airflow/.local/lib/python3.12/site-packages/airflow/example_dags/example_xcomargs.py
[2024-06-16T12:23:31.572+0000] {processor.py:830} INFO - Processing file /home/airflow/.local/lib/python3.12/site-packages/airflow/example_dags/example_xcomargs.py for tasks to queue
[2024-06-16T12:23:31.575+0000] {logging_mixin.py:188} INFO - [2024-06-16T12:23:31.575+0000] {dagbag.py:545} INFO - Filling up the DagBag from /home/airflow/.local/lib/python3.12/site-packages/airflow/example_dags/example_xcomargs.py
[2024-06-16T12:23:31.603+0000] {processor.py:840} INFO - DAG(s) 'example_xcom_args', 'example_xcom_args_with_operators' retrieved from /home/airflow/.local/lib/python3.12/site-packages/airflow/example_dags/example_xcomargs.py
[2024-06-16T12:23:31.792+0000] {logging_mixin.py:188} INFO - [2024-06-16T12:23:31.788+0000] {dag.py:3096} INFO - Sync 2 DAGs
[2024-06-16T12:23:32.032+0000] {logging_mixin.py:188} INFO - [2024-06-16T12:23:32.030+0000] {dag.py:3954} INFO - Setting next_dagrun for example_xcom_args to None, run_after=None
[2024-06-16T12:23:32.052+0000] {logging_mixin.py:188} INFO - [2024-06-16T12:23:32.051+0000] {dag.py:3954} INFO - Setting next_dagrun for example_xcom_args_with_operators to None, run_after=None
[2024-06-16T12:23:32.202+0000] {processor.py:183} INFO - Processing /home/airflow/.local/lib/python3.12/site-packages/airflow/example_dags/example_xcomargs.py took 0.646 seconds
[2024-06-16T12:24:02.971+0000] {processor.py:161} INFO - Started process (PID=398) to work on /home/airflow/.local/lib/python3.12/site-packages/airflow/example_dags/example_xcomargs.py
[2024-06-16T12:24:02.972+0000] {processor.py:830} INFO - Processing file /home/airflow/.local/lib/python3.12/site-packages/airflow/example_dags/example_xcomargs.py for tasks to queue
[2024-06-16T12:24:02.975+0000] {logging_mixin.py:188} INFO - [2024-06-16T12:24:02.974+0000] {dagbag.py:545} INFO - Filling up the DagBag from /home/airflow/.local/lib/python3.12/site-packages/airflow/example_dags/example_xcomargs.py
[2024-06-16T12:24:02.991+0000] {processor.py:840} INFO - DAG(s) 'example_xcom_args', 'example_xcom_args_with_operators' retrieved from /home/airflow/.local/lib/python3.12/site-packages/airflow/example_dags/example_xcomargs.py
[2024-06-16T12:24:03.045+0000] {logging_mixin.py:188} INFO - [2024-06-16T12:24:03.044+0000] {dag.py:3096} INFO - Sync 2 DAGs
[2024-06-16T12:24:03.074+0000] {logging_mixin.py:188} INFO - [2024-06-16T12:24:03.074+0000] {dag.py:3954} INFO - Setting next_dagrun for example_xcom_args to None, run_after=None
[2024-06-16T12:24:03.089+0000] {logging_mixin.py:188} INFO - [2024-06-16T12:24:03.088+0000] {dag.py:3954} INFO - Setting next_dagrun for example_xcom_args_with_operators to None, run_after=None
[2024-06-16T12:24:03.136+0000] {processor.py:183} INFO - Processing /home/airflow/.local/lib/python3.12/site-packages/airflow/example_dags/example_xcomargs.py took 0.176 seconds
[2024-06-16T12:24:33.842+0000] {processor.py:161} INFO - Started process (PID=457) to work on /home/airflow/.local/lib/python3.12/site-packages/airflow/example_dags/example_xcomargs.py
[2024-06-16T12:24:33.845+0000] {processor.py:830} INFO - Processing file /home/airflow/.local/lib/python3.12/site-packages/airflow/example_dags/example_xcomargs.py for tasks to queue
[2024-06-16T12:24:33.850+0000] {logging_mixin.py:188} INFO - [2024-06-16T12:24:33.848+0000] {dagbag.py:545} INFO - Filling up the DagBag from /home/airflow/.local/lib/python3.12/site-packages/airflow/example_dags/example_xcomargs.py
[2024-06-16T12:24:33.903+0000] {processor.py:840} INFO - DAG(s) 'example_xcom_args', 'example_xcom_args_with_operators' retrieved from /home/airflow/.local/lib/python3.12/site-packages/airflow/example_dags/example_xcomargs.py
[2024-06-16T12:24:34.003+0000] {logging_mixin.py:188} INFO - [2024-06-16T12:24:34.002+0000] {dag.py:3096} INFO - Sync 2 DAGs
[2024-06-16T12:24:34.071+0000] {logging_mixin.py:188} INFO - [2024-06-16T12:24:34.070+0000] {dag.py:3954} INFO - Setting next_dagrun for example_xcom_args to None, run_after=None
[2024-06-16T12:24:34.107+0000] {logging_mixin.py:188} INFO - [2024-06-16T12:24:34.106+0000] {dag.py:3954} INFO - Setting next_dagrun for example_xcom_args_with_operators to None, run_after=None
[2024-06-16T12:24:34.195+0000] {processor.py:183} INFO - Processing /home/airflow/.local/lib/python3.12/site-packages/airflow/example_dags/example_xcomargs.py took 0.404 seconds
[2024-06-16T12:44:56.853+0000] {processor.py:161} INFO - Started process (PID=52) to work on /home/airflow/.local/lib/python3.12/site-packages/airflow/example_dags/example_xcomargs.py
[2024-06-16T12:44:56.861+0000] {processor.py:830} INFO - Processing file /home/airflow/.local/lib/python3.12/site-packages/airflow/example_dags/example_xcomargs.py for tasks to queue
[2024-06-16T12:44:56.865+0000] {logging_mixin.py:188} INFO - [2024-06-16T12:44:56.864+0000] {dagbag.py:545} INFO - Filling up the DagBag from /home/airflow/.local/lib/python3.12/site-packages/airflow/example_dags/example_xcomargs.py
[2024-06-16T12:44:56.920+0000] {processor.py:840} INFO - DAG(s) 'example_xcom_args', 'example_xcom_args_with_operators' retrieved from /home/airflow/.local/lib/python3.12/site-packages/airflow/example_dags/example_xcomargs.py
[2024-06-16T12:44:57.513+0000] {logging_mixin.py:188} INFO - [2024-06-16T12:44:57.512+0000] {override.py:1829} INFO - Created Permission View: can read on DAG:example_xcom_args
[2024-06-16T12:44:57.536+0000] {logging_mixin.py:188} INFO - [2024-06-16T12:44:57.535+0000] {override.py:1829} INFO - Created Permission View: can delete on DAG:example_xcom_args
[2024-06-16T12:44:57.552+0000] {logging_mixin.py:188} INFO - [2024-06-16T12:44:57.552+0000] {override.py:1829} INFO - Created Permission View: can edit on DAG:example_xcom_args
[2024-06-16T12:44:57.592+0000] {logging_mixin.py:188} INFO - [2024-06-16T12:44:57.592+0000] {override.py:1829} INFO - Created Permission View: can read on DAG:example_xcom_args_with_operators
[2024-06-16T12:44:57.609+0000] {logging_mixin.py:188} INFO - [2024-06-16T12:44:57.608+0000] {override.py:1829} INFO - Created Permission View: can delete on DAG:example_xcom_args_with_operators
[2024-06-16T12:44:57.626+0000] {logging_mixin.py:188} INFO - [2024-06-16T12:44:57.626+0000] {override.py:1829} INFO - Created Permission View: can edit on DAG:example_xcom_args_with_operators
[2024-06-16T12:44:57.627+0000] {logging_mixin.py:188} INFO - [2024-06-16T12:44:57.627+0000] {dag.py:3096} INFO - Sync 2 DAGs
[2024-06-16T12:44:57.659+0000] {logging_mixin.py:188} INFO - [2024-06-16T12:44:57.658+0000] {dag.py:3118} INFO - Creating ORM DAG for example_xcom_args_with_operators
[2024-06-16T12:44:57.662+0000] {logging_mixin.py:188} INFO - [2024-06-16T12:44:57.660+0000] {dag.py:3118} INFO - Creating ORM DAG for example_xcom_args
[2024-06-16T12:44:57.673+0000] {logging_mixin.py:188} INFO - [2024-06-16T12:44:57.672+0000] {dag.py:3954} INFO - Setting next_dagrun for example_xcom_args to None, run_after=None
[2024-06-16T12:44:57.674+0000] {logging_mixin.py:188} INFO - [2024-06-16T12:44:57.674+0000] {dag.py:3954} INFO - Setting next_dagrun for example_xcom_args_with_operators to None, run_after=None
[2024-06-16T12:44:57.748+0000] {processor.py:183} INFO - Processing /home/airflow/.local/lib/python3.12/site-packages/airflow/example_dags/example_xcomargs.py took 0.944 seconds
[2024-06-16T12:45:28.302+0000] {processor.py:161} INFO - Started process (PID=111) to work on /home/airflow/.local/lib/python3.12/site-packages/airflow/example_dags/example_xcomargs.py
[2024-06-16T12:45:28.303+0000] {processor.py:830} INFO - Processing file /home/airflow/.local/lib/python3.12/site-packages/airflow/example_dags/example_xcomargs.py for tasks to queue
[2024-06-16T12:45:28.307+0000] {logging_mixin.py:188} INFO - [2024-06-16T12:45:28.306+0000] {dagbag.py:545} INFO - Filling up the DagBag from /home/airflow/.local/lib/python3.12/site-packages/airflow/example_dags/example_xcomargs.py
[2024-06-16T12:45:28.324+0000] {processor.py:840} INFO - DAG(s) 'example_xcom_args', 'example_xcom_args_with_operators' retrieved from /home/airflow/.local/lib/python3.12/site-packages/airflow/example_dags/example_xcomargs.py
[2024-06-16T12:45:28.368+0000] {logging_mixin.py:188} INFO - [2024-06-16T12:45:28.367+0000] {dag.py:3096} INFO - Sync 2 DAGs
[2024-06-16T12:45:28.395+0000] {logging_mixin.py:188} INFO - [2024-06-16T12:45:28.395+0000] {dag.py:3954} INFO - Setting next_dagrun for example_xcom_args to None, run_after=None
[2024-06-16T12:45:28.403+0000] {logging_mixin.py:188} INFO - [2024-06-16T12:45:28.403+0000] {dag.py:3954} INFO - Setting next_dagrun for example_xcom_args_with_operators to None, run_after=None
[2024-06-16T12:45:28.435+0000] {processor.py:183} INFO - Processing /home/airflow/.local/lib/python3.12/site-packages/airflow/example_dags/example_xcomargs.py took 0.142 seconds
[2024-06-16T12:45:59.309+0000] {processor.py:161} INFO - Started process (PID=170) to work on /home/airflow/.local/lib/python3.12/site-packages/airflow/example_dags/example_xcomargs.py
[2024-06-16T12:45:59.317+0000] {processor.py:830} INFO - Processing file /home/airflow/.local/lib/python3.12/site-packages/airflow/example_dags/example_xcomargs.py for tasks to queue
[2024-06-16T12:45:59.320+0000] {logging_mixin.py:188} INFO - [2024-06-16T12:45:59.320+0000] {dagbag.py:545} INFO - Filling up the DagBag from /home/airflow/.local/lib/python3.12/site-packages/airflow/example_dags/example_xcomargs.py
[2024-06-16T12:45:59.350+0000] {processor.py:840} INFO - DAG(s) 'example_xcom_args', 'example_xcom_args_with_operators' retrieved from /home/airflow/.local/lib/python3.12/site-packages/airflow/example_dags/example_xcomargs.py
[2024-06-16T12:45:59.404+0000] {logging_mixin.py:188} INFO - [2024-06-16T12:45:59.404+0000] {dag.py:3096} INFO - Sync 2 DAGs
[2024-06-16T12:45:59.432+0000] {logging_mixin.py:188} INFO - [2024-06-16T12:45:59.431+0000] {dag.py:3954} INFO - Setting next_dagrun for example_xcom_args to None, run_after=None
[2024-06-16T12:45:59.444+0000] {logging_mixin.py:188} INFO - [2024-06-16T12:45:59.444+0000] {dag.py:3954} INFO - Setting next_dagrun for example_xcom_args_with_operators to None, run_after=None
[2024-06-16T12:45:59.483+0000] {processor.py:183} INFO - Processing /home/airflow/.local/lib/python3.12/site-packages/airflow/example_dags/example_xcomargs.py took 0.184 seconds
[2024-06-16T12:46:29.622+0000] {processor.py:161} INFO - Started process (PID=228) to work on /home/airflow/.local/lib/python3.12/site-packages/airflow/example_dags/example_xcomargs.py
[2024-06-16T12:46:29.626+0000] {processor.py:830} INFO - Processing file /home/airflow/.local/lib/python3.12/site-packages/airflow/example_dags/example_xcomargs.py for tasks to queue
[2024-06-16T12:46:29.629+0000] {logging_mixin.py:188} INFO - [2024-06-16T12:46:29.628+0000] {dagbag.py:545} INFO - Filling up the DagBag from /home/airflow/.local/lib/python3.12/site-packages/airflow/example_dags/example_xcomargs.py
[2024-06-16T12:46:29.652+0000] {processor.py:840} INFO - DAG(s) 'example_xcom_args', 'example_xcom_args_with_operators' retrieved from /home/airflow/.local/lib/python3.12/site-packages/airflow/example_dags/example_xcomargs.py
[2024-06-16T12:46:29.698+0000] {logging_mixin.py:188} INFO - [2024-06-16T12:46:29.698+0000] {dag.py:3096} INFO - Sync 2 DAGs
[2024-06-16T12:46:29.722+0000] {logging_mixin.py:188} INFO - [2024-06-16T12:46:29.722+0000] {dag.py:3954} INFO - Setting next_dagrun for example_xcom_args to None, run_after=None
[2024-06-16T12:46:29.728+0000] {logging_mixin.py:188} INFO - [2024-06-16T12:46:29.727+0000] {dag.py:3954} INFO - Setting next_dagrun for example_xcom_args_with_operators to None, run_after=None
[2024-06-16T12:46:29.756+0000] {processor.py:183} INFO - Processing /home/airflow/.local/lib/python3.12/site-packages/airflow/example_dags/example_xcomargs.py took 0.146 seconds
[2024-06-16T12:47:28.998+0000] {processor.py:161} INFO - Started process (PID=288) to work on /home/airflow/.local/lib/python3.12/site-packages/airflow/example_dags/example_xcomargs.py
[2024-06-16T12:47:28.999+0000] {processor.py:830} INFO - Processing file /home/airflow/.local/lib/python3.12/site-packages/airflow/example_dags/example_xcomargs.py for tasks to queue
[2024-06-16T12:47:29.002+0000] {logging_mixin.py:188} INFO - [2024-06-16T12:47:29.001+0000] {dagbag.py:545} INFO - Filling up the DagBag from /home/airflow/.local/lib/python3.12/site-packages/airflow/example_dags/example_xcomargs.py
[2024-06-16T12:47:29.020+0000] {processor.py:840} INFO - DAG(s) 'example_xcom_args', 'example_xcom_args_with_operators' retrieved from /home/airflow/.local/lib/python3.12/site-packages/airflow/example_dags/example_xcomargs.py
[2024-06-16T12:47:29.068+0000] {logging_mixin.py:188} INFO - [2024-06-16T12:47:29.068+0000] {dag.py:3096} INFO - Sync 2 DAGs
[2024-06-16T12:47:29.118+0000] {logging_mixin.py:188} INFO - [2024-06-16T12:47:29.117+0000] {dag.py:3954} INFO - Setting next_dagrun for example_xcom_args to None, run_after=None
[2024-06-16T12:47:29.140+0000] {logging_mixin.py:188} INFO - [2024-06-16T12:47:29.140+0000] {dag.py:3954} INFO - Setting next_dagrun for example_xcom_args_with_operators to None, run_after=None
[2024-06-16T12:47:29.187+0000] {processor.py:183} INFO - Processing /home/airflow/.local/lib/python3.12/site-packages/airflow/example_dags/example_xcomargs.py took 0.200 seconds
[2024-06-16T12:48:00.251+0000] {processor.py:161} INFO - Started process (PID=347) to work on /home/airflow/.local/lib/python3.12/site-packages/airflow/example_dags/example_xcomargs.py
[2024-06-16T12:48:00.253+0000] {processor.py:830} INFO - Processing file /home/airflow/.local/lib/python3.12/site-packages/airflow/example_dags/example_xcomargs.py for tasks to queue
[2024-06-16T12:48:00.255+0000] {logging_mixin.py:188} INFO - [2024-06-16T12:48:00.254+0000] {dagbag.py:545} INFO - Filling up the DagBag from /home/airflow/.local/lib/python3.12/site-packages/airflow/example_dags/example_xcomargs.py
[2024-06-16T12:48:00.266+0000] {processor.py:840} INFO - DAG(s) 'example_xcom_args', 'example_xcom_args_with_operators' retrieved from /home/airflow/.local/lib/python3.12/site-packages/airflow/example_dags/example_xcomargs.py
[2024-06-16T12:48:00.306+0000] {logging_mixin.py:188} INFO - [2024-06-16T12:48:00.306+0000] {dag.py:3096} INFO - Sync 2 DAGs
[2024-06-16T12:48:00.335+0000] {logging_mixin.py:188} INFO - [2024-06-16T12:48:00.334+0000] {dag.py:3954} INFO - Setting next_dagrun for example_xcom_args to None, run_after=None
[2024-06-16T12:48:00.342+0000] {logging_mixin.py:188} INFO - [2024-06-16T12:48:00.341+0000] {dag.py:3954} INFO - Setting next_dagrun for example_xcom_args_with_operators to None, run_after=None
[2024-06-16T12:48:00.373+0000] {processor.py:183} INFO - Processing /home/airflow/.local/lib/python3.12/site-packages/airflow/example_dags/example_xcomargs.py took 0.130 seconds
[2024-06-16T12:48:33.303+0000] {processor.py:161} INFO - Started process (PID=406) to work on /home/airflow/.local/lib/python3.12/site-packages/airflow/example_dags/example_xcomargs.py
[2024-06-16T12:48:33.309+0000] {processor.py:830} INFO - Processing file /home/airflow/.local/lib/python3.12/site-packages/airflow/example_dags/example_xcomargs.py for tasks to queue
[2024-06-16T12:48:33.319+0000] {logging_mixin.py:188} INFO - [2024-06-16T12:48:33.315+0000] {dagbag.py:545} INFO - Filling up the DagBag from /home/airflow/.local/lib/python3.12/site-packages/airflow/example_dags/example_xcomargs.py
[2024-06-16T12:48:34.174+0000] {processor.py:840} INFO - DAG(s) 'example_xcom_args_with_operators', 'example_xcom_args' retrieved from /home/airflow/.local/lib/python3.12/site-packages/airflow/example_dags/example_xcomargs.py
[2024-06-16T12:48:34.352+0000] {logging_mixin.py:188} INFO - [2024-06-16T12:48:34.349+0000] {dag.py:3096} INFO - Sync 2 DAGs
[2024-06-16T12:48:34.431+0000] {logging_mixin.py:188} INFO - [2024-06-16T12:48:34.430+0000] {dag.py:3954} INFO - Setting next_dagrun for example_xcom_args to None, run_after=None
[2024-06-16T12:48:34.509+0000] {logging_mixin.py:188} INFO - [2024-06-16T12:48:34.508+0000] {dag.py:3954} INFO - Setting next_dagrun for example_xcom_args_with_operators to None, run_after=None
[2024-06-16T12:48:34.650+0000] {processor.py:183} INFO - Processing /home/airflow/.local/lib/python3.12/site-packages/airflow/example_dags/example_xcomargs.py took 1.378 seconds
[2024-06-16T12:49:12.233+0000] {processor.py:161} INFO - Started process (PID=465) to work on /home/airflow/.local/lib/python3.12/site-packages/airflow/example_dags/example_xcomargs.py
[2024-06-16T12:49:12.235+0000] {processor.py:830} INFO - Processing file /home/airflow/.local/lib/python3.12/site-packages/airflow/example_dags/example_xcomargs.py for tasks to queue
[2024-06-16T12:49:12.240+0000] {logging_mixin.py:188} INFO - [2024-06-16T12:49:12.239+0000] {dagbag.py:545} INFO - Filling up the DagBag from /home/airflow/.local/lib/python3.12/site-packages/airflow/example_dags/example_xcomargs.py
[2024-06-16T12:49:12.254+0000] {processor.py:840} INFO - DAG(s) 'example_xcom_args', 'example_xcom_args_with_operators' retrieved from /home/airflow/.local/lib/python3.12/site-packages/airflow/example_dags/example_xcomargs.py
[2024-06-16T12:49:12.300+0000] {logging_mixin.py:188} INFO - [2024-06-16T12:49:12.300+0000] {dag.py:3096} INFO - Sync 2 DAGs
[2024-06-16T12:49:12.321+0000] {logging_mixin.py:188} INFO - [2024-06-16T12:49:12.320+0000] {dag.py:3954} INFO - Setting next_dagrun for example_xcom_args to None, run_after=None
[2024-06-16T12:49:12.326+0000] {logging_mixin.py:188} INFO - [2024-06-16T12:49:12.326+0000] {dag.py:3954} INFO - Setting next_dagrun for example_xcom_args_with_operators to None, run_after=None
[2024-06-16T12:49:12.356+0000] {processor.py:183} INFO - Processing /home/airflow/.local/lib/python3.12/site-packages/airflow/example_dags/example_xcomargs.py took 0.135 seconds
[2024-06-16T12:49:46.466+0000] {processor.py:161} INFO - Started process (PID=510) to work on /home/airflow/.local/lib/python3.12/site-packages/airflow/example_dags/example_xcomargs.py
[2024-06-16T12:49:46.484+0000] {processor.py:830} INFO - Processing file /home/airflow/.local/lib/python3.12/site-packages/airflow/example_dags/example_xcomargs.py for tasks to queue
[2024-06-16T12:49:46.524+0000] {logging_mixin.py:188} INFO - [2024-06-16T12:49:46.520+0000] {dagbag.py:545} INFO - Filling up the DagBag from /home/airflow/.local/lib/python3.12/site-packages/airflow/example_dags/example_xcomargs.py
[2024-06-16T12:49:46.626+0000] {processor.py:840} INFO - DAG(s) 'example_xcom_args', 'example_xcom_args_with_operators' retrieved from /home/airflow/.local/lib/python3.12/site-packages/airflow/example_dags/example_xcomargs.py
[2024-06-16T12:49:47.042+0000] {logging_mixin.py:188} INFO - [2024-06-16T12:49:47.034+0000] {dag.py:3096} INFO - Sync 2 DAGs
[2024-06-16T12:49:47.314+0000] {logging_mixin.py:188} INFO - [2024-06-16T12:49:47.278+0000] {dag.py:3954} INFO - Setting next_dagrun for example_xcom_args to None, run_after=None
[2024-06-16T12:49:47.344+0000] {logging_mixin.py:188} INFO - [2024-06-16T12:49:47.343+0000] {dag.py:3954} INFO - Setting next_dagrun for example_xcom_args_with_operators to None, run_after=None
[2024-06-16T12:49:47.605+0000] {processor.py:183} INFO - Processing /home/airflow/.local/lib/python3.12/site-packages/airflow/example_dags/example_xcomargs.py took 1.231 seconds
[2024-06-16T12:50:49.748+0000] {processor.py:161} INFO - Started process (PID=569) to work on /home/airflow/.local/lib/python3.12/site-packages/airflow/example_dags/example_xcomargs.py
[2024-06-16T12:50:49.750+0000] {processor.py:830} INFO - Processing file /home/airflow/.local/lib/python3.12/site-packages/airflow/example_dags/example_xcomargs.py for tasks to queue
[2024-06-16T12:50:49.753+0000] {logging_mixin.py:188} INFO - [2024-06-16T12:50:49.752+0000] {dagbag.py:545} INFO - Filling up the DagBag from /home/airflow/.local/lib/python3.12/site-packages/airflow/example_dags/example_xcomargs.py
[2024-06-16T12:50:49.769+0000] {processor.py:840} INFO - DAG(s) 'example_xcom_args_with_operators', 'example_xcom_args' retrieved from /home/airflow/.local/lib/python3.12/site-packages/airflow/example_dags/example_xcomargs.py
[2024-06-16T12:50:49.841+0000] {logging_mixin.py:188} INFO - [2024-06-16T12:50:49.841+0000] {dag.py:3096} INFO - Sync 2 DAGs
[2024-06-16T12:50:49.869+0000] {logging_mixin.py:188} INFO - [2024-06-16T12:50:49.868+0000] {dag.py:3954} INFO - Setting next_dagrun for example_xcom_args to None, run_after=None
[2024-06-16T12:50:49.877+0000] {logging_mixin.py:188} INFO - [2024-06-16T12:50:49.876+0000] {dag.py:3954} INFO - Setting next_dagrun for example_xcom_args_with_operators to None, run_after=None
[2024-06-16T12:50:49.931+0000] {processor.py:183} INFO - Processing /home/airflow/.local/lib/python3.12/site-packages/airflow/example_dags/example_xcomargs.py took 0.213 seconds
[2024-06-16T12:51:20.326+0000] {processor.py:161} INFO - Started process (PID=627) to work on /home/airflow/.local/lib/python3.12/site-packages/airflow/example_dags/example_xcomargs.py
[2024-06-16T12:51:20.330+0000] {processor.py:830} INFO - Processing file /home/airflow/.local/lib/python3.12/site-packages/airflow/example_dags/example_xcomargs.py for tasks to queue
[2024-06-16T12:51:20.337+0000] {logging_mixin.py:188} INFO - [2024-06-16T12:51:20.337+0000] {dagbag.py:545} INFO - Filling up the DagBag from /home/airflow/.local/lib/python3.12/site-packages/airflow/example_dags/example_xcomargs.py
[2024-06-16T12:51:20.391+0000] {processor.py:840} INFO - DAG(s) 'example_xcom_args', 'example_xcom_args_with_operators' retrieved from /home/airflow/.local/lib/python3.12/site-packages/airflow/example_dags/example_xcomargs.py
[2024-06-16T12:51:20.600+0000] {logging_mixin.py:188} INFO - [2024-06-16T12:51:20.600+0000] {dag.py:3096} INFO - Sync 2 DAGs
[2024-06-16T12:51:20.676+0000] {logging_mixin.py:188} INFO - [2024-06-16T12:51:20.675+0000] {dag.py:3954} INFO - Setting next_dagrun for example_xcom_args to None, run_after=None
[2024-06-16T12:51:20.700+0000] {logging_mixin.py:188} INFO - [2024-06-16T12:51:20.700+0000] {dag.py:3954} INFO - Setting next_dagrun for example_xcom_args_with_operators to None, run_after=None
[2024-06-16T12:51:20.845+0000] {processor.py:183} INFO - Processing /home/airflow/.local/lib/python3.12/site-packages/airflow/example_dags/example_xcomargs.py took 0.544 seconds
[2024-06-16T12:51:51.270+0000] {processor.py:161} INFO - Started process (PID=687) to work on /home/airflow/.local/lib/python3.12/site-packages/airflow/example_dags/example_xcomargs.py
[2024-06-16T12:51:51.272+0000] {processor.py:830} INFO - Processing file /home/airflow/.local/lib/python3.12/site-packages/airflow/example_dags/example_xcomargs.py for tasks to queue
[2024-06-16T12:51:51.276+0000] {logging_mixin.py:188} INFO - [2024-06-16T12:51:51.275+0000] {dagbag.py:545} INFO - Filling up the DagBag from /home/airflow/.local/lib/python3.12/site-packages/airflow/example_dags/example_xcomargs.py
[2024-06-16T12:51:51.298+0000] {processor.py:840} INFO - DAG(s) 'example_xcom_args', 'example_xcom_args_with_operators' retrieved from /home/airflow/.local/lib/python3.12/site-packages/airflow/example_dags/example_xcomargs.py
[2024-06-16T12:51:51.357+0000] {logging_mixin.py:188} INFO - [2024-06-16T12:51:51.356+0000] {dag.py:3096} INFO - Sync 2 DAGs
[2024-06-16T12:51:51.392+0000] {logging_mixin.py:188} INFO - [2024-06-16T12:51:51.392+0000] {dag.py:3954} INFO - Setting next_dagrun for example_xcom_args to None, run_after=None
[2024-06-16T12:51:51.401+0000] {logging_mixin.py:188} INFO - [2024-06-16T12:51:51.401+0000] {dag.py:3954} INFO - Setting next_dagrun for example_xcom_args_with_operators to None, run_after=None
[2024-06-16T12:51:51.447+0000] {processor.py:183} INFO - Processing /home/airflow/.local/lib/python3.12/site-packages/airflow/example_dags/example_xcomargs.py took 0.188 seconds
[2024-06-16T12:52:21.624+0000] {processor.py:161} INFO - Started process (PID=746) to work on /home/airflow/.local/lib/python3.12/site-packages/airflow/example_dags/example_xcomargs.py
[2024-06-16T12:52:21.625+0000] {processor.py:830} INFO - Processing file /home/airflow/.local/lib/python3.12/site-packages/airflow/example_dags/example_xcomargs.py for tasks to queue
[2024-06-16T12:52:21.637+0000] {logging_mixin.py:188} INFO - [2024-06-16T12:52:21.636+0000] {dagbag.py:545} INFO - Filling up the DagBag from /home/airflow/.local/lib/python3.12/site-packages/airflow/example_dags/example_xcomargs.py
[2024-06-16T12:52:21.668+0000] {processor.py:840} INFO - DAG(s) 'example_xcom_args_with_operators', 'example_xcom_args' retrieved from /home/airflow/.local/lib/python3.12/site-packages/airflow/example_dags/example_xcomargs.py
[2024-06-16T12:52:21.739+0000] {logging_mixin.py:188} INFO - [2024-06-16T12:52:21.739+0000] {dag.py:3096} INFO - Sync 2 DAGs
[2024-06-16T12:52:21.767+0000] {logging_mixin.py:188} INFO - [2024-06-16T12:52:21.767+0000] {dag.py:3954} INFO - Setting next_dagrun for example_xcom_args to None, run_after=None
[2024-06-16T12:52:21.778+0000] {logging_mixin.py:188} INFO - [2024-06-16T12:52:21.778+0000] {dag.py:3954} INFO - Setting next_dagrun for example_xcom_args_with_operators to None, run_after=None
[2024-06-16T12:52:21.821+0000] {processor.py:183} INFO - Processing /home/airflow/.local/lib/python3.12/site-packages/airflow/example_dags/example_xcomargs.py took 0.221 seconds
[2024-06-16T12:52:52.015+0000] {processor.py:161} INFO - Started process (PID=806) to work on /home/airflow/.local/lib/python3.12/site-packages/airflow/example_dags/example_xcomargs.py
[2024-06-16T12:52:52.016+0000] {processor.py:830} INFO - Processing file /home/airflow/.local/lib/python3.12/site-packages/airflow/example_dags/example_xcomargs.py for tasks to queue
[2024-06-16T12:52:52.017+0000] {logging_mixin.py:188} INFO - [2024-06-16T12:52:52.017+0000] {dagbag.py:545} INFO - Filling up the DagBag from /home/airflow/.local/lib/python3.12/site-packages/airflow/example_dags/example_xcomargs.py
[2024-06-16T12:52:52.026+0000] {processor.py:840} INFO - DAG(s) 'example_xcom_args_with_operators', 'example_xcom_args' retrieved from /home/airflow/.local/lib/python3.12/site-packages/airflow/example_dags/example_xcomargs.py
[2024-06-16T12:52:52.054+0000] {logging_mixin.py:188} INFO - [2024-06-16T12:52:52.054+0000] {dag.py:3096} INFO - Sync 2 DAGs
[2024-06-16T12:52:52.073+0000] {logging_mixin.py:188} INFO - [2024-06-16T12:52:52.073+0000] {dag.py:3954} INFO - Setting next_dagrun for example_xcom_args to None, run_after=None
[2024-06-16T12:52:52.077+0000] {logging_mixin.py:188} INFO - [2024-06-16T12:52:52.077+0000] {dag.py:3954} INFO - Setting next_dagrun for example_xcom_args_with_operators to None, run_after=None
[2024-06-16T12:52:52.100+0000] {processor.py:183} INFO - Processing /home/airflow/.local/lib/python3.12/site-packages/airflow/example_dags/example_xcomargs.py took 0.092 seconds
[2024-06-16T12:53:22.485+0000] {processor.py:161} INFO - Started process (PID=863) to work on /home/airflow/.local/lib/python3.12/site-packages/airflow/example_dags/example_xcomargs.py
[2024-06-16T12:53:22.486+0000] {processor.py:830} INFO - Processing file /home/airflow/.local/lib/python3.12/site-packages/airflow/example_dags/example_xcomargs.py for tasks to queue
[2024-06-16T12:53:22.488+0000] {logging_mixin.py:188} INFO - [2024-06-16T12:53:22.487+0000] {dagbag.py:545} INFO - Filling up the DagBag from /home/airflow/.local/lib/python3.12/site-packages/airflow/example_dags/example_xcomargs.py
[2024-06-16T12:53:22.510+0000] {processor.py:840} INFO - DAG(s) 'example_xcom_args_with_operators', 'example_xcom_args' retrieved from /home/airflow/.local/lib/python3.12/site-packages/airflow/example_dags/example_xcomargs.py
[2024-06-16T12:53:22.559+0000] {logging_mixin.py:188} INFO - [2024-06-16T12:53:22.558+0000] {dag.py:3096} INFO - Sync 2 DAGs
[2024-06-16T12:53:22.589+0000] {logging_mixin.py:188} INFO - [2024-06-16T12:53:22.589+0000] {dag.py:3954} INFO - Setting next_dagrun for example_xcom_args to None, run_after=None
[2024-06-16T12:53:22.599+0000] {logging_mixin.py:188} INFO - [2024-06-16T12:53:22.598+0000] {dag.py:3954} INFO - Setting next_dagrun for example_xcom_args_with_operators to None, run_after=None
[2024-06-16T12:53:22.654+0000] {processor.py:183} INFO - Processing /home/airflow/.local/lib/python3.12/site-packages/airflow/example_dags/example_xcomargs.py took 0.182 seconds
[2024-06-16T12:53:52.697+0000] {processor.py:161} INFO - Started process (PID=922) to work on /home/airflow/.local/lib/python3.12/site-packages/airflow/example_dags/example_xcomargs.py
[2024-06-16T12:53:52.698+0000] {processor.py:830} INFO - Processing file /home/airflow/.local/lib/python3.12/site-packages/airflow/example_dags/example_xcomargs.py for tasks to queue
[2024-06-16T12:53:52.699+0000] {logging_mixin.py:188} INFO - [2024-06-16T12:53:52.699+0000] {dagbag.py:545} INFO - Filling up the DagBag from /home/airflow/.local/lib/python3.12/site-packages/airflow/example_dags/example_xcomargs.py
[2024-06-16T12:53:52.709+0000] {processor.py:840} INFO - DAG(s) 'example_xcom_args', 'example_xcom_args_with_operators' retrieved from /home/airflow/.local/lib/python3.12/site-packages/airflow/example_dags/example_xcomargs.py
[2024-06-16T12:53:52.747+0000] {logging_mixin.py:188} INFO - [2024-06-16T12:53:52.747+0000] {dag.py:3096} INFO - Sync 2 DAGs
[2024-06-16T12:53:52.766+0000] {logging_mixin.py:188} INFO - [2024-06-16T12:53:52.766+0000] {dag.py:3954} INFO - Setting next_dagrun for example_xcom_args to None, run_after=None
[2024-06-16T12:53:52.773+0000] {logging_mixin.py:188} INFO - [2024-06-16T12:53:52.773+0000] {dag.py:3954} INFO - Setting next_dagrun for example_xcom_args_with_operators to None, run_after=None
[2024-06-16T12:53:52.797+0000] {processor.py:183} INFO - Processing /home/airflow/.local/lib/python3.12/site-packages/airflow/example_dags/example_xcomargs.py took 0.108 seconds
[2024-06-16T12:54:23.146+0000] {processor.py:161} INFO - Started process (PID=981) to work on /home/airflow/.local/lib/python3.12/site-packages/airflow/example_dags/example_xcomargs.py
[2024-06-16T12:54:23.147+0000] {processor.py:830} INFO - Processing file /home/airflow/.local/lib/python3.12/site-packages/airflow/example_dags/example_xcomargs.py for tasks to queue
[2024-06-16T12:54:23.149+0000] {logging_mixin.py:188} INFO - [2024-06-16T12:54:23.148+0000] {dagbag.py:545} INFO - Filling up the DagBag from /home/airflow/.local/lib/python3.12/site-packages/airflow/example_dags/example_xcomargs.py
[2024-06-16T12:54:23.161+0000] {processor.py:840} INFO - DAG(s) 'example_xcom_args', 'example_xcom_args_with_operators' retrieved from /home/airflow/.local/lib/python3.12/site-packages/airflow/example_dags/example_xcomargs.py
[2024-06-16T12:54:23.200+0000] {logging_mixin.py:188} INFO - [2024-06-16T12:54:23.199+0000] {dag.py:3096} INFO - Sync 2 DAGs
[2024-06-16T12:54:23.220+0000] {logging_mixin.py:188} INFO - [2024-06-16T12:54:23.220+0000] {dag.py:3954} INFO - Setting next_dagrun for example_xcom_args to None, run_after=None
[2024-06-16T12:54:23.226+0000] {logging_mixin.py:188} INFO - [2024-06-16T12:54:23.226+0000] {dag.py:3954} INFO - Setting next_dagrun for example_xcom_args_with_operators to None, run_after=None
[2024-06-16T12:54:23.251+0000] {processor.py:183} INFO - Processing /home/airflow/.local/lib/python3.12/site-packages/airflow/example_dags/example_xcomargs.py took 0.112 seconds
[2024-06-16T12:54:53.433+0000] {processor.py:161} INFO - Started process (PID=1039) to work on /home/airflow/.local/lib/python3.12/site-packages/airflow/example_dags/example_xcomargs.py
[2024-06-16T12:54:53.433+0000] {processor.py:830} INFO - Processing file /home/airflow/.local/lib/python3.12/site-packages/airflow/example_dags/example_xcomargs.py for tasks to queue
[2024-06-16T12:54:53.434+0000] {logging_mixin.py:188} INFO - [2024-06-16T12:54:53.434+0000] {dagbag.py:545} INFO - Filling up the DagBag from /home/airflow/.local/lib/python3.12/site-packages/airflow/example_dags/example_xcomargs.py
[2024-06-16T12:54:53.445+0000] {processor.py:840} INFO - DAG(s) 'example_xcom_args_with_operators', 'example_xcom_args' retrieved from /home/airflow/.local/lib/python3.12/site-packages/airflow/example_dags/example_xcomargs.py
[2024-06-16T12:54:53.483+0000] {logging_mixin.py:188} INFO - [2024-06-16T12:54:53.483+0000] {dag.py:3096} INFO - Sync 2 DAGs
[2024-06-16T12:54:53.506+0000] {logging_mixin.py:188} INFO - [2024-06-16T12:54:53.505+0000] {dag.py:3954} INFO - Setting next_dagrun for example_xcom_args to None, run_after=None
[2024-06-16T12:54:53.512+0000] {logging_mixin.py:188} INFO - [2024-06-16T12:54:53.512+0000] {dag.py:3954} INFO - Setting next_dagrun for example_xcom_args_with_operators to None, run_after=None
[2024-06-16T12:54:53.538+0000] {processor.py:183} INFO - Processing /home/airflow/.local/lib/python3.12/site-packages/airflow/example_dags/example_xcomargs.py took 0.113 seconds
[2024-06-16T12:55:24.223+0000] {processor.py:161} INFO - Started process (PID=1097) to work on /home/airflow/.local/lib/python3.12/site-packages/airflow/example_dags/example_xcomargs.py
[2024-06-16T12:55:24.225+0000] {processor.py:830} INFO - Processing file /home/airflow/.local/lib/python3.12/site-packages/airflow/example_dags/example_xcomargs.py for tasks to queue
[2024-06-16T12:55:24.227+0000] {logging_mixin.py:188} INFO - [2024-06-16T12:55:24.226+0000] {dagbag.py:545} INFO - Filling up the DagBag from /home/airflow/.local/lib/python3.12/site-packages/airflow/example_dags/example_xcomargs.py
[2024-06-16T12:55:24.243+0000] {processor.py:840} INFO - DAG(s) 'example_xcom_args', 'example_xcom_args_with_operators' retrieved from /home/airflow/.local/lib/python3.12/site-packages/airflow/example_dags/example_xcomargs.py
[2024-06-16T12:55:24.289+0000] {logging_mixin.py:188} INFO - [2024-06-16T12:55:24.288+0000] {dag.py:3096} INFO - Sync 2 DAGs
[2024-06-16T12:55:24.319+0000] {logging_mixin.py:188} INFO - [2024-06-16T12:55:24.318+0000] {dag.py:3954} INFO - Setting next_dagrun for example_xcom_args to None, run_after=None
[2024-06-16T12:55:24.328+0000] {logging_mixin.py:188} INFO - [2024-06-16T12:55:24.328+0000] {dag.py:3954} INFO - Setting next_dagrun for example_xcom_args_with_operators to None, run_after=None
[2024-06-16T12:55:24.356+0000] {processor.py:183} INFO - Processing /home/airflow/.local/lib/python3.12/site-packages/airflow/example_dags/example_xcomargs.py took 0.143 seconds
[2024-06-16T12:55:54.549+0000] {processor.py:161} INFO - Started process (PID=1155) to work on /home/airflow/.local/lib/python3.12/site-packages/airflow/example_dags/example_xcomargs.py
[2024-06-16T12:55:54.550+0000] {processor.py:830} INFO - Processing file /home/airflow/.local/lib/python3.12/site-packages/airflow/example_dags/example_xcomargs.py for tasks to queue
[2024-06-16T12:55:54.552+0000] {logging_mixin.py:188} INFO - [2024-06-16T12:55:54.551+0000] {dagbag.py:545} INFO - Filling up the DagBag from /home/airflow/.local/lib/python3.12/site-packages/airflow/example_dags/example_xcomargs.py
[2024-06-16T12:55:54.564+0000] {processor.py:840} INFO - DAG(s) 'example_xcom_args_with_operators', 'example_xcom_args' retrieved from /home/airflow/.local/lib/python3.12/site-packages/airflow/example_dags/example_xcomargs.py
[2024-06-16T12:55:54.597+0000] {logging_mixin.py:188} INFO - [2024-06-16T12:55:54.597+0000] {dag.py:3096} INFO - Sync 2 DAGs
[2024-06-16T12:55:54.615+0000] {logging_mixin.py:188} INFO - [2024-06-16T12:55:54.614+0000] {dag.py:3954} INFO - Setting next_dagrun for example_xcom_args to None, run_after=None
[2024-06-16T12:55:54.620+0000] {logging_mixin.py:188} INFO - [2024-06-16T12:55:54.620+0000] {dag.py:3954} INFO - Setting next_dagrun for example_xcom_args_with_operators to None, run_after=None
[2024-06-16T12:55:54.642+0000] {processor.py:183} INFO - Processing /home/airflow/.local/lib/python3.12/site-packages/airflow/example_dags/example_xcomargs.py took 0.102 seconds
[2024-06-16T12:56:24.812+0000] {processor.py:161} INFO - Started process (PID=1214) to work on /home/airflow/.local/lib/python3.12/site-packages/airflow/example_dags/example_xcomargs.py
[2024-06-16T12:56:24.813+0000] {processor.py:830} INFO - Processing file /home/airflow/.local/lib/python3.12/site-packages/airflow/example_dags/example_xcomargs.py for tasks to queue
[2024-06-16T12:56:24.815+0000] {logging_mixin.py:188} INFO - [2024-06-16T12:56:24.814+0000] {dagbag.py:545} INFO - Filling up the DagBag from /home/airflow/.local/lib/python3.12/site-packages/airflow/example_dags/example_xcomargs.py
[2024-06-16T12:56:24.826+0000] {processor.py:840} INFO - DAG(s) 'example_xcom_args', 'example_xcom_args_with_operators' retrieved from /home/airflow/.local/lib/python3.12/site-packages/airflow/example_dags/example_xcomargs.py
[2024-06-16T12:56:24.860+0000] {logging_mixin.py:188} INFO - [2024-06-16T12:56:24.860+0000] {dag.py:3096} INFO - Sync 2 DAGs
[2024-06-16T12:56:24.877+0000] {logging_mixin.py:188} INFO - [2024-06-16T12:56:24.877+0000] {dag.py:3954} INFO - Setting next_dagrun for example_xcom_args to None, run_after=None
[2024-06-16T12:56:24.883+0000] {logging_mixin.py:188} INFO - [2024-06-16T12:56:24.882+0000] {dag.py:3954} INFO - Setting next_dagrun for example_xcom_args_with_operators to None, run_after=None
[2024-06-16T12:56:24.907+0000] {processor.py:183} INFO - Processing /home/airflow/.local/lib/python3.12/site-packages/airflow/example_dags/example_xcomargs.py took 0.104 seconds
[2024-06-16T12:56:55.276+0000] {processor.py:161} INFO - Started process (PID=1273) to work on /home/airflow/.local/lib/python3.12/site-packages/airflow/example_dags/example_xcomargs.py
[2024-06-16T12:56:55.276+0000] {processor.py:830} INFO - Processing file /home/airflow/.local/lib/python3.12/site-packages/airflow/example_dags/example_xcomargs.py for tasks to queue
[2024-06-16T12:56:55.277+0000] {logging_mixin.py:188} INFO - [2024-06-16T12:56:55.277+0000] {dagbag.py:545} INFO - Filling up the DagBag from /home/airflow/.local/lib/python3.12/site-packages/airflow/example_dags/example_xcomargs.py
[2024-06-16T12:56:55.287+0000] {processor.py:840} INFO - DAG(s) 'example_xcom_args_with_operators', 'example_xcom_args' retrieved from /home/airflow/.local/lib/python3.12/site-packages/airflow/example_dags/example_xcomargs.py
[2024-06-16T12:56:55.321+0000] {logging_mixin.py:188} INFO - [2024-06-16T12:56:55.320+0000] {dag.py:3096} INFO - Sync 2 DAGs
[2024-06-16T12:56:55.337+0000] {logging_mixin.py:188} INFO - [2024-06-16T12:56:55.337+0000] {dag.py:3954} INFO - Setting next_dagrun for example_xcom_args to None, run_after=None
[2024-06-16T12:56:55.345+0000] {logging_mixin.py:188} INFO - [2024-06-16T12:56:55.344+0000] {dag.py:3954} INFO - Setting next_dagrun for example_xcom_args_with_operators to None, run_after=None
[2024-06-16T12:56:55.372+0000] {processor.py:183} INFO - Processing /home/airflow/.local/lib/python3.12/site-packages/airflow/example_dags/example_xcomargs.py took 0.103 seconds
[2024-06-16T12:57:25.603+0000] {processor.py:161} INFO - Started process (PID=1331) to work on /home/airflow/.local/lib/python3.12/site-packages/airflow/example_dags/example_xcomargs.py
[2024-06-16T12:57:25.604+0000] {processor.py:830} INFO - Processing file /home/airflow/.local/lib/python3.12/site-packages/airflow/example_dags/example_xcomargs.py for tasks to queue
[2024-06-16T12:57:25.606+0000] {logging_mixin.py:188} INFO - [2024-06-16T12:57:25.605+0000] {dagbag.py:545} INFO - Filling up the DagBag from /home/airflow/.local/lib/python3.12/site-packages/airflow/example_dags/example_xcomargs.py
[2024-06-16T12:57:25.621+0000] {processor.py:840} INFO - DAG(s) 'example_xcom_args_with_operators', 'example_xcom_args' retrieved from /home/airflow/.local/lib/python3.12/site-packages/airflow/example_dags/example_xcomargs.py
[2024-06-16T12:57:25.666+0000] {logging_mixin.py:188} INFO - [2024-06-16T12:57:25.665+0000] {dag.py:3096} INFO - Sync 2 DAGs
[2024-06-16T12:57:25.691+0000] {logging_mixin.py:188} INFO - [2024-06-16T12:57:25.691+0000] {dag.py:3954} INFO - Setting next_dagrun for example_xcom_args to None, run_after=None
[2024-06-16T12:57:25.698+0000] {logging_mixin.py:188} INFO - [2024-06-16T12:57:25.698+0000] {dag.py:3954} INFO - Setting next_dagrun for example_xcom_args_with_operators to None, run_after=None
[2024-06-16T12:57:25.729+0000] {processor.py:183} INFO - Processing /home/airflow/.local/lib/python3.12/site-packages/airflow/example_dags/example_xcomargs.py took 0.136 seconds
[2024-06-16T12:57:55.902+0000] {processor.py:161} INFO - Started process (PID=1390) to work on /home/airflow/.local/lib/python3.12/site-packages/airflow/example_dags/example_xcomargs.py
[2024-06-16T12:57:55.903+0000] {processor.py:830} INFO - Processing file /home/airflow/.local/lib/python3.12/site-packages/airflow/example_dags/example_xcomargs.py for tasks to queue
[2024-06-16T12:57:55.904+0000] {logging_mixin.py:188} INFO - [2024-06-16T12:57:55.904+0000] {dagbag.py:545} INFO - Filling up the DagBag from /home/airflow/.local/lib/python3.12/site-packages/airflow/example_dags/example_xcomargs.py
[2024-06-16T12:57:55.918+0000] {processor.py:840} INFO - DAG(s) 'example_xcom_args', 'example_xcom_args_with_operators' retrieved from /home/airflow/.local/lib/python3.12/site-packages/airflow/example_dags/example_xcomargs.py
[2024-06-16T12:57:55.961+0000] {logging_mixin.py:188} INFO - [2024-06-16T12:57:55.961+0000] {dag.py:3096} INFO - Sync 2 DAGs
[2024-06-16T12:57:55.983+0000] {logging_mixin.py:188} INFO - [2024-06-16T12:57:55.983+0000] {dag.py:3954} INFO - Setting next_dagrun for example_xcom_args to None, run_after=None
[2024-06-16T12:57:55.989+0000] {logging_mixin.py:188} INFO - [2024-06-16T12:57:55.989+0000] {dag.py:3954} INFO - Setting next_dagrun for example_xcom_args_with_operators to None, run_after=None
[2024-06-16T12:57:56.017+0000] {processor.py:183} INFO - Processing /home/airflow/.local/lib/python3.12/site-packages/airflow/example_dags/example_xcomargs.py took 0.123 seconds
[2024-06-16T12:58:26.214+0000] {processor.py:161} INFO - Started process (PID=1448) to work on /home/airflow/.local/lib/python3.12/site-packages/airflow/example_dags/example_xcomargs.py
[2024-06-16T12:58:26.215+0000] {processor.py:830} INFO - Processing file /home/airflow/.local/lib/python3.12/site-packages/airflow/example_dags/example_xcomargs.py for tasks to queue
[2024-06-16T12:58:26.217+0000] {logging_mixin.py:188} INFO - [2024-06-16T12:58:26.216+0000] {dagbag.py:545} INFO - Filling up the DagBag from /home/airflow/.local/lib/python3.12/site-packages/airflow/example_dags/example_xcomargs.py
[2024-06-16T12:58:26.228+0000] {processor.py:840} INFO - DAG(s) 'example_xcom_args', 'example_xcom_args_with_operators' retrieved from /home/airflow/.local/lib/python3.12/site-packages/airflow/example_dags/example_xcomargs.py
[2024-06-16T12:58:26.266+0000] {logging_mixin.py:188} INFO - [2024-06-16T12:58:26.266+0000] {dag.py:3096} INFO - Sync 2 DAGs
[2024-06-16T12:58:26.288+0000] {logging_mixin.py:188} INFO - [2024-06-16T12:58:26.288+0000] {dag.py:3954} INFO - Setting next_dagrun for example_xcom_args to None, run_after=None
[2024-06-16T12:58:26.295+0000] {logging_mixin.py:188} INFO - [2024-06-16T12:58:26.295+0000] {dag.py:3954} INFO - Setting next_dagrun for example_xcom_args_with_operators to None, run_after=None
[2024-06-16T12:58:26.322+0000] {processor.py:183} INFO - Processing /home/airflow/.local/lib/python3.12/site-packages/airflow/example_dags/example_xcomargs.py took 0.117 seconds
[2024-06-16T12:58:57.116+0000] {processor.py:161} INFO - Started process (PID=1514) to work on /home/airflow/.local/lib/python3.12/site-packages/airflow/example_dags/example_xcomargs.py
[2024-06-16T12:58:57.117+0000] {processor.py:830} INFO - Processing file /home/airflow/.local/lib/python3.12/site-packages/airflow/example_dags/example_xcomargs.py for tasks to queue
[2024-06-16T12:58:57.118+0000] {logging_mixin.py:188} INFO - [2024-06-16T12:58:57.117+0000] {dagbag.py:545} INFO - Filling up the DagBag from /home/airflow/.local/lib/python3.12/site-packages/airflow/example_dags/example_xcomargs.py
[2024-06-16T12:58:57.132+0000] {processor.py:840} INFO - DAG(s) 'example_xcom_args', 'example_xcom_args_with_operators' retrieved from /home/airflow/.local/lib/python3.12/site-packages/airflow/example_dags/example_xcomargs.py
[2024-06-16T12:58:57.168+0000] {logging_mixin.py:188} INFO - [2024-06-16T12:58:57.168+0000] {dag.py:3096} INFO - Sync 2 DAGs
[2024-06-16T12:58:57.186+0000] {logging_mixin.py:188} INFO - [2024-06-16T12:58:57.186+0000] {dag.py:3954} INFO - Setting next_dagrun for example_xcom_args to None, run_after=None
[2024-06-16T12:58:57.192+0000] {logging_mixin.py:188} INFO - [2024-06-16T12:58:57.191+0000] {dag.py:3954} INFO - Setting next_dagrun for example_xcom_args_with_operators to None, run_after=None
[2024-06-16T12:58:57.214+0000] {processor.py:183} INFO - Processing /home/airflow/.local/lib/python3.12/site-packages/airflow/example_dags/example_xcomargs.py took 0.106 seconds
[2024-06-16T12:59:27.598+0000] {processor.py:161} INFO - Started process (PID=1576) to work on /home/airflow/.local/lib/python3.12/site-packages/airflow/example_dags/example_xcomargs.py
[2024-06-16T12:59:27.599+0000] {processor.py:830} INFO - Processing file /home/airflow/.local/lib/python3.12/site-packages/airflow/example_dags/example_xcomargs.py for tasks to queue
[2024-06-16T12:59:27.602+0000] {logging_mixin.py:188} INFO - [2024-06-16T12:59:27.601+0000] {dagbag.py:545} INFO - Filling up the DagBag from /home/airflow/.local/lib/python3.12/site-packages/airflow/example_dags/example_xcomargs.py
[2024-06-16T12:59:27.616+0000] {processor.py:840} INFO - DAG(s) 'example_xcom_args', 'example_xcom_args_with_operators' retrieved from /home/airflow/.local/lib/python3.12/site-packages/airflow/example_dags/example_xcomargs.py
[2024-06-16T12:59:27.649+0000] {logging_mixin.py:188} INFO - [2024-06-16T12:59:27.649+0000] {dag.py:3096} INFO - Sync 2 DAGs
[2024-06-16T12:59:27.664+0000] {logging_mixin.py:188} INFO - [2024-06-16T12:59:27.664+0000] {dag.py:3954} INFO - Setting next_dagrun for example_xcom_args to None, run_after=None
[2024-06-16T12:59:27.670+0000] {logging_mixin.py:188} INFO - [2024-06-16T12:59:27.669+0000] {dag.py:3954} INFO - Setting next_dagrun for example_xcom_args_with_operators to None, run_after=None
[2024-06-16T12:59:27.688+0000] {processor.py:183} INFO - Processing /home/airflow/.local/lib/python3.12/site-packages/airflow/example_dags/example_xcomargs.py took 0.101 seconds
[2024-06-16T12:59:58.030+0000] {processor.py:161} INFO - Started process (PID=1636) to work on /home/airflow/.local/lib/python3.12/site-packages/airflow/example_dags/example_xcomargs.py
[2024-06-16T12:59:58.031+0000] {processor.py:830} INFO - Processing file /home/airflow/.local/lib/python3.12/site-packages/airflow/example_dags/example_xcomargs.py for tasks to queue
[2024-06-16T12:59:58.032+0000] {logging_mixin.py:188} INFO - [2024-06-16T12:59:58.031+0000] {dagbag.py:545} INFO - Filling up the DagBag from /home/airflow/.local/lib/python3.12/site-packages/airflow/example_dags/example_xcomargs.py
[2024-06-16T12:59:58.045+0000] {processor.py:840} INFO - DAG(s) 'example_xcom_args', 'example_xcom_args_with_operators' retrieved from /home/airflow/.local/lib/python3.12/site-packages/airflow/example_dags/example_xcomargs.py
[2024-06-16T12:59:58.090+0000] {logging_mixin.py:188} INFO - [2024-06-16T12:59:58.089+0000] {dag.py:3096} INFO - Sync 2 DAGs
[2024-06-16T12:59:58.119+0000] {logging_mixin.py:188} INFO - [2024-06-16T12:59:58.119+0000] {dag.py:3954} INFO - Setting next_dagrun for example_xcom_args to None, run_after=None
[2024-06-16T12:59:58.125+0000] {logging_mixin.py:188} INFO - [2024-06-16T12:59:58.125+0000] {dag.py:3954} INFO - Setting next_dagrun for example_xcom_args_with_operators to None, run_after=None
[2024-06-16T12:59:58.157+0000] {processor.py:183} INFO - Processing /home/airflow/.local/lib/python3.12/site-packages/airflow/example_dags/example_xcomargs.py took 0.135 seconds
[2024-06-16T13:00:28.868+0000] {processor.py:161} INFO - Started process (PID=1703) to work on /home/airflow/.local/lib/python3.12/site-packages/airflow/example_dags/example_xcomargs.py
[2024-06-16T13:00:28.869+0000] {processor.py:830} INFO - Processing file /home/airflow/.local/lib/python3.12/site-packages/airflow/example_dags/example_xcomargs.py for tasks to queue
[2024-06-16T13:00:28.870+0000] {logging_mixin.py:188} INFO - [2024-06-16T13:00:28.870+0000] {dagbag.py:545} INFO - Filling up the DagBag from /home/airflow/.local/lib/python3.12/site-packages/airflow/example_dags/example_xcomargs.py
[2024-06-16T13:00:28.880+0000] {processor.py:840} INFO - DAG(s) 'example_xcom_args', 'example_xcom_args_with_operators' retrieved from /home/airflow/.local/lib/python3.12/site-packages/airflow/example_dags/example_xcomargs.py
[2024-06-16T13:00:28.911+0000] {logging_mixin.py:188} INFO - [2024-06-16T13:00:28.911+0000] {dag.py:3096} INFO - Sync 2 DAGs
[2024-06-16T13:00:28.927+0000] {logging_mixin.py:188} INFO - [2024-06-16T13:00:28.927+0000] {dag.py:3954} INFO - Setting next_dagrun for example_xcom_args to None, run_after=None
[2024-06-16T13:00:28.933+0000] {logging_mixin.py:188} INFO - [2024-06-16T13:00:28.932+0000] {dag.py:3954} INFO - Setting next_dagrun for example_xcom_args_with_operators to None, run_after=None
[2024-06-16T13:00:28.955+0000] {processor.py:183} INFO - Processing /home/airflow/.local/lib/python3.12/site-packages/airflow/example_dags/example_xcomargs.py took 0.096 seconds
[2024-06-16T13:00:59.194+0000] {processor.py:161} INFO - Started process (PID=1762) to work on /home/airflow/.local/lib/python3.12/site-packages/airflow/example_dags/example_xcomargs.py
[2024-06-16T13:00:59.195+0000] {processor.py:830} INFO - Processing file /home/airflow/.local/lib/python3.12/site-packages/airflow/example_dags/example_xcomargs.py for tasks to queue
[2024-06-16T13:00:59.196+0000] {logging_mixin.py:188} INFO - [2024-06-16T13:00:59.195+0000] {dagbag.py:545} INFO - Filling up the DagBag from /home/airflow/.local/lib/python3.12/site-packages/airflow/example_dags/example_xcomargs.py
[2024-06-16T13:00:59.206+0000] {processor.py:840} INFO - DAG(s) 'example_xcom_args_with_operators', 'example_xcom_args' retrieved from /home/airflow/.local/lib/python3.12/site-packages/airflow/example_dags/example_xcomargs.py
[2024-06-16T13:00:59.234+0000] {logging_mixin.py:188} INFO - [2024-06-16T13:00:59.234+0000] {dag.py:3096} INFO - Sync 2 DAGs
[2024-06-16T13:00:59.251+0000] {logging_mixin.py:188} INFO - [2024-06-16T13:00:59.250+0000] {dag.py:3954} INFO - Setting next_dagrun for example_xcom_args to None, run_after=None
[2024-06-16T13:00:59.255+0000] {logging_mixin.py:188} INFO - [2024-06-16T13:00:59.255+0000] {dag.py:3954} INFO - Setting next_dagrun for example_xcom_args_with_operators to None, run_after=None
[2024-06-16T13:00:59.275+0000] {processor.py:183} INFO - Processing /home/airflow/.local/lib/python3.12/site-packages/airflow/example_dags/example_xcomargs.py took 0.089 seconds
[2024-06-16T13:01:29.575+0000] {processor.py:161} INFO - Started process (PID=1821) to work on /home/airflow/.local/lib/python3.12/site-packages/airflow/example_dags/example_xcomargs.py
[2024-06-16T13:01:29.576+0000] {processor.py:830} INFO - Processing file /home/airflow/.local/lib/python3.12/site-packages/airflow/example_dags/example_xcomargs.py for tasks to queue
[2024-06-16T13:01:29.577+0000] {logging_mixin.py:188} INFO - [2024-06-16T13:01:29.577+0000] {dagbag.py:545} INFO - Filling up the DagBag from /home/airflow/.local/lib/python3.12/site-packages/airflow/example_dags/example_xcomargs.py
[2024-06-16T13:01:29.589+0000] {processor.py:840} INFO - DAG(s) 'example_xcom_args', 'example_xcom_args_with_operators' retrieved from /home/airflow/.local/lib/python3.12/site-packages/airflow/example_dags/example_xcomargs.py
[2024-06-16T13:01:29.621+0000] {logging_mixin.py:188} INFO - [2024-06-16T13:01:29.621+0000] {dag.py:3096} INFO - Sync 2 DAGs
[2024-06-16T13:01:29.642+0000] {logging_mixin.py:188} INFO - [2024-06-16T13:01:29.641+0000] {dag.py:3954} INFO - Setting next_dagrun for example_xcom_args to None, run_after=None
[2024-06-16T13:01:29.648+0000] {logging_mixin.py:188} INFO - [2024-06-16T13:01:29.647+0000] {dag.py:3954} INFO - Setting next_dagrun for example_xcom_args_with_operators to None, run_after=None
[2024-06-16T13:01:29.671+0000] {processor.py:183} INFO - Processing /home/airflow/.local/lib/python3.12/site-packages/airflow/example_dags/example_xcomargs.py took 0.105 seconds
[2024-06-16T13:02:00.027+0000] {processor.py:161} INFO - Started process (PID=1880) to work on /home/airflow/.local/lib/python3.12/site-packages/airflow/example_dags/example_xcomargs.py
[2024-06-16T13:02:00.029+0000] {processor.py:830} INFO - Processing file /home/airflow/.local/lib/python3.12/site-packages/airflow/example_dags/example_xcomargs.py for tasks to queue
[2024-06-16T13:02:00.037+0000] {logging_mixin.py:188} INFO - [2024-06-16T13:02:00.036+0000] {dagbag.py:545} INFO - Filling up the DagBag from /home/airflow/.local/lib/python3.12/site-packages/airflow/example_dags/example_xcomargs.py
[2024-06-16T13:02:00.057+0000] {processor.py:840} INFO - DAG(s) 'example_xcom_args_with_operators', 'example_xcom_args' retrieved from /home/airflow/.local/lib/python3.12/site-packages/airflow/example_dags/example_xcomargs.py
[2024-06-16T13:02:00.105+0000] {logging_mixin.py:188} INFO - [2024-06-16T13:02:00.104+0000] {dag.py:3096} INFO - Sync 2 DAGs
[2024-06-16T13:02:00.125+0000] {logging_mixin.py:188} INFO - [2024-06-16T13:02:00.125+0000] {dag.py:3954} INFO - Setting next_dagrun for example_xcom_args to None, run_after=None
[2024-06-16T13:02:00.131+0000] {logging_mixin.py:188} INFO - [2024-06-16T13:02:00.130+0000] {dag.py:3954} INFO - Setting next_dagrun for example_xcom_args_with_operators to None, run_after=None
[2024-06-16T13:02:00.161+0000] {processor.py:183} INFO - Processing /home/airflow/.local/lib/python3.12/site-packages/airflow/example_dags/example_xcomargs.py took 0.144 seconds
[2024-06-16T13:02:30.335+0000] {processor.py:161} INFO - Started process (PID=1939) to work on /home/airflow/.local/lib/python3.12/site-packages/airflow/example_dags/example_xcomargs.py
[2024-06-16T13:02:30.337+0000] {processor.py:830} INFO - Processing file /home/airflow/.local/lib/python3.12/site-packages/airflow/example_dags/example_xcomargs.py for tasks to queue
[2024-06-16T13:02:30.338+0000] {logging_mixin.py:188} INFO - [2024-06-16T13:02:30.338+0000] {dagbag.py:545} INFO - Filling up the DagBag from /home/airflow/.local/lib/python3.12/site-packages/airflow/example_dags/example_xcomargs.py
[2024-06-16T13:02:30.351+0000] {processor.py:840} INFO - DAG(s) 'example_xcom_args', 'example_xcom_args_with_operators' retrieved from /home/airflow/.local/lib/python3.12/site-packages/airflow/example_dags/example_xcomargs.py
[2024-06-16T13:02:30.387+0000] {logging_mixin.py:188} INFO - [2024-06-16T13:02:30.386+0000] {dag.py:3096} INFO - Sync 2 DAGs
[2024-06-16T13:02:30.409+0000] {logging_mixin.py:188} INFO - [2024-06-16T13:02:30.408+0000] {dag.py:3954} INFO - Setting next_dagrun for example_xcom_args to None, run_after=None
[2024-06-16T13:02:30.415+0000] {logging_mixin.py:188} INFO - [2024-06-16T13:02:30.415+0000] {dag.py:3954} INFO - Setting next_dagrun for example_xcom_args_with_operators to None, run_after=None
[2024-06-16T13:02:30.446+0000] {processor.py:183} INFO - Processing /home/airflow/.local/lib/python3.12/site-packages/airflow/example_dags/example_xcomargs.py took 0.120 seconds
[2024-06-16T13:03:00.788+0000] {processor.py:161} INFO - Started process (PID=1998) to work on /home/airflow/.local/lib/python3.12/site-packages/airflow/example_dags/example_xcomargs.py
[2024-06-16T13:03:00.789+0000] {processor.py:830} INFO - Processing file /home/airflow/.local/lib/python3.12/site-packages/airflow/example_dags/example_xcomargs.py for tasks to queue
[2024-06-16T13:03:00.790+0000] {logging_mixin.py:188} INFO - [2024-06-16T13:03:00.790+0000] {dagbag.py:545} INFO - Filling up the DagBag from /home/airflow/.local/lib/python3.12/site-packages/airflow/example_dags/example_xcomargs.py
[2024-06-16T13:03:00.801+0000] {processor.py:840} INFO - DAG(s) 'example_xcom_args_with_operators', 'example_xcom_args' retrieved from /home/airflow/.local/lib/python3.12/site-packages/airflow/example_dags/example_xcomargs.py
[2024-06-16T13:03:00.835+0000] {logging_mixin.py:188} INFO - [2024-06-16T13:03:00.835+0000] {dag.py:3096} INFO - Sync 2 DAGs
[2024-06-16T13:03:00.853+0000] {logging_mixin.py:188} INFO - [2024-06-16T13:03:00.853+0000] {dag.py:3954} INFO - Setting next_dagrun for example_xcom_args to None, run_after=None
[2024-06-16T13:03:00.859+0000] {logging_mixin.py:188} INFO - [2024-06-16T13:03:00.859+0000] {dag.py:3954} INFO - Setting next_dagrun for example_xcom_args_with_operators to None, run_after=None
[2024-06-16T13:03:00.885+0000] {processor.py:183} INFO - Processing /home/airflow/.local/lib/python3.12/site-packages/airflow/example_dags/example_xcomargs.py took 0.106 seconds
[2024-06-16T13:03:31.332+0000] {processor.py:161} INFO - Started process (PID=2057) to work on /home/airflow/.local/lib/python3.12/site-packages/airflow/example_dags/example_xcomargs.py
[2024-06-16T13:03:31.333+0000] {processor.py:830} INFO - Processing file /home/airflow/.local/lib/python3.12/site-packages/airflow/example_dags/example_xcomargs.py for tasks to queue
[2024-06-16T13:03:31.334+0000] {logging_mixin.py:188} INFO - [2024-06-16T13:03:31.334+0000] {dagbag.py:545} INFO - Filling up the DagBag from /home/airflow/.local/lib/python3.12/site-packages/airflow/example_dags/example_xcomargs.py
[2024-06-16T13:03:31.344+0000] {processor.py:840} INFO - DAG(s) 'example_xcom_args', 'example_xcom_args_with_operators' retrieved from /home/airflow/.local/lib/python3.12/site-packages/airflow/example_dags/example_xcomargs.py
[2024-06-16T13:03:31.372+0000] {logging_mixin.py:188} INFO - [2024-06-16T13:03:31.371+0000] {dag.py:3096} INFO - Sync 2 DAGs
[2024-06-16T13:03:31.387+0000] {logging_mixin.py:188} INFO - [2024-06-16T13:03:31.387+0000] {dag.py:3954} INFO - Setting next_dagrun for example_xcom_args to None, run_after=None
[2024-06-16T13:03:31.392+0000] {logging_mixin.py:188} INFO - [2024-06-16T13:03:31.392+0000] {dag.py:3954} INFO - Setting next_dagrun for example_xcom_args_with_operators to None, run_after=None
[2024-06-16T13:03:31.413+0000] {processor.py:183} INFO - Processing /home/airflow/.local/lib/python3.12/site-packages/airflow/example_dags/example_xcomargs.py took 0.088 seconds
[2024-06-16T13:04:01.649+0000] {processor.py:161} INFO - Started process (PID=2117) to work on /home/airflow/.local/lib/python3.12/site-packages/airflow/example_dags/example_xcomargs.py
[2024-06-16T13:04:01.650+0000] {processor.py:830} INFO - Processing file /home/airflow/.local/lib/python3.12/site-packages/airflow/example_dags/example_xcomargs.py for tasks to queue
[2024-06-16T13:04:01.651+0000] {logging_mixin.py:188} INFO - [2024-06-16T13:04:01.651+0000] {dagbag.py:545} INFO - Filling up the DagBag from /home/airflow/.local/lib/python3.12/site-packages/airflow/example_dags/example_xcomargs.py
[2024-06-16T13:04:01.663+0000] {processor.py:840} INFO - DAG(s) 'example_xcom_args_with_operators', 'example_xcom_args' retrieved from /home/airflow/.local/lib/python3.12/site-packages/airflow/example_dags/example_xcomargs.py
[2024-06-16T13:04:01.702+0000] {logging_mixin.py:188} INFO - [2024-06-16T13:04:01.701+0000] {dag.py:3096} INFO - Sync 2 DAGs
[2024-06-16T13:04:01.724+0000] {logging_mixin.py:188} INFO - [2024-06-16T13:04:01.723+0000] {dag.py:3954} INFO - Setting next_dagrun for example_xcom_args to None, run_after=None
[2024-06-16T13:04:01.731+0000] {logging_mixin.py:188} INFO - [2024-06-16T13:04:01.730+0000] {dag.py:3954} INFO - Setting next_dagrun for example_xcom_args_with_operators to None, run_after=None
[2024-06-16T13:04:01.935+0000] {processor.py:183} INFO - Processing /home/airflow/.local/lib/python3.12/site-packages/airflow/example_dags/example_xcomargs.py took 0.293 seconds
[2024-06-16T13:04:32.153+0000] {processor.py:161} INFO - Started process (PID=2178) to work on /home/airflow/.local/lib/python3.12/site-packages/airflow/example_dags/example_xcomargs.py
[2024-06-16T13:04:32.154+0000] {processor.py:830} INFO - Processing file /home/airflow/.local/lib/python3.12/site-packages/airflow/example_dags/example_xcomargs.py for tasks to queue
[2024-06-16T13:04:32.155+0000] {logging_mixin.py:188} INFO - [2024-06-16T13:04:32.154+0000] {dagbag.py:545} INFO - Filling up the DagBag from /home/airflow/.local/lib/python3.12/site-packages/airflow/example_dags/example_xcomargs.py
[2024-06-16T13:04:32.170+0000] {processor.py:840} INFO - DAG(s) 'example_xcom_args', 'example_xcom_args_with_operators' retrieved from /home/airflow/.local/lib/python3.12/site-packages/airflow/example_dags/example_xcomargs.py
[2024-06-16T13:04:32.219+0000] {logging_mixin.py:188} INFO - [2024-06-16T13:04:32.218+0000] {dag.py:3096} INFO - Sync 2 DAGs
[2024-06-16T13:04:32.245+0000] {logging_mixin.py:188} INFO - [2024-06-16T13:04:32.244+0000] {dag.py:3954} INFO - Setting next_dagrun for example_xcom_args to None, run_after=None
[2024-06-16T13:04:32.252+0000] {logging_mixin.py:188} INFO - [2024-06-16T13:04:32.252+0000] {dag.py:3954} INFO - Setting next_dagrun for example_xcom_args_with_operators to None, run_after=None
[2024-06-16T13:04:32.281+0000] {processor.py:183} INFO - Processing /home/airflow/.local/lib/python3.12/site-packages/airflow/example_dags/example_xcomargs.py took 0.138 seconds
[2024-06-16T13:05:02.490+0000] {processor.py:161} INFO - Started process (PID=2238) to work on /home/airflow/.local/lib/python3.12/site-packages/airflow/example_dags/example_xcomargs.py
[2024-06-16T13:05:02.491+0000] {processor.py:830} INFO - Processing file /home/airflow/.local/lib/python3.12/site-packages/airflow/example_dags/example_xcomargs.py for tasks to queue
[2024-06-16T13:05:02.492+0000] {logging_mixin.py:188} INFO - [2024-06-16T13:05:02.492+0000] {dagbag.py:545} INFO - Filling up the DagBag from /home/airflow/.local/lib/python3.12/site-packages/airflow/example_dags/example_xcomargs.py
[2024-06-16T13:05:02.503+0000] {processor.py:840} INFO - DAG(s) 'example_xcom_args_with_operators', 'example_xcom_args' retrieved from /home/airflow/.local/lib/python3.12/site-packages/airflow/example_dags/example_xcomargs.py
[2024-06-16T13:05:02.538+0000] {logging_mixin.py:188} INFO - [2024-06-16T13:05:02.538+0000] {dag.py:3096} INFO - Sync 2 DAGs
[2024-06-16T13:05:02.557+0000] {logging_mixin.py:188} INFO - [2024-06-16T13:05:02.556+0000] {dag.py:3954} INFO - Setting next_dagrun for example_xcom_args to None, run_after=None
[2024-06-16T13:05:02.562+0000] {logging_mixin.py:188} INFO - [2024-06-16T13:05:02.561+0000] {dag.py:3954} INFO - Setting next_dagrun for example_xcom_args_with_operators to None, run_after=None
[2024-06-16T13:05:02.586+0000] {processor.py:183} INFO - Processing /home/airflow/.local/lib/python3.12/site-packages/airflow/example_dags/example_xcomargs.py took 0.104 seconds
[2024-06-16T13:05:33.062+0000] {processor.py:161} INFO - Started process (PID=2297) to work on /home/airflow/.local/lib/python3.12/site-packages/airflow/example_dags/example_xcomargs.py
[2024-06-16T13:05:33.063+0000] {processor.py:830} INFO - Processing file /home/airflow/.local/lib/python3.12/site-packages/airflow/example_dags/example_xcomargs.py for tasks to queue
[2024-06-16T13:05:33.065+0000] {logging_mixin.py:188} INFO - [2024-06-16T13:05:33.064+0000] {dagbag.py:545} INFO - Filling up the DagBag from /home/airflow/.local/lib/python3.12/site-packages/airflow/example_dags/example_xcomargs.py
[2024-06-16T13:05:33.078+0000] {processor.py:840} INFO - DAG(s) 'example_xcom_args_with_operators', 'example_xcom_args' retrieved from /home/airflow/.local/lib/python3.12/site-packages/airflow/example_dags/example_xcomargs.py
[2024-06-16T13:05:33.116+0000] {logging_mixin.py:188} INFO - [2024-06-16T13:05:33.116+0000] {dag.py:3096} INFO - Sync 2 DAGs
[2024-06-16T13:05:33.140+0000] {logging_mixin.py:188} INFO - [2024-06-16T13:05:33.140+0000] {dag.py:3954} INFO - Setting next_dagrun for example_xcom_args to None, run_after=None
[2024-06-16T13:05:33.148+0000] {logging_mixin.py:188} INFO - [2024-06-16T13:05:33.148+0000] {dag.py:3954} INFO - Setting next_dagrun for example_xcom_args_with_operators to None, run_after=None
[2024-06-16T13:05:33.355+0000] {processor.py:183} INFO - Processing /home/airflow/.local/lib/python3.12/site-packages/airflow/example_dags/example_xcomargs.py took 0.301 seconds
[2024-06-16T13:06:03.934+0000] {processor.py:161} INFO - Started process (PID=2356) to work on /home/airflow/.local/lib/python3.12/site-packages/airflow/example_dags/example_xcomargs.py
[2024-06-16T13:06:03.935+0000] {processor.py:830} INFO - Processing file /home/airflow/.local/lib/python3.12/site-packages/airflow/example_dags/example_xcomargs.py for tasks to queue
[2024-06-16T13:06:03.936+0000] {logging_mixin.py:188} INFO - [2024-06-16T13:06:03.935+0000] {dagbag.py:545} INFO - Filling up the DagBag from /home/airflow/.local/lib/python3.12/site-packages/airflow/example_dags/example_xcomargs.py
[2024-06-16T13:06:03.949+0000] {processor.py:840} INFO - DAG(s) 'example_xcom_args', 'example_xcom_args_with_operators' retrieved from /home/airflow/.local/lib/python3.12/site-packages/airflow/example_dags/example_xcomargs.py
[2024-06-16T13:06:03.985+0000] {logging_mixin.py:188} INFO - [2024-06-16T13:06:03.985+0000] {dag.py:3096} INFO - Sync 2 DAGs
[2024-06-16T13:06:04.003+0000] {logging_mixin.py:188} INFO - [2024-06-16T13:06:04.002+0000] {dag.py:3954} INFO - Setting next_dagrun for example_xcom_args to None, run_after=None
[2024-06-16T13:06:04.008+0000] {logging_mixin.py:188} INFO - [2024-06-16T13:06:04.007+0000] {dag.py:3954} INFO - Setting next_dagrun for example_xcom_args_with_operators to None, run_after=None
[2024-06-16T13:06:04.031+0000] {processor.py:183} INFO - Processing /home/airflow/.local/lib/python3.12/site-packages/airflow/example_dags/example_xcomargs.py took 0.105 seconds
