[2024-06-16T12:21:08.661+0000] {processor.py:161} INFO - Started process (PID=73) to work on /home/airflow/.local/lib/python3.12/site-packages/airflow/example_dags/example_external_task_marker_dag.py
[2024-06-16T12:21:08.693+0000] {processor.py:830} INFO - Processing file /home/airflow/.local/lib/python3.12/site-packages/airflow/example_dags/example_external_task_marker_dag.py for tasks to queue
[2024-06-16T12:21:08.701+0000] {logging_mixin.py:188} INFO - [2024-06-16T12:21:08.700+0000] {dagbag.py:545} INFO - Filling up the DagBag from /home/airflow/.local/lib/python3.12/site-packages/airflow/example_dags/example_external_task_marker_dag.py
[2024-06-16T12:21:08.749+0000] {processor.py:840} INFO - DAG(s) 'example_external_task_marker_parent', 'example_external_task_marker_child' retrieved from /home/airflow/.local/lib/python3.12/site-packages/airflow/example_dags/example_external_task_marker_dag.py
[2024-06-16T12:21:09.407+0000] {logging_mixin.py:188} INFO - [2024-06-16T12:21:09.402+0000] {override.py:1829} INFO - Created Permission View: can edit on DAG:example_external_task_marker_parent
[2024-06-16T12:21:09.504+0000] {logging_mixin.py:188} INFO - [2024-06-16T12:21:09.503+0000] {override.py:1829} INFO - Created Permission View: can delete on DAG:example_external_task_marker_parent
[2024-06-16T12:21:09.580+0000] {logging_mixin.py:188} INFO - [2024-06-16T12:21:09.580+0000] {override.py:1829} INFO - Created Permission View: can read on DAG:example_external_task_marker_parent
[2024-06-16T12:21:09.677+0000] {logging_mixin.py:188} INFO - [2024-06-16T12:21:09.677+0000] {override.py:1829} INFO - Created Permission View: can edit on DAG:example_external_task_marker_child
[2024-06-16T12:21:09.712+0000] {logging_mixin.py:188} INFO - [2024-06-16T12:21:09.712+0000] {override.py:1829} INFO - Created Permission View: can delete on DAG:example_external_task_marker_child
[2024-06-16T12:21:09.751+0000] {logging_mixin.py:188} INFO - [2024-06-16T12:21:09.751+0000] {override.py:1829} INFO - Created Permission View: can read on DAG:example_external_task_marker_child
[2024-06-16T12:21:09.752+0000] {logging_mixin.py:188} INFO - [2024-06-16T12:21:09.752+0000] {dag.py:3096} INFO - Sync 2 DAGs
[2024-06-16T12:21:09.846+0000] {logging_mixin.py:188} INFO - [2024-06-16T12:21:09.846+0000] {dag.py:3118} INFO - Creating ORM DAG for example_external_task_marker_child
[2024-06-16T12:21:09.885+0000] {logging_mixin.py:188} INFO - [2024-06-16T12:21:09.855+0000] {dag.py:3118} INFO - Creating ORM DAG for example_external_task_marker_parent
[2024-06-16T12:21:09.888+0000] {logging_mixin.py:188} INFO - [2024-06-16T12:21:09.887+0000] {dag.py:3954} INFO - Setting next_dagrun for example_external_task_marker_child to None, run_after=None
[2024-06-16T12:21:09.889+0000] {logging_mixin.py:188} INFO - [2024-06-16T12:21:09.889+0000] {dag.py:3954} INFO - Setting next_dagrun for example_external_task_marker_parent to None, run_after=None
[2024-06-16T12:21:09.978+0000] {processor.py:183} INFO - Processing /home/airflow/.local/lib/python3.12/site-packages/airflow/example_dags/example_external_task_marker_dag.py took 1.386 seconds
[2024-06-16T12:21:40.222+0000] {processor.py:161} INFO - Started process (PID=131) to work on /home/airflow/.local/lib/python3.12/site-packages/airflow/example_dags/example_external_task_marker_dag.py
[2024-06-16T12:21:40.230+0000] {processor.py:830} INFO - Processing file /home/airflow/.local/lib/python3.12/site-packages/airflow/example_dags/example_external_task_marker_dag.py for tasks to queue
[2024-06-16T12:21:40.240+0000] {logging_mixin.py:188} INFO - [2024-06-16T12:21:40.239+0000] {dagbag.py:545} INFO - Filling up the DagBag from /home/airflow/.local/lib/python3.12/site-packages/airflow/example_dags/example_external_task_marker_dag.py
[2024-06-16T12:21:40.299+0000] {processor.py:840} INFO - DAG(s) 'example_external_task_marker_parent', 'example_external_task_marker_child' retrieved from /home/airflow/.local/lib/python3.12/site-packages/airflow/example_dags/example_external_task_marker_dag.py
[2024-06-16T12:21:40.505+0000] {logging_mixin.py:188} INFO - [2024-06-16T12:21:40.505+0000] {dag.py:3096} INFO - Sync 2 DAGs
[2024-06-16T12:21:40.610+0000] {logging_mixin.py:188} INFO - [2024-06-16T12:21:40.606+0000] {dag.py:3954} INFO - Setting next_dagrun for example_external_task_marker_child to None, run_after=None
[2024-06-16T12:21:40.651+0000] {logging_mixin.py:188} INFO - [2024-06-16T12:21:40.651+0000] {dag.py:3954} INFO - Setting next_dagrun for example_external_task_marker_parent to None, run_after=None
[2024-06-16T12:21:40.826+0000] {processor.py:183} INFO - Processing /home/airflow/.local/lib/python3.12/site-packages/airflow/example_dags/example_external_task_marker_dag.py took 0.641 seconds
[2024-06-16T12:22:11.169+0000] {processor.py:161} INFO - Started process (PID=190) to work on /home/airflow/.local/lib/python3.12/site-packages/airflow/example_dags/example_external_task_marker_dag.py
[2024-06-16T12:22:11.171+0000] {processor.py:830} INFO - Processing file /home/airflow/.local/lib/python3.12/site-packages/airflow/example_dags/example_external_task_marker_dag.py for tasks to queue
[2024-06-16T12:22:11.174+0000] {logging_mixin.py:188} INFO - [2024-06-16T12:22:11.173+0000] {dagbag.py:545} INFO - Filling up the DagBag from /home/airflow/.local/lib/python3.12/site-packages/airflow/example_dags/example_external_task_marker_dag.py
[2024-06-16T12:22:11.193+0000] {processor.py:840} INFO - DAG(s) 'example_external_task_marker_child', 'example_external_task_marker_parent' retrieved from /home/airflow/.local/lib/python3.12/site-packages/airflow/example_dags/example_external_task_marker_dag.py
[2024-06-16T12:22:11.329+0000] {logging_mixin.py:188} INFO - [2024-06-16T12:22:11.329+0000] {dag.py:3096} INFO - Sync 2 DAGs
[2024-06-16T12:22:11.366+0000] {logging_mixin.py:188} INFO - [2024-06-16T12:22:11.366+0000] {dag.py:3954} INFO - Setting next_dagrun for example_external_task_marker_child to None, run_after=None
[2024-06-16T12:22:11.386+0000] {logging_mixin.py:188} INFO - [2024-06-16T12:22:11.386+0000] {dag.py:3954} INFO - Setting next_dagrun for example_external_task_marker_parent to None, run_after=None
[2024-06-16T12:22:11.557+0000] {processor.py:183} INFO - Processing /home/airflow/.local/lib/python3.12/site-packages/airflow/example_dags/example_external_task_marker_dag.py took 0.405 seconds
[2024-06-16T12:22:41.839+0000] {processor.py:161} INFO - Started process (PID=248) to work on /home/airflow/.local/lib/python3.12/site-packages/airflow/example_dags/example_external_task_marker_dag.py
[2024-06-16T12:22:41.841+0000] {processor.py:830} INFO - Processing file /home/airflow/.local/lib/python3.12/site-packages/airflow/example_dags/example_external_task_marker_dag.py for tasks to queue
[2024-06-16T12:22:41.850+0000] {logging_mixin.py:188} INFO - [2024-06-16T12:22:41.849+0000] {dagbag.py:545} INFO - Filling up the DagBag from /home/airflow/.local/lib/python3.12/site-packages/airflow/example_dags/example_external_task_marker_dag.py
[2024-06-16T12:22:41.864+0000] {processor.py:840} INFO - DAG(s) 'example_external_task_marker_parent', 'example_external_task_marker_child' retrieved from /home/airflow/.local/lib/python3.12/site-packages/airflow/example_dags/example_external_task_marker_dag.py
[2024-06-16T12:22:41.935+0000] {logging_mixin.py:188} INFO - [2024-06-16T12:22:41.935+0000] {dag.py:3096} INFO - Sync 2 DAGs
[2024-06-16T12:22:41.985+0000] {logging_mixin.py:188} INFO - [2024-06-16T12:22:41.985+0000] {dag.py:3954} INFO - Setting next_dagrun for example_external_task_marker_child to None, run_after=None
[2024-06-16T12:22:42.008+0000] {logging_mixin.py:188} INFO - [2024-06-16T12:22:42.007+0000] {dag.py:3954} INFO - Setting next_dagrun for example_external_task_marker_parent to None, run_after=None
[2024-06-16T12:22:42.092+0000] {processor.py:183} INFO - Processing /home/airflow/.local/lib/python3.12/site-packages/airflow/example_dags/example_external_task_marker_dag.py took 0.266 seconds
[2024-06-16T12:23:12.353+0000] {processor.py:161} INFO - Started process (PID=307) to work on /home/airflow/.local/lib/python3.12/site-packages/airflow/example_dags/example_external_task_marker_dag.py
[2024-06-16T12:23:12.354+0000] {processor.py:830} INFO - Processing file /home/airflow/.local/lib/python3.12/site-packages/airflow/example_dags/example_external_task_marker_dag.py for tasks to queue
[2024-06-16T12:23:12.358+0000] {logging_mixin.py:188} INFO - [2024-06-16T12:23:12.357+0000] {dagbag.py:545} INFO - Filling up the DagBag from /home/airflow/.local/lib/python3.12/site-packages/airflow/example_dags/example_external_task_marker_dag.py
[2024-06-16T12:23:12.368+0000] {processor.py:840} INFO - DAG(s) 'example_external_task_marker_child', 'example_external_task_marker_parent' retrieved from /home/airflow/.local/lib/python3.12/site-packages/airflow/example_dags/example_external_task_marker_dag.py
[2024-06-16T12:23:12.412+0000] {logging_mixin.py:188} INFO - [2024-06-16T12:23:12.412+0000] {dag.py:3096} INFO - Sync 2 DAGs
[2024-06-16T12:23:12.445+0000] {logging_mixin.py:188} INFO - [2024-06-16T12:23:12.445+0000] {dag.py:3954} INFO - Setting next_dagrun for example_external_task_marker_child to None, run_after=None
[2024-06-16T12:23:12.451+0000] {logging_mixin.py:188} INFO - [2024-06-16T12:23:12.451+0000] {dag.py:3954} INFO - Setting next_dagrun for example_external_task_marker_parent to None, run_after=None
[2024-06-16T12:23:12.488+0000] {processor.py:183} INFO - Processing /home/airflow/.local/lib/python3.12/site-packages/airflow/example_dags/example_external_task_marker_dag.py took 0.146 seconds
[2024-06-16T12:23:43.255+0000] {processor.py:161} INFO - Started process (PID=366) to work on /home/airflow/.local/lib/python3.12/site-packages/airflow/example_dags/example_external_task_marker_dag.py
[2024-06-16T12:23:43.263+0000] {processor.py:830} INFO - Processing file /home/airflow/.local/lib/python3.12/site-packages/airflow/example_dags/example_external_task_marker_dag.py for tasks to queue
[2024-06-16T12:23:43.276+0000] {logging_mixin.py:188} INFO - [2024-06-16T12:23:43.269+0000] {dagbag.py:545} INFO - Filling up the DagBag from /home/airflow/.local/lib/python3.12/site-packages/airflow/example_dags/example_external_task_marker_dag.py
[2024-06-16T12:23:43.287+0000] {processor.py:840} INFO - DAG(s) 'example_external_task_marker_child', 'example_external_task_marker_parent' retrieved from /home/airflow/.local/lib/python3.12/site-packages/airflow/example_dags/example_external_task_marker_dag.py
[2024-06-16T12:23:43.488+0000] {logging_mixin.py:188} INFO - [2024-06-16T12:23:43.488+0000] {dag.py:3096} INFO - Sync 2 DAGs
[2024-06-16T12:23:43.543+0000] {logging_mixin.py:188} INFO - [2024-06-16T12:23:43.542+0000] {dag.py:3954} INFO - Setting next_dagrun for example_external_task_marker_child to None, run_after=None
[2024-06-16T12:23:43.560+0000] {logging_mixin.py:188} INFO - [2024-06-16T12:23:43.560+0000] {dag.py:3954} INFO - Setting next_dagrun for example_external_task_marker_parent to None, run_after=None
[2024-06-16T12:23:43.658+0000] {processor.py:183} INFO - Processing /home/airflow/.local/lib/python3.12/site-packages/airflow/example_dags/example_external_task_marker_dag.py took 0.435 seconds
[2024-06-16T12:24:13.911+0000] {processor.py:161} INFO - Started process (PID=425) to work on /home/airflow/.local/lib/python3.12/site-packages/airflow/example_dags/example_external_task_marker_dag.py
[2024-06-16T12:24:13.915+0000] {processor.py:830} INFO - Processing file /home/airflow/.local/lib/python3.12/site-packages/airflow/example_dags/example_external_task_marker_dag.py for tasks to queue
[2024-06-16T12:24:13.919+0000] {logging_mixin.py:188} INFO - [2024-06-16T12:24:13.918+0000] {dagbag.py:545} INFO - Filling up the DagBag from /home/airflow/.local/lib/python3.12/site-packages/airflow/example_dags/example_external_task_marker_dag.py
[2024-06-16T12:24:13.934+0000] {processor.py:840} INFO - DAG(s) 'example_external_task_marker_parent', 'example_external_task_marker_child' retrieved from /home/airflow/.local/lib/python3.12/site-packages/airflow/example_dags/example_external_task_marker_dag.py
[2024-06-16T12:24:14.041+0000] {logging_mixin.py:188} INFO - [2024-06-16T12:24:14.040+0000] {dag.py:3096} INFO - Sync 2 DAGs
[2024-06-16T12:24:14.074+0000] {logging_mixin.py:188} INFO - [2024-06-16T12:24:14.072+0000] {dag.py:3954} INFO - Setting next_dagrun for example_external_task_marker_child to None, run_after=None
[2024-06-16T12:24:14.110+0000] {logging_mixin.py:188} INFO - [2024-06-16T12:24:14.109+0000] {dag.py:3954} INFO - Setting next_dagrun for example_external_task_marker_parent to None, run_after=None
[2024-06-16T12:24:14.216+0000] {processor.py:183} INFO - Processing /home/airflow/.local/lib/python3.12/site-packages/airflow/example_dags/example_external_task_marker_dag.py took 0.318 seconds
[2024-06-16T12:24:44.352+0000] {processor.py:161} INFO - Started process (PID=482) to work on /home/airflow/.local/lib/python3.12/site-packages/airflow/example_dags/example_external_task_marker_dag.py
[2024-06-16T12:24:44.354+0000] {processor.py:830} INFO - Processing file /home/airflow/.local/lib/python3.12/site-packages/airflow/example_dags/example_external_task_marker_dag.py for tasks to queue
[2024-06-16T12:24:44.357+0000] {logging_mixin.py:188} INFO - [2024-06-16T12:24:44.357+0000] {dagbag.py:545} INFO - Filling up the DagBag from /home/airflow/.local/lib/python3.12/site-packages/airflow/example_dags/example_external_task_marker_dag.py
[2024-06-16T12:24:44.370+0000] {processor.py:840} INFO - DAG(s) 'example_external_task_marker_child', 'example_external_task_marker_parent' retrieved from /home/airflow/.local/lib/python3.12/site-packages/airflow/example_dags/example_external_task_marker_dag.py
[2024-06-16T12:24:44.427+0000] {logging_mixin.py:188} INFO - [2024-06-16T12:24:44.426+0000] {dag.py:3096} INFO - Sync 2 DAGs
[2024-06-16T12:24:44.455+0000] {logging_mixin.py:188} INFO - [2024-06-16T12:24:44.455+0000] {dag.py:3954} INFO - Setting next_dagrun for example_external_task_marker_child to None, run_after=None
[2024-06-16T12:24:44.480+0000] {logging_mixin.py:188} INFO - [2024-06-16T12:24:44.479+0000] {dag.py:3954} INFO - Setting next_dagrun for example_external_task_marker_parent to None, run_after=None
[2024-06-16T12:24:44.524+0000] {processor.py:183} INFO - Processing /home/airflow/.local/lib/python3.12/site-packages/airflow/example_dags/example_external_task_marker_dag.py took 0.183 seconds
[2024-06-16T12:45:06.241+0000] {processor.py:161} INFO - Started process (PID=71) to work on /home/airflow/.local/lib/python3.12/site-packages/airflow/example_dags/example_external_task_marker_dag.py
[2024-06-16T12:45:06.242+0000] {processor.py:830} INFO - Processing file /home/airflow/.local/lib/python3.12/site-packages/airflow/example_dags/example_external_task_marker_dag.py for tasks to queue
[2024-06-16T12:45:06.249+0000] {logging_mixin.py:188} INFO - [2024-06-16T12:45:06.248+0000] {dagbag.py:545} INFO - Filling up the DagBag from /home/airflow/.local/lib/python3.12/site-packages/airflow/example_dags/example_external_task_marker_dag.py
[2024-06-16T12:45:06.264+0000] {processor.py:840} INFO - DAG(s) 'example_external_task_marker_parent', 'example_external_task_marker_child' retrieved from /home/airflow/.local/lib/python3.12/site-packages/airflow/example_dags/example_external_task_marker_dag.py
[2024-06-16T12:45:06.580+0000] {logging_mixin.py:188} INFO - [2024-06-16T12:45:06.579+0000] {override.py:1829} INFO - Created Permission View: can read on DAG:example_external_task_marker_parent
[2024-06-16T12:45:06.606+0000] {logging_mixin.py:188} INFO - [2024-06-16T12:45:06.605+0000] {override.py:1829} INFO - Created Permission View: can delete on DAG:example_external_task_marker_parent
[2024-06-16T12:45:06.623+0000] {logging_mixin.py:188} INFO - [2024-06-16T12:45:06.622+0000] {override.py:1829} INFO - Created Permission View: can edit on DAG:example_external_task_marker_parent
[2024-06-16T12:45:06.661+0000] {logging_mixin.py:188} INFO - [2024-06-16T12:45:06.660+0000] {override.py:1829} INFO - Created Permission View: can read on DAG:example_external_task_marker_child
[2024-06-16T12:45:06.694+0000] {logging_mixin.py:188} INFO - [2024-06-16T12:45:06.690+0000] {override.py:1829} INFO - Created Permission View: can delete on DAG:example_external_task_marker_child
[2024-06-16T12:45:06.727+0000] {logging_mixin.py:188} INFO - [2024-06-16T12:45:06.726+0000] {override.py:1829} INFO - Created Permission View: can edit on DAG:example_external_task_marker_child
[2024-06-16T12:45:06.728+0000] {logging_mixin.py:188} INFO - [2024-06-16T12:45:06.728+0000] {dag.py:3096} INFO - Sync 2 DAGs
[2024-06-16T12:45:06.801+0000] {logging_mixin.py:188} INFO - [2024-06-16T12:45:06.797+0000] {dag.py:3118} INFO - Creating ORM DAG for example_external_task_marker_parent
[2024-06-16T12:45:06.802+0000] {logging_mixin.py:188} INFO - [2024-06-16T12:45:06.802+0000] {dag.py:3118} INFO - Creating ORM DAG for example_external_task_marker_child
[2024-06-16T12:45:06.803+0000] {logging_mixin.py:188} INFO - [2024-06-16T12:45:06.803+0000] {dag.py:3954} INFO - Setting next_dagrun for example_external_task_marker_child to None, run_after=None
[2024-06-16T12:45:06.811+0000] {logging_mixin.py:188} INFO - [2024-06-16T12:45:06.811+0000] {dag.py:3954} INFO - Setting next_dagrun for example_external_task_marker_parent to None, run_after=None
[2024-06-16T12:45:06.867+0000] {processor.py:183} INFO - Processing /home/airflow/.local/lib/python3.12/site-packages/airflow/example_dags/example_external_task_marker_dag.py took 0.640 seconds
[2024-06-16T12:45:37.795+0000] {processor.py:161} INFO - Started process (PID=130) to work on /home/airflow/.local/lib/python3.12/site-packages/airflow/example_dags/example_external_task_marker_dag.py
[2024-06-16T12:45:37.797+0000] {processor.py:830} INFO - Processing file /home/airflow/.local/lib/python3.12/site-packages/airflow/example_dags/example_external_task_marker_dag.py for tasks to queue
[2024-06-16T12:45:37.799+0000] {logging_mixin.py:188} INFO - [2024-06-16T12:45:37.798+0000] {dagbag.py:545} INFO - Filling up the DagBag from /home/airflow/.local/lib/python3.12/site-packages/airflow/example_dags/example_external_task_marker_dag.py
[2024-06-16T12:45:37.807+0000] {processor.py:840} INFO - DAG(s) 'example_external_task_marker_child', 'example_external_task_marker_parent' retrieved from /home/airflow/.local/lib/python3.12/site-packages/airflow/example_dags/example_external_task_marker_dag.py
[2024-06-16T12:45:37.842+0000] {logging_mixin.py:188} INFO - [2024-06-16T12:45:37.842+0000] {dag.py:3096} INFO - Sync 2 DAGs
[2024-06-16T12:45:37.859+0000] {logging_mixin.py:188} INFO - [2024-06-16T12:45:37.859+0000] {dag.py:3954} INFO - Setting next_dagrun for example_external_task_marker_child to None, run_after=None
[2024-06-16T12:45:37.865+0000] {logging_mixin.py:188} INFO - [2024-06-16T12:45:37.864+0000] {dag.py:3954} INFO - Setting next_dagrun for example_external_task_marker_parent to None, run_after=None
[2024-06-16T12:45:37.891+0000] {processor.py:183} INFO - Processing /home/airflow/.local/lib/python3.12/site-packages/airflow/example_dags/example_external_task_marker_dag.py took 0.103 seconds
[2024-06-16T12:46:08.176+0000] {processor.py:161} INFO - Started process (PID=189) to work on /home/airflow/.local/lib/python3.12/site-packages/airflow/example_dags/example_external_task_marker_dag.py
[2024-06-16T12:46:08.177+0000] {processor.py:830} INFO - Processing file /home/airflow/.local/lib/python3.12/site-packages/airflow/example_dags/example_external_task_marker_dag.py for tasks to queue
[2024-06-16T12:46:08.179+0000] {logging_mixin.py:188} INFO - [2024-06-16T12:46:08.178+0000] {dagbag.py:545} INFO - Filling up the DagBag from /home/airflow/.local/lib/python3.12/site-packages/airflow/example_dags/example_external_task_marker_dag.py
[2024-06-16T12:46:08.185+0000] {processor.py:840} INFO - DAG(s) 'example_external_task_marker_parent', 'example_external_task_marker_child' retrieved from /home/airflow/.local/lib/python3.12/site-packages/airflow/example_dags/example_external_task_marker_dag.py
[2024-06-16T12:46:08.218+0000] {logging_mixin.py:188} INFO - [2024-06-16T12:46:08.217+0000] {dag.py:3096} INFO - Sync 2 DAGs
[2024-06-16T12:46:08.236+0000] {logging_mixin.py:188} INFO - [2024-06-16T12:46:08.236+0000] {dag.py:3954} INFO - Setting next_dagrun for example_external_task_marker_child to None, run_after=None
[2024-06-16T12:46:08.241+0000] {logging_mixin.py:188} INFO - [2024-06-16T12:46:08.241+0000] {dag.py:3954} INFO - Setting next_dagrun for example_external_task_marker_parent to None, run_after=None
[2024-06-16T12:46:08.267+0000] {processor.py:183} INFO - Processing /home/airflow/.local/lib/python3.12/site-packages/airflow/example_dags/example_external_task_marker_dag.py took 0.097 seconds
[2024-06-16T12:46:38.448+0000] {processor.py:161} INFO - Started process (PID=247) to work on /home/airflow/.local/lib/python3.12/site-packages/airflow/example_dags/example_external_task_marker_dag.py
[2024-06-16T12:46:38.450+0000] {processor.py:830} INFO - Processing file /home/airflow/.local/lib/python3.12/site-packages/airflow/example_dags/example_external_task_marker_dag.py for tasks to queue
[2024-06-16T12:46:38.454+0000] {logging_mixin.py:188} INFO - [2024-06-16T12:46:38.453+0000] {dagbag.py:545} INFO - Filling up the DagBag from /home/airflow/.local/lib/python3.12/site-packages/airflow/example_dags/example_external_task_marker_dag.py
[2024-06-16T12:46:38.508+0000] {processor.py:840} INFO - DAG(s) 'example_external_task_marker_child', 'example_external_task_marker_parent' retrieved from /home/airflow/.local/lib/python3.12/site-packages/airflow/example_dags/example_external_task_marker_dag.py
[2024-06-16T12:46:38.769+0000] {logging_mixin.py:188} INFO - [2024-06-16T12:46:38.768+0000] {dag.py:3096} INFO - Sync 2 DAGs
[2024-06-16T12:46:38.849+0000] {logging_mixin.py:188} INFO - [2024-06-16T12:46:38.849+0000] {dag.py:3954} INFO - Setting next_dagrun for example_external_task_marker_child to None, run_after=None
[2024-06-16T12:46:38.859+0000] {logging_mixin.py:188} INFO - [2024-06-16T12:46:38.858+0000] {dag.py:3954} INFO - Setting next_dagrun for example_external_task_marker_parent to None, run_after=None
[2024-06-16T12:46:39.258+0000] {processor.py:183} INFO - Processing /home/airflow/.local/lib/python3.12/site-packages/airflow/example_dags/example_external_task_marker_dag.py took 0.853 seconds
[2024-06-16T12:47:32.717+0000] {processor.py:161} INFO - Started process (PID=307) to work on /home/airflow/.local/lib/python3.12/site-packages/airflow/example_dags/example_external_task_marker_dag.py
[2024-06-16T12:47:32.720+0000] {processor.py:830} INFO - Processing file /home/airflow/.local/lib/python3.12/site-packages/airflow/example_dags/example_external_task_marker_dag.py for tasks to queue
[2024-06-16T12:47:32.725+0000] {logging_mixin.py:188} INFO - [2024-06-16T12:47:32.724+0000] {dagbag.py:545} INFO - Filling up the DagBag from /home/airflow/.local/lib/python3.12/site-packages/airflow/example_dags/example_external_task_marker_dag.py
[2024-06-16T12:47:32.737+0000] {processor.py:840} INFO - DAG(s) 'example_external_task_marker_parent', 'example_external_task_marker_child' retrieved from /home/airflow/.local/lib/python3.12/site-packages/airflow/example_dags/example_external_task_marker_dag.py
[2024-06-16T12:47:32.811+0000] {logging_mixin.py:188} INFO - [2024-06-16T12:47:32.810+0000] {dag.py:3096} INFO - Sync 2 DAGs
[2024-06-16T12:47:32.871+0000] {logging_mixin.py:188} INFO - [2024-06-16T12:47:32.869+0000] {dag.py:3954} INFO - Setting next_dagrun for example_external_task_marker_child to None, run_after=None
[2024-06-16T12:47:32.901+0000] {logging_mixin.py:188} INFO - [2024-06-16T12:47:32.900+0000] {dag.py:3954} INFO - Setting next_dagrun for example_external_task_marker_parent to None, run_after=None
[2024-06-16T12:47:33.068+0000] {processor.py:183} INFO - Processing /home/airflow/.local/lib/python3.12/site-packages/airflow/example_dags/example_external_task_marker_dag.py took 0.368 seconds
[2024-06-16T12:48:03.914+0000] {processor.py:161} INFO - Started process (PID=366) to work on /home/airflow/.local/lib/python3.12/site-packages/airflow/example_dags/example_external_task_marker_dag.py
[2024-06-16T12:48:03.922+0000] {processor.py:830} INFO - Processing file /home/airflow/.local/lib/python3.12/site-packages/airflow/example_dags/example_external_task_marker_dag.py for tasks to queue
[2024-06-16T12:48:03.930+0000] {logging_mixin.py:188} INFO - [2024-06-16T12:48:03.929+0000] {dagbag.py:545} INFO - Filling up the DagBag from /home/airflow/.local/lib/python3.12/site-packages/airflow/example_dags/example_external_task_marker_dag.py
[2024-06-16T12:48:03.964+0000] {processor.py:840} INFO - DAG(s) 'example_external_task_marker_parent', 'example_external_task_marker_child' retrieved from /home/airflow/.local/lib/python3.12/site-packages/airflow/example_dags/example_external_task_marker_dag.py
[2024-06-16T12:48:04.067+0000] {logging_mixin.py:188} INFO - [2024-06-16T12:48:04.067+0000] {dag.py:3096} INFO - Sync 2 DAGs
[2024-06-16T12:48:04.137+0000] {logging_mixin.py:188} INFO - [2024-06-16T12:48:04.137+0000] {dag.py:3954} INFO - Setting next_dagrun for example_external_task_marker_child to None, run_after=None
[2024-06-16T12:48:04.145+0000] {logging_mixin.py:188} INFO - [2024-06-16T12:48:04.145+0000] {dag.py:3954} INFO - Setting next_dagrun for example_external_task_marker_parent to None, run_after=None
[2024-06-16T12:48:04.192+0000] {processor.py:183} INFO - Processing /home/airflow/.local/lib/python3.12/site-packages/airflow/example_dags/example_external_task_marker_dag.py took 0.296 seconds
[2024-06-16T12:48:39.659+0000] {processor.py:161} INFO - Started process (PID=425) to work on /home/airflow/.local/lib/python3.12/site-packages/airflow/example_dags/example_external_task_marker_dag.py
[2024-06-16T12:48:39.662+0000] {processor.py:830} INFO - Processing file /home/airflow/.local/lib/python3.12/site-packages/airflow/example_dags/example_external_task_marker_dag.py for tasks to queue
[2024-06-16T12:48:39.666+0000] {logging_mixin.py:188} INFO - [2024-06-16T12:48:39.665+0000] {dagbag.py:545} INFO - Filling up the DagBag from /home/airflow/.local/lib/python3.12/site-packages/airflow/example_dags/example_external_task_marker_dag.py
[2024-06-16T12:48:39.705+0000] {processor.py:840} INFO - DAG(s) 'example_external_task_marker_parent', 'example_external_task_marker_child' retrieved from /home/airflow/.local/lib/python3.12/site-packages/airflow/example_dags/example_external_task_marker_dag.py
[2024-06-16T12:48:39.921+0000] {logging_mixin.py:188} INFO - [2024-06-16T12:48:39.921+0000] {dag.py:3096} INFO - Sync 2 DAGs
[2024-06-16T12:48:39.965+0000] {logging_mixin.py:188} INFO - [2024-06-16T12:48:39.964+0000] {dag.py:3954} INFO - Setting next_dagrun for example_external_task_marker_child to None, run_after=None
[2024-06-16T12:48:39.977+0000] {logging_mixin.py:188} INFO - [2024-06-16T12:48:39.977+0000] {dag.py:3954} INFO - Setting next_dagrun for example_external_task_marker_parent to None, run_after=None
[2024-06-16T12:48:40.023+0000] {processor.py:183} INFO - Processing /home/airflow/.local/lib/python3.12/site-packages/airflow/example_dags/example_external_task_marker_dag.py took 0.443 seconds
[2024-06-16T12:49:15.151+0000] {processor.py:161} INFO - Started process (PID=484) to work on /home/airflow/.local/lib/python3.12/site-packages/airflow/example_dags/example_external_task_marker_dag.py
[2024-06-16T12:49:15.153+0000] {processor.py:830} INFO - Processing file /home/airflow/.local/lib/python3.12/site-packages/airflow/example_dags/example_external_task_marker_dag.py for tasks to queue
[2024-06-16T12:49:15.156+0000] {logging_mixin.py:188} INFO - [2024-06-16T12:49:15.155+0000] {dagbag.py:545} INFO - Filling up the DagBag from /home/airflow/.local/lib/python3.12/site-packages/airflow/example_dags/example_external_task_marker_dag.py
[2024-06-16T12:49:15.168+0000] {processor.py:840} INFO - DAG(s) 'example_external_task_marker_child', 'example_external_task_marker_parent' retrieved from /home/airflow/.local/lib/python3.12/site-packages/airflow/example_dags/example_external_task_marker_dag.py
[2024-06-16T12:49:15.213+0000] {logging_mixin.py:188} INFO - [2024-06-16T12:49:15.212+0000] {dag.py:3096} INFO - Sync 2 DAGs
[2024-06-16T12:49:15.242+0000] {logging_mixin.py:188} INFO - [2024-06-16T12:49:15.241+0000] {dag.py:3954} INFO - Setting next_dagrun for example_external_task_marker_child to None, run_after=None
[2024-06-16T12:49:15.250+0000] {logging_mixin.py:188} INFO - [2024-06-16T12:49:15.249+0000] {dag.py:3954} INFO - Setting next_dagrun for example_external_task_marker_parent to None, run_after=None
[2024-06-16T12:49:15.283+0000] {processor.py:183} INFO - Processing /home/airflow/.local/lib/python3.12/site-packages/airflow/example_dags/example_external_task_marker_dag.py took 0.144 seconds
[2024-06-16T12:50:04.677+0000] {processor.py:161} INFO - Started process (PID=543) to work on /home/airflow/.local/lib/python3.12/site-packages/airflow/example_dags/example_external_task_marker_dag.py
[2024-06-16T12:50:04.679+0000] {processor.py:830} INFO - Processing file /home/airflow/.local/lib/python3.12/site-packages/airflow/example_dags/example_external_task_marker_dag.py for tasks to queue
[2024-06-16T12:50:04.682+0000] {logging_mixin.py:188} INFO - [2024-06-16T12:50:04.682+0000] {dagbag.py:545} INFO - Filling up the DagBag from /home/airflow/.local/lib/python3.12/site-packages/airflow/example_dags/example_external_task_marker_dag.py
[2024-06-16T12:50:04.696+0000] {processor.py:840} INFO - DAG(s) 'example_external_task_marker_child', 'example_external_task_marker_parent' retrieved from /home/airflow/.local/lib/python3.12/site-packages/airflow/example_dags/example_external_task_marker_dag.py
[2024-06-16T12:50:04.764+0000] {logging_mixin.py:188} INFO - [2024-06-16T12:50:04.764+0000] {dag.py:3096} INFO - Sync 2 DAGs
[2024-06-16T12:50:04.796+0000] {logging_mixin.py:188} INFO - [2024-06-16T12:50:04.795+0000] {dag.py:3954} INFO - Setting next_dagrun for example_external_task_marker_child to None, run_after=None
[2024-06-16T12:50:04.811+0000] {logging_mixin.py:188} INFO - [2024-06-16T12:50:04.811+0000] {dag.py:3954} INFO - Setting next_dagrun for example_external_task_marker_parent to None, run_after=None
[2024-06-16T12:50:04.922+0000] {processor.py:183} INFO - Processing /home/airflow/.local/lib/python3.12/site-packages/airflow/example_dags/example_external_task_marker_dag.py took 0.256 seconds
[2024-06-16T12:50:52.833+0000] {processor.py:161} INFO - Started process (PID=588) to work on /home/airflow/.local/lib/python3.12/site-packages/airflow/example_dags/example_external_task_marker_dag.py
[2024-06-16T12:50:52.837+0000] {processor.py:830} INFO - Processing file /home/airflow/.local/lib/python3.12/site-packages/airflow/example_dags/example_external_task_marker_dag.py for tasks to queue
[2024-06-16T12:50:52.840+0000] {logging_mixin.py:188} INFO - [2024-06-16T12:50:52.839+0000] {dagbag.py:545} INFO - Filling up the DagBag from /home/airflow/.local/lib/python3.12/site-packages/airflow/example_dags/example_external_task_marker_dag.py
[2024-06-16T12:50:52.867+0000] {processor.py:840} INFO - DAG(s) 'example_external_task_marker_parent', 'example_external_task_marker_child' retrieved from /home/airflow/.local/lib/python3.12/site-packages/airflow/example_dags/example_external_task_marker_dag.py
[2024-06-16T12:50:52.914+0000] {logging_mixin.py:188} INFO - [2024-06-16T12:50:52.914+0000] {dag.py:3096} INFO - Sync 2 DAGs
[2024-06-16T12:50:52.944+0000] {logging_mixin.py:188} INFO - [2024-06-16T12:50:52.943+0000] {dag.py:3954} INFO - Setting next_dagrun for example_external_task_marker_child to None, run_after=None
[2024-06-16T12:50:52.952+0000] {logging_mixin.py:188} INFO - [2024-06-16T12:50:52.951+0000] {dag.py:3954} INFO - Setting next_dagrun for example_external_task_marker_parent to None, run_after=None
[2024-06-16T12:50:52.998+0000] {processor.py:183} INFO - Processing /home/airflow/.local/lib/python3.12/site-packages/airflow/example_dags/example_external_task_marker_dag.py took 0.189 seconds
[2024-06-16T12:51:25.060+0000] {processor.py:161} INFO - Started process (PID=647) to work on /home/airflow/.local/lib/python3.12/site-packages/airflow/example_dags/example_external_task_marker_dag.py
[2024-06-16T12:51:25.061+0000] {processor.py:830} INFO - Processing file /home/airflow/.local/lib/python3.12/site-packages/airflow/example_dags/example_external_task_marker_dag.py for tasks to queue
[2024-06-16T12:51:25.064+0000] {logging_mixin.py:188} INFO - [2024-06-16T12:51:25.064+0000] {dagbag.py:545} INFO - Filling up the DagBag from /home/airflow/.local/lib/python3.12/site-packages/airflow/example_dags/example_external_task_marker_dag.py
[2024-06-16T12:51:25.076+0000] {processor.py:840} INFO - DAG(s) 'example_external_task_marker_child', 'example_external_task_marker_parent' retrieved from /home/airflow/.local/lib/python3.12/site-packages/airflow/example_dags/example_external_task_marker_dag.py
[2024-06-16T12:51:25.189+0000] {logging_mixin.py:188} INFO - [2024-06-16T12:51:25.189+0000] {dag.py:3096} INFO - Sync 2 DAGs
[2024-06-16T12:51:25.249+0000] {logging_mixin.py:188} INFO - [2024-06-16T12:51:25.249+0000] {dag.py:3954} INFO - Setting next_dagrun for example_external_task_marker_child to None, run_after=None
[2024-06-16T12:51:25.261+0000] {logging_mixin.py:188} INFO - [2024-06-16T12:51:25.260+0000] {dag.py:3954} INFO - Setting next_dagrun for example_external_task_marker_parent to None, run_after=None
[2024-06-16T12:51:25.315+0000] {processor.py:183} INFO - Processing /home/airflow/.local/lib/python3.12/site-packages/airflow/example_dags/example_external_task_marker_dag.py took 0.266 seconds
[2024-06-16T12:51:55.402+0000] {processor.py:161} INFO - Started process (PID=706) to work on /home/airflow/.local/lib/python3.12/site-packages/airflow/example_dags/example_external_task_marker_dag.py
[2024-06-16T12:51:55.404+0000] {processor.py:830} INFO - Processing file /home/airflow/.local/lib/python3.12/site-packages/airflow/example_dags/example_external_task_marker_dag.py for tasks to queue
[2024-06-16T12:51:55.406+0000] {logging_mixin.py:188} INFO - [2024-06-16T12:51:55.406+0000] {dagbag.py:545} INFO - Filling up the DagBag from /home/airflow/.local/lib/python3.12/site-packages/airflow/example_dags/example_external_task_marker_dag.py
[2024-06-16T12:51:55.415+0000] {processor.py:840} INFO - DAG(s) 'example_external_task_marker_child', 'example_external_task_marker_parent' retrieved from /home/airflow/.local/lib/python3.12/site-packages/airflow/example_dags/example_external_task_marker_dag.py
[2024-06-16T12:51:55.458+0000] {logging_mixin.py:188} INFO - [2024-06-16T12:51:55.457+0000] {dag.py:3096} INFO - Sync 2 DAGs
[2024-06-16T12:51:55.480+0000] {logging_mixin.py:188} INFO - [2024-06-16T12:51:55.480+0000] {dag.py:3954} INFO - Setting next_dagrun for example_external_task_marker_child to None, run_after=None
[2024-06-16T12:51:55.487+0000] {logging_mixin.py:188} INFO - [2024-06-16T12:51:55.487+0000] {dag.py:3954} INFO - Setting next_dagrun for example_external_task_marker_parent to None, run_after=None
[2024-06-16T12:51:55.517+0000] {processor.py:183} INFO - Processing /home/airflow/.local/lib/python3.12/site-packages/airflow/example_dags/example_external_task_marker_dag.py took 0.124 seconds
[2024-06-16T12:52:26.411+0000] {processor.py:161} INFO - Started process (PID=765) to work on /home/airflow/.local/lib/python3.12/site-packages/airflow/example_dags/example_external_task_marker_dag.py
[2024-06-16T12:52:26.413+0000] {processor.py:830} INFO - Processing file /home/airflow/.local/lib/python3.12/site-packages/airflow/example_dags/example_external_task_marker_dag.py for tasks to queue
[2024-06-16T12:52:26.415+0000] {logging_mixin.py:188} INFO - [2024-06-16T12:52:26.414+0000] {dagbag.py:545} INFO - Filling up the DagBag from /home/airflow/.local/lib/python3.12/site-packages/airflow/example_dags/example_external_task_marker_dag.py
[2024-06-16T12:52:26.424+0000] {processor.py:840} INFO - DAG(s) 'example_external_task_marker_child', 'example_external_task_marker_parent' retrieved from /home/airflow/.local/lib/python3.12/site-packages/airflow/example_dags/example_external_task_marker_dag.py
[2024-06-16T12:52:26.460+0000] {logging_mixin.py:188} INFO - [2024-06-16T12:52:26.459+0000] {dag.py:3096} INFO - Sync 2 DAGs
[2024-06-16T12:52:26.484+0000] {logging_mixin.py:188} INFO - [2024-06-16T12:52:26.484+0000] {dag.py:3954} INFO - Setting next_dagrun for example_external_task_marker_child to None, run_after=None
[2024-06-16T12:52:26.492+0000] {logging_mixin.py:188} INFO - [2024-06-16T12:52:26.492+0000] {dag.py:3954} INFO - Setting next_dagrun for example_external_task_marker_parent to None, run_after=None
[2024-06-16T12:52:26.517+0000] {processor.py:183} INFO - Processing /home/airflow/.local/lib/python3.12/site-packages/airflow/example_dags/example_external_task_marker_dag.py took 0.114 seconds
[2024-06-16T12:52:56.728+0000] {processor.py:161} INFO - Started process (PID=825) to work on /home/airflow/.local/lib/python3.12/site-packages/airflow/example_dags/example_external_task_marker_dag.py
[2024-06-16T12:52:56.729+0000] {processor.py:830} INFO - Processing file /home/airflow/.local/lib/python3.12/site-packages/airflow/example_dags/example_external_task_marker_dag.py for tasks to queue
[2024-06-16T12:52:56.730+0000] {logging_mixin.py:188} INFO - [2024-06-16T12:52:56.730+0000] {dagbag.py:545} INFO - Filling up the DagBag from /home/airflow/.local/lib/python3.12/site-packages/airflow/example_dags/example_external_task_marker_dag.py
[2024-06-16T12:52:56.739+0000] {processor.py:840} INFO - DAG(s) 'example_external_task_marker_child', 'example_external_task_marker_parent' retrieved from /home/airflow/.local/lib/python3.12/site-packages/airflow/example_dags/example_external_task_marker_dag.py
[2024-06-16T12:52:56.771+0000] {logging_mixin.py:188} INFO - [2024-06-16T12:52:56.771+0000] {dag.py:3096} INFO - Sync 2 DAGs
[2024-06-16T12:52:56.796+0000] {logging_mixin.py:188} INFO - [2024-06-16T12:52:56.795+0000] {dag.py:3954} INFO - Setting next_dagrun for example_external_task_marker_child to None, run_after=None
[2024-06-16T12:52:56.804+0000] {logging_mixin.py:188} INFO - [2024-06-16T12:52:56.803+0000] {dag.py:3954} INFO - Setting next_dagrun for example_external_task_marker_parent to None, run_after=None
[2024-06-16T12:52:56.832+0000] {processor.py:183} INFO - Processing /home/airflow/.local/lib/python3.12/site-packages/airflow/example_dags/example_external_task_marker_dag.py took 0.113 seconds
[2024-06-16T12:53:27.186+0000] {processor.py:161} INFO - Started process (PID=883) to work on /home/airflow/.local/lib/python3.12/site-packages/airflow/example_dags/example_external_task_marker_dag.py
[2024-06-16T12:53:27.187+0000] {processor.py:830} INFO - Processing file /home/airflow/.local/lib/python3.12/site-packages/airflow/example_dags/example_external_task_marker_dag.py for tasks to queue
[2024-06-16T12:53:27.188+0000] {logging_mixin.py:188} INFO - [2024-06-16T12:53:27.188+0000] {dagbag.py:545} INFO - Filling up the DagBag from /home/airflow/.local/lib/python3.12/site-packages/airflow/example_dags/example_external_task_marker_dag.py
[2024-06-16T12:53:27.196+0000] {processor.py:840} INFO - DAG(s) 'example_external_task_marker_child', 'example_external_task_marker_parent' retrieved from /home/airflow/.local/lib/python3.12/site-packages/airflow/example_dags/example_external_task_marker_dag.py
[2024-06-16T12:53:27.230+0000] {logging_mixin.py:188} INFO - [2024-06-16T12:53:27.230+0000] {dag.py:3096} INFO - Sync 2 DAGs
[2024-06-16T12:53:27.253+0000] {logging_mixin.py:188} INFO - [2024-06-16T12:53:27.253+0000] {dag.py:3954} INFO - Setting next_dagrun for example_external_task_marker_child to None, run_after=None
[2024-06-16T12:53:27.261+0000] {logging_mixin.py:188} INFO - [2024-06-16T12:53:27.260+0000] {dag.py:3954} INFO - Setting next_dagrun for example_external_task_marker_parent to None, run_after=None
[2024-06-16T12:53:27.286+0000] {processor.py:183} INFO - Processing /home/airflow/.local/lib/python3.12/site-packages/airflow/example_dags/example_external_task_marker_dag.py took 0.109 seconds
[2024-06-16T12:53:57.753+0000] {processor.py:161} INFO - Started process (PID=942) to work on /home/airflow/.local/lib/python3.12/site-packages/airflow/example_dags/example_external_task_marker_dag.py
[2024-06-16T12:53:57.754+0000] {processor.py:830} INFO - Processing file /home/airflow/.local/lib/python3.12/site-packages/airflow/example_dags/example_external_task_marker_dag.py for tasks to queue
[2024-06-16T12:53:57.756+0000] {logging_mixin.py:188} INFO - [2024-06-16T12:53:57.755+0000] {dagbag.py:545} INFO - Filling up the DagBag from /home/airflow/.local/lib/python3.12/site-packages/airflow/example_dags/example_external_task_marker_dag.py
[2024-06-16T12:53:57.766+0000] {processor.py:840} INFO - DAG(s) 'example_external_task_marker_parent', 'example_external_task_marker_child' retrieved from /home/airflow/.local/lib/python3.12/site-packages/airflow/example_dags/example_external_task_marker_dag.py
[2024-06-16T12:53:57.801+0000] {logging_mixin.py:188} INFO - [2024-06-16T12:53:57.800+0000] {dag.py:3096} INFO - Sync 2 DAGs
[2024-06-16T12:53:57.829+0000] {logging_mixin.py:188} INFO - [2024-06-16T12:53:57.828+0000] {dag.py:3954} INFO - Setting next_dagrun for example_external_task_marker_child to None, run_after=None
[2024-06-16T12:53:57.837+0000] {logging_mixin.py:188} INFO - [2024-06-16T12:53:57.836+0000] {dag.py:3954} INFO - Setting next_dagrun for example_external_task_marker_parent to None, run_after=None
[2024-06-16T12:53:57.870+0000] {processor.py:183} INFO - Processing /home/airflow/.local/lib/python3.12/site-packages/airflow/example_dags/example_external_task_marker_dag.py took 0.129 seconds
[2024-06-16T12:54:28.307+0000] {processor.py:161} INFO - Started process (PID=1001) to work on /home/airflow/.local/lib/python3.12/site-packages/airflow/example_dags/example_external_task_marker_dag.py
[2024-06-16T12:54:28.309+0000] {processor.py:830} INFO - Processing file /home/airflow/.local/lib/python3.12/site-packages/airflow/example_dags/example_external_task_marker_dag.py for tasks to queue
[2024-06-16T12:54:28.310+0000] {logging_mixin.py:188} INFO - [2024-06-16T12:54:28.310+0000] {dagbag.py:545} INFO - Filling up the DagBag from /home/airflow/.local/lib/python3.12/site-packages/airflow/example_dags/example_external_task_marker_dag.py
[2024-06-16T12:54:28.322+0000] {processor.py:840} INFO - DAG(s) 'example_external_task_marker_parent', 'example_external_task_marker_child' retrieved from /home/airflow/.local/lib/python3.12/site-packages/airflow/example_dags/example_external_task_marker_dag.py
[2024-06-16T12:54:28.368+0000] {logging_mixin.py:188} INFO - [2024-06-16T12:54:28.367+0000] {dag.py:3096} INFO - Sync 2 DAGs
[2024-06-16T12:54:28.396+0000] {logging_mixin.py:188} INFO - [2024-06-16T12:54:28.395+0000] {dag.py:3954} INFO - Setting next_dagrun for example_external_task_marker_child to None, run_after=None
[2024-06-16T12:54:28.406+0000] {logging_mixin.py:188} INFO - [2024-06-16T12:54:28.403+0000] {dag.py:3954} INFO - Setting next_dagrun for example_external_task_marker_parent to None, run_after=None
[2024-06-16T12:54:28.439+0000] {processor.py:183} INFO - Processing /home/airflow/.local/lib/python3.12/site-packages/airflow/example_dags/example_external_task_marker_dag.py took 0.142 seconds
[2024-06-16T12:54:59.192+0000] {processor.py:161} INFO - Started process (PID=1060) to work on /home/airflow/.local/lib/python3.12/site-packages/airflow/example_dags/example_external_task_marker_dag.py
[2024-06-16T12:54:59.193+0000] {processor.py:830} INFO - Processing file /home/airflow/.local/lib/python3.12/site-packages/airflow/example_dags/example_external_task_marker_dag.py for tasks to queue
[2024-06-16T12:54:59.194+0000] {logging_mixin.py:188} INFO - [2024-06-16T12:54:59.194+0000] {dagbag.py:545} INFO - Filling up the DagBag from /home/airflow/.local/lib/python3.12/site-packages/airflow/example_dags/example_external_task_marker_dag.py
[2024-06-16T12:54:59.203+0000] {processor.py:840} INFO - DAG(s) 'example_external_task_marker_parent', 'example_external_task_marker_child' retrieved from /home/airflow/.local/lib/python3.12/site-packages/airflow/example_dags/example_external_task_marker_dag.py
[2024-06-16T12:54:59.238+0000] {logging_mixin.py:188} INFO - [2024-06-16T12:54:59.237+0000] {dag.py:3096} INFO - Sync 2 DAGs
[2024-06-16T12:54:59.258+0000] {logging_mixin.py:188} INFO - [2024-06-16T12:54:59.258+0000] {dag.py:3954} INFO - Setting next_dagrun for example_external_task_marker_child to None, run_after=None
[2024-06-16T12:54:59.263+0000] {logging_mixin.py:188} INFO - [2024-06-16T12:54:59.263+0000] {dag.py:3954} INFO - Setting next_dagrun for example_external_task_marker_parent to None, run_after=None
[2024-06-16T12:54:59.289+0000] {processor.py:183} INFO - Processing /home/airflow/.local/lib/python3.12/site-packages/airflow/example_dags/example_external_task_marker_dag.py took 0.105 seconds
[2024-06-16T12:55:29.541+0000] {processor.py:161} INFO - Started process (PID=1119) to work on /home/airflow/.local/lib/python3.12/site-packages/airflow/example_dags/example_external_task_marker_dag.py
[2024-06-16T12:55:29.542+0000] {processor.py:830} INFO - Processing file /home/airflow/.local/lib/python3.12/site-packages/airflow/example_dags/example_external_task_marker_dag.py for tasks to queue
[2024-06-16T12:55:29.543+0000] {logging_mixin.py:188} INFO - [2024-06-16T12:55:29.542+0000] {dagbag.py:545} INFO - Filling up the DagBag from /home/airflow/.local/lib/python3.12/site-packages/airflow/example_dags/example_external_task_marker_dag.py
[2024-06-16T12:55:29.552+0000] {processor.py:840} INFO - DAG(s) 'example_external_task_marker_parent', 'example_external_task_marker_child' retrieved from /home/airflow/.local/lib/python3.12/site-packages/airflow/example_dags/example_external_task_marker_dag.py
[2024-06-16T12:55:29.582+0000] {logging_mixin.py:188} INFO - [2024-06-16T12:55:29.582+0000] {dag.py:3096} INFO - Sync 2 DAGs
[2024-06-16T12:55:29.601+0000] {logging_mixin.py:188} INFO - [2024-06-16T12:55:29.601+0000] {dag.py:3954} INFO - Setting next_dagrun for example_external_task_marker_child to None, run_after=None
[2024-06-16T12:55:29.607+0000] {logging_mixin.py:188} INFO - [2024-06-16T12:55:29.607+0000] {dag.py:3954} INFO - Setting next_dagrun for example_external_task_marker_parent to None, run_after=None
[2024-06-16T12:55:29.630+0000] {processor.py:183} INFO - Processing /home/airflow/.local/lib/python3.12/site-packages/airflow/example_dags/example_external_task_marker_dag.py took 0.096 seconds
[2024-06-16T12:56:00.436+0000] {processor.py:161} INFO - Started process (PID=1177) to work on /home/airflow/.local/lib/python3.12/site-packages/airflow/example_dags/example_external_task_marker_dag.py
[2024-06-16T12:56:00.437+0000] {processor.py:830} INFO - Processing file /home/airflow/.local/lib/python3.12/site-packages/airflow/example_dags/example_external_task_marker_dag.py for tasks to queue
[2024-06-16T12:56:00.438+0000] {logging_mixin.py:188} INFO - [2024-06-16T12:56:00.437+0000] {dagbag.py:545} INFO - Filling up the DagBag from /home/airflow/.local/lib/python3.12/site-packages/airflow/example_dags/example_external_task_marker_dag.py
[2024-06-16T12:56:00.450+0000] {processor.py:840} INFO - DAG(s) 'example_external_task_marker_child', 'example_external_task_marker_parent' retrieved from /home/airflow/.local/lib/python3.12/site-packages/airflow/example_dags/example_external_task_marker_dag.py
[2024-06-16T12:56:00.484+0000] {logging_mixin.py:188} INFO - [2024-06-16T12:56:00.483+0000] {dag.py:3096} INFO - Sync 2 DAGs
[2024-06-16T12:56:00.502+0000] {logging_mixin.py:188} INFO - [2024-06-16T12:56:00.502+0000] {dag.py:3954} INFO - Setting next_dagrun for example_external_task_marker_child to None, run_after=None
[2024-06-16T12:56:00.508+0000] {logging_mixin.py:188} INFO - [2024-06-16T12:56:00.507+0000] {dag.py:3954} INFO - Setting next_dagrun for example_external_task_marker_parent to None, run_after=None
[2024-06-16T12:56:00.532+0000] {processor.py:183} INFO - Processing /home/airflow/.local/lib/python3.12/site-packages/airflow/example_dags/example_external_task_marker_dag.py took 0.114 seconds
[2024-06-16T12:56:31.412+0000] {processor.py:161} INFO - Started process (PID=1236) to work on /home/airflow/.local/lib/python3.12/site-packages/airflow/example_dags/example_external_task_marker_dag.py
[2024-06-16T12:56:31.413+0000] {processor.py:830} INFO - Processing file /home/airflow/.local/lib/python3.12/site-packages/airflow/example_dags/example_external_task_marker_dag.py for tasks to queue
[2024-06-16T12:56:31.414+0000] {logging_mixin.py:188} INFO - [2024-06-16T12:56:31.414+0000] {dagbag.py:545} INFO - Filling up the DagBag from /home/airflow/.local/lib/python3.12/site-packages/airflow/example_dags/example_external_task_marker_dag.py
[2024-06-16T12:56:31.425+0000] {processor.py:840} INFO - DAG(s) 'example_external_task_marker_child', 'example_external_task_marker_parent' retrieved from /home/airflow/.local/lib/python3.12/site-packages/airflow/example_dags/example_external_task_marker_dag.py
[2024-06-16T12:56:31.468+0000] {logging_mixin.py:188} INFO - [2024-06-16T12:56:31.468+0000] {dag.py:3096} INFO - Sync 2 DAGs
[2024-06-16T12:56:31.496+0000] {logging_mixin.py:188} INFO - [2024-06-16T12:56:31.496+0000] {dag.py:3954} INFO - Setting next_dagrun for example_external_task_marker_child to None, run_after=None
[2024-06-16T12:56:31.503+0000] {logging_mixin.py:188} INFO - [2024-06-16T12:56:31.503+0000] {dag.py:3954} INFO - Setting next_dagrun for example_external_task_marker_parent to None, run_after=None
[2024-06-16T12:56:31.537+0000] {processor.py:183} INFO - Processing /home/airflow/.local/lib/python3.12/site-packages/airflow/example_dags/example_external_task_marker_dag.py took 0.136 seconds
[2024-06-16T12:57:02.087+0000] {processor.py:161} INFO - Started process (PID=1295) to work on /home/airflow/.local/lib/python3.12/site-packages/airflow/example_dags/example_external_task_marker_dag.py
[2024-06-16T12:57:02.088+0000] {processor.py:830} INFO - Processing file /home/airflow/.local/lib/python3.12/site-packages/airflow/example_dags/example_external_task_marker_dag.py for tasks to queue
[2024-06-16T12:57:02.089+0000] {logging_mixin.py:188} INFO - [2024-06-16T12:57:02.089+0000] {dagbag.py:545} INFO - Filling up the DagBag from /home/airflow/.local/lib/python3.12/site-packages/airflow/example_dags/example_external_task_marker_dag.py
[2024-06-16T12:57:02.098+0000] {processor.py:840} INFO - DAG(s) 'example_external_task_marker_child', 'example_external_task_marker_parent' retrieved from /home/airflow/.local/lib/python3.12/site-packages/airflow/example_dags/example_external_task_marker_dag.py
[2024-06-16T12:57:02.134+0000] {logging_mixin.py:188} INFO - [2024-06-16T12:57:02.134+0000] {dag.py:3096} INFO - Sync 2 DAGs
[2024-06-16T12:57:02.156+0000] {logging_mixin.py:188} INFO - [2024-06-16T12:57:02.155+0000] {dag.py:3954} INFO - Setting next_dagrun for example_external_task_marker_child to None, run_after=None
[2024-06-16T12:57:02.161+0000] {logging_mixin.py:188} INFO - [2024-06-16T12:57:02.161+0000] {dag.py:3954} INFO - Setting next_dagrun for example_external_task_marker_parent to None, run_after=None
[2024-06-16T12:57:02.191+0000] {processor.py:183} INFO - Processing /home/airflow/.local/lib/python3.12/site-packages/airflow/example_dags/example_external_task_marker_dag.py took 0.111 seconds
[2024-06-16T12:57:32.403+0000] {processor.py:161} INFO - Started process (PID=1353) to work on /home/airflow/.local/lib/python3.12/site-packages/airflow/example_dags/example_external_task_marker_dag.py
[2024-06-16T12:57:32.404+0000] {processor.py:830} INFO - Processing file /home/airflow/.local/lib/python3.12/site-packages/airflow/example_dags/example_external_task_marker_dag.py for tasks to queue
[2024-06-16T12:57:32.405+0000] {logging_mixin.py:188} INFO - [2024-06-16T12:57:32.405+0000] {dagbag.py:545} INFO - Filling up the DagBag from /home/airflow/.local/lib/python3.12/site-packages/airflow/example_dags/example_external_task_marker_dag.py
[2024-06-16T12:57:32.413+0000] {processor.py:840} INFO - DAG(s) 'example_external_task_marker_child', 'example_external_task_marker_parent' retrieved from /home/airflow/.local/lib/python3.12/site-packages/airflow/example_dags/example_external_task_marker_dag.py
[2024-06-16T12:57:32.445+0000] {logging_mixin.py:188} INFO - [2024-06-16T12:57:32.445+0000] {dag.py:3096} INFO - Sync 2 DAGs
[2024-06-16T12:57:32.464+0000] {logging_mixin.py:188} INFO - [2024-06-16T12:57:32.464+0000] {dag.py:3954} INFO - Setting next_dagrun for example_external_task_marker_child to None, run_after=None
[2024-06-16T12:57:32.469+0000] {logging_mixin.py:188} INFO - [2024-06-16T12:57:32.468+0000] {dag.py:3954} INFO - Setting next_dagrun for example_external_task_marker_parent to None, run_after=None
[2024-06-16T12:57:32.490+0000] {processor.py:183} INFO - Processing /home/airflow/.local/lib/python3.12/site-packages/airflow/example_dags/example_external_task_marker_dag.py took 0.094 seconds
[2024-06-16T12:58:03.003+0000] {processor.py:161} INFO - Started process (PID=1412) to work on /home/airflow/.local/lib/python3.12/site-packages/airflow/example_dags/example_external_task_marker_dag.py
[2024-06-16T12:58:03.004+0000] {processor.py:830} INFO - Processing file /home/airflow/.local/lib/python3.12/site-packages/airflow/example_dags/example_external_task_marker_dag.py for tasks to queue
[2024-06-16T12:58:03.005+0000] {logging_mixin.py:188} INFO - [2024-06-16T12:58:03.005+0000] {dagbag.py:545} INFO - Filling up the DagBag from /home/airflow/.local/lib/python3.12/site-packages/airflow/example_dags/example_external_task_marker_dag.py
[2024-06-16T12:58:03.013+0000] {processor.py:840} INFO - DAG(s) 'example_external_task_marker_parent', 'example_external_task_marker_child' retrieved from /home/airflow/.local/lib/python3.12/site-packages/airflow/example_dags/example_external_task_marker_dag.py
[2024-06-16T12:58:03.046+0000] {logging_mixin.py:188} INFO - [2024-06-16T12:58:03.046+0000] {dag.py:3096} INFO - Sync 2 DAGs
[2024-06-16T12:58:03.064+0000] {logging_mixin.py:188} INFO - [2024-06-16T12:58:03.063+0000] {dag.py:3954} INFO - Setting next_dagrun for example_external_task_marker_child to None, run_after=None
[2024-06-16T12:58:03.070+0000] {logging_mixin.py:188} INFO - [2024-06-16T12:58:03.070+0000] {dag.py:3954} INFO - Setting next_dagrun for example_external_task_marker_parent to None, run_after=None
[2024-06-16T12:58:03.094+0000] {processor.py:183} INFO - Processing /home/airflow/.local/lib/python3.12/site-packages/airflow/example_dags/example_external_task_marker_dag.py took 0.097 seconds
[2024-06-16T12:58:33.963+0000] {processor.py:161} INFO - Started process (PID=1470) to work on /home/airflow/.local/lib/python3.12/site-packages/airflow/example_dags/example_external_task_marker_dag.py
[2024-06-16T12:58:33.968+0000] {processor.py:830} INFO - Processing file /home/airflow/.local/lib/python3.12/site-packages/airflow/example_dags/example_external_task_marker_dag.py for tasks to queue
[2024-06-16T12:58:33.972+0000] {logging_mixin.py:188} INFO - [2024-06-16T12:58:33.970+0000] {dagbag.py:545} INFO - Filling up the DagBag from /home/airflow/.local/lib/python3.12/site-packages/airflow/example_dags/example_external_task_marker_dag.py
[2024-06-16T12:58:33.982+0000] {processor.py:840} INFO - DAG(s) 'example_external_task_marker_child', 'example_external_task_marker_parent' retrieved from /home/airflow/.local/lib/python3.12/site-packages/airflow/example_dags/example_external_task_marker_dag.py
[2024-06-16T12:58:34.055+0000] {logging_mixin.py:188} INFO - [2024-06-16T12:58:34.054+0000] {dag.py:3096} INFO - Sync 2 DAGs
[2024-06-16T12:58:34.096+0000] {logging_mixin.py:188} INFO - [2024-06-16T12:58:34.090+0000] {dag.py:3954} INFO - Setting next_dagrun for example_external_task_marker_child to None, run_after=None
[2024-06-16T12:58:34.104+0000] {logging_mixin.py:188} INFO - [2024-06-16T12:58:34.104+0000] {dag.py:3954} INFO - Setting next_dagrun for example_external_task_marker_parent to None, run_after=None
[2024-06-16T12:58:34.197+0000] {processor.py:183} INFO - Processing /home/airflow/.local/lib/python3.12/site-packages/airflow/example_dags/example_external_task_marker_dag.py took 0.246 seconds
[2024-06-16T12:59:04.453+0000] {processor.py:161} INFO - Started process (PID=1535) to work on /home/airflow/.local/lib/python3.12/site-packages/airflow/example_dags/example_external_task_marker_dag.py
[2024-06-16T12:59:04.454+0000] {processor.py:830} INFO - Processing file /home/airflow/.local/lib/python3.12/site-packages/airflow/example_dags/example_external_task_marker_dag.py for tasks to queue
[2024-06-16T12:59:04.455+0000] {logging_mixin.py:188} INFO - [2024-06-16T12:59:04.455+0000] {dagbag.py:545} INFO - Filling up the DagBag from /home/airflow/.local/lib/python3.12/site-packages/airflow/example_dags/example_external_task_marker_dag.py
[2024-06-16T12:59:04.462+0000] {processor.py:840} INFO - DAG(s) 'example_external_task_marker_child', 'example_external_task_marker_parent' retrieved from /home/airflow/.local/lib/python3.12/site-packages/airflow/example_dags/example_external_task_marker_dag.py
[2024-06-16T12:59:04.493+0000] {logging_mixin.py:188} INFO - [2024-06-16T12:59:04.493+0000] {dag.py:3096} INFO - Sync 2 DAGs
[2024-06-16T12:59:04.510+0000] {logging_mixin.py:188} INFO - [2024-06-16T12:59:04.510+0000] {dag.py:3954} INFO - Setting next_dagrun for example_external_task_marker_child to None, run_after=None
[2024-06-16T12:59:04.515+0000] {logging_mixin.py:188} INFO - [2024-06-16T12:59:04.515+0000] {dag.py:3954} INFO - Setting next_dagrun for example_external_task_marker_parent to None, run_after=None
[2024-06-16T12:59:04.541+0000] {processor.py:183} INFO - Processing /home/airflow/.local/lib/python3.12/site-packages/airflow/example_dags/example_external_task_marker_dag.py took 0.095 seconds
[2024-06-16T12:59:34.820+0000] {processor.py:161} INFO - Started process (PID=1598) to work on /home/airflow/.local/lib/python3.12/site-packages/airflow/example_dags/example_external_task_marker_dag.py
[2024-06-16T12:59:34.821+0000] {processor.py:830} INFO - Processing file /home/airflow/.local/lib/python3.12/site-packages/airflow/example_dags/example_external_task_marker_dag.py for tasks to queue
[2024-06-16T12:59:34.822+0000] {logging_mixin.py:188} INFO - [2024-06-16T12:59:34.821+0000] {dagbag.py:545} INFO - Filling up the DagBag from /home/airflow/.local/lib/python3.12/site-packages/airflow/example_dags/example_external_task_marker_dag.py
[2024-06-16T12:59:34.829+0000] {processor.py:840} INFO - DAG(s) 'example_external_task_marker_parent', 'example_external_task_marker_child' retrieved from /home/airflow/.local/lib/python3.12/site-packages/airflow/example_dags/example_external_task_marker_dag.py
[2024-06-16T12:59:34.862+0000] {logging_mixin.py:188} INFO - [2024-06-16T12:59:34.862+0000] {dag.py:3096} INFO - Sync 2 DAGs
[2024-06-16T12:59:34.881+0000] {logging_mixin.py:188} INFO - [2024-06-16T12:59:34.881+0000] {dag.py:3954} INFO - Setting next_dagrun for example_external_task_marker_child to None, run_after=None
[2024-06-16T12:59:34.886+0000] {logging_mixin.py:188} INFO - [2024-06-16T12:59:34.886+0000] {dag.py:3954} INFO - Setting next_dagrun for example_external_task_marker_parent to None, run_after=None
[2024-06-16T12:59:34.917+0000] {processor.py:183} INFO - Processing /home/airflow/.local/lib/python3.12/site-packages/airflow/example_dags/example_external_task_marker_dag.py took 0.104 seconds
[2024-06-16T13:00:05.568+0000] {processor.py:161} INFO - Started process (PID=1659) to work on /home/airflow/.local/lib/python3.12/site-packages/airflow/example_dags/example_external_task_marker_dag.py
[2024-06-16T13:00:05.569+0000] {processor.py:830} INFO - Processing file /home/airflow/.local/lib/python3.12/site-packages/airflow/example_dags/example_external_task_marker_dag.py for tasks to queue
[2024-06-16T13:00:05.570+0000] {logging_mixin.py:188} INFO - [2024-06-16T13:00:05.570+0000] {dagbag.py:545} INFO - Filling up the DagBag from /home/airflow/.local/lib/python3.12/site-packages/airflow/example_dags/example_external_task_marker_dag.py
[2024-06-16T13:00:05.577+0000] {processor.py:840} INFO - DAG(s) 'example_external_task_marker_parent', 'example_external_task_marker_child' retrieved from /home/airflow/.local/lib/python3.12/site-packages/airflow/example_dags/example_external_task_marker_dag.py
[2024-06-16T13:00:05.613+0000] {logging_mixin.py:188} INFO - [2024-06-16T13:00:05.613+0000] {dag.py:3096} INFO - Sync 2 DAGs
[2024-06-16T13:00:05.636+0000] {logging_mixin.py:188} INFO - [2024-06-16T13:00:05.635+0000] {dag.py:3954} INFO - Setting next_dagrun for example_external_task_marker_child to None, run_after=None
[2024-06-16T13:00:05.641+0000] {logging_mixin.py:188} INFO - [2024-06-16T13:00:05.641+0000] {dag.py:3954} INFO - Setting next_dagrun for example_external_task_marker_parent to None, run_after=None
[2024-06-16T13:00:05.665+0000] {processor.py:183} INFO - Processing /home/airflow/.local/lib/python3.12/site-packages/airflow/example_dags/example_external_task_marker_dag.py took 0.104 seconds
[2024-06-16T13:00:36.704+0000] {processor.py:161} INFO - Started process (PID=1724) to work on /home/airflow/.local/lib/python3.12/site-packages/airflow/example_dags/example_external_task_marker_dag.py
[2024-06-16T13:00:36.706+0000] {processor.py:830} INFO - Processing file /home/airflow/.local/lib/python3.12/site-packages/airflow/example_dags/example_external_task_marker_dag.py for tasks to queue
[2024-06-16T13:00:36.708+0000] {logging_mixin.py:188} INFO - [2024-06-16T13:00:36.707+0000] {dagbag.py:545} INFO - Filling up the DagBag from /home/airflow/.local/lib/python3.12/site-packages/airflow/example_dags/example_external_task_marker_dag.py
[2024-06-16T13:00:36.718+0000] {processor.py:840} INFO - DAG(s) 'example_external_task_marker_parent', 'example_external_task_marker_child' retrieved from /home/airflow/.local/lib/python3.12/site-packages/airflow/example_dags/example_external_task_marker_dag.py
[2024-06-16T13:00:36.753+0000] {logging_mixin.py:188} INFO - [2024-06-16T13:00:36.753+0000] {dag.py:3096} INFO - Sync 2 DAGs
[2024-06-16T13:00:36.777+0000] {logging_mixin.py:188} INFO - [2024-06-16T13:00:36.776+0000] {dag.py:3954} INFO - Setting next_dagrun for example_external_task_marker_child to None, run_after=None
[2024-06-16T13:00:36.785+0000] {logging_mixin.py:188} INFO - [2024-06-16T13:00:36.784+0000] {dag.py:3954} INFO - Setting next_dagrun for example_external_task_marker_parent to None, run_after=None
[2024-06-16T13:00:36.808+0000] {processor.py:183} INFO - Processing /home/airflow/.local/lib/python3.12/site-packages/airflow/example_dags/example_external_task_marker_dag.py took 0.116 seconds
[2024-06-16T13:01:07.860+0000] {processor.py:161} INFO - Started process (PID=1783) to work on /home/airflow/.local/lib/python3.12/site-packages/airflow/example_dags/example_external_task_marker_dag.py
[2024-06-16T13:01:07.862+0000] {processor.py:830} INFO - Processing file /home/airflow/.local/lib/python3.12/site-packages/airflow/example_dags/example_external_task_marker_dag.py for tasks to queue
[2024-06-16T13:01:07.864+0000] {logging_mixin.py:188} INFO - [2024-06-16T13:01:07.863+0000] {dagbag.py:545} INFO - Filling up the DagBag from /home/airflow/.local/lib/python3.12/site-packages/airflow/example_dags/example_external_task_marker_dag.py
[2024-06-16T13:01:07.876+0000] {processor.py:840} INFO - DAG(s) 'example_external_task_marker_child', 'example_external_task_marker_parent' retrieved from /home/airflow/.local/lib/python3.12/site-packages/airflow/example_dags/example_external_task_marker_dag.py
[2024-06-16T13:01:07.921+0000] {logging_mixin.py:188} INFO - [2024-06-16T13:01:07.920+0000] {dag.py:3096} INFO - Sync 2 DAGs
[2024-06-16T13:01:07.956+0000] {logging_mixin.py:188} INFO - [2024-06-16T13:01:07.956+0000] {dag.py:3954} INFO - Setting next_dagrun for example_external_task_marker_child to None, run_after=None
[2024-06-16T13:01:07.963+0000] {logging_mixin.py:188} INFO - [2024-06-16T13:01:07.962+0000] {dag.py:3954} INFO - Setting next_dagrun for example_external_task_marker_parent to None, run_after=None
[2024-06-16T13:01:07.999+0000] {processor.py:183} INFO - Processing /home/airflow/.local/lib/python3.12/site-packages/airflow/example_dags/example_external_task_marker_dag.py took 0.150 seconds
[2024-06-16T13:01:38.102+0000] {processor.py:161} INFO - Started process (PID=1841) to work on /home/airflow/.local/lib/python3.12/site-packages/airflow/example_dags/example_external_task_marker_dag.py
[2024-06-16T13:01:38.103+0000] {processor.py:830} INFO - Processing file /home/airflow/.local/lib/python3.12/site-packages/airflow/example_dags/example_external_task_marker_dag.py for tasks to queue
[2024-06-16T13:01:38.104+0000] {logging_mixin.py:188} INFO - [2024-06-16T13:01:38.103+0000] {dagbag.py:545} INFO - Filling up the DagBag from /home/airflow/.local/lib/python3.12/site-packages/airflow/example_dags/example_external_task_marker_dag.py
[2024-06-16T13:01:38.110+0000] {processor.py:840} INFO - DAG(s) 'example_external_task_marker_child', 'example_external_task_marker_parent' retrieved from /home/airflow/.local/lib/python3.12/site-packages/airflow/example_dags/example_external_task_marker_dag.py
[2024-06-16T13:01:38.135+0000] {logging_mixin.py:188} INFO - [2024-06-16T13:01:38.134+0000] {dag.py:3096} INFO - Sync 2 DAGs
[2024-06-16T13:01:38.149+0000] {logging_mixin.py:188} INFO - [2024-06-16T13:01:38.149+0000] {dag.py:3954} INFO - Setting next_dagrun for example_external_task_marker_child to None, run_after=None
[2024-06-16T13:01:38.153+0000] {logging_mixin.py:188} INFO - [2024-06-16T13:01:38.152+0000] {dag.py:3954} INFO - Setting next_dagrun for example_external_task_marker_parent to None, run_after=None
[2024-06-16T13:01:38.172+0000] {processor.py:183} INFO - Processing /home/airflow/.local/lib/python3.12/site-packages/airflow/example_dags/example_external_task_marker_dag.py took 0.076 seconds
[2024-06-16T13:02:08.433+0000] {processor.py:161} INFO - Started process (PID=1900) to work on /home/airflow/.local/lib/python3.12/site-packages/airflow/example_dags/example_external_task_marker_dag.py
[2024-06-16T13:02:08.434+0000] {processor.py:830} INFO - Processing file /home/airflow/.local/lib/python3.12/site-packages/airflow/example_dags/example_external_task_marker_dag.py for tasks to queue
[2024-06-16T13:02:08.435+0000] {logging_mixin.py:188} INFO - [2024-06-16T13:02:08.434+0000] {dagbag.py:545} INFO - Filling up the DagBag from /home/airflow/.local/lib/python3.12/site-packages/airflow/example_dags/example_external_task_marker_dag.py
[2024-06-16T13:02:08.444+0000] {processor.py:840} INFO - DAG(s) 'example_external_task_marker_parent', 'example_external_task_marker_child' retrieved from /home/airflow/.local/lib/python3.12/site-packages/airflow/example_dags/example_external_task_marker_dag.py
[2024-06-16T13:02:08.480+0000] {logging_mixin.py:188} INFO - [2024-06-16T13:02:08.479+0000] {dag.py:3096} INFO - Sync 2 DAGs
[2024-06-16T13:02:08.501+0000] {logging_mixin.py:188} INFO - [2024-06-16T13:02:08.501+0000] {dag.py:3954} INFO - Setting next_dagrun for example_external_task_marker_child to None, run_after=None
[2024-06-16T13:02:08.507+0000] {logging_mixin.py:188} INFO - [2024-06-16T13:02:08.507+0000] {dag.py:3954} INFO - Setting next_dagrun for example_external_task_marker_parent to None, run_after=None
[2024-06-16T13:02:08.535+0000] {processor.py:183} INFO - Processing /home/airflow/.local/lib/python3.12/site-packages/airflow/example_dags/example_external_task_marker_dag.py took 0.112 seconds
[2024-06-16T13:02:38.733+0000] {processor.py:161} INFO - Started process (PID=1959) to work on /home/airflow/.local/lib/python3.12/site-packages/airflow/example_dags/example_external_task_marker_dag.py
[2024-06-16T13:02:38.734+0000] {processor.py:830} INFO - Processing file /home/airflow/.local/lib/python3.12/site-packages/airflow/example_dags/example_external_task_marker_dag.py for tasks to queue
[2024-06-16T13:02:38.736+0000] {logging_mixin.py:188} INFO - [2024-06-16T13:02:38.735+0000] {dagbag.py:545} INFO - Filling up the DagBag from /home/airflow/.local/lib/python3.12/site-packages/airflow/example_dags/example_external_task_marker_dag.py
[2024-06-16T13:02:38.750+0000] {processor.py:840} INFO - DAG(s) 'example_external_task_marker_child', 'example_external_task_marker_parent' retrieved from /home/airflow/.local/lib/python3.12/site-packages/airflow/example_dags/example_external_task_marker_dag.py
[2024-06-16T13:02:38.787+0000] {logging_mixin.py:188} INFO - [2024-06-16T13:02:38.787+0000] {dag.py:3096} INFO - Sync 2 DAGs
[2024-06-16T13:02:38.804+0000] {logging_mixin.py:188} INFO - [2024-06-16T13:02:38.804+0000] {dag.py:3954} INFO - Setting next_dagrun for example_external_task_marker_child to None, run_after=None
[2024-06-16T13:02:38.811+0000] {logging_mixin.py:188} INFO - [2024-06-16T13:02:38.810+0000] {dag.py:3954} INFO - Setting next_dagrun for example_external_task_marker_parent to None, run_after=None
[2024-06-16T13:02:38.834+0000] {processor.py:183} INFO - Processing /home/airflow/.local/lib/python3.12/site-packages/airflow/example_dags/example_external_task_marker_dag.py took 0.111 seconds
[2024-06-16T13:03:09.157+0000] {processor.py:161} INFO - Started process (PID=2018) to work on /home/airflow/.local/lib/python3.12/site-packages/airflow/example_dags/example_external_task_marker_dag.py
[2024-06-16T13:03:09.158+0000] {processor.py:830} INFO - Processing file /home/airflow/.local/lib/python3.12/site-packages/airflow/example_dags/example_external_task_marker_dag.py for tasks to queue
[2024-06-16T13:03:09.160+0000] {logging_mixin.py:188} INFO - [2024-06-16T13:03:09.159+0000] {dagbag.py:545} INFO - Filling up the DagBag from /home/airflow/.local/lib/python3.12/site-packages/airflow/example_dags/example_external_task_marker_dag.py
[2024-06-16T13:03:09.170+0000] {processor.py:840} INFO - DAG(s) 'example_external_task_marker_parent', 'example_external_task_marker_child' retrieved from /home/airflow/.local/lib/python3.12/site-packages/airflow/example_dags/example_external_task_marker_dag.py
[2024-06-16T13:03:09.217+0000] {logging_mixin.py:188} INFO - [2024-06-16T13:03:09.217+0000] {dag.py:3096} INFO - Sync 2 DAGs
[2024-06-16T13:03:09.247+0000] {logging_mixin.py:188} INFO - [2024-06-16T13:03:09.246+0000] {dag.py:3954} INFO - Setting next_dagrun for example_external_task_marker_child to None, run_after=None
[2024-06-16T13:03:09.255+0000] {logging_mixin.py:188} INFO - [2024-06-16T13:03:09.255+0000] {dag.py:3954} INFO - Setting next_dagrun for example_external_task_marker_parent to None, run_after=None
[2024-06-16T13:03:09.328+0000] {processor.py:183} INFO - Processing /home/airflow/.local/lib/python3.12/site-packages/airflow/example_dags/example_external_task_marker_dag.py took 0.182 seconds
[2024-06-16T13:03:39.535+0000] {processor.py:161} INFO - Started process (PID=2076) to work on /home/airflow/.local/lib/python3.12/site-packages/airflow/example_dags/example_external_task_marker_dag.py
[2024-06-16T13:03:39.536+0000] {processor.py:830} INFO - Processing file /home/airflow/.local/lib/python3.12/site-packages/airflow/example_dags/example_external_task_marker_dag.py for tasks to queue
[2024-06-16T13:03:39.539+0000] {logging_mixin.py:188} INFO - [2024-06-16T13:03:39.537+0000] {dagbag.py:545} INFO - Filling up the DagBag from /home/airflow/.local/lib/python3.12/site-packages/airflow/example_dags/example_external_task_marker_dag.py
[2024-06-16T13:03:39.550+0000] {processor.py:840} INFO - DAG(s) 'example_external_task_marker_parent', 'example_external_task_marker_child' retrieved from /home/airflow/.local/lib/python3.12/site-packages/airflow/example_dags/example_external_task_marker_dag.py
[2024-06-16T13:03:39.588+0000] {logging_mixin.py:188} INFO - [2024-06-16T13:03:39.588+0000] {dag.py:3096} INFO - Sync 2 DAGs
[2024-06-16T13:03:39.607+0000] {logging_mixin.py:188} INFO - [2024-06-16T13:03:39.607+0000] {dag.py:3954} INFO - Setting next_dagrun for example_external_task_marker_child to None, run_after=None
[2024-06-16T13:03:39.613+0000] {logging_mixin.py:188} INFO - [2024-06-16T13:03:39.612+0000] {dag.py:3954} INFO - Setting next_dagrun for example_external_task_marker_parent to None, run_after=None
[2024-06-16T13:03:39.639+0000] {processor.py:183} INFO - Processing /home/airflow/.local/lib/python3.12/site-packages/airflow/example_dags/example_external_task_marker_dag.py took 0.113 seconds
[2024-06-16T13:04:10.705+0000] {processor.py:161} INFO - Started process (PID=2139) to work on /home/airflow/.local/lib/python3.12/site-packages/airflow/example_dags/example_external_task_marker_dag.py
[2024-06-16T13:04:10.707+0000] {processor.py:830} INFO - Processing file /home/airflow/.local/lib/python3.12/site-packages/airflow/example_dags/example_external_task_marker_dag.py for tasks to queue
[2024-06-16T13:04:10.708+0000] {logging_mixin.py:188} INFO - [2024-06-16T13:04:10.707+0000] {dagbag.py:545} INFO - Filling up the DagBag from /home/airflow/.local/lib/python3.12/site-packages/airflow/example_dags/example_external_task_marker_dag.py
[2024-06-16T13:04:10.716+0000] {processor.py:840} INFO - DAG(s) 'example_external_task_marker_child', 'example_external_task_marker_parent' retrieved from /home/airflow/.local/lib/python3.12/site-packages/airflow/example_dags/example_external_task_marker_dag.py
[2024-06-16T13:04:10.755+0000] {logging_mixin.py:188} INFO - [2024-06-16T13:04:10.755+0000] {dag.py:3096} INFO - Sync 2 DAGs
[2024-06-16T13:04:10.776+0000] {logging_mixin.py:188} INFO - [2024-06-16T13:04:10.775+0000] {dag.py:3954} INFO - Setting next_dagrun for example_external_task_marker_child to None, run_after=None
[2024-06-16T13:04:10.780+0000] {logging_mixin.py:188} INFO - [2024-06-16T13:04:10.780+0000] {dag.py:3954} INFO - Setting next_dagrun for example_external_task_marker_parent to None, run_after=None
[2024-06-16T13:04:10.804+0000] {processor.py:183} INFO - Processing /home/airflow/.local/lib/python3.12/site-packages/airflow/example_dags/example_external_task_marker_dag.py took 0.108 seconds
[2024-06-16T13:04:41.542+0000] {processor.py:161} INFO - Started process (PID=2198) to work on /home/airflow/.local/lib/python3.12/site-packages/airflow/example_dags/example_external_task_marker_dag.py
[2024-06-16T13:04:41.544+0000] {processor.py:830} INFO - Processing file /home/airflow/.local/lib/python3.12/site-packages/airflow/example_dags/example_external_task_marker_dag.py for tasks to queue
[2024-06-16T13:04:41.545+0000] {logging_mixin.py:188} INFO - [2024-06-16T13:04:41.544+0000] {dagbag.py:545} INFO - Filling up the DagBag from /home/airflow/.local/lib/python3.12/site-packages/airflow/example_dags/example_external_task_marker_dag.py
[2024-06-16T13:04:41.555+0000] {processor.py:840} INFO - DAG(s) 'example_external_task_marker_parent', 'example_external_task_marker_child' retrieved from /home/airflow/.local/lib/python3.12/site-packages/airflow/example_dags/example_external_task_marker_dag.py
[2024-06-16T13:04:41.587+0000] {logging_mixin.py:188} INFO - [2024-06-16T13:04:41.587+0000] {dag.py:3096} INFO - Sync 2 DAGs
[2024-06-16T13:04:41.607+0000] {logging_mixin.py:188} INFO - [2024-06-16T13:04:41.607+0000] {dag.py:3954} INFO - Setting next_dagrun for example_external_task_marker_child to None, run_after=None
[2024-06-16T13:04:41.615+0000] {logging_mixin.py:188} INFO - [2024-06-16T13:04:41.614+0000] {dag.py:3954} INFO - Setting next_dagrun for example_external_task_marker_parent to None, run_after=None
[2024-06-16T13:04:41.643+0000] {processor.py:183} INFO - Processing /home/airflow/.local/lib/python3.12/site-packages/airflow/example_dags/example_external_task_marker_dag.py took 0.111 seconds
[2024-06-16T13:05:12.060+0000] {processor.py:161} INFO - Started process (PID=2258) to work on /home/airflow/.local/lib/python3.12/site-packages/airflow/example_dags/example_external_task_marker_dag.py
[2024-06-16T13:05:12.061+0000] {processor.py:830} INFO - Processing file /home/airflow/.local/lib/python3.12/site-packages/airflow/example_dags/example_external_task_marker_dag.py for tasks to queue
[2024-06-16T13:05:12.063+0000] {logging_mixin.py:188} INFO - [2024-06-16T13:05:12.062+0000] {dagbag.py:545} INFO - Filling up the DagBag from /home/airflow/.local/lib/python3.12/site-packages/airflow/example_dags/example_external_task_marker_dag.py
[2024-06-16T13:05:12.071+0000] {processor.py:840} INFO - DAG(s) 'example_external_task_marker_child', 'example_external_task_marker_parent' retrieved from /home/airflow/.local/lib/python3.12/site-packages/airflow/example_dags/example_external_task_marker_dag.py
[2024-06-16T13:05:12.106+0000] {logging_mixin.py:188} INFO - [2024-06-16T13:05:12.106+0000] {dag.py:3096} INFO - Sync 2 DAGs
[2024-06-16T13:05:12.129+0000] {logging_mixin.py:188} INFO - [2024-06-16T13:05:12.129+0000] {dag.py:3954} INFO - Setting next_dagrun for example_external_task_marker_child to None, run_after=None
[2024-06-16T13:05:12.137+0000] {logging_mixin.py:188} INFO - [2024-06-16T13:05:12.137+0000] {dag.py:3954} INFO - Setting next_dagrun for example_external_task_marker_parent to None, run_after=None
[2024-06-16T13:05:12.177+0000] {processor.py:183} INFO - Processing /home/airflow/.local/lib/python3.12/site-packages/airflow/example_dags/example_external_task_marker_dag.py took 0.127 seconds
[2024-06-16T13:05:42.398+0000] {processor.py:161} INFO - Started process (PID=2317) to work on /home/airflow/.local/lib/python3.12/site-packages/airflow/example_dags/example_external_task_marker_dag.py
[2024-06-16T13:05:42.399+0000] {processor.py:830} INFO - Processing file /home/airflow/.local/lib/python3.12/site-packages/airflow/example_dags/example_external_task_marker_dag.py for tasks to queue
[2024-06-16T13:05:42.400+0000] {logging_mixin.py:188} INFO - [2024-06-16T13:05:42.400+0000] {dagbag.py:545} INFO - Filling up the DagBag from /home/airflow/.local/lib/python3.12/site-packages/airflow/example_dags/example_external_task_marker_dag.py
[2024-06-16T13:05:42.412+0000] {processor.py:840} INFO - DAG(s) 'example_external_task_marker_child', 'example_external_task_marker_parent' retrieved from /home/airflow/.local/lib/python3.12/site-packages/airflow/example_dags/example_external_task_marker_dag.py
[2024-06-16T13:05:42.449+0000] {logging_mixin.py:188} INFO - [2024-06-16T13:05:42.448+0000] {dag.py:3096} INFO - Sync 2 DAGs
[2024-06-16T13:05:42.686+0000] {logging_mixin.py:188} INFO - [2024-06-16T13:05:42.686+0000] {dag.py:3954} INFO - Setting next_dagrun for example_external_task_marker_child to None, run_after=None
[2024-06-16T13:05:42.700+0000] {logging_mixin.py:188} INFO - [2024-06-16T13:05:42.699+0000] {dag.py:3954} INFO - Setting next_dagrun for example_external_task_marker_parent to None, run_after=None
[2024-06-16T13:05:42.742+0000] {processor.py:183} INFO - Processing /home/airflow/.local/lib/python3.12/site-packages/airflow/example_dags/example_external_task_marker_dag.py took 0.356 seconds
[2024-06-16T13:06:13.300+0000] {processor.py:161} INFO - Started process (PID=2376) to work on /home/airflow/.local/lib/python3.12/site-packages/airflow/example_dags/example_external_task_marker_dag.py
[2024-06-16T13:06:13.301+0000] {processor.py:830} INFO - Processing file /home/airflow/.local/lib/python3.12/site-packages/airflow/example_dags/example_external_task_marker_dag.py for tasks to queue
[2024-06-16T13:06:13.303+0000] {logging_mixin.py:188} INFO - [2024-06-16T13:06:13.302+0000] {dagbag.py:545} INFO - Filling up the DagBag from /home/airflow/.local/lib/python3.12/site-packages/airflow/example_dags/example_external_task_marker_dag.py
[2024-06-16T13:06:13.314+0000] {processor.py:840} INFO - DAG(s) 'example_external_task_marker_parent', 'example_external_task_marker_child' retrieved from /home/airflow/.local/lib/python3.12/site-packages/airflow/example_dags/example_external_task_marker_dag.py
[2024-06-16T13:06:13.355+0000] {logging_mixin.py:188} INFO - [2024-06-16T13:06:13.355+0000] {dag.py:3096} INFO - Sync 2 DAGs
[2024-06-16T13:06:13.381+0000] {logging_mixin.py:188} INFO - [2024-06-16T13:06:13.381+0000] {dag.py:3954} INFO - Setting next_dagrun for example_external_task_marker_child to None, run_after=None
[2024-06-16T13:06:13.388+0000] {logging_mixin.py:188} INFO - [2024-06-16T13:06:13.388+0000] {dag.py:3954} INFO - Setting next_dagrun for example_external_task_marker_parent to None, run_after=None
[2024-06-16T13:06:13.420+0000] {processor.py:183} INFO - Processing /home/airflow/.local/lib/python3.12/site-packages/airflow/example_dags/example_external_task_marker_dag.py took 0.129 seconds
