[2024-06-16T12:20:43.656+0000] {processor.py:161} INFO - Started process (PID=41) to work on /home/airflow/.local/lib/python3.12/site-packages/airflow/example_dags/example_display_name.py
[2024-06-16T12:20:43.657+0000] {processor.py:830} INFO - Processing file /home/airflow/.local/lib/python3.12/site-packages/airflow/example_dags/example_display_name.py for tasks to queue
[2024-06-16T12:20:43.683+0000] {logging_mixin.py:188} INFO - [2024-06-16T12:20:43.682+0000] {dagbag.py:545} INFO - Filling up the DagBag from /home/airflow/.local/lib/python3.12/site-packages/airflow/example_dags/example_display_name.py
[2024-06-16T12:20:43.726+0000] {processor.py:840} INFO - DAG(s) 'example_display_name' retrieved from /home/airflow/.local/lib/python3.12/site-packages/airflow/example_dags/example_display_name.py
[2024-06-16T12:20:44.844+0000] {logging_mixin.py:188} INFO - [2024-06-16T12:20:44.843+0000] {override.py:1829} INFO - Created Permission View: can edit on DAG:example_display_name
[2024-06-16T12:20:44.915+0000] {logging_mixin.py:188} INFO - [2024-06-16T12:20:44.912+0000] {override.py:1829} INFO - Created Permission View: can delete on DAG:example_display_name
[2024-06-16T12:20:44.934+0000] {logging_mixin.py:188} INFO - [2024-06-16T12:20:44.933+0000] {override.py:1829} INFO - Created Permission View: can read on DAG:example_display_name
[2024-06-16T12:20:44.935+0000] {logging_mixin.py:188} INFO - [2024-06-16T12:20:44.935+0000] {dag.py:3096} INFO - Sync 1 DAGs
[2024-06-16T12:20:44.966+0000] {logging_mixin.py:188} INFO - [2024-06-16T12:20:44.966+0000] {dag.py:3118} INFO - Creating ORM DAG for example_display_name
[2024-06-16T12:20:44.974+0000] {logging_mixin.py:188} INFO - [2024-06-16T12:20:44.974+0000] {dag.py:3954} INFO - Setting next_dagrun for example_display_name to None, run_after=None
[2024-06-16T12:20:45.106+0000] {processor.py:183} INFO - Processing /home/airflow/.local/lib/python3.12/site-packages/airflow/example_dags/example_display_name.py took 1.461 seconds
[2024-06-16T12:21:21.258+0000] {processor.py:161} INFO - Started process (PID=100) to work on /home/airflow/.local/lib/python3.12/site-packages/airflow/example_dags/example_display_name.py
[2024-06-16T12:21:21.263+0000] {processor.py:830} INFO - Processing file /home/airflow/.local/lib/python3.12/site-packages/airflow/example_dags/example_display_name.py for tasks to queue
[2024-06-16T12:21:21.266+0000] {logging_mixin.py:188} INFO - [2024-06-16T12:21:21.266+0000] {dagbag.py:545} INFO - Filling up the DagBag from /home/airflow/.local/lib/python3.12/site-packages/airflow/example_dags/example_display_name.py
[2024-06-16T12:21:21.288+0000] {processor.py:840} INFO - DAG(s) 'example_display_name' retrieved from /home/airflow/.local/lib/python3.12/site-packages/airflow/example_dags/example_display_name.py
[2024-06-16T12:21:21.346+0000] {logging_mixin.py:188} INFO - [2024-06-16T12:21:21.345+0000] {dag.py:3096} INFO - Sync 1 DAGs
[2024-06-16T12:21:21.463+0000] {logging_mixin.py:188} INFO - [2024-06-16T12:21:21.459+0000] {dag.py:3954} INFO - Setting next_dagrun for example_display_name to None, run_after=None
[2024-06-16T12:21:21.558+0000] {processor.py:183} INFO - Processing /home/airflow/.local/lib/python3.12/site-packages/airflow/example_dags/example_display_name.py took 0.313 seconds
[2024-06-16T12:21:51.934+0000] {processor.py:161} INFO - Started process (PID=156) to work on /home/airflow/.local/lib/python3.12/site-packages/airflow/example_dags/example_display_name.py
[2024-06-16T12:21:51.936+0000] {processor.py:830} INFO - Processing file /home/airflow/.local/lib/python3.12/site-packages/airflow/example_dags/example_display_name.py for tasks to queue
[2024-06-16T12:21:51.939+0000] {logging_mixin.py:188} INFO - [2024-06-16T12:21:51.939+0000] {dagbag.py:545} INFO - Filling up the DagBag from /home/airflow/.local/lib/python3.12/site-packages/airflow/example_dags/example_display_name.py
[2024-06-16T12:21:51.949+0000] {processor.py:840} INFO - DAG(s) 'example_display_name' retrieved from /home/airflow/.local/lib/python3.12/site-packages/airflow/example_dags/example_display_name.py
[2024-06-16T12:21:51.992+0000] {logging_mixin.py:188} INFO - [2024-06-16T12:21:51.991+0000] {dag.py:3096} INFO - Sync 1 DAGs
[2024-06-16T12:21:52.020+0000] {logging_mixin.py:188} INFO - [2024-06-16T12:21:52.020+0000] {dag.py:3954} INFO - Setting next_dagrun for example_display_name to None, run_after=None
[2024-06-16T12:21:52.072+0000] {processor.py:183} INFO - Processing /home/airflow/.local/lib/python3.12/site-packages/airflow/example_dags/example_display_name.py took 0.150 seconds
[2024-06-16T12:22:22.414+0000] {processor.py:161} INFO - Started process (PID=210) to work on /home/airflow/.local/lib/python3.12/site-packages/airflow/example_dags/example_display_name.py
[2024-06-16T12:22:22.416+0000] {processor.py:830} INFO - Processing file /home/airflow/.local/lib/python3.12/site-packages/airflow/example_dags/example_display_name.py for tasks to queue
[2024-06-16T12:22:22.428+0000] {logging_mixin.py:188} INFO - [2024-06-16T12:22:22.427+0000] {dagbag.py:545} INFO - Filling up the DagBag from /home/airflow/.local/lib/python3.12/site-packages/airflow/example_dags/example_display_name.py
[2024-06-16T12:22:22.462+0000] {processor.py:840} INFO - DAG(s) 'example_display_name' retrieved from /home/airflow/.local/lib/python3.12/site-packages/airflow/example_dags/example_display_name.py
[2024-06-16T12:22:22.748+0000] {logging_mixin.py:188} INFO - [2024-06-16T12:22:22.748+0000] {dag.py:3096} INFO - Sync 1 DAGs
[2024-06-16T12:22:22.830+0000] {logging_mixin.py:188} INFO - [2024-06-16T12:22:22.830+0000] {dag.py:3954} INFO - Setting next_dagrun for example_display_name to None, run_after=None
[2024-06-16T12:22:23.099+0000] {processor.py:183} INFO - Processing /home/airflow/.local/lib/python3.12/site-packages/airflow/example_dags/example_display_name.py took 0.755 seconds
[2024-06-16T12:22:54.426+0000] {processor.py:161} INFO - Started process (PID=269) to work on /home/airflow/.local/lib/python3.12/site-packages/airflow/example_dags/example_display_name.py
[2024-06-16T12:22:54.433+0000] {processor.py:830} INFO - Processing file /home/airflow/.local/lib/python3.12/site-packages/airflow/example_dags/example_display_name.py for tasks to queue
[2024-06-16T12:22:54.441+0000] {logging_mixin.py:188} INFO - [2024-06-16T12:22:54.438+0000] {dagbag.py:545} INFO - Filling up the DagBag from /home/airflow/.local/lib/python3.12/site-packages/airflow/example_dags/example_display_name.py
[2024-06-16T12:22:54.468+0000] {processor.py:840} INFO - DAG(s) 'example_display_name' retrieved from /home/airflow/.local/lib/python3.12/site-packages/airflow/example_dags/example_display_name.py
[2024-06-16T12:22:54.536+0000] {logging_mixin.py:188} INFO - [2024-06-16T12:22:54.535+0000] {dag.py:3096} INFO - Sync 1 DAGs
[2024-06-16T12:22:54.570+0000] {logging_mixin.py:188} INFO - [2024-06-16T12:22:54.570+0000] {dag.py:3954} INFO - Setting next_dagrun for example_display_name to None, run_after=None
[2024-06-16T12:22:54.625+0000] {processor.py:183} INFO - Processing /home/airflow/.local/lib/python3.12/site-packages/airflow/example_dags/example_display_name.py took 0.223 seconds
[2024-06-16T12:23:24.779+0000] {processor.py:161} INFO - Started process (PID=328) to work on /home/airflow/.local/lib/python3.12/site-packages/airflow/example_dags/example_display_name.py
[2024-06-16T12:23:24.781+0000] {processor.py:830} INFO - Processing file /home/airflow/.local/lib/python3.12/site-packages/airflow/example_dags/example_display_name.py for tasks to queue
[2024-06-16T12:23:24.784+0000] {logging_mixin.py:188} INFO - [2024-06-16T12:23:24.783+0000] {dagbag.py:545} INFO - Filling up the DagBag from /home/airflow/.local/lib/python3.12/site-packages/airflow/example_dags/example_display_name.py
[2024-06-16T12:23:24.793+0000] {processor.py:840} INFO - DAG(s) 'example_display_name' retrieved from /home/airflow/.local/lib/python3.12/site-packages/airflow/example_dags/example_display_name.py
[2024-06-16T12:23:24.829+0000] {logging_mixin.py:188} INFO - [2024-06-16T12:23:24.828+0000] {dag.py:3096} INFO - Sync 1 DAGs
[2024-06-16T12:23:24.857+0000] {logging_mixin.py:188} INFO - [2024-06-16T12:23:24.857+0000] {dag.py:3954} INFO - Setting next_dagrun for example_display_name to None, run_after=None
[2024-06-16T12:23:24.910+0000] {processor.py:183} INFO - Processing /home/airflow/.local/lib/python3.12/site-packages/airflow/example_dags/example_display_name.py took 0.143 seconds
[2024-06-16T12:23:55.174+0000] {processor.py:161} INFO - Started process (PID=385) to work on /home/airflow/.local/lib/python3.12/site-packages/airflow/example_dags/example_display_name.py
[2024-06-16T12:23:55.175+0000] {processor.py:830} INFO - Processing file /home/airflow/.local/lib/python3.12/site-packages/airflow/example_dags/example_display_name.py for tasks to queue
[2024-06-16T12:23:55.180+0000] {logging_mixin.py:188} INFO - [2024-06-16T12:23:55.178+0000] {dagbag.py:545} INFO - Filling up the DagBag from /home/airflow/.local/lib/python3.12/site-packages/airflow/example_dags/example_display_name.py
[2024-06-16T12:23:55.190+0000] {processor.py:840} INFO - DAG(s) 'example_display_name' retrieved from /home/airflow/.local/lib/python3.12/site-packages/airflow/example_dags/example_display_name.py
[2024-06-16T12:23:55.229+0000] {logging_mixin.py:188} INFO - [2024-06-16T12:23:55.228+0000] {dag.py:3096} INFO - Sync 1 DAGs
[2024-06-16T12:23:55.276+0000] {logging_mixin.py:188} INFO - [2024-06-16T12:23:55.276+0000] {dag.py:3954} INFO - Setting next_dagrun for example_display_name to None, run_after=None
[2024-06-16T12:23:55.342+0000] {processor.py:183} INFO - Processing /home/airflow/.local/lib/python3.12/site-packages/airflow/example_dags/example_display_name.py took 0.192 seconds
[2024-06-16T12:24:26.308+0000] {processor.py:161} INFO - Started process (PID=444) to work on /home/airflow/.local/lib/python3.12/site-packages/airflow/example_dags/example_display_name.py
[2024-06-16T12:24:26.317+0000] {processor.py:830} INFO - Processing file /home/airflow/.local/lib/python3.12/site-packages/airflow/example_dags/example_display_name.py for tasks to queue
[2024-06-16T12:24:26.322+0000] {logging_mixin.py:188} INFO - [2024-06-16T12:24:26.321+0000] {dagbag.py:545} INFO - Filling up the DagBag from /home/airflow/.local/lib/python3.12/site-packages/airflow/example_dags/example_display_name.py
[2024-06-16T12:24:26.353+0000] {processor.py:840} INFO - DAG(s) 'example_display_name' retrieved from /home/airflow/.local/lib/python3.12/site-packages/airflow/example_dags/example_display_name.py
[2024-06-16T12:24:26.411+0000] {logging_mixin.py:188} INFO - [2024-06-16T12:24:26.410+0000] {dag.py:3096} INFO - Sync 1 DAGs
[2024-06-16T12:24:26.440+0000] {logging_mixin.py:188} INFO - [2024-06-16T12:24:26.439+0000] {dag.py:3954} INFO - Setting next_dagrun for example_display_name to None, run_after=None
[2024-06-16T12:24:26.491+0000] {processor.py:183} INFO - Processing /home/airflow/.local/lib/python3.12/site-packages/airflow/example_dags/example_display_name.py took 0.196 seconds
[2024-06-16T12:44:53.182+0000] {processor.py:161} INFO - Started process (PID=39) to work on /home/airflow/.local/lib/python3.12/site-packages/airflow/example_dags/example_display_name.py
[2024-06-16T12:44:53.185+0000] {processor.py:830} INFO - Processing file /home/airflow/.local/lib/python3.12/site-packages/airflow/example_dags/example_display_name.py for tasks to queue
[2024-06-16T12:44:53.197+0000] {logging_mixin.py:188} INFO - [2024-06-16T12:44:53.196+0000] {dagbag.py:545} INFO - Filling up the DagBag from /home/airflow/.local/lib/python3.12/site-packages/airflow/example_dags/example_display_name.py
[2024-06-16T12:44:53.271+0000] {processor.py:840} INFO - DAG(s) 'example_display_name' retrieved from /home/airflow/.local/lib/python3.12/site-packages/airflow/example_dags/example_display_name.py
[2024-06-16T12:44:54.320+0000] {logging_mixin.py:188} INFO - [2024-06-16T12:44:54.319+0000] {override.py:1829} INFO - Created Permission View: can read on DAG:example_display_name
[2024-06-16T12:44:54.348+0000] {logging_mixin.py:188} INFO - [2024-06-16T12:44:54.348+0000] {override.py:1829} INFO - Created Permission View: can delete on DAG:example_display_name
[2024-06-16T12:44:54.363+0000] {logging_mixin.py:188} INFO - [2024-06-16T12:44:54.363+0000] {override.py:1829} INFO - Created Permission View: can edit on DAG:example_display_name
[2024-06-16T12:44:54.365+0000] {logging_mixin.py:188} INFO - [2024-06-16T12:44:54.364+0000] {dag.py:3096} INFO - Sync 1 DAGs
[2024-06-16T12:44:54.390+0000] {logging_mixin.py:188} INFO - [2024-06-16T12:44:54.390+0000] {dag.py:3118} INFO - Creating ORM DAG for example_display_name
[2024-06-16T12:44:54.392+0000] {logging_mixin.py:188} INFO - [2024-06-16T12:44:54.391+0000] {dag.py:3954} INFO - Setting next_dagrun for example_display_name to None, run_after=None
[2024-06-16T12:44:54.429+0000] {processor.py:183} INFO - Processing /home/airflow/.local/lib/python3.12/site-packages/airflow/example_dags/example_display_name.py took 1.289 seconds
[2024-06-16T12:45:25.461+0000] {processor.py:161} INFO - Started process (PID=98) to work on /home/airflow/.local/lib/python3.12/site-packages/airflow/example_dags/example_display_name.py
[2024-06-16T12:45:25.463+0000] {processor.py:830} INFO - Processing file /home/airflow/.local/lib/python3.12/site-packages/airflow/example_dags/example_display_name.py for tasks to queue
[2024-06-16T12:45:25.466+0000] {logging_mixin.py:188} INFO - [2024-06-16T12:45:25.465+0000] {dagbag.py:545} INFO - Filling up the DagBag from /home/airflow/.local/lib/python3.12/site-packages/airflow/example_dags/example_display_name.py
[2024-06-16T12:45:25.474+0000] {processor.py:840} INFO - DAG(s) 'example_display_name' retrieved from /home/airflow/.local/lib/python3.12/site-packages/airflow/example_dags/example_display_name.py
[2024-06-16T12:45:25.511+0000] {logging_mixin.py:188} INFO - [2024-06-16T12:45:25.510+0000] {dag.py:3096} INFO - Sync 1 DAGs
[2024-06-16T12:45:25.549+0000] {logging_mixin.py:188} INFO - [2024-06-16T12:45:25.549+0000] {dag.py:3954} INFO - Setting next_dagrun for example_display_name to None, run_after=None
[2024-06-16T12:45:25.592+0000] {processor.py:183} INFO - Processing /home/airflow/.local/lib/python3.12/site-packages/airflow/example_dags/example_display_name.py took 0.141 seconds
[2024-06-16T12:45:56.356+0000] {processor.py:161} INFO - Started process (PID=157) to work on /home/airflow/.local/lib/python3.12/site-packages/airflow/example_dags/example_display_name.py
[2024-06-16T12:45:56.358+0000] {processor.py:830} INFO - Processing file /home/airflow/.local/lib/python3.12/site-packages/airflow/example_dags/example_display_name.py for tasks to queue
[2024-06-16T12:45:56.362+0000] {logging_mixin.py:188} INFO - [2024-06-16T12:45:56.361+0000] {dagbag.py:545} INFO - Filling up the DagBag from /home/airflow/.local/lib/python3.12/site-packages/airflow/example_dags/example_display_name.py
[2024-06-16T12:45:56.378+0000] {processor.py:840} INFO - DAG(s) 'example_display_name' retrieved from /home/airflow/.local/lib/python3.12/site-packages/airflow/example_dags/example_display_name.py
[2024-06-16T12:45:56.458+0000] {logging_mixin.py:188} INFO - [2024-06-16T12:45:56.457+0000] {dag.py:3096} INFO - Sync 1 DAGs
[2024-06-16T12:45:56.486+0000] {logging_mixin.py:188} INFO - [2024-06-16T12:45:56.485+0000] {dag.py:3954} INFO - Setting next_dagrun for example_display_name to None, run_after=None
[2024-06-16T12:45:56.526+0000] {processor.py:183} INFO - Processing /home/airflow/.local/lib/python3.12/site-packages/airflow/example_dags/example_display_name.py took 0.180 seconds
[2024-06-16T12:46:27.088+0000] {processor.py:161} INFO - Started process (PID=216) to work on /home/airflow/.local/lib/python3.12/site-packages/airflow/example_dags/example_display_name.py
[2024-06-16T12:46:27.089+0000] {processor.py:830} INFO - Processing file /home/airflow/.local/lib/python3.12/site-packages/airflow/example_dags/example_display_name.py for tasks to queue
[2024-06-16T12:46:27.092+0000] {logging_mixin.py:188} INFO - [2024-06-16T12:46:27.092+0000] {dagbag.py:545} INFO - Filling up the DagBag from /home/airflow/.local/lib/python3.12/site-packages/airflow/example_dags/example_display_name.py
[2024-06-16T12:46:27.105+0000] {processor.py:840} INFO - DAG(s) 'example_display_name' retrieved from /home/airflow/.local/lib/python3.12/site-packages/airflow/example_dags/example_display_name.py
[2024-06-16T12:46:27.312+0000] {logging_mixin.py:188} INFO - [2024-06-16T12:46:27.311+0000] {dag.py:3096} INFO - Sync 1 DAGs
[2024-06-16T12:46:27.378+0000] {logging_mixin.py:188} INFO - [2024-06-16T12:46:27.374+0000] {dag.py:3954} INFO - Setting next_dagrun for example_display_name to None, run_after=None
[2024-06-16T12:46:27.699+0000] {processor.py:183} INFO - Processing /home/airflow/.local/lib/python3.12/site-packages/airflow/example_dags/example_display_name.py took 0.626 seconds
[2024-06-16T12:47:27.577+0000] {processor.py:161} INFO - Started process (PID=281) to work on /home/airflow/.local/lib/python3.12/site-packages/airflow/example_dags/example_display_name.py
[2024-06-16T12:47:27.579+0000] {processor.py:830} INFO - Processing file /home/airflow/.local/lib/python3.12/site-packages/airflow/example_dags/example_display_name.py for tasks to queue
[2024-06-16T12:47:27.582+0000] {logging_mixin.py:188} INFO - [2024-06-16T12:47:27.581+0000] {dagbag.py:545} INFO - Filling up the DagBag from /home/airflow/.local/lib/python3.12/site-packages/airflow/example_dags/example_display_name.py
[2024-06-16T12:47:27.593+0000] {processor.py:840} INFO - DAG(s) 'example_display_name' retrieved from /home/airflow/.local/lib/python3.12/site-packages/airflow/example_dags/example_display_name.py
[2024-06-16T12:47:27.650+0000] {logging_mixin.py:188} INFO - [2024-06-16T12:47:27.650+0000] {dag.py:3096} INFO - Sync 1 DAGs
[2024-06-16T12:47:27.693+0000] {logging_mixin.py:188} INFO - [2024-06-16T12:47:27.693+0000] {dag.py:3954} INFO - Setting next_dagrun for example_display_name to None, run_after=None
[2024-06-16T12:47:27.781+0000] {processor.py:183} INFO - Processing /home/airflow/.local/lib/python3.12/site-packages/airflow/example_dags/example_display_name.py took 0.217 seconds
[2024-06-16T12:47:57.854+0000] {processor.py:161} INFO - Started process (PID=340) to work on /home/airflow/.local/lib/python3.12/site-packages/airflow/example_dags/example_display_name.py
[2024-06-16T12:47:57.855+0000] {processor.py:830} INFO - Processing file /home/airflow/.local/lib/python3.12/site-packages/airflow/example_dags/example_display_name.py for tasks to queue
[2024-06-16T12:47:57.857+0000] {logging_mixin.py:188} INFO - [2024-06-16T12:47:57.856+0000] {dagbag.py:545} INFO - Filling up the DagBag from /home/airflow/.local/lib/python3.12/site-packages/airflow/example_dags/example_display_name.py
[2024-06-16T12:47:57.863+0000] {processor.py:840} INFO - DAG(s) 'example_display_name' retrieved from /home/airflow/.local/lib/python3.12/site-packages/airflow/example_dags/example_display_name.py
[2024-06-16T12:47:57.886+0000] {logging_mixin.py:188} INFO - [2024-06-16T12:47:57.886+0000] {dag.py:3096} INFO - Sync 1 DAGs
[2024-06-16T12:47:57.903+0000] {logging_mixin.py:188} INFO - [2024-06-16T12:47:57.903+0000] {dag.py:3954} INFO - Setting next_dagrun for example_display_name to None, run_after=None
[2024-06-16T12:47:57.926+0000] {processor.py:183} INFO - Processing /home/airflow/.local/lib/python3.12/site-packages/airflow/example_dags/example_display_name.py took 0.080 seconds
[2024-06-16T12:48:29.977+0000] {processor.py:161} INFO - Started process (PID=399) to work on /home/airflow/.local/lib/python3.12/site-packages/airflow/example_dags/example_display_name.py
[2024-06-16T12:48:29.985+0000] {processor.py:830} INFO - Processing file /home/airflow/.local/lib/python3.12/site-packages/airflow/example_dags/example_display_name.py for tasks to queue
[2024-06-16T12:48:29.997+0000] {logging_mixin.py:188} INFO - [2024-06-16T12:48:29.996+0000] {dagbag.py:545} INFO - Filling up the DagBag from /home/airflow/.local/lib/python3.12/site-packages/airflow/example_dags/example_display_name.py
[2024-06-16T12:48:30.052+0000] {processor.py:840} INFO - DAG(s) 'example_display_name' retrieved from /home/airflow/.local/lib/python3.12/site-packages/airflow/example_dags/example_display_name.py
[2024-06-16T12:48:30.462+0000] {logging_mixin.py:188} INFO - [2024-06-16T12:48:30.462+0000] {dag.py:3096} INFO - Sync 1 DAGs
[2024-06-16T12:48:30.521+0000] {logging_mixin.py:188} INFO - [2024-06-16T12:48:30.521+0000] {dag.py:3954} INFO - Setting next_dagrun for example_display_name to None, run_after=None
[2024-06-16T12:48:30.702+0000] {processor.py:183} INFO - Processing /home/airflow/.local/lib/python3.12/site-packages/airflow/example_dags/example_display_name.py took 0.768 seconds
[2024-06-16T12:49:06.685+0000] {processor.py:161} INFO - Started process (PID=444) to work on /home/airflow/.local/lib/python3.12/site-packages/airflow/example_dags/example_display_name.py
[2024-06-16T12:49:06.711+0000] {processor.py:830} INFO - Processing file /home/airflow/.local/lib/python3.12/site-packages/airflow/example_dags/example_display_name.py for tasks to queue
[2024-06-16T12:49:06.740+0000] {logging_mixin.py:188} INFO - [2024-06-16T12:49:06.725+0000] {dagbag.py:545} INFO - Filling up the DagBag from /home/airflow/.local/lib/python3.12/site-packages/airflow/example_dags/example_display_name.py
[2024-06-16T12:49:06.791+0000] {processor.py:840} INFO - DAG(s) 'example_display_name' retrieved from /home/airflow/.local/lib/python3.12/site-packages/airflow/example_dags/example_display_name.py
[2024-06-16T12:49:06.883+0000] {logging_mixin.py:188} INFO - [2024-06-16T12:49:06.882+0000] {dag.py:3096} INFO - Sync 1 DAGs
[2024-06-16T12:49:06.959+0000] {logging_mixin.py:188} INFO - [2024-06-16T12:49:06.942+0000] {dag.py:3954} INFO - Setting next_dagrun for example_display_name to None, run_after=None
[2024-06-16T12:49:07.019+0000] {processor.py:183} INFO - Processing /home/airflow/.local/lib/python3.12/site-packages/airflow/example_dags/example_display_name.py took 0.374 seconds
[2024-06-16T12:49:41.861+0000] {processor.py:161} INFO - Started process (PID=503) to work on /home/airflow/.local/lib/python3.12/site-packages/airflow/example_dags/example_display_name.py
[2024-06-16T12:49:41.877+0000] {processor.py:830} INFO - Processing file /home/airflow/.local/lib/python3.12/site-packages/airflow/example_dags/example_display_name.py for tasks to queue
[2024-06-16T12:49:41.906+0000] {logging_mixin.py:188} INFO - [2024-06-16T12:49:41.886+0000] {dagbag.py:545} INFO - Filling up the DagBag from /home/airflow/.local/lib/python3.12/site-packages/airflow/example_dags/example_display_name.py
[2024-06-16T12:49:41.968+0000] {processor.py:840} INFO - DAG(s) 'example_display_name' retrieved from /home/airflow/.local/lib/python3.12/site-packages/airflow/example_dags/example_display_name.py
[2024-06-16T12:49:42.612+0000] {logging_mixin.py:188} INFO - [2024-06-16T12:49:42.598+0000] {dag.py:3096} INFO - Sync 1 DAGs
[2024-06-16T12:49:42.854+0000] {logging_mixin.py:188} INFO - [2024-06-16T12:49:42.854+0000] {dag.py:3954} INFO - Setting next_dagrun for example_display_name to None, run_after=None
[2024-06-16T12:49:42.972+0000] {processor.py:183} INFO - Processing /home/airflow/.local/lib/python3.12/site-packages/airflow/example_dags/example_display_name.py took 1.424 seconds
[2024-06-16T12:50:46.691+0000] {processor.py:161} INFO - Started process (PID=562) to work on /home/airflow/.local/lib/python3.12/site-packages/airflow/example_dags/example_display_name.py
[2024-06-16T12:50:46.715+0000] {processor.py:830} INFO - Processing file /home/airflow/.local/lib/python3.12/site-packages/airflow/example_dags/example_display_name.py for tasks to queue
[2024-06-16T12:50:46.719+0000] {logging_mixin.py:188} INFO - [2024-06-16T12:50:46.718+0000] {dagbag.py:545} INFO - Filling up the DagBag from /home/airflow/.local/lib/python3.12/site-packages/airflow/example_dags/example_display_name.py
[2024-06-16T12:50:46.768+0000] {processor.py:840} INFO - DAG(s) 'example_display_name' retrieved from /home/airflow/.local/lib/python3.12/site-packages/airflow/example_dags/example_display_name.py
[2024-06-16T12:50:47.081+0000] {logging_mixin.py:188} INFO - [2024-06-16T12:50:47.080+0000] {dag.py:3096} INFO - Sync 1 DAGs
[2024-06-16T12:50:47.287+0000] {logging_mixin.py:188} INFO - [2024-06-16T12:50:47.286+0000] {dag.py:3954} INFO - Setting next_dagrun for example_display_name to None, run_after=None
[2024-06-16T12:50:47.469+0000] {processor.py:183} INFO - Processing /home/airflow/.local/lib/python3.12/site-packages/airflow/example_dags/example_display_name.py took 0.857 seconds
[2024-06-16T12:51:18.319+0000] {processor.py:161} INFO - Started process (PID=621) to work on /home/airflow/.local/lib/python3.12/site-packages/airflow/example_dags/example_display_name.py
[2024-06-16T12:51:18.320+0000] {processor.py:830} INFO - Processing file /home/airflow/.local/lib/python3.12/site-packages/airflow/example_dags/example_display_name.py for tasks to queue
[2024-06-16T12:51:18.331+0000] {logging_mixin.py:188} INFO - [2024-06-16T12:51:18.329+0000] {dagbag.py:545} INFO - Filling up the DagBag from /home/airflow/.local/lib/python3.12/site-packages/airflow/example_dags/example_display_name.py
[2024-06-16T12:51:18.375+0000] {processor.py:840} INFO - DAG(s) 'example_display_name' retrieved from /home/airflow/.local/lib/python3.12/site-packages/airflow/example_dags/example_display_name.py
[2024-06-16T12:51:18.530+0000] {logging_mixin.py:188} INFO - [2024-06-16T12:51:18.529+0000] {dag.py:3096} INFO - Sync 1 DAGs
[2024-06-16T12:51:18.654+0000] {logging_mixin.py:188} INFO - [2024-06-16T12:51:18.653+0000] {dag.py:3954} INFO - Setting next_dagrun for example_display_name to None, run_after=None
[2024-06-16T12:51:18.815+0000] {processor.py:183} INFO - Processing /home/airflow/.local/lib/python3.12/site-packages/airflow/example_dags/example_display_name.py took 0.519 seconds
[2024-06-16T12:51:49.509+0000] {processor.py:161} INFO - Started process (PID=680) to work on /home/airflow/.local/lib/python3.12/site-packages/airflow/example_dags/example_display_name.py
[2024-06-16T12:51:49.510+0000] {processor.py:830} INFO - Processing file /home/airflow/.local/lib/python3.12/site-packages/airflow/example_dags/example_display_name.py for tasks to queue
[2024-06-16T12:51:49.513+0000] {logging_mixin.py:188} INFO - [2024-06-16T12:51:49.512+0000] {dagbag.py:545} INFO - Filling up the DagBag from /home/airflow/.local/lib/python3.12/site-packages/airflow/example_dags/example_display_name.py
[2024-06-16T12:51:49.522+0000] {processor.py:840} INFO - DAG(s) 'example_display_name' retrieved from /home/airflow/.local/lib/python3.12/site-packages/airflow/example_dags/example_display_name.py
[2024-06-16T12:51:49.562+0000] {logging_mixin.py:188} INFO - [2024-06-16T12:51:49.561+0000] {dag.py:3096} INFO - Sync 1 DAGs
[2024-06-16T12:51:49.590+0000] {logging_mixin.py:188} INFO - [2024-06-16T12:51:49.589+0000] {dag.py:3954} INFO - Setting next_dagrun for example_display_name to None, run_after=None
[2024-06-16T12:51:49.625+0000] {processor.py:183} INFO - Processing /home/airflow/.local/lib/python3.12/site-packages/airflow/example_dags/example_display_name.py took 0.127 seconds
[2024-06-16T12:52:19.728+0000] {processor.py:161} INFO - Started process (PID=739) to work on /home/airflow/.local/lib/python3.12/site-packages/airflow/example_dags/example_display_name.py
[2024-06-16T12:52:19.729+0000] {processor.py:830} INFO - Processing file /home/airflow/.local/lib/python3.12/site-packages/airflow/example_dags/example_display_name.py for tasks to queue
[2024-06-16T12:52:19.732+0000] {logging_mixin.py:188} INFO - [2024-06-16T12:52:19.731+0000] {dagbag.py:545} INFO - Filling up the DagBag from /home/airflow/.local/lib/python3.12/site-packages/airflow/example_dags/example_display_name.py
[2024-06-16T12:52:19.742+0000] {processor.py:840} INFO - DAG(s) 'example_display_name' retrieved from /home/airflow/.local/lib/python3.12/site-packages/airflow/example_dags/example_display_name.py
[2024-06-16T12:52:19.780+0000] {logging_mixin.py:188} INFO - [2024-06-16T12:52:19.780+0000] {dag.py:3096} INFO - Sync 1 DAGs
[2024-06-16T12:52:19.807+0000] {logging_mixin.py:188} INFO - [2024-06-16T12:52:19.806+0000] {dag.py:3954} INFO - Setting next_dagrun for example_display_name to None, run_after=None
[2024-06-16T12:52:19.844+0000] {processor.py:183} INFO - Processing /home/airflow/.local/lib/python3.12/site-packages/airflow/example_dags/example_display_name.py took 0.128 seconds
[2024-06-16T12:52:50.448+0000] {processor.py:161} INFO - Started process (PID=799) to work on /home/airflow/.local/lib/python3.12/site-packages/airflow/example_dags/example_display_name.py
[2024-06-16T12:52:50.449+0000] {processor.py:830} INFO - Processing file /home/airflow/.local/lib/python3.12/site-packages/airflow/example_dags/example_display_name.py for tasks to queue
[2024-06-16T12:52:50.450+0000] {logging_mixin.py:188} INFO - [2024-06-16T12:52:50.450+0000] {dagbag.py:545} INFO - Filling up the DagBag from /home/airflow/.local/lib/python3.12/site-packages/airflow/example_dags/example_display_name.py
[2024-06-16T12:52:50.459+0000] {processor.py:840} INFO - DAG(s) 'example_display_name' retrieved from /home/airflow/.local/lib/python3.12/site-packages/airflow/example_dags/example_display_name.py
[2024-06-16T12:52:50.484+0000] {logging_mixin.py:188} INFO - [2024-06-16T12:52:50.484+0000] {dag.py:3096} INFO - Sync 1 DAGs
[2024-06-16T12:52:50.504+0000] {logging_mixin.py:188} INFO - [2024-06-16T12:52:50.504+0000] {dag.py:3954} INFO - Setting next_dagrun for example_display_name to None, run_after=None
[2024-06-16T12:52:50.532+0000] {processor.py:183} INFO - Processing /home/airflow/.local/lib/python3.12/site-packages/airflow/example_dags/example_display_name.py took 0.091 seconds
[2024-06-16T12:53:20.770+0000] {processor.py:161} INFO - Started process (PID=857) to work on /home/airflow/.local/lib/python3.12/site-packages/airflow/example_dags/example_display_name.py
[2024-06-16T12:53:20.773+0000] {processor.py:830} INFO - Processing file /home/airflow/.local/lib/python3.12/site-packages/airflow/example_dags/example_display_name.py for tasks to queue
[2024-06-16T12:53:20.775+0000] {logging_mixin.py:188} INFO - [2024-06-16T12:53:20.775+0000] {dagbag.py:545} INFO - Filling up the DagBag from /home/airflow/.local/lib/python3.12/site-packages/airflow/example_dags/example_display_name.py
[2024-06-16T12:53:20.789+0000] {processor.py:840} INFO - DAG(s) 'example_display_name' retrieved from /home/airflow/.local/lib/python3.12/site-packages/airflow/example_dags/example_display_name.py
[2024-06-16T12:53:20.833+0000] {logging_mixin.py:188} INFO - [2024-06-16T12:53:20.833+0000] {dag.py:3096} INFO - Sync 1 DAGs
[2024-06-16T12:53:20.880+0000] {logging_mixin.py:188} INFO - [2024-06-16T12:53:20.880+0000] {dag.py:3954} INFO - Setting next_dagrun for example_display_name to None, run_after=None
[2024-06-16T12:53:20.933+0000] {processor.py:183} INFO - Processing /home/airflow/.local/lib/python3.12/site-packages/airflow/example_dags/example_display_name.py took 0.178 seconds
[2024-06-16T12:53:51.285+0000] {processor.py:161} INFO - Started process (PID=916) to work on /home/airflow/.local/lib/python3.12/site-packages/airflow/example_dags/example_display_name.py
[2024-06-16T12:53:51.294+0000] {processor.py:830} INFO - Processing file /home/airflow/.local/lib/python3.12/site-packages/airflow/example_dags/example_display_name.py for tasks to queue
[2024-06-16T12:53:51.295+0000] {logging_mixin.py:188} INFO - [2024-06-16T12:53:51.295+0000] {dagbag.py:545} INFO - Filling up the DagBag from /home/airflow/.local/lib/python3.12/site-packages/airflow/example_dags/example_display_name.py
[2024-06-16T12:53:51.303+0000] {processor.py:840} INFO - DAG(s) 'example_display_name' retrieved from /home/airflow/.local/lib/python3.12/site-packages/airflow/example_dags/example_display_name.py
[2024-06-16T12:53:51.334+0000] {logging_mixin.py:188} INFO - [2024-06-16T12:53:51.334+0000] {dag.py:3096} INFO - Sync 1 DAGs
[2024-06-16T12:53:51.354+0000] {logging_mixin.py:188} INFO - [2024-06-16T12:53:51.353+0000] {dag.py:3954} INFO - Setting next_dagrun for example_display_name to None, run_after=None
[2024-06-16T12:53:51.381+0000] {processor.py:183} INFO - Processing /home/airflow/.local/lib/python3.12/site-packages/airflow/example_dags/example_display_name.py took 0.103 seconds
[2024-06-16T12:54:21.582+0000] {processor.py:161} INFO - Started process (PID=973) to work on /home/airflow/.local/lib/python3.12/site-packages/airflow/example_dags/example_display_name.py
[2024-06-16T12:54:21.582+0000] {processor.py:830} INFO - Processing file /home/airflow/.local/lib/python3.12/site-packages/airflow/example_dags/example_display_name.py for tasks to queue
[2024-06-16T12:54:21.583+0000] {logging_mixin.py:188} INFO - [2024-06-16T12:54:21.583+0000] {dagbag.py:545} INFO - Filling up the DagBag from /home/airflow/.local/lib/python3.12/site-packages/airflow/example_dags/example_display_name.py
[2024-06-16T12:54:21.593+0000] {processor.py:840} INFO - DAG(s) 'example_display_name' retrieved from /home/airflow/.local/lib/python3.12/site-packages/airflow/example_dags/example_display_name.py
[2024-06-16T12:54:21.629+0000] {logging_mixin.py:188} INFO - [2024-06-16T12:54:21.628+0000] {dag.py:3096} INFO - Sync 1 DAGs
[2024-06-16T12:54:21.652+0000] {logging_mixin.py:188} INFO - [2024-06-16T12:54:21.652+0000] {dag.py:3954} INFO - Setting next_dagrun for example_display_name to None, run_after=None
[2024-06-16T12:54:21.681+0000] {processor.py:183} INFO - Processing /home/airflow/.local/lib/python3.12/site-packages/airflow/example_dags/example_display_name.py took 0.105 seconds
[2024-06-16T12:54:51.961+0000] {processor.py:161} INFO - Started process (PID=1032) to work on /home/airflow/.local/lib/python3.12/site-packages/airflow/example_dags/example_display_name.py
[2024-06-16T12:54:51.962+0000] {processor.py:830} INFO - Processing file /home/airflow/.local/lib/python3.12/site-packages/airflow/example_dags/example_display_name.py for tasks to queue
[2024-06-16T12:54:51.963+0000] {logging_mixin.py:188} INFO - [2024-06-16T12:54:51.962+0000] {dagbag.py:545} INFO - Filling up the DagBag from /home/airflow/.local/lib/python3.12/site-packages/airflow/example_dags/example_display_name.py
[2024-06-16T12:54:51.969+0000] {processor.py:840} INFO - DAG(s) 'example_display_name' retrieved from /home/airflow/.local/lib/python3.12/site-packages/airflow/example_dags/example_display_name.py
[2024-06-16T12:54:51.996+0000] {logging_mixin.py:188} INFO - [2024-06-16T12:54:51.995+0000] {dag.py:3096} INFO - Sync 1 DAGs
[2024-06-16T12:54:52.014+0000] {logging_mixin.py:188} INFO - [2024-06-16T12:54:52.014+0000] {dag.py:3954} INFO - Setting next_dagrun for example_display_name to None, run_after=None
[2024-06-16T12:54:52.043+0000] {processor.py:183} INFO - Processing /home/airflow/.local/lib/python3.12/site-packages/airflow/example_dags/example_display_name.py took 0.089 seconds
[2024-06-16T12:55:22.703+0000] {processor.py:161} INFO - Started process (PID=1091) to work on /home/airflow/.local/lib/python3.12/site-packages/airflow/example_dags/example_display_name.py
[2024-06-16T12:55:22.704+0000] {processor.py:830} INFO - Processing file /home/airflow/.local/lib/python3.12/site-packages/airflow/example_dags/example_display_name.py for tasks to queue
[2024-06-16T12:55:22.706+0000] {logging_mixin.py:188} INFO - [2024-06-16T12:55:22.706+0000] {dagbag.py:545} INFO - Filling up the DagBag from /home/airflow/.local/lib/python3.12/site-packages/airflow/example_dags/example_display_name.py
[2024-06-16T12:55:22.715+0000] {processor.py:840} INFO - DAG(s) 'example_display_name' retrieved from /home/airflow/.local/lib/python3.12/site-packages/airflow/example_dags/example_display_name.py
[2024-06-16T12:55:22.748+0000] {logging_mixin.py:188} INFO - [2024-06-16T12:55:22.748+0000] {dag.py:3096} INFO - Sync 1 DAGs
[2024-06-16T12:55:22.779+0000] {logging_mixin.py:188} INFO - [2024-06-16T12:55:22.779+0000] {dag.py:3954} INFO - Setting next_dagrun for example_display_name to None, run_after=None
[2024-06-16T12:55:22.811+0000] {processor.py:183} INFO - Processing /home/airflow/.local/lib/python3.12/site-packages/airflow/example_dags/example_display_name.py took 0.119 seconds
[2024-06-16T12:55:52.997+0000] {processor.py:161} INFO - Started process (PID=1149) to work on /home/airflow/.local/lib/python3.12/site-packages/airflow/example_dags/example_display_name.py
[2024-06-16T12:55:53.007+0000] {processor.py:830} INFO - Processing file /home/airflow/.local/lib/python3.12/site-packages/airflow/example_dags/example_display_name.py for tasks to queue
[2024-06-16T12:55:53.009+0000] {logging_mixin.py:188} INFO - [2024-06-16T12:55:53.008+0000] {dagbag.py:545} INFO - Filling up the DagBag from /home/airflow/.local/lib/python3.12/site-packages/airflow/example_dags/example_display_name.py
[2024-06-16T12:55:53.019+0000] {processor.py:840} INFO - DAG(s) 'example_display_name' retrieved from /home/airflow/.local/lib/python3.12/site-packages/airflow/example_dags/example_display_name.py
[2024-06-16T12:55:53.070+0000] {logging_mixin.py:188} INFO - [2024-06-16T12:55:53.069+0000] {dag.py:3096} INFO - Sync 1 DAGs
[2024-06-16T12:55:53.095+0000] {logging_mixin.py:188} INFO - [2024-06-16T12:55:53.094+0000] {dag.py:3954} INFO - Setting next_dagrun for example_display_name to None, run_after=None
[2024-06-16T12:55:53.128+0000] {processor.py:183} INFO - Processing /home/airflow/.local/lib/python3.12/site-packages/airflow/example_dags/example_display_name.py took 0.142 seconds
[2024-06-16T12:56:23.214+0000] {processor.py:161} INFO - Started process (PID=1208) to work on /home/airflow/.local/lib/python3.12/site-packages/airflow/example_dags/example_display_name.py
[2024-06-16T12:56:23.215+0000] {processor.py:830} INFO - Processing file /home/airflow/.local/lib/python3.12/site-packages/airflow/example_dags/example_display_name.py for tasks to queue
[2024-06-16T12:56:23.216+0000] {logging_mixin.py:188} INFO - [2024-06-16T12:56:23.215+0000] {dagbag.py:545} INFO - Filling up the DagBag from /home/airflow/.local/lib/python3.12/site-packages/airflow/example_dags/example_display_name.py
[2024-06-16T12:56:23.223+0000] {processor.py:840} INFO - DAG(s) 'example_display_name' retrieved from /home/airflow/.local/lib/python3.12/site-packages/airflow/example_dags/example_display_name.py
[2024-06-16T12:56:23.251+0000] {logging_mixin.py:188} INFO - [2024-06-16T12:56:23.251+0000] {dag.py:3096} INFO - Sync 1 DAGs
[2024-06-16T12:56:23.268+0000] {logging_mixin.py:188} INFO - [2024-06-16T12:56:23.268+0000] {dag.py:3954} INFO - Setting next_dagrun for example_display_name to None, run_after=None
[2024-06-16T12:56:23.293+0000] {processor.py:183} INFO - Processing /home/airflow/.local/lib/python3.12/site-packages/airflow/example_dags/example_display_name.py took 0.086 seconds
[2024-06-16T12:56:53.870+0000] {processor.py:161} INFO - Started process (PID=1267) to work on /home/airflow/.local/lib/python3.12/site-packages/airflow/example_dags/example_display_name.py
[2024-06-16T12:56:53.880+0000] {processor.py:830} INFO - Processing file /home/airflow/.local/lib/python3.12/site-packages/airflow/example_dags/example_display_name.py for tasks to queue
[2024-06-16T12:56:53.880+0000] {logging_mixin.py:188} INFO - [2024-06-16T12:56:53.880+0000] {dagbag.py:545} INFO - Filling up the DagBag from /home/airflow/.local/lib/python3.12/site-packages/airflow/example_dags/example_display_name.py
[2024-06-16T12:56:53.885+0000] {processor.py:840} INFO - DAG(s) 'example_display_name' retrieved from /home/airflow/.local/lib/python3.12/site-packages/airflow/example_dags/example_display_name.py
[2024-06-16T12:56:53.909+0000] {logging_mixin.py:188} INFO - [2024-06-16T12:56:53.909+0000] {dag.py:3096} INFO - Sync 1 DAGs
[2024-06-16T12:56:53.924+0000] {logging_mixin.py:188} INFO - [2024-06-16T12:56:53.923+0000] {dag.py:3954} INFO - Setting next_dagrun for example_display_name to None, run_after=None
[2024-06-16T12:56:53.947+0000] {processor.py:183} INFO - Processing /home/airflow/.local/lib/python3.12/site-packages/airflow/example_dags/example_display_name.py took 0.083 seconds
[2024-06-16T12:57:24.112+0000] {processor.py:161} INFO - Started process (PID=1325) to work on /home/airflow/.local/lib/python3.12/site-packages/airflow/example_dags/example_display_name.py
[2024-06-16T12:57:24.113+0000] {processor.py:830} INFO - Processing file /home/airflow/.local/lib/python3.12/site-packages/airflow/example_dags/example_display_name.py for tasks to queue
[2024-06-16T12:57:24.115+0000] {logging_mixin.py:188} INFO - [2024-06-16T12:57:24.114+0000] {dagbag.py:545} INFO - Filling up the DagBag from /home/airflow/.local/lib/python3.12/site-packages/airflow/example_dags/example_display_name.py
[2024-06-16T12:57:24.123+0000] {processor.py:840} INFO - DAG(s) 'example_display_name' retrieved from /home/airflow/.local/lib/python3.12/site-packages/airflow/example_dags/example_display_name.py
[2024-06-16T12:57:24.157+0000] {logging_mixin.py:188} INFO - [2024-06-16T12:57:24.157+0000] {dag.py:3096} INFO - Sync 1 DAGs
[2024-06-16T12:57:24.177+0000] {logging_mixin.py:188} INFO - [2024-06-16T12:57:24.177+0000] {dag.py:3954} INFO - Setting next_dagrun for example_display_name to None, run_after=None
[2024-06-16T12:57:24.204+0000] {processor.py:183} INFO - Processing /home/airflow/.local/lib/python3.12/site-packages/airflow/example_dags/example_display_name.py took 0.100 seconds
[2024-06-16T12:57:54.382+0000] {processor.py:161} INFO - Started process (PID=1384) to work on /home/airflow/.local/lib/python3.12/site-packages/airflow/example_dags/example_display_name.py
[2024-06-16T12:57:54.393+0000] {processor.py:830} INFO - Processing file /home/airflow/.local/lib/python3.12/site-packages/airflow/example_dags/example_display_name.py for tasks to queue
[2024-06-16T12:57:54.395+0000] {logging_mixin.py:188} INFO - [2024-06-16T12:57:54.394+0000] {dagbag.py:545} INFO - Filling up the DagBag from /home/airflow/.local/lib/python3.12/site-packages/airflow/example_dags/example_display_name.py
[2024-06-16T12:57:54.403+0000] {processor.py:840} INFO - DAG(s) 'example_display_name' retrieved from /home/airflow/.local/lib/python3.12/site-packages/airflow/example_dags/example_display_name.py
[2024-06-16T12:57:54.437+0000] {logging_mixin.py:188} INFO - [2024-06-16T12:57:54.437+0000] {dag.py:3096} INFO - Sync 1 DAGs
[2024-06-16T12:57:54.464+0000] {logging_mixin.py:188} INFO - [2024-06-16T12:57:54.463+0000] {dag.py:3954} INFO - Setting next_dagrun for example_display_name to None, run_after=None
[2024-06-16T12:57:54.497+0000] {processor.py:183} INFO - Processing /home/airflow/.local/lib/python3.12/site-packages/airflow/example_dags/example_display_name.py took 0.124 seconds
[2024-06-16T12:58:24.814+0000] {processor.py:161} INFO - Started process (PID=1442) to work on /home/airflow/.local/lib/python3.12/site-packages/airflow/example_dags/example_display_name.py
[2024-06-16T12:58:24.815+0000] {processor.py:830} INFO - Processing file /home/airflow/.local/lib/python3.12/site-packages/airflow/example_dags/example_display_name.py for tasks to queue
[2024-06-16T12:58:24.816+0000] {logging_mixin.py:188} INFO - [2024-06-16T12:58:24.815+0000] {dagbag.py:545} INFO - Filling up the DagBag from /home/airflow/.local/lib/python3.12/site-packages/airflow/example_dags/example_display_name.py
[2024-06-16T12:58:24.822+0000] {processor.py:840} INFO - DAG(s) 'example_display_name' retrieved from /home/airflow/.local/lib/python3.12/site-packages/airflow/example_dags/example_display_name.py
[2024-06-16T12:58:24.850+0000] {logging_mixin.py:188} INFO - [2024-06-16T12:58:24.849+0000] {dag.py:3096} INFO - Sync 1 DAGs
[2024-06-16T12:58:24.871+0000] {logging_mixin.py:188} INFO - [2024-06-16T12:58:24.870+0000] {dag.py:3954} INFO - Setting next_dagrun for example_display_name to None, run_after=None
[2024-06-16T12:58:24.899+0000] {processor.py:183} INFO - Processing /home/airflow/.local/lib/python3.12/site-packages/airflow/example_dags/example_display_name.py took 0.091 seconds
[2024-06-16T12:58:55.709+0000] {processor.py:161} INFO - Started process (PID=1501) to work on /home/airflow/.local/lib/python3.12/site-packages/airflow/example_dags/example_display_name.py
[2024-06-16T12:58:55.710+0000] {processor.py:830} INFO - Processing file /home/airflow/.local/lib/python3.12/site-packages/airflow/example_dags/example_display_name.py for tasks to queue
[2024-06-16T12:58:55.711+0000] {logging_mixin.py:188} INFO - [2024-06-16T12:58:55.711+0000] {dagbag.py:545} INFO - Filling up the DagBag from /home/airflow/.local/lib/python3.12/site-packages/airflow/example_dags/example_display_name.py
[2024-06-16T12:58:55.716+0000] {processor.py:840} INFO - DAG(s) 'example_display_name' retrieved from /home/airflow/.local/lib/python3.12/site-packages/airflow/example_dags/example_display_name.py
[2024-06-16T12:58:55.743+0000] {logging_mixin.py:188} INFO - [2024-06-16T12:58:55.741+0000] {dag.py:3096} INFO - Sync 1 DAGs
[2024-06-16T12:58:55.764+0000] {logging_mixin.py:188} INFO - [2024-06-16T12:58:55.764+0000] {dag.py:3954} INFO - Setting next_dagrun for example_display_name to None, run_after=None
[2024-06-16T12:58:55.798+0000] {processor.py:183} INFO - Processing /home/airflow/.local/lib/python3.12/site-packages/airflow/example_dags/example_display_name.py took 0.095 seconds
[2024-06-16T12:59:25.949+0000] {processor.py:161} INFO - Started process (PID=1570) to work on /home/airflow/.local/lib/python3.12/site-packages/airflow/example_dags/example_display_name.py
[2024-06-16T12:59:25.959+0000] {processor.py:830} INFO - Processing file /home/airflow/.local/lib/python3.12/site-packages/airflow/example_dags/example_display_name.py for tasks to queue
[2024-06-16T12:59:25.961+0000] {logging_mixin.py:188} INFO - [2024-06-16T12:59:25.960+0000] {dagbag.py:545} INFO - Filling up the DagBag from /home/airflow/.local/lib/python3.12/site-packages/airflow/example_dags/example_display_name.py
[2024-06-16T12:59:25.968+0000] {processor.py:840} INFO - DAG(s) 'example_display_name' retrieved from /home/airflow/.local/lib/python3.12/site-packages/airflow/example_dags/example_display_name.py
[2024-06-16T12:59:26.005+0000] {logging_mixin.py:188} INFO - [2024-06-16T12:59:26.005+0000] {dag.py:3096} INFO - Sync 1 DAGs
[2024-06-16T12:59:26.029+0000] {logging_mixin.py:188} INFO - [2024-06-16T12:59:26.028+0000] {dag.py:3954} INFO - Setting next_dagrun for example_display_name to None, run_after=None
[2024-06-16T12:59:26.066+0000] {processor.py:183} INFO - Processing /home/airflow/.local/lib/python3.12/site-packages/airflow/example_dags/example_display_name.py took 0.127 seconds
[2024-06-16T12:59:56.393+0000] {processor.py:161} INFO - Started process (PID=1630) to work on /home/airflow/.local/lib/python3.12/site-packages/airflow/example_dags/example_display_name.py
[2024-06-16T12:59:56.394+0000] {processor.py:830} INFO - Processing file /home/airflow/.local/lib/python3.12/site-packages/airflow/example_dags/example_display_name.py for tasks to queue
[2024-06-16T12:59:56.395+0000] {logging_mixin.py:188} INFO - [2024-06-16T12:59:56.395+0000] {dagbag.py:545} INFO - Filling up the DagBag from /home/airflow/.local/lib/python3.12/site-packages/airflow/example_dags/example_display_name.py
[2024-06-16T12:59:56.414+0000] {processor.py:840} INFO - DAG(s) 'example_display_name' retrieved from /home/airflow/.local/lib/python3.12/site-packages/airflow/example_dags/example_display_name.py
[2024-06-16T12:59:56.463+0000] {logging_mixin.py:188} INFO - [2024-06-16T12:59:56.462+0000] {dag.py:3096} INFO - Sync 1 DAGs
[2024-06-16T12:59:56.490+0000] {logging_mixin.py:188} INFO - [2024-06-16T12:59:56.490+0000] {dag.py:3954} INFO - Setting next_dagrun for example_display_name to None, run_after=None
[2024-06-16T12:59:56.523+0000] {processor.py:183} INFO - Processing /home/airflow/.local/lib/python3.12/site-packages/airflow/example_dags/example_display_name.py took 0.143 seconds
[2024-06-16T13:00:27.436+0000] {processor.py:161} INFO - Started process (PID=1697) to work on /home/airflow/.local/lib/python3.12/site-packages/airflow/example_dags/example_display_name.py
[2024-06-16T13:00:27.437+0000] {processor.py:830} INFO - Processing file /home/airflow/.local/lib/python3.12/site-packages/airflow/example_dags/example_display_name.py for tasks to queue
[2024-06-16T13:00:27.438+0000] {logging_mixin.py:188} INFO - [2024-06-16T13:00:27.437+0000] {dagbag.py:545} INFO - Filling up the DagBag from /home/airflow/.local/lib/python3.12/site-packages/airflow/example_dags/example_display_name.py
[2024-06-16T13:00:27.443+0000] {processor.py:840} INFO - DAG(s) 'example_display_name' retrieved from /home/airflow/.local/lib/python3.12/site-packages/airflow/example_dags/example_display_name.py
[2024-06-16T13:00:27.470+0000] {logging_mixin.py:188} INFO - [2024-06-16T13:00:27.469+0000] {dag.py:3096} INFO - Sync 1 DAGs
[2024-06-16T13:00:27.486+0000] {logging_mixin.py:188} INFO - [2024-06-16T13:00:27.485+0000] {dag.py:3954} INFO - Setting next_dagrun for example_display_name to None, run_after=None
[2024-06-16T13:00:27.512+0000] {processor.py:183} INFO - Processing /home/airflow/.local/lib/python3.12/site-packages/airflow/example_dags/example_display_name.py took 0.083 seconds
[2024-06-16T13:00:57.647+0000] {processor.py:161} INFO - Started process (PID=1756) to work on /home/airflow/.local/lib/python3.12/site-packages/airflow/example_dags/example_display_name.py
[2024-06-16T13:00:57.657+0000] {processor.py:830} INFO - Processing file /home/airflow/.local/lib/python3.12/site-packages/airflow/example_dags/example_display_name.py for tasks to queue
[2024-06-16T13:00:57.658+0000] {logging_mixin.py:188} INFO - [2024-06-16T13:00:57.658+0000] {dagbag.py:545} INFO - Filling up the DagBag from /home/airflow/.local/lib/python3.12/site-packages/airflow/example_dags/example_display_name.py
[2024-06-16T13:00:57.664+0000] {processor.py:840} INFO - DAG(s) 'example_display_name' retrieved from /home/airflow/.local/lib/python3.12/site-packages/airflow/example_dags/example_display_name.py
[2024-06-16T13:00:57.696+0000] {logging_mixin.py:188} INFO - [2024-06-16T13:00:57.696+0000] {dag.py:3096} INFO - Sync 1 DAGs
[2024-06-16T13:00:57.717+0000] {logging_mixin.py:188} INFO - [2024-06-16T13:00:57.716+0000] {dag.py:3954} INFO - Setting next_dagrun for example_display_name to None, run_after=None
[2024-06-16T13:00:57.749+0000] {processor.py:183} INFO - Processing /home/airflow/.local/lib/python3.12/site-packages/airflow/example_dags/example_display_name.py took 0.110 seconds
[2024-06-16T13:01:28.173+0000] {processor.py:161} INFO - Started process (PID=1815) to work on /home/airflow/.local/lib/python3.12/site-packages/airflow/example_dags/example_display_name.py
[2024-06-16T13:01:28.183+0000] {processor.py:830} INFO - Processing file /home/airflow/.local/lib/python3.12/site-packages/airflow/example_dags/example_display_name.py for tasks to queue
[2024-06-16T13:01:28.184+0000] {logging_mixin.py:188} INFO - [2024-06-16T13:01:28.183+0000] {dagbag.py:545} INFO - Filling up the DagBag from /home/airflow/.local/lib/python3.12/site-packages/airflow/example_dags/example_display_name.py
[2024-06-16T13:01:28.190+0000] {processor.py:840} INFO - DAG(s) 'example_display_name' retrieved from /home/airflow/.local/lib/python3.12/site-packages/airflow/example_dags/example_display_name.py
[2024-06-16T13:01:28.214+0000] {logging_mixin.py:188} INFO - [2024-06-16T13:01:28.214+0000] {dag.py:3096} INFO - Sync 1 DAGs
[2024-06-16T13:01:28.232+0000] {logging_mixin.py:188} INFO - [2024-06-16T13:01:28.232+0000] {dag.py:3954} INFO - Setting next_dagrun for example_display_name to None, run_after=None
[2024-06-16T13:01:28.260+0000] {processor.py:183} INFO - Processing /home/airflow/.local/lib/python3.12/site-packages/airflow/example_dags/example_display_name.py took 0.092 seconds
[2024-06-16T13:01:58.386+0000] {processor.py:161} INFO - Started process (PID=1874) to work on /home/airflow/.local/lib/python3.12/site-packages/airflow/example_dags/example_display_name.py
[2024-06-16T13:01:58.388+0000] {processor.py:830} INFO - Processing file /home/airflow/.local/lib/python3.12/site-packages/airflow/example_dags/example_display_name.py for tasks to queue
[2024-06-16T13:01:58.390+0000] {logging_mixin.py:188} INFO - [2024-06-16T13:01:58.389+0000] {dagbag.py:545} INFO - Filling up the DagBag from /home/airflow/.local/lib/python3.12/site-packages/airflow/example_dags/example_display_name.py
[2024-06-16T13:01:58.402+0000] {processor.py:840} INFO - DAG(s) 'example_display_name' retrieved from /home/airflow/.local/lib/python3.12/site-packages/airflow/example_dags/example_display_name.py
[2024-06-16T13:01:58.443+0000] {logging_mixin.py:188} INFO - [2024-06-16T13:01:58.442+0000] {dag.py:3096} INFO - Sync 1 DAGs
[2024-06-16T13:01:58.468+0000] {logging_mixin.py:188} INFO - [2024-06-16T13:01:58.467+0000] {dag.py:3954} INFO - Setting next_dagrun for example_display_name to None, run_after=None
[2024-06-16T13:01:58.521+0000] {processor.py:183} INFO - Processing /home/airflow/.local/lib/python3.12/site-packages/airflow/example_dags/example_display_name.py took 0.150 seconds
[2024-06-16T13:02:28.878+0000] {processor.py:161} INFO - Started process (PID=1933) to work on /home/airflow/.local/lib/python3.12/site-packages/airflow/example_dags/example_display_name.py
[2024-06-16T13:02:28.888+0000] {processor.py:830} INFO - Processing file /home/airflow/.local/lib/python3.12/site-packages/airflow/example_dags/example_display_name.py for tasks to queue
[2024-06-16T13:02:28.889+0000] {logging_mixin.py:188} INFO - [2024-06-16T13:02:28.889+0000] {dagbag.py:545} INFO - Filling up the DagBag from /home/airflow/.local/lib/python3.12/site-packages/airflow/example_dags/example_display_name.py
[2024-06-16T13:02:28.897+0000] {processor.py:840} INFO - DAG(s) 'example_display_name' retrieved from /home/airflow/.local/lib/python3.12/site-packages/airflow/example_dags/example_display_name.py
[2024-06-16T13:02:28.932+0000] {logging_mixin.py:188} INFO - [2024-06-16T13:02:28.932+0000] {dag.py:3096} INFO - Sync 1 DAGs
[2024-06-16T13:02:28.957+0000] {logging_mixin.py:188} INFO - [2024-06-16T13:02:28.957+0000] {dag.py:3954} INFO - Setting next_dagrun for example_display_name to None, run_after=None
[2024-06-16T13:02:28.986+0000] {processor.py:183} INFO - Processing /home/airflow/.local/lib/python3.12/site-packages/airflow/example_dags/example_display_name.py took 0.117 seconds
[2024-06-16T13:02:59.361+0000] {processor.py:161} INFO - Started process (PID=1992) to work on /home/airflow/.local/lib/python3.12/site-packages/airflow/example_dags/example_display_name.py
[2024-06-16T13:02:59.371+0000] {processor.py:830} INFO - Processing file /home/airflow/.local/lib/python3.12/site-packages/airflow/example_dags/example_display_name.py for tasks to queue
[2024-06-16T13:02:59.371+0000] {logging_mixin.py:188} INFO - [2024-06-16T13:02:59.371+0000] {dagbag.py:545} INFO - Filling up the DagBag from /home/airflow/.local/lib/python3.12/site-packages/airflow/example_dags/example_display_name.py
[2024-06-16T13:02:59.378+0000] {processor.py:840} INFO - DAG(s) 'example_display_name' retrieved from /home/airflow/.local/lib/python3.12/site-packages/airflow/example_dags/example_display_name.py
[2024-06-16T13:02:59.403+0000] {logging_mixin.py:188} INFO - [2024-06-16T13:02:59.402+0000] {dag.py:3096} INFO - Sync 1 DAGs
[2024-06-16T13:02:59.420+0000] {logging_mixin.py:188} INFO - [2024-06-16T13:02:59.420+0000] {dag.py:3954} INFO - Setting next_dagrun for example_display_name to None, run_after=None
[2024-06-16T13:02:59.450+0000] {processor.py:183} INFO - Processing /home/airflow/.local/lib/python3.12/site-packages/airflow/example_dags/example_display_name.py took 0.096 seconds
[2024-06-16T13:03:29.892+0000] {processor.py:161} INFO - Started process (PID=2051) to work on /home/airflow/.local/lib/python3.12/site-packages/airflow/example_dags/example_display_name.py
[2024-06-16T13:03:29.902+0000] {processor.py:830} INFO - Processing file /home/airflow/.local/lib/python3.12/site-packages/airflow/example_dags/example_display_name.py for tasks to queue
[2024-06-16T13:03:29.903+0000] {logging_mixin.py:188} INFO - [2024-06-16T13:03:29.903+0000] {dagbag.py:545} INFO - Filling up the DagBag from /home/airflow/.local/lib/python3.12/site-packages/airflow/example_dags/example_display_name.py
[2024-06-16T13:03:29.909+0000] {processor.py:840} INFO - DAG(s) 'example_display_name' retrieved from /home/airflow/.local/lib/python3.12/site-packages/airflow/example_dags/example_display_name.py
[2024-06-16T13:03:29.936+0000] {logging_mixin.py:188} INFO - [2024-06-16T13:03:29.936+0000] {dag.py:3096} INFO - Sync 1 DAGs
[2024-06-16T13:03:29.956+0000] {logging_mixin.py:188} INFO - [2024-06-16T13:03:29.956+0000] {dag.py:3954} INFO - Setting next_dagrun for example_display_name to None, run_after=None
[2024-06-16T13:03:29.986+0000] {processor.py:183} INFO - Processing /home/airflow/.local/lib/python3.12/site-packages/airflow/example_dags/example_display_name.py took 0.102 seconds
[2024-06-16T13:04:00.141+0000] {processor.py:161} INFO - Started process (PID=2111) to work on /home/airflow/.local/lib/python3.12/site-packages/airflow/example_dags/example_display_name.py
[2024-06-16T13:04:00.150+0000] {processor.py:830} INFO - Processing file /home/airflow/.local/lib/python3.12/site-packages/airflow/example_dags/example_display_name.py for tasks to queue
[2024-06-16T13:04:00.151+0000] {logging_mixin.py:188} INFO - [2024-06-16T13:04:00.151+0000] {dagbag.py:545} INFO - Filling up the DagBag from /home/airflow/.local/lib/python3.12/site-packages/airflow/example_dags/example_display_name.py
[2024-06-16T13:04:00.157+0000] {processor.py:840} INFO - DAG(s) 'example_display_name' retrieved from /home/airflow/.local/lib/python3.12/site-packages/airflow/example_dags/example_display_name.py
[2024-06-16T13:04:00.184+0000] {logging_mixin.py:188} INFO - [2024-06-16T13:04:00.184+0000] {dag.py:3096} INFO - Sync 1 DAGs
[2024-06-16T13:04:00.202+0000] {logging_mixin.py:188} INFO - [2024-06-16T13:04:00.202+0000] {dag.py:3954} INFO - Setting next_dagrun for example_display_name to None, run_after=None
[2024-06-16T13:04:00.229+0000] {processor.py:183} INFO - Processing /home/airflow/.local/lib/python3.12/site-packages/airflow/example_dags/example_display_name.py took 0.094 seconds
[2024-06-16T13:04:30.642+0000] {processor.py:161} INFO - Started process (PID=2172) to work on /home/airflow/.local/lib/python3.12/site-packages/airflow/example_dags/example_display_name.py
[2024-06-16T13:04:30.643+0000] {processor.py:830} INFO - Processing file /home/airflow/.local/lib/python3.12/site-packages/airflow/example_dags/example_display_name.py for tasks to queue
[2024-06-16T13:04:30.645+0000] {logging_mixin.py:188} INFO - [2024-06-16T13:04:30.644+0000] {dagbag.py:545} INFO - Filling up the DagBag from /home/airflow/.local/lib/python3.12/site-packages/airflow/example_dags/example_display_name.py
[2024-06-16T13:04:30.651+0000] {processor.py:840} INFO - DAG(s) 'example_display_name' retrieved from /home/airflow/.local/lib/python3.12/site-packages/airflow/example_dags/example_display_name.py
[2024-06-16T13:04:30.682+0000] {logging_mixin.py:188} INFO - [2024-06-16T13:04:30.682+0000] {dag.py:3096} INFO - Sync 1 DAGs
[2024-06-16T13:04:30.701+0000] {logging_mixin.py:188} INFO - [2024-06-16T13:04:30.701+0000] {dag.py:3954} INFO - Setting next_dagrun for example_display_name to None, run_after=None
[2024-06-16T13:04:30.738+0000] {processor.py:183} INFO - Processing /home/airflow/.local/lib/python3.12/site-packages/airflow/example_dags/example_display_name.py took 0.107 seconds
[2024-06-16T13:05:00.929+0000] {processor.py:161} INFO - Started process (PID=2232) to work on /home/airflow/.local/lib/python3.12/site-packages/airflow/example_dags/example_display_name.py
[2024-06-16T13:05:00.930+0000] {processor.py:830} INFO - Processing file /home/airflow/.local/lib/python3.12/site-packages/airflow/example_dags/example_display_name.py for tasks to queue
[2024-06-16T13:05:00.932+0000] {logging_mixin.py:188} INFO - [2024-06-16T13:05:00.931+0000] {dagbag.py:545} INFO - Filling up the DagBag from /home/airflow/.local/lib/python3.12/site-packages/airflow/example_dags/example_display_name.py
[2024-06-16T13:05:00.942+0000] {processor.py:840} INFO - DAG(s) 'example_display_name' retrieved from /home/airflow/.local/lib/python3.12/site-packages/airflow/example_dags/example_display_name.py
[2024-06-16T13:05:00.982+0000] {logging_mixin.py:188} INFO - [2024-06-16T13:05:00.981+0000] {dag.py:3096} INFO - Sync 1 DAGs
[2024-06-16T13:05:01.010+0000] {logging_mixin.py:188} INFO - [2024-06-16T13:05:01.010+0000] {dag.py:3954} INFO - Setting next_dagrun for example_display_name to None, run_after=None
[2024-06-16T13:05:01.061+0000] {processor.py:183} INFO - Processing /home/airflow/.local/lib/python3.12/site-packages/airflow/example_dags/example_display_name.py took 0.144 seconds
[2024-06-16T13:05:31.348+0000] {processor.py:161} INFO - Started process (PID=2291) to work on /home/airflow/.local/lib/python3.12/site-packages/airflow/example_dags/example_display_name.py
[2024-06-16T13:05:31.349+0000] {processor.py:830} INFO - Processing file /home/airflow/.local/lib/python3.12/site-packages/airflow/example_dags/example_display_name.py for tasks to queue
[2024-06-16T13:05:31.350+0000] {logging_mixin.py:188} INFO - [2024-06-16T13:05:31.350+0000] {dagbag.py:545} INFO - Filling up the DagBag from /home/airflow/.local/lib/python3.12/site-packages/airflow/example_dags/example_display_name.py
[2024-06-16T13:05:31.356+0000] {processor.py:840} INFO - DAG(s) 'example_display_name' retrieved from /home/airflow/.local/lib/python3.12/site-packages/airflow/example_dags/example_display_name.py
[2024-06-16T13:05:31.381+0000] {logging_mixin.py:188} INFO - [2024-06-16T13:05:31.381+0000] {dag.py:3096} INFO - Sync 1 DAGs
[2024-06-16T13:05:31.399+0000] {logging_mixin.py:188} INFO - [2024-06-16T13:05:31.399+0000] {dag.py:3954} INFO - Setting next_dagrun for example_display_name to None, run_after=None
[2024-06-16T13:05:31.427+0000] {processor.py:183} INFO - Processing /home/airflow/.local/lib/python3.12/site-packages/airflow/example_dags/example_display_name.py took 0.088 seconds
[2024-06-16T13:06:01.556+0000] {processor.py:161} INFO - Started process (PID=2350) to work on /home/airflow/.local/lib/python3.12/site-packages/airflow/example_dags/example_display_name.py
[2024-06-16T13:06:01.565+0000] {processor.py:830} INFO - Processing file /home/airflow/.local/lib/python3.12/site-packages/airflow/example_dags/example_display_name.py for tasks to queue
[2024-06-16T13:06:01.566+0000] {logging_mixin.py:188} INFO - [2024-06-16T13:06:01.566+0000] {dagbag.py:545} INFO - Filling up the DagBag from /home/airflow/.local/lib/python3.12/site-packages/airflow/example_dags/example_display_name.py
[2024-06-16T13:06:01.572+0000] {processor.py:840} INFO - DAG(s) 'example_display_name' retrieved from /home/airflow/.local/lib/python3.12/site-packages/airflow/example_dags/example_display_name.py
[2024-06-16T13:06:01.591+0000] {logging_mixin.py:188} INFO - [2024-06-16T13:06:01.591+0000] {dag.py:3096} INFO - Sync 1 DAGs
[2024-06-16T13:06:01.604+0000] {logging_mixin.py:188} INFO - [2024-06-16T13:06:01.604+0000] {dag.py:3954} INFO - Setting next_dagrun for example_display_name to None, run_after=None
[2024-06-16T13:06:01.626+0000] {processor.py:183} INFO - Processing /home/airflow/.local/lib/python3.12/site-packages/airflow/example_dags/example_display_name.py took 0.075 seconds
