[2024-06-16T12:20:59.008+0000] {processor.py:161} INFO - Started process (PID=58) to work on /home/airflow/.local/lib/python3.12/site-packages/airflow/example_dags/example_python_operator.py
[2024-06-16T12:20:59.009+0000] {processor.py:830} INFO - Processing file /home/airflow/.local/lib/python3.12/site-packages/airflow/example_dags/example_python_operator.py for tasks to queue
[2024-06-16T12:20:59.019+0000] {logging_mixin.py:188} INFO - [2024-06-16T12:20:59.019+0000] {dagbag.py:545} INFO - Filling up the DagBag from /home/airflow/.local/lib/python3.12/site-packages/airflow/example_dags/example_python_operator.py
[2024-06-16T12:20:59.060+0000] {processor.py:840} INFO - DAG(s) 'example_python_operator' retrieved from /home/airflow/.local/lib/python3.12/site-packages/airflow/example_dags/example_python_operator.py
[2024-06-16T12:20:59.583+0000] {logging_mixin.py:188} INFO - [2024-06-16T12:20:59.582+0000] {override.py:1829} INFO - Created Permission View: can edit on DAG:example_python_operator
[2024-06-16T12:20:59.645+0000] {logging_mixin.py:188} INFO - [2024-06-16T12:20:59.644+0000] {override.py:1829} INFO - Created Permission View: can delete on DAG:example_python_operator
[2024-06-16T12:20:59.684+0000] {logging_mixin.py:188} INFO - [2024-06-16T12:20:59.683+0000] {override.py:1829} INFO - Created Permission View: can read on DAG:example_python_operator
[2024-06-16T12:20:59.685+0000] {logging_mixin.py:188} INFO - [2024-06-16T12:20:59.684+0000] {dag.py:3096} INFO - Sync 1 DAGs
[2024-06-16T12:20:59.745+0000] {logging_mixin.py:188} INFO - [2024-06-16T12:20:59.725+0000] {dag.py:3118} INFO - Creating ORM DAG for example_python_operator
[2024-06-16T12:20:59.747+0000] {logging_mixin.py:188} INFO - [2024-06-16T12:20:59.747+0000] {dag.py:3954} INFO - Setting next_dagrun for example_python_operator to None, run_after=None
[2024-06-16T12:20:59.835+0000] {processor.py:183} INFO - Processing /home/airflow/.local/lib/python3.12/site-packages/airflow/example_dags/example_python_operator.py took 0.836 seconds
[2024-06-16T12:21:31.786+0000] {processor.py:161} INFO - Started process (PID=117) to work on /home/airflow/.local/lib/python3.12/site-packages/airflow/example_dags/example_python_operator.py
[2024-06-16T12:21:31.795+0000] {processor.py:830} INFO - Processing file /home/airflow/.local/lib/python3.12/site-packages/airflow/example_dags/example_python_operator.py for tasks to queue
[2024-06-16T12:21:31.804+0000] {logging_mixin.py:188} INFO - [2024-06-16T12:21:31.802+0000] {dagbag.py:545} INFO - Filling up the DagBag from /home/airflow/.local/lib/python3.12/site-packages/airflow/example_dags/example_python_operator.py
[2024-06-16T12:21:31.943+0000] {processor.py:840} INFO - DAG(s) 'example_python_operator' retrieved from /home/airflow/.local/lib/python3.12/site-packages/airflow/example_dags/example_python_operator.py
[2024-06-16T12:21:32.383+0000] {logging_mixin.py:188} INFO - [2024-06-16T12:21:32.383+0000] {dag.py:3096} INFO - Sync 1 DAGs
[2024-06-16T12:21:32.600+0000] {logging_mixin.py:188} INFO - [2024-06-16T12:21:32.597+0000] {dag.py:3954} INFO - Setting next_dagrun for example_python_operator to None, run_after=None
[2024-06-16T12:21:32.881+0000] {processor.py:183} INFO - Processing /home/airflow/.local/lib/python3.12/site-packages/airflow/example_dags/example_python_operator.py took 1.159 seconds
[2024-06-16T12:22:03.533+0000] {processor.py:161} INFO - Started process (PID=175) to work on /home/airflow/.local/lib/python3.12/site-packages/airflow/example_dags/example_python_operator.py
[2024-06-16T12:22:03.536+0000] {processor.py:830} INFO - Processing file /home/airflow/.local/lib/python3.12/site-packages/airflow/example_dags/example_python_operator.py for tasks to queue
[2024-06-16T12:22:03.542+0000] {logging_mixin.py:188} INFO - [2024-06-16T12:22:03.541+0000] {dagbag.py:545} INFO - Filling up the DagBag from /home/airflow/.local/lib/python3.12/site-packages/airflow/example_dags/example_python_operator.py
[2024-06-16T12:22:03.631+0000] {processor.py:840} INFO - DAG(s) 'example_python_operator' retrieved from /home/airflow/.local/lib/python3.12/site-packages/airflow/example_dags/example_python_operator.py
[2024-06-16T12:22:03.708+0000] {logging_mixin.py:188} INFO - [2024-06-16T12:22:03.708+0000] {dag.py:3096} INFO - Sync 1 DAGs
[2024-06-16T12:22:03.781+0000] {logging_mixin.py:188} INFO - [2024-06-16T12:22:03.777+0000] {dag.py:3954} INFO - Setting next_dagrun for example_python_operator to None, run_after=None
[2024-06-16T12:22:03.881+0000] {processor.py:183} INFO - Processing /home/airflow/.local/lib/python3.12/site-packages/airflow/example_dags/example_python_operator.py took 0.393 seconds
[2024-06-16T12:22:34.222+0000] {processor.py:161} INFO - Started process (PID=233) to work on /home/airflow/.local/lib/python3.12/site-packages/airflow/example_dags/example_python_operator.py
[2024-06-16T12:22:34.229+0000] {processor.py:830} INFO - Processing file /home/airflow/.local/lib/python3.12/site-packages/airflow/example_dags/example_python_operator.py for tasks to queue
[2024-06-16T12:22:34.233+0000] {logging_mixin.py:188} INFO - [2024-06-16T12:22:34.232+0000] {dagbag.py:545} INFO - Filling up the DagBag from /home/airflow/.local/lib/python3.12/site-packages/airflow/example_dags/example_python_operator.py
[2024-06-16T12:22:34.275+0000] {processor.py:840} INFO - DAG(s) 'example_python_operator' retrieved from /home/airflow/.local/lib/python3.12/site-packages/airflow/example_dags/example_python_operator.py
[2024-06-16T12:22:34.394+0000] {logging_mixin.py:188} INFO - [2024-06-16T12:22:34.393+0000] {dag.py:3096} INFO - Sync 1 DAGs
[2024-06-16T12:22:34.422+0000] {logging_mixin.py:188} INFO - [2024-06-16T12:22:34.422+0000] {dag.py:3954} INFO - Setting next_dagrun for example_python_operator to None, run_after=None
[2024-06-16T12:22:34.477+0000] {processor.py:183} INFO - Processing /home/airflow/.local/lib/python3.12/site-packages/airflow/example_dags/example_python_operator.py took 0.268 seconds
[2024-06-16T12:23:05.112+0000] {processor.py:161} INFO - Started process (PID=293) to work on /home/airflow/.local/lib/python3.12/site-packages/airflow/example_dags/example_python_operator.py
[2024-06-16T12:23:05.114+0000] {processor.py:830} INFO - Processing file /home/airflow/.local/lib/python3.12/site-packages/airflow/example_dags/example_python_operator.py for tasks to queue
[2024-06-16T12:23:05.117+0000] {logging_mixin.py:188} INFO - [2024-06-16T12:23:05.117+0000] {dagbag.py:545} INFO - Filling up the DagBag from /home/airflow/.local/lib/python3.12/site-packages/airflow/example_dags/example_python_operator.py
[2024-06-16T12:23:05.138+0000] {processor.py:840} INFO - DAG(s) 'example_python_operator' retrieved from /home/airflow/.local/lib/python3.12/site-packages/airflow/example_dags/example_python_operator.py
[2024-06-16T12:23:05.204+0000] {logging_mixin.py:188} INFO - [2024-06-16T12:23:05.202+0000] {dag.py:3096} INFO - Sync 1 DAGs
[2024-06-16T12:23:05.257+0000] {logging_mixin.py:188} INFO - [2024-06-16T12:23:05.256+0000] {dag.py:3954} INFO - Setting next_dagrun for example_python_operator to None, run_after=None
[2024-06-16T12:23:05.332+0000] {processor.py:183} INFO - Processing /home/airflow/.local/lib/python3.12/site-packages/airflow/example_dags/example_python_operator.py took 0.233 seconds
[2024-06-16T12:23:38.037+0000] {processor.py:161} INFO - Started process (PID=350) to work on /home/airflow/.local/lib/python3.12/site-packages/airflow/example_dags/example_python_operator.py
[2024-06-16T12:23:38.043+0000] {processor.py:830} INFO - Processing file /home/airflow/.local/lib/python3.12/site-packages/airflow/example_dags/example_python_operator.py for tasks to queue
[2024-06-16T12:23:38.049+0000] {logging_mixin.py:188} INFO - [2024-06-16T12:23:38.045+0000] {dagbag.py:545} INFO - Filling up the DagBag from /home/airflow/.local/lib/python3.12/site-packages/airflow/example_dags/example_python_operator.py
[2024-06-16T12:23:38.150+0000] {processor.py:840} INFO - DAG(s) 'example_python_operator' retrieved from /home/airflow/.local/lib/python3.12/site-packages/airflow/example_dags/example_python_operator.py
[2024-06-16T12:23:38.310+0000] {logging_mixin.py:188} INFO - [2024-06-16T12:23:38.309+0000] {dag.py:3096} INFO - Sync 1 DAGs
[2024-06-16T12:23:38.422+0000] {logging_mixin.py:188} INFO - [2024-06-16T12:23:38.422+0000] {dag.py:3954} INFO - Setting next_dagrun for example_python_operator to None, run_after=None
[2024-06-16T12:23:38.498+0000] {processor.py:183} INFO - Processing /home/airflow/.local/lib/python3.12/site-packages/airflow/example_dags/example_python_operator.py took 0.535 seconds
[2024-06-16T12:24:08.823+0000] {processor.py:161} INFO - Started process (PID=409) to work on /home/airflow/.local/lib/python3.12/site-packages/airflow/example_dags/example_python_operator.py
[2024-06-16T12:24:08.826+0000] {processor.py:830} INFO - Processing file /home/airflow/.local/lib/python3.12/site-packages/airflow/example_dags/example_python_operator.py for tasks to queue
[2024-06-16T12:24:08.832+0000] {logging_mixin.py:188} INFO - [2024-06-16T12:24:08.831+0000] {dagbag.py:545} INFO - Filling up the DagBag from /home/airflow/.local/lib/python3.12/site-packages/airflow/example_dags/example_python_operator.py
[2024-06-16T12:24:08.858+0000] {processor.py:840} INFO - DAG(s) 'example_python_operator' retrieved from /home/airflow/.local/lib/python3.12/site-packages/airflow/example_dags/example_python_operator.py
[2024-06-16T12:24:09.035+0000] {logging_mixin.py:188} INFO - [2024-06-16T12:24:09.035+0000] {dag.py:3096} INFO - Sync 1 DAGs
[2024-06-16T12:24:09.080+0000] {logging_mixin.py:188} INFO - [2024-06-16T12:24:09.079+0000] {dag.py:3954} INFO - Setting next_dagrun for example_python_operator to None, run_after=None
[2024-06-16T12:24:09.216+0000] {processor.py:183} INFO - Processing /home/airflow/.local/lib/python3.12/site-packages/airflow/example_dags/example_python_operator.py took 0.412 seconds
[2024-06-16T12:24:40.087+0000] {processor.py:161} INFO - Started process (PID=468) to work on /home/airflow/.local/lib/python3.12/site-packages/airflow/example_dags/example_python_operator.py
[2024-06-16T12:24:40.090+0000] {processor.py:830} INFO - Processing file /home/airflow/.local/lib/python3.12/site-packages/airflow/example_dags/example_python_operator.py for tasks to queue
[2024-06-16T12:24:40.094+0000] {logging_mixin.py:188} INFO - [2024-06-16T12:24:40.094+0000] {dagbag.py:545} INFO - Filling up the DagBag from /home/airflow/.local/lib/python3.12/site-packages/airflow/example_dags/example_python_operator.py
[2024-06-16T12:24:40.126+0000] {processor.py:840} INFO - DAG(s) 'example_python_operator' retrieved from /home/airflow/.local/lib/python3.12/site-packages/airflow/example_dags/example_python_operator.py
[2024-06-16T12:24:40.202+0000] {logging_mixin.py:188} INFO - [2024-06-16T12:24:40.202+0000] {dag.py:3096} INFO - Sync 1 DAGs
[2024-06-16T12:24:40.242+0000] {logging_mixin.py:188} INFO - [2024-06-16T12:24:40.242+0000] {dag.py:3954} INFO - Setting next_dagrun for example_python_operator to None, run_after=None
[2024-06-16T12:24:40.300+0000] {processor.py:183} INFO - Processing /home/airflow/.local/lib/python3.12/site-packages/airflow/example_dags/example_python_operator.py took 0.225 seconds
[2024-06-16T12:45:02.179+0000] {processor.py:161} INFO - Started process (PID=62) to work on /home/airflow/.local/lib/python3.12/site-packages/airflow/example_dags/example_python_operator.py
[2024-06-16T12:45:02.182+0000] {processor.py:830} INFO - Processing file /home/airflow/.local/lib/python3.12/site-packages/airflow/example_dags/example_python_operator.py for tasks to queue
[2024-06-16T12:45:02.188+0000] {logging_mixin.py:188} INFO - [2024-06-16T12:45:02.187+0000] {dagbag.py:545} INFO - Filling up the DagBag from /home/airflow/.local/lib/python3.12/site-packages/airflow/example_dags/example_python_operator.py
[2024-06-16T12:45:02.236+0000] {processor.py:840} INFO - DAG(s) 'example_python_operator' retrieved from /home/airflow/.local/lib/python3.12/site-packages/airflow/example_dags/example_python_operator.py
[2024-06-16T12:45:02.848+0000] {logging_mixin.py:188} INFO - [2024-06-16T12:45:02.846+0000] {override.py:1829} INFO - Created Permission View: can read on DAG:example_python_operator
[2024-06-16T12:45:02.898+0000] {logging_mixin.py:188} INFO - [2024-06-16T12:45:02.898+0000] {override.py:1829} INFO - Created Permission View: can delete on DAG:example_python_operator
[2024-06-16T12:45:02.913+0000] {logging_mixin.py:188} INFO - [2024-06-16T12:45:02.912+0000] {override.py:1829} INFO - Created Permission View: can edit on DAG:example_python_operator
[2024-06-16T12:45:02.914+0000] {logging_mixin.py:188} INFO - [2024-06-16T12:45:02.913+0000] {dag.py:3096} INFO - Sync 1 DAGs
[2024-06-16T12:45:02.941+0000] {logging_mixin.py:188} INFO - [2024-06-16T12:45:02.940+0000] {dag.py:3118} INFO - Creating ORM DAG for example_python_operator
[2024-06-16T12:45:02.942+0000] {logging_mixin.py:188} INFO - [2024-06-16T12:45:02.941+0000] {dag.py:3954} INFO - Setting next_dagrun for example_python_operator to None, run_after=None
[2024-06-16T12:45:02.982+0000] {processor.py:183} INFO - Processing /home/airflow/.local/lib/python3.12/site-packages/airflow/example_dags/example_python_operator.py took 0.831 seconds
[2024-06-16T12:45:33.248+0000] {processor.py:161} INFO - Started process (PID=121) to work on /home/airflow/.local/lib/python3.12/site-packages/airflow/example_dags/example_python_operator.py
[2024-06-16T12:45:33.249+0000] {processor.py:830} INFO - Processing file /home/airflow/.local/lib/python3.12/site-packages/airflow/example_dags/example_python_operator.py for tasks to queue
[2024-06-16T12:45:33.251+0000] {logging_mixin.py:188} INFO - [2024-06-16T12:45:33.250+0000] {dagbag.py:545} INFO - Filling up the DagBag from /home/airflow/.local/lib/python3.12/site-packages/airflow/example_dags/example_python_operator.py
[2024-06-16T12:45:33.266+0000] {processor.py:840} INFO - DAG(s) 'example_python_operator' retrieved from /home/airflow/.local/lib/python3.12/site-packages/airflow/example_dags/example_python_operator.py
[2024-06-16T12:45:33.301+0000] {logging_mixin.py:188} INFO - [2024-06-16T12:45:33.300+0000] {dag.py:3096} INFO - Sync 1 DAGs
[2024-06-16T12:45:33.324+0000] {logging_mixin.py:188} INFO - [2024-06-16T12:45:33.323+0000] {dag.py:3954} INFO - Setting next_dagrun for example_python_operator to None, run_after=None
[2024-06-16T12:45:33.356+0000] {processor.py:183} INFO - Processing /home/airflow/.local/lib/python3.12/site-packages/airflow/example_dags/example_python_operator.py took 0.115 seconds
[2024-06-16T12:46:03.649+0000] {processor.py:161} INFO - Started process (PID=180) to work on /home/airflow/.local/lib/python3.12/site-packages/airflow/example_dags/example_python_operator.py
[2024-06-16T12:46:03.650+0000] {processor.py:830} INFO - Processing file /home/airflow/.local/lib/python3.12/site-packages/airflow/example_dags/example_python_operator.py for tasks to queue
[2024-06-16T12:46:03.652+0000] {logging_mixin.py:188} INFO - [2024-06-16T12:46:03.652+0000] {dagbag.py:545} INFO - Filling up the DagBag from /home/airflow/.local/lib/python3.12/site-packages/airflow/example_dags/example_python_operator.py
[2024-06-16T12:46:03.666+0000] {processor.py:840} INFO - DAG(s) 'example_python_operator' retrieved from /home/airflow/.local/lib/python3.12/site-packages/airflow/example_dags/example_python_operator.py
[2024-06-16T12:46:03.703+0000] {logging_mixin.py:188} INFO - [2024-06-16T12:46:03.703+0000] {dag.py:3096} INFO - Sync 1 DAGs
[2024-06-16T12:46:03.726+0000] {logging_mixin.py:188} INFO - [2024-06-16T12:46:03.726+0000] {dag.py:3954} INFO - Setting next_dagrun for example_python_operator to None, run_after=None
[2024-06-16T12:46:03.760+0000] {processor.py:183} INFO - Processing /home/airflow/.local/lib/python3.12/site-packages/airflow/example_dags/example_python_operator.py took 0.117 seconds
[2024-06-16T12:46:34.612+0000] {processor.py:161} INFO - Started process (PID=239) to work on /home/airflow/.local/lib/python3.12/site-packages/airflow/example_dags/example_python_operator.py
[2024-06-16T12:46:34.621+0000] {processor.py:830} INFO - Processing file /home/airflow/.local/lib/python3.12/site-packages/airflow/example_dags/example_python_operator.py for tasks to queue
[2024-06-16T12:46:34.635+0000] {logging_mixin.py:188} INFO - [2024-06-16T12:46:34.625+0000] {dagbag.py:545} INFO - Filling up the DagBag from /home/airflow/.local/lib/python3.12/site-packages/airflow/example_dags/example_python_operator.py
[2024-06-16T12:46:34.732+0000] {processor.py:840} INFO - DAG(s) 'example_python_operator' retrieved from /home/airflow/.local/lib/python3.12/site-packages/airflow/example_dags/example_python_operator.py
[2024-06-16T12:46:35.109+0000] {logging_mixin.py:188} INFO - [2024-06-16T12:46:35.106+0000] {dag.py:3096} INFO - Sync 1 DAGs
[2024-06-16T12:46:35.173+0000] {logging_mixin.py:188} INFO - [2024-06-16T12:46:35.172+0000] {dag.py:3954} INFO - Setting next_dagrun for example_python_operator to None, run_after=None
[2024-06-16T12:46:35.247+0000] {processor.py:183} INFO - Processing /home/airflow/.local/lib/python3.12/site-packages/airflow/example_dags/example_python_operator.py took 0.695 seconds
[2024-06-16T12:47:30.667+0000] {processor.py:161} INFO - Started process (PID=298) to work on /home/airflow/.local/lib/python3.12/site-packages/airflow/example_dags/example_python_operator.py
[2024-06-16T12:47:30.672+0000] {processor.py:830} INFO - Processing file /home/airflow/.local/lib/python3.12/site-packages/airflow/example_dags/example_python_operator.py for tasks to queue
[2024-06-16T12:47:30.679+0000] {logging_mixin.py:188} INFO - [2024-06-16T12:47:30.678+0000] {dagbag.py:545} INFO - Filling up the DagBag from /home/airflow/.local/lib/python3.12/site-packages/airflow/example_dags/example_python_operator.py
[2024-06-16T12:47:30.712+0000] {processor.py:840} INFO - DAG(s) 'example_python_operator' retrieved from /home/airflow/.local/lib/python3.12/site-packages/airflow/example_dags/example_python_operator.py
[2024-06-16T12:47:30.825+0000] {logging_mixin.py:188} INFO - [2024-06-16T12:47:30.821+0000] {dag.py:3096} INFO - Sync 1 DAGs
[2024-06-16T12:47:30.854+0000] {logging_mixin.py:188} INFO - [2024-06-16T12:47:30.854+0000] {dag.py:3954} INFO - Setting next_dagrun for example_python_operator to None, run_after=None
[2024-06-16T12:47:30.920+0000] {processor.py:183} INFO - Processing /home/airflow/.local/lib/python3.12/site-packages/airflow/example_dags/example_python_operator.py took 0.276 seconds
[2024-06-16T12:48:01.432+0000] {processor.py:161} INFO - Started process (PID=357) to work on /home/airflow/.local/lib/python3.12/site-packages/airflow/example_dags/example_python_operator.py
[2024-06-16T12:48:01.433+0000] {processor.py:830} INFO - Processing file /home/airflow/.local/lib/python3.12/site-packages/airflow/example_dags/example_python_operator.py for tasks to queue
[2024-06-16T12:48:01.436+0000] {logging_mixin.py:188} INFO - [2024-06-16T12:48:01.436+0000] {dagbag.py:545} INFO - Filling up the DagBag from /home/airflow/.local/lib/python3.12/site-packages/airflow/example_dags/example_python_operator.py
[2024-06-16T12:48:01.452+0000] {processor.py:840} INFO - DAG(s) 'example_python_operator' retrieved from /home/airflow/.local/lib/python3.12/site-packages/airflow/example_dags/example_python_operator.py
[2024-06-16T12:48:01.496+0000] {logging_mixin.py:188} INFO - [2024-06-16T12:48:01.495+0000] {dag.py:3096} INFO - Sync 1 DAGs
[2024-06-16T12:48:01.525+0000] {logging_mixin.py:188} INFO - [2024-06-16T12:48:01.524+0000] {dag.py:3954} INFO - Setting next_dagrun for example_python_operator to None, run_after=None
[2024-06-16T12:48:01.558+0000] {processor.py:183} INFO - Processing /home/airflow/.local/lib/python3.12/site-packages/airflow/example_dags/example_python_operator.py took 0.136 seconds
[2024-06-16T12:48:36.694+0000] {processor.py:161} INFO - Started process (PID=416) to work on /home/airflow/.local/lib/python3.12/site-packages/airflow/example_dags/example_python_operator.py
[2024-06-16T12:48:36.699+0000] {processor.py:830} INFO - Processing file /home/airflow/.local/lib/python3.12/site-packages/airflow/example_dags/example_python_operator.py for tasks to queue
[2024-06-16T12:48:36.702+0000] {logging_mixin.py:188} INFO - [2024-06-16T12:48:36.701+0000] {dagbag.py:545} INFO - Filling up the DagBag from /home/airflow/.local/lib/python3.12/site-packages/airflow/example_dags/example_python_operator.py
[2024-06-16T12:48:36.730+0000] {processor.py:840} INFO - DAG(s) 'example_python_operator' retrieved from /home/airflow/.local/lib/python3.12/site-packages/airflow/example_dags/example_python_operator.py
[2024-06-16T12:48:36.795+0000] {logging_mixin.py:188} INFO - [2024-06-16T12:48:36.794+0000] {dag.py:3096} INFO - Sync 1 DAGs
[2024-06-16T12:48:36.834+0000] {logging_mixin.py:188} INFO - [2024-06-16T12:48:36.834+0000] {dag.py:3954} INFO - Setting next_dagrun for example_python_operator to None, run_after=None
[2024-06-16T12:48:36.938+0000] {processor.py:183} INFO - Processing /home/airflow/.local/lib/python3.12/site-packages/airflow/example_dags/example_python_operator.py took 0.257 seconds
[2024-06-16T12:49:13.335+0000] {processor.py:161} INFO - Started process (PID=475) to work on /home/airflow/.local/lib/python3.12/site-packages/airflow/example_dags/example_python_operator.py
[2024-06-16T12:49:13.336+0000] {processor.py:830} INFO - Processing file /home/airflow/.local/lib/python3.12/site-packages/airflow/example_dags/example_python_operator.py for tasks to queue
[2024-06-16T12:49:13.338+0000] {logging_mixin.py:188} INFO - [2024-06-16T12:49:13.338+0000] {dagbag.py:545} INFO - Filling up the DagBag from /home/airflow/.local/lib/python3.12/site-packages/airflow/example_dags/example_python_operator.py
[2024-06-16T12:49:13.354+0000] {processor.py:840} INFO - DAG(s) 'example_python_operator' retrieved from /home/airflow/.local/lib/python3.12/site-packages/airflow/example_dags/example_python_operator.py
[2024-06-16T12:49:13.396+0000] {logging_mixin.py:188} INFO - [2024-06-16T12:49:13.395+0000] {dag.py:3096} INFO - Sync 1 DAGs
[2024-06-16T12:49:13.434+0000] {logging_mixin.py:188} INFO - [2024-06-16T12:49:13.433+0000] {dag.py:3954} INFO - Setting next_dagrun for example_python_operator to None, run_after=None
[2024-06-16T12:49:13.607+0000] {processor.py:183} INFO - Processing /home/airflow/.local/lib/python3.12/site-packages/airflow/example_dags/example_python_operator.py took 0.281 seconds
[2024-06-16T12:49:58.156+0000] {processor.py:161} INFO - Started process (PID=520) to work on /home/airflow/.local/lib/python3.12/site-packages/airflow/example_dags/example_python_operator.py
[2024-06-16T12:49:58.166+0000] {processor.py:830} INFO - Processing file /home/airflow/.local/lib/python3.12/site-packages/airflow/example_dags/example_python_operator.py for tasks to queue
[2024-06-16T12:49:58.228+0000] {logging_mixin.py:188} INFO - [2024-06-16T12:49:58.205+0000] {dagbag.py:545} INFO - Filling up the DagBag from /home/airflow/.local/lib/python3.12/site-packages/airflow/example_dags/example_python_operator.py
[2024-06-16T12:49:58.413+0000] {processor.py:840} INFO - DAG(s) 'example_python_operator' retrieved from /home/airflow/.local/lib/python3.12/site-packages/airflow/example_dags/example_python_operator.py
[2024-06-16T12:49:58.825+0000] {logging_mixin.py:188} INFO - [2024-06-16T12:49:58.810+0000] {dag.py:3096} INFO - Sync 1 DAGs
[2024-06-16T12:49:59.032+0000] {logging_mixin.py:188} INFO - [2024-06-16T12:49:59.029+0000] {dag.py:3954} INFO - Setting next_dagrun for example_python_operator to None, run_after=None
[2024-06-16T12:49:59.246+0000] {processor.py:183} INFO - Processing /home/airflow/.local/lib/python3.12/site-packages/airflow/example_dags/example_python_operator.py took 1.198 seconds
[2024-06-16T12:50:51.511+0000] {processor.py:161} INFO - Started process (PID=579) to work on /home/airflow/.local/lib/python3.12/site-packages/airflow/example_dags/example_python_operator.py
[2024-06-16T12:50:51.512+0000] {processor.py:830} INFO - Processing file /home/airflow/.local/lib/python3.12/site-packages/airflow/example_dags/example_python_operator.py for tasks to queue
[2024-06-16T12:50:51.516+0000] {logging_mixin.py:188} INFO - [2024-06-16T12:50:51.515+0000] {dagbag.py:545} INFO - Filling up the DagBag from /home/airflow/.local/lib/python3.12/site-packages/airflow/example_dags/example_python_operator.py
[2024-06-16T12:50:51.541+0000] {processor.py:840} INFO - DAG(s) 'example_python_operator' retrieved from /home/airflow/.local/lib/python3.12/site-packages/airflow/example_dags/example_python_operator.py
[2024-06-16T12:50:51.625+0000] {logging_mixin.py:188} INFO - [2024-06-16T12:50:51.625+0000] {dag.py:3096} INFO - Sync 1 DAGs
[2024-06-16T12:50:51.652+0000] {logging_mixin.py:188} INFO - [2024-06-16T12:50:51.652+0000] {dag.py:3954} INFO - Setting next_dagrun for example_python_operator to None, run_after=None
[2024-06-16T12:50:51.691+0000] {processor.py:183} INFO - Processing /home/airflow/.local/lib/python3.12/site-packages/airflow/example_dags/example_python_operator.py took 0.192 seconds
[2024-06-16T12:51:23.481+0000] {processor.py:161} INFO - Started process (PID=638) to work on /home/airflow/.local/lib/python3.12/site-packages/airflow/example_dags/example_python_operator.py
[2024-06-16T12:51:23.485+0000] {processor.py:830} INFO - Processing file /home/airflow/.local/lib/python3.12/site-packages/airflow/example_dags/example_python_operator.py for tasks to queue
[2024-06-16T12:51:23.489+0000] {logging_mixin.py:188} INFO - [2024-06-16T12:51:23.488+0000] {dagbag.py:545} INFO - Filling up the DagBag from /home/airflow/.local/lib/python3.12/site-packages/airflow/example_dags/example_python_operator.py
[2024-06-16T12:51:23.513+0000] {processor.py:840} INFO - DAG(s) 'example_python_operator' retrieved from /home/airflow/.local/lib/python3.12/site-packages/airflow/example_dags/example_python_operator.py
[2024-06-16T12:51:23.609+0000] {logging_mixin.py:188} INFO - [2024-06-16T12:51:23.608+0000] {dag.py:3096} INFO - Sync 1 DAGs
[2024-06-16T12:51:23.652+0000] {logging_mixin.py:188} INFO - [2024-06-16T12:51:23.651+0000] {dag.py:3954} INFO - Setting next_dagrun for example_python_operator to None, run_after=None
[2024-06-16T12:51:23.720+0000] {processor.py:183} INFO - Processing /home/airflow/.local/lib/python3.12/site-packages/airflow/example_dags/example_python_operator.py took 0.254 seconds
[2024-06-16T12:51:54.243+0000] {processor.py:161} INFO - Started process (PID=697) to work on /home/airflow/.local/lib/python3.12/site-packages/airflow/example_dags/example_python_operator.py
[2024-06-16T12:51:54.248+0000] {processor.py:830} INFO - Processing file /home/airflow/.local/lib/python3.12/site-packages/airflow/example_dags/example_python_operator.py for tasks to queue
[2024-06-16T12:51:54.251+0000] {logging_mixin.py:188} INFO - [2024-06-16T12:51:54.250+0000] {dagbag.py:545} INFO - Filling up the DagBag from /home/airflow/.local/lib/python3.12/site-packages/airflow/example_dags/example_python_operator.py
[2024-06-16T12:51:54.277+0000] {processor.py:840} INFO - DAG(s) 'example_python_operator' retrieved from /home/airflow/.local/lib/python3.12/site-packages/airflow/example_dags/example_python_operator.py
[2024-06-16T12:51:54.334+0000] {logging_mixin.py:188} INFO - [2024-06-16T12:51:54.333+0000] {dag.py:3096} INFO - Sync 1 DAGs
[2024-06-16T12:51:54.363+0000] {logging_mixin.py:188} INFO - [2024-06-16T12:51:54.363+0000] {dag.py:3954} INFO - Setting next_dagrun for example_python_operator to None, run_after=None
[2024-06-16T12:51:54.420+0000] {processor.py:183} INFO - Processing /home/airflow/.local/lib/python3.12/site-packages/airflow/example_dags/example_python_operator.py took 0.191 seconds
[2024-06-16T12:52:24.542+0000] {processor.py:161} INFO - Started process (PID=756) to work on /home/airflow/.local/lib/python3.12/site-packages/airflow/example_dags/example_python_operator.py
[2024-06-16T12:52:24.543+0000] {processor.py:830} INFO - Processing file /home/airflow/.local/lib/python3.12/site-packages/airflow/example_dags/example_python_operator.py for tasks to queue
[2024-06-16T12:52:24.546+0000] {logging_mixin.py:188} INFO - [2024-06-16T12:52:24.546+0000] {dagbag.py:545} INFO - Filling up the DagBag from /home/airflow/.local/lib/python3.12/site-packages/airflow/example_dags/example_python_operator.py
[2024-06-16T12:52:24.573+0000] {processor.py:840} INFO - DAG(s) 'example_python_operator' retrieved from /home/airflow/.local/lib/python3.12/site-packages/airflow/example_dags/example_python_operator.py
[2024-06-16T12:52:24.621+0000] {logging_mixin.py:188} INFO - [2024-06-16T12:52:24.620+0000] {dag.py:3096} INFO - Sync 1 DAGs
[2024-06-16T12:52:24.642+0000] {logging_mixin.py:188} INFO - [2024-06-16T12:52:24.642+0000] {dag.py:3954} INFO - Setting next_dagrun for example_python_operator to None, run_after=None
[2024-06-16T12:52:24.680+0000] {processor.py:183} INFO - Processing /home/airflow/.local/lib/python3.12/site-packages/airflow/example_dags/example_python_operator.py took 0.150 seconds
[2024-06-16T12:52:54.867+0000] {processor.py:161} INFO - Started process (PID=816) to work on /home/airflow/.local/lib/python3.12/site-packages/airflow/example_dags/example_python_operator.py
[2024-06-16T12:52:54.868+0000] {processor.py:830} INFO - Processing file /home/airflow/.local/lib/python3.12/site-packages/airflow/example_dags/example_python_operator.py for tasks to queue
[2024-06-16T12:52:54.871+0000] {logging_mixin.py:188} INFO - [2024-06-16T12:52:54.870+0000] {dagbag.py:545} INFO - Filling up the DagBag from /home/airflow/.local/lib/python3.12/site-packages/airflow/example_dags/example_python_operator.py
[2024-06-16T12:52:54.885+0000] {processor.py:840} INFO - DAG(s) 'example_python_operator' retrieved from /home/airflow/.local/lib/python3.12/site-packages/airflow/example_dags/example_python_operator.py
[2024-06-16T12:52:54.918+0000] {logging_mixin.py:188} INFO - [2024-06-16T12:52:54.918+0000] {dag.py:3096} INFO - Sync 1 DAGs
[2024-06-16T12:52:54.937+0000] {logging_mixin.py:188} INFO - [2024-06-16T12:52:54.936+0000] {dag.py:3954} INFO - Setting next_dagrun for example_python_operator to None, run_after=None
[2024-06-16T12:52:54.962+0000] {processor.py:183} INFO - Processing /home/airflow/.local/lib/python3.12/site-packages/airflow/example_dags/example_python_operator.py took 0.103 seconds
[2024-06-16T12:53:25.400+0000] {processor.py:161} INFO - Started process (PID=874) to work on /home/airflow/.local/lib/python3.12/site-packages/airflow/example_dags/example_python_operator.py
[2024-06-16T12:53:25.401+0000] {processor.py:830} INFO - Processing file /home/airflow/.local/lib/python3.12/site-packages/airflow/example_dags/example_python_operator.py for tasks to queue
[2024-06-16T12:53:25.402+0000] {logging_mixin.py:188} INFO - [2024-06-16T12:53:25.401+0000] {dagbag.py:545} INFO - Filling up the DagBag from /home/airflow/.local/lib/python3.12/site-packages/airflow/example_dags/example_python_operator.py
[2024-06-16T12:53:25.416+0000] {processor.py:840} INFO - DAG(s) 'example_python_operator' retrieved from /home/airflow/.local/lib/python3.12/site-packages/airflow/example_dags/example_python_operator.py
[2024-06-16T12:53:25.449+0000] {logging_mixin.py:188} INFO - [2024-06-16T12:53:25.448+0000] {dag.py:3096} INFO - Sync 1 DAGs
[2024-06-16T12:53:25.470+0000] {logging_mixin.py:188} INFO - [2024-06-16T12:53:25.470+0000] {dag.py:3954} INFO - Setting next_dagrun for example_python_operator to None, run_after=None
[2024-06-16T12:53:25.501+0000] {processor.py:183} INFO - Processing /home/airflow/.local/lib/python3.12/site-packages/airflow/example_dags/example_python_operator.py took 0.108 seconds
[2024-06-16T12:53:55.904+0000] {processor.py:161} INFO - Started process (PID=933) to work on /home/airflow/.local/lib/python3.12/site-packages/airflow/example_dags/example_python_operator.py
[2024-06-16T12:53:55.906+0000] {processor.py:830} INFO - Processing file /home/airflow/.local/lib/python3.12/site-packages/airflow/example_dags/example_python_operator.py for tasks to queue
[2024-06-16T12:53:55.907+0000] {logging_mixin.py:188} INFO - [2024-06-16T12:53:55.907+0000] {dagbag.py:545} INFO - Filling up the DagBag from /home/airflow/.local/lib/python3.12/site-packages/airflow/example_dags/example_python_operator.py
[2024-06-16T12:53:55.926+0000] {processor.py:840} INFO - DAG(s) 'example_python_operator' retrieved from /home/airflow/.local/lib/python3.12/site-packages/airflow/example_dags/example_python_operator.py
[2024-06-16T12:53:55.966+0000] {logging_mixin.py:188} INFO - [2024-06-16T12:53:55.966+0000] {dag.py:3096} INFO - Sync 1 DAGs
[2024-06-16T12:53:55.984+0000] {logging_mixin.py:188} INFO - [2024-06-16T12:53:55.984+0000] {dag.py:3954} INFO - Setting next_dagrun for example_python_operator to None, run_after=None
[2024-06-16T12:53:56.012+0000] {processor.py:183} INFO - Processing /home/airflow/.local/lib/python3.12/site-packages/airflow/example_dags/example_python_operator.py took 0.118 seconds
[2024-06-16T12:54:26.390+0000] {processor.py:161} INFO - Started process (PID=992) to work on /home/airflow/.local/lib/python3.12/site-packages/airflow/example_dags/example_python_operator.py
[2024-06-16T12:54:26.391+0000] {processor.py:830} INFO - Processing file /home/airflow/.local/lib/python3.12/site-packages/airflow/example_dags/example_python_operator.py for tasks to queue
[2024-06-16T12:54:26.393+0000] {logging_mixin.py:188} INFO - [2024-06-16T12:54:26.392+0000] {dagbag.py:545} INFO - Filling up the DagBag from /home/airflow/.local/lib/python3.12/site-packages/airflow/example_dags/example_python_operator.py
[2024-06-16T12:54:26.414+0000] {processor.py:840} INFO - DAG(s) 'example_python_operator' retrieved from /home/airflow/.local/lib/python3.12/site-packages/airflow/example_dags/example_python_operator.py
[2024-06-16T12:54:26.480+0000] {logging_mixin.py:188} INFO - [2024-06-16T12:54:26.480+0000] {dag.py:3096} INFO - Sync 1 DAGs
[2024-06-16T12:54:26.524+0000] {logging_mixin.py:188} INFO - [2024-06-16T12:54:26.524+0000] {dag.py:3954} INFO - Setting next_dagrun for example_python_operator to None, run_after=None
[2024-06-16T12:54:26.571+0000] {processor.py:183} INFO - Processing /home/airflow/.local/lib/python3.12/site-packages/airflow/example_dags/example_python_operator.py took 0.195 seconds
[2024-06-16T12:54:57.439+0000] {processor.py:161} INFO - Started process (PID=1051) to work on /home/airflow/.local/lib/python3.12/site-packages/airflow/example_dags/example_python_operator.py
[2024-06-16T12:54:57.440+0000] {processor.py:830} INFO - Processing file /home/airflow/.local/lib/python3.12/site-packages/airflow/example_dags/example_python_operator.py for tasks to queue
[2024-06-16T12:54:57.443+0000] {logging_mixin.py:188} INFO - [2024-06-16T12:54:57.442+0000] {dagbag.py:545} INFO - Filling up the DagBag from /home/airflow/.local/lib/python3.12/site-packages/airflow/example_dags/example_python_operator.py
[2024-06-16T12:54:57.460+0000] {processor.py:840} INFO - DAG(s) 'example_python_operator' retrieved from /home/airflow/.local/lib/python3.12/site-packages/airflow/example_dags/example_python_operator.py
[2024-06-16T12:54:57.492+0000] {logging_mixin.py:188} INFO - [2024-06-16T12:54:57.492+0000] {dag.py:3096} INFO - Sync 1 DAGs
[2024-06-16T12:54:57.510+0000] {logging_mixin.py:188} INFO - [2024-06-16T12:54:57.510+0000] {dag.py:3954} INFO - Setting next_dagrun for example_python_operator to None, run_after=None
[2024-06-16T12:54:57.538+0000] {processor.py:183} INFO - Processing /home/airflow/.local/lib/python3.12/site-packages/airflow/example_dags/example_python_operator.py took 0.107 seconds
[2024-06-16T12:55:27.659+0000] {processor.py:161} INFO - Started process (PID=1110) to work on /home/airflow/.local/lib/python3.12/site-packages/airflow/example_dags/example_python_operator.py
[2024-06-16T12:55:27.660+0000] {processor.py:830} INFO - Processing file /home/airflow/.local/lib/python3.12/site-packages/airflow/example_dags/example_python_operator.py for tasks to queue
[2024-06-16T12:55:27.661+0000] {logging_mixin.py:188} INFO - [2024-06-16T12:55:27.661+0000] {dagbag.py:545} INFO - Filling up the DagBag from /home/airflow/.local/lib/python3.12/site-packages/airflow/example_dags/example_python_operator.py
[2024-06-16T12:55:27.679+0000] {processor.py:840} INFO - DAG(s) 'example_python_operator' retrieved from /home/airflow/.local/lib/python3.12/site-packages/airflow/example_dags/example_python_operator.py
[2024-06-16T12:55:27.710+0000] {logging_mixin.py:188} INFO - [2024-06-16T12:55:27.710+0000] {dag.py:3096} INFO - Sync 1 DAGs
[2024-06-16T12:55:27.729+0000] {logging_mixin.py:188} INFO - [2024-06-16T12:55:27.729+0000] {dag.py:3954} INFO - Setting next_dagrun for example_python_operator to None, run_after=None
[2024-06-16T12:55:27.759+0000] {processor.py:183} INFO - Processing /home/airflow/.local/lib/python3.12/site-packages/airflow/example_dags/example_python_operator.py took 0.111 seconds
[2024-06-16T12:55:57.899+0000] {processor.py:161} INFO - Started process (PID=1167) to work on /home/airflow/.local/lib/python3.12/site-packages/airflow/example_dags/example_python_operator.py
[2024-06-16T12:55:57.902+0000] {processor.py:830} INFO - Processing file /home/airflow/.local/lib/python3.12/site-packages/airflow/example_dags/example_python_operator.py for tasks to queue
[2024-06-16T12:55:57.904+0000] {logging_mixin.py:188} INFO - [2024-06-16T12:55:57.903+0000] {dagbag.py:545} INFO - Filling up the DagBag from /home/airflow/.local/lib/python3.12/site-packages/airflow/example_dags/example_python_operator.py
[2024-06-16T12:55:57.923+0000] {processor.py:840} INFO - DAG(s) 'example_python_operator' retrieved from /home/airflow/.local/lib/python3.12/site-packages/airflow/example_dags/example_python_operator.py
[2024-06-16T12:55:57.979+0000] {logging_mixin.py:188} INFO - [2024-06-16T12:55:57.978+0000] {dag.py:3096} INFO - Sync 1 DAGs
[2024-06-16T12:55:58.013+0000] {logging_mixin.py:188} INFO - [2024-06-16T12:55:58.013+0000] {dag.py:3954} INFO - Setting next_dagrun for example_python_operator to None, run_after=None
[2024-06-16T12:55:58.063+0000] {processor.py:183} INFO - Processing /home/airflow/.local/lib/python3.12/site-packages/airflow/example_dags/example_python_operator.py took 0.174 seconds
[2024-06-16T12:56:28.256+0000] {processor.py:161} INFO - Started process (PID=1226) to work on /home/airflow/.local/lib/python3.12/site-packages/airflow/example_dags/example_python_operator.py
[2024-06-16T12:56:28.257+0000] {processor.py:830} INFO - Processing file /home/airflow/.local/lib/python3.12/site-packages/airflow/example_dags/example_python_operator.py for tasks to queue
[2024-06-16T12:56:28.258+0000] {logging_mixin.py:188} INFO - [2024-06-16T12:56:28.258+0000] {dagbag.py:545} INFO - Filling up the DagBag from /home/airflow/.local/lib/python3.12/site-packages/airflow/example_dags/example_python_operator.py
[2024-06-16T12:56:28.270+0000] {processor.py:840} INFO - DAG(s) 'example_python_operator' retrieved from /home/airflow/.local/lib/python3.12/site-packages/airflow/example_dags/example_python_operator.py
[2024-06-16T12:56:28.299+0000] {logging_mixin.py:188} INFO - [2024-06-16T12:56:28.298+0000] {dag.py:3096} INFO - Sync 1 DAGs
[2024-06-16T12:56:28.317+0000] {logging_mixin.py:188} INFO - [2024-06-16T12:56:28.317+0000] {dag.py:3954} INFO - Setting next_dagrun for example_python_operator to None, run_after=None
[2024-06-16T12:56:28.342+0000] {processor.py:183} INFO - Processing /home/airflow/.local/lib/python3.12/site-packages/airflow/example_dags/example_python_operator.py took 0.094 seconds
[2024-06-16T12:56:58.996+0000] {processor.py:161} INFO - Started process (PID=1283) to work on /home/airflow/.local/lib/python3.12/site-packages/airflow/example_dags/example_python_operator.py
[2024-06-16T12:56:58.997+0000] {processor.py:830} INFO - Processing file /home/airflow/.local/lib/python3.12/site-packages/airflow/example_dags/example_python_operator.py for tasks to queue
[2024-06-16T12:56:58.998+0000] {logging_mixin.py:188} INFO - [2024-06-16T12:56:58.997+0000] {dagbag.py:545} INFO - Filling up the DagBag from /home/airflow/.local/lib/python3.12/site-packages/airflow/example_dags/example_python_operator.py
[2024-06-16T12:56:59.013+0000] {processor.py:840} INFO - DAG(s) 'example_python_operator' retrieved from /home/airflow/.local/lib/python3.12/site-packages/airflow/example_dags/example_python_operator.py
[2024-06-16T12:56:59.048+0000] {logging_mixin.py:188} INFO - [2024-06-16T12:56:59.047+0000] {dag.py:3096} INFO - Sync 1 DAGs
[2024-06-16T12:56:59.075+0000] {logging_mixin.py:188} INFO - [2024-06-16T12:56:59.074+0000] {dag.py:3954} INFO - Setting next_dagrun for example_python_operator to None, run_after=None
[2024-06-16T12:56:59.105+0000] {processor.py:183} INFO - Processing /home/airflow/.local/lib/python3.12/site-packages/airflow/example_dags/example_python_operator.py took 0.119 seconds
[2024-06-16T12:57:29.283+0000] {processor.py:161} INFO - Started process (PID=1341) to work on /home/airflow/.local/lib/python3.12/site-packages/airflow/example_dags/example_python_operator.py
[2024-06-16T12:57:29.284+0000] {processor.py:830} INFO - Processing file /home/airflow/.local/lib/python3.12/site-packages/airflow/example_dags/example_python_operator.py for tasks to queue
[2024-06-16T12:57:29.285+0000] {logging_mixin.py:188} INFO - [2024-06-16T12:57:29.285+0000] {dagbag.py:545} INFO - Filling up the DagBag from /home/airflow/.local/lib/python3.12/site-packages/airflow/example_dags/example_python_operator.py
[2024-06-16T12:57:29.297+0000] {processor.py:840} INFO - DAG(s) 'example_python_operator' retrieved from /home/airflow/.local/lib/python3.12/site-packages/airflow/example_dags/example_python_operator.py
[2024-06-16T12:57:29.328+0000] {logging_mixin.py:188} INFO - [2024-06-16T12:57:29.328+0000] {dag.py:3096} INFO - Sync 1 DAGs
[2024-06-16T12:57:29.345+0000] {logging_mixin.py:188} INFO - [2024-06-16T12:57:29.345+0000] {dag.py:3954} INFO - Setting next_dagrun for example_python_operator to None, run_after=None
[2024-06-16T12:57:29.372+0000] {processor.py:183} INFO - Processing /home/airflow/.local/lib/python3.12/site-packages/airflow/example_dags/example_python_operator.py took 0.098 seconds
[2024-06-16T12:57:59.782+0000] {processor.py:161} INFO - Started process (PID=1400) to work on /home/airflow/.local/lib/python3.12/site-packages/airflow/example_dags/example_python_operator.py
[2024-06-16T12:57:59.783+0000] {processor.py:830} INFO - Processing file /home/airflow/.local/lib/python3.12/site-packages/airflow/example_dags/example_python_operator.py for tasks to queue
[2024-06-16T12:57:59.784+0000] {logging_mixin.py:188} INFO - [2024-06-16T12:57:59.784+0000] {dagbag.py:545} INFO - Filling up the DagBag from /home/airflow/.local/lib/python3.12/site-packages/airflow/example_dags/example_python_operator.py
[2024-06-16T12:57:59.807+0000] {processor.py:840} INFO - DAG(s) 'example_python_operator' retrieved from /home/airflow/.local/lib/python3.12/site-packages/airflow/example_dags/example_python_operator.py
[2024-06-16T12:57:59.850+0000] {logging_mixin.py:188} INFO - [2024-06-16T12:57:59.850+0000] {dag.py:3096} INFO - Sync 1 DAGs
[2024-06-16T12:57:59.880+0000] {logging_mixin.py:188} INFO - [2024-06-16T12:57:59.880+0000] {dag.py:3954} INFO - Setting next_dagrun for example_python_operator to None, run_after=None
[2024-06-16T12:57:59.929+0000] {processor.py:183} INFO - Processing /home/airflow/.local/lib/python3.12/site-packages/airflow/example_dags/example_python_operator.py took 0.160 seconds
[2024-06-16T12:58:30.865+0000] {processor.py:161} INFO - Started process (PID=1458) to work on /home/airflow/.local/lib/python3.12/site-packages/airflow/example_dags/example_python_operator.py
[2024-06-16T12:58:30.866+0000] {processor.py:830} INFO - Processing file /home/airflow/.local/lib/python3.12/site-packages/airflow/example_dags/example_python_operator.py for tasks to queue
[2024-06-16T12:58:30.867+0000] {logging_mixin.py:188} INFO - [2024-06-16T12:58:30.866+0000] {dagbag.py:545} INFO - Filling up the DagBag from /home/airflow/.local/lib/python3.12/site-packages/airflow/example_dags/example_python_operator.py
[2024-06-16T12:58:30.878+0000] {processor.py:840} INFO - DAG(s) 'example_python_operator' retrieved from /home/airflow/.local/lib/python3.12/site-packages/airflow/example_dags/example_python_operator.py
[2024-06-16T12:58:30.908+0000] {logging_mixin.py:188} INFO - [2024-06-16T12:58:30.907+0000] {dag.py:3096} INFO - Sync 1 DAGs
[2024-06-16T12:58:30.924+0000] {logging_mixin.py:188} INFO - [2024-06-16T12:58:30.924+0000] {dag.py:3954} INFO - Setting next_dagrun for example_python_operator to None, run_after=None
[2024-06-16T12:58:30.950+0000] {processor.py:183} INFO - Processing /home/airflow/.local/lib/python3.12/site-packages/airflow/example_dags/example_python_operator.py took 0.092 seconds
[2024-06-16T12:59:01.745+0000] {processor.py:161} INFO - Started process (PID=1525) to work on /home/airflow/.local/lib/python3.12/site-packages/airflow/example_dags/example_python_operator.py
[2024-06-16T12:59:01.746+0000] {processor.py:830} INFO - Processing file /home/airflow/.local/lib/python3.12/site-packages/airflow/example_dags/example_python_operator.py for tasks to queue
[2024-06-16T12:59:01.747+0000] {logging_mixin.py:188} INFO - [2024-06-16T12:59:01.747+0000] {dagbag.py:545} INFO - Filling up the DagBag from /home/airflow/.local/lib/python3.12/site-packages/airflow/example_dags/example_python_operator.py
[2024-06-16T12:59:01.761+0000] {processor.py:840} INFO - DAG(s) 'example_python_operator' retrieved from /home/airflow/.local/lib/python3.12/site-packages/airflow/example_dags/example_python_operator.py
[2024-06-16T12:59:01.795+0000] {logging_mixin.py:188} INFO - [2024-06-16T12:59:01.795+0000] {dag.py:3096} INFO - Sync 1 DAGs
[2024-06-16T12:59:01.816+0000] {logging_mixin.py:188} INFO - [2024-06-16T12:59:01.816+0000] {dag.py:3954} INFO - Setting next_dagrun for example_python_operator to None, run_after=None
[2024-06-16T12:59:01.841+0000] {processor.py:183} INFO - Processing /home/airflow/.local/lib/python3.12/site-packages/airflow/example_dags/example_python_operator.py took 0.104 seconds
[2024-06-16T12:59:32.398+0000] {processor.py:161} INFO - Started process (PID=1588) to work on /home/airflow/.local/lib/python3.12/site-packages/airflow/example_dags/example_python_operator.py
[2024-06-16T12:59:32.400+0000] {processor.py:830} INFO - Processing file /home/airflow/.local/lib/python3.12/site-packages/airflow/example_dags/example_python_operator.py for tasks to queue
[2024-06-16T12:59:32.402+0000] {logging_mixin.py:188} INFO - [2024-06-16T12:59:32.401+0000] {dagbag.py:545} INFO - Filling up the DagBag from /home/airflow/.local/lib/python3.12/site-packages/airflow/example_dags/example_python_operator.py
[2024-06-16T12:59:32.427+0000] {processor.py:840} INFO - DAG(s) 'example_python_operator' retrieved from /home/airflow/.local/lib/python3.12/site-packages/airflow/example_dags/example_python_operator.py
[2024-06-16T12:59:32.469+0000] {logging_mixin.py:188} INFO - [2024-06-16T12:59:32.468+0000] {dag.py:3096} INFO - Sync 1 DAGs
[2024-06-16T12:59:32.494+0000] {logging_mixin.py:188} INFO - [2024-06-16T12:59:32.493+0000] {dag.py:3954} INFO - Setting next_dagrun for example_python_operator to None, run_after=None
[2024-06-16T12:59:32.529+0000] {processor.py:183} INFO - Processing /home/airflow/.local/lib/python3.12/site-packages/airflow/example_dags/example_python_operator.py took 0.140 seconds
[2024-06-16T13:00:02.731+0000] {processor.py:161} INFO - Started process (PID=1648) to work on /home/airflow/.local/lib/python3.12/site-packages/airflow/example_dags/example_python_operator.py
[2024-06-16T13:00:02.732+0000] {processor.py:830} INFO - Processing file /home/airflow/.local/lib/python3.12/site-packages/airflow/example_dags/example_python_operator.py for tasks to queue
[2024-06-16T13:00:02.733+0000] {logging_mixin.py:188} INFO - [2024-06-16T13:00:02.732+0000] {dagbag.py:545} INFO - Filling up the DagBag from /home/airflow/.local/lib/python3.12/site-packages/airflow/example_dags/example_python_operator.py
[2024-06-16T13:00:02.746+0000] {processor.py:840} INFO - DAG(s) 'example_python_operator' retrieved from /home/airflow/.local/lib/python3.12/site-packages/airflow/example_dags/example_python_operator.py
[2024-06-16T13:00:02.777+0000] {logging_mixin.py:188} INFO - [2024-06-16T13:00:02.776+0000] {dag.py:3096} INFO - Sync 1 DAGs
[2024-06-16T13:00:02.794+0000] {logging_mixin.py:188} INFO - [2024-06-16T13:00:02.794+0000] {dag.py:3954} INFO - Setting next_dagrun for example_python_operator to None, run_after=None
[2024-06-16T13:00:02.826+0000] {processor.py:183} INFO - Processing /home/airflow/.local/lib/python3.12/site-packages/airflow/example_dags/example_python_operator.py took 0.104 seconds
[2024-06-16T13:00:33.740+0000] {processor.py:161} INFO - Started process (PID=1714) to work on /home/airflow/.local/lib/python3.12/site-packages/airflow/example_dags/example_python_operator.py
[2024-06-16T13:00:33.742+0000] {processor.py:830} INFO - Processing file /home/airflow/.local/lib/python3.12/site-packages/airflow/example_dags/example_python_operator.py for tasks to queue
[2024-06-16T13:00:33.743+0000] {logging_mixin.py:188} INFO - [2024-06-16T13:00:33.743+0000] {dagbag.py:545} INFO - Filling up the DagBag from /home/airflow/.local/lib/python3.12/site-packages/airflow/example_dags/example_python_operator.py
[2024-06-16T13:00:33.762+0000] {processor.py:840} INFO - DAG(s) 'example_python_operator' retrieved from /home/airflow/.local/lib/python3.12/site-packages/airflow/example_dags/example_python_operator.py
[2024-06-16T13:00:33.799+0000] {logging_mixin.py:188} INFO - [2024-06-16T13:00:33.798+0000] {dag.py:3096} INFO - Sync 1 DAGs
[2024-06-16T13:00:33.830+0000] {logging_mixin.py:188} INFO - [2024-06-16T13:00:33.830+0000] {dag.py:3954} INFO - Setting next_dagrun for example_python_operator to None, run_after=None
[2024-06-16T13:00:33.870+0000] {processor.py:183} INFO - Processing /home/airflow/.local/lib/python3.12/site-packages/airflow/example_dags/example_python_operator.py took 0.139 seconds
[2024-06-16T13:01:04.197+0000] {processor.py:161} INFO - Started process (PID=1773) to work on /home/airflow/.local/lib/python3.12/site-packages/airflow/example_dags/example_python_operator.py
[2024-06-16T13:01:04.212+0000] {processor.py:830} INFO - Processing file /home/airflow/.local/lib/python3.12/site-packages/airflow/example_dags/example_python_operator.py for tasks to queue
[2024-06-16T13:01:04.214+0000] {logging_mixin.py:188} INFO - [2024-06-16T13:01:04.213+0000] {dagbag.py:545} INFO - Filling up the DagBag from /home/airflow/.local/lib/python3.12/site-packages/airflow/example_dags/example_python_operator.py
[2024-06-16T13:01:04.251+0000] {processor.py:840} INFO - DAG(s) 'example_python_operator' retrieved from /home/airflow/.local/lib/python3.12/site-packages/airflow/example_dags/example_python_operator.py
[2024-06-16T13:01:04.322+0000] {logging_mixin.py:188} INFO - [2024-06-16T13:01:04.317+0000] {dag.py:3096} INFO - Sync 1 DAGs
[2024-06-16T13:01:04.364+0000] {logging_mixin.py:188} INFO - [2024-06-16T13:01:04.364+0000] {dag.py:3954} INFO - Setting next_dagrun for example_python_operator to None, run_after=None
[2024-06-16T13:01:04.443+0000] {processor.py:183} INFO - Processing /home/airflow/.local/lib/python3.12/site-packages/airflow/example_dags/example_python_operator.py took 0.264 seconds
[2024-06-16T13:01:35.180+0000] {processor.py:161} INFO - Started process (PID=1832) to work on /home/airflow/.local/lib/python3.12/site-packages/airflow/example_dags/example_python_operator.py
[2024-06-16T13:01:35.181+0000] {processor.py:830} INFO - Processing file /home/airflow/.local/lib/python3.12/site-packages/airflow/example_dags/example_python_operator.py for tasks to queue
[2024-06-16T13:01:35.182+0000] {logging_mixin.py:188} INFO - [2024-06-16T13:01:35.181+0000] {dagbag.py:545} INFO - Filling up the DagBag from /home/airflow/.local/lib/python3.12/site-packages/airflow/example_dags/example_python_operator.py
[2024-06-16T13:01:35.197+0000] {processor.py:840} INFO - DAG(s) 'example_python_operator' retrieved from /home/airflow/.local/lib/python3.12/site-packages/airflow/example_dags/example_python_operator.py
[2024-06-16T13:01:35.237+0000] {logging_mixin.py:188} INFO - [2024-06-16T13:01:35.237+0000] {dag.py:3096} INFO - Sync 1 DAGs
[2024-06-16T13:01:35.261+0000] {logging_mixin.py:188} INFO - [2024-06-16T13:01:35.261+0000] {dag.py:3954} INFO - Setting next_dagrun for example_python_operator to None, run_after=None
[2024-06-16T13:01:35.307+0000] {processor.py:183} INFO - Processing /home/airflow/.local/lib/python3.12/site-packages/airflow/example_dags/example_python_operator.py took 0.136 seconds
[2024-06-16T13:02:05.721+0000] {processor.py:161} INFO - Started process (PID=1891) to work on /home/airflow/.local/lib/python3.12/site-packages/airflow/example_dags/example_python_operator.py
[2024-06-16T13:02:05.722+0000] {processor.py:830} INFO - Processing file /home/airflow/.local/lib/python3.12/site-packages/airflow/example_dags/example_python_operator.py for tasks to queue
[2024-06-16T13:02:05.723+0000] {logging_mixin.py:188} INFO - [2024-06-16T13:02:05.722+0000] {dagbag.py:545} INFO - Filling up the DagBag from /home/airflow/.local/lib/python3.12/site-packages/airflow/example_dags/example_python_operator.py
[2024-06-16T13:02:05.742+0000] {processor.py:840} INFO - DAG(s) 'example_python_operator' retrieved from /home/airflow/.local/lib/python3.12/site-packages/airflow/example_dags/example_python_operator.py
[2024-06-16T13:02:05.783+0000] {logging_mixin.py:188} INFO - [2024-06-16T13:02:05.782+0000] {dag.py:3096} INFO - Sync 1 DAGs
[2024-06-16T13:02:05.806+0000] {logging_mixin.py:188} INFO - [2024-06-16T13:02:05.805+0000] {dag.py:3954} INFO - Setting next_dagrun for example_python_operator to None, run_after=None
[2024-06-16T13:02:05.836+0000] {processor.py:183} INFO - Processing /home/airflow/.local/lib/python3.12/site-packages/airflow/example_dags/example_python_operator.py took 0.125 seconds
[2024-06-16T13:02:36.056+0000] {processor.py:161} INFO - Started process (PID=1950) to work on /home/airflow/.local/lib/python3.12/site-packages/airflow/example_dags/example_python_operator.py
[2024-06-16T13:02:36.058+0000] {processor.py:830} INFO - Processing file /home/airflow/.local/lib/python3.12/site-packages/airflow/example_dags/example_python_operator.py for tasks to queue
[2024-06-16T13:02:36.059+0000] {logging_mixin.py:188} INFO - [2024-06-16T13:02:36.059+0000] {dagbag.py:545} INFO - Filling up the DagBag from /home/airflow/.local/lib/python3.12/site-packages/airflow/example_dags/example_python_operator.py
[2024-06-16T13:02:36.076+0000] {processor.py:840} INFO - DAG(s) 'example_python_operator' retrieved from /home/airflow/.local/lib/python3.12/site-packages/airflow/example_dags/example_python_operator.py
[2024-06-16T13:02:36.111+0000] {logging_mixin.py:188} INFO - [2024-06-16T13:02:36.111+0000] {dag.py:3096} INFO - Sync 1 DAGs
[2024-06-16T13:02:36.131+0000] {logging_mixin.py:188} INFO - [2024-06-16T13:02:36.130+0000] {dag.py:3954} INFO - Setting next_dagrun for example_python_operator to None, run_after=None
[2024-06-16T13:02:36.163+0000] {processor.py:183} INFO - Processing /home/airflow/.local/lib/python3.12/site-packages/airflow/example_dags/example_python_operator.py took 0.117 seconds
[2024-06-16T13:03:06.276+0000] {processor.py:161} INFO - Started process (PID=2009) to work on /home/airflow/.local/lib/python3.12/site-packages/airflow/example_dags/example_python_operator.py
[2024-06-16T13:03:06.277+0000] {processor.py:830} INFO - Processing file /home/airflow/.local/lib/python3.12/site-packages/airflow/example_dags/example_python_operator.py for tasks to queue
[2024-06-16T13:03:06.279+0000] {logging_mixin.py:188} INFO - [2024-06-16T13:03:06.278+0000] {dagbag.py:545} INFO - Filling up the DagBag from /home/airflow/.local/lib/python3.12/site-packages/airflow/example_dags/example_python_operator.py
[2024-06-16T13:03:06.297+0000] {processor.py:840} INFO - DAG(s) 'example_python_operator' retrieved from /home/airflow/.local/lib/python3.12/site-packages/airflow/example_dags/example_python_operator.py
[2024-06-16T13:03:06.330+0000] {logging_mixin.py:188} INFO - [2024-06-16T13:03:06.330+0000] {dag.py:3096} INFO - Sync 1 DAGs
[2024-06-16T13:03:06.358+0000] {logging_mixin.py:188} INFO - [2024-06-16T13:03:06.357+0000] {dag.py:3954} INFO - Setting next_dagrun for example_python_operator to None, run_after=None
[2024-06-16T13:03:06.387+0000] {processor.py:183} INFO - Processing /home/airflow/.local/lib/python3.12/site-packages/airflow/example_dags/example_python_operator.py took 0.121 seconds
[2024-06-16T13:03:36.993+0000] {processor.py:161} INFO - Started process (PID=2068) to work on /home/airflow/.local/lib/python3.12/site-packages/airflow/example_dags/example_python_operator.py
[2024-06-16T13:03:36.993+0000] {processor.py:830} INFO - Processing file /home/airflow/.local/lib/python3.12/site-packages/airflow/example_dags/example_python_operator.py for tasks to queue
[2024-06-16T13:03:36.994+0000] {logging_mixin.py:188} INFO - [2024-06-16T13:03:36.994+0000] {dagbag.py:545} INFO - Filling up the DagBag from /home/airflow/.local/lib/python3.12/site-packages/airflow/example_dags/example_python_operator.py
[2024-06-16T13:03:37.008+0000] {processor.py:840} INFO - DAG(s) 'example_python_operator' retrieved from /home/airflow/.local/lib/python3.12/site-packages/airflow/example_dags/example_python_operator.py
[2024-06-16T13:03:37.041+0000] {logging_mixin.py:188} INFO - [2024-06-16T13:03:37.041+0000] {dag.py:3096} INFO - Sync 1 DAGs
[2024-06-16T13:03:37.058+0000] {logging_mixin.py:188} INFO - [2024-06-16T13:03:37.058+0000] {dag.py:3954} INFO - Setting next_dagrun for example_python_operator to None, run_after=None
[2024-06-16T13:03:37.086+0000] {processor.py:183} INFO - Processing /home/airflow/.local/lib/python3.12/site-packages/airflow/example_dags/example_python_operator.py took 0.101 seconds
[2024-06-16T13:04:07.977+0000] {processor.py:161} INFO - Started process (PID=2130) to work on /home/airflow/.local/lib/python3.12/site-packages/airflow/example_dags/example_python_operator.py
[2024-06-16T13:04:07.978+0000] {processor.py:830} INFO - Processing file /home/airflow/.local/lib/python3.12/site-packages/airflow/example_dags/example_python_operator.py for tasks to queue
[2024-06-16T13:04:07.979+0000] {logging_mixin.py:188} INFO - [2024-06-16T13:04:07.979+0000] {dagbag.py:545} INFO - Filling up the DagBag from /home/airflow/.local/lib/python3.12/site-packages/airflow/example_dags/example_python_operator.py
[2024-06-16T13:04:07.999+0000] {processor.py:840} INFO - DAG(s) 'example_python_operator' retrieved from /home/airflow/.local/lib/python3.12/site-packages/airflow/example_dags/example_python_operator.py
[2024-06-16T13:04:08.030+0000] {logging_mixin.py:188} INFO - [2024-06-16T13:04:08.029+0000] {dag.py:3096} INFO - Sync 1 DAGs
[2024-06-16T13:04:08.048+0000] {logging_mixin.py:188} INFO - [2024-06-16T13:04:08.048+0000] {dag.py:3954} INFO - Setting next_dagrun for example_python_operator to None, run_after=None
[2024-06-16T13:04:08.074+0000] {processor.py:183} INFO - Processing /home/airflow/.local/lib/python3.12/site-packages/airflow/example_dags/example_python_operator.py took 0.107 seconds
[2024-06-16T13:04:38.875+0000] {processor.py:161} INFO - Started process (PID=2189) to work on /home/airflow/.local/lib/python3.12/site-packages/airflow/example_dags/example_python_operator.py
[2024-06-16T13:04:38.877+0000] {processor.py:830} INFO - Processing file /home/airflow/.local/lib/python3.12/site-packages/airflow/example_dags/example_python_operator.py for tasks to queue
[2024-06-16T13:04:38.877+0000] {logging_mixin.py:188} INFO - [2024-06-16T13:04:38.877+0000] {dagbag.py:545} INFO - Filling up the DagBag from /home/airflow/.local/lib/python3.12/site-packages/airflow/example_dags/example_python_operator.py
[2024-06-16T13:04:38.890+0000] {processor.py:840} INFO - DAG(s) 'example_python_operator' retrieved from /home/airflow/.local/lib/python3.12/site-packages/airflow/example_dags/example_python_operator.py
[2024-06-16T13:04:38.926+0000] {logging_mixin.py:188} INFO - [2024-06-16T13:04:38.926+0000] {dag.py:3096} INFO - Sync 1 DAGs
[2024-06-16T13:04:38.948+0000] {logging_mixin.py:188} INFO - [2024-06-16T13:04:38.948+0000] {dag.py:3954} INFO - Setting next_dagrun for example_python_operator to None, run_after=None
[2024-06-16T13:04:38.974+0000] {processor.py:183} INFO - Processing /home/airflow/.local/lib/python3.12/site-packages/airflow/example_dags/example_python_operator.py took 0.104 seconds
[2024-06-16T13:05:09.274+0000] {processor.py:161} INFO - Started process (PID=2249) to work on /home/airflow/.local/lib/python3.12/site-packages/airflow/example_dags/example_python_operator.py
[2024-06-16T13:05:09.275+0000] {processor.py:830} INFO - Processing file /home/airflow/.local/lib/python3.12/site-packages/airflow/example_dags/example_python_operator.py for tasks to queue
[2024-06-16T13:05:09.277+0000] {logging_mixin.py:188} INFO - [2024-06-16T13:05:09.276+0000] {dagbag.py:545} INFO - Filling up the DagBag from /home/airflow/.local/lib/python3.12/site-packages/airflow/example_dags/example_python_operator.py
[2024-06-16T13:05:09.295+0000] {processor.py:840} INFO - DAG(s) 'example_python_operator' retrieved from /home/airflow/.local/lib/python3.12/site-packages/airflow/example_dags/example_python_operator.py
[2024-06-16T13:05:09.362+0000] {logging_mixin.py:188} INFO - [2024-06-16T13:05:09.362+0000] {dag.py:3096} INFO - Sync 1 DAGs
[2024-06-16T13:05:09.389+0000] {logging_mixin.py:188} INFO - [2024-06-16T13:05:09.389+0000] {dag.py:3954} INFO - Setting next_dagrun for example_python_operator to None, run_after=None
[2024-06-16T13:05:09.429+0000] {processor.py:183} INFO - Processing /home/airflow/.local/lib/python3.12/site-packages/airflow/example_dags/example_python_operator.py took 0.170 seconds
[2024-06-16T13:05:40.165+0000] {processor.py:161} INFO - Started process (PID=2308) to work on /home/airflow/.local/lib/python3.12/site-packages/airflow/example_dags/example_python_operator.py
[2024-06-16T13:05:40.167+0000] {processor.py:830} INFO - Processing file /home/airflow/.local/lib/python3.12/site-packages/airflow/example_dags/example_python_operator.py for tasks to queue
[2024-06-16T13:05:40.168+0000] {logging_mixin.py:188} INFO - [2024-06-16T13:05:40.168+0000] {dagbag.py:545} INFO - Filling up the DagBag from /home/airflow/.local/lib/python3.12/site-packages/airflow/example_dags/example_python_operator.py
[2024-06-16T13:05:40.189+0000] {processor.py:840} INFO - DAG(s) 'example_python_operator' retrieved from /home/airflow/.local/lib/python3.12/site-packages/airflow/example_dags/example_python_operator.py
[2024-06-16T13:05:40.232+0000] {logging_mixin.py:188} INFO - [2024-06-16T13:05:40.231+0000] {dag.py:3096} INFO - Sync 1 DAGs
[2024-06-16T13:05:40.473+0000] {logging_mixin.py:188} INFO - [2024-06-16T13:05:40.473+0000] {dag.py:3954} INFO - Setting next_dagrun for example_python_operator to None, run_after=None
[2024-06-16T13:05:40.510+0000] {processor.py:183} INFO - Processing /home/airflow/.local/lib/python3.12/site-packages/airflow/example_dags/example_python_operator.py took 0.356 seconds
[2024-06-16T13:06:11.475+0000] {processor.py:161} INFO - Started process (PID=2367) to work on /home/airflow/.local/lib/python3.12/site-packages/airflow/example_dags/example_python_operator.py
[2024-06-16T13:06:11.475+0000] {processor.py:830} INFO - Processing file /home/airflow/.local/lib/python3.12/site-packages/airflow/example_dags/example_python_operator.py for tasks to queue
[2024-06-16T13:06:11.476+0000] {logging_mixin.py:188} INFO - [2024-06-16T13:06:11.476+0000] {dagbag.py:545} INFO - Filling up the DagBag from /home/airflow/.local/lib/python3.12/site-packages/airflow/example_dags/example_python_operator.py
[2024-06-16T13:06:11.490+0000] {processor.py:840} INFO - DAG(s) 'example_python_operator' retrieved from /home/airflow/.local/lib/python3.12/site-packages/airflow/example_dags/example_python_operator.py
[2024-06-16T13:06:11.523+0000] {logging_mixin.py:188} INFO - [2024-06-16T13:06:11.522+0000] {dag.py:3096} INFO - Sync 1 DAGs
[2024-06-16T13:06:11.542+0000] {logging_mixin.py:188} INFO - [2024-06-16T13:06:11.541+0000] {dag.py:3954} INFO - Setting next_dagrun for example_python_operator to None, run_after=None
[2024-06-16T13:06:11.569+0000] {processor.py:183} INFO - Processing /home/airflow/.local/lib/python3.12/site-packages/airflow/example_dags/example_python_operator.py took 0.102 seconds
