[2024-06-16T12:21:00.011+0000] {processor.py:161} INFO - Started process (PID=59) to work on /home/airflow/.local/lib/python3.12/site-packages/airflow/example_dags/example_sensors.py
[2024-06-16T12:21:00.017+0000] {processor.py:830} INFO - Processing file /home/airflow/.local/lib/python3.12/site-packages/airflow/example_dags/example_sensors.py for tasks to queue
[2024-06-16T12:21:00.025+0000] {logging_mixin.py:188} INFO - [2024-06-16T12:21:00.024+0000] {dagbag.py:545} INFO - Filling up the DagBag from /home/airflow/.local/lib/python3.12/site-packages/airflow/example_dags/example_sensors.py
[2024-06-16T12:21:00.170+0000] {processor.py:840} INFO - DAG(s) 'example_sensors' retrieved from /home/airflow/.local/lib/python3.12/site-packages/airflow/example_dags/example_sensors.py
[2024-06-16T12:21:01.179+0000] {logging_mixin.py:188} INFO - [2024-06-16T12:21:01.175+0000] {override.py:1829} INFO - Created Permission View: can edit on DAG:example_sensors
[2024-06-16T12:21:01.237+0000] {logging_mixin.py:188} INFO - [2024-06-16T12:21:01.236+0000] {override.py:1829} INFO - Created Permission View: can delete on DAG:example_sensors
[2024-06-16T12:21:01.304+0000] {logging_mixin.py:188} INFO - [2024-06-16T12:21:01.303+0000] {override.py:1829} INFO - Created Permission View: can read on DAG:example_sensors
[2024-06-16T12:21:01.305+0000] {logging_mixin.py:188} INFO - [2024-06-16T12:21:01.305+0000] {dag.py:3096} INFO - Sync 1 DAGs
[2024-06-16T12:21:01.382+0000] {logging_mixin.py:188} INFO - [2024-06-16T12:21:01.382+0000] {dag.py:3118} INFO - Creating ORM DAG for example_sensors
[2024-06-16T12:21:01.387+0000] {logging_mixin.py:188} INFO - [2024-06-16T12:21:01.385+0000] {dag.py:3954} INFO - Setting next_dagrun for example_sensors to None, run_after=None
[2024-06-16T12:21:01.503+0000] {processor.py:183} INFO - Processing /home/airflow/.local/lib/python3.12/site-packages/airflow/example_dags/example_sensors.py took 1.533 seconds
[2024-06-16T12:21:33.108+0000] {processor.py:161} INFO - Started process (PID=118) to work on /home/airflow/.local/lib/python3.12/site-packages/airflow/example_dags/example_sensors.py
[2024-06-16T12:21:33.120+0000] {processor.py:830} INFO - Processing file /home/airflow/.local/lib/python3.12/site-packages/airflow/example_dags/example_sensors.py for tasks to queue
[2024-06-16T12:21:33.138+0000] {logging_mixin.py:188} INFO - [2024-06-16T12:21:33.136+0000] {dagbag.py:545} INFO - Filling up the DagBag from /home/airflow/.local/lib/python3.12/site-packages/airflow/example_dags/example_sensors.py
[2024-06-16T12:21:33.251+0000] {processor.py:840} INFO - DAG(s) 'example_sensors' retrieved from /home/airflow/.local/lib/python3.12/site-packages/airflow/example_dags/example_sensors.py
[2024-06-16T12:21:33.320+0000] {logging_mixin.py:188} INFO - [2024-06-16T12:21:33.319+0000] {dag.py:3096} INFO - Sync 1 DAGs
[2024-06-16T12:21:33.346+0000] {logging_mixin.py:188} INFO - [2024-06-16T12:21:33.346+0000] {dag.py:3954} INFO - Setting next_dagrun for example_sensors to None, run_after=None
[2024-06-16T12:21:33.464+0000] {processor.py:183} INFO - Processing /home/airflow/.local/lib/python3.12/site-packages/airflow/example_dags/example_sensors.py took 0.589 seconds
[2024-06-16T12:22:04.005+0000] {processor.py:161} INFO - Started process (PID=176) to work on /home/airflow/.local/lib/python3.12/site-packages/airflow/example_dags/example_sensors.py
[2024-06-16T12:22:04.013+0000] {processor.py:830} INFO - Processing file /home/airflow/.local/lib/python3.12/site-packages/airflow/example_dags/example_sensors.py for tasks to queue
[2024-06-16T12:22:04.024+0000] {logging_mixin.py:188} INFO - [2024-06-16T12:22:04.023+0000] {dagbag.py:545} INFO - Filling up the DagBag from /home/airflow/.local/lib/python3.12/site-packages/airflow/example_dags/example_sensors.py
[2024-06-16T12:22:04.079+0000] {processor.py:840} INFO - DAG(s) 'example_sensors' retrieved from /home/airflow/.local/lib/python3.12/site-packages/airflow/example_dags/example_sensors.py
[2024-06-16T12:22:04.382+0000] {logging_mixin.py:188} INFO - [2024-06-16T12:22:04.381+0000] {dag.py:3096} INFO - Sync 1 DAGs
[2024-06-16T12:22:04.421+0000] {logging_mixin.py:188} INFO - [2024-06-16T12:22:04.419+0000] {dag.py:3954} INFO - Setting next_dagrun for example_sensors to None, run_after=None
[2024-06-16T12:22:04.500+0000] {processor.py:183} INFO - Processing /home/airflow/.local/lib/python3.12/site-packages/airflow/example_dags/example_sensors.py took 0.523 seconds
[2024-06-16T12:22:34.934+0000] {processor.py:161} INFO - Started process (PID=235) to work on /home/airflow/.local/lib/python3.12/site-packages/airflow/example_dags/example_sensors.py
[2024-06-16T12:22:34.947+0000] {processor.py:830} INFO - Processing file /home/airflow/.local/lib/python3.12/site-packages/airflow/example_dags/example_sensors.py for tasks to queue
[2024-06-16T12:22:34.957+0000] {logging_mixin.py:188} INFO - [2024-06-16T12:22:34.950+0000] {dagbag.py:545} INFO - Filling up the DagBag from /home/airflow/.local/lib/python3.12/site-packages/airflow/example_dags/example_sensors.py
[2024-06-16T12:22:35.055+0000] {processor.py:840} INFO - DAG(s) 'example_sensors' retrieved from /home/airflow/.local/lib/python3.12/site-packages/airflow/example_dags/example_sensors.py
[2024-06-16T12:22:35.306+0000] {logging_mixin.py:188} INFO - [2024-06-16T12:22:35.305+0000] {dag.py:3096} INFO - Sync 1 DAGs
[2024-06-16T12:22:35.362+0000] {logging_mixin.py:188} INFO - [2024-06-16T12:22:35.361+0000] {dag.py:3954} INFO - Setting next_dagrun for example_sensors to None, run_after=None
[2024-06-16T12:22:35.475+0000] {processor.py:183} INFO - Processing /home/airflow/.local/lib/python3.12/site-packages/airflow/example_dags/example_sensors.py took 0.569 seconds
[2024-06-16T12:23:05.668+0000] {processor.py:161} INFO - Started process (PID=295) to work on /home/airflow/.local/lib/python3.12/site-packages/airflow/example_dags/example_sensors.py
[2024-06-16T12:23:05.671+0000] {processor.py:830} INFO - Processing file /home/airflow/.local/lib/python3.12/site-packages/airflow/example_dags/example_sensors.py for tasks to queue
[2024-06-16T12:23:05.676+0000] {logging_mixin.py:188} INFO - [2024-06-16T12:23:05.675+0000] {dagbag.py:545} INFO - Filling up the DagBag from /home/airflow/.local/lib/python3.12/site-packages/airflow/example_dags/example_sensors.py
[2024-06-16T12:23:05.713+0000] {processor.py:840} INFO - DAG(s) 'example_sensors' retrieved from /home/airflow/.local/lib/python3.12/site-packages/airflow/example_dags/example_sensors.py
[2024-06-16T12:23:05.832+0000] {logging_mixin.py:188} INFO - [2024-06-16T12:23:05.832+0000] {dag.py:3096} INFO - Sync 1 DAGs
[2024-06-16T12:23:05.859+0000] {logging_mixin.py:188} INFO - [2024-06-16T12:23:05.858+0000] {dag.py:3954} INFO - Setting next_dagrun for example_sensors to None, run_after=None
[2024-06-16T12:23:05.900+0000] {processor.py:183} INFO - Processing /home/airflow/.local/lib/python3.12/site-packages/airflow/example_dags/example_sensors.py took 0.251 seconds
[2024-06-16T12:23:38.742+0000] {processor.py:161} INFO - Started process (PID=352) to work on /home/airflow/.local/lib/python3.12/site-packages/airflow/example_dags/example_sensors.py
[2024-06-16T12:23:38.750+0000] {processor.py:830} INFO - Processing file /home/airflow/.local/lib/python3.12/site-packages/airflow/example_dags/example_sensors.py for tasks to queue
[2024-06-16T12:23:38.753+0000] {logging_mixin.py:188} INFO - [2024-06-16T12:23:38.752+0000] {dagbag.py:545} INFO - Filling up the DagBag from /home/airflow/.local/lib/python3.12/site-packages/airflow/example_dags/example_sensors.py
[2024-06-16T12:23:38.795+0000] {processor.py:840} INFO - DAG(s) 'example_sensors' retrieved from /home/airflow/.local/lib/python3.12/site-packages/airflow/example_dags/example_sensors.py
[2024-06-16T12:23:38.937+0000] {logging_mixin.py:188} INFO - [2024-06-16T12:23:38.937+0000] {dag.py:3096} INFO - Sync 1 DAGs
[2024-06-16T12:23:39.119+0000] {logging_mixin.py:188} INFO - [2024-06-16T12:23:39.118+0000] {dag.py:3954} INFO - Setting next_dagrun for example_sensors to None, run_after=None
[2024-06-16T12:23:39.299+0000] {processor.py:183} INFO - Processing /home/airflow/.local/lib/python3.12/site-packages/airflow/example_dags/example_sensors.py took 0.583 seconds
[2024-06-16T12:24:09.426+0000] {processor.py:161} INFO - Started process (PID=410) to work on /home/airflow/.local/lib/python3.12/site-packages/airflow/example_dags/example_sensors.py
[2024-06-16T12:24:09.428+0000] {processor.py:830} INFO - Processing file /home/airflow/.local/lib/python3.12/site-packages/airflow/example_dags/example_sensors.py for tasks to queue
[2024-06-16T12:24:09.432+0000] {logging_mixin.py:188} INFO - [2024-06-16T12:24:09.431+0000] {dagbag.py:545} INFO - Filling up the DagBag from /home/airflow/.local/lib/python3.12/site-packages/airflow/example_dags/example_sensors.py
[2024-06-16T12:24:09.457+0000] {processor.py:840} INFO - DAG(s) 'example_sensors' retrieved from /home/airflow/.local/lib/python3.12/site-packages/airflow/example_dags/example_sensors.py
[2024-06-16T12:24:09.551+0000] {logging_mixin.py:188} INFO - [2024-06-16T12:24:09.551+0000] {dag.py:3096} INFO - Sync 1 DAGs
[2024-06-16T12:24:09.592+0000] {logging_mixin.py:188} INFO - [2024-06-16T12:24:09.587+0000] {dag.py:3954} INFO - Setting next_dagrun for example_sensors to None, run_after=None
[2024-06-16T12:24:09.647+0000] {processor.py:183} INFO - Processing /home/airflow/.local/lib/python3.12/site-packages/airflow/example_dags/example_sensors.py took 0.237 seconds
[2024-06-16T12:24:40.420+0000] {processor.py:161} INFO - Started process (PID=469) to work on /home/airflow/.local/lib/python3.12/site-packages/airflow/example_dags/example_sensors.py
[2024-06-16T12:24:40.423+0000] {processor.py:830} INFO - Processing file /home/airflow/.local/lib/python3.12/site-packages/airflow/example_dags/example_sensors.py for tasks to queue
[2024-06-16T12:24:40.426+0000] {logging_mixin.py:188} INFO - [2024-06-16T12:24:40.426+0000] {dagbag.py:545} INFO - Filling up the DagBag from /home/airflow/.local/lib/python3.12/site-packages/airflow/example_dags/example_sensors.py
[2024-06-16T12:24:40.486+0000] {processor.py:840} INFO - DAG(s) 'example_sensors' retrieved from /home/airflow/.local/lib/python3.12/site-packages/airflow/example_dags/example_sensors.py
[2024-06-16T12:24:40.550+0000] {logging_mixin.py:188} INFO - [2024-06-16T12:24:40.550+0000] {dag.py:3096} INFO - Sync 1 DAGs
[2024-06-16T12:24:40.584+0000] {logging_mixin.py:188} INFO - [2024-06-16T12:24:40.584+0000] {dag.py:3954} INFO - Setting next_dagrun for example_sensors to None, run_after=None
[2024-06-16T12:24:40.631+0000] {processor.py:183} INFO - Processing /home/airflow/.local/lib/python3.12/site-packages/airflow/example_dags/example_sensors.py took 0.222 seconds
[2024-06-16T12:45:03.054+0000] {processor.py:161} INFO - Started process (PID=63) to work on /home/airflow/.local/lib/python3.12/site-packages/airflow/example_dags/example_sensors.py
[2024-06-16T12:45:03.056+0000] {processor.py:830} INFO - Processing file /home/airflow/.local/lib/python3.12/site-packages/airflow/example_dags/example_sensors.py for tasks to queue
[2024-06-16T12:45:03.059+0000] {logging_mixin.py:188} INFO - [2024-06-16T12:45:03.058+0000] {dagbag.py:545} INFO - Filling up the DagBag from /home/airflow/.local/lib/python3.12/site-packages/airflow/example_dags/example_sensors.py
[2024-06-16T12:45:03.081+0000] {processor.py:840} INFO - DAG(s) 'example_sensors' retrieved from /home/airflow/.local/lib/python3.12/site-packages/airflow/example_dags/example_sensors.py
[2024-06-16T12:45:03.395+0000] {logging_mixin.py:188} INFO - [2024-06-16T12:45:03.394+0000] {override.py:1829} INFO - Created Permission View: can read on DAG:example_sensors
[2024-06-16T12:45:03.428+0000] {logging_mixin.py:188} INFO - [2024-06-16T12:45:03.428+0000] {override.py:1829} INFO - Created Permission View: can delete on DAG:example_sensors
[2024-06-16T12:45:03.446+0000] {logging_mixin.py:188} INFO - [2024-06-16T12:45:03.445+0000] {override.py:1829} INFO - Created Permission View: can edit on DAG:example_sensors
[2024-06-16T12:45:03.447+0000] {logging_mixin.py:188} INFO - [2024-06-16T12:45:03.446+0000] {dag.py:3096} INFO - Sync 1 DAGs
[2024-06-16T12:45:03.483+0000] {logging_mixin.py:188} INFO - [2024-06-16T12:45:03.483+0000] {dag.py:3118} INFO - Creating ORM DAG for example_sensors
[2024-06-16T12:45:03.484+0000] {logging_mixin.py:188} INFO - [2024-06-16T12:45:03.484+0000] {dag.py:3954} INFO - Setting next_dagrun for example_sensors to None, run_after=None
[2024-06-16T12:45:03.521+0000] {processor.py:183} INFO - Processing /home/airflow/.local/lib/python3.12/site-packages/airflow/example_dags/example_sensors.py took 0.479 seconds
[2024-06-16T12:45:34.388+0000] {processor.py:161} INFO - Started process (PID=122) to work on /home/airflow/.local/lib/python3.12/site-packages/airflow/example_dags/example_sensors.py
[2024-06-16T12:45:34.389+0000] {processor.py:830} INFO - Processing file /home/airflow/.local/lib/python3.12/site-packages/airflow/example_dags/example_sensors.py for tasks to queue
[2024-06-16T12:45:34.392+0000] {logging_mixin.py:188} INFO - [2024-06-16T12:45:34.391+0000] {dagbag.py:545} INFO - Filling up the DagBag from /home/airflow/.local/lib/python3.12/site-packages/airflow/example_dags/example_sensors.py
[2024-06-16T12:45:34.402+0000] {processor.py:840} INFO - DAG(s) 'example_sensors' retrieved from /home/airflow/.local/lib/python3.12/site-packages/airflow/example_dags/example_sensors.py
[2024-06-16T12:45:34.448+0000] {logging_mixin.py:188} INFO - [2024-06-16T12:45:34.447+0000] {dag.py:3096} INFO - Sync 1 DAGs
[2024-06-16T12:45:34.470+0000] {logging_mixin.py:188} INFO - [2024-06-16T12:45:34.469+0000] {dag.py:3954} INFO - Setting next_dagrun for example_sensors to None, run_after=None
[2024-06-16T12:45:34.501+0000] {processor.py:183} INFO - Processing /home/airflow/.local/lib/python3.12/site-packages/airflow/example_dags/example_sensors.py took 0.119 seconds
[2024-06-16T12:46:04.801+0000] {processor.py:161} INFO - Started process (PID=181) to work on /home/airflow/.local/lib/python3.12/site-packages/airflow/example_dags/example_sensors.py
[2024-06-16T12:46:04.802+0000] {processor.py:830} INFO - Processing file /home/airflow/.local/lib/python3.12/site-packages/airflow/example_dags/example_sensors.py for tasks to queue
[2024-06-16T12:46:04.804+0000] {logging_mixin.py:188} INFO - [2024-06-16T12:46:04.803+0000] {dagbag.py:545} INFO - Filling up the DagBag from /home/airflow/.local/lib/python3.12/site-packages/airflow/example_dags/example_sensors.py
[2024-06-16T12:46:04.814+0000] {processor.py:840} INFO - DAG(s) 'example_sensors' retrieved from /home/airflow/.local/lib/python3.12/site-packages/airflow/example_dags/example_sensors.py
[2024-06-16T12:46:04.851+0000] {logging_mixin.py:188} INFO - [2024-06-16T12:46:04.850+0000] {dag.py:3096} INFO - Sync 1 DAGs
[2024-06-16T12:46:04.866+0000] {logging_mixin.py:188} INFO - [2024-06-16T12:46:04.866+0000] {dag.py:3954} INFO - Setting next_dagrun for example_sensors to None, run_after=None
[2024-06-16T12:46:04.894+0000] {processor.py:183} INFO - Processing /home/airflow/.local/lib/python3.12/site-packages/airflow/example_dags/example_sensors.py took 0.099 seconds
[2024-06-16T12:46:35.359+0000] {processor.py:161} INFO - Started process (PID=240) to work on /home/airflow/.local/lib/python3.12/site-packages/airflow/example_dags/example_sensors.py
[2024-06-16T12:46:35.360+0000] {processor.py:830} INFO - Processing file /home/airflow/.local/lib/python3.12/site-packages/airflow/example_dags/example_sensors.py for tasks to queue
[2024-06-16T12:46:35.366+0000] {logging_mixin.py:188} INFO - [2024-06-16T12:46:35.364+0000] {dagbag.py:545} INFO - Filling up the DagBag from /home/airflow/.local/lib/python3.12/site-packages/airflow/example_dags/example_sensors.py
[2024-06-16T12:46:35.391+0000] {processor.py:840} INFO - DAG(s) 'example_sensors' retrieved from /home/airflow/.local/lib/python3.12/site-packages/airflow/example_dags/example_sensors.py
[2024-06-16T12:46:35.496+0000] {logging_mixin.py:188} INFO - [2024-06-16T12:46:35.496+0000] {dag.py:3096} INFO - Sync 1 DAGs
[2024-06-16T12:46:35.552+0000] {logging_mixin.py:188} INFO - [2024-06-16T12:46:35.551+0000] {dag.py:3954} INFO - Setting next_dagrun for example_sensors to None, run_after=None
[2024-06-16T12:46:35.623+0000] {processor.py:183} INFO - Processing /home/airflow/.local/lib/python3.12/site-packages/airflow/example_dags/example_sensors.py took 0.278 seconds
[2024-06-16T12:47:30.995+0000] {processor.py:161} INFO - Started process (PID=299) to work on /home/airflow/.local/lib/python3.12/site-packages/airflow/example_dags/example_sensors.py
[2024-06-16T12:47:30.997+0000] {processor.py:830} INFO - Processing file /home/airflow/.local/lib/python3.12/site-packages/airflow/example_dags/example_sensors.py for tasks to queue
[2024-06-16T12:47:31.000+0000] {logging_mixin.py:188} INFO - [2024-06-16T12:47:31.000+0000] {dagbag.py:545} INFO - Filling up the DagBag from /home/airflow/.local/lib/python3.12/site-packages/airflow/example_dags/example_sensors.py
[2024-06-16T12:47:31.021+0000] {processor.py:840} INFO - DAG(s) 'example_sensors' retrieved from /home/airflow/.local/lib/python3.12/site-packages/airflow/example_dags/example_sensors.py
[2024-06-16T12:47:31.081+0000] {logging_mixin.py:188} INFO - [2024-06-16T12:47:31.081+0000] {dag.py:3096} INFO - Sync 1 DAGs
[2024-06-16T12:47:31.117+0000] {logging_mixin.py:188} INFO - [2024-06-16T12:47:31.117+0000] {dag.py:3954} INFO - Setting next_dagrun for example_sensors to None, run_after=None
[2024-06-16T12:47:31.160+0000] {processor.py:183} INFO - Processing /home/airflow/.local/lib/python3.12/site-packages/airflow/example_dags/example_sensors.py took 0.176 seconds
[2024-06-16T12:48:01.443+0000] {processor.py:161} INFO - Started process (PID=358) to work on /home/airflow/.local/lib/python3.12/site-packages/airflow/example_dags/example_sensors.py
[2024-06-16T12:48:01.444+0000] {processor.py:830} INFO - Processing file /home/airflow/.local/lib/python3.12/site-packages/airflow/example_dags/example_sensors.py for tasks to queue
[2024-06-16T12:48:01.447+0000] {logging_mixin.py:188} INFO - [2024-06-16T12:48:01.446+0000] {dagbag.py:545} INFO - Filling up the DagBag from /home/airflow/.local/lib/python3.12/site-packages/airflow/example_dags/example_sensors.py
[2024-06-16T12:48:01.468+0000] {processor.py:840} INFO - DAG(s) 'example_sensors' retrieved from /home/airflow/.local/lib/python3.12/site-packages/airflow/example_dags/example_sensors.py
[2024-06-16T12:48:01.520+0000] {logging_mixin.py:188} INFO - [2024-06-16T12:48:01.519+0000] {dag.py:3096} INFO - Sync 1 DAGs
[2024-06-16T12:48:01.549+0000] {logging_mixin.py:188} INFO - [2024-06-16T12:48:01.548+0000] {dag.py:3954} INFO - Setting next_dagrun for example_sensors to None, run_after=None
[2024-06-16T12:48:01.583+0000] {processor.py:183} INFO - Processing /home/airflow/.local/lib/python3.12/site-packages/airflow/example_dags/example_sensors.py took 0.149 seconds
[2024-06-16T12:48:37.009+0000] {processor.py:161} INFO - Started process (PID=417) to work on /home/airflow/.local/lib/python3.12/site-packages/airflow/example_dags/example_sensors.py
[2024-06-16T12:48:37.010+0000] {processor.py:830} INFO - Processing file /home/airflow/.local/lib/python3.12/site-packages/airflow/example_dags/example_sensors.py for tasks to queue
[2024-06-16T12:48:37.013+0000] {logging_mixin.py:188} INFO - [2024-06-16T12:48:37.013+0000] {dagbag.py:545} INFO - Filling up the DagBag from /home/airflow/.local/lib/python3.12/site-packages/airflow/example_dags/example_sensors.py
[2024-06-16T12:48:37.046+0000] {processor.py:840} INFO - DAG(s) 'example_sensors' retrieved from /home/airflow/.local/lib/python3.12/site-packages/airflow/example_dags/example_sensors.py
[2024-06-16T12:48:37.119+0000] {logging_mixin.py:188} INFO - [2024-06-16T12:48:37.119+0000] {dag.py:3096} INFO - Sync 1 DAGs
[2024-06-16T12:48:37.150+0000] {logging_mixin.py:188} INFO - [2024-06-16T12:48:37.149+0000] {dag.py:3954} INFO - Setting next_dagrun for example_sensors to None, run_after=None
[2024-06-16T12:48:37.189+0000] {processor.py:183} INFO - Processing /home/airflow/.local/lib/python3.12/site-packages/airflow/example_dags/example_sensors.py took 0.193 seconds
[2024-06-16T12:49:13.777+0000] {processor.py:161} INFO - Started process (PID=476) to work on /home/airflow/.local/lib/python3.12/site-packages/airflow/example_dags/example_sensors.py
[2024-06-16T12:49:13.779+0000] {processor.py:830} INFO - Processing file /home/airflow/.local/lib/python3.12/site-packages/airflow/example_dags/example_sensors.py for tasks to queue
[2024-06-16T12:49:13.784+0000] {logging_mixin.py:188} INFO - [2024-06-16T12:49:13.783+0000] {dagbag.py:545} INFO - Filling up the DagBag from /home/airflow/.local/lib/python3.12/site-packages/airflow/example_dags/example_sensors.py
[2024-06-16T12:49:13.812+0000] {processor.py:840} INFO - DAG(s) 'example_sensors' retrieved from /home/airflow/.local/lib/python3.12/site-packages/airflow/example_dags/example_sensors.py
[2024-06-16T12:49:13.895+0000] {logging_mixin.py:188} INFO - [2024-06-16T12:49:13.894+0000] {dag.py:3096} INFO - Sync 1 DAGs
[2024-06-16T12:49:13.934+0000] {logging_mixin.py:188} INFO - [2024-06-16T12:49:13.934+0000] {dag.py:3954} INFO - Setting next_dagrun for example_sensors to None, run_after=None
[2024-06-16T12:49:14.009+0000] {processor.py:183} INFO - Processing /home/airflow/.local/lib/python3.12/site-packages/airflow/example_dags/example_sensors.py took 0.266 seconds
[2024-06-16T12:49:59.600+0000] {processor.py:161} INFO - Started process (PID=521) to work on /home/airflow/.local/lib/python3.12/site-packages/airflow/example_dags/example_sensors.py
[2024-06-16T12:49:59.616+0000] {processor.py:830} INFO - Processing file /home/airflow/.local/lib/python3.12/site-packages/airflow/example_dags/example_sensors.py for tasks to queue
[2024-06-16T12:49:59.644+0000] {logging_mixin.py:188} INFO - [2024-06-16T12:49:59.630+0000] {dagbag.py:545} INFO - Filling up the DagBag from /home/airflow/.local/lib/python3.12/site-packages/airflow/example_dags/example_sensors.py
[2024-06-16T12:49:59.735+0000] {processor.py:840} INFO - DAG(s) 'example_sensors' retrieved from /home/airflow/.local/lib/python3.12/site-packages/airflow/example_dags/example_sensors.py
[2024-06-16T12:50:00.383+0000] {logging_mixin.py:188} INFO - [2024-06-16T12:50:00.375+0000] {dag.py:3096} INFO - Sync 1 DAGs
[2024-06-16T12:50:00.485+0000] {logging_mixin.py:188} INFO - [2024-06-16T12:50:00.485+0000] {dag.py:3954} INFO - Setting next_dagrun for example_sensors to None, run_after=None
[2024-06-16T12:50:00.595+0000] {processor.py:183} INFO - Processing /home/airflow/.local/lib/python3.12/site-packages/airflow/example_dags/example_sensors.py took 1.098 seconds
[2024-06-16T12:50:51.741+0000] {processor.py:161} INFO - Started process (PID=580) to work on /home/airflow/.local/lib/python3.12/site-packages/airflow/example_dags/example_sensors.py
[2024-06-16T12:50:51.746+0000] {processor.py:830} INFO - Processing file /home/airflow/.local/lib/python3.12/site-packages/airflow/example_dags/example_sensors.py for tasks to queue
[2024-06-16T12:50:51.751+0000] {logging_mixin.py:188} INFO - [2024-06-16T12:50:51.750+0000] {dagbag.py:545} INFO - Filling up the DagBag from /home/airflow/.local/lib/python3.12/site-packages/airflow/example_dags/example_sensors.py
[2024-06-16T12:50:51.770+0000] {processor.py:840} INFO - DAG(s) 'example_sensors' retrieved from /home/airflow/.local/lib/python3.12/site-packages/airflow/example_dags/example_sensors.py
[2024-06-16T12:50:51.829+0000] {logging_mixin.py:188} INFO - [2024-06-16T12:50:51.829+0000] {dag.py:3096} INFO - Sync 1 DAGs
[2024-06-16T12:50:51.857+0000] {logging_mixin.py:188} INFO - [2024-06-16T12:50:51.857+0000] {dag.py:3954} INFO - Setting next_dagrun for example_sensors to None, run_after=None
[2024-06-16T12:50:51.902+0000] {processor.py:183} INFO - Processing /home/airflow/.local/lib/python3.12/site-packages/airflow/example_dags/example_sensors.py took 0.172 seconds
[2024-06-16T12:51:23.786+0000] {processor.py:161} INFO - Started process (PID=639) to work on /home/airflow/.local/lib/python3.12/site-packages/airflow/example_dags/example_sensors.py
[2024-06-16T12:51:23.787+0000] {processor.py:830} INFO - Processing file /home/airflow/.local/lib/python3.12/site-packages/airflow/example_dags/example_sensors.py for tasks to queue
[2024-06-16T12:51:23.790+0000] {logging_mixin.py:188} INFO - [2024-06-16T12:51:23.790+0000] {dagbag.py:545} INFO - Filling up the DagBag from /home/airflow/.local/lib/python3.12/site-packages/airflow/example_dags/example_sensors.py
[2024-06-16T12:51:23.829+0000] {processor.py:840} INFO - DAG(s) 'example_sensors' retrieved from /home/airflow/.local/lib/python3.12/site-packages/airflow/example_dags/example_sensors.py
[2024-06-16T12:51:23.928+0000] {logging_mixin.py:188} INFO - [2024-06-16T12:51:23.927+0000] {dag.py:3096} INFO - Sync 1 DAGs
[2024-06-16T12:51:23.965+0000] {logging_mixin.py:188} INFO - [2024-06-16T12:51:23.964+0000] {dag.py:3954} INFO - Setting next_dagrun for example_sensors to None, run_after=None
[2024-06-16T12:51:24.024+0000] {processor.py:183} INFO - Processing /home/airflow/.local/lib/python3.12/site-packages/airflow/example_dags/example_sensors.py took 0.251 seconds
[2024-06-16T12:51:54.486+0000] {processor.py:161} INFO - Started process (PID=698) to work on /home/airflow/.local/lib/python3.12/site-packages/airflow/example_dags/example_sensors.py
[2024-06-16T12:51:54.487+0000] {processor.py:830} INFO - Processing file /home/airflow/.local/lib/python3.12/site-packages/airflow/example_dags/example_sensors.py for tasks to queue
[2024-06-16T12:51:54.490+0000] {logging_mixin.py:188} INFO - [2024-06-16T12:51:54.489+0000] {dagbag.py:545} INFO - Filling up the DagBag from /home/airflow/.local/lib/python3.12/site-packages/airflow/example_dags/example_sensors.py
[2024-06-16T12:51:54.507+0000] {processor.py:840} INFO - DAG(s) 'example_sensors' retrieved from /home/airflow/.local/lib/python3.12/site-packages/airflow/example_dags/example_sensors.py
[2024-06-16T12:51:54.565+0000] {logging_mixin.py:188} INFO - [2024-06-16T12:51:54.564+0000] {dag.py:3096} INFO - Sync 1 DAGs
[2024-06-16T12:51:54.589+0000] {logging_mixin.py:188} INFO - [2024-06-16T12:51:54.588+0000] {dag.py:3954} INFO - Setting next_dagrun for example_sensors to None, run_after=None
[2024-06-16T12:51:54.630+0000] {processor.py:183} INFO - Processing /home/airflow/.local/lib/python3.12/site-packages/airflow/example_dags/example_sensors.py took 0.155 seconds
[2024-06-16T12:52:24.731+0000] {processor.py:161} INFO - Started process (PID=757) to work on /home/airflow/.local/lib/python3.12/site-packages/airflow/example_dags/example_sensors.py
[2024-06-16T12:52:24.732+0000] {processor.py:830} INFO - Processing file /home/airflow/.local/lib/python3.12/site-packages/airflow/example_dags/example_sensors.py for tasks to queue
[2024-06-16T12:52:24.735+0000] {logging_mixin.py:188} INFO - [2024-06-16T12:52:24.734+0000] {dagbag.py:545} INFO - Filling up the DagBag from /home/airflow/.local/lib/python3.12/site-packages/airflow/example_dags/example_sensors.py
[2024-06-16T12:52:24.753+0000] {processor.py:840} INFO - DAG(s) 'example_sensors' retrieved from /home/airflow/.local/lib/python3.12/site-packages/airflow/example_dags/example_sensors.py
[2024-06-16T12:52:24.790+0000] {logging_mixin.py:188} INFO - [2024-06-16T12:52:24.790+0000] {dag.py:3096} INFO - Sync 1 DAGs
[2024-06-16T12:52:24.808+0000] {logging_mixin.py:188} INFO - [2024-06-16T12:52:24.807+0000] {dag.py:3954} INFO - Setting next_dagrun for example_sensors to None, run_after=None
[2024-06-16T12:52:24.837+0000] {processor.py:183} INFO - Processing /home/airflow/.local/lib/python3.12/site-packages/airflow/example_dags/example_sensors.py took 0.116 seconds
[2024-06-16T12:52:54.994+0000] {processor.py:161} INFO - Started process (PID=817) to work on /home/airflow/.local/lib/python3.12/site-packages/airflow/example_dags/example_sensors.py
[2024-06-16T12:52:54.995+0000] {processor.py:830} INFO - Processing file /home/airflow/.local/lib/python3.12/site-packages/airflow/example_dags/example_sensors.py for tasks to queue
[2024-06-16T12:52:54.997+0000] {logging_mixin.py:188} INFO - [2024-06-16T12:52:54.997+0000] {dagbag.py:545} INFO - Filling up the DagBag from /home/airflow/.local/lib/python3.12/site-packages/airflow/example_dags/example_sensors.py
[2024-06-16T12:52:55.009+0000] {processor.py:840} INFO - DAG(s) 'example_sensors' retrieved from /home/airflow/.local/lib/python3.12/site-packages/airflow/example_dags/example_sensors.py
[2024-06-16T12:52:55.043+0000] {logging_mixin.py:188} INFO - [2024-06-16T12:52:55.042+0000] {dag.py:3096} INFO - Sync 1 DAGs
[2024-06-16T12:52:55.058+0000] {logging_mixin.py:188} INFO - [2024-06-16T12:52:55.058+0000] {dag.py:3954} INFO - Setting next_dagrun for example_sensors to None, run_after=None
[2024-06-16T12:52:55.083+0000] {processor.py:183} INFO - Processing /home/airflow/.local/lib/python3.12/site-packages/airflow/example_dags/example_sensors.py took 0.096 seconds
[2024-06-16T12:53:25.534+0000] {processor.py:161} INFO - Started process (PID=875) to work on /home/airflow/.local/lib/python3.12/site-packages/airflow/example_dags/example_sensors.py
[2024-06-16T12:53:25.535+0000] {processor.py:830} INFO - Processing file /home/airflow/.local/lib/python3.12/site-packages/airflow/example_dags/example_sensors.py for tasks to queue
[2024-06-16T12:53:25.536+0000] {logging_mixin.py:188} INFO - [2024-06-16T12:53:25.536+0000] {dagbag.py:545} INFO - Filling up the DagBag from /home/airflow/.local/lib/python3.12/site-packages/airflow/example_dags/example_sensors.py
[2024-06-16T12:53:25.548+0000] {processor.py:840} INFO - DAG(s) 'example_sensors' retrieved from /home/airflow/.local/lib/python3.12/site-packages/airflow/example_dags/example_sensors.py
[2024-06-16T12:53:25.578+0000] {logging_mixin.py:188} INFO - [2024-06-16T12:53:25.578+0000] {dag.py:3096} INFO - Sync 1 DAGs
[2024-06-16T12:53:25.592+0000] {logging_mixin.py:188} INFO - [2024-06-16T12:53:25.592+0000] {dag.py:3954} INFO - Setting next_dagrun for example_sensors to None, run_after=None
[2024-06-16T12:53:25.615+0000] {processor.py:183} INFO - Processing /home/airflow/.local/lib/python3.12/site-packages/airflow/example_dags/example_sensors.py took 0.087 seconds
[2024-06-16T12:53:55.918+0000] {processor.py:161} INFO - Started process (PID=934) to work on /home/airflow/.local/lib/python3.12/site-packages/airflow/example_dags/example_sensors.py
[2024-06-16T12:53:55.919+0000] {processor.py:830} INFO - Processing file /home/airflow/.local/lib/python3.12/site-packages/airflow/example_dags/example_sensors.py for tasks to queue
[2024-06-16T12:53:55.920+0000] {logging_mixin.py:188} INFO - [2024-06-16T12:53:55.920+0000] {dagbag.py:545} INFO - Filling up the DagBag from /home/airflow/.local/lib/python3.12/site-packages/airflow/example_dags/example_sensors.py
[2024-06-16T12:53:55.937+0000] {processor.py:840} INFO - DAG(s) 'example_sensors' retrieved from /home/airflow/.local/lib/python3.12/site-packages/airflow/example_dags/example_sensors.py
[2024-06-16T12:53:55.985+0000] {logging_mixin.py:188} INFO - [2024-06-16T12:53:55.984+0000] {dag.py:3096} INFO - Sync 1 DAGs
[2024-06-16T12:53:56.008+0000] {logging_mixin.py:188} INFO - [2024-06-16T12:53:56.007+0000] {dag.py:3954} INFO - Setting next_dagrun for example_sensors to None, run_after=None
[2024-06-16T12:53:56.039+0000] {processor.py:183} INFO - Processing /home/airflow/.local/lib/python3.12/site-packages/airflow/example_dags/example_sensors.py took 0.131 seconds
[2024-06-16T12:54:26.453+0000] {processor.py:161} INFO - Started process (PID=993) to work on /home/airflow/.local/lib/python3.12/site-packages/airflow/example_dags/example_sensors.py
[2024-06-16T12:54:26.454+0000] {processor.py:830} INFO - Processing file /home/airflow/.local/lib/python3.12/site-packages/airflow/example_dags/example_sensors.py for tasks to queue
[2024-06-16T12:54:26.456+0000] {logging_mixin.py:188} INFO - [2024-06-16T12:54:26.455+0000] {dagbag.py:545} INFO - Filling up the DagBag from /home/airflow/.local/lib/python3.12/site-packages/airflow/example_dags/example_sensors.py
[2024-06-16T12:54:26.475+0000] {processor.py:840} INFO - DAG(s) 'example_sensors' retrieved from /home/airflow/.local/lib/python3.12/site-packages/airflow/example_dags/example_sensors.py
[2024-06-16T12:54:26.535+0000] {logging_mixin.py:188} INFO - [2024-06-16T12:54:26.535+0000] {dag.py:3096} INFO - Sync 1 DAGs
[2024-06-16T12:54:26.563+0000] {logging_mixin.py:188} INFO - [2024-06-16T12:54:26.563+0000] {dag.py:3954} INFO - Setting next_dagrun for example_sensors to None, run_after=None
[2024-06-16T12:54:26.607+0000] {processor.py:183} INFO - Processing /home/airflow/.local/lib/python3.12/site-packages/airflow/example_dags/example_sensors.py took 0.164 seconds
[2024-06-16T12:54:57.518+0000] {processor.py:161} INFO - Started process (PID=1052) to work on /home/airflow/.local/lib/python3.12/site-packages/airflow/example_dags/example_sensors.py
[2024-06-16T12:54:57.519+0000] {processor.py:830} INFO - Processing file /home/airflow/.local/lib/python3.12/site-packages/airflow/example_dags/example_sensors.py for tasks to queue
[2024-06-16T12:54:57.520+0000] {logging_mixin.py:188} INFO - [2024-06-16T12:54:57.520+0000] {dagbag.py:545} INFO - Filling up the DagBag from /home/airflow/.local/lib/python3.12/site-packages/airflow/example_dags/example_sensors.py
[2024-06-16T12:54:57.535+0000] {processor.py:840} INFO - DAG(s) 'example_sensors' retrieved from /home/airflow/.local/lib/python3.12/site-packages/airflow/example_dags/example_sensors.py
[2024-06-16T12:54:57.571+0000] {logging_mixin.py:188} INFO - [2024-06-16T12:54:57.570+0000] {dag.py:3096} INFO - Sync 1 DAGs
[2024-06-16T12:54:57.586+0000] {logging_mixin.py:188} INFO - [2024-06-16T12:54:57.585+0000] {dag.py:3954} INFO - Setting next_dagrun for example_sensors to None, run_after=None
[2024-06-16T12:54:57.608+0000] {processor.py:183} INFO - Processing /home/airflow/.local/lib/python3.12/site-packages/airflow/example_dags/example_sensors.py took 0.099 seconds
[2024-06-16T12:55:27.792+0000] {processor.py:161} INFO - Started process (PID=1111) to work on /home/airflow/.local/lib/python3.12/site-packages/airflow/example_dags/example_sensors.py
[2024-06-16T12:55:27.793+0000] {processor.py:830} INFO - Processing file /home/airflow/.local/lib/python3.12/site-packages/airflow/example_dags/example_sensors.py for tasks to queue
[2024-06-16T12:55:27.794+0000] {logging_mixin.py:188} INFO - [2024-06-16T12:55:27.793+0000] {dagbag.py:545} INFO - Filling up the DagBag from /home/airflow/.local/lib/python3.12/site-packages/airflow/example_dags/example_sensors.py
[2024-06-16T12:55:27.807+0000] {processor.py:840} INFO - DAG(s) 'example_sensors' retrieved from /home/airflow/.local/lib/python3.12/site-packages/airflow/example_dags/example_sensors.py
[2024-06-16T12:55:27.853+0000] {logging_mixin.py:188} INFO - [2024-06-16T12:55:27.853+0000] {dag.py:3096} INFO - Sync 1 DAGs
[2024-06-16T12:55:27.871+0000] {logging_mixin.py:188} INFO - [2024-06-16T12:55:27.870+0000] {dag.py:3954} INFO - Setting next_dagrun for example_sensors to None, run_after=None
[2024-06-16T12:55:27.898+0000] {processor.py:183} INFO - Processing /home/airflow/.local/lib/python3.12/site-packages/airflow/example_dags/example_sensors.py took 0.114 seconds
[2024-06-16T12:55:58.161+0000] {processor.py:161} INFO - Started process (PID=1169) to work on /home/airflow/.local/lib/python3.12/site-packages/airflow/example_dags/example_sensors.py
[2024-06-16T12:55:58.166+0000] {processor.py:830} INFO - Processing file /home/airflow/.local/lib/python3.12/site-packages/airflow/example_dags/example_sensors.py for tasks to queue
[2024-06-16T12:55:58.168+0000] {logging_mixin.py:188} INFO - [2024-06-16T12:55:58.167+0000] {dagbag.py:545} INFO - Filling up the DagBag from /home/airflow/.local/lib/python3.12/site-packages/airflow/example_dags/example_sensors.py
[2024-06-16T12:55:58.195+0000] {processor.py:840} INFO - DAG(s) 'example_sensors' retrieved from /home/airflow/.local/lib/python3.12/site-packages/airflow/example_dags/example_sensors.py
[2024-06-16T12:55:58.254+0000] {logging_mixin.py:188} INFO - [2024-06-16T12:55:58.254+0000] {dag.py:3096} INFO - Sync 1 DAGs
[2024-06-16T12:55:58.279+0000] {logging_mixin.py:188} INFO - [2024-06-16T12:55:58.278+0000] {dag.py:3954} INFO - Setting next_dagrun for example_sensors to None, run_after=None
[2024-06-16T12:55:58.319+0000] {processor.py:183} INFO - Processing /home/airflow/.local/lib/python3.12/site-packages/airflow/example_dags/example_sensors.py took 0.179 seconds
[2024-06-16T12:56:28.375+0000] {processor.py:161} INFO - Started process (PID=1227) to work on /home/airflow/.local/lib/python3.12/site-packages/airflow/example_dags/example_sensors.py
[2024-06-16T12:56:28.376+0000] {processor.py:830} INFO - Processing file /home/airflow/.local/lib/python3.12/site-packages/airflow/example_dags/example_sensors.py for tasks to queue
[2024-06-16T12:56:28.377+0000] {logging_mixin.py:188} INFO - [2024-06-16T12:56:28.376+0000] {dagbag.py:545} INFO - Filling up the DagBag from /home/airflow/.local/lib/python3.12/site-packages/airflow/example_dags/example_sensors.py
[2024-06-16T12:56:28.392+0000] {processor.py:840} INFO - DAG(s) 'example_sensors' retrieved from /home/airflow/.local/lib/python3.12/site-packages/airflow/example_dags/example_sensors.py
[2024-06-16T12:56:28.426+0000] {logging_mixin.py:188} INFO - [2024-06-16T12:56:28.426+0000] {dag.py:3096} INFO - Sync 1 DAGs
[2024-06-16T12:56:28.447+0000] {logging_mixin.py:188} INFO - [2024-06-16T12:56:28.447+0000] {dag.py:3954} INFO - Setting next_dagrun for example_sensors to None, run_after=None
[2024-06-16T12:56:28.475+0000] {processor.py:183} INFO - Processing /home/airflow/.local/lib/python3.12/site-packages/airflow/example_dags/example_sensors.py took 0.109 seconds
[2024-06-16T12:56:59.172+0000] {processor.py:161} INFO - Started process (PID=1285) to work on /home/airflow/.local/lib/python3.12/site-packages/airflow/example_dags/example_sensors.py
[2024-06-16T12:56:59.173+0000] {processor.py:830} INFO - Processing file /home/airflow/.local/lib/python3.12/site-packages/airflow/example_dags/example_sensors.py for tasks to queue
[2024-06-16T12:56:59.175+0000] {logging_mixin.py:188} INFO - [2024-06-16T12:56:59.174+0000] {dagbag.py:545} INFO - Filling up the DagBag from /home/airflow/.local/lib/python3.12/site-packages/airflow/example_dags/example_sensors.py
[2024-06-16T12:56:59.193+0000] {processor.py:840} INFO - DAG(s) 'example_sensors' retrieved from /home/airflow/.local/lib/python3.12/site-packages/airflow/example_dags/example_sensors.py
[2024-06-16T12:56:59.229+0000] {logging_mixin.py:188} INFO - [2024-06-16T12:56:59.229+0000] {dag.py:3096} INFO - Sync 1 DAGs
[2024-06-16T12:56:59.248+0000] {logging_mixin.py:188} INFO - [2024-06-16T12:56:59.248+0000] {dag.py:3954} INFO - Setting next_dagrun for example_sensors to None, run_after=None
[2024-06-16T12:56:59.276+0000] {processor.py:183} INFO - Processing /home/airflow/.local/lib/python3.12/site-packages/airflow/example_dags/example_sensors.py took 0.113 seconds
[2024-06-16T12:57:29.407+0000] {processor.py:161} INFO - Started process (PID=1342) to work on /home/airflow/.local/lib/python3.12/site-packages/airflow/example_dags/example_sensors.py
[2024-06-16T12:57:29.408+0000] {processor.py:830} INFO - Processing file /home/airflow/.local/lib/python3.12/site-packages/airflow/example_dags/example_sensors.py for tasks to queue
[2024-06-16T12:57:29.409+0000] {logging_mixin.py:188} INFO - [2024-06-16T12:57:29.408+0000] {dagbag.py:545} INFO - Filling up the DagBag from /home/airflow/.local/lib/python3.12/site-packages/airflow/example_dags/example_sensors.py
[2024-06-16T12:57:29.419+0000] {processor.py:840} INFO - DAG(s) 'example_sensors' retrieved from /home/airflow/.local/lib/python3.12/site-packages/airflow/example_dags/example_sensors.py
[2024-06-16T12:57:29.447+0000] {logging_mixin.py:188} INFO - [2024-06-16T12:57:29.447+0000] {dag.py:3096} INFO - Sync 1 DAGs
[2024-06-16T12:57:29.462+0000] {logging_mixin.py:188} INFO - [2024-06-16T12:57:29.462+0000] {dag.py:3954} INFO - Setting next_dagrun for example_sensors to None, run_after=None
[2024-06-16T12:57:29.483+0000] {processor.py:183} INFO - Processing /home/airflow/.local/lib/python3.12/site-packages/airflow/example_dags/example_sensors.py took 0.084 seconds
[2024-06-16T12:57:59.991+0000] {processor.py:161} INFO - Started process (PID=1401) to work on /home/airflow/.local/lib/python3.12/site-packages/airflow/example_dags/example_sensors.py
[2024-06-16T12:57:59.992+0000] {processor.py:830} INFO - Processing file /home/airflow/.local/lib/python3.12/site-packages/airflow/example_dags/example_sensors.py for tasks to queue
[2024-06-16T12:57:59.994+0000] {logging_mixin.py:188} INFO - [2024-06-16T12:57:59.993+0000] {dagbag.py:545} INFO - Filling up the DagBag from /home/airflow/.local/lib/python3.12/site-packages/airflow/example_dags/example_sensors.py
[2024-06-16T12:58:00.014+0000] {processor.py:840} INFO - DAG(s) 'example_sensors' retrieved from /home/airflow/.local/lib/python3.12/site-packages/airflow/example_dags/example_sensors.py
[2024-06-16T12:58:00.058+0000] {logging_mixin.py:188} INFO - [2024-06-16T12:58:00.058+0000] {dag.py:3096} INFO - Sync 1 DAGs
[2024-06-16T12:58:00.079+0000] {logging_mixin.py:188} INFO - [2024-06-16T12:58:00.079+0000] {dag.py:3954} INFO - Setting next_dagrun for example_sensors to None, run_after=None
[2024-06-16T12:58:00.110+0000] {processor.py:183} INFO - Processing /home/airflow/.local/lib/python3.12/site-packages/airflow/example_dags/example_sensors.py took 0.130 seconds
[2024-06-16T12:58:30.982+0000] {processor.py:161} INFO - Started process (PID=1459) to work on /home/airflow/.local/lib/python3.12/site-packages/airflow/example_dags/example_sensors.py
[2024-06-16T12:58:30.983+0000] {processor.py:830} INFO - Processing file /home/airflow/.local/lib/python3.12/site-packages/airflow/example_dags/example_sensors.py for tasks to queue
[2024-06-16T12:58:30.984+0000] {logging_mixin.py:188} INFO - [2024-06-16T12:58:30.984+0000] {dagbag.py:545} INFO - Filling up the DagBag from /home/airflow/.local/lib/python3.12/site-packages/airflow/example_dags/example_sensors.py
[2024-06-16T12:58:30.996+0000] {processor.py:840} INFO - DAG(s) 'example_sensors' retrieved from /home/airflow/.local/lib/python3.12/site-packages/airflow/example_dags/example_sensors.py
[2024-06-16T12:58:31.031+0000] {logging_mixin.py:188} INFO - [2024-06-16T12:58:31.030+0000] {dag.py:3096} INFO - Sync 1 DAGs
[2024-06-16T12:58:31.044+0000] {logging_mixin.py:188} INFO - [2024-06-16T12:58:31.044+0000] {dag.py:3954} INFO - Setting next_dagrun for example_sensors to None, run_after=None
[2024-06-16T12:58:31.068+0000] {processor.py:183} INFO - Processing /home/airflow/.local/lib/python3.12/site-packages/airflow/example_dags/example_sensors.py took 0.094 seconds
[2024-06-16T12:59:01.872+0000] {processor.py:161} INFO - Started process (PID=1526) to work on /home/airflow/.local/lib/python3.12/site-packages/airflow/example_dags/example_sensors.py
[2024-06-16T12:59:01.873+0000] {processor.py:830} INFO - Processing file /home/airflow/.local/lib/python3.12/site-packages/airflow/example_dags/example_sensors.py for tasks to queue
[2024-06-16T12:59:01.874+0000] {logging_mixin.py:188} INFO - [2024-06-16T12:59:01.874+0000] {dagbag.py:545} INFO - Filling up the DagBag from /home/airflow/.local/lib/python3.12/site-packages/airflow/example_dags/example_sensors.py
[2024-06-16T12:59:01.887+0000] {processor.py:840} INFO - DAG(s) 'example_sensors' retrieved from /home/airflow/.local/lib/python3.12/site-packages/airflow/example_dags/example_sensors.py
[2024-06-16T12:59:01.925+0000] {logging_mixin.py:188} INFO - [2024-06-16T12:59:01.925+0000] {dag.py:3096} INFO - Sync 1 DAGs
[2024-06-16T12:59:01.944+0000] {logging_mixin.py:188} INFO - [2024-06-16T12:59:01.944+0000] {dag.py:3954} INFO - Setting next_dagrun for example_sensors to None, run_after=None
[2024-06-16T12:59:01.967+0000] {processor.py:183} INFO - Processing /home/airflow/.local/lib/python3.12/site-packages/airflow/example_dags/example_sensors.py took 0.103 seconds
[2024-06-16T12:59:32.567+0000] {processor.py:161} INFO - Started process (PID=1589) to work on /home/airflow/.local/lib/python3.12/site-packages/airflow/example_dags/example_sensors.py
[2024-06-16T12:59:32.568+0000] {processor.py:830} INFO - Processing file /home/airflow/.local/lib/python3.12/site-packages/airflow/example_dags/example_sensors.py for tasks to queue
[2024-06-16T12:59:32.568+0000] {logging_mixin.py:188} INFO - [2024-06-16T12:59:32.568+0000] {dagbag.py:545} INFO - Filling up the DagBag from /home/airflow/.local/lib/python3.12/site-packages/airflow/example_dags/example_sensors.py
[2024-06-16T12:59:32.590+0000] {processor.py:840} INFO - DAG(s) 'example_sensors' retrieved from /home/airflow/.local/lib/python3.12/site-packages/airflow/example_dags/example_sensors.py
[2024-06-16T12:59:32.631+0000] {logging_mixin.py:188} INFO - [2024-06-16T12:59:32.631+0000] {dag.py:3096} INFO - Sync 1 DAGs
[2024-06-16T12:59:32.650+0000] {logging_mixin.py:188} INFO - [2024-06-16T12:59:32.649+0000] {dag.py:3954} INFO - Setting next_dagrun for example_sensors to None, run_after=None
[2024-06-16T12:59:32.677+0000] {processor.py:183} INFO - Processing /home/airflow/.local/lib/python3.12/site-packages/airflow/example_dags/example_sensors.py took 0.118 seconds
[2024-06-16T13:00:02.861+0000] {processor.py:161} INFO - Started process (PID=1649) to work on /home/airflow/.local/lib/python3.12/site-packages/airflow/example_dags/example_sensors.py
[2024-06-16T13:00:02.862+0000] {processor.py:830} INFO - Processing file /home/airflow/.local/lib/python3.12/site-packages/airflow/example_dags/example_sensors.py for tasks to queue
[2024-06-16T13:00:02.862+0000] {logging_mixin.py:188} INFO - [2024-06-16T13:00:02.862+0000] {dagbag.py:545} INFO - Filling up the DagBag from /home/airflow/.local/lib/python3.12/site-packages/airflow/example_dags/example_sensors.py
[2024-06-16T13:00:02.878+0000] {processor.py:840} INFO - DAG(s) 'example_sensors' retrieved from /home/airflow/.local/lib/python3.12/site-packages/airflow/example_dags/example_sensors.py
[2024-06-16T13:00:02.911+0000] {logging_mixin.py:188} INFO - [2024-06-16T13:00:02.911+0000] {dag.py:3096} INFO - Sync 1 DAGs
[2024-06-16T13:00:02.925+0000] {logging_mixin.py:188} INFO - [2024-06-16T13:00:02.925+0000] {dag.py:3954} INFO - Setting next_dagrun for example_sensors to None, run_after=None
[2024-06-16T13:00:02.949+0000] {processor.py:183} INFO - Processing /home/airflow/.local/lib/python3.12/site-packages/airflow/example_dags/example_sensors.py took 0.096 seconds
[2024-06-16T13:00:33.906+0000] {processor.py:161} INFO - Started process (PID=1715) to work on /home/airflow/.local/lib/python3.12/site-packages/airflow/example_dags/example_sensors.py
[2024-06-16T13:00:33.907+0000] {processor.py:830} INFO - Processing file /home/airflow/.local/lib/python3.12/site-packages/airflow/example_dags/example_sensors.py for tasks to queue
[2024-06-16T13:00:33.908+0000] {logging_mixin.py:188} INFO - [2024-06-16T13:00:33.908+0000] {dagbag.py:545} INFO - Filling up the DagBag from /home/airflow/.local/lib/python3.12/site-packages/airflow/example_dags/example_sensors.py
[2024-06-16T13:00:33.928+0000] {processor.py:840} INFO - DAG(s) 'example_sensors' retrieved from /home/airflow/.local/lib/python3.12/site-packages/airflow/example_dags/example_sensors.py
[2024-06-16T13:00:33.969+0000] {logging_mixin.py:188} INFO - [2024-06-16T13:00:33.969+0000] {dag.py:3096} INFO - Sync 1 DAGs
[2024-06-16T13:00:33.988+0000] {logging_mixin.py:188} INFO - [2024-06-16T13:00:33.988+0000] {dag.py:3954} INFO - Setting next_dagrun for example_sensors to None, run_after=None
[2024-06-16T13:00:34.012+0000] {processor.py:183} INFO - Processing /home/airflow/.local/lib/python3.12/site-packages/airflow/example_dags/example_sensors.py took 0.113 seconds
[2024-06-16T13:01:04.513+0000] {processor.py:161} INFO - Started process (PID=1774) to work on /home/airflow/.local/lib/python3.12/site-packages/airflow/example_dags/example_sensors.py
[2024-06-16T13:01:04.515+0000] {processor.py:830} INFO - Processing file /home/airflow/.local/lib/python3.12/site-packages/airflow/example_dags/example_sensors.py for tasks to queue
[2024-06-16T13:01:04.518+0000] {logging_mixin.py:188} INFO - [2024-06-16T13:01:04.516+0000] {dagbag.py:545} INFO - Filling up the DagBag from /home/airflow/.local/lib/python3.12/site-packages/airflow/example_dags/example_sensors.py
[2024-06-16T13:01:04.559+0000] {processor.py:840} INFO - DAG(s) 'example_sensors' retrieved from /home/airflow/.local/lib/python3.12/site-packages/airflow/example_dags/example_sensors.py
[2024-06-16T13:01:04.624+0000] {logging_mixin.py:188} INFO - [2024-06-16T13:01:04.623+0000] {dag.py:3096} INFO - Sync 1 DAGs
[2024-06-16T13:01:04.647+0000] {logging_mixin.py:188} INFO - [2024-06-16T13:01:04.646+0000] {dag.py:3954} INFO - Setting next_dagrun for example_sensors to None, run_after=None
[2024-06-16T13:01:04.694+0000] {processor.py:183} INFO - Processing /home/airflow/.local/lib/python3.12/site-packages/airflow/example_dags/example_sensors.py took 0.202 seconds
[2024-06-16T13:01:35.351+0000] {processor.py:161} INFO - Started process (PID=1833) to work on /home/airflow/.local/lib/python3.12/site-packages/airflow/example_dags/example_sensors.py
[2024-06-16T13:01:35.352+0000] {processor.py:830} INFO - Processing file /home/airflow/.local/lib/python3.12/site-packages/airflow/example_dags/example_sensors.py for tasks to queue
[2024-06-16T13:01:35.354+0000] {logging_mixin.py:188} INFO - [2024-06-16T13:01:35.353+0000] {dagbag.py:545} INFO - Filling up the DagBag from /home/airflow/.local/lib/python3.12/site-packages/airflow/example_dags/example_sensors.py
[2024-06-16T13:01:35.370+0000] {processor.py:840} INFO - DAG(s) 'example_sensors' retrieved from /home/airflow/.local/lib/python3.12/site-packages/airflow/example_dags/example_sensors.py
[2024-06-16T13:01:35.432+0000] {logging_mixin.py:188} INFO - [2024-06-16T13:01:35.432+0000] {dag.py:3096} INFO - Sync 1 DAGs
[2024-06-16T13:01:35.457+0000] {logging_mixin.py:188} INFO - [2024-06-16T13:01:35.457+0000] {dag.py:3954} INFO - Setting next_dagrun for example_sensors to None, run_after=None
[2024-06-16T13:01:35.490+0000] {processor.py:183} INFO - Processing /home/airflow/.local/lib/python3.12/site-packages/airflow/example_dags/example_sensors.py took 0.149 seconds
[2024-06-16T13:02:05.870+0000] {processor.py:161} INFO - Started process (PID=1892) to work on /home/airflow/.local/lib/python3.12/site-packages/airflow/example_dags/example_sensors.py
[2024-06-16T13:02:05.870+0000] {processor.py:830} INFO - Processing file /home/airflow/.local/lib/python3.12/site-packages/airflow/example_dags/example_sensors.py for tasks to queue
[2024-06-16T13:02:05.872+0000] {logging_mixin.py:188} INFO - [2024-06-16T13:02:05.871+0000] {dagbag.py:545} INFO - Filling up the DagBag from /home/airflow/.local/lib/python3.12/site-packages/airflow/example_dags/example_sensors.py
[2024-06-16T13:02:05.886+0000] {processor.py:840} INFO - DAG(s) 'example_sensors' retrieved from /home/airflow/.local/lib/python3.12/site-packages/airflow/example_dags/example_sensors.py
[2024-06-16T13:02:05.925+0000] {logging_mixin.py:188} INFO - [2024-06-16T13:02:05.924+0000] {dag.py:3096} INFO - Sync 1 DAGs
[2024-06-16T13:02:05.948+0000] {logging_mixin.py:188} INFO - [2024-06-16T13:02:05.948+0000] {dag.py:3954} INFO - Setting next_dagrun for example_sensors to None, run_after=None
[2024-06-16T13:02:05.978+0000] {processor.py:183} INFO - Processing /home/airflow/.local/lib/python3.12/site-packages/airflow/example_dags/example_sensors.py took 0.116 seconds
[2024-06-16T13:02:36.196+0000] {processor.py:161} INFO - Started process (PID=1951) to work on /home/airflow/.local/lib/python3.12/site-packages/airflow/example_dags/example_sensors.py
[2024-06-16T13:02:36.197+0000] {processor.py:830} INFO - Processing file /home/airflow/.local/lib/python3.12/site-packages/airflow/example_dags/example_sensors.py for tasks to queue
[2024-06-16T13:02:36.198+0000] {logging_mixin.py:188} INFO - [2024-06-16T13:02:36.198+0000] {dagbag.py:545} INFO - Filling up the DagBag from /home/airflow/.local/lib/python3.12/site-packages/airflow/example_dags/example_sensors.py
[2024-06-16T13:02:36.213+0000] {processor.py:840} INFO - DAG(s) 'example_sensors' retrieved from /home/airflow/.local/lib/python3.12/site-packages/airflow/example_dags/example_sensors.py
[2024-06-16T13:02:36.251+0000] {logging_mixin.py:188} INFO - [2024-06-16T13:02:36.251+0000] {dag.py:3096} INFO - Sync 1 DAGs
[2024-06-16T13:02:36.271+0000] {logging_mixin.py:188} INFO - [2024-06-16T13:02:36.271+0000] {dag.py:3954} INFO - Setting next_dagrun for example_sensors to None, run_after=None
[2024-06-16T13:02:36.302+0000] {processor.py:183} INFO - Processing /home/airflow/.local/lib/python3.12/site-packages/airflow/example_dags/example_sensors.py took 0.114 seconds
[2024-06-16T13:03:06.423+0000] {processor.py:161} INFO - Started process (PID=2010) to work on /home/airflow/.local/lib/python3.12/site-packages/airflow/example_dags/example_sensors.py
[2024-06-16T13:03:06.425+0000] {processor.py:830} INFO - Processing file /home/airflow/.local/lib/python3.12/site-packages/airflow/example_dags/example_sensors.py for tasks to queue
[2024-06-16T13:03:06.427+0000] {logging_mixin.py:188} INFO - [2024-06-16T13:03:06.426+0000] {dagbag.py:545} INFO - Filling up the DagBag from /home/airflow/.local/lib/python3.12/site-packages/airflow/example_dags/example_sensors.py
[2024-06-16T13:03:06.444+0000] {processor.py:840} INFO - DAG(s) 'example_sensors' retrieved from /home/airflow/.local/lib/python3.12/site-packages/airflow/example_dags/example_sensors.py
[2024-06-16T13:03:06.492+0000] {logging_mixin.py:188} INFO - [2024-06-16T13:03:06.492+0000] {dag.py:3096} INFO - Sync 1 DAGs
[2024-06-16T13:03:06.517+0000] {logging_mixin.py:188} INFO - [2024-06-16T13:03:06.517+0000] {dag.py:3954} INFO - Setting next_dagrun for example_sensors to None, run_after=None
[2024-06-16T13:03:06.555+0000] {processor.py:183} INFO - Processing /home/airflow/.local/lib/python3.12/site-packages/airflow/example_dags/example_sensors.py took 0.139 seconds
[2024-06-16T13:03:37.120+0000] {processor.py:161} INFO - Started process (PID=2069) to work on /home/airflow/.local/lib/python3.12/site-packages/airflow/example_dags/example_sensors.py
[2024-06-16T13:03:37.120+0000] {processor.py:830} INFO - Processing file /home/airflow/.local/lib/python3.12/site-packages/airflow/example_dags/example_sensors.py for tasks to queue
[2024-06-16T13:03:37.121+0000] {logging_mixin.py:188} INFO - [2024-06-16T13:03:37.121+0000] {dagbag.py:545} INFO - Filling up the DagBag from /home/airflow/.local/lib/python3.12/site-packages/airflow/example_dags/example_sensors.py
[2024-06-16T13:03:37.136+0000] {processor.py:840} INFO - DAG(s) 'example_sensors' retrieved from /home/airflow/.local/lib/python3.12/site-packages/airflow/example_dags/example_sensors.py
[2024-06-16T13:03:37.178+0000] {logging_mixin.py:188} INFO - [2024-06-16T13:03:37.177+0000] {dag.py:3096} INFO - Sync 1 DAGs
[2024-06-16T13:03:37.198+0000] {logging_mixin.py:188} INFO - [2024-06-16T13:03:37.197+0000] {dag.py:3954} INFO - Setting next_dagrun for example_sensors to None, run_after=None
[2024-06-16T13:03:37.225+0000] {processor.py:183} INFO - Processing /home/airflow/.local/lib/python3.12/site-packages/airflow/example_dags/example_sensors.py took 0.113 seconds
[2024-06-16T13:04:08.106+0000] {processor.py:161} INFO - Started process (PID=2131) to work on /home/airflow/.local/lib/python3.12/site-packages/airflow/example_dags/example_sensors.py
[2024-06-16T13:04:08.107+0000] {processor.py:830} INFO - Processing file /home/airflow/.local/lib/python3.12/site-packages/airflow/example_dags/example_sensors.py for tasks to queue
[2024-06-16T13:04:08.109+0000] {logging_mixin.py:188} INFO - [2024-06-16T13:04:08.108+0000] {dagbag.py:545} INFO - Filling up the DagBag from /home/airflow/.local/lib/python3.12/site-packages/airflow/example_dags/example_sensors.py
[2024-06-16T13:04:08.163+0000] {processor.py:840} INFO - DAG(s) 'example_sensors' retrieved from /home/airflow/.local/lib/python3.12/site-packages/airflow/example_dags/example_sensors.py
[2024-06-16T13:04:08.221+0000] {logging_mixin.py:188} INFO - [2024-06-16T13:04:08.221+0000] {dag.py:3096} INFO - Sync 1 DAGs
[2024-06-16T13:04:08.245+0000] {logging_mixin.py:188} INFO - [2024-06-16T13:04:08.245+0000] {dag.py:3954} INFO - Setting next_dagrun for example_sensors to None, run_after=None
[2024-06-16T13:04:08.286+0000] {processor.py:183} INFO - Processing /home/airflow/.local/lib/python3.12/site-packages/airflow/example_dags/example_sensors.py took 0.187 seconds
[2024-06-16T13:04:39.006+0000] {processor.py:161} INFO - Started process (PID=2190) to work on /home/airflow/.local/lib/python3.12/site-packages/airflow/example_dags/example_sensors.py
[2024-06-16T13:04:39.007+0000] {processor.py:830} INFO - Processing file /home/airflow/.local/lib/python3.12/site-packages/airflow/example_dags/example_sensors.py for tasks to queue
[2024-06-16T13:04:39.008+0000] {logging_mixin.py:188} INFO - [2024-06-16T13:04:39.008+0000] {dagbag.py:545} INFO - Filling up the DagBag from /home/airflow/.local/lib/python3.12/site-packages/airflow/example_dags/example_sensors.py
[2024-06-16T13:04:39.025+0000] {processor.py:840} INFO - DAG(s) 'example_sensors' retrieved from /home/airflow/.local/lib/python3.12/site-packages/airflow/example_dags/example_sensors.py
[2024-06-16T13:04:39.064+0000] {logging_mixin.py:188} INFO - [2024-06-16T13:04:39.064+0000] {dag.py:3096} INFO - Sync 1 DAGs
[2024-06-16T13:04:39.081+0000] {logging_mixin.py:188} INFO - [2024-06-16T13:04:39.081+0000] {dag.py:3954} INFO - Setting next_dagrun for example_sensors to None, run_after=None
[2024-06-16T13:04:39.105+0000] {processor.py:183} INFO - Processing /home/airflow/.local/lib/python3.12/site-packages/airflow/example_dags/example_sensors.py took 0.109 seconds
[2024-06-16T13:05:09.467+0000] {processor.py:161} INFO - Started process (PID=2250) to work on /home/airflow/.local/lib/python3.12/site-packages/airflow/example_dags/example_sensors.py
[2024-06-16T13:05:09.468+0000] {processor.py:830} INFO - Processing file /home/airflow/.local/lib/python3.12/site-packages/airflow/example_dags/example_sensors.py for tasks to queue
[2024-06-16T13:05:09.469+0000] {logging_mixin.py:188} INFO - [2024-06-16T13:05:09.468+0000] {dagbag.py:545} INFO - Filling up the DagBag from /home/airflow/.local/lib/python3.12/site-packages/airflow/example_dags/example_sensors.py
[2024-06-16T13:05:09.486+0000] {processor.py:840} INFO - DAG(s) 'example_sensors' retrieved from /home/airflow/.local/lib/python3.12/site-packages/airflow/example_dags/example_sensors.py
[2024-06-16T13:05:09.547+0000] {logging_mixin.py:188} INFO - [2024-06-16T13:05:09.547+0000] {dag.py:3096} INFO - Sync 1 DAGs
[2024-06-16T13:05:09.575+0000] {logging_mixin.py:188} INFO - [2024-06-16T13:05:09.575+0000] {dag.py:3954} INFO - Setting next_dagrun for example_sensors to None, run_after=None
[2024-06-16T13:05:09.604+0000] {processor.py:183} INFO - Processing /home/airflow/.local/lib/python3.12/site-packages/airflow/example_dags/example_sensors.py took 0.146 seconds
[2024-06-16T13:05:40.564+0000] {processor.py:161} INFO - Started process (PID=2309) to work on /home/airflow/.local/lib/python3.12/site-packages/airflow/example_dags/example_sensors.py
[2024-06-16T13:05:40.564+0000] {processor.py:830} INFO - Processing file /home/airflow/.local/lib/python3.12/site-packages/airflow/example_dags/example_sensors.py for tasks to queue
[2024-06-16T13:05:40.566+0000] {logging_mixin.py:188} INFO - [2024-06-16T13:05:40.565+0000] {dagbag.py:545} INFO - Filling up the DagBag from /home/airflow/.local/lib/python3.12/site-packages/airflow/example_dags/example_sensors.py
[2024-06-16T13:05:40.584+0000] {processor.py:840} INFO - DAG(s) 'example_sensors' retrieved from /home/airflow/.local/lib/python3.12/site-packages/airflow/example_dags/example_sensors.py
[2024-06-16T13:05:40.639+0000] {logging_mixin.py:188} INFO - [2024-06-16T13:05:40.638+0000] {dag.py:3096} INFO - Sync 1 DAGs
[2024-06-16T13:05:40.940+0000] {logging_mixin.py:188} INFO - [2024-06-16T13:05:40.940+0000] {dag.py:3954} INFO - Setting next_dagrun for example_sensors to None, run_after=None
[2024-06-16T13:05:40.975+0000] {processor.py:183} INFO - Processing /home/airflow/.local/lib/python3.12/site-packages/airflow/example_dags/example_sensors.py took 0.422 seconds
[2024-06-16T13:06:11.602+0000] {processor.py:161} INFO - Started process (PID=2368) to work on /home/airflow/.local/lib/python3.12/site-packages/airflow/example_dags/example_sensors.py
[2024-06-16T13:06:11.603+0000] {processor.py:830} INFO - Processing file /home/airflow/.local/lib/python3.12/site-packages/airflow/example_dags/example_sensors.py for tasks to queue
[2024-06-16T13:06:11.604+0000] {logging_mixin.py:188} INFO - [2024-06-16T13:06:11.604+0000] {dagbag.py:545} INFO - Filling up the DagBag from /home/airflow/.local/lib/python3.12/site-packages/airflow/example_dags/example_sensors.py
[2024-06-16T13:06:11.620+0000] {processor.py:840} INFO - DAG(s) 'example_sensors' retrieved from /home/airflow/.local/lib/python3.12/site-packages/airflow/example_dags/example_sensors.py
[2024-06-16T13:06:11.660+0000] {logging_mixin.py:188} INFO - [2024-06-16T13:06:11.660+0000] {dag.py:3096} INFO - Sync 1 DAGs
[2024-06-16T13:06:11.679+0000] {logging_mixin.py:188} INFO - [2024-06-16T13:06:11.679+0000] {dag.py:3954} INFO - Setting next_dagrun for example_sensors to None, run_after=None
[2024-06-16T13:06:11.706+0000] {processor.py:183} INFO - Processing /home/airflow/.local/lib/python3.12/site-packages/airflow/example_dags/example_sensors.py took 0.112 seconds
