[2024-06-16T12:21:09.954+0000] {processor.py:161} INFO - Started process (PID=74) to work on /home/airflow/.local/lib/python3.12/site-packages/airflow/example_dags/example_setup_teardown.py
[2024-06-16T12:21:09.964+0000] {processor.py:830} INFO - Processing file /home/airflow/.local/lib/python3.12/site-packages/airflow/example_dags/example_setup_teardown.py for tasks to queue
[2024-06-16T12:21:09.971+0000] {logging_mixin.py:188} INFO - [2024-06-16T12:21:09.971+0000] {dagbag.py:545} INFO - Filling up the DagBag from /home/airflow/.local/lib/python3.12/site-packages/airflow/example_dags/example_setup_teardown.py
[2024-06-16T12:21:10.036+0000] {processor.py:840} INFO - DAG(s) 'example_setup_teardown' retrieved from /home/airflow/.local/lib/python3.12/site-packages/airflow/example_dags/example_setup_teardown.py
[2024-06-16T12:21:11.001+0000] {logging_mixin.py:188} INFO - [2024-06-16T12:21:11.000+0000] {override.py:1829} INFO - Created Permission View: can edit on DAG:example_setup_teardown
[2024-06-16T12:21:11.093+0000] {logging_mixin.py:188} INFO - [2024-06-16T12:21:11.090+0000] {override.py:1829} INFO - Created Permission View: can delete on DAG:example_setup_teardown
[2024-06-16T12:21:11.215+0000] {logging_mixin.py:188} INFO - [2024-06-16T12:21:11.214+0000] {override.py:1829} INFO - Created Permission View: can read on DAG:example_setup_teardown
[2024-06-16T12:21:11.218+0000] {logging_mixin.py:188} INFO - [2024-06-16T12:21:11.215+0000] {dag.py:3096} INFO - Sync 1 DAGs
[2024-06-16T12:21:11.265+0000] {logging_mixin.py:188} INFO - [2024-06-16T12:21:11.264+0000] {dag.py:3118} INFO - Creating ORM DAG for example_setup_teardown
[2024-06-16T12:21:11.331+0000] {logging_mixin.py:188} INFO - [2024-06-16T12:21:11.329+0000] {dag.py:3954} INFO - Setting next_dagrun for example_setup_teardown to 2024-06-15 00:00:00+00:00, run_after=2024-06-16 00:00:00+00:00
[2024-06-16T12:21:11.415+0000] {processor.py:183} INFO - Processing /home/airflow/.local/lib/python3.12/site-packages/airflow/example_dags/example_setup_teardown.py took 1.497 seconds
[2024-06-16T12:21:41.961+0000] {processor.py:161} INFO - Started process (PID=132) to work on /home/airflow/.local/lib/python3.12/site-packages/airflow/example_dags/example_setup_teardown.py
[2024-06-16T12:21:41.965+0000] {processor.py:830} INFO - Processing file /home/airflow/.local/lib/python3.12/site-packages/airflow/example_dags/example_setup_teardown.py for tasks to queue
[2024-06-16T12:21:41.984+0000] {logging_mixin.py:188} INFO - [2024-06-16T12:21:41.967+0000] {dagbag.py:545} INFO - Filling up the DagBag from /home/airflow/.local/lib/python3.12/site-packages/airflow/example_dags/example_setup_teardown.py
[2024-06-16T12:21:42.005+0000] {processor.py:840} INFO - DAG(s) 'example_setup_teardown' retrieved from /home/airflow/.local/lib/python3.12/site-packages/airflow/example_dags/example_setup_teardown.py
[2024-06-16T12:21:42.059+0000] {logging_mixin.py:188} INFO - [2024-06-16T12:21:42.058+0000] {dag.py:3096} INFO - Sync 1 DAGs
[2024-06-16T12:21:42.127+0000] {logging_mixin.py:188} INFO - [2024-06-16T12:21:42.127+0000] {dag.py:3954} INFO - Setting next_dagrun for example_setup_teardown to 2024-06-15 00:00:00+00:00, run_after=2024-06-16 00:00:00+00:00
[2024-06-16T12:21:42.198+0000] {processor.py:183} INFO - Processing /home/airflow/.local/lib/python3.12/site-packages/airflow/example_dags/example_setup_teardown.py took 0.301 seconds
[2024-06-16T12:22:12.725+0000] {processor.py:161} INFO - Started process (PID=191) to work on /home/airflow/.local/lib/python3.12/site-packages/airflow/example_dags/example_setup_teardown.py
[2024-06-16T12:22:12.779+0000] {processor.py:830} INFO - Processing file /home/airflow/.local/lib/python3.12/site-packages/airflow/example_dags/example_setup_teardown.py for tasks to queue
[2024-06-16T12:22:12.782+0000] {logging_mixin.py:188} INFO - [2024-06-16T12:22:12.782+0000] {dagbag.py:545} INFO - Filling up the DagBag from /home/airflow/.local/lib/python3.12/site-packages/airflow/example_dags/example_setup_teardown.py
[2024-06-16T12:22:12.862+0000] {processor.py:840} INFO - DAG(s) 'example_setup_teardown' retrieved from /home/airflow/.local/lib/python3.12/site-packages/airflow/example_dags/example_setup_teardown.py
[2024-06-16T12:22:12.924+0000] {logging_mixin.py:188} INFO - [2024-06-16T12:22:12.923+0000] {dag.py:3096} INFO - Sync 1 DAGs
[2024-06-16T12:22:13.143+0000] {logging_mixin.py:188} INFO - [2024-06-16T12:22:13.123+0000] {dag.py:3954} INFO - Setting next_dagrun for example_setup_teardown to 2024-06-15 00:00:00+00:00, run_after=2024-06-16 00:00:00+00:00
[2024-06-16T12:22:13.318+0000] {processor.py:183} INFO - Processing /home/airflow/.local/lib/python3.12/site-packages/airflow/example_dags/example_setup_teardown.py took 0.660 seconds
[2024-06-16T12:22:43.610+0000] {processor.py:161} INFO - Started process (PID=250) to work on /home/airflow/.local/lib/python3.12/site-packages/airflow/example_dags/example_setup_teardown.py
[2024-06-16T12:22:43.611+0000] {processor.py:830} INFO - Processing file /home/airflow/.local/lib/python3.12/site-packages/airflow/example_dags/example_setup_teardown.py for tasks to queue
[2024-06-16T12:22:43.614+0000] {logging_mixin.py:188} INFO - [2024-06-16T12:22:43.614+0000] {dagbag.py:545} INFO - Filling up the DagBag from /home/airflow/.local/lib/python3.12/site-packages/airflow/example_dags/example_setup_teardown.py
[2024-06-16T12:22:43.626+0000] {processor.py:840} INFO - DAG(s) 'example_setup_teardown' retrieved from /home/airflow/.local/lib/python3.12/site-packages/airflow/example_dags/example_setup_teardown.py
[2024-06-16T12:22:43.669+0000] {logging_mixin.py:188} INFO - [2024-06-16T12:22:43.668+0000] {dag.py:3096} INFO - Sync 1 DAGs
[2024-06-16T12:22:43.726+0000] {logging_mixin.py:188} INFO - [2024-06-16T12:22:43.726+0000] {dag.py:3954} INFO - Setting next_dagrun for example_setup_teardown to 2024-06-15 00:00:00+00:00, run_after=2024-06-16 00:00:00+00:00
[2024-06-16T12:22:43.772+0000] {processor.py:183} INFO - Processing /home/airflow/.local/lib/python3.12/site-packages/airflow/example_dags/example_setup_teardown.py took 0.172 seconds
[2024-06-16T12:23:13.880+0000] {processor.py:161} INFO - Started process (PID=309) to work on /home/airflow/.local/lib/python3.12/site-packages/airflow/example_dags/example_setup_teardown.py
[2024-06-16T12:23:13.887+0000] {processor.py:830} INFO - Processing file /home/airflow/.local/lib/python3.12/site-packages/airflow/example_dags/example_setup_teardown.py for tasks to queue
[2024-06-16T12:23:13.892+0000] {logging_mixin.py:188} INFO - [2024-06-16T12:23:13.890+0000] {dagbag.py:545} INFO - Filling up the DagBag from /home/airflow/.local/lib/python3.12/site-packages/airflow/example_dags/example_setup_teardown.py
[2024-06-16T12:23:13.913+0000] {processor.py:840} INFO - DAG(s) 'example_setup_teardown' retrieved from /home/airflow/.local/lib/python3.12/site-packages/airflow/example_dags/example_setup_teardown.py
[2024-06-16T12:23:13.962+0000] {logging_mixin.py:188} INFO - [2024-06-16T12:23:13.962+0000] {dag.py:3096} INFO - Sync 1 DAGs
[2024-06-16T12:23:14.029+0000] {logging_mixin.py:188} INFO - [2024-06-16T12:23:14.029+0000] {dag.py:3954} INFO - Setting next_dagrun for example_setup_teardown to 2024-06-15 00:00:00+00:00, run_after=2024-06-16 00:00:00+00:00
[2024-06-16T12:23:14.104+0000] {processor.py:183} INFO - Processing /home/airflow/.local/lib/python3.12/site-packages/airflow/example_dags/example_setup_teardown.py took 0.234 seconds
[2024-06-16T12:23:44.407+0000] {processor.py:161} INFO - Started process (PID=368) to work on /home/airflow/.local/lib/python3.12/site-packages/airflow/example_dags/example_setup_teardown.py
[2024-06-16T12:23:44.413+0000] {processor.py:830} INFO - Processing file /home/airflow/.local/lib/python3.12/site-packages/airflow/example_dags/example_setup_teardown.py for tasks to queue
[2024-06-16T12:23:44.417+0000] {logging_mixin.py:188} INFO - [2024-06-16T12:23:44.416+0000] {dagbag.py:545} INFO - Filling up the DagBag from /home/airflow/.local/lib/python3.12/site-packages/airflow/example_dags/example_setup_teardown.py
[2024-06-16T12:23:44.494+0000] {processor.py:840} INFO - DAG(s) 'example_setup_teardown' retrieved from /home/airflow/.local/lib/python3.12/site-packages/airflow/example_dags/example_setup_teardown.py
[2024-06-16T12:23:44.668+0000] {logging_mixin.py:188} INFO - [2024-06-16T12:23:44.668+0000] {dag.py:3096} INFO - Sync 1 DAGs
[2024-06-16T12:23:44.886+0000] {logging_mixin.py:188} INFO - [2024-06-16T12:23:44.883+0000] {dag.py:3954} INFO - Setting next_dagrun for example_setup_teardown to 2024-06-15 00:00:00+00:00, run_after=2024-06-16 00:00:00+00:00
[2024-06-16T12:23:44.987+0000] {processor.py:183} INFO - Processing /home/airflow/.local/lib/python3.12/site-packages/airflow/example_dags/example_setup_teardown.py took 0.663 seconds
[2024-06-16T12:24:15.549+0000] {processor.py:161} INFO - Started process (PID=426) to work on /home/airflow/.local/lib/python3.12/site-packages/airflow/example_dags/example_setup_teardown.py
[2024-06-16T12:24:15.555+0000] {processor.py:830} INFO - Processing file /home/airflow/.local/lib/python3.12/site-packages/airflow/example_dags/example_setup_teardown.py for tasks to queue
[2024-06-16T12:24:15.603+0000] {logging_mixin.py:188} INFO - [2024-06-16T12:24:15.600+0000] {dagbag.py:545} INFO - Filling up the DagBag from /home/airflow/.local/lib/python3.12/site-packages/airflow/example_dags/example_setup_teardown.py
[2024-06-16T12:24:15.718+0000] {processor.py:840} INFO - DAG(s) 'example_setup_teardown' retrieved from /home/airflow/.local/lib/python3.12/site-packages/airflow/example_dags/example_setup_teardown.py
[2024-06-16T12:24:15.866+0000] {logging_mixin.py:188} INFO - [2024-06-16T12:24:15.865+0000] {dag.py:3096} INFO - Sync 1 DAGs
[2024-06-16T12:24:15.926+0000] {logging_mixin.py:188} INFO - [2024-06-16T12:24:15.926+0000] {dag.py:3954} INFO - Setting next_dagrun for example_setup_teardown to 2024-06-15 00:00:00+00:00, run_after=2024-06-16 00:00:00+00:00
[2024-06-16T12:24:15.978+0000] {processor.py:183} INFO - Processing /home/airflow/.local/lib/python3.12/site-packages/airflow/example_dags/example_setup_teardown.py took 0.528 seconds
[2024-06-16T12:45:06.918+0000] {processor.py:161} INFO - Started process (PID=72) to work on /home/airflow/.local/lib/python3.12/site-packages/airflow/example_dags/example_setup_teardown.py
[2024-06-16T12:45:06.920+0000] {processor.py:830} INFO - Processing file /home/airflow/.local/lib/python3.12/site-packages/airflow/example_dags/example_setup_teardown.py for tasks to queue
[2024-06-16T12:45:06.923+0000] {logging_mixin.py:188} INFO - [2024-06-16T12:45:06.922+0000] {dagbag.py:545} INFO - Filling up the DagBag from /home/airflow/.local/lib/python3.12/site-packages/airflow/example_dags/example_setup_teardown.py
[2024-06-16T12:45:06.946+0000] {processor.py:840} INFO - DAG(s) 'example_setup_teardown' retrieved from /home/airflow/.local/lib/python3.12/site-packages/airflow/example_dags/example_setup_teardown.py
[2024-06-16T12:45:07.566+0000] {logging_mixin.py:188} INFO - [2024-06-16T12:45:07.564+0000] {override.py:1829} INFO - Created Permission View: can read on DAG:example_setup_teardown
[2024-06-16T12:45:07.611+0000] {logging_mixin.py:188} INFO - [2024-06-16T12:45:07.610+0000] {override.py:1829} INFO - Created Permission View: can delete on DAG:example_setup_teardown
[2024-06-16T12:45:07.651+0000] {logging_mixin.py:188} INFO - [2024-06-16T12:45:07.651+0000] {override.py:1829} INFO - Created Permission View: can edit on DAG:example_setup_teardown
[2024-06-16T12:45:07.652+0000] {logging_mixin.py:188} INFO - [2024-06-16T12:45:07.652+0000] {dag.py:3096} INFO - Sync 1 DAGs
[2024-06-16T12:45:07.745+0000] {logging_mixin.py:188} INFO - [2024-06-16T12:45:07.741+0000] {dag.py:3118} INFO - Creating ORM DAG for example_setup_teardown
[2024-06-16T12:45:07.796+0000] {logging_mixin.py:188} INFO - [2024-06-16T12:45:07.796+0000] {dag.py:3954} INFO - Setting next_dagrun for example_setup_teardown to 2024-06-15 00:00:00+00:00, run_after=2024-06-16 00:00:00+00:00
[2024-06-16T12:45:07.846+0000] {processor.py:183} INFO - Processing /home/airflow/.local/lib/python3.12/site-packages/airflow/example_dags/example_setup_teardown.py took 0.940 seconds
[2024-06-16T12:45:37.922+0000] {processor.py:161} INFO - Started process (PID=131) to work on /home/airflow/.local/lib/python3.12/site-packages/airflow/example_dags/example_setup_teardown.py
[2024-06-16T12:45:37.923+0000] {processor.py:830} INFO - Processing file /home/airflow/.local/lib/python3.12/site-packages/airflow/example_dags/example_setup_teardown.py for tasks to queue
[2024-06-16T12:45:37.925+0000] {logging_mixin.py:188} INFO - [2024-06-16T12:45:37.925+0000] {dagbag.py:545} INFO - Filling up the DagBag from /home/airflow/.local/lib/python3.12/site-packages/airflow/example_dags/example_setup_teardown.py
[2024-06-16T12:45:37.935+0000] {processor.py:840} INFO - DAG(s) 'example_setup_teardown' retrieved from /home/airflow/.local/lib/python3.12/site-packages/airflow/example_dags/example_setup_teardown.py
[2024-06-16T12:45:37.962+0000] {logging_mixin.py:188} INFO - [2024-06-16T12:45:37.962+0000] {dag.py:3096} INFO - Sync 1 DAGs
[2024-06-16T12:45:37.995+0000] {logging_mixin.py:188} INFO - [2024-06-16T12:45:37.994+0000] {dag.py:3954} INFO - Setting next_dagrun for example_setup_teardown to 2024-06-15 00:00:00+00:00, run_after=2024-06-16 00:00:00+00:00
[2024-06-16T12:45:38.024+0000] {processor.py:183} INFO - Processing /home/airflow/.local/lib/python3.12/site-packages/airflow/example_dags/example_setup_teardown.py took 0.111 seconds
[2024-06-16T12:46:08.294+0000] {processor.py:161} INFO - Started process (PID=190) to work on /home/airflow/.local/lib/python3.12/site-packages/airflow/example_dags/example_setup_teardown.py
[2024-06-16T12:46:08.295+0000] {processor.py:830} INFO - Processing file /home/airflow/.local/lib/python3.12/site-packages/airflow/example_dags/example_setup_teardown.py for tasks to queue
[2024-06-16T12:46:08.297+0000] {logging_mixin.py:188} INFO - [2024-06-16T12:46:08.296+0000] {dagbag.py:545} INFO - Filling up the DagBag from /home/airflow/.local/lib/python3.12/site-packages/airflow/example_dags/example_setup_teardown.py
[2024-06-16T12:46:08.306+0000] {processor.py:840} INFO - DAG(s) 'example_setup_teardown' retrieved from /home/airflow/.local/lib/python3.12/site-packages/airflow/example_dags/example_setup_teardown.py
[2024-06-16T12:46:08.336+0000] {logging_mixin.py:188} INFO - [2024-06-16T12:46:08.336+0000] {dag.py:3096} INFO - Sync 1 DAGs
[2024-06-16T12:46:08.368+0000] {logging_mixin.py:188} INFO - [2024-06-16T12:46:08.368+0000] {dag.py:3954} INFO - Setting next_dagrun for example_setup_teardown to 2024-06-15 00:00:00+00:00, run_after=2024-06-16 00:00:00+00:00
[2024-06-16T12:46:08.401+0000] {processor.py:183} INFO - Processing /home/airflow/.local/lib/python3.12/site-packages/airflow/example_dags/example_setup_teardown.py took 0.113 seconds
[2024-06-16T12:46:40.245+0000] {processor.py:161} INFO - Started process (PID=249) to work on /home/airflow/.local/lib/python3.12/site-packages/airflow/example_dags/example_setup_teardown.py
[2024-06-16T12:46:40.257+0000] {processor.py:830} INFO - Processing file /home/airflow/.local/lib/python3.12/site-packages/airflow/example_dags/example_setup_teardown.py for tasks to queue
[2024-06-16T12:46:40.268+0000] {logging_mixin.py:188} INFO - [2024-06-16T12:46:40.268+0000] {dagbag.py:545} INFO - Filling up the DagBag from /home/airflow/.local/lib/python3.12/site-packages/airflow/example_dags/example_setup_teardown.py
[2024-06-16T12:46:40.464+0000] {processor.py:840} INFO - DAG(s) 'example_setup_teardown' retrieved from /home/airflow/.local/lib/python3.12/site-packages/airflow/example_dags/example_setup_teardown.py
[2024-06-16T12:46:41.860+0000] {logging_mixin.py:188} INFO - [2024-06-16T12:46:41.842+0000] {dag.py:3096} INFO - Sync 1 DAGs
[2024-06-16T12:46:42.422+0000] {logging_mixin.py:188} INFO - [2024-06-16T12:46:42.421+0000] {dag.py:3954} INFO - Setting next_dagrun for example_setup_teardown to 2024-06-15 00:00:00+00:00, run_after=2024-06-16 00:00:00+00:00
[2024-06-16T12:46:43.323+0000] {processor.py:183} INFO - Processing /home/airflow/.local/lib/python3.12/site-packages/airflow/example_dags/example_setup_teardown.py took 3.117 seconds
[2024-06-16T12:47:32.923+0000] {processor.py:161} INFO - Started process (PID=308) to work on /home/airflow/.local/lib/python3.12/site-packages/airflow/example_dags/example_setup_teardown.py
[2024-06-16T12:47:32.925+0000] {processor.py:830} INFO - Processing file /home/airflow/.local/lib/python3.12/site-packages/airflow/example_dags/example_setup_teardown.py for tasks to queue
[2024-06-16T12:47:33.046+0000] {logging_mixin.py:188} INFO - [2024-06-16T12:47:33.045+0000] {dagbag.py:545} INFO - Filling up the DagBag from /home/airflow/.local/lib/python3.12/site-packages/airflow/example_dags/example_setup_teardown.py
[2024-06-16T12:47:33.104+0000] {processor.py:840} INFO - DAG(s) 'example_setup_teardown' retrieved from /home/airflow/.local/lib/python3.12/site-packages/airflow/example_dags/example_setup_teardown.py
[2024-06-16T12:47:33.211+0000] {logging_mixin.py:188} INFO - [2024-06-16T12:47:33.211+0000] {dag.py:3096} INFO - Sync 1 DAGs
[2024-06-16T12:47:33.342+0000] {logging_mixin.py:188} INFO - [2024-06-16T12:47:33.342+0000] {dag.py:3954} INFO - Setting next_dagrun for example_setup_teardown to 2024-06-15 00:00:00+00:00, run_after=2024-06-16 00:00:00+00:00
[2024-06-16T12:47:33.443+0000] {processor.py:183} INFO - Processing /home/airflow/.local/lib/python3.12/site-packages/airflow/example_dags/example_setup_teardown.py took 0.537 seconds
[2024-06-16T12:48:04.177+0000] {processor.py:161} INFO - Started process (PID=367) to work on /home/airflow/.local/lib/python3.12/site-packages/airflow/example_dags/example_setup_teardown.py
[2024-06-16T12:48:04.179+0000] {processor.py:830} INFO - Processing file /home/airflow/.local/lib/python3.12/site-packages/airflow/example_dags/example_setup_teardown.py for tasks to queue
[2024-06-16T12:48:04.182+0000] {logging_mixin.py:188} INFO - [2024-06-16T12:48:04.182+0000] {dagbag.py:545} INFO - Filling up the DagBag from /home/airflow/.local/lib/python3.12/site-packages/airflow/example_dags/example_setup_teardown.py
[2024-06-16T12:48:04.199+0000] {processor.py:840} INFO - DAG(s) 'example_setup_teardown' retrieved from /home/airflow/.local/lib/python3.12/site-packages/airflow/example_dags/example_setup_teardown.py
[2024-06-16T12:48:04.249+0000] {logging_mixin.py:188} INFO - [2024-06-16T12:48:04.248+0000] {dag.py:3096} INFO - Sync 1 DAGs
[2024-06-16T12:48:04.335+0000] {logging_mixin.py:188} INFO - [2024-06-16T12:48:04.334+0000] {dag.py:3954} INFO - Setting next_dagrun for example_setup_teardown to 2024-06-15 00:00:00+00:00, run_after=2024-06-16 00:00:00+00:00
[2024-06-16T12:48:04.478+0000] {processor.py:183} INFO - Processing /home/airflow/.local/lib/python3.12/site-packages/airflow/example_dags/example_setup_teardown.py took 0.320 seconds
[2024-06-16T12:48:39.918+0000] {processor.py:161} INFO - Started process (PID=426) to work on /home/airflow/.local/lib/python3.12/site-packages/airflow/example_dags/example_setup_teardown.py
[2024-06-16T12:48:39.921+0000] {processor.py:830} INFO - Processing file /home/airflow/.local/lib/python3.12/site-packages/airflow/example_dags/example_setup_teardown.py for tasks to queue
[2024-06-16T12:48:39.925+0000] {logging_mixin.py:188} INFO - [2024-06-16T12:48:39.924+0000] {dagbag.py:545} INFO - Filling up the DagBag from /home/airflow/.local/lib/python3.12/site-packages/airflow/example_dags/example_setup_teardown.py
[2024-06-16T12:48:39.940+0000] {processor.py:840} INFO - DAG(s) 'example_setup_teardown' retrieved from /home/airflow/.local/lib/python3.12/site-packages/airflow/example_dags/example_setup_teardown.py
[2024-06-16T12:48:39.985+0000] {logging_mixin.py:188} INFO - [2024-06-16T12:48:39.985+0000] {dag.py:3096} INFO - Sync 1 DAGs
[2024-06-16T12:48:40.056+0000] {logging_mixin.py:188} INFO - [2024-06-16T12:48:40.056+0000] {dag.py:3954} INFO - Setting next_dagrun for example_setup_teardown to 2024-06-15 00:00:00+00:00, run_after=2024-06-16 00:00:00+00:00
[2024-06-16T12:48:40.100+0000] {processor.py:183} INFO - Processing /home/airflow/.local/lib/python3.12/site-packages/airflow/example_dags/example_setup_teardown.py took 0.194 seconds
[2024-06-16T12:49:15.180+0000] {processor.py:161} INFO - Started process (PID=485) to work on /home/airflow/.local/lib/python3.12/site-packages/airflow/example_dags/example_setup_teardown.py
[2024-06-16T12:49:15.181+0000] {processor.py:830} INFO - Processing file /home/airflow/.local/lib/python3.12/site-packages/airflow/example_dags/example_setup_teardown.py for tasks to queue
[2024-06-16T12:49:15.186+0000] {logging_mixin.py:188} INFO - [2024-06-16T12:49:15.185+0000] {dagbag.py:545} INFO - Filling up the DagBag from /home/airflow/.local/lib/python3.12/site-packages/airflow/example_dags/example_setup_teardown.py
[2024-06-16T12:49:15.199+0000] {processor.py:840} INFO - DAG(s) 'example_setup_teardown' retrieved from /home/airflow/.local/lib/python3.12/site-packages/airflow/example_dags/example_setup_teardown.py
[2024-06-16T12:49:15.248+0000] {logging_mixin.py:188} INFO - [2024-06-16T12:49:15.247+0000] {dag.py:3096} INFO - Sync 1 DAGs
[2024-06-16T12:49:15.305+0000] {logging_mixin.py:188} INFO - [2024-06-16T12:49:15.305+0000] {dag.py:3954} INFO - Setting next_dagrun for example_setup_teardown to 2024-06-15 00:00:00+00:00, run_after=2024-06-16 00:00:00+00:00
[2024-06-16T12:49:15.353+0000] {processor.py:183} INFO - Processing /home/airflow/.local/lib/python3.12/site-packages/airflow/example_dags/example_setup_teardown.py took 0.185 seconds
[2024-06-16T12:50:04.745+0000] {processor.py:161} INFO - Started process (PID=544) to work on /home/airflow/.local/lib/python3.12/site-packages/airflow/example_dags/example_setup_teardown.py
[2024-06-16T12:50:04.758+0000] {processor.py:830} INFO - Processing file /home/airflow/.local/lib/python3.12/site-packages/airflow/example_dags/example_setup_teardown.py for tasks to queue
[2024-06-16T12:50:04.762+0000] {logging_mixin.py:188} INFO - [2024-06-16T12:50:04.761+0000] {dagbag.py:545} INFO - Filling up the DagBag from /home/airflow/.local/lib/python3.12/site-packages/airflow/example_dags/example_setup_teardown.py
[2024-06-16T12:50:04.794+0000] {processor.py:840} INFO - DAG(s) 'example_setup_teardown' retrieved from /home/airflow/.local/lib/python3.12/site-packages/airflow/example_dags/example_setup_teardown.py
[2024-06-16T12:50:04.921+0000] {logging_mixin.py:188} INFO - [2024-06-16T12:50:04.920+0000] {dag.py:3096} INFO - Sync 1 DAGs
[2024-06-16T12:50:05.130+0000] {logging_mixin.py:188} INFO - [2024-06-16T12:50:05.129+0000] {dag.py:3954} INFO - Setting next_dagrun for example_setup_teardown to 2024-06-15 00:00:00+00:00, run_after=2024-06-16 00:00:00+00:00
[2024-06-16T12:50:05.253+0000] {processor.py:183} INFO - Processing /home/airflow/.local/lib/python3.12/site-packages/airflow/example_dags/example_setup_teardown.py took 0.540 seconds
[2024-06-16T12:50:52.910+0000] {processor.py:161} INFO - Started process (PID=589) to work on /home/airflow/.local/lib/python3.12/site-packages/airflow/example_dags/example_setup_teardown.py
[2024-06-16T12:50:52.915+0000] {processor.py:830} INFO - Processing file /home/airflow/.local/lib/python3.12/site-packages/airflow/example_dags/example_setup_teardown.py for tasks to queue
[2024-06-16T12:50:52.924+0000] {logging_mixin.py:188} INFO - [2024-06-16T12:50:52.924+0000] {dagbag.py:545} INFO - Filling up the DagBag from /home/airflow/.local/lib/python3.12/site-packages/airflow/example_dags/example_setup_teardown.py
[2024-06-16T12:50:52.962+0000] {processor.py:840} INFO - DAG(s) 'example_setup_teardown' retrieved from /home/airflow/.local/lib/python3.12/site-packages/airflow/example_dags/example_setup_teardown.py
[2024-06-16T12:50:53.010+0000] {logging_mixin.py:188} INFO - [2024-06-16T12:50:53.010+0000] {dag.py:3096} INFO - Sync 1 DAGs
[2024-06-16T12:50:53.060+0000] {logging_mixin.py:188} INFO - [2024-06-16T12:50:53.060+0000] {dag.py:3954} INFO - Setting next_dagrun for example_setup_teardown to 2024-06-15 00:00:00+00:00, run_after=2024-06-16 00:00:00+00:00
[2024-06-16T12:50:53.109+0000] {processor.py:183} INFO - Processing /home/airflow/.local/lib/python3.12/site-packages/airflow/example_dags/example_setup_teardown.py took 0.210 seconds
[2024-06-16T12:51:25.160+0000] {processor.py:161} INFO - Started process (PID=648) to work on /home/airflow/.local/lib/python3.12/site-packages/airflow/example_dags/example_setup_teardown.py
[2024-06-16T12:51:25.167+0000] {processor.py:830} INFO - Processing file /home/airflow/.local/lib/python3.12/site-packages/airflow/example_dags/example_setup_teardown.py for tasks to queue
[2024-06-16T12:51:25.170+0000] {logging_mixin.py:188} INFO - [2024-06-16T12:51:25.170+0000] {dagbag.py:545} INFO - Filling up the DagBag from /home/airflow/.local/lib/python3.12/site-packages/airflow/example_dags/example_setup_teardown.py
[2024-06-16T12:51:25.185+0000] {processor.py:840} INFO - DAG(s) 'example_setup_teardown' retrieved from /home/airflow/.local/lib/python3.12/site-packages/airflow/example_dags/example_setup_teardown.py
[2024-06-16T12:51:25.253+0000] {logging_mixin.py:188} INFO - [2024-06-16T12:51:25.253+0000] {dag.py:3096} INFO - Sync 1 DAGs
[2024-06-16T12:51:25.312+0000] {logging_mixin.py:188} INFO - [2024-06-16T12:51:25.312+0000] {dag.py:3954} INFO - Setting next_dagrun for example_setup_teardown to 2024-06-15 00:00:00+00:00, run_after=2024-06-16 00:00:00+00:00
[2024-06-16T12:51:25.391+0000] {processor.py:183} INFO - Processing /home/airflow/.local/lib/python3.12/site-packages/airflow/example_dags/example_setup_teardown.py took 0.264 seconds
[2024-06-16T12:51:55.547+0000] {processor.py:161} INFO - Started process (PID=707) to work on /home/airflow/.local/lib/python3.12/site-packages/airflow/example_dags/example_setup_teardown.py
[2024-06-16T12:51:55.548+0000] {processor.py:830} INFO - Processing file /home/airflow/.local/lib/python3.12/site-packages/airflow/example_dags/example_setup_teardown.py for tasks to queue
[2024-06-16T12:51:55.551+0000] {logging_mixin.py:188} INFO - [2024-06-16T12:51:55.550+0000] {dagbag.py:545} INFO - Filling up the DagBag from /home/airflow/.local/lib/python3.12/site-packages/airflow/example_dags/example_setup_teardown.py
[2024-06-16T12:51:55.561+0000] {processor.py:840} INFO - DAG(s) 'example_setup_teardown' retrieved from /home/airflow/.local/lib/python3.12/site-packages/airflow/example_dags/example_setup_teardown.py
[2024-06-16T12:51:55.591+0000] {logging_mixin.py:188} INFO - [2024-06-16T12:51:55.591+0000] {dag.py:3096} INFO - Sync 1 DAGs
[2024-06-16T12:51:55.623+0000] {logging_mixin.py:188} INFO - [2024-06-16T12:51:55.623+0000] {dag.py:3954} INFO - Setting next_dagrun for example_setup_teardown to 2024-06-15 00:00:00+00:00, run_after=2024-06-16 00:00:00+00:00
[2024-06-16T12:51:55.649+0000] {processor.py:183} INFO - Processing /home/airflow/.local/lib/python3.12/site-packages/airflow/example_dags/example_setup_teardown.py took 0.110 seconds
[2024-06-16T12:52:26.539+0000] {processor.py:161} INFO - Started process (PID=766) to work on /home/airflow/.local/lib/python3.12/site-packages/airflow/example_dags/example_setup_teardown.py
[2024-06-16T12:52:26.540+0000] {processor.py:830} INFO - Processing file /home/airflow/.local/lib/python3.12/site-packages/airflow/example_dags/example_setup_teardown.py for tasks to queue
[2024-06-16T12:52:26.542+0000] {logging_mixin.py:188} INFO - [2024-06-16T12:52:26.541+0000] {dagbag.py:545} INFO - Filling up the DagBag from /home/airflow/.local/lib/python3.12/site-packages/airflow/example_dags/example_setup_teardown.py
[2024-06-16T12:52:26.550+0000] {processor.py:840} INFO - DAG(s) 'example_setup_teardown' retrieved from /home/airflow/.local/lib/python3.12/site-packages/airflow/example_dags/example_setup_teardown.py
[2024-06-16T12:52:26.576+0000] {logging_mixin.py:188} INFO - [2024-06-16T12:52:26.575+0000] {dag.py:3096} INFO - Sync 1 DAGs
[2024-06-16T12:52:26.602+0000] {logging_mixin.py:188} INFO - [2024-06-16T12:52:26.602+0000] {dag.py:3954} INFO - Setting next_dagrun for example_setup_teardown to 2024-06-15 00:00:00+00:00, run_after=2024-06-16 00:00:00+00:00
[2024-06-16T12:52:26.625+0000] {processor.py:183} INFO - Processing /home/airflow/.local/lib/python3.12/site-packages/airflow/example_dags/example_setup_teardown.py took 0.093 seconds
[2024-06-16T12:52:56.857+0000] {processor.py:161} INFO - Started process (PID=826) to work on /home/airflow/.local/lib/python3.12/site-packages/airflow/example_dags/example_setup_teardown.py
[2024-06-16T12:52:56.858+0000] {processor.py:830} INFO - Processing file /home/airflow/.local/lib/python3.12/site-packages/airflow/example_dags/example_setup_teardown.py for tasks to queue
[2024-06-16T12:52:56.859+0000] {logging_mixin.py:188} INFO - [2024-06-16T12:52:56.859+0000] {dagbag.py:545} INFO - Filling up the DagBag from /home/airflow/.local/lib/python3.12/site-packages/airflow/example_dags/example_setup_teardown.py
[2024-06-16T12:52:56.868+0000] {processor.py:840} INFO - DAG(s) 'example_setup_teardown' retrieved from /home/airflow/.local/lib/python3.12/site-packages/airflow/example_dags/example_setup_teardown.py
[2024-06-16T12:52:56.894+0000] {logging_mixin.py:188} INFO - [2024-06-16T12:52:56.894+0000] {dag.py:3096} INFO - Sync 1 DAGs
[2024-06-16T12:52:56.925+0000] {logging_mixin.py:188} INFO - [2024-06-16T12:52:56.925+0000] {dag.py:3954} INFO - Setting next_dagrun for example_setup_teardown to 2024-06-15 00:00:00+00:00, run_after=2024-06-16 00:00:00+00:00
[2024-06-16T12:52:56.950+0000] {processor.py:183} INFO - Processing /home/airflow/.local/lib/python3.12/site-packages/airflow/example_dags/example_setup_teardown.py took 0.101 seconds
[2024-06-16T12:53:27.311+0000] {processor.py:161} INFO - Started process (PID=884) to work on /home/airflow/.local/lib/python3.12/site-packages/airflow/example_dags/example_setup_teardown.py
[2024-06-16T12:53:27.312+0000] {processor.py:830} INFO - Processing file /home/airflow/.local/lib/python3.12/site-packages/airflow/example_dags/example_setup_teardown.py for tasks to queue
[2024-06-16T12:53:27.312+0000] {logging_mixin.py:188} INFO - [2024-06-16T12:53:27.312+0000] {dagbag.py:545} INFO - Filling up the DagBag from /home/airflow/.local/lib/python3.12/site-packages/airflow/example_dags/example_setup_teardown.py
[2024-06-16T12:53:27.322+0000] {processor.py:840} INFO - DAG(s) 'example_setup_teardown' retrieved from /home/airflow/.local/lib/python3.12/site-packages/airflow/example_dags/example_setup_teardown.py
[2024-06-16T12:53:27.346+0000] {logging_mixin.py:188} INFO - [2024-06-16T12:53:27.346+0000] {dag.py:3096} INFO - Sync 1 DAGs
[2024-06-16T12:53:27.375+0000] {logging_mixin.py:188} INFO - [2024-06-16T12:53:27.375+0000] {dag.py:3954} INFO - Setting next_dagrun for example_setup_teardown to 2024-06-15 00:00:00+00:00, run_after=2024-06-16 00:00:00+00:00
[2024-06-16T12:53:27.400+0000] {processor.py:183} INFO - Processing /home/airflow/.local/lib/python3.12/site-packages/airflow/example_dags/example_setup_teardown.py took 0.096 seconds
[2024-06-16T12:53:57.896+0000] {processor.py:161} INFO - Started process (PID=943) to work on /home/airflow/.local/lib/python3.12/site-packages/airflow/example_dags/example_setup_teardown.py
[2024-06-16T12:53:57.898+0000] {processor.py:830} INFO - Processing file /home/airflow/.local/lib/python3.12/site-packages/airflow/example_dags/example_setup_teardown.py for tasks to queue
[2024-06-16T12:53:57.900+0000] {logging_mixin.py:188} INFO - [2024-06-16T12:53:57.899+0000] {dagbag.py:545} INFO - Filling up the DagBag from /home/airflow/.local/lib/python3.12/site-packages/airflow/example_dags/example_setup_teardown.py
[2024-06-16T12:53:57.914+0000] {processor.py:840} INFO - DAG(s) 'example_setup_teardown' retrieved from /home/airflow/.local/lib/python3.12/site-packages/airflow/example_dags/example_setup_teardown.py
[2024-06-16T12:53:57.952+0000] {logging_mixin.py:188} INFO - [2024-06-16T12:53:57.951+0000] {dag.py:3096} INFO - Sync 1 DAGs
[2024-06-16T12:53:57.988+0000] {logging_mixin.py:188} INFO - [2024-06-16T12:53:57.987+0000] {dag.py:3954} INFO - Setting next_dagrun for example_setup_teardown to 2024-06-15 00:00:00+00:00, run_after=2024-06-16 00:00:00+00:00
[2024-06-16T12:53:58.018+0000] {processor.py:183} INFO - Processing /home/airflow/.local/lib/python3.12/site-packages/airflow/example_dags/example_setup_teardown.py took 0.134 seconds
[2024-06-16T12:54:28.421+0000] {processor.py:161} INFO - Started process (PID=1002) to work on /home/airflow/.local/lib/python3.12/site-packages/airflow/example_dags/example_setup_teardown.py
[2024-06-16T12:54:28.422+0000] {processor.py:830} INFO - Processing file /home/airflow/.local/lib/python3.12/site-packages/airflow/example_dags/example_setup_teardown.py for tasks to queue
[2024-06-16T12:54:28.423+0000] {logging_mixin.py:188} INFO - [2024-06-16T12:54:28.423+0000] {dagbag.py:545} INFO - Filling up the DagBag from /home/airflow/.local/lib/python3.12/site-packages/airflow/example_dags/example_setup_teardown.py
[2024-06-16T12:54:28.435+0000] {processor.py:840} INFO - DAG(s) 'example_setup_teardown' retrieved from /home/airflow/.local/lib/python3.12/site-packages/airflow/example_dags/example_setup_teardown.py
[2024-06-16T12:54:28.484+0000] {logging_mixin.py:188} INFO - [2024-06-16T12:54:28.484+0000] {dag.py:3096} INFO - Sync 1 DAGs
[2024-06-16T12:54:28.558+0000] {logging_mixin.py:188} INFO - [2024-06-16T12:54:28.558+0000] {dag.py:3954} INFO - Setting next_dagrun for example_setup_teardown to 2024-06-15 00:00:00+00:00, run_after=2024-06-16 00:00:00+00:00
[2024-06-16T12:54:28.597+0000] {processor.py:183} INFO - Processing /home/airflow/.local/lib/python3.12/site-packages/airflow/example_dags/example_setup_teardown.py took 0.186 seconds
[2024-06-16T12:54:59.311+0000] {processor.py:161} INFO - Started process (PID=1061) to work on /home/airflow/.local/lib/python3.12/site-packages/airflow/example_dags/example_setup_teardown.py
[2024-06-16T12:54:59.312+0000] {processor.py:830} INFO - Processing file /home/airflow/.local/lib/python3.12/site-packages/airflow/example_dags/example_setup_teardown.py for tasks to queue
[2024-06-16T12:54:59.313+0000] {logging_mixin.py:188} INFO - [2024-06-16T12:54:59.313+0000] {dagbag.py:545} INFO - Filling up the DagBag from /home/airflow/.local/lib/python3.12/site-packages/airflow/example_dags/example_setup_teardown.py
[2024-06-16T12:54:59.323+0000] {processor.py:840} INFO - DAG(s) 'example_setup_teardown' retrieved from /home/airflow/.local/lib/python3.12/site-packages/airflow/example_dags/example_setup_teardown.py
[2024-06-16T12:54:59.350+0000] {logging_mixin.py:188} INFO - [2024-06-16T12:54:59.349+0000] {dag.py:3096} INFO - Sync 1 DAGs
[2024-06-16T12:54:59.377+0000] {logging_mixin.py:188} INFO - [2024-06-16T12:54:59.377+0000] {dag.py:3954} INFO - Setting next_dagrun for example_setup_teardown to 2024-06-15 00:00:00+00:00, run_after=2024-06-16 00:00:00+00:00
[2024-06-16T12:54:59.401+0000] {processor.py:183} INFO - Processing /home/airflow/.local/lib/python3.12/site-packages/airflow/example_dags/example_setup_teardown.py took 0.096 seconds
[2024-06-16T12:55:29.653+0000] {processor.py:161} INFO - Started process (PID=1120) to work on /home/airflow/.local/lib/python3.12/site-packages/airflow/example_dags/example_setup_teardown.py
[2024-06-16T12:55:29.654+0000] {processor.py:830} INFO - Processing file /home/airflow/.local/lib/python3.12/site-packages/airflow/example_dags/example_setup_teardown.py for tasks to queue
[2024-06-16T12:55:29.655+0000] {logging_mixin.py:188} INFO - [2024-06-16T12:55:29.654+0000] {dagbag.py:545} INFO - Filling up the DagBag from /home/airflow/.local/lib/python3.12/site-packages/airflow/example_dags/example_setup_teardown.py
[2024-06-16T12:55:29.664+0000] {processor.py:840} INFO - DAG(s) 'example_setup_teardown' retrieved from /home/airflow/.local/lib/python3.12/site-packages/airflow/example_dags/example_setup_teardown.py
[2024-06-16T12:55:29.687+0000] {logging_mixin.py:188} INFO - [2024-06-16T12:55:29.687+0000] {dag.py:3096} INFO - Sync 1 DAGs
[2024-06-16T12:55:29.713+0000] {logging_mixin.py:188} INFO - [2024-06-16T12:55:29.713+0000] {dag.py:3954} INFO - Setting next_dagrun for example_setup_teardown to 2024-06-15 00:00:00+00:00, run_after=2024-06-16 00:00:00+00:00
[2024-06-16T12:55:29.735+0000] {processor.py:183} INFO - Processing /home/airflow/.local/lib/python3.12/site-packages/airflow/example_dags/example_setup_teardown.py took 0.089 seconds
[2024-06-16T12:56:00.558+0000] {processor.py:161} INFO - Started process (PID=1178) to work on /home/airflow/.local/lib/python3.12/site-packages/airflow/example_dags/example_setup_teardown.py
[2024-06-16T12:56:00.559+0000] {processor.py:830} INFO - Processing file /home/airflow/.local/lib/python3.12/site-packages/airflow/example_dags/example_setup_teardown.py for tasks to queue
[2024-06-16T12:56:00.560+0000] {logging_mixin.py:188} INFO - [2024-06-16T12:56:00.560+0000] {dagbag.py:545} INFO - Filling up the DagBag from /home/airflow/.local/lib/python3.12/site-packages/airflow/example_dags/example_setup_teardown.py
[2024-06-16T12:56:00.571+0000] {processor.py:840} INFO - DAG(s) 'example_setup_teardown' retrieved from /home/airflow/.local/lib/python3.12/site-packages/airflow/example_dags/example_setup_teardown.py
[2024-06-16T12:56:00.609+0000] {logging_mixin.py:188} INFO - [2024-06-16T12:56:00.608+0000] {dag.py:3096} INFO - Sync 1 DAGs
[2024-06-16T12:56:00.646+0000] {logging_mixin.py:188} INFO - [2024-06-16T12:56:00.646+0000] {dag.py:3954} INFO - Setting next_dagrun for example_setup_teardown to 2024-06-15 00:00:00+00:00, run_after=2024-06-16 00:00:00+00:00
[2024-06-16T12:56:00.675+0000] {processor.py:183} INFO - Processing /home/airflow/.local/lib/python3.12/site-packages/airflow/example_dags/example_setup_teardown.py took 0.128 seconds
[2024-06-16T12:56:31.556+0000] {processor.py:161} INFO - Started process (PID=1237) to work on /home/airflow/.local/lib/python3.12/site-packages/airflow/example_dags/example_setup_teardown.py
[2024-06-16T12:56:31.557+0000] {processor.py:830} INFO - Processing file /home/airflow/.local/lib/python3.12/site-packages/airflow/example_dags/example_setup_teardown.py for tasks to queue
[2024-06-16T12:56:31.559+0000] {logging_mixin.py:188} INFO - [2024-06-16T12:56:31.558+0000] {dagbag.py:545} INFO - Filling up the DagBag from /home/airflow/.local/lib/python3.12/site-packages/airflow/example_dags/example_setup_teardown.py
[2024-06-16T12:56:31.570+0000] {processor.py:840} INFO - DAG(s) 'example_setup_teardown' retrieved from /home/airflow/.local/lib/python3.12/site-packages/airflow/example_dags/example_setup_teardown.py
[2024-06-16T12:56:31.608+0000] {logging_mixin.py:188} INFO - [2024-06-16T12:56:31.608+0000] {dag.py:3096} INFO - Sync 1 DAGs
[2024-06-16T12:56:31.651+0000] {logging_mixin.py:188} INFO - [2024-06-16T12:56:31.651+0000] {dag.py:3954} INFO - Setting next_dagrun for example_setup_teardown to 2024-06-15 00:00:00+00:00, run_after=2024-06-16 00:00:00+00:00
[2024-06-16T12:56:31.687+0000] {processor.py:183} INFO - Processing /home/airflow/.local/lib/python3.12/site-packages/airflow/example_dags/example_setup_teardown.py took 0.139 seconds
[2024-06-16T12:57:02.236+0000] {processor.py:161} INFO - Started process (PID=1296) to work on /home/airflow/.local/lib/python3.12/site-packages/airflow/example_dags/example_setup_teardown.py
[2024-06-16T12:57:02.244+0000] {processor.py:830} INFO - Processing file /home/airflow/.local/lib/python3.12/site-packages/airflow/example_dags/example_setup_teardown.py for tasks to queue
[2024-06-16T12:57:02.245+0000] {logging_mixin.py:188} INFO - [2024-06-16T12:57:02.245+0000] {dagbag.py:545} INFO - Filling up the DagBag from /home/airflow/.local/lib/python3.12/site-packages/airflow/example_dags/example_setup_teardown.py
[2024-06-16T12:57:02.259+0000] {processor.py:840} INFO - DAG(s) 'example_setup_teardown' retrieved from /home/airflow/.local/lib/python3.12/site-packages/airflow/example_dags/example_setup_teardown.py
[2024-06-16T12:57:02.301+0000] {logging_mixin.py:188} INFO - [2024-06-16T12:57:02.300+0000] {dag.py:3096} INFO - Sync 1 DAGs
[2024-06-16T12:57:02.348+0000] {logging_mixin.py:188} INFO - [2024-06-16T12:57:02.348+0000] {dag.py:3954} INFO - Setting next_dagrun for example_setup_teardown to 2024-06-15 00:00:00+00:00, run_after=2024-06-16 00:00:00+00:00
[2024-06-16T12:57:02.382+0000] {processor.py:183} INFO - Processing /home/airflow/.local/lib/python3.12/site-packages/airflow/example_dags/example_setup_teardown.py took 0.189 seconds
[2024-06-16T12:57:32.517+0000] {processor.py:161} INFO - Started process (PID=1354) to work on /home/airflow/.local/lib/python3.12/site-packages/airflow/example_dags/example_setup_teardown.py
[2024-06-16T12:57:32.518+0000] {processor.py:830} INFO - Processing file /home/airflow/.local/lib/python3.12/site-packages/airflow/example_dags/example_setup_teardown.py for tasks to queue
[2024-06-16T12:57:32.519+0000] {logging_mixin.py:188} INFO - [2024-06-16T12:57:32.519+0000] {dagbag.py:545} INFO - Filling up the DagBag from /home/airflow/.local/lib/python3.12/site-packages/airflow/example_dags/example_setup_teardown.py
[2024-06-16T12:57:32.526+0000] {processor.py:840} INFO - DAG(s) 'example_setup_teardown' retrieved from /home/airflow/.local/lib/python3.12/site-packages/airflow/example_dags/example_setup_teardown.py
[2024-06-16T12:57:32.548+0000] {logging_mixin.py:188} INFO - [2024-06-16T12:57:32.548+0000] {dag.py:3096} INFO - Sync 1 DAGs
[2024-06-16T12:57:32.573+0000] {logging_mixin.py:188} INFO - [2024-06-16T12:57:32.573+0000] {dag.py:3954} INFO - Setting next_dagrun for example_setup_teardown to 2024-06-15 00:00:00+00:00, run_after=2024-06-16 00:00:00+00:00
[2024-06-16T12:57:32.593+0000] {processor.py:183} INFO - Processing /home/airflow/.local/lib/python3.12/site-packages/airflow/example_dags/example_setup_teardown.py took 0.082 seconds
[2024-06-16T12:58:03.116+0000] {processor.py:161} INFO - Started process (PID=1413) to work on /home/airflow/.local/lib/python3.12/site-packages/airflow/example_dags/example_setup_teardown.py
[2024-06-16T12:58:03.116+0000] {processor.py:830} INFO - Processing file /home/airflow/.local/lib/python3.12/site-packages/airflow/example_dags/example_setup_teardown.py for tasks to queue
[2024-06-16T12:58:03.117+0000] {logging_mixin.py:188} INFO - [2024-06-16T12:58:03.117+0000] {dagbag.py:545} INFO - Filling up the DagBag from /home/airflow/.local/lib/python3.12/site-packages/airflow/example_dags/example_setup_teardown.py
[2024-06-16T12:58:03.124+0000] {processor.py:840} INFO - DAG(s) 'example_setup_teardown' retrieved from /home/airflow/.local/lib/python3.12/site-packages/airflow/example_dags/example_setup_teardown.py
[2024-06-16T12:58:03.147+0000] {logging_mixin.py:188} INFO - [2024-06-16T12:58:03.147+0000] {dag.py:3096} INFO - Sync 1 DAGs
[2024-06-16T12:58:03.187+0000] {logging_mixin.py:188} INFO - [2024-06-16T12:58:03.186+0000] {dag.py:3954} INFO - Setting next_dagrun for example_setup_teardown to 2024-06-15 00:00:00+00:00, run_after=2024-06-16 00:00:00+00:00
[2024-06-16T12:58:03.232+0000] {processor.py:183} INFO - Processing /home/airflow/.local/lib/python3.12/site-packages/airflow/example_dags/example_setup_teardown.py took 0.123 seconds
[2024-06-16T12:58:34.196+0000] {processor.py:161} INFO - Started process (PID=1471) to work on /home/airflow/.local/lib/python3.12/site-packages/airflow/example_dags/example_setup_teardown.py
[2024-06-16T12:58:34.198+0000] {processor.py:830} INFO - Processing file /home/airflow/.local/lib/python3.12/site-packages/airflow/example_dags/example_setup_teardown.py for tasks to queue
[2024-06-16T12:58:34.199+0000] {logging_mixin.py:188} INFO - [2024-06-16T12:58:34.199+0000] {dagbag.py:545} INFO - Filling up the DagBag from /home/airflow/.local/lib/python3.12/site-packages/airflow/example_dags/example_setup_teardown.py
[2024-06-16T12:58:34.233+0000] {processor.py:840} INFO - DAG(s) 'example_setup_teardown' retrieved from /home/airflow/.local/lib/python3.12/site-packages/airflow/example_dags/example_setup_teardown.py
[2024-06-16T12:58:34.344+0000] {logging_mixin.py:188} INFO - [2024-06-16T12:58:34.343+0000] {dag.py:3096} INFO - Sync 1 DAGs
[2024-06-16T12:58:34.405+0000] {logging_mixin.py:188} INFO - [2024-06-16T12:58:34.404+0000] {dag.py:3954} INFO - Setting next_dagrun for example_setup_teardown to 2024-06-15 00:00:00+00:00, run_after=2024-06-16 00:00:00+00:00
[2024-06-16T12:58:34.445+0000] {processor.py:183} INFO - Processing /home/airflow/.local/lib/python3.12/site-packages/airflow/example_dags/example_setup_teardown.py took 0.268 seconds
[2024-06-16T12:59:04.577+0000] {processor.py:161} INFO - Started process (PID=1537) to work on /home/airflow/.local/lib/python3.12/site-packages/airflow/example_dags/example_setup_teardown.py
[2024-06-16T12:59:04.578+0000] {processor.py:830} INFO - Processing file /home/airflow/.local/lib/python3.12/site-packages/airflow/example_dags/example_setup_teardown.py for tasks to queue
[2024-06-16T12:59:04.579+0000] {logging_mixin.py:188} INFO - [2024-06-16T12:59:04.579+0000] {dagbag.py:545} INFO - Filling up the DagBag from /home/airflow/.local/lib/python3.12/site-packages/airflow/example_dags/example_setup_teardown.py
[2024-06-16T12:59:04.591+0000] {processor.py:840} INFO - DAG(s) 'example_setup_teardown' retrieved from /home/airflow/.local/lib/python3.12/site-packages/airflow/example_dags/example_setup_teardown.py
[2024-06-16T12:59:04.620+0000] {logging_mixin.py:188} INFO - [2024-06-16T12:59:04.619+0000] {dag.py:3096} INFO - Sync 1 DAGs
[2024-06-16T12:59:04.652+0000] {logging_mixin.py:188} INFO - [2024-06-16T12:59:04.652+0000] {dag.py:3954} INFO - Setting next_dagrun for example_setup_teardown to 2024-06-15 00:00:00+00:00, run_after=2024-06-16 00:00:00+00:00
[2024-06-16T12:59:04.682+0000] {processor.py:183} INFO - Processing /home/airflow/.local/lib/python3.12/site-packages/airflow/example_dags/example_setup_teardown.py took 0.113 seconds
[2024-06-16T12:59:34.938+0000] {processor.py:161} INFO - Started process (PID=1599) to work on /home/airflow/.local/lib/python3.12/site-packages/airflow/example_dags/example_setup_teardown.py
[2024-06-16T12:59:34.939+0000] {processor.py:830} INFO - Processing file /home/airflow/.local/lib/python3.12/site-packages/airflow/example_dags/example_setup_teardown.py for tasks to queue
[2024-06-16T12:59:34.940+0000] {logging_mixin.py:188} INFO - [2024-06-16T12:59:34.939+0000] {dagbag.py:545} INFO - Filling up the DagBag from /home/airflow/.local/lib/python3.12/site-packages/airflow/example_dags/example_setup_teardown.py
[2024-06-16T12:59:34.951+0000] {processor.py:840} INFO - DAG(s) 'example_setup_teardown' retrieved from /home/airflow/.local/lib/python3.12/site-packages/airflow/example_dags/example_setup_teardown.py
[2024-06-16T12:59:34.977+0000] {logging_mixin.py:188} INFO - [2024-06-16T12:59:34.976+0000] {dag.py:3096} INFO - Sync 1 DAGs
[2024-06-16T12:59:35.005+0000] {logging_mixin.py:188} INFO - [2024-06-16T12:59:35.005+0000] {dag.py:3954} INFO - Setting next_dagrun for example_setup_teardown to 2024-06-15 00:00:00+00:00, run_after=2024-06-16 00:00:00+00:00
[2024-06-16T12:59:35.030+0000] {processor.py:183} INFO - Processing /home/airflow/.local/lib/python3.12/site-packages/airflow/example_dags/example_setup_teardown.py took 0.103 seconds
[2024-06-16T13:00:05.698+0000] {processor.py:161} INFO - Started process (PID=1660) to work on /home/airflow/.local/lib/python3.12/site-packages/airflow/example_dags/example_setup_teardown.py
[2024-06-16T13:00:05.699+0000] {processor.py:830} INFO - Processing file /home/airflow/.local/lib/python3.12/site-packages/airflow/example_dags/example_setup_teardown.py for tasks to queue
[2024-06-16T13:00:05.700+0000] {logging_mixin.py:188} INFO - [2024-06-16T13:00:05.700+0000] {dagbag.py:545} INFO - Filling up the DagBag from /home/airflow/.local/lib/python3.12/site-packages/airflow/example_dags/example_setup_teardown.py
[2024-06-16T13:00:05.710+0000] {processor.py:840} INFO - DAG(s) 'example_setup_teardown' retrieved from /home/airflow/.local/lib/python3.12/site-packages/airflow/example_dags/example_setup_teardown.py
[2024-06-16T13:00:05.739+0000] {logging_mixin.py:188} INFO - [2024-06-16T13:00:05.739+0000] {dag.py:3096} INFO - Sync 1 DAGs
[2024-06-16T13:00:05.771+0000] {logging_mixin.py:188} INFO - [2024-06-16T13:00:05.771+0000] {dag.py:3954} INFO - Setting next_dagrun for example_setup_teardown to 2024-06-15 00:00:00+00:00, run_after=2024-06-16 00:00:00+00:00
[2024-06-16T13:00:05.797+0000] {processor.py:183} INFO - Processing /home/airflow/.local/lib/python3.12/site-packages/airflow/example_dags/example_setup_teardown.py took 0.106 seconds
[2024-06-16T13:00:36.838+0000] {processor.py:161} INFO - Started process (PID=1725) to work on /home/airflow/.local/lib/python3.12/site-packages/airflow/example_dags/example_setup_teardown.py
[2024-06-16T13:00:36.839+0000] {processor.py:830} INFO - Processing file /home/airflow/.local/lib/python3.12/site-packages/airflow/example_dags/example_setup_teardown.py for tasks to queue
[2024-06-16T13:00:36.841+0000] {logging_mixin.py:188} INFO - [2024-06-16T13:00:36.840+0000] {dagbag.py:545} INFO - Filling up the DagBag from /home/airflow/.local/lib/python3.12/site-packages/airflow/example_dags/example_setup_teardown.py
[2024-06-16T13:00:36.850+0000] {processor.py:840} INFO - DAG(s) 'example_setup_teardown' retrieved from /home/airflow/.local/lib/python3.12/site-packages/airflow/example_dags/example_setup_teardown.py
[2024-06-16T13:00:36.884+0000] {logging_mixin.py:188} INFO - [2024-06-16T13:00:36.884+0000] {dag.py:3096} INFO - Sync 1 DAGs
[2024-06-16T13:00:36.928+0000] {logging_mixin.py:188} INFO - [2024-06-16T13:00:36.927+0000] {dag.py:3954} INFO - Setting next_dagrun for example_setup_teardown to 2024-06-15 00:00:00+00:00, run_after=2024-06-16 00:00:00+00:00
[2024-06-16T13:00:36.960+0000] {processor.py:183} INFO - Processing /home/airflow/.local/lib/python3.12/site-packages/airflow/example_dags/example_setup_teardown.py took 0.129 seconds
[2024-06-16T13:01:08.051+0000] {processor.py:161} INFO - Started process (PID=1784) to work on /home/airflow/.local/lib/python3.12/site-packages/airflow/example_dags/example_setup_teardown.py
[2024-06-16T13:01:08.053+0000] {processor.py:830} INFO - Processing file /home/airflow/.local/lib/python3.12/site-packages/airflow/example_dags/example_setup_teardown.py for tasks to queue
[2024-06-16T13:01:08.055+0000] {logging_mixin.py:188} INFO - [2024-06-16T13:01:08.054+0000] {dagbag.py:545} INFO - Filling up the DagBag from /home/airflow/.local/lib/python3.12/site-packages/airflow/example_dags/example_setup_teardown.py
[2024-06-16T13:01:08.067+0000] {processor.py:840} INFO - DAG(s) 'example_setup_teardown' retrieved from /home/airflow/.local/lib/python3.12/site-packages/airflow/example_dags/example_setup_teardown.py
[2024-06-16T13:01:08.110+0000] {logging_mixin.py:188} INFO - [2024-06-16T13:01:08.110+0000] {dag.py:3096} INFO - Sync 1 DAGs
[2024-06-16T13:01:08.157+0000] {logging_mixin.py:188} INFO - [2024-06-16T13:01:08.157+0000] {dag.py:3954} INFO - Setting next_dagrun for example_setup_teardown to 2024-06-15 00:00:00+00:00, run_after=2024-06-16 00:00:00+00:00
[2024-06-16T13:01:08.192+0000] {processor.py:183} INFO - Processing /home/airflow/.local/lib/python3.12/site-packages/airflow/example_dags/example_setup_teardown.py took 0.152 seconds
[2024-06-16T13:01:39.148+0000] {processor.py:161} INFO - Started process (PID=1843) to work on /home/airflow/.local/lib/python3.12/site-packages/airflow/example_dags/example_setup_teardown.py
[2024-06-16T13:01:39.150+0000] {processor.py:830} INFO - Processing file /home/airflow/.local/lib/python3.12/site-packages/airflow/example_dags/example_setup_teardown.py for tasks to queue
[2024-06-16T13:01:39.151+0000] {logging_mixin.py:188} INFO - [2024-06-16T13:01:39.151+0000] {dagbag.py:545} INFO - Filling up the DagBag from /home/airflow/.local/lib/python3.12/site-packages/airflow/example_dags/example_setup_teardown.py
[2024-06-16T13:01:39.165+0000] {processor.py:840} INFO - DAG(s) 'example_setup_teardown' retrieved from /home/airflow/.local/lib/python3.12/site-packages/airflow/example_dags/example_setup_teardown.py
[2024-06-16T13:01:39.207+0000] {logging_mixin.py:188} INFO - [2024-06-16T13:01:39.207+0000] {dag.py:3096} INFO - Sync 1 DAGs
[2024-06-16T13:01:39.246+0000] {logging_mixin.py:188} INFO - [2024-06-16T13:01:39.246+0000] {dag.py:3954} INFO - Setting next_dagrun for example_setup_teardown to 2024-06-15 00:00:00+00:00, run_after=2024-06-16 00:00:00+00:00
[2024-06-16T13:01:39.291+0000] {processor.py:183} INFO - Processing /home/airflow/.local/lib/python3.12/site-packages/airflow/example_dags/example_setup_teardown.py took 0.159 seconds
[2024-06-16T13:02:09.550+0000] {processor.py:161} INFO - Started process (PID=1901) to work on /home/airflow/.local/lib/python3.12/site-packages/airflow/example_dags/example_setup_teardown.py
[2024-06-16T13:02:09.550+0000] {processor.py:830} INFO - Processing file /home/airflow/.local/lib/python3.12/site-packages/airflow/example_dags/example_setup_teardown.py for tasks to queue
[2024-06-16T13:02:09.551+0000] {logging_mixin.py:188} INFO - [2024-06-16T13:02:09.551+0000] {dagbag.py:545} INFO - Filling up the DagBag from /home/airflow/.local/lib/python3.12/site-packages/airflow/example_dags/example_setup_teardown.py
[2024-06-16T13:02:09.560+0000] {processor.py:840} INFO - DAG(s) 'example_setup_teardown' retrieved from /home/airflow/.local/lib/python3.12/site-packages/airflow/example_dags/example_setup_teardown.py
[2024-06-16T13:02:09.592+0000] {logging_mixin.py:188} INFO - [2024-06-16T13:02:09.591+0000] {dag.py:3096} INFO - Sync 1 DAGs
[2024-06-16T13:02:09.620+0000] {logging_mixin.py:188} INFO - [2024-06-16T13:02:09.620+0000] {dag.py:3954} INFO - Setting next_dagrun for example_setup_teardown to 2024-06-15 00:00:00+00:00, run_after=2024-06-16 00:00:00+00:00
[2024-06-16T13:02:09.647+0000] {processor.py:183} INFO - Processing /home/airflow/.local/lib/python3.12/site-packages/airflow/example_dags/example_setup_teardown.py took 0.103 seconds
[2024-06-16T13:02:39.737+0000] {processor.py:161} INFO - Started process (PID=1960) to work on /home/airflow/.local/lib/python3.12/site-packages/airflow/example_dags/example_setup_teardown.py
[2024-06-16T13:02:39.738+0000] {processor.py:830} INFO - Processing file /home/airflow/.local/lib/python3.12/site-packages/airflow/example_dags/example_setup_teardown.py for tasks to queue
[2024-06-16T13:02:39.739+0000] {logging_mixin.py:188} INFO - [2024-06-16T13:02:39.739+0000] {dagbag.py:545} INFO - Filling up the DagBag from /home/airflow/.local/lib/python3.12/site-packages/airflow/example_dags/example_setup_teardown.py
[2024-06-16T13:02:39.746+0000] {processor.py:840} INFO - DAG(s) 'example_setup_teardown' retrieved from /home/airflow/.local/lib/python3.12/site-packages/airflow/example_dags/example_setup_teardown.py
[2024-06-16T13:02:39.781+0000] {logging_mixin.py:188} INFO - [2024-06-16T13:02:39.780+0000] {dag.py:3096} INFO - Sync 1 DAGs
[2024-06-16T13:02:39.818+0000] {logging_mixin.py:188} INFO - [2024-06-16T13:02:39.817+0000] {dag.py:3954} INFO - Setting next_dagrun for example_setup_teardown to 2024-06-15 00:00:00+00:00, run_after=2024-06-16 00:00:00+00:00
[2024-06-16T13:02:39.846+0000] {processor.py:183} INFO - Processing /home/airflow/.local/lib/python3.12/site-packages/airflow/example_dags/example_setup_teardown.py took 0.115 seconds
[2024-06-16T13:03:10.391+0000] {processor.py:161} INFO - Started process (PID=2019) to work on /home/airflow/.local/lib/python3.12/site-packages/airflow/example_dags/example_setup_teardown.py
[2024-06-16T13:03:10.401+0000] {processor.py:830} INFO - Processing file /home/airflow/.local/lib/python3.12/site-packages/airflow/example_dags/example_setup_teardown.py for tasks to queue
[2024-06-16T13:03:10.404+0000] {logging_mixin.py:188} INFO - [2024-06-16T13:03:10.402+0000] {dagbag.py:545} INFO - Filling up the DagBag from /home/airflow/.local/lib/python3.12/site-packages/airflow/example_dags/example_setup_teardown.py
[2024-06-16T13:03:10.428+0000] {processor.py:840} INFO - DAG(s) 'example_setup_teardown' retrieved from /home/airflow/.local/lib/python3.12/site-packages/airflow/example_dags/example_setup_teardown.py
[2024-06-16T13:03:10.477+0000] {logging_mixin.py:188} INFO - [2024-06-16T13:03:10.476+0000] {dag.py:3096} INFO - Sync 1 DAGs
[2024-06-16T13:03:10.526+0000] {logging_mixin.py:188} INFO - [2024-06-16T13:03:10.526+0000] {dag.py:3954} INFO - Setting next_dagrun for example_setup_teardown to 2024-06-15 00:00:00+00:00, run_after=2024-06-16 00:00:00+00:00
[2024-06-16T13:03:10.567+0000] {processor.py:183} INFO - Processing /home/airflow/.local/lib/python3.12/site-packages/airflow/example_dags/example_setup_teardown.py took 0.187 seconds
[2024-06-16T13:03:40.669+0000] {processor.py:161} INFO - Started process (PID=2078) to work on /home/airflow/.local/lib/python3.12/site-packages/airflow/example_dags/example_setup_teardown.py
[2024-06-16T13:03:40.669+0000] {processor.py:830} INFO - Processing file /home/airflow/.local/lib/python3.12/site-packages/airflow/example_dags/example_setup_teardown.py for tasks to queue
[2024-06-16T13:03:40.670+0000] {logging_mixin.py:188} INFO - [2024-06-16T13:03:40.670+0000] {dagbag.py:545} INFO - Filling up the DagBag from /home/airflow/.local/lib/python3.12/site-packages/airflow/example_dags/example_setup_teardown.py
[2024-06-16T13:03:40.678+0000] {processor.py:840} INFO - DAG(s) 'example_setup_teardown' retrieved from /home/airflow/.local/lib/python3.12/site-packages/airflow/example_dags/example_setup_teardown.py
[2024-06-16T13:03:40.705+0000] {logging_mixin.py:188} INFO - [2024-06-16T13:03:40.705+0000] {dag.py:3096} INFO - Sync 1 DAGs
[2024-06-16T13:03:40.731+0000] {logging_mixin.py:188} INFO - [2024-06-16T13:03:40.731+0000] {dag.py:3954} INFO - Setting next_dagrun for example_setup_teardown to 2024-06-15 00:00:00+00:00, run_after=2024-06-16 00:00:00+00:00
[2024-06-16T13:03:40.784+0000] {processor.py:183} INFO - Processing /home/airflow/.local/lib/python3.12/site-packages/airflow/example_dags/example_setup_teardown.py took 0.121 seconds
[2024-06-16T13:04:10.835+0000] {processor.py:161} INFO - Started process (PID=2140) to work on /home/airflow/.local/lib/python3.12/site-packages/airflow/example_dags/example_setup_teardown.py
[2024-06-16T13:04:10.836+0000] {processor.py:830} INFO - Processing file /home/airflow/.local/lib/python3.12/site-packages/airflow/example_dags/example_setup_teardown.py for tasks to queue
[2024-06-16T13:04:10.837+0000] {logging_mixin.py:188} INFO - [2024-06-16T13:04:10.837+0000] {dagbag.py:545} INFO - Filling up the DagBag from /home/airflow/.local/lib/python3.12/site-packages/airflow/example_dags/example_setup_teardown.py
[2024-06-16T13:04:10.846+0000] {processor.py:840} INFO - DAG(s) 'example_setup_teardown' retrieved from /home/airflow/.local/lib/python3.12/site-packages/airflow/example_dags/example_setup_teardown.py
[2024-06-16T13:04:10.872+0000] {logging_mixin.py:188} INFO - [2024-06-16T13:04:10.872+0000] {dag.py:3096} INFO - Sync 1 DAGs
[2024-06-16T13:04:10.900+0000] {logging_mixin.py:188} INFO - [2024-06-16T13:04:10.900+0000] {dag.py:3954} INFO - Setting next_dagrun for example_setup_teardown to 2024-06-15 00:00:00+00:00, run_after=2024-06-16 00:00:00+00:00
[2024-06-16T13:04:10.924+0000] {processor.py:183} INFO - Processing /home/airflow/.local/lib/python3.12/site-packages/airflow/example_dags/example_setup_teardown.py took 0.096 seconds
[2024-06-16T13:04:41.675+0000] {processor.py:161} INFO - Started process (PID=2199) to work on /home/airflow/.local/lib/python3.12/site-packages/airflow/example_dags/example_setup_teardown.py
[2024-06-16T13:04:41.676+0000] {processor.py:830} INFO - Processing file /home/airflow/.local/lib/python3.12/site-packages/airflow/example_dags/example_setup_teardown.py for tasks to queue
[2024-06-16T13:04:41.677+0000] {logging_mixin.py:188} INFO - [2024-06-16T13:04:41.677+0000] {dagbag.py:545} INFO - Filling up the DagBag from /home/airflow/.local/lib/python3.12/site-packages/airflow/example_dags/example_setup_teardown.py
[2024-06-16T13:04:41.685+0000] {processor.py:840} INFO - DAG(s) 'example_setup_teardown' retrieved from /home/airflow/.local/lib/python3.12/site-packages/airflow/example_dags/example_setup_teardown.py
[2024-06-16T13:04:41.711+0000] {logging_mixin.py:188} INFO - [2024-06-16T13:04:41.710+0000] {dag.py:3096} INFO - Sync 1 DAGs
[2024-06-16T13:04:41.740+0000] {logging_mixin.py:188} INFO - [2024-06-16T13:04:41.739+0000] {dag.py:3954} INFO - Setting next_dagrun for example_setup_teardown to 2024-06-15 00:00:00+00:00, run_after=2024-06-16 00:00:00+00:00
[2024-06-16T13:04:41.766+0000] {processor.py:183} INFO - Processing /home/airflow/.local/lib/python3.12/site-packages/airflow/example_dags/example_setup_teardown.py took 0.098 seconds
[2024-06-16T13:05:12.204+0000] {processor.py:161} INFO - Started process (PID=2259) to work on /home/airflow/.local/lib/python3.12/site-packages/airflow/example_dags/example_setup_teardown.py
[2024-06-16T13:05:12.205+0000] {processor.py:830} INFO - Processing file /home/airflow/.local/lib/python3.12/site-packages/airflow/example_dags/example_setup_teardown.py for tasks to queue
[2024-06-16T13:05:12.206+0000] {logging_mixin.py:188} INFO - [2024-06-16T13:05:12.206+0000] {dagbag.py:545} INFO - Filling up the DagBag from /home/airflow/.local/lib/python3.12/site-packages/airflow/example_dags/example_setup_teardown.py
[2024-06-16T13:05:12.220+0000] {processor.py:840} INFO - DAG(s) 'example_setup_teardown' retrieved from /home/airflow/.local/lib/python3.12/site-packages/airflow/example_dags/example_setup_teardown.py
[2024-06-16T13:05:12.260+0000] {logging_mixin.py:188} INFO - [2024-06-16T13:05:12.259+0000] {dag.py:3096} INFO - Sync 1 DAGs
[2024-06-16T13:05:12.303+0000] {logging_mixin.py:188} INFO - [2024-06-16T13:05:12.303+0000] {dag.py:3954} INFO - Setting next_dagrun for example_setup_teardown to 2024-06-15 00:00:00+00:00, run_after=2024-06-16 00:00:00+00:00
[2024-06-16T13:05:12.337+0000] {processor.py:183} INFO - Processing /home/airflow/.local/lib/python3.12/site-packages/airflow/example_dags/example_setup_teardown.py took 0.143 seconds
[2024-06-16T13:05:42.808+0000] {processor.py:161} INFO - Started process (PID=2318) to work on /home/airflow/.local/lib/python3.12/site-packages/airflow/example_dags/example_setup_teardown.py
[2024-06-16T13:05:42.809+0000] {processor.py:830} INFO - Processing file /home/airflow/.local/lib/python3.12/site-packages/airflow/example_dags/example_setup_teardown.py for tasks to queue
[2024-06-16T13:05:42.811+0000] {logging_mixin.py:188} INFO - [2024-06-16T13:05:42.810+0000] {dagbag.py:545} INFO - Filling up the DagBag from /home/airflow/.local/lib/python3.12/site-packages/airflow/example_dags/example_setup_teardown.py
[2024-06-16T13:05:42.825+0000] {processor.py:840} INFO - DAG(s) 'example_setup_teardown' retrieved from /home/airflow/.local/lib/python3.12/site-packages/airflow/example_dags/example_setup_teardown.py
[2024-06-16T13:05:42.869+0000] {logging_mixin.py:188} INFO - [2024-06-16T13:05:42.868+0000] {dag.py:3096} INFO - Sync 1 DAGs
[2024-06-16T13:05:43.121+0000] {logging_mixin.py:188} INFO - [2024-06-16T13:05:43.121+0000] {dag.py:3954} INFO - Setting next_dagrun for example_setup_teardown to 2024-06-15 00:00:00+00:00, run_after=2024-06-16 00:00:00+00:00
[2024-06-16T13:05:43.158+0000] {processor.py:183} INFO - Processing /home/airflow/.local/lib/python3.12/site-packages/airflow/example_dags/example_setup_teardown.py took 0.359 seconds
[2024-06-16T13:06:13.460+0000] {processor.py:161} INFO - Started process (PID=2377) to work on /home/airflow/.local/lib/python3.12/site-packages/airflow/example_dags/example_setup_teardown.py
[2024-06-16T13:06:13.461+0000] {processor.py:830} INFO - Processing file /home/airflow/.local/lib/python3.12/site-packages/airflow/example_dags/example_setup_teardown.py for tasks to queue
[2024-06-16T13:06:13.463+0000] {logging_mixin.py:188} INFO - [2024-06-16T13:06:13.462+0000] {dagbag.py:545} INFO - Filling up the DagBag from /home/airflow/.local/lib/python3.12/site-packages/airflow/example_dags/example_setup_teardown.py
[2024-06-16T13:06:13.475+0000] {processor.py:840} INFO - DAG(s) 'example_setup_teardown' retrieved from /home/airflow/.local/lib/python3.12/site-packages/airflow/example_dags/example_setup_teardown.py
[2024-06-16T13:06:13.515+0000] {logging_mixin.py:188} INFO - [2024-06-16T13:06:13.515+0000] {dag.py:3096} INFO - Sync 1 DAGs
[2024-06-16T13:06:13.562+0000] {logging_mixin.py:188} INFO - [2024-06-16T13:06:13.561+0000] {dag.py:3954} INFO - Setting next_dagrun for example_setup_teardown to 2024-06-15 00:00:00+00:00, run_after=2024-06-16 00:00:00+00:00
[2024-06-16T13:06:13.604+0000] {processor.py:183} INFO - Processing /home/airflow/.local/lib/python3.12/site-packages/airflow/example_dags/example_setup_teardown.py took 0.154 seconds
