[2024-06-16T12:21:14.466+0000] {processor.py:161} INFO - Started process (PID=80) to work on /home/airflow/.local/lib/python3.12/site-packages/airflow/example_dags/example_xcom.py
[2024-06-16T12:21:14.468+0000] {processor.py:830} INFO - Processing file /home/airflow/.local/lib/python3.12/site-packages/airflow/example_dags/example_xcom.py for tasks to queue
[2024-06-16T12:21:14.470+0000] {logging_mixin.py:188} INFO - [2024-06-16T12:21:14.470+0000] {dagbag.py:545} INFO - Filling up the DagBag from /home/airflow/.local/lib/python3.12/site-packages/airflow/example_dags/example_xcom.py
[2024-06-16T12:21:14.486+0000] {processor.py:840} INFO - DAG(s) 'example_xcom' retrieved from /home/airflow/.local/lib/python3.12/site-packages/airflow/example_dags/example_xcom.py
[2024-06-16T12:21:15.114+0000] {logging_mixin.py:188} INFO - [2024-06-16T12:21:15.112+0000] {override.py:1829} INFO - Created Permission View: can edit on DAG:example_xcom
[2024-06-16T12:21:15.175+0000] {logging_mixin.py:188} INFO - [2024-06-16T12:21:15.174+0000] {override.py:1829} INFO - Created Permission View: can delete on DAG:example_xcom
[2024-06-16T12:21:15.197+0000] {logging_mixin.py:188} INFO - [2024-06-16T12:21:15.197+0000] {override.py:1829} INFO - Created Permission View: can read on DAG:example_xcom
[2024-06-16T12:21:15.198+0000] {logging_mixin.py:188} INFO - [2024-06-16T12:21:15.198+0000] {dag.py:3096} INFO - Sync 1 DAGs
[2024-06-16T12:21:15.234+0000] {logging_mixin.py:188} INFO - [2024-06-16T12:21:15.234+0000] {dag.py:3118} INFO - Creating ORM DAG for example_xcom
[2024-06-16T12:21:15.257+0000] {logging_mixin.py:188} INFO - [2024-06-16T12:21:15.256+0000] {dag.py:3954} INFO - Setting next_dagrun for example_xcom to 2021-01-01 00:00:00+00:00, run_after=2021-01-01 00:00:00+00:00
[2024-06-16T12:21:15.301+0000] {processor.py:183} INFO - Processing /home/airflow/.local/lib/python3.12/site-packages/airflow/example_dags/example_xcom.py took 0.845 seconds
[2024-06-16T12:21:45.589+0000] {processor.py:161} INFO - Started process (PID=138) to work on /home/airflow/.local/lib/python3.12/site-packages/airflow/example_dags/example_xcom.py
[2024-06-16T12:21:45.592+0000] {processor.py:830} INFO - Processing file /home/airflow/.local/lib/python3.12/site-packages/airflow/example_dags/example_xcom.py for tasks to queue
[2024-06-16T12:21:45.602+0000] {logging_mixin.py:188} INFO - [2024-06-16T12:21:45.601+0000] {dagbag.py:545} INFO - Filling up the DagBag from /home/airflow/.local/lib/python3.12/site-packages/airflow/example_dags/example_xcom.py
[2024-06-16T12:21:45.639+0000] {processor.py:840} INFO - DAG(s) 'example_xcom' retrieved from /home/airflow/.local/lib/python3.12/site-packages/airflow/example_dags/example_xcom.py
[2024-06-16T12:21:45.702+0000] {logging_mixin.py:188} INFO - [2024-06-16T12:21:45.702+0000] {dag.py:3096} INFO - Sync 1 DAGs
[2024-06-16T12:21:45.760+0000] {logging_mixin.py:188} INFO - [2024-06-16T12:21:45.760+0000] {dag.py:3954} INFO - Setting next_dagrun for example_xcom to 2021-01-01 00:00:00+00:00, run_after=2021-01-01 00:00:00+00:00
[2024-06-16T12:21:45.824+0000] {processor.py:183} INFO - Processing /home/airflow/.local/lib/python3.12/site-packages/airflow/example_dags/example_xcom.py took 0.246 seconds
[2024-06-16T12:22:16.418+0000] {processor.py:161} INFO - Started process (PID=197) to work on /home/airflow/.local/lib/python3.12/site-packages/airflow/example_dags/example_xcom.py
[2024-06-16T12:22:16.421+0000] {processor.py:830} INFO - Processing file /home/airflow/.local/lib/python3.12/site-packages/airflow/example_dags/example_xcom.py for tasks to queue
[2024-06-16T12:22:16.424+0000] {logging_mixin.py:188} INFO - [2024-06-16T12:22:16.423+0000] {dagbag.py:545} INFO - Filling up the DagBag from /home/airflow/.local/lib/python3.12/site-packages/airflow/example_dags/example_xcom.py
[2024-06-16T12:22:16.440+0000] {processor.py:840} INFO - DAG(s) 'example_xcom' retrieved from /home/airflow/.local/lib/python3.12/site-packages/airflow/example_dags/example_xcom.py
[2024-06-16T12:22:16.516+0000] {logging_mixin.py:188} INFO - [2024-06-16T12:22:16.516+0000] {dag.py:3096} INFO - Sync 1 DAGs
[2024-06-16T12:22:16.594+0000] {logging_mixin.py:188} INFO - [2024-06-16T12:22:16.593+0000] {dag.py:3954} INFO - Setting next_dagrun for example_xcom to 2021-01-01 00:00:00+00:00, run_after=2021-01-01 00:00:00+00:00
[2024-06-16T12:22:16.650+0000] {processor.py:183} INFO - Processing /home/airflow/.local/lib/python3.12/site-packages/airflow/example_dags/example_xcom.py took 0.235 seconds
[2024-06-16T12:22:47.049+0000] {processor.py:161} INFO - Started process (PID=255) to work on /home/airflow/.local/lib/python3.12/site-packages/airflow/example_dags/example_xcom.py
[2024-06-16T12:22:47.050+0000] {processor.py:830} INFO - Processing file /home/airflow/.local/lib/python3.12/site-packages/airflow/example_dags/example_xcom.py for tasks to queue
[2024-06-16T12:22:47.052+0000] {logging_mixin.py:188} INFO - [2024-06-16T12:22:47.052+0000] {dagbag.py:545} INFO - Filling up the DagBag from /home/airflow/.local/lib/python3.12/site-packages/airflow/example_dags/example_xcom.py
[2024-06-16T12:22:47.064+0000] {processor.py:840} INFO - DAG(s) 'example_xcom' retrieved from /home/airflow/.local/lib/python3.12/site-packages/airflow/example_dags/example_xcom.py
[2024-06-16T12:22:47.103+0000] {logging_mixin.py:188} INFO - [2024-06-16T12:22:47.102+0000] {dag.py:3096} INFO - Sync 1 DAGs
[2024-06-16T12:22:47.148+0000] {logging_mixin.py:188} INFO - [2024-06-16T12:22:47.148+0000] {dag.py:3954} INFO - Setting next_dagrun for example_xcom to 2021-01-01 00:00:00+00:00, run_after=2021-01-01 00:00:00+00:00
[2024-06-16T12:22:47.192+0000] {processor.py:183} INFO - Processing /home/airflow/.local/lib/python3.12/site-packages/airflow/example_dags/example_xcom.py took 0.153 seconds
[2024-06-16T12:23:17.538+0000] {processor.py:161} INFO - Started process (PID=315) to work on /home/airflow/.local/lib/python3.12/site-packages/airflow/example_dags/example_xcom.py
[2024-06-16T12:23:17.539+0000] {processor.py:830} INFO - Processing file /home/airflow/.local/lib/python3.12/site-packages/airflow/example_dags/example_xcom.py for tasks to queue
[2024-06-16T12:23:17.542+0000] {logging_mixin.py:188} INFO - [2024-06-16T12:23:17.542+0000] {dagbag.py:545} INFO - Filling up the DagBag from /home/airflow/.local/lib/python3.12/site-packages/airflow/example_dags/example_xcom.py
[2024-06-16T12:23:17.555+0000] {processor.py:840} INFO - DAG(s) 'example_xcom' retrieved from /home/airflow/.local/lib/python3.12/site-packages/airflow/example_dags/example_xcom.py
[2024-06-16T12:23:17.627+0000] {logging_mixin.py:188} INFO - [2024-06-16T12:23:17.626+0000] {dag.py:3096} INFO - Sync 1 DAGs
[2024-06-16T12:23:17.699+0000] {logging_mixin.py:188} INFO - [2024-06-16T12:23:17.699+0000] {dag.py:3954} INFO - Setting next_dagrun for example_xcom to 2021-01-01 00:00:00+00:00, run_after=2021-01-01 00:00:00+00:00
[2024-06-16T12:23:17.749+0000] {processor.py:183} INFO - Processing /home/airflow/.local/lib/python3.12/site-packages/airflow/example_dags/example_xcom.py took 0.221 seconds
[2024-06-16T12:23:48.460+0000] {processor.py:161} INFO - Started process (PID=374) to work on /home/airflow/.local/lib/python3.12/site-packages/airflow/example_dags/example_xcom.py
[2024-06-16T12:23:48.462+0000] {processor.py:830} INFO - Processing file /home/airflow/.local/lib/python3.12/site-packages/airflow/example_dags/example_xcom.py for tasks to queue
[2024-06-16T12:23:48.467+0000] {logging_mixin.py:188} INFO - [2024-06-16T12:23:48.467+0000] {dagbag.py:545} INFO - Filling up the DagBag from /home/airflow/.local/lib/python3.12/site-packages/airflow/example_dags/example_xcom.py
[2024-06-16T12:23:48.482+0000] {processor.py:840} INFO - DAG(s) 'example_xcom' retrieved from /home/airflow/.local/lib/python3.12/site-packages/airflow/example_dags/example_xcom.py
[2024-06-16T12:23:48.531+0000] {logging_mixin.py:188} INFO - [2024-06-16T12:23:48.531+0000] {dag.py:3096} INFO - Sync 1 DAGs
[2024-06-16T12:23:48.592+0000] {logging_mixin.py:188} INFO - [2024-06-16T12:23:48.592+0000] {dag.py:3954} INFO - Setting next_dagrun for example_xcom to 2021-01-01 00:00:00+00:00, run_after=2021-01-01 00:00:00+00:00
[2024-06-16T12:23:48.639+0000] {processor.py:183} INFO - Processing /home/airflow/.local/lib/python3.12/site-packages/airflow/example_dags/example_xcom.py took 0.189 seconds
[2024-06-16T12:24:18.961+0000] {processor.py:161} INFO - Started process (PID=433) to work on /home/airflow/.local/lib/python3.12/site-packages/airflow/example_dags/example_xcom.py
[2024-06-16T12:24:18.966+0000] {processor.py:830} INFO - Processing file /home/airflow/.local/lib/python3.12/site-packages/airflow/example_dags/example_xcom.py for tasks to queue
[2024-06-16T12:24:18.973+0000] {logging_mixin.py:188} INFO - [2024-06-16T12:24:18.968+0000] {dagbag.py:545} INFO - Filling up the DagBag from /home/airflow/.local/lib/python3.12/site-packages/airflow/example_dags/example_xcom.py
[2024-06-16T12:24:19.009+0000] {processor.py:840} INFO - DAG(s) 'example_xcom' retrieved from /home/airflow/.local/lib/python3.12/site-packages/airflow/example_dags/example_xcom.py
[2024-06-16T12:24:19.104+0000] {logging_mixin.py:188} INFO - [2024-06-16T12:24:19.103+0000] {dag.py:3096} INFO - Sync 1 DAGs
[2024-06-16T12:24:19.348+0000] {logging_mixin.py:188} INFO - [2024-06-16T12:24:19.343+0000] {dag.py:3954} INFO - Setting next_dagrun for example_xcom to 2021-01-01 00:00:00+00:00, run_after=2021-01-01 00:00:00+00:00
[2024-06-16T12:24:19.491+0000] {processor.py:183} INFO - Processing /home/airflow/.local/lib/python3.12/site-packages/airflow/example_dags/example_xcom.py took 0.564 seconds
[2024-06-16T12:45:09.131+0000] {processor.py:161} INFO - Started process (PID=78) to work on /home/airflow/.local/lib/python3.12/site-packages/airflow/example_dags/example_xcom.py
[2024-06-16T12:45:09.132+0000] {processor.py:830} INFO - Processing file /home/airflow/.local/lib/python3.12/site-packages/airflow/example_dags/example_xcom.py for tasks to queue
[2024-06-16T12:45:09.138+0000] {logging_mixin.py:188} INFO - [2024-06-16T12:45:09.137+0000] {dagbag.py:545} INFO - Filling up the DagBag from /home/airflow/.local/lib/python3.12/site-packages/airflow/example_dags/example_xcom.py
[2024-06-16T12:45:09.158+0000] {processor.py:840} INFO - DAG(s) 'example_xcom' retrieved from /home/airflow/.local/lib/python3.12/site-packages/airflow/example_dags/example_xcom.py
[2024-06-16T12:45:09.397+0000] {logging_mixin.py:188} INFO - [2024-06-16T12:45:09.393+0000] {override.py:1829} INFO - Created Permission View: can read on DAG:example_xcom
[2024-06-16T12:45:09.423+0000] {logging_mixin.py:188} INFO - [2024-06-16T12:45:09.422+0000] {override.py:1829} INFO - Created Permission View: can delete on DAG:example_xcom
[2024-06-16T12:45:09.442+0000] {logging_mixin.py:188} INFO - [2024-06-16T12:45:09.441+0000] {override.py:1829} INFO - Created Permission View: can edit on DAG:example_xcom
[2024-06-16T12:45:09.443+0000] {logging_mixin.py:188} INFO - [2024-06-16T12:45:09.443+0000] {dag.py:3096} INFO - Sync 1 DAGs
[2024-06-16T12:45:09.473+0000] {logging_mixin.py:188} INFO - [2024-06-16T12:45:09.472+0000] {dag.py:3118} INFO - Creating ORM DAG for example_xcom
[2024-06-16T12:45:09.492+0000] {logging_mixin.py:188} INFO - [2024-06-16T12:45:09.492+0000] {dag.py:3954} INFO - Setting next_dagrun for example_xcom to 2021-01-01 00:00:00+00:00, run_after=2021-01-01 00:00:00+00:00
[2024-06-16T12:45:09.523+0000] {processor.py:183} INFO - Processing /home/airflow/.local/lib/python3.12/site-packages/airflow/example_dags/example_xcom.py took 0.406 seconds
[2024-06-16T12:45:40.409+0000] {processor.py:161} INFO - Started process (PID=137) to work on /home/airflow/.local/lib/python3.12/site-packages/airflow/example_dags/example_xcom.py
[2024-06-16T12:45:40.410+0000] {processor.py:830} INFO - Processing file /home/airflow/.local/lib/python3.12/site-packages/airflow/example_dags/example_xcom.py for tasks to queue
[2024-06-16T12:45:40.412+0000] {logging_mixin.py:188} INFO - [2024-06-16T12:45:40.411+0000] {dagbag.py:545} INFO - Filling up the DagBag from /home/airflow/.local/lib/python3.12/site-packages/airflow/example_dags/example_xcom.py
[2024-06-16T12:45:40.421+0000] {processor.py:840} INFO - DAG(s) 'example_xcom' retrieved from /home/airflow/.local/lib/python3.12/site-packages/airflow/example_dags/example_xcom.py
[2024-06-16T12:45:40.452+0000] {logging_mixin.py:188} INFO - [2024-06-16T12:45:40.451+0000] {dag.py:3096} INFO - Sync 1 DAGs
[2024-06-16T12:45:40.492+0000] {logging_mixin.py:188} INFO - [2024-06-16T12:45:40.492+0000] {dag.py:3954} INFO - Setting next_dagrun for example_xcom to 2021-01-01 00:00:00+00:00, run_after=2021-01-01 00:00:00+00:00
[2024-06-16T12:45:40.526+0000] {processor.py:183} INFO - Processing /home/airflow/.local/lib/python3.12/site-packages/airflow/example_dags/example_xcom.py took 0.123 seconds
[2024-06-16T12:46:11.359+0000] {processor.py:161} INFO - Started process (PID=196) to work on /home/airflow/.local/lib/python3.12/site-packages/airflow/example_dags/example_xcom.py
[2024-06-16T12:46:11.361+0000] {processor.py:830} INFO - Processing file /home/airflow/.local/lib/python3.12/site-packages/airflow/example_dags/example_xcom.py for tasks to queue
[2024-06-16T12:46:11.364+0000] {logging_mixin.py:188} INFO - [2024-06-16T12:46:11.363+0000] {dagbag.py:545} INFO - Filling up the DagBag from /home/airflow/.local/lib/python3.12/site-packages/airflow/example_dags/example_xcom.py
[2024-06-16T12:46:11.377+0000] {processor.py:840} INFO - DAG(s) 'example_xcom' retrieved from /home/airflow/.local/lib/python3.12/site-packages/airflow/example_dags/example_xcom.py
[2024-06-16T12:46:11.420+0000] {logging_mixin.py:188} INFO - [2024-06-16T12:46:11.420+0000] {dag.py:3096} INFO - Sync 1 DAGs
[2024-06-16T12:46:11.484+0000] {logging_mixin.py:188} INFO - [2024-06-16T12:46:11.484+0000] {dag.py:3954} INFO - Setting next_dagrun for example_xcom to 2021-01-01 00:00:00+00:00, run_after=2021-01-01 00:00:00+00:00
[2024-06-16T12:46:11.528+0000] {processor.py:183} INFO - Processing /home/airflow/.local/lib/python3.12/site-packages/airflow/example_dags/example_xcom.py took 0.181 seconds
[2024-06-16T12:47:18.363+0000] {processor.py:161} INFO - Started process (PID=255) to work on /home/airflow/.local/lib/python3.12/site-packages/airflow/example_dags/example_xcom.py
[2024-06-16T12:47:18.387+0000] {processor.py:830} INFO - Processing file /home/airflow/.local/lib/python3.12/site-packages/airflow/example_dags/example_xcom.py for tasks to queue
[2024-06-16T12:47:18.405+0000] {logging_mixin.py:188} INFO - [2024-06-16T12:47:18.390+0000] {dagbag.py:545} INFO - Filling up the DagBag from /home/airflow/.local/lib/python3.12/site-packages/airflow/example_dags/example_xcom.py
[2024-06-16T12:47:18.688+0000] {processor.py:840} INFO - DAG(s) 'example_xcom' retrieved from /home/airflow/.local/lib/python3.12/site-packages/airflow/example_dags/example_xcom.py
[2024-06-16T12:47:20.868+0000] {logging_mixin.py:188} INFO - [2024-06-16T12:47:20.664+0000] {dag.py:3096} INFO - Sync 1 DAGs
[2024-06-16T12:47:22.540+0000] {logging_mixin.py:188} INFO - [2024-06-16T12:47:22.500+0000] {dag.py:3954} INFO - Setting next_dagrun for example_xcom to 2021-01-01 00:00:00+00:00, run_after=2021-01-01 00:00:00+00:00
[2024-06-16T12:47:22.892+0000] {processor.py:183} INFO - Processing /home/airflow/.local/lib/python3.12/site-packages/airflow/example_dags/example_xcom.py took 4.867 seconds
[2024-06-16T12:47:53.183+0000] {processor.py:161} INFO - Started process (PID=322) to work on /home/airflow/.local/lib/python3.12/site-packages/airflow/example_dags/example_xcom.py
[2024-06-16T12:47:53.184+0000] {processor.py:830} INFO - Processing file /home/airflow/.local/lib/python3.12/site-packages/airflow/example_dags/example_xcom.py for tasks to queue
[2024-06-16T12:47:53.187+0000] {logging_mixin.py:188} INFO - [2024-06-16T12:47:53.187+0000] {dagbag.py:545} INFO - Filling up the DagBag from /home/airflow/.local/lib/python3.12/site-packages/airflow/example_dags/example_xcom.py
[2024-06-16T12:47:53.204+0000] {processor.py:840} INFO - DAG(s) 'example_xcom' retrieved from /home/airflow/.local/lib/python3.12/site-packages/airflow/example_dags/example_xcom.py
[2024-06-16T12:47:53.269+0000] {logging_mixin.py:188} INFO - [2024-06-16T12:47:53.268+0000] {dag.py:3096} INFO - Sync 1 DAGs
[2024-06-16T12:47:53.335+0000] {logging_mixin.py:188} INFO - [2024-06-16T12:47:53.332+0000] {dag.py:3954} INFO - Setting next_dagrun for example_xcom to 2021-01-01 00:00:00+00:00, run_after=2021-01-01 00:00:00+00:00
[2024-06-16T12:47:53.381+0000] {processor.py:183} INFO - Processing /home/airflow/.local/lib/python3.12/site-packages/airflow/example_dags/example_xcom.py took 0.205 seconds
[2024-06-16T12:48:23.985+0000] {processor.py:161} INFO - Started process (PID=381) to work on /home/airflow/.local/lib/python3.12/site-packages/airflow/example_dags/example_xcom.py
[2024-06-16T12:48:23.986+0000] {processor.py:830} INFO - Processing file /home/airflow/.local/lib/python3.12/site-packages/airflow/example_dags/example_xcom.py for tasks to queue
[2024-06-16T12:48:23.988+0000] {logging_mixin.py:188} INFO - [2024-06-16T12:48:23.988+0000] {dagbag.py:545} INFO - Filling up the DagBag from /home/airflow/.local/lib/python3.12/site-packages/airflow/example_dags/example_xcom.py
[2024-06-16T12:48:23.998+0000] {processor.py:840} INFO - DAG(s) 'example_xcom' retrieved from /home/airflow/.local/lib/python3.12/site-packages/airflow/example_dags/example_xcom.py
[2024-06-16T12:48:24.028+0000] {logging_mixin.py:188} INFO - [2024-06-16T12:48:24.028+0000] {dag.py:3096} INFO - Sync 1 DAGs
[2024-06-16T12:48:24.069+0000] {logging_mixin.py:188} INFO - [2024-06-16T12:48:24.068+0000] {dag.py:3954} INFO - Setting next_dagrun for example_xcom to 2021-01-01 00:00:00+00:00, run_after=2021-01-01 00:00:00+00:00
[2024-06-16T12:48:24.111+0000] {processor.py:183} INFO - Processing /home/airflow/.local/lib/python3.12/site-packages/airflow/example_dags/example_xcom.py took 0.133 seconds
[2024-06-16T12:48:56.030+0000] {processor.py:161} INFO - Started process (PID=434) to work on /home/airflow/.local/lib/python3.12/site-packages/airflow/example_dags/example_xcom.py
[2024-06-16T12:48:56.102+0000] {processor.py:830} INFO - Processing file /home/airflow/.local/lib/python3.12/site-packages/airflow/example_dags/example_xcom.py for tasks to queue
[2024-06-16T12:48:56.186+0000] {logging_mixin.py:188} INFO - [2024-06-16T12:48:56.172+0000] {dagbag.py:545} INFO - Filling up the DagBag from /home/airflow/.local/lib/python3.12/site-packages/airflow/example_dags/example_xcom.py
[2024-06-16T12:48:56.537+0000] {processor.py:840} INFO - DAG(s) 'example_xcom' retrieved from /home/airflow/.local/lib/python3.12/site-packages/airflow/example_dags/example_xcom.py
[2024-06-16T12:49:00.859+0000] {logging_mixin.py:188} INFO - [2024-06-16T12:49:00.815+0000] {dag.py:3096} INFO - Sync 1 DAGs
[2024-06-16T12:49:01.585+0000] {logging_mixin.py:188} INFO - [2024-06-16T12:49:01.531+0000] {dag.py:3954} INFO - Setting next_dagrun for example_xcom to 2021-01-01 00:00:00+00:00, run_after=2021-01-01 00:00:00+00:00
[2024-06-16T12:49:02.402+0000] {processor.py:183} INFO - Processing /home/airflow/.local/lib/python3.12/site-packages/airflow/example_dags/example_xcom.py took 6.733 seconds
[2024-06-16T12:49:33.164+0000] {processor.py:161} INFO - Started process (PID=492) to work on /home/airflow/.local/lib/python3.12/site-packages/airflow/example_dags/example_xcom.py
[2024-06-16T12:49:33.170+0000] {processor.py:830} INFO - Processing file /home/airflow/.local/lib/python3.12/site-packages/airflow/example_dags/example_xcom.py for tasks to queue
[2024-06-16T12:49:33.176+0000] {logging_mixin.py:188} INFO - [2024-06-16T12:49:33.173+0000] {dagbag.py:545} INFO - Filling up the DagBag from /home/airflow/.local/lib/python3.12/site-packages/airflow/example_dags/example_xcom.py
[2024-06-16T12:49:33.252+0000] {processor.py:840} INFO - DAG(s) 'example_xcom' retrieved from /home/airflow/.local/lib/python3.12/site-packages/airflow/example_dags/example_xcom.py
[2024-06-16T12:49:33.542+0000] {logging_mixin.py:188} INFO - [2024-06-16T12:49:33.534+0000] {dag.py:3096} INFO - Sync 1 DAGs
[2024-06-16T12:49:34.108+0000] {logging_mixin.py:188} INFO - [2024-06-16T12:49:34.069+0000] {dag.py:3954} INFO - Setting next_dagrun for example_xcom to 2021-01-01 00:00:00+00:00, run_after=2021-01-01 00:00:00+00:00
[2024-06-16T12:49:34.528+0000] {processor.py:183} INFO - Processing /home/airflow/.local/lib/python3.12/site-packages/airflow/example_dags/example_xcom.py took 1.394 seconds
[2024-06-16T12:50:38.997+0000] {processor.py:161} INFO - Started process (PID=551) to work on /home/airflow/.local/lib/python3.12/site-packages/airflow/example_dags/example_xcom.py
[2024-06-16T12:50:39.307+0000] {processor.py:830} INFO - Processing file /home/airflow/.local/lib/python3.12/site-packages/airflow/example_dags/example_xcom.py for tasks to queue
[2024-06-16T12:50:40.072+0000] {logging_mixin.py:188} INFO - [2024-06-16T12:50:39.592+0000] {dagbag.py:545} INFO - Filling up the DagBag from /home/airflow/.local/lib/python3.12/site-packages/airflow/example_dags/example_xcom.py
[2024-06-16T12:50:42.415+0000] {processor.py:840} INFO - DAG(s) 'example_xcom' retrieved from /home/airflow/.local/lib/python3.12/site-packages/airflow/example_dags/example_xcom.py
[2024-06-16T12:50:45.796+0000] {logging_mixin.py:188} INFO - [2024-06-16T12:50:45.789+0000] {dag.py:3096} INFO - Sync 1 DAGs
[2024-06-16T12:50:46.076+0000] {logging_mixin.py:188} INFO - [2024-06-16T12:50:46.076+0000] {dag.py:3954} INFO - Setting next_dagrun for example_xcom to 2021-01-01 00:00:00+00:00, run_after=2021-01-01 00:00:00+00:00
[2024-06-16T12:50:46.395+0000] {processor.py:183} INFO - Processing /home/airflow/.local/lib/python3.12/site-packages/airflow/example_dags/example_xcom.py took 9.262 seconds
[2024-06-16T12:51:16.797+0000] {processor.py:161} INFO - Started process (PID=620) to work on /home/airflow/.local/lib/python3.12/site-packages/airflow/example_dags/example_xcom.py
[2024-06-16T12:51:16.807+0000] {processor.py:830} INFO - Processing file /home/airflow/.local/lib/python3.12/site-packages/airflow/example_dags/example_xcom.py for tasks to queue
[2024-06-16T12:51:16.821+0000] {logging_mixin.py:188} INFO - [2024-06-16T12:51:16.811+0000] {dagbag.py:545} INFO - Filling up the DagBag from /home/airflow/.local/lib/python3.12/site-packages/airflow/example_dags/example_xcom.py
[2024-06-16T12:51:16.904+0000] {processor.py:840} INFO - DAG(s) 'example_xcom' retrieved from /home/airflow/.local/lib/python3.12/site-packages/airflow/example_dags/example_xcom.py
[2024-06-16T12:51:17.012+0000] {logging_mixin.py:188} INFO - [2024-06-16T12:51:17.011+0000] {dag.py:3096} INFO - Sync 1 DAGs
[2024-06-16T12:51:17.174+0000] {logging_mixin.py:188} INFO - [2024-06-16T12:51:17.173+0000] {dag.py:3954} INFO - Setting next_dagrun for example_xcom to 2021-01-01 00:00:00+00:00, run_after=2021-01-01 00:00:00+00:00
[2024-06-16T12:51:17.294+0000] {processor.py:183} INFO - Processing /home/airflow/.local/lib/python3.12/site-packages/airflow/example_dags/example_xcom.py took 0.559 seconds
[2024-06-16T12:51:47.350+0000] {processor.py:161} INFO - Started process (PID=679) to work on /home/airflow/.local/lib/python3.12/site-packages/airflow/example_dags/example_xcom.py
[2024-06-16T12:51:47.350+0000] {processor.py:830} INFO - Processing file /home/airflow/.local/lib/python3.12/site-packages/airflow/example_dags/example_xcom.py for tasks to queue
[2024-06-16T12:51:47.352+0000] {logging_mixin.py:188} INFO - [2024-06-16T12:51:47.352+0000] {dagbag.py:545} INFO - Filling up the DagBag from /home/airflow/.local/lib/python3.12/site-packages/airflow/example_dags/example_xcom.py
[2024-06-16T12:51:47.366+0000] {processor.py:840} INFO - DAG(s) 'example_xcom' retrieved from /home/airflow/.local/lib/python3.12/site-packages/airflow/example_dags/example_xcom.py
[2024-06-16T12:51:47.406+0000] {logging_mixin.py:188} INFO - [2024-06-16T12:51:47.405+0000] {dag.py:3096} INFO - Sync 1 DAGs
[2024-06-16T12:51:47.445+0000] {logging_mixin.py:188} INFO - [2024-06-16T12:51:47.445+0000] {dag.py:3954} INFO - Setting next_dagrun for example_xcom to 2021-01-01 00:00:00+00:00, run_after=2021-01-01 00:00:00+00:00
[2024-06-16T12:51:47.483+0000] {processor.py:183} INFO - Processing /home/airflow/.local/lib/python3.12/site-packages/airflow/example_dags/example_xcom.py took 0.141 seconds
[2024-06-16T12:52:17.521+0000] {processor.py:161} INFO - Started process (PID=738) to work on /home/airflow/.local/lib/python3.12/site-packages/airflow/example_dags/example_xcom.py
[2024-06-16T12:52:17.530+0000] {processor.py:830} INFO - Processing file /home/airflow/.local/lib/python3.12/site-packages/airflow/example_dags/example_xcom.py for tasks to queue
[2024-06-16T12:52:17.532+0000] {logging_mixin.py:188} INFO - [2024-06-16T12:52:17.532+0000] {dagbag.py:545} INFO - Filling up the DagBag from /home/airflow/.local/lib/python3.12/site-packages/airflow/example_dags/example_xcom.py
[2024-06-16T12:52:17.540+0000] {processor.py:840} INFO - DAG(s) 'example_xcom' retrieved from /home/airflow/.local/lib/python3.12/site-packages/airflow/example_dags/example_xcom.py
[2024-06-16T12:52:17.589+0000] {logging_mixin.py:188} INFO - [2024-06-16T12:52:17.589+0000] {dag.py:3096} INFO - Sync 1 DAGs
[2024-06-16T12:52:17.639+0000] {logging_mixin.py:188} INFO - [2024-06-16T12:52:17.638+0000] {dag.py:3954} INFO - Setting next_dagrun for example_xcom to 2021-01-01 00:00:00+00:00, run_after=2021-01-01 00:00:00+00:00
[2024-06-16T12:52:17.675+0000] {processor.py:183} INFO - Processing /home/airflow/.local/lib/python3.12/site-packages/airflow/example_dags/example_xcom.py took 0.161 seconds
[2024-06-16T12:52:48.300+0000] {processor.py:161} INFO - Started process (PID=798) to work on /home/airflow/.local/lib/python3.12/site-packages/airflow/example_dags/example_xcom.py
[2024-06-16T12:52:48.302+0000] {processor.py:830} INFO - Processing file /home/airflow/.local/lib/python3.12/site-packages/airflow/example_dags/example_xcom.py for tasks to queue
[2024-06-16T12:52:48.309+0000] {logging_mixin.py:188} INFO - [2024-06-16T12:52:48.308+0000] {dagbag.py:545} INFO - Filling up the DagBag from /home/airflow/.local/lib/python3.12/site-packages/airflow/example_dags/example_xcom.py
[2024-06-16T12:52:48.342+0000] {processor.py:840} INFO - DAG(s) 'example_xcom' retrieved from /home/airflow/.local/lib/python3.12/site-packages/airflow/example_dags/example_xcom.py
[2024-06-16T12:52:48.441+0000] {logging_mixin.py:188} INFO - [2024-06-16T12:52:48.440+0000] {dag.py:3096} INFO - Sync 1 DAGs
[2024-06-16T12:52:48.484+0000] {logging_mixin.py:188} INFO - [2024-06-16T12:52:48.483+0000] {dag.py:3954} INFO - Setting next_dagrun for example_xcom to 2021-01-01 00:00:00+00:00, run_after=2021-01-01 00:00:00+00:00
[2024-06-16T12:52:48.521+0000] {processor.py:183} INFO - Processing /home/airflow/.local/lib/python3.12/site-packages/airflow/example_dags/example_xcom.py took 0.232 seconds
[2024-06-16T12:53:18.921+0000] {processor.py:161} INFO - Started process (PID=854) to work on /home/airflow/.local/lib/python3.12/site-packages/airflow/example_dags/example_xcom.py
[2024-06-16T12:53:18.922+0000] {processor.py:830} INFO - Processing file /home/airflow/.local/lib/python3.12/site-packages/airflow/example_dags/example_xcom.py for tasks to queue
[2024-06-16T12:53:18.923+0000] {logging_mixin.py:188} INFO - [2024-06-16T12:53:18.923+0000] {dagbag.py:545} INFO - Filling up the DagBag from /home/airflow/.local/lib/python3.12/site-packages/airflow/example_dags/example_xcom.py
[2024-06-16T12:53:18.931+0000] {processor.py:840} INFO - DAG(s) 'example_xcom' retrieved from /home/airflow/.local/lib/python3.12/site-packages/airflow/example_dags/example_xcom.py
[2024-06-16T12:53:18.973+0000] {logging_mixin.py:188} INFO - [2024-06-16T12:53:18.973+0000] {dag.py:3096} INFO - Sync 1 DAGs
[2024-06-16T12:53:19.015+0000] {logging_mixin.py:188} INFO - [2024-06-16T12:53:19.014+0000] {dag.py:3954} INFO - Setting next_dagrun for example_xcom to 2021-01-01 00:00:00+00:00, run_after=2021-01-01 00:00:00+00:00
[2024-06-16T12:53:19.045+0000] {processor.py:183} INFO - Processing /home/airflow/.local/lib/python3.12/site-packages/airflow/example_dags/example_xcom.py took 0.132 seconds
[2024-06-16T12:53:49.143+0000] {processor.py:161} INFO - Started process (PID=913) to work on /home/airflow/.local/lib/python3.12/site-packages/airflow/example_dags/example_xcom.py
[2024-06-16T12:53:49.153+0000] {processor.py:830} INFO - Processing file /home/airflow/.local/lib/python3.12/site-packages/airflow/example_dags/example_xcom.py for tasks to queue
[2024-06-16T12:53:49.154+0000] {logging_mixin.py:188} INFO - [2024-06-16T12:53:49.154+0000] {dagbag.py:545} INFO - Filling up the DagBag from /home/airflow/.local/lib/python3.12/site-packages/airflow/example_dags/example_xcom.py
[2024-06-16T12:53:49.162+0000] {processor.py:840} INFO - DAG(s) 'example_xcom' retrieved from /home/airflow/.local/lib/python3.12/site-packages/airflow/example_dags/example_xcom.py
[2024-06-16T12:53:49.183+0000] {logging_mixin.py:188} INFO - [2024-06-16T12:53:49.183+0000] {dag.py:3096} INFO - Sync 1 DAGs
[2024-06-16T12:53:49.210+0000] {logging_mixin.py:188} INFO - [2024-06-16T12:53:49.209+0000] {dag.py:3954} INFO - Setting next_dagrun for example_xcom to 2021-01-01 00:00:00+00:00, run_after=2021-01-01 00:00:00+00:00
[2024-06-16T12:53:49.233+0000] {processor.py:183} INFO - Processing /home/airflow/.local/lib/python3.12/site-packages/airflow/example_dags/example_xcom.py took 0.094 seconds
[2024-06-16T12:54:19.483+0000] {processor.py:161} INFO - Started process (PID=972) to work on /home/airflow/.local/lib/python3.12/site-packages/airflow/example_dags/example_xcom.py
[2024-06-16T12:54:19.483+0000] {processor.py:830} INFO - Processing file /home/airflow/.local/lib/python3.12/site-packages/airflow/example_dags/example_xcom.py for tasks to queue
[2024-06-16T12:54:19.485+0000] {logging_mixin.py:188} INFO - [2024-06-16T12:54:19.484+0000] {dagbag.py:545} INFO - Filling up the DagBag from /home/airflow/.local/lib/python3.12/site-packages/airflow/example_dags/example_xcom.py
[2024-06-16T12:54:19.494+0000] {processor.py:840} INFO - DAG(s) 'example_xcom' retrieved from /home/airflow/.local/lib/python3.12/site-packages/airflow/example_dags/example_xcom.py
[2024-06-16T12:54:19.519+0000] {logging_mixin.py:188} INFO - [2024-06-16T12:54:19.519+0000] {dag.py:3096} INFO - Sync 1 DAGs
[2024-06-16T12:54:19.552+0000] {logging_mixin.py:188} INFO - [2024-06-16T12:54:19.552+0000] {dag.py:3954} INFO - Setting next_dagrun for example_xcom to 2021-01-01 00:00:00+00:00, run_after=2021-01-01 00:00:00+00:00
[2024-06-16T12:54:19.580+0000] {processor.py:183} INFO - Processing /home/airflow/.local/lib/python3.12/site-packages/airflow/example_dags/example_xcom.py took 0.104 seconds
[2024-06-16T12:54:49.916+0000] {processor.py:161} INFO - Started process (PID=1031) to work on /home/airflow/.local/lib/python3.12/site-packages/airflow/example_dags/example_xcom.py
[2024-06-16T12:54:49.926+0000] {processor.py:830} INFO - Processing file /home/airflow/.local/lib/python3.12/site-packages/airflow/example_dags/example_xcom.py for tasks to queue
[2024-06-16T12:54:49.927+0000] {logging_mixin.py:188} INFO - [2024-06-16T12:54:49.926+0000] {dagbag.py:545} INFO - Filling up the DagBag from /home/airflow/.local/lib/python3.12/site-packages/airflow/example_dags/example_xcom.py
[2024-06-16T12:54:49.938+0000] {processor.py:840} INFO - DAG(s) 'example_xcom' retrieved from /home/airflow/.local/lib/python3.12/site-packages/airflow/example_dags/example_xcom.py
[2024-06-16T12:54:49.965+0000] {logging_mixin.py:188} INFO - [2024-06-16T12:54:49.965+0000] {dag.py:3096} INFO - Sync 1 DAGs
[2024-06-16T12:54:49.993+0000] {logging_mixin.py:188} INFO - [2024-06-16T12:54:49.993+0000] {dag.py:3954} INFO - Setting next_dagrun for example_xcom to 2021-01-01 00:00:00+00:00, run_after=2021-01-01 00:00:00+00:00
[2024-06-16T12:54:50.020+0000] {processor.py:183} INFO - Processing /home/airflow/.local/lib/python3.12/site-packages/airflow/example_dags/example_xcom.py took 0.110 seconds
[2024-06-16T12:55:20.574+0000] {processor.py:161} INFO - Started process (PID=1090) to work on /home/airflow/.local/lib/python3.12/site-packages/airflow/example_dags/example_xcom.py
[2024-06-16T12:55:20.574+0000] {processor.py:830} INFO - Processing file /home/airflow/.local/lib/python3.12/site-packages/airflow/example_dags/example_xcom.py for tasks to queue
[2024-06-16T12:55:20.575+0000] {logging_mixin.py:188} INFO - [2024-06-16T12:55:20.575+0000] {dagbag.py:545} INFO - Filling up the DagBag from /home/airflow/.local/lib/python3.12/site-packages/airflow/example_dags/example_xcom.py
[2024-06-16T12:55:20.582+0000] {processor.py:840} INFO - DAG(s) 'example_xcom' retrieved from /home/airflow/.local/lib/python3.12/site-packages/airflow/example_dags/example_xcom.py
[2024-06-16T12:55:20.619+0000] {logging_mixin.py:188} INFO - [2024-06-16T12:55:20.619+0000] {dag.py:3096} INFO - Sync 1 DAGs
[2024-06-16T12:55:20.692+0000] {logging_mixin.py:188} INFO - [2024-06-16T12:55:20.692+0000] {dag.py:3954} INFO - Setting next_dagrun for example_xcom to 2021-01-01 00:00:00+00:00, run_after=2021-01-01 00:00:00+00:00
[2024-06-16T12:55:20.723+0000] {processor.py:183} INFO - Processing /home/airflow/.local/lib/python3.12/site-packages/airflow/example_dags/example_xcom.py took 0.154 seconds
[2024-06-16T12:55:50.811+0000] {processor.py:161} INFO - Started process (PID=1148) to work on /home/airflow/.local/lib/python3.12/site-packages/airflow/example_dags/example_xcom.py
[2024-06-16T12:55:50.814+0000] {processor.py:830} INFO - Processing file /home/airflow/.local/lib/python3.12/site-packages/airflow/example_dags/example_xcom.py for tasks to queue
[2024-06-16T12:55:50.816+0000] {logging_mixin.py:188} INFO - [2024-06-16T12:55:50.815+0000] {dagbag.py:545} INFO - Filling up the DagBag from /home/airflow/.local/lib/python3.12/site-packages/airflow/example_dags/example_xcom.py
[2024-06-16T12:55:50.830+0000] {processor.py:840} INFO - DAG(s) 'example_xcom' retrieved from /home/airflow/.local/lib/python3.12/site-packages/airflow/example_dags/example_xcom.py
[2024-06-16T12:55:50.871+0000] {logging_mixin.py:188} INFO - [2024-06-16T12:55:50.871+0000] {dag.py:3096} INFO - Sync 1 DAGs
[2024-06-16T12:55:50.912+0000] {logging_mixin.py:188} INFO - [2024-06-16T12:55:50.911+0000] {dag.py:3954} INFO - Setting next_dagrun for example_xcom to 2021-01-01 00:00:00+00:00, run_after=2021-01-01 00:00:00+00:00
[2024-06-16T12:55:50.952+0000] {processor.py:183} INFO - Processing /home/airflow/.local/lib/python3.12/site-packages/airflow/example_dags/example_xcom.py took 0.150 seconds
[2024-06-16T12:56:21.096+0000] {processor.py:161} INFO - Started process (PID=1207) to work on /home/airflow/.local/lib/python3.12/site-packages/airflow/example_dags/example_xcom.py
[2024-06-16T12:56:21.097+0000] {processor.py:830} INFO - Processing file /home/airflow/.local/lib/python3.12/site-packages/airflow/example_dags/example_xcom.py for tasks to queue
[2024-06-16T12:56:21.098+0000] {logging_mixin.py:188} INFO - [2024-06-16T12:56:21.098+0000] {dagbag.py:545} INFO - Filling up the DagBag from /home/airflow/.local/lib/python3.12/site-packages/airflow/example_dags/example_xcom.py
[2024-06-16T12:56:21.106+0000] {processor.py:840} INFO - DAG(s) 'example_xcom' retrieved from /home/airflow/.local/lib/python3.12/site-packages/airflow/example_dags/example_xcom.py
[2024-06-16T12:56:21.132+0000] {logging_mixin.py:188} INFO - [2024-06-16T12:56:21.131+0000] {dag.py:3096} INFO - Sync 1 DAGs
[2024-06-16T12:56:21.155+0000] {logging_mixin.py:188} INFO - [2024-06-16T12:56:21.155+0000] {dag.py:3954} INFO - Setting next_dagrun for example_xcom to 2021-01-01 00:00:00+00:00, run_after=2021-01-01 00:00:00+00:00
[2024-06-16T12:56:21.182+0000] {processor.py:183} INFO - Processing /home/airflow/.local/lib/python3.12/site-packages/airflow/example_dags/example_xcom.py took 0.092 seconds
[2024-06-16T12:56:51.737+0000] {processor.py:161} INFO - Started process (PID=1266) to work on /home/airflow/.local/lib/python3.12/site-packages/airflow/example_dags/example_xcom.py
[2024-06-16T12:56:51.747+0000] {processor.py:830} INFO - Processing file /home/airflow/.local/lib/python3.12/site-packages/airflow/example_dags/example_xcom.py for tasks to queue
[2024-06-16T12:56:51.748+0000] {logging_mixin.py:188} INFO - [2024-06-16T12:56:51.747+0000] {dagbag.py:545} INFO - Filling up the DagBag from /home/airflow/.local/lib/python3.12/site-packages/airflow/example_dags/example_xcom.py
[2024-06-16T12:56:51.757+0000] {processor.py:840} INFO - DAG(s) 'example_xcom' retrieved from /home/airflow/.local/lib/python3.12/site-packages/airflow/example_dags/example_xcom.py
[2024-06-16T12:56:51.789+0000] {logging_mixin.py:188} INFO - [2024-06-16T12:56:51.789+0000] {dag.py:3096} INFO - Sync 1 DAGs
[2024-06-16T12:56:51.826+0000] {logging_mixin.py:188} INFO - [2024-06-16T12:56:51.826+0000] {dag.py:3954} INFO - Setting next_dagrun for example_xcom to 2021-01-01 00:00:00+00:00, run_after=2021-01-01 00:00:00+00:00
[2024-06-16T12:56:51.858+0000] {processor.py:183} INFO - Processing /home/airflow/.local/lib/python3.12/site-packages/airflow/example_dags/example_xcom.py took 0.128 seconds
[2024-06-16T12:57:22.090+0000] {processor.py:161} INFO - Started process (PID=1324) to work on /home/airflow/.local/lib/python3.12/site-packages/airflow/example_dags/example_xcom.py
[2024-06-16T12:57:22.091+0000] {processor.py:830} INFO - Processing file /home/airflow/.local/lib/python3.12/site-packages/airflow/example_dags/example_xcom.py for tasks to queue
[2024-06-16T12:57:22.092+0000] {logging_mixin.py:188} INFO - [2024-06-16T12:57:22.092+0000] {dagbag.py:545} INFO - Filling up the DagBag from /home/airflow/.local/lib/python3.12/site-packages/airflow/example_dags/example_xcom.py
[2024-06-16T12:57:22.100+0000] {processor.py:840} INFO - DAG(s) 'example_xcom' retrieved from /home/airflow/.local/lib/python3.12/site-packages/airflow/example_dags/example_xcom.py
[2024-06-16T12:57:22.127+0000] {logging_mixin.py:188} INFO - [2024-06-16T12:57:22.126+0000] {dag.py:3096} INFO - Sync 1 DAGs
[2024-06-16T12:57:22.152+0000] {logging_mixin.py:188} INFO - [2024-06-16T12:57:22.151+0000] {dag.py:3954} INFO - Setting next_dagrun for example_xcom to 2021-01-01 00:00:00+00:00, run_after=2021-01-01 00:00:00+00:00
[2024-06-16T12:57:22.174+0000] {processor.py:183} INFO - Processing /home/airflow/.local/lib/python3.12/site-packages/airflow/example_dags/example_xcom.py took 0.088 seconds
[2024-06-16T12:57:52.362+0000] {processor.py:161} INFO - Started process (PID=1383) to work on /home/airflow/.local/lib/python3.12/site-packages/airflow/example_dags/example_xcom.py
[2024-06-16T12:57:52.363+0000] {processor.py:830} INFO - Processing file /home/airflow/.local/lib/python3.12/site-packages/airflow/example_dags/example_xcom.py for tasks to queue
[2024-06-16T12:57:52.364+0000] {logging_mixin.py:188} INFO - [2024-06-16T12:57:52.363+0000] {dagbag.py:545} INFO - Filling up the DagBag from /home/airflow/.local/lib/python3.12/site-packages/airflow/example_dags/example_xcom.py
[2024-06-16T12:57:52.373+0000] {processor.py:840} INFO - DAG(s) 'example_xcom' retrieved from /home/airflow/.local/lib/python3.12/site-packages/airflow/example_dags/example_xcom.py
[2024-06-16T12:57:52.400+0000] {logging_mixin.py:188} INFO - [2024-06-16T12:57:52.400+0000] {dag.py:3096} INFO - Sync 1 DAGs
[2024-06-16T12:57:52.431+0000] {logging_mixin.py:188} INFO - [2024-06-16T12:57:52.430+0000] {dag.py:3954} INFO - Setting next_dagrun for example_xcom to 2021-01-01 00:00:00+00:00, run_after=2021-01-01 00:00:00+00:00
[2024-06-16T12:57:52.455+0000] {processor.py:183} INFO - Processing /home/airflow/.local/lib/python3.12/site-packages/airflow/example_dags/example_xcom.py took 0.102 seconds
[2024-06-16T12:58:22.706+0000] {processor.py:161} INFO - Started process (PID=1441) to work on /home/airflow/.local/lib/python3.12/site-packages/airflow/example_dags/example_xcom.py
[2024-06-16T12:58:22.717+0000] {processor.py:830} INFO - Processing file /home/airflow/.local/lib/python3.12/site-packages/airflow/example_dags/example_xcom.py for tasks to queue
[2024-06-16T12:58:22.718+0000] {logging_mixin.py:188} INFO - [2024-06-16T12:58:22.717+0000] {dagbag.py:545} INFO - Filling up the DagBag from /home/airflow/.local/lib/python3.12/site-packages/airflow/example_dags/example_xcom.py
[2024-06-16T12:58:22.727+0000] {processor.py:840} INFO - DAG(s) 'example_xcom' retrieved from /home/airflow/.local/lib/python3.12/site-packages/airflow/example_dags/example_xcom.py
[2024-06-16T12:58:22.757+0000] {logging_mixin.py:188} INFO - [2024-06-16T12:58:22.757+0000] {dag.py:3096} INFO - Sync 1 DAGs
[2024-06-16T12:58:22.793+0000] {logging_mixin.py:188} INFO - [2024-06-16T12:58:22.793+0000] {dag.py:3954} INFO - Setting next_dagrun for example_xcom to 2021-01-01 00:00:00+00:00, run_after=2021-01-01 00:00:00+00:00
[2024-06-16T12:58:22.825+0000] {processor.py:183} INFO - Processing /home/airflow/.local/lib/python3.12/site-packages/airflow/example_dags/example_xcom.py took 0.127 seconds
[2024-06-16T12:58:53.614+0000] {processor.py:161} INFO - Started process (PID=1500) to work on /home/airflow/.local/lib/python3.12/site-packages/airflow/example_dags/example_xcom.py
[2024-06-16T12:58:53.615+0000] {processor.py:830} INFO - Processing file /home/airflow/.local/lib/python3.12/site-packages/airflow/example_dags/example_xcom.py for tasks to queue
[2024-06-16T12:58:53.616+0000] {logging_mixin.py:188} INFO - [2024-06-16T12:58:53.615+0000] {dagbag.py:545} INFO - Filling up the DagBag from /home/airflow/.local/lib/python3.12/site-packages/airflow/example_dags/example_xcom.py
[2024-06-16T12:58:53.625+0000] {processor.py:840} INFO - DAG(s) 'example_xcom' retrieved from /home/airflow/.local/lib/python3.12/site-packages/airflow/example_dags/example_xcom.py
[2024-06-16T12:58:53.651+0000] {logging_mixin.py:188} INFO - [2024-06-16T12:58:53.651+0000] {dag.py:3096} INFO - Sync 1 DAGs
[2024-06-16T12:58:53.677+0000] {logging_mixin.py:188} INFO - [2024-06-16T12:58:53.676+0000] {dag.py:3954} INFO - Setting next_dagrun for example_xcom to 2021-01-01 00:00:00+00:00, run_after=2021-01-01 00:00:00+00:00
[2024-06-16T12:58:53.704+0000] {processor.py:183} INFO - Processing /home/airflow/.local/lib/python3.12/site-packages/airflow/example_dags/example_xcom.py took 0.097 seconds
[2024-06-16T12:59:23.802+0000] {processor.py:161} INFO - Started process (PID=1569) to work on /home/airflow/.local/lib/python3.12/site-packages/airflow/example_dags/example_xcom.py
[2024-06-16T12:59:23.812+0000] {processor.py:830} INFO - Processing file /home/airflow/.local/lib/python3.12/site-packages/airflow/example_dags/example_xcom.py for tasks to queue
[2024-06-16T12:59:23.814+0000] {logging_mixin.py:188} INFO - [2024-06-16T12:59:23.813+0000] {dagbag.py:545} INFO - Filling up the DagBag from /home/airflow/.local/lib/python3.12/site-packages/airflow/example_dags/example_xcom.py
[2024-06-16T12:59:23.828+0000] {processor.py:840} INFO - DAG(s) 'example_xcom' retrieved from /home/airflow/.local/lib/python3.12/site-packages/airflow/example_dags/example_xcom.py
[2024-06-16T12:59:23.871+0000] {logging_mixin.py:188} INFO - [2024-06-16T12:59:23.870+0000] {dag.py:3096} INFO - Sync 1 DAGs
[2024-06-16T12:59:23.930+0000] {logging_mixin.py:188} INFO - [2024-06-16T12:59:23.930+0000] {dag.py:3954} INFO - Setting next_dagrun for example_xcom to 2021-01-01 00:00:00+00:00, run_after=2021-01-01 00:00:00+00:00
[2024-06-16T12:59:24.006+0000] {processor.py:183} INFO - Processing /home/airflow/.local/lib/python3.12/site-packages/airflow/example_dags/example_xcom.py took 0.218 seconds
[2024-06-16T12:59:54.257+0000] {processor.py:161} INFO - Started process (PID=1629) to work on /home/airflow/.local/lib/python3.12/site-packages/airflow/example_dags/example_xcom.py
[2024-06-16T12:59:54.258+0000] {processor.py:830} INFO - Processing file /home/airflow/.local/lib/python3.12/site-packages/airflow/example_dags/example_xcom.py for tasks to queue
[2024-06-16T12:59:54.259+0000] {logging_mixin.py:188} INFO - [2024-06-16T12:59:54.259+0000] {dagbag.py:545} INFO - Filling up the DagBag from /home/airflow/.local/lib/python3.12/site-packages/airflow/example_dags/example_xcom.py
[2024-06-16T12:59:54.269+0000] {processor.py:840} INFO - DAG(s) 'example_xcom' retrieved from /home/airflow/.local/lib/python3.12/site-packages/airflow/example_dags/example_xcom.py
[2024-06-16T12:59:54.297+0000] {logging_mixin.py:188} INFO - [2024-06-16T12:59:54.297+0000] {dag.py:3096} INFO - Sync 1 DAGs
[2024-06-16T12:59:54.328+0000] {logging_mixin.py:188} INFO - [2024-06-16T12:59:54.328+0000] {dag.py:3954} INFO - Setting next_dagrun for example_xcom to 2021-01-01 00:00:00+00:00, run_after=2021-01-01 00:00:00+00:00
[2024-06-16T12:59:54.357+0000] {processor.py:183} INFO - Processing /home/airflow/.local/lib/python3.12/site-packages/airflow/example_dags/example_xcom.py took 0.107 seconds
[2024-06-16T13:00:24.420+0000] {processor.py:161} INFO - Started process (PID=1696) to work on /home/airflow/.local/lib/python3.12/site-packages/airflow/example_dags/example_xcom.py
[2024-06-16T13:00:24.420+0000] {processor.py:830} INFO - Processing file /home/airflow/.local/lib/python3.12/site-packages/airflow/example_dags/example_xcom.py for tasks to queue
[2024-06-16T13:00:24.422+0000] {logging_mixin.py:188} INFO - [2024-06-16T13:00:24.421+0000] {dagbag.py:545} INFO - Filling up the DagBag from /home/airflow/.local/lib/python3.12/site-packages/airflow/example_dags/example_xcom.py
[2024-06-16T13:00:24.428+0000] {processor.py:840} INFO - DAG(s) 'example_xcom' retrieved from /home/airflow/.local/lib/python3.12/site-packages/airflow/example_dags/example_xcom.py
[2024-06-16T13:00:24.452+0000] {logging_mixin.py:188} INFO - [2024-06-16T13:00:24.451+0000] {dag.py:3096} INFO - Sync 1 DAGs
[2024-06-16T13:00:24.485+0000] {logging_mixin.py:188} INFO - [2024-06-16T13:00:24.485+0000] {dag.py:3954} INFO - Setting next_dagrun for example_xcom to 2021-01-01 00:00:00+00:00, run_after=2021-01-01 00:00:00+00:00
[2024-06-16T13:00:24.506+0000] {processor.py:183} INFO - Processing /home/airflow/.local/lib/python3.12/site-packages/airflow/example_dags/example_xcom.py took 0.091 seconds
[2024-06-16T13:00:54.636+0000] {processor.py:161} INFO - Started process (PID=1755) to work on /home/airflow/.local/lib/python3.12/site-packages/airflow/example_dags/example_xcom.py
[2024-06-16T13:00:54.637+0000] {processor.py:830} INFO - Processing file /home/airflow/.local/lib/python3.12/site-packages/airflow/example_dags/example_xcom.py for tasks to queue
[2024-06-16T13:00:54.639+0000] {logging_mixin.py:188} INFO - [2024-06-16T13:00:54.639+0000] {dagbag.py:545} INFO - Filling up the DagBag from /home/airflow/.local/lib/python3.12/site-packages/airflow/example_dags/example_xcom.py
[2024-06-16T13:00:54.650+0000] {processor.py:840} INFO - DAG(s) 'example_xcom' retrieved from /home/airflow/.local/lib/python3.12/site-packages/airflow/example_dags/example_xcom.py
[2024-06-16T13:00:54.678+0000] {logging_mixin.py:188} INFO - [2024-06-16T13:00:54.678+0000] {dag.py:3096} INFO - Sync 1 DAGs
[2024-06-16T13:00:54.709+0000] {logging_mixin.py:188} INFO - [2024-06-16T13:00:54.709+0000] {dag.py:3954} INFO - Setting next_dagrun for example_xcom to 2021-01-01 00:00:00+00:00, run_after=2021-01-01 00:00:00+00:00
[2024-06-16T13:00:54.733+0000] {processor.py:183} INFO - Processing /home/airflow/.local/lib/python3.12/site-packages/airflow/example_dags/example_xcom.py took 0.103 seconds
[2024-06-16T13:01:25.032+0000] {processor.py:161} INFO - Started process (PID=1814) to work on /home/airflow/.local/lib/python3.12/site-packages/airflow/example_dags/example_xcom.py
[2024-06-16T13:01:25.042+0000] {processor.py:830} INFO - Processing file /home/airflow/.local/lib/python3.12/site-packages/airflow/example_dags/example_xcom.py for tasks to queue
[2024-06-16T13:01:25.043+0000] {logging_mixin.py:188} INFO - [2024-06-16T13:01:25.043+0000] {dagbag.py:545} INFO - Filling up the DagBag from /home/airflow/.local/lib/python3.12/site-packages/airflow/example_dags/example_xcom.py
[2024-06-16T13:01:25.057+0000] {processor.py:840} INFO - DAG(s) 'example_xcom' retrieved from /home/airflow/.local/lib/python3.12/site-packages/airflow/example_dags/example_xcom.py
[2024-06-16T13:01:25.098+0000] {logging_mixin.py:188} INFO - [2024-06-16T13:01:25.098+0000] {dag.py:3096} INFO - Sync 1 DAGs
[2024-06-16T13:01:25.137+0000] {logging_mixin.py:188} INFO - [2024-06-16T13:01:25.137+0000] {dag.py:3954} INFO - Setting next_dagrun for example_xcom to 2021-01-01 00:00:00+00:00, run_after=2021-01-01 00:00:00+00:00
[2024-06-16T13:01:25.179+0000] {processor.py:183} INFO - Processing /home/airflow/.local/lib/python3.12/site-packages/airflow/example_dags/example_xcom.py took 0.154 seconds
[2024-06-16T13:01:55.221+0000] {processor.py:161} INFO - Started process (PID=1873) to work on /home/airflow/.local/lib/python3.12/site-packages/airflow/example_dags/example_xcom.py
[2024-06-16T13:01:55.222+0000] {processor.py:830} INFO - Processing file /home/airflow/.local/lib/python3.12/site-packages/airflow/example_dags/example_xcom.py for tasks to queue
[2024-06-16T13:01:55.224+0000] {logging_mixin.py:188} INFO - [2024-06-16T13:01:55.223+0000] {dagbag.py:545} INFO - Filling up the DagBag from /home/airflow/.local/lib/python3.12/site-packages/airflow/example_dags/example_xcom.py
[2024-06-16T13:01:55.237+0000] {processor.py:840} INFO - DAG(s) 'example_xcom' retrieved from /home/airflow/.local/lib/python3.12/site-packages/airflow/example_dags/example_xcom.py
[2024-06-16T13:01:55.272+0000] {logging_mixin.py:188} INFO - [2024-06-16T13:01:55.272+0000] {dag.py:3096} INFO - Sync 1 DAGs
[2024-06-16T13:01:55.304+0000] {logging_mixin.py:188} INFO - [2024-06-16T13:01:55.304+0000] {dag.py:3954} INFO - Setting next_dagrun for example_xcom to 2021-01-01 00:00:00+00:00, run_after=2021-01-01 00:00:00+00:00
[2024-06-16T13:01:55.336+0000] {processor.py:183} INFO - Processing /home/airflow/.local/lib/python3.12/site-packages/airflow/example_dags/example_xcom.py took 0.125 seconds
[2024-06-16T13:02:25.856+0000] {processor.py:161} INFO - Started process (PID=1932) to work on /home/airflow/.local/lib/python3.12/site-packages/airflow/example_dags/example_xcom.py
[2024-06-16T13:02:25.856+0000] {processor.py:830} INFO - Processing file /home/airflow/.local/lib/python3.12/site-packages/airflow/example_dags/example_xcom.py for tasks to queue
[2024-06-16T13:02:25.857+0000] {logging_mixin.py:188} INFO - [2024-06-16T13:02:25.857+0000] {dagbag.py:545} INFO - Filling up the DagBag from /home/airflow/.local/lib/python3.12/site-packages/airflow/example_dags/example_xcom.py
[2024-06-16T13:02:25.865+0000] {processor.py:840} INFO - DAG(s) 'example_xcom' retrieved from /home/airflow/.local/lib/python3.12/site-packages/airflow/example_dags/example_xcom.py
[2024-06-16T13:02:25.889+0000] {logging_mixin.py:188} INFO - [2024-06-16T13:02:25.888+0000] {dag.py:3096} INFO - Sync 1 DAGs
[2024-06-16T13:02:25.914+0000] {logging_mixin.py:188} INFO - [2024-06-16T13:02:25.914+0000] {dag.py:3954} INFO - Setting next_dagrun for example_xcom to 2021-01-01 00:00:00+00:00, run_after=2021-01-01 00:00:00+00:00
[2024-06-16T13:02:25.943+0000] {processor.py:183} INFO - Processing /home/airflow/.local/lib/python3.12/site-packages/airflow/example_dags/example_xcom.py took 0.093 seconds
[2024-06-16T13:02:56.342+0000] {processor.py:161} INFO - Started process (PID=1991) to work on /home/airflow/.local/lib/python3.12/site-packages/airflow/example_dags/example_xcom.py
[2024-06-16T13:02:56.342+0000] {processor.py:830} INFO - Processing file /home/airflow/.local/lib/python3.12/site-packages/airflow/example_dags/example_xcom.py for tasks to queue
[2024-06-16T13:02:56.344+0000] {logging_mixin.py:188} INFO - [2024-06-16T13:02:56.343+0000] {dagbag.py:545} INFO - Filling up the DagBag from /home/airflow/.local/lib/python3.12/site-packages/airflow/example_dags/example_xcom.py
[2024-06-16T13:02:56.353+0000] {processor.py:840} INFO - DAG(s) 'example_xcom' retrieved from /home/airflow/.local/lib/python3.12/site-packages/airflow/example_dags/example_xcom.py
[2024-06-16T13:02:56.380+0000] {logging_mixin.py:188} INFO - [2024-06-16T13:02:56.379+0000] {dag.py:3096} INFO - Sync 1 DAGs
[2024-06-16T13:02:56.409+0000] {logging_mixin.py:188} INFO - [2024-06-16T13:02:56.408+0000] {dag.py:3954} INFO - Setting next_dagrun for example_xcom to 2021-01-01 00:00:00+00:00, run_after=2021-01-01 00:00:00+00:00
[2024-06-16T13:02:56.433+0000] {processor.py:183} INFO - Processing /home/airflow/.local/lib/python3.12/site-packages/airflow/example_dags/example_xcom.py took 0.097 seconds
[2024-06-16T13:03:26.873+0000] {processor.py:161} INFO - Started process (PID=2050) to work on /home/airflow/.local/lib/python3.12/site-packages/airflow/example_dags/example_xcom.py
[2024-06-16T13:03:26.874+0000] {processor.py:830} INFO - Processing file /home/airflow/.local/lib/python3.12/site-packages/airflow/example_dags/example_xcom.py for tasks to queue
[2024-06-16T13:03:26.874+0000] {logging_mixin.py:188} INFO - [2024-06-16T13:03:26.874+0000] {dagbag.py:545} INFO - Filling up the DagBag from /home/airflow/.local/lib/python3.12/site-packages/airflow/example_dags/example_xcom.py
[2024-06-16T13:03:26.881+0000] {processor.py:840} INFO - DAG(s) 'example_xcom' retrieved from /home/airflow/.local/lib/python3.12/site-packages/airflow/example_dags/example_xcom.py
[2024-06-16T13:03:26.904+0000] {logging_mixin.py:188} INFO - [2024-06-16T13:03:26.904+0000] {dag.py:3096} INFO - Sync 1 DAGs
[2024-06-16T13:03:26.929+0000] {logging_mixin.py:188} INFO - [2024-06-16T13:03:26.928+0000] {dag.py:3954} INFO - Setting next_dagrun for example_xcom to 2021-01-01 00:00:00+00:00, run_after=2021-01-01 00:00:00+00:00
[2024-06-16T13:03:26.951+0000] {processor.py:183} INFO - Processing /home/airflow/.local/lib/python3.12/site-packages/airflow/example_dags/example_xcom.py took 0.084 seconds
[2024-06-16T13:03:57.028+0000] {processor.py:161} INFO - Started process (PID=2110) to work on /home/airflow/.local/lib/python3.12/site-packages/airflow/example_dags/example_xcom.py
[2024-06-16T13:03:57.037+0000] {processor.py:830} INFO - Processing file /home/airflow/.local/lib/python3.12/site-packages/airflow/example_dags/example_xcom.py for tasks to queue
[2024-06-16T13:03:57.039+0000] {logging_mixin.py:188} INFO - [2024-06-16T13:03:57.038+0000] {dagbag.py:545} INFO - Filling up the DagBag from /home/airflow/.local/lib/python3.12/site-packages/airflow/example_dags/example_xcom.py
[2024-06-16T13:03:57.050+0000] {processor.py:840} INFO - DAG(s) 'example_xcom' retrieved from /home/airflow/.local/lib/python3.12/site-packages/airflow/example_dags/example_xcom.py
[2024-06-16T13:03:57.093+0000] {logging_mixin.py:188} INFO - [2024-06-16T13:03:57.092+0000] {dag.py:3096} INFO - Sync 1 DAGs
[2024-06-16T13:03:57.137+0000] {logging_mixin.py:188} INFO - [2024-06-16T13:03:57.136+0000] {dag.py:3954} INFO - Setting next_dagrun for example_xcom to 2021-01-01 00:00:00+00:00, run_after=2021-01-01 00:00:00+00:00
[2024-06-16T13:03:57.332+0000] {processor.py:183} INFO - Processing /home/airflow/.local/lib/python3.12/site-packages/airflow/example_dags/example_xcom.py took 0.312 seconds
[2024-06-16T13:04:27.497+0000] {processor.py:161} INFO - Started process (PID=2171) to work on /home/airflow/.local/lib/python3.12/site-packages/airflow/example_dags/example_xcom.py
[2024-06-16T13:04:27.507+0000] {processor.py:830} INFO - Processing file /home/airflow/.local/lib/python3.12/site-packages/airflow/example_dags/example_xcom.py for tasks to queue
[2024-06-16T13:04:27.508+0000] {logging_mixin.py:188} INFO - [2024-06-16T13:04:27.507+0000] {dagbag.py:545} INFO - Filling up the DagBag from /home/airflow/.local/lib/python3.12/site-packages/airflow/example_dags/example_xcom.py
[2024-06-16T13:04:27.517+0000] {processor.py:840} INFO - DAG(s) 'example_xcom' retrieved from /home/airflow/.local/lib/python3.12/site-packages/airflow/example_dags/example_xcom.py
[2024-06-16T13:04:27.542+0000] {logging_mixin.py:188} INFO - [2024-06-16T13:04:27.541+0000] {dag.py:3096} INFO - Sync 1 DAGs
[2024-06-16T13:04:27.570+0000] {logging_mixin.py:188} INFO - [2024-06-16T13:04:27.570+0000] {dag.py:3954} INFO - Setting next_dagrun for example_xcom to 2021-01-01 00:00:00+00:00, run_after=2021-01-01 00:00:00+00:00
[2024-06-16T13:04:27.597+0000] {processor.py:183} INFO - Processing /home/airflow/.local/lib/python3.12/site-packages/airflow/example_dags/example_xcom.py took 0.106 seconds
[2024-06-16T13:04:57.894+0000] {processor.py:161} INFO - Started process (PID=2231) to work on /home/airflow/.local/lib/python3.12/site-packages/airflow/example_dags/example_xcom.py
[2024-06-16T13:04:57.894+0000] {processor.py:830} INFO - Processing file /home/airflow/.local/lib/python3.12/site-packages/airflow/example_dags/example_xcom.py for tasks to queue
[2024-06-16T13:04:57.895+0000] {logging_mixin.py:188} INFO - [2024-06-16T13:04:57.895+0000] {dagbag.py:545} INFO - Filling up the DagBag from /home/airflow/.local/lib/python3.12/site-packages/airflow/example_dags/example_xcom.py
[2024-06-16T13:04:57.903+0000] {processor.py:840} INFO - DAG(s) 'example_xcom' retrieved from /home/airflow/.local/lib/python3.12/site-packages/airflow/example_dags/example_xcom.py
[2024-06-16T13:04:57.925+0000] {logging_mixin.py:188} INFO - [2024-06-16T13:04:57.924+0000] {dag.py:3096} INFO - Sync 1 DAGs
[2024-06-16T13:04:57.952+0000] {logging_mixin.py:188} INFO - [2024-06-16T13:04:57.951+0000] {dag.py:3954} INFO - Setting next_dagrun for example_xcom to 2021-01-01 00:00:00+00:00, run_after=2021-01-01 00:00:00+00:00
[2024-06-16T13:04:57.975+0000] {processor.py:183} INFO - Processing /home/airflow/.local/lib/python3.12/site-packages/airflow/example_dags/example_xcom.py took 0.086 seconds
[2024-06-16T13:05:28.188+0000] {processor.py:161} INFO - Started process (PID=2290) to work on /home/airflow/.local/lib/python3.12/site-packages/airflow/example_dags/example_xcom.py
[2024-06-16T13:05:28.197+0000] {processor.py:830} INFO - Processing file /home/airflow/.local/lib/python3.12/site-packages/airflow/example_dags/example_xcom.py for tasks to queue
[2024-06-16T13:05:28.198+0000] {logging_mixin.py:188} INFO - [2024-06-16T13:05:28.198+0000] {dagbag.py:545} INFO - Filling up the DagBag from /home/airflow/.local/lib/python3.12/site-packages/airflow/example_dags/example_xcom.py
[2024-06-16T13:05:28.206+0000] {processor.py:840} INFO - DAG(s) 'example_xcom' retrieved from /home/airflow/.local/lib/python3.12/site-packages/airflow/example_dags/example_xcom.py
[2024-06-16T13:05:28.231+0000] {logging_mixin.py:188} INFO - [2024-06-16T13:05:28.230+0000] {dag.py:3096} INFO - Sync 1 DAGs
[2024-06-16T13:05:28.256+0000] {logging_mixin.py:188} INFO - [2024-06-16T13:05:28.256+0000] {dag.py:3954} INFO - Setting next_dagrun for example_xcom to 2021-01-01 00:00:00+00:00, run_after=2021-01-01 00:00:00+00:00
[2024-06-16T13:05:28.422+0000] {processor.py:183} INFO - Processing /home/airflow/.local/lib/python3.12/site-packages/airflow/example_dags/example_xcom.py took 0.239 seconds
[2024-06-16T13:05:58.535+0000] {processor.py:161} INFO - Started process (PID=2349) to work on /home/airflow/.local/lib/python3.12/site-packages/airflow/example_dags/example_xcom.py
[2024-06-16T13:05:58.545+0000] {processor.py:830} INFO - Processing file /home/airflow/.local/lib/python3.12/site-packages/airflow/example_dags/example_xcom.py for tasks to queue
[2024-06-16T13:05:58.546+0000] {logging_mixin.py:188} INFO - [2024-06-16T13:05:58.546+0000] {dagbag.py:545} INFO - Filling up the DagBag from /home/airflow/.local/lib/python3.12/site-packages/airflow/example_dags/example_xcom.py
[2024-06-16T13:05:58.556+0000] {processor.py:840} INFO - DAG(s) 'example_xcom' retrieved from /home/airflow/.local/lib/python3.12/site-packages/airflow/example_dags/example_xcom.py
[2024-06-16T13:05:58.587+0000] {logging_mixin.py:188} INFO - [2024-06-16T13:05:58.586+0000] {dag.py:3096} INFO - Sync 1 DAGs
[2024-06-16T13:05:58.626+0000] {logging_mixin.py:188} INFO - [2024-06-16T13:05:58.626+0000] {dag.py:3954} INFO - Setting next_dagrun for example_xcom to 2021-01-01 00:00:00+00:00, run_after=2021-01-01 00:00:00+00:00
[2024-06-16T13:05:58.659+0000] {processor.py:183} INFO - Processing /home/airflow/.local/lib/python3.12/site-packages/airflow/example_dags/example_xcom.py took 0.130 seconds
