[2024-06-16T12:21:15.463+0000] {processor.py:161} INFO - Started process (PID=82) to work on /home/airflow/.local/lib/python3.12/site-packages/airflow/example_dags/example_sla_dag.py
[2024-06-16T12:21:15.464+0000] {processor.py:830} INFO - Processing file /home/airflow/.local/lib/python3.12/site-packages/airflow/example_dags/example_sla_dag.py for tasks to queue
[2024-06-16T12:21:15.468+0000] {logging_mixin.py:188} INFO - [2024-06-16T12:21:15.468+0000] {dagbag.py:545} INFO - Filling up the DagBag from /home/airflow/.local/lib/python3.12/site-packages/airflow/example_dags/example_sla_dag.py
[2024-06-16T12:21:15.511+0000] {processor.py:840} INFO - DAG(s) 'example_sla_dag' retrieved from /home/airflow/.local/lib/python3.12/site-packages/airflow/example_dags/example_sla_dag.py
[2024-06-16T12:21:16.169+0000] {logging_mixin.py:188} INFO - [2024-06-16T12:21:16.168+0000] {override.py:1829} INFO - Created Permission View: can edit on DAG:example_sla_dag
[2024-06-16T12:21:16.310+0000] {logging_mixin.py:188} INFO - [2024-06-16T12:21:16.310+0000] {override.py:1829} INFO - Created Permission View: can delete on DAG:example_sla_dag
[2024-06-16T12:21:16.373+0000] {logging_mixin.py:188} INFO - [2024-06-16T12:21:16.373+0000] {override.py:1829} INFO - Created Permission View: can read on DAG:example_sla_dag
[2024-06-16T12:21:16.374+0000] {logging_mixin.py:188} INFO - [2024-06-16T12:21:16.374+0000] {dag.py:3096} INFO - Sync 1 DAGs
[2024-06-16T12:21:16.403+0000] {logging_mixin.py:188} INFO - [2024-06-16T12:21:16.403+0000] {dag.py:3118} INFO - Creating ORM DAG for example_sla_dag
[2024-06-16T12:21:16.461+0000] {logging_mixin.py:188} INFO - [2024-06-16T12:21:16.461+0000] {dag.py:3954} INFO - Setting next_dagrun for example_sla_dag to 2024-06-16 12:18:00+00:00, run_after=2024-06-16 12:20:00+00:00
[2024-06-16T12:21:16.589+0000] {processor.py:183} INFO - Processing /home/airflow/.local/lib/python3.12/site-packages/airflow/example_dags/example_sla_dag.py took 1.145 seconds
[2024-06-16T12:21:46.912+0000] {processor.py:161} INFO - Started process (PID=140) to work on /home/airflow/.local/lib/python3.12/site-packages/airflow/example_dags/example_sla_dag.py
[2024-06-16T12:21:46.922+0000] {processor.py:830} INFO - Processing file /home/airflow/.local/lib/python3.12/site-packages/airflow/example_dags/example_sla_dag.py for tasks to queue
[2024-06-16T12:21:46.925+0000] {logging_mixin.py:188} INFO - [2024-06-16T12:21:46.924+0000] {dagbag.py:545} INFO - Filling up the DagBag from /home/airflow/.local/lib/python3.12/site-packages/airflow/example_dags/example_sla_dag.py
[2024-06-16T12:21:46.947+0000] {processor.py:840} INFO - DAG(s) 'example_sla_dag' retrieved from /home/airflow/.local/lib/python3.12/site-packages/airflow/example_dags/example_sla_dag.py
[2024-06-16T12:21:46.994+0000] {logging_mixin.py:188} INFO - [2024-06-16T12:21:46.993+0000] {dag.py:3096} INFO - Sync 1 DAGs
[2024-06-16T12:21:47.088+0000] {logging_mixin.py:188} INFO - [2024-06-16T12:21:47.088+0000] {dag.py:3954} INFO - Setting next_dagrun for example_sla_dag to 2024-06-16 12:18:00+00:00, run_after=2024-06-16 12:20:00+00:00
[2024-06-16T12:21:47.131+0000] {processor.py:183} INFO - Processing /home/airflow/.local/lib/python3.12/site-packages/airflow/example_dags/example_sla_dag.py took 0.243 seconds
[2024-06-16T12:22:17.948+0000] {processor.py:161} INFO - Started process (PID=199) to work on /home/airflow/.local/lib/python3.12/site-packages/airflow/example_dags/example_sla_dag.py
[2024-06-16T12:22:17.963+0000] {processor.py:830} INFO - Processing file /home/airflow/.local/lib/python3.12/site-packages/airflow/example_dags/example_sla_dag.py for tasks to queue
[2024-06-16T12:22:18.000+0000] {logging_mixin.py:188} INFO - [2024-06-16T12:22:18.000+0000] {dagbag.py:545} INFO - Filling up the DagBag from /home/airflow/.local/lib/python3.12/site-packages/airflow/example_dags/example_sla_dag.py
[2024-06-16T12:22:18.168+0000] {processor.py:840} INFO - DAG(s) 'example_sla_dag' retrieved from /home/airflow/.local/lib/python3.12/site-packages/airflow/example_dags/example_sla_dag.py
[2024-06-16T12:22:18.352+0000] {logging_mixin.py:188} INFO - [2024-06-16T12:22:18.352+0000] {dag.py:3096} INFO - Sync 1 DAGs
[2024-06-16T12:22:18.773+0000] {logging_mixin.py:188} INFO - [2024-06-16T12:22:18.772+0000] {dag.py:3954} INFO - Setting next_dagrun for example_sla_dag to 2024-06-16 12:20:00+00:00, run_after=2024-06-16 12:22:00+00:00
[2024-06-16T12:22:19.000+0000] {processor.py:183} INFO - Processing /home/airflow/.local/lib/python3.12/site-packages/airflow/example_dags/example_sla_dag.py took 1.159 seconds
[2024-06-16T12:22:49.279+0000] {processor.py:161} INFO - Started process (PID=258) to work on /home/airflow/.local/lib/python3.12/site-packages/airflow/example_dags/example_sla_dag.py
[2024-06-16T12:22:49.281+0000] {processor.py:830} INFO - Processing file /home/airflow/.local/lib/python3.12/site-packages/airflow/example_dags/example_sla_dag.py for tasks to queue
[2024-06-16T12:22:49.286+0000] {logging_mixin.py:188} INFO - [2024-06-16T12:22:49.285+0000] {dagbag.py:545} INFO - Filling up the DagBag from /home/airflow/.local/lib/python3.12/site-packages/airflow/example_dags/example_sla_dag.py
[2024-06-16T12:22:49.305+0000] {processor.py:840} INFO - DAG(s) 'example_sla_dag' retrieved from /home/airflow/.local/lib/python3.12/site-packages/airflow/example_dags/example_sla_dag.py
[2024-06-16T12:22:49.421+0000] {logging_mixin.py:188} INFO - [2024-06-16T12:22:49.421+0000] {dag.py:3096} INFO - Sync 1 DAGs
[2024-06-16T12:22:49.571+0000] {logging_mixin.py:188} INFO - [2024-06-16T12:22:49.571+0000] {dag.py:3954} INFO - Setting next_dagrun for example_sla_dag to 2024-06-16 12:20:00+00:00, run_after=2024-06-16 12:22:00+00:00
[2024-06-16T12:22:49.749+0000] {processor.py:183} INFO - Processing /home/airflow/.local/lib/python3.12/site-packages/airflow/example_dags/example_sla_dag.py took 0.482 seconds
[2024-06-16T12:23:19.991+0000] {processor.py:161} INFO - Started process (PID=317) to work on /home/airflow/.local/lib/python3.12/site-packages/airflow/example_dags/example_sla_dag.py
[2024-06-16T12:23:20.005+0000] {processor.py:830} INFO - Processing file /home/airflow/.local/lib/python3.12/site-packages/airflow/example_dags/example_sla_dag.py for tasks to queue
[2024-06-16T12:23:20.010+0000] {logging_mixin.py:188} INFO - [2024-06-16T12:23:20.009+0000] {dagbag.py:545} INFO - Filling up the DagBag from /home/airflow/.local/lib/python3.12/site-packages/airflow/example_dags/example_sla_dag.py
[2024-06-16T12:23:20.037+0000] {processor.py:840} INFO - DAG(s) 'example_sla_dag' retrieved from /home/airflow/.local/lib/python3.12/site-packages/airflow/example_dags/example_sla_dag.py
[2024-06-16T12:23:20.085+0000] {logging_mixin.py:188} INFO - [2024-06-16T12:23:20.084+0000] {dag.py:3096} INFO - Sync 1 DAGs
[2024-06-16T12:23:20.158+0000] {logging_mixin.py:188} INFO - [2024-06-16T12:23:20.157+0000] {dag.py:3954} INFO - Setting next_dagrun for example_sla_dag to 2024-06-16 12:20:00+00:00, run_after=2024-06-16 12:22:00+00:00
[2024-06-16T12:23:20.200+0000] {processor.py:183} INFO - Processing /home/airflow/.local/lib/python3.12/site-packages/airflow/example_dags/example_sla_dag.py took 0.232 seconds
[2024-06-16T12:23:50.715+0000] {processor.py:161} INFO - Started process (PID=376) to work on /home/airflow/.local/lib/python3.12/site-packages/airflow/example_dags/example_sla_dag.py
[2024-06-16T12:23:50.717+0000] {processor.py:830} INFO - Processing file /home/airflow/.local/lib/python3.12/site-packages/airflow/example_dags/example_sla_dag.py for tasks to queue
[2024-06-16T12:23:50.720+0000] {logging_mixin.py:188} INFO - [2024-06-16T12:23:50.719+0000] {dagbag.py:545} INFO - Filling up the DagBag from /home/airflow/.local/lib/python3.12/site-packages/airflow/example_dags/example_sla_dag.py
[2024-06-16T12:23:50.746+0000] {processor.py:840} INFO - DAG(s) 'example_sla_dag' retrieved from /home/airflow/.local/lib/python3.12/site-packages/airflow/example_dags/example_sla_dag.py
[2024-06-16T12:23:50.792+0000] {logging_mixin.py:188} INFO - [2024-06-16T12:23:50.791+0000] {dag.py:3096} INFO - Sync 1 DAGs
[2024-06-16T12:23:50.870+0000] {logging_mixin.py:188} INFO - [2024-06-16T12:23:50.869+0000] {dag.py:3954} INFO - Setting next_dagrun for example_sla_dag to 2024-06-16 12:20:00+00:00, run_after=2024-06-16 12:22:00+00:00
[2024-06-16T12:23:50.914+0000] {processor.py:183} INFO - Processing /home/airflow/.local/lib/python3.12/site-packages/airflow/example_dags/example_sla_dag.py took 0.214 seconds
[2024-06-16T12:24:21.631+0000] {processor.py:161} INFO - Started process (PID=435) to work on /home/airflow/.local/lib/python3.12/site-packages/airflow/example_dags/example_sla_dag.py
[2024-06-16T12:24:21.635+0000] {processor.py:830} INFO - Processing file /home/airflow/.local/lib/python3.12/site-packages/airflow/example_dags/example_sla_dag.py for tasks to queue
[2024-06-16T12:24:21.649+0000] {logging_mixin.py:188} INFO - [2024-06-16T12:24:21.648+0000] {dagbag.py:545} INFO - Filling up the DagBag from /home/airflow/.local/lib/python3.12/site-packages/airflow/example_dags/example_sla_dag.py
[2024-06-16T12:24:21.676+0000] {processor.py:840} INFO - DAG(s) 'example_sla_dag' retrieved from /home/airflow/.local/lib/python3.12/site-packages/airflow/example_dags/example_sla_dag.py
[2024-06-16T12:24:21.745+0000] {logging_mixin.py:188} INFO - [2024-06-16T12:24:21.745+0000] {dag.py:3096} INFO - Sync 1 DAGs
[2024-06-16T12:24:21.960+0000] {logging_mixin.py:188} INFO - [2024-06-16T12:24:21.959+0000] {dag.py:3954} INFO - Setting next_dagrun for example_sla_dag to 2024-06-16 12:22:00+00:00, run_after=2024-06-16 12:24:00+00:00
[2024-06-16T12:24:22.112+0000] {processor.py:183} INFO - Processing /home/airflow/.local/lib/python3.12/site-packages/airflow/example_dags/example_sla_dag.py took 0.501 seconds
[2024-06-16T12:45:09.564+0000] {processor.py:161} INFO - Started process (PID=80) to work on /home/airflow/.local/lib/python3.12/site-packages/airflow/example_dags/example_sla_dag.py
[2024-06-16T12:45:09.565+0000] {processor.py:830} INFO - Processing file /home/airflow/.local/lib/python3.12/site-packages/airflow/example_dags/example_sla_dag.py for tasks to queue
[2024-06-16T12:45:09.569+0000] {logging_mixin.py:188} INFO - [2024-06-16T12:45:09.568+0000] {dagbag.py:545} INFO - Filling up the DagBag from /home/airflow/.local/lib/python3.12/site-packages/airflow/example_dags/example_sla_dag.py
[2024-06-16T12:45:09.585+0000] {processor.py:840} INFO - DAG(s) 'example_sla_dag' retrieved from /home/airflow/.local/lib/python3.12/site-packages/airflow/example_dags/example_sla_dag.py
[2024-06-16T12:45:09.797+0000] {logging_mixin.py:188} INFO - [2024-06-16T12:45:09.796+0000] {override.py:1829} INFO - Created Permission View: can read on DAG:example_sla_dag
[2024-06-16T12:45:09.818+0000] {logging_mixin.py:188} INFO - [2024-06-16T12:45:09.818+0000] {override.py:1829} INFO - Created Permission View: can delete on DAG:example_sla_dag
[2024-06-16T12:45:09.840+0000] {logging_mixin.py:188} INFO - [2024-06-16T12:45:09.840+0000] {override.py:1829} INFO - Created Permission View: can edit on DAG:example_sla_dag
[2024-06-16T12:45:09.841+0000] {logging_mixin.py:188} INFO - [2024-06-16T12:45:09.841+0000] {dag.py:3096} INFO - Sync 1 DAGs
[2024-06-16T12:45:09.869+0000] {logging_mixin.py:188} INFO - [2024-06-16T12:45:09.868+0000] {dag.py:3118} INFO - Creating ORM DAG for example_sla_dag
[2024-06-16T12:45:09.894+0000] {logging_mixin.py:188} INFO - [2024-06-16T12:45:09.894+0000] {dag.py:3954} INFO - Setting next_dagrun for example_sla_dag to 2024-06-16 12:42:00+00:00, run_after=2024-06-16 12:44:00+00:00
[2024-06-16T12:45:09.927+0000] {processor.py:183} INFO - Processing /home/airflow/.local/lib/python3.12/site-packages/airflow/example_dags/example_sla_dag.py took 0.373 seconds
[2024-06-16T12:45:40.568+0000] {processor.py:161} INFO - Started process (PID=139) to work on /home/airflow/.local/lib/python3.12/site-packages/airflow/example_dags/example_sla_dag.py
[2024-06-16T12:45:40.569+0000] {processor.py:830} INFO - Processing file /home/airflow/.local/lib/python3.12/site-packages/airflow/example_dags/example_sla_dag.py for tasks to queue
[2024-06-16T12:45:40.572+0000] {logging_mixin.py:188} INFO - [2024-06-16T12:45:40.571+0000] {dagbag.py:545} INFO - Filling up the DagBag from /home/airflow/.local/lib/python3.12/site-packages/airflow/example_dags/example_sla_dag.py
[2024-06-16T12:45:40.586+0000] {processor.py:840} INFO - DAG(s) 'example_sla_dag' retrieved from /home/airflow/.local/lib/python3.12/site-packages/airflow/example_dags/example_sla_dag.py
[2024-06-16T12:45:40.622+0000] {logging_mixin.py:188} INFO - [2024-06-16T12:45:40.621+0000] {dag.py:3096} INFO - Sync 1 DAGs
[2024-06-16T12:45:40.662+0000] {logging_mixin.py:188} INFO - [2024-06-16T12:45:40.662+0000] {dag.py:3954} INFO - Setting next_dagrun for example_sla_dag to 2024-06-16 12:42:00+00:00, run_after=2024-06-16 12:44:00+00:00
[2024-06-16T12:45:40.692+0000] {processor.py:183} INFO - Processing /home/airflow/.local/lib/python3.12/site-packages/airflow/example_dags/example_sla_dag.py took 0.135 seconds
[2024-06-16T12:46:11.597+0000] {processor.py:161} INFO - Started process (PID=198) to work on /home/airflow/.local/lib/python3.12/site-packages/airflow/example_dags/example_sla_dag.py
[2024-06-16T12:46:11.598+0000] {processor.py:830} INFO - Processing file /home/airflow/.local/lib/python3.12/site-packages/airflow/example_dags/example_sla_dag.py for tasks to queue
[2024-06-16T12:46:11.601+0000] {logging_mixin.py:188} INFO - [2024-06-16T12:46:11.600+0000] {dagbag.py:545} INFO - Filling up the DagBag from /home/airflow/.local/lib/python3.12/site-packages/airflow/example_dags/example_sla_dag.py
[2024-06-16T12:46:11.612+0000] {processor.py:840} INFO - DAG(s) 'example_sla_dag' retrieved from /home/airflow/.local/lib/python3.12/site-packages/airflow/example_dags/example_sla_dag.py
[2024-06-16T12:46:11.636+0000] {logging_mixin.py:188} INFO - [2024-06-16T12:46:11.635+0000] {dag.py:3096} INFO - Sync 1 DAGs
[2024-06-16T12:46:11.678+0000] {logging_mixin.py:188} INFO - [2024-06-16T12:46:11.678+0000] {dag.py:3954} INFO - Setting next_dagrun for example_sla_dag to 2024-06-16 12:44:00+00:00, run_after=2024-06-16 12:46:00+00:00
[2024-06-16T12:46:11.718+0000] {processor.py:183} INFO - Processing /home/airflow/.local/lib/python3.12/site-packages/airflow/example_dags/example_sla_dag.py took 0.130 seconds
[2024-06-16T12:47:23.045+0000] {processor.py:161} INFO - Started process (PID=265) to work on /home/airflow/.local/lib/python3.12/site-packages/airflow/example_dags/example_sla_dag.py
[2024-06-16T12:47:23.052+0000] {processor.py:830} INFO - Processing file /home/airflow/.local/lib/python3.12/site-packages/airflow/example_dags/example_sla_dag.py for tasks to queue
[2024-06-16T12:47:23.073+0000] {logging_mixin.py:188} INFO - [2024-06-16T12:47:23.072+0000] {dagbag.py:545} INFO - Filling up the DagBag from /home/airflow/.local/lib/python3.12/site-packages/airflow/example_dags/example_sla_dag.py
[2024-06-16T12:47:23.188+0000] {processor.py:840} INFO - DAG(s) 'example_sla_dag' retrieved from /home/airflow/.local/lib/python3.12/site-packages/airflow/example_dags/example_sla_dag.py
[2024-06-16T12:47:23.604+0000] {logging_mixin.py:188} INFO - [2024-06-16T12:47:23.604+0000] {dag.py:3096} INFO - Sync 1 DAGs
[2024-06-16T12:47:23.775+0000] {logging_mixin.py:188} INFO - [2024-06-16T12:47:23.774+0000] {dag.py:3954} INFO - Setting next_dagrun for example_sla_dag to 2024-06-16 12:44:00+00:00, run_after=2024-06-16 12:46:00+00:00
[2024-06-16T12:47:23.916+0000] {processor.py:183} INFO - Processing /home/airflow/.local/lib/python3.12/site-packages/airflow/example_dags/example_sla_dag.py took 0.926 seconds
[2024-06-16T12:47:54.448+0000] {processor.py:161} INFO - Started process (PID=324) to work on /home/airflow/.local/lib/python3.12/site-packages/airflow/example_dags/example_sla_dag.py
[2024-06-16T12:47:54.451+0000] {processor.py:830} INFO - Processing file /home/airflow/.local/lib/python3.12/site-packages/airflow/example_dags/example_sla_dag.py for tasks to queue
[2024-06-16T12:47:54.454+0000] {logging_mixin.py:188} INFO - [2024-06-16T12:47:54.453+0000] {dagbag.py:545} INFO - Filling up the DagBag from /home/airflow/.local/lib/python3.12/site-packages/airflow/example_dags/example_sla_dag.py
[2024-06-16T12:47:54.472+0000] {processor.py:840} INFO - DAG(s) 'example_sla_dag' retrieved from /home/airflow/.local/lib/python3.12/site-packages/airflow/example_dags/example_sla_dag.py
[2024-06-16T12:47:54.538+0000] {logging_mixin.py:188} INFO - [2024-06-16T12:47:54.537+0000] {dag.py:3096} INFO - Sync 1 DAGs
[2024-06-16T12:47:54.625+0000] {logging_mixin.py:188} INFO - [2024-06-16T12:47:54.625+0000] {dag.py:3954} INFO - Setting next_dagrun for example_sla_dag to 2024-06-16 12:44:00+00:00, run_after=2024-06-16 12:46:00+00:00
[2024-06-16T12:47:54.741+0000] {processor.py:183} INFO - Processing /home/airflow/.local/lib/python3.12/site-packages/airflow/example_dags/example_sla_dag.py took 0.309 seconds
[2024-06-16T12:48:25.009+0000] {processor.py:161} INFO - Started process (PID=383) to work on /home/airflow/.local/lib/python3.12/site-packages/airflow/example_dags/example_sla_dag.py
[2024-06-16T12:48:25.010+0000] {processor.py:830} INFO - Processing file /home/airflow/.local/lib/python3.12/site-packages/airflow/example_dags/example_sla_dag.py for tasks to queue
[2024-06-16T12:48:25.014+0000] {logging_mixin.py:188} INFO - [2024-06-16T12:48:25.013+0000] {dagbag.py:545} INFO - Filling up the DagBag from /home/airflow/.local/lib/python3.12/site-packages/airflow/example_dags/example_sla_dag.py
[2024-06-16T12:48:25.036+0000] {processor.py:840} INFO - DAG(s) 'example_sla_dag' retrieved from /home/airflow/.local/lib/python3.12/site-packages/airflow/example_dags/example_sla_dag.py
[2024-06-16T12:48:25.098+0000] {logging_mixin.py:188} INFO - [2024-06-16T12:48:25.098+0000] {dag.py:3096} INFO - Sync 1 DAGs
[2024-06-16T12:48:25.198+0000] {logging_mixin.py:188} INFO - [2024-06-16T12:48:25.197+0000] {dag.py:3954} INFO - Setting next_dagrun for example_sla_dag to 2024-06-16 12:46:00+00:00, run_after=2024-06-16 12:48:00+00:00
[2024-06-16T12:48:25.258+0000] {processor.py:183} INFO - Processing /home/airflow/.local/lib/python3.12/site-packages/airflow/example_dags/example_sla_dag.py took 0.260 seconds
[2024-06-16T12:49:03.881+0000] {processor.py:161} INFO - Started process (PID=442) to work on /home/airflow/.local/lib/python3.12/site-packages/airflow/example_dags/example_sla_dag.py
[2024-06-16T12:49:03.953+0000] {processor.py:830} INFO - Processing file /home/airflow/.local/lib/python3.12/site-packages/airflow/example_dags/example_sla_dag.py for tasks to queue
[2024-06-16T12:49:04.021+0000] {logging_mixin.py:188} INFO - [2024-06-16T12:49:04.015+0000] {dagbag.py:545} INFO - Filling up the DagBag from /home/airflow/.local/lib/python3.12/site-packages/airflow/example_dags/example_sla_dag.py
[2024-06-16T12:49:04.777+0000] {processor.py:840} INFO - DAG(s) 'example_sla_dag' retrieved from /home/airflow/.local/lib/python3.12/site-packages/airflow/example_dags/example_sla_dag.py
[2024-06-16T12:49:05.504+0000] {logging_mixin.py:188} INFO - [2024-06-16T12:49:05.491+0000] {dag.py:3096} INFO - Sync 1 DAGs
[2024-06-16T12:49:06.070+0000] {logging_mixin.py:188} INFO - [2024-06-16T12:49:06.070+0000] {dag.py:3954} INFO - Setting next_dagrun for example_sla_dag to 2024-06-16 12:46:00+00:00, run_after=2024-06-16 12:48:00+00:00
[2024-06-16T12:49:06.432+0000] {processor.py:183} INFO - Processing /home/airflow/.local/lib/python3.12/site-packages/airflow/example_dags/example_sla_dag.py took 2.778 seconds
[2024-06-16T12:49:38.078+0000] {processor.py:161} INFO - Started process (PID=501) to work on /home/airflow/.local/lib/python3.12/site-packages/airflow/example_dags/example_sla_dag.py
[2024-06-16T12:49:38.096+0000] {processor.py:830} INFO - Processing file /home/airflow/.local/lib/python3.12/site-packages/airflow/example_dags/example_sla_dag.py for tasks to queue
[2024-06-16T12:49:38.146+0000] {logging_mixin.py:188} INFO - [2024-06-16T12:49:38.110+0000] {dagbag.py:545} INFO - Filling up the DagBag from /home/airflow/.local/lib/python3.12/site-packages/airflow/example_dags/example_sla_dag.py
[2024-06-16T12:49:38.422+0000] {processor.py:840} INFO - DAG(s) 'example_sla_dag' retrieved from /home/airflow/.local/lib/python3.12/site-packages/airflow/example_dags/example_sla_dag.py
[2024-06-16T12:49:39.562+0000] {logging_mixin.py:188} INFO - [2024-06-16T12:49:39.549+0000] {dag.py:3096} INFO - Sync 1 DAGs
[2024-06-16T12:49:39.910+0000] {logging_mixin.py:188} INFO - [2024-06-16T12:49:39.892+0000] {dag.py:3954} INFO - Setting next_dagrun for example_sla_dag to 2024-06-16 12:46:00+00:00, run_after=2024-06-16 12:48:00+00:00
[2024-06-16T12:49:40.393+0000] {processor.py:183} INFO - Processing /home/airflow/.local/lib/python3.12/site-packages/airflow/example_dags/example_sla_dag.py took 2.565 seconds
[2024-06-16T12:50:53.534+0000] {processor.py:161} INFO - Started process (PID=594) to work on /home/airflow/.local/lib/python3.12/site-packages/airflow/example_dags/example_sla_dag.py
[2024-06-16T12:50:53.548+0000] {processor.py:830} INFO - Processing file /home/airflow/.local/lib/python3.12/site-packages/airflow/example_dags/example_sla_dag.py for tasks to queue
[2024-06-16T12:50:53.555+0000] {logging_mixin.py:188} INFO - [2024-06-16T12:50:53.554+0000] {dagbag.py:545} INFO - Filling up the DagBag from /home/airflow/.local/lib/python3.12/site-packages/airflow/example_dags/example_sla_dag.py
[2024-06-16T12:50:53.584+0000] {processor.py:840} INFO - DAG(s) 'example_sla_dag' retrieved from /home/airflow/.local/lib/python3.12/site-packages/airflow/example_dags/example_sla_dag.py
[2024-06-16T12:50:53.627+0000] {logging_mixin.py:188} INFO - [2024-06-16T12:50:53.627+0000] {dag.py:3096} INFO - Sync 1 DAGs
[2024-06-16T12:50:53.683+0000] {logging_mixin.py:188} INFO - [2024-06-16T12:50:53.682+0000] {dag.py:3954} INFO - Setting next_dagrun for example_sla_dag to 2024-06-16 12:48:00+00:00, run_after=2024-06-16 12:50:00+00:00
[2024-06-16T12:50:53.738+0000] {processor.py:183} INFO - Processing /home/airflow/.local/lib/python3.12/site-packages/airflow/example_dags/example_sla_dag.py took 0.216 seconds
[2024-06-16T12:51:25.882+0000] {processor.py:161} INFO - Started process (PID=653) to work on /home/airflow/.local/lib/python3.12/site-packages/airflow/example_dags/example_sla_dag.py
[2024-06-16T12:51:25.883+0000] {processor.py:830} INFO - Processing file /home/airflow/.local/lib/python3.12/site-packages/airflow/example_dags/example_sla_dag.py for tasks to queue
[2024-06-16T12:51:25.887+0000] {logging_mixin.py:188} INFO - [2024-06-16T12:51:25.886+0000] {dagbag.py:545} INFO - Filling up the DagBag from /home/airflow/.local/lib/python3.12/site-packages/airflow/example_dags/example_sla_dag.py
[2024-06-16T12:51:25.903+0000] {processor.py:840} INFO - DAG(s) 'example_sla_dag' retrieved from /home/airflow/.local/lib/python3.12/site-packages/airflow/example_dags/example_sla_dag.py
[2024-06-16T12:51:25.947+0000] {logging_mixin.py:188} INFO - [2024-06-16T12:51:25.946+0000] {dag.py:3096} INFO - Sync 1 DAGs
[2024-06-16T12:51:25.997+0000] {logging_mixin.py:188} INFO - [2024-06-16T12:51:25.997+0000] {dag.py:3954} INFO - Setting next_dagrun for example_sla_dag to 2024-06-16 12:48:00+00:00, run_after=2024-06-16 12:50:00+00:00
[2024-06-16T12:51:26.032+0000] {processor.py:183} INFO - Processing /home/airflow/.local/lib/python3.12/site-packages/airflow/example_dags/example_sla_dag.py took 0.162 seconds
[2024-06-16T12:51:56.989+0000] {processor.py:161} INFO - Started process (PID=712) to work on /home/airflow/.local/lib/python3.12/site-packages/airflow/example_dags/example_sla_dag.py
[2024-06-16T12:51:56.990+0000] {processor.py:830} INFO - Processing file /home/airflow/.local/lib/python3.12/site-packages/airflow/example_dags/example_sla_dag.py for tasks to queue
[2024-06-16T12:51:56.995+0000] {logging_mixin.py:188} INFO - [2024-06-16T12:51:56.994+0000] {dagbag.py:545} INFO - Filling up the DagBag from /home/airflow/.local/lib/python3.12/site-packages/airflow/example_dags/example_sla_dag.py
[2024-06-16T12:51:57.013+0000] {processor.py:840} INFO - DAG(s) 'example_sla_dag' retrieved from /home/airflow/.local/lib/python3.12/site-packages/airflow/example_dags/example_sla_dag.py
[2024-06-16T12:51:57.065+0000] {logging_mixin.py:188} INFO - [2024-06-16T12:51:57.065+0000] {dag.py:3096} INFO - Sync 1 DAGs
[2024-06-16T12:51:57.123+0000] {logging_mixin.py:188} INFO - [2024-06-16T12:51:57.123+0000] {dag.py:3954} INFO - Setting next_dagrun for example_sla_dag to 2024-06-16 12:48:00+00:00, run_after=2024-06-16 12:50:00+00:00
[2024-06-16T12:51:57.167+0000] {processor.py:183} INFO - Processing /home/airflow/.local/lib/python3.12/site-packages/airflow/example_dags/example_sla_dag.py took 0.193 seconds
[2024-06-16T12:52:27.905+0000] {processor.py:161} INFO - Started process (PID=771) to work on /home/airflow/.local/lib/python3.12/site-packages/airflow/example_dags/example_sla_dag.py
[2024-06-16T12:52:27.906+0000] {processor.py:830} INFO - Processing file /home/airflow/.local/lib/python3.12/site-packages/airflow/example_dags/example_sla_dag.py for tasks to queue
[2024-06-16T12:52:27.908+0000] {logging_mixin.py:188} INFO - [2024-06-16T12:52:27.907+0000] {dagbag.py:545} INFO - Filling up the DagBag from /home/airflow/.local/lib/python3.12/site-packages/airflow/example_dags/example_sla_dag.py
[2024-06-16T12:52:27.918+0000] {processor.py:840} INFO - DAG(s) 'example_sla_dag' retrieved from /home/airflow/.local/lib/python3.12/site-packages/airflow/example_dags/example_sla_dag.py
[2024-06-16T12:52:27.940+0000] {logging_mixin.py:188} INFO - [2024-06-16T12:52:27.940+0000] {dag.py:3096} INFO - Sync 1 DAGs
[2024-06-16T12:52:27.974+0000] {logging_mixin.py:188} INFO - [2024-06-16T12:52:27.974+0000] {dag.py:3954} INFO - Setting next_dagrun for example_sla_dag to 2024-06-16 12:50:00+00:00, run_after=2024-06-16 12:52:00+00:00
[2024-06-16T12:52:27.998+0000] {processor.py:183} INFO - Processing /home/airflow/.local/lib/python3.12/site-packages/airflow/example_dags/example_sla_dag.py took 0.106 seconds
[2024-06-16T12:52:58.163+0000] {processor.py:161} INFO - Started process (PID=831) to work on /home/airflow/.local/lib/python3.12/site-packages/airflow/example_dags/example_sla_dag.py
[2024-06-16T12:52:58.164+0000] {processor.py:830} INFO - Processing file /home/airflow/.local/lib/python3.12/site-packages/airflow/example_dags/example_sla_dag.py for tasks to queue
[2024-06-16T12:52:58.164+0000] {logging_mixin.py:188} INFO - [2024-06-16T12:52:58.164+0000] {dagbag.py:545} INFO - Filling up the DagBag from /home/airflow/.local/lib/python3.12/site-packages/airflow/example_dags/example_sla_dag.py
[2024-06-16T12:52:58.175+0000] {processor.py:840} INFO - DAG(s) 'example_sla_dag' retrieved from /home/airflow/.local/lib/python3.12/site-packages/airflow/example_dags/example_sla_dag.py
[2024-06-16T12:52:58.203+0000] {logging_mixin.py:188} INFO - [2024-06-16T12:52:58.202+0000] {dag.py:3096} INFO - Sync 1 DAGs
[2024-06-16T12:52:58.248+0000] {logging_mixin.py:188} INFO - [2024-06-16T12:52:58.247+0000] {dag.py:3954} INFO - Setting next_dagrun for example_sla_dag to 2024-06-16 12:50:00+00:00, run_after=2024-06-16 12:52:00+00:00
[2024-06-16T12:52:58.277+0000] {processor.py:183} INFO - Processing /home/airflow/.local/lib/python3.12/site-packages/airflow/example_dags/example_sla_dag.py took 0.124 seconds
[2024-06-16T12:53:28.727+0000] {processor.py:161} INFO - Started process (PID=889) to work on /home/airflow/.local/lib/python3.12/site-packages/airflow/example_dags/example_sla_dag.py
[2024-06-16T12:53:28.728+0000] {processor.py:830} INFO - Processing file /home/airflow/.local/lib/python3.12/site-packages/airflow/example_dags/example_sla_dag.py for tasks to queue
[2024-06-16T12:53:28.728+0000] {logging_mixin.py:188} INFO - [2024-06-16T12:53:28.728+0000] {dagbag.py:545} INFO - Filling up the DagBag from /home/airflow/.local/lib/python3.12/site-packages/airflow/example_dags/example_sla_dag.py
[2024-06-16T12:53:28.738+0000] {processor.py:840} INFO - DAG(s) 'example_sla_dag' retrieved from /home/airflow/.local/lib/python3.12/site-packages/airflow/example_dags/example_sla_dag.py
[2024-06-16T12:53:28.759+0000] {logging_mixin.py:188} INFO - [2024-06-16T12:53:28.759+0000] {dag.py:3096} INFO - Sync 1 DAGs
[2024-06-16T12:53:28.788+0000] {logging_mixin.py:188} INFO - [2024-06-16T12:53:28.788+0000] {dag.py:3954} INFO - Setting next_dagrun for example_sla_dag to 2024-06-16 12:50:00+00:00, run_after=2024-06-16 12:52:00+00:00
[2024-06-16T12:53:28.811+0000] {processor.py:183} INFO - Processing /home/airflow/.local/lib/python3.12/site-packages/airflow/example_dags/example_sla_dag.py took 0.090 seconds
[2024-06-16T12:53:59.222+0000] {processor.py:161} INFO - Started process (PID=948) to work on /home/airflow/.local/lib/python3.12/site-packages/airflow/example_dags/example_sla_dag.py
[2024-06-16T12:53:59.223+0000] {processor.py:830} INFO - Processing file /home/airflow/.local/lib/python3.12/site-packages/airflow/example_dags/example_sla_dag.py for tasks to queue
[2024-06-16T12:53:59.224+0000] {logging_mixin.py:188} INFO - [2024-06-16T12:53:59.224+0000] {dagbag.py:545} INFO - Filling up the DagBag from /home/airflow/.local/lib/python3.12/site-packages/airflow/example_dags/example_sla_dag.py
[2024-06-16T12:53:59.233+0000] {processor.py:840} INFO - DAG(s) 'example_sla_dag' retrieved from /home/airflow/.local/lib/python3.12/site-packages/airflow/example_dags/example_sla_dag.py
[2024-06-16T12:53:59.255+0000] {logging_mixin.py:188} INFO - [2024-06-16T12:53:59.255+0000] {dag.py:3096} INFO - Sync 1 DAGs
[2024-06-16T12:53:59.284+0000] {logging_mixin.py:188} INFO - [2024-06-16T12:53:59.284+0000] {dag.py:3954} INFO - Setting next_dagrun for example_sla_dag to 2024-06-16 12:50:00+00:00, run_after=2024-06-16 12:52:00+00:00
[2024-06-16T12:53:59.304+0000] {processor.py:183} INFO - Processing /home/airflow/.local/lib/python3.12/site-packages/airflow/example_dags/example_sla_dag.py took 0.088 seconds
[2024-06-16T12:54:30.010+0000] {processor.py:161} INFO - Started process (PID=1007) to work on /home/airflow/.local/lib/python3.12/site-packages/airflow/example_dags/example_sla_dag.py
[2024-06-16T12:54:30.012+0000] {processor.py:830} INFO - Processing file /home/airflow/.local/lib/python3.12/site-packages/airflow/example_dags/example_sla_dag.py for tasks to queue
[2024-06-16T12:54:30.013+0000] {logging_mixin.py:188} INFO - [2024-06-16T12:54:30.013+0000] {dagbag.py:545} INFO - Filling up the DagBag from /home/airflow/.local/lib/python3.12/site-packages/airflow/example_dags/example_sla_dag.py
[2024-06-16T12:54:30.030+0000] {processor.py:840} INFO - DAG(s) 'example_sla_dag' retrieved from /home/airflow/.local/lib/python3.12/site-packages/airflow/example_dags/example_sla_dag.py
[2024-06-16T12:54:30.069+0000] {logging_mixin.py:188} INFO - [2024-06-16T12:54:30.069+0000] {dag.py:3096} INFO - Sync 1 DAGs
[2024-06-16T12:54:30.123+0000] {logging_mixin.py:188} INFO - [2024-06-16T12:54:30.123+0000] {dag.py:3954} INFO - Setting next_dagrun for example_sla_dag to 2024-06-16 12:52:00+00:00, run_after=2024-06-16 12:54:00+00:00
[2024-06-16T12:54:30.165+0000] {processor.py:183} INFO - Processing /home/airflow/.local/lib/python3.12/site-packages/airflow/example_dags/example_sla_dag.py took 0.164 seconds
[2024-06-16T12:55:00.766+0000] {processor.py:161} INFO - Started process (PID=1066) to work on /home/airflow/.local/lib/python3.12/site-packages/airflow/example_dags/example_sla_dag.py
[2024-06-16T12:55:00.768+0000] {processor.py:830} INFO - Processing file /home/airflow/.local/lib/python3.12/site-packages/airflow/example_dags/example_sla_dag.py for tasks to queue
[2024-06-16T12:55:00.770+0000] {logging_mixin.py:188} INFO - [2024-06-16T12:55:00.769+0000] {dagbag.py:545} INFO - Filling up the DagBag from /home/airflow/.local/lib/python3.12/site-packages/airflow/example_dags/example_sla_dag.py
[2024-06-16T12:55:00.796+0000] {processor.py:840} INFO - DAG(s) 'example_sla_dag' retrieved from /home/airflow/.local/lib/python3.12/site-packages/airflow/example_dags/example_sla_dag.py
[2024-06-16T12:55:00.845+0000] {logging_mixin.py:188} INFO - [2024-06-16T12:55:00.844+0000] {dag.py:3096} INFO - Sync 1 DAGs
[2024-06-16T12:55:00.942+0000] {logging_mixin.py:188} INFO - [2024-06-16T12:55:00.941+0000] {dag.py:3954} INFO - Setting next_dagrun for example_sla_dag to 2024-06-16 12:52:00+00:00, run_after=2024-06-16 12:54:00+00:00
[2024-06-16T12:55:00.992+0000] {processor.py:183} INFO - Processing /home/airflow/.local/lib/python3.12/site-packages/airflow/example_dags/example_sla_dag.py took 0.237 seconds
[2024-06-16T12:55:31.057+0000] {processor.py:161} INFO - Started process (PID=1125) to work on /home/airflow/.local/lib/python3.12/site-packages/airflow/example_dags/example_sla_dag.py
[2024-06-16T12:55:31.059+0000] {processor.py:830} INFO - Processing file /home/airflow/.local/lib/python3.12/site-packages/airflow/example_dags/example_sla_dag.py for tasks to queue
[2024-06-16T12:55:31.059+0000] {logging_mixin.py:188} INFO - [2024-06-16T12:55:31.059+0000] {dagbag.py:545} INFO - Filling up the DagBag from /home/airflow/.local/lib/python3.12/site-packages/airflow/example_dags/example_sla_dag.py
[2024-06-16T12:55:31.070+0000] {processor.py:840} INFO - DAG(s) 'example_sla_dag' retrieved from /home/airflow/.local/lib/python3.12/site-packages/airflow/example_dags/example_sla_dag.py
[2024-06-16T12:55:31.091+0000] {logging_mixin.py:188} INFO - [2024-06-16T12:55:31.090+0000] {dag.py:3096} INFO - Sync 1 DAGs
[2024-06-16T12:55:31.122+0000] {logging_mixin.py:188} INFO - [2024-06-16T12:55:31.122+0000] {dag.py:3954} INFO - Setting next_dagrun for example_sla_dag to 2024-06-16 12:52:00+00:00, run_after=2024-06-16 12:54:00+00:00
[2024-06-16T12:55:31.145+0000] {processor.py:183} INFO - Processing /home/airflow/.local/lib/python3.12/site-packages/airflow/example_dags/example_sla_dag.py took 0.093 seconds
[2024-06-16T12:56:01.937+0000] {processor.py:161} INFO - Started process (PID=1184) to work on /home/airflow/.local/lib/python3.12/site-packages/airflow/example_dags/example_sla_dag.py
[2024-06-16T12:56:01.938+0000] {processor.py:830} INFO - Processing file /home/airflow/.local/lib/python3.12/site-packages/airflow/example_dags/example_sla_dag.py for tasks to queue
[2024-06-16T12:56:01.939+0000] {logging_mixin.py:188} INFO - [2024-06-16T12:56:01.939+0000] {dagbag.py:545} INFO - Filling up the DagBag from /home/airflow/.local/lib/python3.12/site-packages/airflow/example_dags/example_sla_dag.py
[2024-06-16T12:56:01.950+0000] {processor.py:840} INFO - DAG(s) 'example_sla_dag' retrieved from /home/airflow/.local/lib/python3.12/site-packages/airflow/example_dags/example_sla_dag.py
[2024-06-16T12:56:01.980+0000] {logging_mixin.py:188} INFO - [2024-06-16T12:56:01.979+0000] {dag.py:3096} INFO - Sync 1 DAGs
[2024-06-16T12:56:02.017+0000] {logging_mixin.py:188} INFO - [2024-06-16T12:56:02.017+0000] {dag.py:3954} INFO - Setting next_dagrun for example_sla_dag to 2024-06-16 12:54:00+00:00, run_after=2024-06-16 12:56:00+00:00
[2024-06-16T12:56:02.046+0000] {processor.py:183} INFO - Processing /home/airflow/.local/lib/python3.12/site-packages/airflow/example_dags/example_sla_dag.py took 0.118 seconds
[2024-06-16T12:56:32.203+0000] {processor.py:161} INFO - Started process (PID=1243) to work on /home/airflow/.local/lib/python3.12/site-packages/airflow/example_dags/example_sla_dag.py
[2024-06-16T12:56:32.206+0000] {processor.py:830} INFO - Processing file /home/airflow/.local/lib/python3.12/site-packages/airflow/example_dags/example_sla_dag.py for tasks to queue
[2024-06-16T12:56:32.207+0000] {logging_mixin.py:188} INFO - [2024-06-16T12:56:32.207+0000] {dagbag.py:545} INFO - Filling up the DagBag from /home/airflow/.local/lib/python3.12/site-packages/airflow/example_dags/example_sla_dag.py
[2024-06-16T12:56:32.227+0000] {processor.py:840} INFO - DAG(s) 'example_sla_dag' retrieved from /home/airflow/.local/lib/python3.12/site-packages/airflow/example_dags/example_sla_dag.py
[2024-06-16T12:56:32.269+0000] {logging_mixin.py:188} INFO - [2024-06-16T12:56:32.269+0000] {dag.py:3096} INFO - Sync 1 DAGs
[2024-06-16T12:56:32.310+0000] {logging_mixin.py:188} INFO - [2024-06-16T12:56:32.310+0000] {dag.py:3954} INFO - Setting next_dagrun for example_sla_dag to 2024-06-16 12:54:00+00:00, run_after=2024-06-16 12:56:00+00:00
[2024-06-16T12:56:32.341+0000] {processor.py:183} INFO - Processing /home/airflow/.local/lib/python3.12/site-packages/airflow/example_dags/example_sla_dag.py took 0.153 seconds
[2024-06-16T12:57:02.975+0000] {processor.py:161} INFO - Started process (PID=1302) to work on /home/airflow/.local/lib/python3.12/site-packages/airflow/example_dags/example_sla_dag.py
[2024-06-16T12:57:02.976+0000] {processor.py:830} INFO - Processing file /home/airflow/.local/lib/python3.12/site-packages/airflow/example_dags/example_sla_dag.py for tasks to queue
[2024-06-16T12:57:02.978+0000] {logging_mixin.py:188} INFO - [2024-06-16T12:57:02.977+0000] {dagbag.py:545} INFO - Filling up the DagBag from /home/airflow/.local/lib/python3.12/site-packages/airflow/example_dags/example_sla_dag.py
[2024-06-16T12:57:02.991+0000] {processor.py:840} INFO - DAG(s) 'example_sla_dag' retrieved from /home/airflow/.local/lib/python3.12/site-packages/airflow/example_dags/example_sla_dag.py
[2024-06-16T12:57:03.026+0000] {logging_mixin.py:188} INFO - [2024-06-16T12:57:03.025+0000] {dag.py:3096} INFO - Sync 1 DAGs
[2024-06-16T12:57:03.066+0000] {logging_mixin.py:188} INFO - [2024-06-16T12:57:03.066+0000] {dag.py:3954} INFO - Setting next_dagrun for example_sla_dag to 2024-06-16 12:54:00+00:00, run_after=2024-06-16 12:56:00+00:00
[2024-06-16T12:57:03.091+0000] {processor.py:183} INFO - Processing /home/airflow/.local/lib/python3.12/site-packages/airflow/example_dags/example_sla_dag.py took 0.126 seconds
[2024-06-16T12:57:34.037+0000] {processor.py:161} INFO - Started process (PID=1360) to work on /home/airflow/.local/lib/python3.12/site-packages/airflow/example_dags/example_sla_dag.py
[2024-06-16T12:57:34.038+0000] {processor.py:830} INFO - Processing file /home/airflow/.local/lib/python3.12/site-packages/airflow/example_dags/example_sla_dag.py for tasks to queue
[2024-06-16T12:57:34.039+0000] {logging_mixin.py:188} INFO - [2024-06-16T12:57:34.039+0000] {dagbag.py:545} INFO - Filling up the DagBag from /home/airflow/.local/lib/python3.12/site-packages/airflow/example_dags/example_sla_dag.py
[2024-06-16T12:57:34.054+0000] {processor.py:840} INFO - DAG(s) 'example_sla_dag' retrieved from /home/airflow/.local/lib/python3.12/site-packages/airflow/example_dags/example_sla_dag.py
[2024-06-16T12:57:34.080+0000] {logging_mixin.py:188} INFO - [2024-06-16T12:57:34.080+0000] {dag.py:3096} INFO - Sync 1 DAGs
[2024-06-16T12:57:34.116+0000] {logging_mixin.py:188} INFO - [2024-06-16T12:57:34.115+0000] {dag.py:3954} INFO - Setting next_dagrun for example_sla_dag to 2024-06-16 12:54:00+00:00, run_after=2024-06-16 12:56:00+00:00
[2024-06-16T12:57:34.140+0000] {processor.py:183} INFO - Processing /home/airflow/.local/lib/python3.12/site-packages/airflow/example_dags/example_sla_dag.py took 0.112 seconds
[2024-06-16T12:58:04.659+0000] {processor.py:161} INFO - Started process (PID=1419) to work on /home/airflow/.local/lib/python3.12/site-packages/airflow/example_dags/example_sla_dag.py
[2024-06-16T12:58:04.660+0000] {processor.py:830} INFO - Processing file /home/airflow/.local/lib/python3.12/site-packages/airflow/example_dags/example_sla_dag.py for tasks to queue
[2024-06-16T12:58:04.661+0000] {logging_mixin.py:188} INFO - [2024-06-16T12:58:04.660+0000] {dagbag.py:545} INFO - Filling up the DagBag from /home/airflow/.local/lib/python3.12/site-packages/airflow/example_dags/example_sla_dag.py
[2024-06-16T12:58:04.672+0000] {processor.py:840} INFO - DAG(s) 'example_sla_dag' retrieved from /home/airflow/.local/lib/python3.12/site-packages/airflow/example_dags/example_sla_dag.py
[2024-06-16T12:58:04.698+0000] {logging_mixin.py:188} INFO - [2024-06-16T12:58:04.697+0000] {dag.py:3096} INFO - Sync 1 DAGs
[2024-06-16T12:58:04.731+0000] {logging_mixin.py:188} INFO - [2024-06-16T12:58:04.731+0000] {dag.py:3954} INFO - Setting next_dagrun for example_sla_dag to 2024-06-16 12:56:00+00:00, run_after=2024-06-16 12:58:00+00:00
[2024-06-16T12:58:04.758+0000] {processor.py:183} INFO - Processing /home/airflow/.local/lib/python3.12/site-packages/airflow/example_dags/example_sla_dag.py took 0.106 seconds
[2024-06-16T12:58:34.870+0000] {processor.py:161} INFO - Started process (PID=1477) to work on /home/airflow/.local/lib/python3.12/site-packages/airflow/example_dags/example_sla_dag.py
[2024-06-16T12:58:34.871+0000] {processor.py:830} INFO - Processing file /home/airflow/.local/lib/python3.12/site-packages/airflow/example_dags/example_sla_dag.py for tasks to queue
[2024-06-16T12:58:34.873+0000] {logging_mixin.py:188} INFO - [2024-06-16T12:58:34.872+0000] {dagbag.py:545} INFO - Filling up the DagBag from /home/airflow/.local/lib/python3.12/site-packages/airflow/example_dags/example_sla_dag.py
[2024-06-16T12:58:34.887+0000] {processor.py:840} INFO - DAG(s) 'example_sla_dag' retrieved from /home/airflow/.local/lib/python3.12/site-packages/airflow/example_dags/example_sla_dag.py
[2024-06-16T12:58:34.926+0000] {logging_mixin.py:188} INFO - [2024-06-16T12:58:34.926+0000] {dag.py:3096} INFO - Sync 1 DAGs
[2024-06-16T12:58:34.981+0000] {logging_mixin.py:188} INFO - [2024-06-16T12:58:34.981+0000] {dag.py:3954} INFO - Setting next_dagrun for example_sla_dag to 2024-06-16 12:56:00+00:00, run_after=2024-06-16 12:58:00+00:00
[2024-06-16T12:58:35.015+0000] {processor.py:183} INFO - Processing /home/airflow/.local/lib/python3.12/site-packages/airflow/example_dags/example_sla_dag.py took 0.156 seconds
[2024-06-16T12:59:05.336+0000] {processor.py:161} INFO - Started process (PID=1545) to work on /home/airflow/.local/lib/python3.12/site-packages/airflow/example_dags/example_sla_dag.py
[2024-06-16T12:59:05.337+0000] {processor.py:830} INFO - Processing file /home/airflow/.local/lib/python3.12/site-packages/airflow/example_dags/example_sla_dag.py for tasks to queue
[2024-06-16T12:59:05.338+0000] {logging_mixin.py:188} INFO - [2024-06-16T12:59:05.338+0000] {dagbag.py:545} INFO - Filling up the DagBag from /home/airflow/.local/lib/python3.12/site-packages/airflow/example_dags/example_sla_dag.py
[2024-06-16T12:59:05.348+0000] {processor.py:840} INFO - DAG(s) 'example_sla_dag' retrieved from /home/airflow/.local/lib/python3.12/site-packages/airflow/example_dags/example_sla_dag.py
[2024-06-16T12:59:05.373+0000] {logging_mixin.py:188} INFO - [2024-06-16T12:59:05.373+0000] {dag.py:3096} INFO - Sync 1 DAGs
[2024-06-16T12:59:05.408+0000] {logging_mixin.py:188} INFO - [2024-06-16T12:59:05.408+0000] {dag.py:3954} INFO - Setting next_dagrun for example_sla_dag to 2024-06-16 12:56:00+00:00, run_after=2024-06-16 12:58:00+00:00
[2024-06-16T12:59:05.434+0000] {processor.py:183} INFO - Processing /home/airflow/.local/lib/python3.12/site-packages/airflow/example_dags/example_sla_dag.py took 0.105 seconds
[2024-06-16T12:59:36.002+0000] {processor.py:161} INFO - Started process (PID=1607) to work on /home/airflow/.local/lib/python3.12/site-packages/airflow/example_dags/example_sla_dag.py
[2024-06-16T12:59:36.004+0000] {processor.py:830} INFO - Processing file /home/airflow/.local/lib/python3.12/site-packages/airflow/example_dags/example_sla_dag.py for tasks to queue
[2024-06-16T12:59:36.005+0000] {logging_mixin.py:188} INFO - [2024-06-16T12:59:36.004+0000] {dagbag.py:545} INFO - Filling up the DagBag from /home/airflow/.local/lib/python3.12/site-packages/airflow/example_dags/example_sla_dag.py
[2024-06-16T12:59:36.014+0000] {processor.py:840} INFO - DAG(s) 'example_sla_dag' retrieved from /home/airflow/.local/lib/python3.12/site-packages/airflow/example_dags/example_sla_dag.py
[2024-06-16T12:59:36.040+0000] {logging_mixin.py:188} INFO - [2024-06-16T12:59:36.040+0000] {dag.py:3096} INFO - Sync 1 DAGs
[2024-06-16T12:59:36.076+0000] {logging_mixin.py:188} INFO - [2024-06-16T12:59:36.075+0000] {dag.py:3954} INFO - Setting next_dagrun for example_sla_dag to 2024-06-16 12:56:00+00:00, run_after=2024-06-16 12:58:00+00:00
[2024-06-16T12:59:36.105+0000] {processor.py:183} INFO - Processing /home/airflow/.local/lib/python3.12/site-packages/airflow/example_dags/example_sla_dag.py took 0.111 seconds
[2024-06-16T13:00:06.371+0000] {processor.py:161} INFO - Started process (PID=1668) to work on /home/airflow/.local/lib/python3.12/site-packages/airflow/example_dags/example_sla_dag.py
[2024-06-16T13:00:06.372+0000] {processor.py:830} INFO - Processing file /home/airflow/.local/lib/python3.12/site-packages/airflow/example_dags/example_sla_dag.py for tasks to queue
[2024-06-16T13:00:06.373+0000] {logging_mixin.py:188} INFO - [2024-06-16T13:00:06.373+0000] {dagbag.py:545} INFO - Filling up the DagBag from /home/airflow/.local/lib/python3.12/site-packages/airflow/example_dags/example_sla_dag.py
[2024-06-16T13:00:06.383+0000] {processor.py:840} INFO - DAG(s) 'example_sla_dag' retrieved from /home/airflow/.local/lib/python3.12/site-packages/airflow/example_dags/example_sla_dag.py
[2024-06-16T13:00:06.411+0000] {logging_mixin.py:188} INFO - [2024-06-16T13:00:06.410+0000] {dag.py:3096} INFO - Sync 1 DAGs
[2024-06-16T13:00:06.451+0000] {logging_mixin.py:188} INFO - [2024-06-16T13:00:06.451+0000] {dag.py:3954} INFO - Setting next_dagrun for example_sla_dag to 2024-06-16 12:58:00+00:00, run_after=2024-06-16 13:00:00+00:00
[2024-06-16T13:00:06.475+0000] {processor.py:183} INFO - Processing /home/airflow/.local/lib/python3.12/site-packages/airflow/example_dags/example_sla_dag.py took 0.112 seconds
[2024-06-16T13:00:37.266+0000] {processor.py:161} INFO - Started process (PID=1731) to work on /home/airflow/.local/lib/python3.12/site-packages/airflow/example_dags/example_sla_dag.py
[2024-06-16T13:00:37.267+0000] {processor.py:830} INFO - Processing file /home/airflow/.local/lib/python3.12/site-packages/airflow/example_dags/example_sla_dag.py for tasks to queue
[2024-06-16T13:00:37.268+0000] {logging_mixin.py:188} INFO - [2024-06-16T13:00:37.267+0000] {dagbag.py:545} INFO - Filling up the DagBag from /home/airflow/.local/lib/python3.12/site-packages/airflow/example_dags/example_sla_dag.py
[2024-06-16T13:00:37.279+0000] {processor.py:840} INFO - DAG(s) 'example_sla_dag' retrieved from /home/airflow/.local/lib/python3.12/site-packages/airflow/example_dags/example_sla_dag.py
[2024-06-16T13:00:37.307+0000] {logging_mixin.py:188} INFO - [2024-06-16T13:00:37.307+0000] {dag.py:3096} INFO - Sync 1 DAGs
[2024-06-16T13:00:37.348+0000] {logging_mixin.py:188} INFO - [2024-06-16T13:00:37.347+0000] {dag.py:3954} INFO - Setting next_dagrun for example_sla_dag to 2024-06-16 12:58:00+00:00, run_after=2024-06-16 13:00:00+00:00
[2024-06-16T13:00:37.373+0000] {processor.py:183} INFO - Processing /home/airflow/.local/lib/python3.12/site-packages/airflow/example_dags/example_sla_dag.py took 0.115 seconds
[2024-06-16T13:01:08.795+0000] {processor.py:161} INFO - Started process (PID=1790) to work on /home/airflow/.local/lib/python3.12/site-packages/airflow/example_dags/example_sla_dag.py
[2024-06-16T13:01:08.796+0000] {processor.py:830} INFO - Processing file /home/airflow/.local/lib/python3.12/site-packages/airflow/example_dags/example_sla_dag.py for tasks to queue
[2024-06-16T13:01:08.798+0000] {logging_mixin.py:188} INFO - [2024-06-16T13:01:08.797+0000] {dagbag.py:545} INFO - Filling up the DagBag from /home/airflow/.local/lib/python3.12/site-packages/airflow/example_dags/example_sla_dag.py
[2024-06-16T13:01:08.813+0000] {processor.py:840} INFO - DAG(s) 'example_sla_dag' retrieved from /home/airflow/.local/lib/python3.12/site-packages/airflow/example_dags/example_sla_dag.py
[2024-06-16T13:01:08.867+0000] {logging_mixin.py:188} INFO - [2024-06-16T13:01:08.866+0000] {dag.py:3096} INFO - Sync 1 DAGs
[2024-06-16T13:01:08.926+0000] {logging_mixin.py:188} INFO - [2024-06-16T13:01:08.926+0000] {dag.py:3954} INFO - Setting next_dagrun for example_sla_dag to 2024-06-16 12:58:00+00:00, run_after=2024-06-16 13:00:00+00:00
[2024-06-16T13:01:08.963+0000] {processor.py:183} INFO - Processing /home/airflow/.local/lib/python3.12/site-packages/airflow/example_dags/example_sla_dag.py took 0.178 seconds
[2024-06-16T13:01:40.074+0000] {processor.py:161} INFO - Started process (PID=1849) to work on /home/airflow/.local/lib/python3.12/site-packages/airflow/example_dags/example_sla_dag.py
[2024-06-16T13:01:40.075+0000] {processor.py:830} INFO - Processing file /home/airflow/.local/lib/python3.12/site-packages/airflow/example_dags/example_sla_dag.py for tasks to queue
[2024-06-16T13:01:40.076+0000] {logging_mixin.py:188} INFO - [2024-06-16T13:01:40.076+0000] {dagbag.py:545} INFO - Filling up the DagBag from /home/airflow/.local/lib/python3.12/site-packages/airflow/example_dags/example_sla_dag.py
[2024-06-16T13:01:40.091+0000] {processor.py:840} INFO - DAG(s) 'example_sla_dag' retrieved from /home/airflow/.local/lib/python3.12/site-packages/airflow/example_dags/example_sla_dag.py
[2024-06-16T13:01:40.123+0000] {logging_mixin.py:188} INFO - [2024-06-16T13:01:40.122+0000] {dag.py:3096} INFO - Sync 1 DAGs
[2024-06-16T13:01:40.171+0000] {logging_mixin.py:188} INFO - [2024-06-16T13:01:40.171+0000] {dag.py:3954} INFO - Setting next_dagrun for example_sla_dag to 2024-06-16 12:58:00+00:00, run_after=2024-06-16 13:00:00+00:00
[2024-06-16T13:01:40.223+0000] {processor.py:183} INFO - Processing /home/airflow/.local/lib/python3.12/site-packages/airflow/example_dags/example_sla_dag.py took 0.159 seconds
[2024-06-16T13:02:11.160+0000] {processor.py:161} INFO - Started process (PID=1908) to work on /home/airflow/.local/lib/python3.12/site-packages/airflow/example_dags/example_sla_dag.py
[2024-06-16T13:02:11.160+0000] {processor.py:830} INFO - Processing file /home/airflow/.local/lib/python3.12/site-packages/airflow/example_dags/example_sla_dag.py for tasks to queue
[2024-06-16T13:02:11.163+0000] {logging_mixin.py:188} INFO - [2024-06-16T13:02:11.162+0000] {dagbag.py:545} INFO - Filling up the DagBag from /home/airflow/.local/lib/python3.12/site-packages/airflow/example_dags/example_sla_dag.py
[2024-06-16T13:02:11.173+0000] {processor.py:840} INFO - DAG(s) 'example_sla_dag' retrieved from /home/airflow/.local/lib/python3.12/site-packages/airflow/example_dags/example_sla_dag.py
[2024-06-16T13:02:11.201+0000] {logging_mixin.py:188} INFO - [2024-06-16T13:02:11.200+0000] {dag.py:3096} INFO - Sync 1 DAGs
[2024-06-16T13:02:11.236+0000] {logging_mixin.py:188} INFO - [2024-06-16T13:02:11.236+0000] {dag.py:3954} INFO - Setting next_dagrun for example_sla_dag to 2024-06-16 13:00:00+00:00, run_after=2024-06-16 13:02:00+00:00
[2024-06-16T13:02:11.264+0000] {processor.py:183} INFO - Processing /home/airflow/.local/lib/python3.12/site-packages/airflow/example_dags/example_sla_dag.py took 0.111 seconds
[2024-06-16T13:02:41.332+0000] {processor.py:161} INFO - Started process (PID=1967) to work on /home/airflow/.local/lib/python3.12/site-packages/airflow/example_dags/example_sla_dag.py
[2024-06-16T13:02:41.333+0000] {processor.py:830} INFO - Processing file /home/airflow/.local/lib/python3.12/site-packages/airflow/example_dags/example_sla_dag.py for tasks to queue
[2024-06-16T13:02:41.334+0000] {logging_mixin.py:188} INFO - [2024-06-16T13:02:41.334+0000] {dagbag.py:545} INFO - Filling up the DagBag from /home/airflow/.local/lib/python3.12/site-packages/airflow/example_dags/example_sla_dag.py
[2024-06-16T13:02:41.344+0000] {processor.py:840} INFO - DAG(s) 'example_sla_dag' retrieved from /home/airflow/.local/lib/python3.12/site-packages/airflow/example_dags/example_sla_dag.py
[2024-06-16T13:02:41.371+0000] {logging_mixin.py:188} INFO - [2024-06-16T13:02:41.370+0000] {dag.py:3096} INFO - Sync 1 DAGs
[2024-06-16T13:02:41.404+0000] {logging_mixin.py:188} INFO - [2024-06-16T13:02:41.403+0000] {dag.py:3954} INFO - Setting next_dagrun for example_sla_dag to 2024-06-16 13:00:00+00:00, run_after=2024-06-16 13:02:00+00:00
[2024-06-16T13:02:41.428+0000] {processor.py:183} INFO - Processing /home/airflow/.local/lib/python3.12/site-packages/airflow/example_dags/example_sla_dag.py took 0.103 seconds
[2024-06-16T13:03:11.954+0000] {processor.py:161} INFO - Started process (PID=2025) to work on /home/airflow/.local/lib/python3.12/site-packages/airflow/example_dags/example_sla_dag.py
[2024-06-16T13:03:11.955+0000] {processor.py:830} INFO - Processing file /home/airflow/.local/lib/python3.12/site-packages/airflow/example_dags/example_sla_dag.py for tasks to queue
[2024-06-16T13:03:11.957+0000] {logging_mixin.py:188} INFO - [2024-06-16T13:03:11.956+0000] {dagbag.py:545} INFO - Filling up the DagBag from /home/airflow/.local/lib/python3.12/site-packages/airflow/example_dags/example_sla_dag.py
[2024-06-16T13:03:11.973+0000] {processor.py:840} INFO - DAG(s) 'example_sla_dag' retrieved from /home/airflow/.local/lib/python3.12/site-packages/airflow/example_dags/example_sla_dag.py
[2024-06-16T13:03:12.015+0000] {logging_mixin.py:188} INFO - [2024-06-16T13:03:12.014+0000] {dag.py:3096} INFO - Sync 1 DAGs
[2024-06-16T13:03:12.064+0000] {logging_mixin.py:188} INFO - [2024-06-16T13:03:12.063+0000] {dag.py:3954} INFO - Setting next_dagrun for example_sla_dag to 2024-06-16 13:00:00+00:00, run_after=2024-06-16 13:02:00+00:00
[2024-06-16T13:03:12.095+0000] {processor.py:183} INFO - Processing /home/airflow/.local/lib/python3.12/site-packages/airflow/example_dags/example_sla_dag.py took 0.153 seconds
[2024-06-16T13:03:42.159+0000] {processor.py:161} INFO - Started process (PID=2084) to work on /home/airflow/.local/lib/python3.12/site-packages/airflow/example_dags/example_sla_dag.py
[2024-06-16T13:03:42.160+0000] {processor.py:830} INFO - Processing file /home/airflow/.local/lib/python3.12/site-packages/airflow/example_dags/example_sla_dag.py for tasks to queue
[2024-06-16T13:03:42.162+0000] {logging_mixin.py:188} INFO - [2024-06-16T13:03:42.161+0000] {dagbag.py:545} INFO - Filling up the DagBag from /home/airflow/.local/lib/python3.12/site-packages/airflow/example_dags/example_sla_dag.py
[2024-06-16T13:03:42.185+0000] {processor.py:840} INFO - DAG(s) 'example_sla_dag' retrieved from /home/airflow/.local/lib/python3.12/site-packages/airflow/example_dags/example_sla_dag.py
[2024-06-16T13:03:42.228+0000] {logging_mixin.py:188} INFO - [2024-06-16T13:03:42.227+0000] {dag.py:3096} INFO - Sync 1 DAGs
[2024-06-16T13:03:42.294+0000] {logging_mixin.py:188} INFO - [2024-06-16T13:03:42.294+0000] {dag.py:3954} INFO - Setting next_dagrun for example_sla_dag to 2024-06-16 13:00:00+00:00, run_after=2024-06-16 13:02:00+00:00
[2024-06-16T13:03:42.361+0000] {processor.py:183} INFO - Processing /home/airflow/.local/lib/python3.12/site-packages/airflow/example_dags/example_sla_dag.py took 0.217 seconds
[2024-06-16T13:04:13.261+0000] {processor.py:161} INFO - Started process (PID=2146) to work on /home/airflow/.local/lib/python3.12/site-packages/airflow/example_dags/example_sla_dag.py
[2024-06-16T13:04:13.264+0000] {processor.py:830} INFO - Processing file /home/airflow/.local/lib/python3.12/site-packages/airflow/example_dags/example_sla_dag.py for tasks to queue
[2024-06-16T13:04:13.265+0000] {logging_mixin.py:188} INFO - [2024-06-16T13:04:13.264+0000] {dagbag.py:545} INFO - Filling up the DagBag from /home/airflow/.local/lib/python3.12/site-packages/airflow/example_dags/example_sla_dag.py
[2024-06-16T13:04:13.273+0000] {processor.py:840} INFO - DAG(s) 'example_sla_dag' retrieved from /home/airflow/.local/lib/python3.12/site-packages/airflow/example_dags/example_sla_dag.py
[2024-06-16T13:04:13.321+0000] {logging_mixin.py:188} INFO - [2024-06-16T13:04:13.320+0000] {dag.py:3096} INFO - Sync 1 DAGs
[2024-06-16T13:04:13.419+0000] {logging_mixin.py:188} INFO - [2024-06-16T13:04:13.418+0000] {dag.py:3954} INFO - Setting next_dagrun for example_sla_dag to 2024-06-16 13:02:00+00:00, run_after=2024-06-16 13:04:00+00:00
[2024-06-16T13:04:13.469+0000] {processor.py:183} INFO - Processing /home/airflow/.local/lib/python3.12/site-packages/airflow/example_dags/example_sla_dag.py took 0.214 seconds
[2024-06-16T13:04:43.990+0000] {processor.py:161} INFO - Started process (PID=2206) to work on /home/airflow/.local/lib/python3.12/site-packages/airflow/example_dags/example_sla_dag.py
[2024-06-16T13:04:43.992+0000] {processor.py:830} INFO - Processing file /home/airflow/.local/lib/python3.12/site-packages/airflow/example_dags/example_sla_dag.py for tasks to queue
[2024-06-16T13:04:43.993+0000] {logging_mixin.py:188} INFO - [2024-06-16T13:04:43.993+0000] {dagbag.py:545} INFO - Filling up the DagBag from /home/airflow/.local/lib/python3.12/site-packages/airflow/example_dags/example_sla_dag.py
[2024-06-16T13:04:44.002+0000] {processor.py:840} INFO - DAG(s) 'example_sla_dag' retrieved from /home/airflow/.local/lib/python3.12/site-packages/airflow/example_dags/example_sla_dag.py
[2024-06-16T13:04:44.025+0000] {logging_mixin.py:188} INFO - [2024-06-16T13:04:44.025+0000] {dag.py:3096} INFO - Sync 1 DAGs
[2024-06-16T13:04:44.057+0000] {logging_mixin.py:188} INFO - [2024-06-16T13:04:44.057+0000] {dag.py:3954} INFO - Setting next_dagrun for example_sla_dag to 2024-06-16 13:02:00+00:00, run_after=2024-06-16 13:04:00+00:00
[2024-06-16T13:04:44.084+0000] {processor.py:183} INFO - Processing /home/airflow/.local/lib/python3.12/site-packages/airflow/example_dags/example_sla_dag.py took 0.101 seconds
[2024-06-16T13:05:14.525+0000] {processor.py:161} INFO - Started process (PID=2265) to work on /home/airflow/.local/lib/python3.12/site-packages/airflow/example_dags/example_sla_dag.py
[2024-06-16T13:05:14.529+0000] {processor.py:830} INFO - Processing file /home/airflow/.local/lib/python3.12/site-packages/airflow/example_dags/example_sla_dag.py for tasks to queue
[2024-06-16T13:05:14.530+0000] {logging_mixin.py:188} INFO - [2024-06-16T13:05:14.529+0000] {dagbag.py:545} INFO - Filling up the DagBag from /home/airflow/.local/lib/python3.12/site-packages/airflow/example_dags/example_sla_dag.py
[2024-06-16T13:05:14.542+0000] {processor.py:840} INFO - DAG(s) 'example_sla_dag' retrieved from /home/airflow/.local/lib/python3.12/site-packages/airflow/example_dags/example_sla_dag.py
[2024-06-16T13:05:14.571+0000] {logging_mixin.py:188} INFO - [2024-06-16T13:05:14.570+0000] {dag.py:3096} INFO - Sync 1 DAGs
[2024-06-16T13:05:14.610+0000] {logging_mixin.py:188} INFO - [2024-06-16T13:05:14.610+0000] {dag.py:3954} INFO - Setting next_dagrun for example_sla_dag to 2024-06-16 13:02:00+00:00, run_after=2024-06-16 13:04:00+00:00
[2024-06-16T13:05:14.639+0000] {processor.py:183} INFO - Processing /home/airflow/.local/lib/python3.12/site-packages/airflow/example_dags/example_sla_dag.py took 0.121 seconds
[2024-06-16T13:05:45.597+0000] {processor.py:161} INFO - Started process (PID=2324) to work on /home/airflow/.local/lib/python3.12/site-packages/airflow/example_dags/example_sla_dag.py
[2024-06-16T13:05:45.598+0000] {processor.py:830} INFO - Processing file /home/airflow/.local/lib/python3.12/site-packages/airflow/example_dags/example_sla_dag.py for tasks to queue
[2024-06-16T13:05:45.599+0000] {logging_mixin.py:188} INFO - [2024-06-16T13:05:45.599+0000] {dagbag.py:545} INFO - Filling up the DagBag from /home/airflow/.local/lib/python3.12/site-packages/airflow/example_dags/example_sla_dag.py
[2024-06-16T13:05:45.609+0000] {processor.py:840} INFO - DAG(s) 'example_sla_dag' retrieved from /home/airflow/.local/lib/python3.12/site-packages/airflow/example_dags/example_sla_dag.py
[2024-06-16T13:05:45.648+0000] {logging_mixin.py:188} INFO - [2024-06-16T13:05:45.647+0000] {dag.py:3096} INFO - Sync 1 DAGs
[2024-06-16T13:05:45.855+0000] {logging_mixin.py:188} INFO - [2024-06-16T13:05:45.855+0000] {dag.py:3954} INFO - Setting next_dagrun for example_sla_dag to 2024-06-16 13:02:00+00:00, run_after=2024-06-16 13:04:00+00:00
[2024-06-16T13:05:45.889+0000] {processor.py:183} INFO - Processing /home/airflow/.local/lib/python3.12/site-packages/airflow/example_dags/example_sla_dag.py took 0.301 seconds
[2024-06-16T13:06:16.905+0000] {processor.py:161} INFO - Started process (PID=2383) to work on /home/airflow/.local/lib/python3.12/site-packages/airflow/example_dags/example_sla_dag.py
[2024-06-16T13:06:16.906+0000] {processor.py:830} INFO - Processing file /home/airflow/.local/lib/python3.12/site-packages/airflow/example_dags/example_sla_dag.py for tasks to queue
[2024-06-16T13:06:16.909+0000] {logging_mixin.py:188} INFO - [2024-06-16T13:06:16.909+0000] {dagbag.py:545} INFO - Filling up the DagBag from /home/airflow/.local/lib/python3.12/site-packages/airflow/example_dags/example_sla_dag.py
[2024-06-16T13:06:16.922+0000] {processor.py:840} INFO - DAG(s) 'example_sla_dag' retrieved from /home/airflow/.local/lib/python3.12/site-packages/airflow/example_dags/example_sla_dag.py
[2024-06-16T13:06:16.955+0000] {logging_mixin.py:188} INFO - [2024-06-16T13:06:16.954+0000] {dag.py:3096} INFO - Sync 1 DAGs
[2024-06-16T13:06:17.004+0000] {logging_mixin.py:188} INFO - [2024-06-16T13:06:17.003+0000] {dag.py:3954} INFO - Setting next_dagrun for example_sla_dag to 2024-06-16 13:04:00+00:00, run_after=2024-06-16 13:06:00+00:00
[2024-06-16T13:06:17.051+0000] {processor.py:183} INFO - Processing /home/airflow/.local/lib/python3.12/site-packages/airflow/example_dags/example_sla_dag.py took 0.153 seconds
