[2024-06-16T12:21:10.190+0000] {processor.py:161} INFO - Started process (PID=75) to work on /home/airflow/.local/lib/python3.12/site-packages/airflow/example_dags/example_bash_decorator.py
[2024-06-16T12:21:10.197+0000] {processor.py:830} INFO - Processing file /home/airflow/.local/lib/python3.12/site-packages/airflow/example_dags/example_bash_decorator.py for tasks to queue
[2024-06-16T12:21:10.216+0000] {logging_mixin.py:188} INFO - [2024-06-16T12:21:10.213+0000] {dagbag.py:545} INFO - Filling up the DagBag from /home/airflow/.local/lib/python3.12/site-packages/airflow/example_dags/example_bash_decorator.py
[2024-06-16T12:21:10.418+0000] {processor.py:840} INFO - DAG(s) 'example_bash_decorator' retrieved from /home/airflow/.local/lib/python3.12/site-packages/airflow/example_dags/example_bash_decorator.py
[2024-06-16T12:21:10.912+0000] {logging_mixin.py:188} INFO - [2024-06-16T12:21:10.906+0000] {override.py:1829} INFO - Created Permission View: can edit on DAG:example_bash_decorator
[2024-06-16T12:21:11.068+0000] {logging_mixin.py:188} INFO - [2024-06-16T12:21:11.067+0000] {override.py:1829} INFO - Created Permission View: can delete on DAG:example_bash_decorator
[2024-06-16T12:21:11.209+0000] {logging_mixin.py:188} INFO - [2024-06-16T12:21:11.208+0000] {override.py:1829} INFO - Created Permission View: can read on DAG:example_bash_decorator
[2024-06-16T12:21:11.210+0000] {logging_mixin.py:188} INFO - [2024-06-16T12:21:11.209+0000] {dag.py:3096} INFO - Sync 1 DAGs
[2024-06-16T12:21:11.286+0000] {logging_mixin.py:188} INFO - [2024-06-16T12:21:11.286+0000] {dag.py:3118} INFO - Creating ORM DAG for example_bash_decorator
[2024-06-16T12:21:11.298+0000] {logging_mixin.py:188} INFO - [2024-06-16T12:21:11.297+0000] {dag.py:3954} INFO - Setting next_dagrun for example_bash_decorator to None, run_after=None
[2024-06-16T12:21:11.373+0000] {processor.py:183} INFO - Processing /home/airflow/.local/lib/python3.12/site-packages/airflow/example_dags/example_bash_decorator.py took 1.253 seconds
[2024-06-16T12:21:41.990+0000] {processor.py:161} INFO - Started process (PID=133) to work on /home/airflow/.local/lib/python3.12/site-packages/airflow/example_dags/example_bash_decorator.py
[2024-06-16T12:21:41.992+0000] {processor.py:830} INFO - Processing file /home/airflow/.local/lib/python3.12/site-packages/airflow/example_dags/example_bash_decorator.py for tasks to queue
[2024-06-16T12:21:42.000+0000] {logging_mixin.py:188} INFO - [2024-06-16T12:21:41.999+0000] {dagbag.py:545} INFO - Filling up the DagBag from /home/airflow/.local/lib/python3.12/site-packages/airflow/example_dags/example_bash_decorator.py
[2024-06-16T12:21:42.061+0000] {processor.py:840} INFO - DAG(s) 'example_bash_decorator' retrieved from /home/airflow/.local/lib/python3.12/site-packages/airflow/example_dags/example_bash_decorator.py
[2024-06-16T12:21:42.155+0000] {logging_mixin.py:188} INFO - [2024-06-16T12:21:42.155+0000] {dag.py:3096} INFO - Sync 1 DAGs
[2024-06-16T12:21:42.181+0000] {logging_mixin.py:188} INFO - [2024-06-16T12:21:42.181+0000] {dag.py:3954} INFO - Setting next_dagrun for example_bash_decorator to None, run_after=None
[2024-06-16T12:21:42.244+0000] {processor.py:183} INFO - Processing /home/airflow/.local/lib/python3.12/site-packages/airflow/example_dags/example_bash_decorator.py took 0.295 seconds
[2024-06-16T12:22:12.840+0000] {processor.py:161} INFO - Started process (PID=192) to work on /home/airflow/.local/lib/python3.12/site-packages/airflow/example_dags/example_bash_decorator.py
[2024-06-16T12:22:12.851+0000] {processor.py:830} INFO - Processing file /home/airflow/.local/lib/python3.12/site-packages/airflow/example_dags/example_bash_decorator.py for tasks to queue
[2024-06-16T12:22:12.854+0000] {logging_mixin.py:188} INFO - [2024-06-16T12:22:12.853+0000] {dagbag.py:545} INFO - Filling up the DagBag from /home/airflow/.local/lib/python3.12/site-packages/airflow/example_dags/example_bash_decorator.py
[2024-06-16T12:22:12.969+0000] {processor.py:840} INFO - DAG(s) 'example_bash_decorator' retrieved from /home/airflow/.local/lib/python3.12/site-packages/airflow/example_dags/example_bash_decorator.py
[2024-06-16T12:22:13.287+0000] {logging_mixin.py:188} INFO - [2024-06-16T12:22:13.273+0000] {dag.py:3096} INFO - Sync 1 DAGs
[2024-06-16T12:22:13.326+0000] {logging_mixin.py:188} INFO - [2024-06-16T12:22:13.326+0000] {dag.py:3954} INFO - Setting next_dagrun for example_bash_decorator to None, run_after=None
[2024-06-16T12:22:13.426+0000] {processor.py:183} INFO - Processing /home/airflow/.local/lib/python3.12/site-packages/airflow/example_dags/example_bash_decorator.py took 0.687 seconds
[2024-06-16T12:22:43.623+0000] {processor.py:161} INFO - Started process (PID=251) to work on /home/airflow/.local/lib/python3.12/site-packages/airflow/example_dags/example_bash_decorator.py
[2024-06-16T12:22:43.624+0000] {processor.py:830} INFO - Processing file /home/airflow/.local/lib/python3.12/site-packages/airflow/example_dags/example_bash_decorator.py for tasks to queue
[2024-06-16T12:22:43.627+0000] {logging_mixin.py:188} INFO - [2024-06-16T12:22:43.627+0000] {dagbag.py:545} INFO - Filling up the DagBag from /home/airflow/.local/lib/python3.12/site-packages/airflow/example_dags/example_bash_decorator.py
[2024-06-16T12:22:43.653+0000] {processor.py:840} INFO - DAG(s) 'example_bash_decorator' retrieved from /home/airflow/.local/lib/python3.12/site-packages/airflow/example_dags/example_bash_decorator.py
[2024-06-16T12:22:43.702+0000] {logging_mixin.py:188} INFO - [2024-06-16T12:22:43.701+0000] {dag.py:3096} INFO - Sync 1 DAGs
[2024-06-16T12:22:43.733+0000] {logging_mixin.py:188} INFO - [2024-06-16T12:22:43.732+0000] {dag.py:3954} INFO - Setting next_dagrun for example_bash_decorator to None, run_after=None
[2024-06-16T12:22:43.778+0000] {processor.py:183} INFO - Processing /home/airflow/.local/lib/python3.12/site-packages/airflow/example_dags/example_bash_decorator.py took 0.170 seconds
[2024-06-16T12:23:13.916+0000] {processor.py:161} INFO - Started process (PID=310) to work on /home/airflow/.local/lib/python3.12/site-packages/airflow/example_dags/example_bash_decorator.py
[2024-06-16T12:23:13.920+0000] {processor.py:830} INFO - Processing file /home/airflow/.local/lib/python3.12/site-packages/airflow/example_dags/example_bash_decorator.py for tasks to queue
[2024-06-16T12:23:13.929+0000] {logging_mixin.py:188} INFO - [2024-06-16T12:23:13.922+0000] {dagbag.py:545} INFO - Filling up the DagBag from /home/airflow/.local/lib/python3.12/site-packages/airflow/example_dags/example_bash_decorator.py
[2024-06-16T12:23:13.967+0000] {processor.py:840} INFO - DAG(s) 'example_bash_decorator' retrieved from /home/airflow/.local/lib/python3.12/site-packages/airflow/example_dags/example_bash_decorator.py
[2024-06-16T12:23:14.086+0000] {logging_mixin.py:188} INFO - [2024-06-16T12:23:14.086+0000] {dag.py:3096} INFO - Sync 1 DAGs
[2024-06-16T12:23:14.151+0000] {logging_mixin.py:188} INFO - [2024-06-16T12:23:14.150+0000] {dag.py:3954} INFO - Setting next_dagrun for example_bash_decorator to None, run_after=None
[2024-06-16T12:23:14.215+0000] {processor.py:183} INFO - Processing /home/airflow/.local/lib/python3.12/site-packages/airflow/example_dags/example_bash_decorator.py took 0.312 seconds
[2024-06-16T12:23:45.122+0000] {processor.py:161} INFO - Started process (PID=369) to work on /home/airflow/.local/lib/python3.12/site-packages/airflow/example_dags/example_bash_decorator.py
[2024-06-16T12:23:45.137+0000] {processor.py:830} INFO - Processing file /home/airflow/.local/lib/python3.12/site-packages/airflow/example_dags/example_bash_decorator.py for tasks to queue
[2024-06-16T12:23:45.159+0000] {logging_mixin.py:188} INFO - [2024-06-16T12:23:45.146+0000] {dagbag.py:545} INFO - Filling up the DagBag from /home/airflow/.local/lib/python3.12/site-packages/airflow/example_dags/example_bash_decorator.py
[2024-06-16T12:23:45.303+0000] {processor.py:840} INFO - DAG(s) 'example_bash_decorator' retrieved from /home/airflow/.local/lib/python3.12/site-packages/airflow/example_dags/example_bash_decorator.py
[2024-06-16T12:23:45.427+0000] {logging_mixin.py:188} INFO - [2024-06-16T12:23:45.425+0000] {dag.py:3096} INFO - Sync 1 DAGs
[2024-06-16T12:23:45.536+0000] {logging_mixin.py:188} INFO - [2024-06-16T12:23:45.536+0000] {dag.py:3954} INFO - Setting next_dagrun for example_bash_decorator to None, run_after=None
[2024-06-16T12:23:45.638+0000] {processor.py:183} INFO - Processing /home/airflow/.local/lib/python3.12/site-packages/airflow/example_dags/example_bash_decorator.py took 0.569 seconds
[2024-06-16T12:24:17.217+0000] {processor.py:161} INFO - Started process (PID=428) to work on /home/airflow/.local/lib/python3.12/site-packages/airflow/example_dags/example_bash_decorator.py
[2024-06-16T12:24:17.233+0000] {processor.py:830} INFO - Processing file /home/airflow/.local/lib/python3.12/site-packages/airflow/example_dags/example_bash_decorator.py for tasks to queue
[2024-06-16T12:24:17.236+0000] {logging_mixin.py:188} INFO - [2024-06-16T12:24:17.236+0000] {dagbag.py:545} INFO - Filling up the DagBag from /home/airflow/.local/lib/python3.12/site-packages/airflow/example_dags/example_bash_decorator.py
[2024-06-16T12:24:17.330+0000] {processor.py:840} INFO - DAG(s) 'example_bash_decorator' retrieved from /home/airflow/.local/lib/python3.12/site-packages/airflow/example_dags/example_bash_decorator.py
[2024-06-16T12:24:17.501+0000] {logging_mixin.py:188} INFO - [2024-06-16T12:24:17.500+0000] {dag.py:3096} INFO - Sync 1 DAGs
[2024-06-16T12:24:17.561+0000] {logging_mixin.py:188} INFO - [2024-06-16T12:24:17.561+0000] {dag.py:3954} INFO - Setting next_dagrun for example_bash_decorator to None, run_after=None
[2024-06-16T12:24:17.623+0000] {processor.py:183} INFO - Processing /home/airflow/.local/lib/python3.12/site-packages/airflow/example_dags/example_bash_decorator.py took 0.423 seconds
[2024-06-16T12:45:07.000+0000] {processor.py:161} INFO - Started process (PID=73) to work on /home/airflow/.local/lib/python3.12/site-packages/airflow/example_dags/example_bash_decorator.py
[2024-06-16T12:45:07.007+0000] {processor.py:830} INFO - Processing file /home/airflow/.local/lib/python3.12/site-packages/airflow/example_dags/example_bash_decorator.py for tasks to queue
[2024-06-16T12:45:07.015+0000] {logging_mixin.py:188} INFO - [2024-06-16T12:45:07.015+0000] {dagbag.py:545} INFO - Filling up the DagBag from /home/airflow/.local/lib/python3.12/site-packages/airflow/example_dags/example_bash_decorator.py
[2024-06-16T12:45:07.099+0000] {processor.py:840} INFO - DAG(s) 'example_bash_decorator' retrieved from /home/airflow/.local/lib/python3.12/site-packages/airflow/example_dags/example_bash_decorator.py
[2024-06-16T12:45:07.626+0000] {logging_mixin.py:188} INFO - [2024-06-16T12:45:07.624+0000] {override.py:1829} INFO - Created Permission View: can read on DAG:example_bash_decorator
[2024-06-16T12:45:07.689+0000] {logging_mixin.py:188} INFO - [2024-06-16T12:45:07.689+0000] {override.py:1829} INFO - Created Permission View: can delete on DAG:example_bash_decorator
[2024-06-16T12:45:07.720+0000] {logging_mixin.py:188} INFO - [2024-06-16T12:45:07.719+0000] {override.py:1829} INFO - Created Permission View: can edit on DAG:example_bash_decorator
[2024-06-16T12:45:07.721+0000] {logging_mixin.py:188} INFO - [2024-06-16T12:45:07.720+0000] {dag.py:3096} INFO - Sync 1 DAGs
[2024-06-16T12:45:07.785+0000] {logging_mixin.py:188} INFO - [2024-06-16T12:45:07.785+0000] {dag.py:3118} INFO - Creating ORM DAG for example_bash_decorator
[2024-06-16T12:45:07.788+0000] {logging_mixin.py:188} INFO - [2024-06-16T12:45:07.788+0000] {dag.py:3954} INFO - Setting next_dagrun for example_bash_decorator to None, run_after=None
[2024-06-16T12:45:07.832+0000] {processor.py:183} INFO - Processing /home/airflow/.local/lib/python3.12/site-packages/airflow/example_dags/example_bash_decorator.py took 0.849 seconds
[2024-06-16T12:45:38.036+0000] {processor.py:161} INFO - Started process (PID=132) to work on /home/airflow/.local/lib/python3.12/site-packages/airflow/example_dags/example_bash_decorator.py
[2024-06-16T12:45:38.037+0000] {processor.py:830} INFO - Processing file /home/airflow/.local/lib/python3.12/site-packages/airflow/example_dags/example_bash_decorator.py for tasks to queue
[2024-06-16T12:45:38.040+0000] {logging_mixin.py:188} INFO - [2024-06-16T12:45:38.039+0000] {dagbag.py:545} INFO - Filling up the DagBag from /home/airflow/.local/lib/python3.12/site-packages/airflow/example_dags/example_bash_decorator.py
[2024-06-16T12:45:38.059+0000] {processor.py:840} INFO - DAG(s) 'example_bash_decorator' retrieved from /home/airflow/.local/lib/python3.12/site-packages/airflow/example_dags/example_bash_decorator.py
[2024-06-16T12:45:38.094+0000] {logging_mixin.py:188} INFO - [2024-06-16T12:45:38.094+0000] {dag.py:3096} INFO - Sync 1 DAGs
[2024-06-16T12:45:38.114+0000] {logging_mixin.py:188} INFO - [2024-06-16T12:45:38.113+0000] {dag.py:3954} INFO - Setting next_dagrun for example_bash_decorator to None, run_after=None
[2024-06-16T12:45:38.138+0000] {processor.py:183} INFO - Processing /home/airflow/.local/lib/python3.12/site-packages/airflow/example_dags/example_bash_decorator.py took 0.110 seconds
[2024-06-16T12:46:08.416+0000] {processor.py:161} INFO - Started process (PID=191) to work on /home/airflow/.local/lib/python3.12/site-packages/airflow/example_dags/example_bash_decorator.py
[2024-06-16T12:46:08.417+0000] {processor.py:830} INFO - Processing file /home/airflow/.local/lib/python3.12/site-packages/airflow/example_dags/example_bash_decorator.py for tasks to queue
[2024-06-16T12:46:08.420+0000] {logging_mixin.py:188} INFO - [2024-06-16T12:46:08.419+0000] {dagbag.py:545} INFO - Filling up the DagBag from /home/airflow/.local/lib/python3.12/site-packages/airflow/example_dags/example_bash_decorator.py
[2024-06-16T12:46:08.438+0000] {processor.py:840} INFO - DAG(s) 'example_bash_decorator' retrieved from /home/airflow/.local/lib/python3.12/site-packages/airflow/example_dags/example_bash_decorator.py
[2024-06-16T12:46:08.467+0000] {logging_mixin.py:188} INFO - [2024-06-16T12:46:08.467+0000] {dag.py:3096} INFO - Sync 1 DAGs
[2024-06-16T12:46:08.482+0000] {logging_mixin.py:188} INFO - [2024-06-16T12:46:08.482+0000] {dag.py:3954} INFO - Setting next_dagrun for example_bash_decorator to None, run_after=None
[2024-06-16T12:46:08.506+0000] {processor.py:183} INFO - Processing /home/airflow/.local/lib/python3.12/site-packages/airflow/example_dags/example_bash_decorator.py took 0.099 seconds
[2024-06-16T12:46:43.891+0000] {processor.py:161} INFO - Started process (PID=250) to work on /home/airflow/.local/lib/python3.12/site-packages/airflow/example_dags/example_bash_decorator.py
[2024-06-16T12:46:43.895+0000] {processor.py:830} INFO - Processing file /home/airflow/.local/lib/python3.12/site-packages/airflow/example_dags/example_bash_decorator.py for tasks to queue
[2024-06-16T12:46:43.924+0000] {logging_mixin.py:188} INFO - [2024-06-16T12:46:43.916+0000] {dagbag.py:545} INFO - Filling up the DagBag from /home/airflow/.local/lib/python3.12/site-packages/airflow/example_dags/example_bash_decorator.py
[2024-06-16T12:46:44.603+0000] {processor.py:840} INFO - DAG(s) 'example_bash_decorator' retrieved from /home/airflow/.local/lib/python3.12/site-packages/airflow/example_dags/example_bash_decorator.py
[2024-06-16T12:46:47.326+0000] {logging_mixin.py:188} INFO - [2024-06-16T12:46:47.252+0000] {dag.py:3096} INFO - Sync 1 DAGs
[2024-06-16T12:46:47.843+0000] {logging_mixin.py:188} INFO - [2024-06-16T12:46:47.775+0000] {dag.py:3954} INFO - Setting next_dagrun for example_bash_decorator to None, run_after=None
[2024-06-16T12:46:49.512+0000] {processor.py:183} INFO - Processing /home/airflow/.local/lib/python3.12/site-packages/airflow/example_dags/example_bash_decorator.py took 5.768 seconds
[2024-06-16T12:47:33.272+0000] {processor.py:161} INFO - Started process (PID=309) to work on /home/airflow/.local/lib/python3.12/site-packages/airflow/example_dags/example_bash_decorator.py
[2024-06-16T12:47:33.294+0000] {processor.py:830} INFO - Processing file /home/airflow/.local/lib/python3.12/site-packages/airflow/example_dags/example_bash_decorator.py for tasks to queue
[2024-06-16T12:47:33.320+0000] {logging_mixin.py:188} INFO - [2024-06-16T12:47:33.319+0000] {dagbag.py:545} INFO - Filling up the DagBag from /home/airflow/.local/lib/python3.12/site-packages/airflow/example_dags/example_bash_decorator.py
[2024-06-16T12:47:33.372+0000] {processor.py:840} INFO - DAG(s) 'example_bash_decorator' retrieved from /home/airflow/.local/lib/python3.12/site-packages/airflow/example_dags/example_bash_decorator.py
[2024-06-16T12:47:33.470+0000] {logging_mixin.py:188} INFO - [2024-06-16T12:47:33.470+0000] {dag.py:3096} INFO - Sync 1 DAGs
[2024-06-16T12:47:33.539+0000] {logging_mixin.py:188} INFO - [2024-06-16T12:47:33.538+0000] {dag.py:3954} INFO - Setting next_dagrun for example_bash_decorator to None, run_after=None
[2024-06-16T12:47:33.578+0000] {processor.py:183} INFO - Processing /home/airflow/.local/lib/python3.12/site-packages/airflow/example_dags/example_bash_decorator.py took 0.376 seconds
[2024-06-16T12:48:04.241+0000] {processor.py:161} INFO - Started process (PID=368) to work on /home/airflow/.local/lib/python3.12/site-packages/airflow/example_dags/example_bash_decorator.py
[2024-06-16T12:48:04.246+0000] {processor.py:830} INFO - Processing file /home/airflow/.local/lib/python3.12/site-packages/airflow/example_dags/example_bash_decorator.py for tasks to queue
[2024-06-16T12:48:04.249+0000] {logging_mixin.py:188} INFO - [2024-06-16T12:48:04.248+0000] {dagbag.py:545} INFO - Filling up the DagBag from /home/airflow/.local/lib/python3.12/site-packages/airflow/example_dags/example_bash_decorator.py
[2024-06-16T12:48:04.277+0000] {processor.py:840} INFO - DAG(s) 'example_bash_decorator' retrieved from /home/airflow/.local/lib/python3.12/site-packages/airflow/example_dags/example_bash_decorator.py
[2024-06-16T12:48:04.330+0000] {logging_mixin.py:188} INFO - [2024-06-16T12:48:04.329+0000] {dag.py:3096} INFO - Sync 1 DAGs
[2024-06-16T12:48:04.359+0000] {logging_mixin.py:188} INFO - [2024-06-16T12:48:04.359+0000] {dag.py:3954} INFO - Setting next_dagrun for example_bash_decorator to None, run_after=None
[2024-06-16T12:48:04.478+0000] {processor.py:183} INFO - Processing /home/airflow/.local/lib/python3.12/site-packages/airflow/example_dags/example_bash_decorator.py took 0.247 seconds
[2024-06-16T12:48:40.111+0000] {processor.py:161} INFO - Started process (PID=427) to work on /home/airflow/.local/lib/python3.12/site-packages/airflow/example_dags/example_bash_decorator.py
[2024-06-16T12:48:40.114+0000] {processor.py:830} INFO - Processing file /home/airflow/.local/lib/python3.12/site-packages/airflow/example_dags/example_bash_decorator.py for tasks to queue
[2024-06-16T12:48:40.117+0000] {logging_mixin.py:188} INFO - [2024-06-16T12:48:40.116+0000] {dagbag.py:545} INFO - Filling up the DagBag from /home/airflow/.local/lib/python3.12/site-packages/airflow/example_dags/example_bash_decorator.py
[2024-06-16T12:48:40.187+0000] {processor.py:840} INFO - DAG(s) 'example_bash_decorator' retrieved from /home/airflow/.local/lib/python3.12/site-packages/airflow/example_dags/example_bash_decorator.py
[2024-06-16T12:48:40.281+0000] {logging_mixin.py:188} INFO - [2024-06-16T12:48:40.278+0000] {dag.py:3096} INFO - Sync 1 DAGs
[2024-06-16T12:48:40.333+0000] {logging_mixin.py:188} INFO - [2024-06-16T12:48:40.331+0000] {dag.py:3954} INFO - Setting next_dagrun for example_bash_decorator to None, run_after=None
[2024-06-16T12:48:40.399+0000] {processor.py:183} INFO - Processing /home/airflow/.local/lib/python3.12/site-packages/airflow/example_dags/example_bash_decorator.py took 0.306 seconds
[2024-06-16T12:49:15.339+0000] {processor.py:161} INFO - Started process (PID=486) to work on /home/airflow/.local/lib/python3.12/site-packages/airflow/example_dags/example_bash_decorator.py
[2024-06-16T12:49:15.340+0000] {processor.py:830} INFO - Processing file /home/airflow/.local/lib/python3.12/site-packages/airflow/example_dags/example_bash_decorator.py for tasks to queue
[2024-06-16T12:49:15.344+0000] {logging_mixin.py:188} INFO - [2024-06-16T12:49:15.343+0000] {dagbag.py:545} INFO - Filling up the DagBag from /home/airflow/.local/lib/python3.12/site-packages/airflow/example_dags/example_bash_decorator.py
[2024-06-16T12:49:15.375+0000] {processor.py:840} INFO - DAG(s) 'example_bash_decorator' retrieved from /home/airflow/.local/lib/python3.12/site-packages/airflow/example_dags/example_bash_decorator.py
[2024-06-16T12:49:15.444+0000] {logging_mixin.py:188} INFO - [2024-06-16T12:49:15.443+0000] {dag.py:3096} INFO - Sync 1 DAGs
[2024-06-16T12:49:15.506+0000] {logging_mixin.py:188} INFO - [2024-06-16T12:49:15.506+0000] {dag.py:3954} INFO - Setting next_dagrun for example_bash_decorator to None, run_after=None
[2024-06-16T12:49:15.625+0000] {processor.py:183} INFO - Processing /home/airflow/.local/lib/python3.12/site-packages/airflow/example_dags/example_bash_decorator.py took 0.299 seconds
[2024-06-16T12:50:05.172+0000] {processor.py:161} INFO - Started process (PID=545) to work on /home/airflow/.local/lib/python3.12/site-packages/airflow/example_dags/example_bash_decorator.py
[2024-06-16T12:50:05.174+0000] {processor.py:830} INFO - Processing file /home/airflow/.local/lib/python3.12/site-packages/airflow/example_dags/example_bash_decorator.py for tasks to queue
[2024-06-16T12:50:05.189+0000] {logging_mixin.py:188} INFO - [2024-06-16T12:50:05.188+0000] {dagbag.py:545} INFO - Filling up the DagBag from /home/airflow/.local/lib/python3.12/site-packages/airflow/example_dags/example_bash_decorator.py
[2024-06-16T12:50:05.311+0000] {processor.py:840} INFO - DAG(s) 'example_bash_decorator' retrieved from /home/airflow/.local/lib/python3.12/site-packages/airflow/example_dags/example_bash_decorator.py
[2024-06-16T12:50:05.596+0000] {logging_mixin.py:188} INFO - [2024-06-16T12:50:05.596+0000] {dag.py:3096} INFO - Sync 1 DAGs
[2024-06-16T12:50:05.749+0000] {logging_mixin.py:188} INFO - [2024-06-16T12:50:05.748+0000] {dag.py:3954} INFO - Setting next_dagrun for example_bash_decorator to None, run_after=None
[2024-06-16T12:50:05.972+0000] {processor.py:183} INFO - Processing /home/airflow/.local/lib/python3.12/site-packages/airflow/example_dags/example_bash_decorator.py took 0.911 seconds
[2024-06-16T12:50:53.072+0000] {processor.py:161} INFO - Started process (PID=590) to work on /home/airflow/.local/lib/python3.12/site-packages/airflow/example_dags/example_bash_decorator.py
[2024-06-16T12:50:53.077+0000] {processor.py:830} INFO - Processing file /home/airflow/.local/lib/python3.12/site-packages/airflow/example_dags/example_bash_decorator.py for tasks to queue
[2024-06-16T12:50:53.082+0000] {logging_mixin.py:188} INFO - [2024-06-16T12:50:53.082+0000] {dagbag.py:545} INFO - Filling up the DagBag from /home/airflow/.local/lib/python3.12/site-packages/airflow/example_dags/example_bash_decorator.py
[2024-06-16T12:50:53.120+0000] {processor.py:840} INFO - DAG(s) 'example_bash_decorator' retrieved from /home/airflow/.local/lib/python3.12/site-packages/airflow/example_dags/example_bash_decorator.py
[2024-06-16T12:50:53.170+0000] {logging_mixin.py:188} INFO - [2024-06-16T12:50:53.169+0000] {dag.py:3096} INFO - Sync 1 DAGs
[2024-06-16T12:50:53.200+0000] {logging_mixin.py:188} INFO - [2024-06-16T12:50:53.200+0000] {dag.py:3954} INFO - Setting next_dagrun for example_bash_decorator to None, run_after=None
[2024-06-16T12:50:53.252+0000] {processor.py:183} INFO - Processing /home/airflow/.local/lib/python3.12/site-packages/airflow/example_dags/example_bash_decorator.py took 0.209 seconds
[2024-06-16T12:51:25.394+0000] {processor.py:161} INFO - Started process (PID=649) to work on /home/airflow/.local/lib/python3.12/site-packages/airflow/example_dags/example_bash_decorator.py
[2024-06-16T12:51:25.396+0000] {processor.py:830} INFO - Processing file /home/airflow/.local/lib/python3.12/site-packages/airflow/example_dags/example_bash_decorator.py for tasks to queue
[2024-06-16T12:51:25.399+0000] {logging_mixin.py:188} INFO - [2024-06-16T12:51:25.398+0000] {dagbag.py:545} INFO - Filling up the DagBag from /home/airflow/.local/lib/python3.12/site-packages/airflow/example_dags/example_bash_decorator.py
[2024-06-16T12:51:25.430+0000] {processor.py:840} INFO - DAG(s) 'example_bash_decorator' retrieved from /home/airflow/.local/lib/python3.12/site-packages/airflow/example_dags/example_bash_decorator.py
[2024-06-16T12:51:25.493+0000] {logging_mixin.py:188} INFO - [2024-06-16T12:51:25.493+0000] {dag.py:3096} INFO - Sync 1 DAGs
[2024-06-16T12:51:25.527+0000] {logging_mixin.py:188} INFO - [2024-06-16T12:51:25.526+0000] {dag.py:3954} INFO - Setting next_dagrun for example_bash_decorator to None, run_after=None
[2024-06-16T12:51:25.574+0000] {processor.py:183} INFO - Processing /home/airflow/.local/lib/python3.12/site-packages/airflow/example_dags/example_bash_decorator.py took 0.193 seconds
[2024-06-16T12:51:55.686+0000] {processor.py:161} INFO - Started process (PID=708) to work on /home/airflow/.local/lib/python3.12/site-packages/airflow/example_dags/example_bash_decorator.py
[2024-06-16T12:51:55.687+0000] {processor.py:830} INFO - Processing file /home/airflow/.local/lib/python3.12/site-packages/airflow/example_dags/example_bash_decorator.py for tasks to queue
[2024-06-16T12:51:55.689+0000] {logging_mixin.py:188} INFO - [2024-06-16T12:51:55.689+0000] {dagbag.py:545} INFO - Filling up the DagBag from /home/airflow/.local/lib/python3.12/site-packages/airflow/example_dags/example_bash_decorator.py
[2024-06-16T12:51:55.710+0000] {processor.py:840} INFO - DAG(s) 'example_bash_decorator' retrieved from /home/airflow/.local/lib/python3.12/site-packages/airflow/example_dags/example_bash_decorator.py
[2024-06-16T12:51:55.748+0000] {logging_mixin.py:188} INFO - [2024-06-16T12:51:55.747+0000] {dag.py:3096} INFO - Sync 1 DAGs
[2024-06-16T12:51:55.774+0000] {logging_mixin.py:188} INFO - [2024-06-16T12:51:55.773+0000] {dag.py:3954} INFO - Setting next_dagrun for example_bash_decorator to None, run_after=None
[2024-06-16T12:51:55.809+0000] {processor.py:183} INFO - Processing /home/airflow/.local/lib/python3.12/site-packages/airflow/example_dags/example_bash_decorator.py took 0.133 seconds
[2024-06-16T12:52:26.663+0000] {processor.py:161} INFO - Started process (PID=767) to work on /home/airflow/.local/lib/python3.12/site-packages/airflow/example_dags/example_bash_decorator.py
[2024-06-16T12:52:26.664+0000] {processor.py:830} INFO - Processing file /home/airflow/.local/lib/python3.12/site-packages/airflow/example_dags/example_bash_decorator.py for tasks to queue
[2024-06-16T12:52:26.667+0000] {logging_mixin.py:188} INFO - [2024-06-16T12:52:26.667+0000] {dagbag.py:545} INFO - Filling up the DagBag from /home/airflow/.local/lib/python3.12/site-packages/airflow/example_dags/example_bash_decorator.py
[2024-06-16T12:52:26.695+0000] {processor.py:840} INFO - DAG(s) 'example_bash_decorator' retrieved from /home/airflow/.local/lib/python3.12/site-packages/airflow/example_dags/example_bash_decorator.py
[2024-06-16T12:52:26.740+0000] {logging_mixin.py:188} INFO - [2024-06-16T12:52:26.739+0000] {dag.py:3096} INFO - Sync 1 DAGs
[2024-06-16T12:52:26.764+0000] {logging_mixin.py:188} INFO - [2024-06-16T12:52:26.763+0000] {dag.py:3954} INFO - Setting next_dagrun for example_bash_decorator to None, run_after=None
[2024-06-16T12:52:26.798+0000] {processor.py:183} INFO - Processing /home/airflow/.local/lib/python3.12/site-packages/airflow/example_dags/example_bash_decorator.py took 0.144 seconds
[2024-06-16T12:52:56.986+0000] {processor.py:161} INFO - Started process (PID=827) to work on /home/airflow/.local/lib/python3.12/site-packages/airflow/example_dags/example_bash_decorator.py
[2024-06-16T12:52:56.987+0000] {processor.py:830} INFO - Processing file /home/airflow/.local/lib/python3.12/site-packages/airflow/example_dags/example_bash_decorator.py for tasks to queue
[2024-06-16T12:52:56.988+0000] {logging_mixin.py:188} INFO - [2024-06-16T12:52:56.988+0000] {dagbag.py:545} INFO - Filling up the DagBag from /home/airflow/.local/lib/python3.12/site-packages/airflow/example_dags/example_bash_decorator.py
[2024-06-16T12:52:57.010+0000] {processor.py:840} INFO - DAG(s) 'example_bash_decorator' retrieved from /home/airflow/.local/lib/python3.12/site-packages/airflow/example_dags/example_bash_decorator.py
[2024-06-16T12:52:57.052+0000] {logging_mixin.py:188} INFO - [2024-06-16T12:52:57.051+0000] {dag.py:3096} INFO - Sync 1 DAGs
[2024-06-16T12:52:57.075+0000] {logging_mixin.py:188} INFO - [2024-06-16T12:52:57.075+0000] {dag.py:3954} INFO - Setting next_dagrun for example_bash_decorator to None, run_after=None
[2024-06-16T12:52:57.105+0000] {processor.py:183} INFO - Processing /home/airflow/.local/lib/python3.12/site-packages/airflow/example_dags/example_bash_decorator.py took 0.130 seconds
[2024-06-16T12:53:27.431+0000] {processor.py:161} INFO - Started process (PID=885) to work on /home/airflow/.local/lib/python3.12/site-packages/airflow/example_dags/example_bash_decorator.py
[2024-06-16T12:53:27.432+0000] {processor.py:830} INFO - Processing file /home/airflow/.local/lib/python3.12/site-packages/airflow/example_dags/example_bash_decorator.py for tasks to queue
[2024-06-16T12:53:27.434+0000] {logging_mixin.py:188} INFO - [2024-06-16T12:53:27.433+0000] {dagbag.py:545} INFO - Filling up the DagBag from /home/airflow/.local/lib/python3.12/site-packages/airflow/example_dags/example_bash_decorator.py
[2024-06-16T12:53:27.460+0000] {processor.py:840} INFO - DAG(s) 'example_bash_decorator' retrieved from /home/airflow/.local/lib/python3.12/site-packages/airflow/example_dags/example_bash_decorator.py
[2024-06-16T12:53:27.498+0000] {logging_mixin.py:188} INFO - [2024-06-16T12:53:27.497+0000] {dag.py:3096} INFO - Sync 1 DAGs
[2024-06-16T12:53:27.517+0000] {logging_mixin.py:188} INFO - [2024-06-16T12:53:27.517+0000] {dag.py:3954} INFO - Setting next_dagrun for example_bash_decorator to None, run_after=None
[2024-06-16T12:53:27.548+0000] {processor.py:183} INFO - Processing /home/airflow/.local/lib/python3.12/site-packages/airflow/example_dags/example_bash_decorator.py took 0.125 seconds
[2024-06-16T12:53:57.909+0000] {processor.py:161} INFO - Started process (PID=944) to work on /home/airflow/.local/lib/python3.12/site-packages/airflow/example_dags/example_bash_decorator.py
[2024-06-16T12:53:57.910+0000] {processor.py:830} INFO - Processing file /home/airflow/.local/lib/python3.12/site-packages/airflow/example_dags/example_bash_decorator.py for tasks to queue
[2024-06-16T12:53:57.912+0000] {logging_mixin.py:188} INFO - [2024-06-16T12:53:57.911+0000] {dagbag.py:545} INFO - Filling up the DagBag from /home/airflow/.local/lib/python3.12/site-packages/airflow/example_dags/example_bash_decorator.py
[2024-06-16T12:53:57.941+0000] {processor.py:840} INFO - DAG(s) 'example_bash_decorator' retrieved from /home/airflow/.local/lib/python3.12/site-packages/airflow/example_dags/example_bash_decorator.py
[2024-06-16T12:53:57.985+0000] {logging_mixin.py:188} INFO - [2024-06-16T12:53:57.985+0000] {dag.py:3096} INFO - Sync 1 DAGs
[2024-06-16T12:53:58.011+0000] {logging_mixin.py:188} INFO - [2024-06-16T12:53:58.011+0000] {dag.py:3954} INFO - Setting next_dagrun for example_bash_decorator to None, run_after=None
[2024-06-16T12:53:58.044+0000] {processor.py:183} INFO - Processing /home/airflow/.local/lib/python3.12/site-packages/airflow/example_dags/example_bash_decorator.py took 0.142 seconds
[2024-06-16T12:54:28.505+0000] {processor.py:161} INFO - Started process (PID=1003) to work on /home/airflow/.local/lib/python3.12/site-packages/airflow/example_dags/example_bash_decorator.py
[2024-06-16T12:54:28.506+0000] {processor.py:830} INFO - Processing file /home/airflow/.local/lib/python3.12/site-packages/airflow/example_dags/example_bash_decorator.py for tasks to queue
[2024-06-16T12:54:28.508+0000] {logging_mixin.py:188} INFO - [2024-06-16T12:54:28.507+0000] {dagbag.py:545} INFO - Filling up the DagBag from /home/airflow/.local/lib/python3.12/site-packages/airflow/example_dags/example_bash_decorator.py
[2024-06-16T12:54:28.538+0000] {processor.py:840} INFO - DAG(s) 'example_bash_decorator' retrieved from /home/airflow/.local/lib/python3.12/site-packages/airflow/example_dags/example_bash_decorator.py
[2024-06-16T12:54:28.602+0000] {logging_mixin.py:188} INFO - [2024-06-16T12:54:28.602+0000] {dag.py:3096} INFO - Sync 1 DAGs
[2024-06-16T12:54:28.626+0000] {logging_mixin.py:188} INFO - [2024-06-16T12:54:28.626+0000] {dag.py:3954} INFO - Setting next_dagrun for example_bash_decorator to None, run_after=None
[2024-06-16T12:54:28.670+0000] {processor.py:183} INFO - Processing /home/airflow/.local/lib/python3.12/site-packages/airflow/example_dags/example_bash_decorator.py took 0.192 seconds
[2024-06-16T12:54:59.428+0000] {processor.py:161} INFO - Started process (PID=1062) to work on /home/airflow/.local/lib/python3.12/site-packages/airflow/example_dags/example_bash_decorator.py
[2024-06-16T12:54:59.429+0000] {processor.py:830} INFO - Processing file /home/airflow/.local/lib/python3.12/site-packages/airflow/example_dags/example_bash_decorator.py for tasks to queue
[2024-06-16T12:54:59.430+0000] {logging_mixin.py:188} INFO - [2024-06-16T12:54:59.429+0000] {dagbag.py:545} INFO - Filling up the DagBag from /home/airflow/.local/lib/python3.12/site-packages/airflow/example_dags/example_bash_decorator.py
[2024-06-16T12:54:59.446+0000] {processor.py:840} INFO - DAG(s) 'example_bash_decorator' retrieved from /home/airflow/.local/lib/python3.12/site-packages/airflow/example_dags/example_bash_decorator.py
[2024-06-16T12:54:59.485+0000] {logging_mixin.py:188} INFO - [2024-06-16T12:54:59.485+0000] {dag.py:3096} INFO - Sync 1 DAGs
[2024-06-16T12:54:59.508+0000] {logging_mixin.py:188} INFO - [2024-06-16T12:54:59.507+0000] {dag.py:3954} INFO - Setting next_dagrun for example_bash_decorator to None, run_after=None
[2024-06-16T12:54:59.537+0000] {processor.py:183} INFO - Processing /home/airflow/.local/lib/python3.12/site-packages/airflow/example_dags/example_bash_decorator.py took 0.116 seconds
[2024-06-16T12:55:29.762+0000] {processor.py:161} INFO - Started process (PID=1121) to work on /home/airflow/.local/lib/python3.12/site-packages/airflow/example_dags/example_bash_decorator.py
[2024-06-16T12:55:29.763+0000] {processor.py:830} INFO - Processing file /home/airflow/.local/lib/python3.12/site-packages/airflow/example_dags/example_bash_decorator.py for tasks to queue
[2024-06-16T12:55:29.764+0000] {logging_mixin.py:188} INFO - [2024-06-16T12:55:29.764+0000] {dagbag.py:545} INFO - Filling up the DagBag from /home/airflow/.local/lib/python3.12/site-packages/airflow/example_dags/example_bash_decorator.py
[2024-06-16T12:55:29.780+0000] {processor.py:840} INFO - DAG(s) 'example_bash_decorator' retrieved from /home/airflow/.local/lib/python3.12/site-packages/airflow/example_dags/example_bash_decorator.py
[2024-06-16T12:55:29.824+0000] {logging_mixin.py:188} INFO - [2024-06-16T12:55:29.824+0000] {dag.py:3096} INFO - Sync 1 DAGs
[2024-06-16T12:55:29.846+0000] {logging_mixin.py:188} INFO - [2024-06-16T12:55:29.846+0000] {dag.py:3954} INFO - Setting next_dagrun for example_bash_decorator to None, run_after=None
[2024-06-16T12:55:29.876+0000] {processor.py:183} INFO - Processing /home/airflow/.local/lib/python3.12/site-packages/airflow/example_dags/example_bash_decorator.py took 0.119 seconds
[2024-06-16T12:56:00.577+0000] {processor.py:161} INFO - Started process (PID=1179) to work on /home/airflow/.local/lib/python3.12/site-packages/airflow/example_dags/example_bash_decorator.py
[2024-06-16T12:56:00.578+0000] {processor.py:830} INFO - Processing file /home/airflow/.local/lib/python3.12/site-packages/airflow/example_dags/example_bash_decorator.py for tasks to queue
[2024-06-16T12:56:00.580+0000] {logging_mixin.py:188} INFO - [2024-06-16T12:56:00.579+0000] {dagbag.py:545} INFO - Filling up the DagBag from /home/airflow/.local/lib/python3.12/site-packages/airflow/example_dags/example_bash_decorator.py
[2024-06-16T12:56:00.605+0000] {processor.py:840} INFO - DAG(s) 'example_bash_decorator' retrieved from /home/airflow/.local/lib/python3.12/site-packages/airflow/example_dags/example_bash_decorator.py
[2024-06-16T12:56:00.647+0000] {logging_mixin.py:188} INFO - [2024-06-16T12:56:00.647+0000] {dag.py:3096} INFO - Sync 1 DAGs
[2024-06-16T12:56:00.670+0000] {logging_mixin.py:188} INFO - [2024-06-16T12:56:00.669+0000] {dag.py:3954} INFO - Setting next_dagrun for example_bash_decorator to None, run_after=None
[2024-06-16T12:56:00.699+0000] {processor.py:183} INFO - Processing /home/airflow/.local/lib/python3.12/site-packages/airflow/example_dags/example_bash_decorator.py took 0.132 seconds
[2024-06-16T12:56:31.591+0000] {processor.py:161} INFO - Started process (PID=1238) to work on /home/airflow/.local/lib/python3.12/site-packages/airflow/example_dags/example_bash_decorator.py
[2024-06-16T12:56:31.592+0000] {processor.py:830} INFO - Processing file /home/airflow/.local/lib/python3.12/site-packages/airflow/example_dags/example_bash_decorator.py for tasks to queue
[2024-06-16T12:56:31.593+0000] {logging_mixin.py:188} INFO - [2024-06-16T12:56:31.593+0000] {dagbag.py:545} INFO - Filling up the DagBag from /home/airflow/.local/lib/python3.12/site-packages/airflow/example_dags/example_bash_decorator.py
[2024-06-16T12:56:31.620+0000] {processor.py:840} INFO - DAG(s) 'example_bash_decorator' retrieved from /home/airflow/.local/lib/python3.12/site-packages/airflow/example_dags/example_bash_decorator.py
[2024-06-16T12:56:31.664+0000] {logging_mixin.py:188} INFO - [2024-06-16T12:56:31.663+0000] {dag.py:3096} INFO - Sync 1 DAGs
[2024-06-16T12:56:31.689+0000] {logging_mixin.py:188} INFO - [2024-06-16T12:56:31.688+0000] {dag.py:3954} INFO - Setting next_dagrun for example_bash_decorator to None, run_after=None
[2024-06-16T12:56:31.764+0000] {processor.py:183} INFO - Processing /home/airflow/.local/lib/python3.12/site-packages/airflow/example_dags/example_bash_decorator.py took 0.184 seconds
[2024-06-16T12:57:02.268+0000] {processor.py:161} INFO - Started process (PID=1297) to work on /home/airflow/.local/lib/python3.12/site-packages/airflow/example_dags/example_bash_decorator.py
[2024-06-16T12:57:02.269+0000] {processor.py:830} INFO - Processing file /home/airflow/.local/lib/python3.12/site-packages/airflow/example_dags/example_bash_decorator.py for tasks to queue
[2024-06-16T12:57:02.271+0000] {logging_mixin.py:188} INFO - [2024-06-16T12:57:02.270+0000] {dagbag.py:545} INFO - Filling up the DagBag from /home/airflow/.local/lib/python3.12/site-packages/airflow/example_dags/example_bash_decorator.py
[2024-06-16T12:57:02.308+0000] {processor.py:840} INFO - DAG(s) 'example_bash_decorator' retrieved from /home/airflow/.local/lib/python3.12/site-packages/airflow/example_dags/example_bash_decorator.py
[2024-06-16T12:57:02.351+0000] {logging_mixin.py:188} INFO - [2024-06-16T12:57:02.351+0000] {dag.py:3096} INFO - Sync 1 DAGs
[2024-06-16T12:57:02.375+0000] {logging_mixin.py:188} INFO - [2024-06-16T12:57:02.374+0000] {dag.py:3954} INFO - Setting next_dagrun for example_bash_decorator to None, run_after=None
[2024-06-16T12:57:02.409+0000] {processor.py:183} INFO - Processing /home/airflow/.local/lib/python3.12/site-packages/airflow/example_dags/example_bash_decorator.py took 0.158 seconds
[2024-06-16T12:57:32.619+0000] {processor.py:161} INFO - Started process (PID=1355) to work on /home/airflow/.local/lib/python3.12/site-packages/airflow/example_dags/example_bash_decorator.py
[2024-06-16T12:57:32.619+0000] {processor.py:830} INFO - Processing file /home/airflow/.local/lib/python3.12/site-packages/airflow/example_dags/example_bash_decorator.py for tasks to queue
[2024-06-16T12:57:32.620+0000] {logging_mixin.py:188} INFO - [2024-06-16T12:57:32.620+0000] {dagbag.py:545} INFO - Filling up the DagBag from /home/airflow/.local/lib/python3.12/site-packages/airflow/example_dags/example_bash_decorator.py
[2024-06-16T12:57:32.635+0000] {processor.py:840} INFO - DAG(s) 'example_bash_decorator' retrieved from /home/airflow/.local/lib/python3.12/site-packages/airflow/example_dags/example_bash_decorator.py
[2024-06-16T12:57:32.665+0000] {logging_mixin.py:188} INFO - [2024-06-16T12:57:32.665+0000] {dag.py:3096} INFO - Sync 1 DAGs
[2024-06-16T12:57:32.681+0000] {logging_mixin.py:188} INFO - [2024-06-16T12:57:32.680+0000] {dag.py:3954} INFO - Setting next_dagrun for example_bash_decorator to None, run_after=None
[2024-06-16T12:57:32.703+0000] {processor.py:183} INFO - Processing /home/airflow/.local/lib/python3.12/site-packages/airflow/example_dags/example_bash_decorator.py took 0.091 seconds
[2024-06-16T12:58:03.269+0000] {processor.py:161} INFO - Started process (PID=1414) to work on /home/airflow/.local/lib/python3.12/site-packages/airflow/example_dags/example_bash_decorator.py
[2024-06-16T12:58:03.271+0000] {processor.py:830} INFO - Processing file /home/airflow/.local/lib/python3.12/site-packages/airflow/example_dags/example_bash_decorator.py for tasks to queue
[2024-06-16T12:58:03.272+0000] {logging_mixin.py:188} INFO - [2024-06-16T12:58:03.272+0000] {dagbag.py:545} INFO - Filling up the DagBag from /home/airflow/.local/lib/python3.12/site-packages/airflow/example_dags/example_bash_decorator.py
[2024-06-16T12:58:03.290+0000] {processor.py:840} INFO - DAG(s) 'example_bash_decorator' retrieved from /home/airflow/.local/lib/python3.12/site-packages/airflow/example_dags/example_bash_decorator.py
[2024-06-16T12:58:03.325+0000] {logging_mixin.py:188} INFO - [2024-06-16T12:58:03.324+0000] {dag.py:3096} INFO - Sync 1 DAGs
[2024-06-16T12:58:03.340+0000] {logging_mixin.py:188} INFO - [2024-06-16T12:58:03.340+0000] {dag.py:3954} INFO - Setting next_dagrun for example_bash_decorator to None, run_after=None
[2024-06-16T12:58:03.361+0000] {processor.py:183} INFO - Processing /home/airflow/.local/lib/python3.12/site-packages/airflow/example_dags/example_bash_decorator.py took 0.101 seconds
[2024-06-16T12:58:34.277+0000] {processor.py:161} INFO - Started process (PID=1472) to work on /home/airflow/.local/lib/python3.12/site-packages/airflow/example_dags/example_bash_decorator.py
[2024-06-16T12:58:34.286+0000] {processor.py:830} INFO - Processing file /home/airflow/.local/lib/python3.12/site-packages/airflow/example_dags/example_bash_decorator.py for tasks to queue
[2024-06-16T12:58:34.287+0000] {logging_mixin.py:188} INFO - [2024-06-16T12:58:34.287+0000] {dagbag.py:545} INFO - Filling up the DagBag from /home/airflow/.local/lib/python3.12/site-packages/airflow/example_dags/example_bash_decorator.py
[2024-06-16T12:58:34.362+0000] {processor.py:840} INFO - DAG(s) 'example_bash_decorator' retrieved from /home/airflow/.local/lib/python3.12/site-packages/airflow/example_dags/example_bash_decorator.py
[2024-06-16T12:58:34.444+0000] {logging_mixin.py:188} INFO - [2024-06-16T12:58:34.443+0000] {dag.py:3096} INFO - Sync 1 DAGs
[2024-06-16T12:58:34.476+0000] {logging_mixin.py:188} INFO - [2024-06-16T12:58:34.475+0000] {dag.py:3954} INFO - Setting next_dagrun for example_bash_decorator to None, run_after=None
[2024-06-16T12:58:34.513+0000] {processor.py:183} INFO - Processing /home/airflow/.local/lib/python3.12/site-packages/airflow/example_dags/example_bash_decorator.py took 0.253 seconds
[2024-06-16T12:59:04.720+0000] {processor.py:161} INFO - Started process (PID=1539) to work on /home/airflow/.local/lib/python3.12/site-packages/airflow/example_dags/example_bash_decorator.py
[2024-06-16T12:59:04.721+0000] {processor.py:830} INFO - Processing file /home/airflow/.local/lib/python3.12/site-packages/airflow/example_dags/example_bash_decorator.py for tasks to queue
[2024-06-16T12:59:04.722+0000] {logging_mixin.py:188} INFO - [2024-06-16T12:59:04.721+0000] {dagbag.py:545} INFO - Filling up the DagBag from /home/airflow/.local/lib/python3.12/site-packages/airflow/example_dags/example_bash_decorator.py
[2024-06-16T12:59:04.746+0000] {processor.py:840} INFO - DAG(s) 'example_bash_decorator' retrieved from /home/airflow/.local/lib/python3.12/site-packages/airflow/example_dags/example_bash_decorator.py
[2024-06-16T12:59:04.789+0000] {logging_mixin.py:188} INFO - [2024-06-16T12:59:04.788+0000] {dag.py:3096} INFO - Sync 1 DAGs
[2024-06-16T12:59:04.806+0000] {logging_mixin.py:188} INFO - [2024-06-16T12:59:04.805+0000] {dag.py:3954} INFO - Setting next_dagrun for example_bash_decorator to None, run_after=None
[2024-06-16T12:59:04.835+0000] {processor.py:183} INFO - Processing /home/airflow/.local/lib/python3.12/site-packages/airflow/example_dags/example_bash_decorator.py took 0.124 seconds
[2024-06-16T12:59:34.955+0000] {processor.py:161} INFO - Started process (PID=1600) to work on /home/airflow/.local/lib/python3.12/site-packages/airflow/example_dags/example_bash_decorator.py
[2024-06-16T12:59:34.956+0000] {processor.py:830} INFO - Processing file /home/airflow/.local/lib/python3.12/site-packages/airflow/example_dags/example_bash_decorator.py for tasks to queue
[2024-06-16T12:59:34.957+0000] {logging_mixin.py:188} INFO - [2024-06-16T12:59:34.957+0000] {dagbag.py:545} INFO - Filling up the DagBag from /home/airflow/.local/lib/python3.12/site-packages/airflow/example_dags/example_bash_decorator.py
[2024-06-16T12:59:34.975+0000] {processor.py:840} INFO - DAG(s) 'example_bash_decorator' retrieved from /home/airflow/.local/lib/python3.12/site-packages/airflow/example_dags/example_bash_decorator.py
[2024-06-16T12:59:35.007+0000] {logging_mixin.py:188} INFO - [2024-06-16T12:59:35.006+0000] {dag.py:3096} INFO - Sync 1 DAGs
[2024-06-16T12:59:35.024+0000] {logging_mixin.py:188} INFO - [2024-06-16T12:59:35.024+0000] {dag.py:3954} INFO - Setting next_dagrun for example_bash_decorator to None, run_after=None
[2024-06-16T12:59:35.052+0000] {processor.py:183} INFO - Processing /home/airflow/.local/lib/python3.12/site-packages/airflow/example_dags/example_bash_decorator.py took 0.105 seconds
[2024-06-16T13:00:05.742+0000] {processor.py:161} INFO - Started process (PID=1661) to work on /home/airflow/.local/lib/python3.12/site-packages/airflow/example_dags/example_bash_decorator.py
[2024-06-16T13:00:05.743+0000] {processor.py:830} INFO - Processing file /home/airflow/.local/lib/python3.12/site-packages/airflow/example_dags/example_bash_decorator.py for tasks to queue
[2024-06-16T13:00:05.744+0000] {logging_mixin.py:188} INFO - [2024-06-16T13:00:05.744+0000] {dagbag.py:545} INFO - Filling up the DagBag from /home/airflow/.local/lib/python3.12/site-packages/airflow/example_dags/example_bash_decorator.py
[2024-06-16T13:00:05.762+0000] {processor.py:840} INFO - DAG(s) 'example_bash_decorator' retrieved from /home/airflow/.local/lib/python3.12/site-packages/airflow/example_dags/example_bash_decorator.py
[2024-06-16T13:00:05.796+0000] {logging_mixin.py:188} INFO - [2024-06-16T13:00:05.795+0000] {dag.py:3096} INFO - Sync 1 DAGs
[2024-06-16T13:00:05.820+0000] {logging_mixin.py:188} INFO - [2024-06-16T13:00:05.819+0000] {dag.py:3954} INFO - Setting next_dagrun for example_bash_decorator to None, run_after=None
[2024-06-16T13:00:05.848+0000] {processor.py:183} INFO - Processing /home/airflow/.local/lib/python3.12/site-packages/airflow/example_dags/example_bash_decorator.py took 0.113 seconds
[2024-06-16T13:00:36.913+0000] {processor.py:161} INFO - Started process (PID=1726) to work on /home/airflow/.local/lib/python3.12/site-packages/airflow/example_dags/example_bash_decorator.py
[2024-06-16T13:00:36.914+0000] {processor.py:830} INFO - Processing file /home/airflow/.local/lib/python3.12/site-packages/airflow/example_dags/example_bash_decorator.py for tasks to queue
[2024-06-16T13:00:36.916+0000] {logging_mixin.py:188} INFO - [2024-06-16T13:00:36.915+0000] {dagbag.py:545} INFO - Filling up the DagBag from /home/airflow/.local/lib/python3.12/site-packages/airflow/example_dags/example_bash_decorator.py
[2024-06-16T13:00:36.941+0000] {processor.py:840} INFO - DAG(s) 'example_bash_decorator' retrieved from /home/airflow/.local/lib/python3.12/site-packages/airflow/example_dags/example_bash_decorator.py
[2024-06-16T13:00:36.979+0000] {logging_mixin.py:188} INFO - [2024-06-16T13:00:36.979+0000] {dag.py:3096} INFO - Sync 1 DAGs
[2024-06-16T13:00:36.997+0000] {logging_mixin.py:188} INFO - [2024-06-16T13:00:36.996+0000] {dag.py:3954} INFO - Setting next_dagrun for example_bash_decorator to None, run_after=None
[2024-06-16T13:00:37.021+0000] {processor.py:183} INFO - Processing /home/airflow/.local/lib/python3.12/site-packages/airflow/example_dags/example_bash_decorator.py took 0.119 seconds
[2024-06-16T13:01:08.225+0000] {processor.py:161} INFO - Started process (PID=1785) to work on /home/airflow/.local/lib/python3.12/site-packages/airflow/example_dags/example_bash_decorator.py
[2024-06-16T13:01:08.226+0000] {processor.py:830} INFO - Processing file /home/airflow/.local/lib/python3.12/site-packages/airflow/example_dags/example_bash_decorator.py for tasks to queue
[2024-06-16T13:01:08.227+0000] {logging_mixin.py:188} INFO - [2024-06-16T13:01:08.226+0000] {dagbag.py:545} INFO - Filling up the DagBag from /home/airflow/.local/lib/python3.12/site-packages/airflow/example_dags/example_bash_decorator.py
[2024-06-16T13:01:08.247+0000] {processor.py:840} INFO - DAG(s) 'example_bash_decorator' retrieved from /home/airflow/.local/lib/python3.12/site-packages/airflow/example_dags/example_bash_decorator.py
[2024-06-16T13:01:08.292+0000] {logging_mixin.py:188} INFO - [2024-06-16T13:01:08.291+0000] {dag.py:3096} INFO - Sync 1 DAGs
[2024-06-16T13:01:08.316+0000] {logging_mixin.py:188} INFO - [2024-06-16T13:01:08.316+0000] {dag.py:3954} INFO - Setting next_dagrun for example_bash_decorator to None, run_after=None
[2024-06-16T13:01:08.343+0000] {processor.py:183} INFO - Processing /home/airflow/.local/lib/python3.12/site-packages/airflow/example_dags/example_bash_decorator.py took 0.126 seconds
[2024-06-16T13:01:39.337+0000] {processor.py:161} INFO - Started process (PID=1844) to work on /home/airflow/.local/lib/python3.12/site-packages/airflow/example_dags/example_bash_decorator.py
[2024-06-16T13:01:39.338+0000] {processor.py:830} INFO - Processing file /home/airflow/.local/lib/python3.12/site-packages/airflow/example_dags/example_bash_decorator.py for tasks to queue
[2024-06-16T13:01:39.340+0000] {logging_mixin.py:188} INFO - [2024-06-16T13:01:39.339+0000] {dagbag.py:545} INFO - Filling up the DagBag from /home/airflow/.local/lib/python3.12/site-packages/airflow/example_dags/example_bash_decorator.py
[2024-06-16T13:01:39.364+0000] {processor.py:840} INFO - DAG(s) 'example_bash_decorator' retrieved from /home/airflow/.local/lib/python3.12/site-packages/airflow/example_dags/example_bash_decorator.py
[2024-06-16T13:01:39.399+0000] {logging_mixin.py:188} INFO - [2024-06-16T13:01:39.399+0000] {dag.py:3096} INFO - Sync 1 DAGs
[2024-06-16T13:01:39.418+0000] {logging_mixin.py:188} INFO - [2024-06-16T13:01:39.418+0000] {dag.py:3954} INFO - Setting next_dagrun for example_bash_decorator to None, run_after=None
[2024-06-16T13:01:39.445+0000] {processor.py:183} INFO - Processing /home/airflow/.local/lib/python3.12/site-packages/airflow/example_dags/example_bash_decorator.py took 0.118 seconds
[2024-06-16T13:02:09.560+0000] {processor.py:161} INFO - Started process (PID=1902) to work on /home/airflow/.local/lib/python3.12/site-packages/airflow/example_dags/example_bash_decorator.py
[2024-06-16T13:02:09.561+0000] {processor.py:830} INFO - Processing file /home/airflow/.local/lib/python3.12/site-packages/airflow/example_dags/example_bash_decorator.py for tasks to queue
[2024-06-16T13:02:09.562+0000] {logging_mixin.py:188} INFO - [2024-06-16T13:02:09.562+0000] {dagbag.py:545} INFO - Filling up the DagBag from /home/airflow/.local/lib/python3.12/site-packages/airflow/example_dags/example_bash_decorator.py
[2024-06-16T13:02:09.583+0000] {processor.py:840} INFO - DAG(s) 'example_bash_decorator' retrieved from /home/airflow/.local/lib/python3.12/site-packages/airflow/example_dags/example_bash_decorator.py
[2024-06-16T13:02:09.616+0000] {logging_mixin.py:188} INFO - [2024-06-16T13:02:09.615+0000] {dag.py:3096} INFO - Sync 1 DAGs
[2024-06-16T13:02:09.634+0000] {logging_mixin.py:188} INFO - [2024-06-16T13:02:09.634+0000] {dag.py:3954} INFO - Setting next_dagrun for example_bash_decorator to None, run_after=None
[2024-06-16T13:02:09.661+0000] {processor.py:183} INFO - Processing /home/airflow/.local/lib/python3.12/site-packages/airflow/example_dags/example_bash_decorator.py took 0.108 seconds
[2024-06-16T13:02:39.746+0000] {processor.py:161} INFO - Started process (PID=1961) to work on /home/airflow/.local/lib/python3.12/site-packages/airflow/example_dags/example_bash_decorator.py
[2024-06-16T13:02:39.747+0000] {processor.py:830} INFO - Processing file /home/airflow/.local/lib/python3.12/site-packages/airflow/example_dags/example_bash_decorator.py for tasks to queue
[2024-06-16T13:02:39.748+0000] {logging_mixin.py:188} INFO - [2024-06-16T13:02:39.748+0000] {dagbag.py:545} INFO - Filling up the DagBag from /home/airflow/.local/lib/python3.12/site-packages/airflow/example_dags/example_bash_decorator.py
[2024-06-16T13:02:39.771+0000] {processor.py:840} INFO - DAG(s) 'example_bash_decorator' retrieved from /home/airflow/.local/lib/python3.12/site-packages/airflow/example_dags/example_bash_decorator.py
[2024-06-16T13:02:39.815+0000] {logging_mixin.py:188} INFO - [2024-06-16T13:02:39.814+0000] {dag.py:3096} INFO - Sync 1 DAGs
[2024-06-16T13:02:39.836+0000] {logging_mixin.py:188} INFO - [2024-06-16T13:02:39.835+0000] {dag.py:3954} INFO - Setting next_dagrun for example_bash_decorator to None, run_after=None
[2024-06-16T13:02:39.868+0000] {processor.py:183} INFO - Processing /home/airflow/.local/lib/python3.12/site-packages/airflow/example_dags/example_bash_decorator.py took 0.128 seconds
[2024-06-16T13:03:10.404+0000] {processor.py:161} INFO - Started process (PID=2020) to work on /home/airflow/.local/lib/python3.12/site-packages/airflow/example_dags/example_bash_decorator.py
[2024-06-16T13:03:10.405+0000] {processor.py:830} INFO - Processing file /home/airflow/.local/lib/python3.12/site-packages/airflow/example_dags/example_bash_decorator.py for tasks to queue
[2024-06-16T13:03:10.408+0000] {logging_mixin.py:188} INFO - [2024-06-16T13:03:10.407+0000] {dagbag.py:545} INFO - Filling up the DagBag from /home/airflow/.local/lib/python3.12/site-packages/airflow/example_dags/example_bash_decorator.py
[2024-06-16T13:03:10.441+0000] {processor.py:840} INFO - DAG(s) 'example_bash_decorator' retrieved from /home/airflow/.local/lib/python3.12/site-packages/airflow/example_dags/example_bash_decorator.py
[2024-06-16T13:03:10.510+0000] {logging_mixin.py:188} INFO - [2024-06-16T13:03:10.509+0000] {dag.py:3096} INFO - Sync 1 DAGs
[2024-06-16T13:03:10.540+0000] {logging_mixin.py:188} INFO - [2024-06-16T13:03:10.540+0000] {dag.py:3954} INFO - Setting next_dagrun for example_bash_decorator to None, run_after=None
[2024-06-16T13:03:10.572+0000] {processor.py:183} INFO - Processing /home/airflow/.local/lib/python3.12/site-packages/airflow/example_dags/example_bash_decorator.py took 0.179 seconds
[2024-06-16T13:03:40.678+0000] {processor.py:161} INFO - Started process (PID=2079) to work on /home/airflow/.local/lib/python3.12/site-packages/airflow/example_dags/example_bash_decorator.py
[2024-06-16T13:03:40.679+0000] {processor.py:830} INFO - Processing file /home/airflow/.local/lib/python3.12/site-packages/airflow/example_dags/example_bash_decorator.py for tasks to queue
[2024-06-16T13:03:40.680+0000] {logging_mixin.py:188} INFO - [2024-06-16T13:03:40.680+0000] {dagbag.py:545} INFO - Filling up the DagBag from /home/airflow/.local/lib/python3.12/site-packages/airflow/example_dags/example_bash_decorator.py
[2024-06-16T13:03:40.700+0000] {processor.py:840} INFO - DAG(s) 'example_bash_decorator' retrieved from /home/airflow/.local/lib/python3.12/site-packages/airflow/example_dags/example_bash_decorator.py
[2024-06-16T13:03:40.732+0000] {logging_mixin.py:188} INFO - [2024-06-16T13:03:40.732+0000] {dag.py:3096} INFO - Sync 1 DAGs
[2024-06-16T13:03:40.758+0000] {logging_mixin.py:188} INFO - [2024-06-16T13:03:40.758+0000] {dag.py:3954} INFO - Setting next_dagrun for example_bash_decorator to None, run_after=None
[2024-06-16T13:03:40.818+0000] {processor.py:183} INFO - Processing /home/airflow/.local/lib/python3.12/site-packages/airflow/example_dags/example_bash_decorator.py took 0.147 seconds
[2024-06-16T13:04:10.953+0000] {processor.py:161} INFO - Started process (PID=2141) to work on /home/airflow/.local/lib/python3.12/site-packages/airflow/example_dags/example_bash_decorator.py
[2024-06-16T13:04:10.954+0000] {processor.py:830} INFO - Processing file /home/airflow/.local/lib/python3.12/site-packages/airflow/example_dags/example_bash_decorator.py for tasks to queue
[2024-06-16T13:04:10.955+0000] {logging_mixin.py:188} INFO - [2024-06-16T13:04:10.954+0000] {dagbag.py:545} INFO - Filling up the DagBag from /home/airflow/.local/lib/python3.12/site-packages/airflow/example_dags/example_bash_decorator.py
[2024-06-16T13:04:10.971+0000] {processor.py:840} INFO - DAG(s) 'example_bash_decorator' retrieved from /home/airflow/.local/lib/python3.12/site-packages/airflow/example_dags/example_bash_decorator.py
[2024-06-16T13:04:11.007+0000] {logging_mixin.py:188} INFO - [2024-06-16T13:04:11.006+0000] {dag.py:3096} INFO - Sync 1 DAGs
[2024-06-16T13:04:11.024+0000] {logging_mixin.py:188} INFO - [2024-06-16T13:04:11.024+0000] {dag.py:3954} INFO - Setting next_dagrun for example_bash_decorator to None, run_after=None
[2024-06-16T13:04:11.050+0000] {processor.py:183} INFO - Processing /home/airflow/.local/lib/python3.12/site-packages/airflow/example_dags/example_bash_decorator.py took 0.103 seconds
[2024-06-16T13:04:41.802+0000] {processor.py:161} INFO - Started process (PID=2200) to work on /home/airflow/.local/lib/python3.12/site-packages/airflow/example_dags/example_bash_decorator.py
[2024-06-16T13:04:41.803+0000] {processor.py:830} INFO - Processing file /home/airflow/.local/lib/python3.12/site-packages/airflow/example_dags/example_bash_decorator.py for tasks to queue
[2024-06-16T13:04:41.804+0000] {logging_mixin.py:188} INFO - [2024-06-16T13:04:41.803+0000] {dagbag.py:545} INFO - Filling up the DagBag from /home/airflow/.local/lib/python3.12/site-packages/airflow/example_dags/example_bash_decorator.py
[2024-06-16T13:04:41.822+0000] {processor.py:840} INFO - DAG(s) 'example_bash_decorator' retrieved from /home/airflow/.local/lib/python3.12/site-packages/airflow/example_dags/example_bash_decorator.py
[2024-06-16T13:04:41.861+0000] {logging_mixin.py:188} INFO - [2024-06-16T13:04:41.860+0000] {dag.py:3096} INFO - Sync 1 DAGs
[2024-06-16T13:04:41.880+0000] {logging_mixin.py:188} INFO - [2024-06-16T13:04:41.880+0000] {dag.py:3954} INFO - Setting next_dagrun for example_bash_decorator to None, run_after=None
[2024-06-16T13:04:41.905+0000] {processor.py:183} INFO - Processing /home/airflow/.local/lib/python3.12/site-packages/airflow/example_dags/example_bash_decorator.py took 0.114 seconds
[2024-06-16T13:05:12.224+0000] {processor.py:161} INFO - Started process (PID=2260) to work on /home/airflow/.local/lib/python3.12/site-packages/airflow/example_dags/example_bash_decorator.py
[2024-06-16T13:05:12.226+0000] {processor.py:830} INFO - Processing file /home/airflow/.local/lib/python3.12/site-packages/airflow/example_dags/example_bash_decorator.py for tasks to queue
[2024-06-16T13:05:12.228+0000] {logging_mixin.py:188} INFO - [2024-06-16T13:05:12.227+0000] {dagbag.py:545} INFO - Filling up the DagBag from /home/airflow/.local/lib/python3.12/site-packages/airflow/example_dags/example_bash_decorator.py
[2024-06-16T13:05:12.254+0000] {processor.py:840} INFO - DAG(s) 'example_bash_decorator' retrieved from /home/airflow/.local/lib/python3.12/site-packages/airflow/example_dags/example_bash_decorator.py
[2024-06-16T13:05:12.297+0000] {logging_mixin.py:188} INFO - [2024-06-16T13:05:12.296+0000] {dag.py:3096} INFO - Sync 1 DAGs
[2024-06-16T13:05:12.320+0000] {logging_mixin.py:188} INFO - [2024-06-16T13:05:12.320+0000] {dag.py:3954} INFO - Setting next_dagrun for example_bash_decorator to None, run_after=None
[2024-06-16T13:05:12.355+0000] {processor.py:183} INFO - Processing /home/airflow/.local/lib/python3.12/site-packages/airflow/example_dags/example_bash_decorator.py took 0.141 seconds
[2024-06-16T13:05:42.973+0000] {processor.py:161} INFO - Started process (PID=2319) to work on /home/airflow/.local/lib/python3.12/site-packages/airflow/example_dags/example_bash_decorator.py
[2024-06-16T13:05:42.974+0000] {processor.py:830} INFO - Processing file /home/airflow/.local/lib/python3.12/site-packages/airflow/example_dags/example_bash_decorator.py for tasks to queue
[2024-06-16T13:05:42.975+0000] {logging_mixin.py:188} INFO - [2024-06-16T13:05:42.974+0000] {dagbag.py:545} INFO - Filling up the DagBag from /home/airflow/.local/lib/python3.12/site-packages/airflow/example_dags/example_bash_decorator.py
[2024-06-16T13:05:43.000+0000] {processor.py:840} INFO - DAG(s) 'example_bash_decorator' retrieved from /home/airflow/.local/lib/python3.12/site-packages/airflow/example_dags/example_bash_decorator.py
[2024-06-16T13:05:43.045+0000] {logging_mixin.py:188} INFO - [2024-06-16T13:05:43.045+0000] {dag.py:3096} INFO - Sync 1 DAGs
[2024-06-16T13:05:43.240+0000] {logging_mixin.py:188} INFO - [2024-06-16T13:05:43.240+0000] {dag.py:3954} INFO - Setting next_dagrun for example_bash_decorator to None, run_after=None
[2024-06-16T13:05:43.265+0000] {processor.py:183} INFO - Processing /home/airflow/.local/lib/python3.12/site-packages/airflow/example_dags/example_bash_decorator.py took 0.304 seconds
[2024-06-16T13:06:13.484+0000] {processor.py:161} INFO - Started process (PID=2378) to work on /home/airflow/.local/lib/python3.12/site-packages/airflow/example_dags/example_bash_decorator.py
[2024-06-16T13:06:13.485+0000] {processor.py:830} INFO - Processing file /home/airflow/.local/lib/python3.12/site-packages/airflow/example_dags/example_bash_decorator.py for tasks to queue
[2024-06-16T13:06:13.487+0000] {logging_mixin.py:188} INFO - [2024-06-16T13:06:13.486+0000] {dagbag.py:545} INFO - Filling up the DagBag from /home/airflow/.local/lib/python3.12/site-packages/airflow/example_dags/example_bash_decorator.py
[2024-06-16T13:06:13.513+0000] {processor.py:840} INFO - DAG(s) 'example_bash_decorator' retrieved from /home/airflow/.local/lib/python3.12/site-packages/airflow/example_dags/example_bash_decorator.py
[2024-06-16T13:06:13.557+0000] {logging_mixin.py:188} INFO - [2024-06-16T13:06:13.557+0000] {dag.py:3096} INFO - Sync 1 DAGs
[2024-06-16T13:06:13.582+0000] {logging_mixin.py:188} INFO - [2024-06-16T13:06:13.581+0000] {dag.py:3954} INFO - Setting next_dagrun for example_bash_decorator to None, run_after=None
[2024-06-16T13:06:13.618+0000] {processor.py:183} INFO - Processing /home/airflow/.local/lib/python3.12/site-packages/airflow/example_dags/example_bash_decorator.py took 0.147 seconds
