[2024-06-16T12:20:58.366+0000] {processor.py:161} INFO - Started process (PID=57) to work on /home/airflow/.local/lib/python3.12/site-packages/airflow/example_dags/example_params_ui_tutorial.py
[2024-06-16T12:20:58.378+0000] {processor.py:830} INFO - Processing file /home/airflow/.local/lib/python3.12/site-packages/airflow/example_dags/example_params_ui_tutorial.py for tasks to queue
[2024-06-16T12:20:58.385+0000] {logging_mixin.py:188} INFO - [2024-06-16T12:20:58.384+0000] {dagbag.py:545} INFO - Filling up the DagBag from /home/airflow/.local/lib/python3.12/site-packages/airflow/example_dags/example_params_ui_tutorial.py
[2024-06-16T12:20:58.562+0000] {processor.py:840} INFO - DAG(s) 'example_params_ui_tutorial' retrieved from /home/airflow/.local/lib/python3.12/site-packages/airflow/example_dags/example_params_ui_tutorial.py
[2024-06-16T12:20:59.679+0000] {logging_mixin.py:188} INFO - [2024-06-16T12:20:59.676+0000] {override.py:1829} INFO - Created Permission View: can edit on DAG:example_params_ui_tutorial
[2024-06-16T12:20:59.765+0000] {logging_mixin.py:188} INFO - [2024-06-16T12:20:59.763+0000] {override.py:1829} INFO - Created Permission View: can delete on DAG:example_params_ui_tutorial
[2024-06-16T12:20:59.826+0000] {logging_mixin.py:188} INFO - [2024-06-16T12:20:59.826+0000] {override.py:1829} INFO - Created Permission View: can read on DAG:example_params_ui_tutorial
[2024-06-16T12:20:59.827+0000] {logging_mixin.py:188} INFO - [2024-06-16T12:20:59.827+0000] {dag.py:3096} INFO - Sync 1 DAGs
[2024-06-16T12:20:59.926+0000] {logging_mixin.py:188} INFO - [2024-06-16T12:20:59.925+0000] {dag.py:3118} INFO - Creating ORM DAG for example_params_ui_tutorial
[2024-06-16T12:20:59.932+0000] {logging_mixin.py:188} INFO - [2024-06-16T12:20:59.927+0000] {dag.py:3954} INFO - Setting next_dagrun for example_params_ui_tutorial to None, run_after=None
[2024-06-16T12:21:00.074+0000] {processor.py:183} INFO - Processing /home/airflow/.local/lib/python3.12/site-packages/airflow/example_dags/example_params_ui_tutorial.py took 1.739 seconds
[2024-06-16T12:21:31.296+0000] {processor.py:161} INFO - Started process (PID=116) to work on /home/airflow/.local/lib/python3.12/site-packages/airflow/example_dags/example_params_ui_tutorial.py
[2024-06-16T12:21:31.304+0000] {processor.py:830} INFO - Processing file /home/airflow/.local/lib/python3.12/site-packages/airflow/example_dags/example_params_ui_tutorial.py for tasks to queue
[2024-06-16T12:21:31.308+0000] {logging_mixin.py:188} INFO - [2024-06-16T12:21:31.307+0000] {dagbag.py:545} INFO - Filling up the DagBag from /home/airflow/.local/lib/python3.12/site-packages/airflow/example_dags/example_params_ui_tutorial.py
[2024-06-16T12:21:31.354+0000] {processor.py:840} INFO - DAG(s) 'example_params_ui_tutorial' retrieved from /home/airflow/.local/lib/python3.12/site-packages/airflow/example_dags/example_params_ui_tutorial.py
[2024-06-16T12:21:32.251+0000] {logging_mixin.py:188} INFO - [2024-06-16T12:21:32.242+0000] {dag.py:3096} INFO - Sync 1 DAGs
[2024-06-16T12:21:32.417+0000] {logging_mixin.py:188} INFO - [2024-06-16T12:21:32.416+0000] {dag.py:3954} INFO - Setting next_dagrun for example_params_ui_tutorial to None, run_after=None
[2024-06-16T12:21:32.618+0000] {processor.py:183} INFO - Processing /home/airflow/.local/lib/python3.12/site-packages/airflow/example_dags/example_params_ui_tutorial.py took 1.371 seconds
[2024-06-16T12:22:03.470+0000] {processor.py:161} INFO - Started process (PID=174) to work on /home/airflow/.local/lib/python3.12/site-packages/airflow/example_dags/example_params_ui_tutorial.py
[2024-06-16T12:22:03.474+0000] {processor.py:830} INFO - Processing file /home/airflow/.local/lib/python3.12/site-packages/airflow/example_dags/example_params_ui_tutorial.py for tasks to queue
[2024-06-16T12:22:03.485+0000] {logging_mixin.py:188} INFO - [2024-06-16T12:22:03.484+0000] {dagbag.py:545} INFO - Filling up the DagBag from /home/airflow/.local/lib/python3.12/site-packages/airflow/example_dags/example_params_ui_tutorial.py
[2024-06-16T12:22:03.606+0000] {processor.py:840} INFO - DAG(s) 'example_params_ui_tutorial' retrieved from /home/airflow/.local/lib/python3.12/site-packages/airflow/example_dags/example_params_ui_tutorial.py
[2024-06-16T12:22:03.909+0000] {logging_mixin.py:188} INFO - [2024-06-16T12:22:03.909+0000] {dag.py:3096} INFO - Sync 1 DAGs
[2024-06-16T12:22:04.093+0000] {logging_mixin.py:188} INFO - [2024-06-16T12:22:04.081+0000] {dag.py:3954} INFO - Setting next_dagrun for example_params_ui_tutorial to None, run_after=None
[2024-06-16T12:22:04.319+0000] {processor.py:183} INFO - Processing /home/airflow/.local/lib/python3.12/site-packages/airflow/example_dags/example_params_ui_tutorial.py took 0.883 seconds
[2024-06-16T12:22:34.543+0000] {processor.py:161} INFO - Started process (PID=234) to work on /home/airflow/.local/lib/python3.12/site-packages/airflow/example_dags/example_params_ui_tutorial.py
[2024-06-16T12:22:34.545+0000] {processor.py:830} INFO - Processing file /home/airflow/.local/lib/python3.12/site-packages/airflow/example_dags/example_params_ui_tutorial.py for tasks to queue
[2024-06-16T12:22:34.548+0000] {logging_mixin.py:188} INFO - [2024-06-16T12:22:34.547+0000] {dagbag.py:545} INFO - Filling up the DagBag from /home/airflow/.local/lib/python3.12/site-packages/airflow/example_dags/example_params_ui_tutorial.py
[2024-06-16T12:22:34.573+0000] {processor.py:840} INFO - DAG(s) 'example_params_ui_tutorial' retrieved from /home/airflow/.local/lib/python3.12/site-packages/airflow/example_dags/example_params_ui_tutorial.py
[2024-06-16T12:22:34.750+0000] {logging_mixin.py:188} INFO - [2024-06-16T12:22:34.749+0000] {dag.py:3096} INFO - Sync 1 DAGs
[2024-06-16T12:22:34.800+0000] {logging_mixin.py:188} INFO - [2024-06-16T12:22:34.798+0000] {dag.py:3954} INFO - Setting next_dagrun for example_params_ui_tutorial to None, run_after=None
[2024-06-16T12:22:34.844+0000] {processor.py:183} INFO - Processing /home/airflow/.local/lib/python3.12/site-packages/airflow/example_dags/example_params_ui_tutorial.py took 0.314 seconds
[2024-06-16T12:23:05.051+0000] {processor.py:161} INFO - Started process (PID=292) to work on /home/airflow/.local/lib/python3.12/site-packages/airflow/example_dags/example_params_ui_tutorial.py
[2024-06-16T12:23:05.055+0000] {processor.py:830} INFO - Processing file /home/airflow/.local/lib/python3.12/site-packages/airflow/example_dags/example_params_ui_tutorial.py for tasks to queue
[2024-06-16T12:23:05.059+0000] {logging_mixin.py:188} INFO - [2024-06-16T12:23:05.058+0000] {dagbag.py:545} INFO - Filling up the DagBag from /home/airflow/.local/lib/python3.12/site-packages/airflow/example_dags/example_params_ui_tutorial.py
[2024-06-16T12:23:05.084+0000] {processor.py:840} INFO - DAG(s) 'example_params_ui_tutorial' retrieved from /home/airflow/.local/lib/python3.12/site-packages/airflow/example_dags/example_params_ui_tutorial.py
[2024-06-16T12:23:05.290+0000] {logging_mixin.py:188} INFO - [2024-06-16T12:23:05.289+0000] {dag.py:3096} INFO - Sync 1 DAGs
[2024-06-16T12:23:05.324+0000] {logging_mixin.py:188} INFO - [2024-06-16T12:23:05.324+0000] {dag.py:3954} INFO - Setting next_dagrun for example_params_ui_tutorial to None, run_after=None
[2024-06-16T12:23:05.403+0000] {processor.py:183} INFO - Processing /home/airflow/.local/lib/python3.12/site-packages/airflow/example_dags/example_params_ui_tutorial.py took 0.369 seconds
[2024-06-16T12:23:37.273+0000] {processor.py:161} INFO - Started process (PID=349) to work on /home/airflow/.local/lib/python3.12/site-packages/airflow/example_dags/example_params_ui_tutorial.py
[2024-06-16T12:23:37.289+0000] {processor.py:830} INFO - Processing file /home/airflow/.local/lib/python3.12/site-packages/airflow/example_dags/example_params_ui_tutorial.py for tasks to queue
[2024-06-16T12:23:37.292+0000] {logging_mixin.py:188} INFO - [2024-06-16T12:23:37.291+0000] {dagbag.py:545} INFO - Filling up the DagBag from /home/airflow/.local/lib/python3.12/site-packages/airflow/example_dags/example_params_ui_tutorial.py
[2024-06-16T12:23:37.412+0000] {processor.py:840} INFO - DAG(s) 'example_params_ui_tutorial' retrieved from /home/airflow/.local/lib/python3.12/site-packages/airflow/example_dags/example_params_ui_tutorial.py
[2024-06-16T12:23:37.910+0000] {logging_mixin.py:188} INFO - [2024-06-16T12:23:37.909+0000] {dag.py:3096} INFO - Sync 1 DAGs
[2024-06-16T12:23:38.105+0000] {logging_mixin.py:188} INFO - [2024-06-16T12:23:38.105+0000] {dag.py:3954} INFO - Setting next_dagrun for example_params_ui_tutorial to None, run_after=None
[2024-06-16T12:23:38.340+0000] {processor.py:183} INFO - Processing /home/airflow/.local/lib/python3.12/site-packages/airflow/example_dags/example_params_ui_tutorial.py took 1.107 seconds
[2024-06-16T12:24:08.830+0000] {processor.py:161} INFO - Started process (PID=408) to work on /home/airflow/.local/lib/python3.12/site-packages/airflow/example_dags/example_params_ui_tutorial.py
[2024-06-16T12:24:08.841+0000] {processor.py:830} INFO - Processing file /home/airflow/.local/lib/python3.12/site-packages/airflow/example_dags/example_params_ui_tutorial.py for tasks to queue
[2024-06-16T12:24:08.849+0000] {logging_mixin.py:188} INFO - [2024-06-16T12:24:08.848+0000] {dagbag.py:545} INFO - Filling up the DagBag from /home/airflow/.local/lib/python3.12/site-packages/airflow/example_dags/example_params_ui_tutorial.py
[2024-06-16T12:24:08.953+0000] {processor.py:840} INFO - DAG(s) 'example_params_ui_tutorial' retrieved from /home/airflow/.local/lib/python3.12/site-packages/airflow/example_dags/example_params_ui_tutorial.py
[2024-06-16T12:24:09.288+0000] {logging_mixin.py:188} INFO - [2024-06-16T12:24:09.287+0000] {dag.py:3096} INFO - Sync 1 DAGs
[2024-06-16T12:24:09.323+0000] {logging_mixin.py:188} INFO - [2024-06-16T12:24:09.322+0000] {dag.py:3954} INFO - Setting next_dagrun for example_params_ui_tutorial to None, run_after=None
[2024-06-16T12:24:09.368+0000] {processor.py:183} INFO - Processing /home/airflow/.local/lib/python3.12/site-packages/airflow/example_dags/example_params_ui_tutorial.py took 0.630 seconds
[2024-06-16T12:24:40.073+0000] {processor.py:161} INFO - Started process (PID=467) to work on /home/airflow/.local/lib/python3.12/site-packages/airflow/example_dags/example_params_ui_tutorial.py
[2024-06-16T12:24:40.075+0000] {processor.py:830} INFO - Processing file /home/airflow/.local/lib/python3.12/site-packages/airflow/example_dags/example_params_ui_tutorial.py for tasks to queue
[2024-06-16T12:24:40.090+0000] {logging_mixin.py:188} INFO - [2024-06-16T12:24:40.078+0000] {dagbag.py:545} INFO - Filling up the DagBag from /home/airflow/.local/lib/python3.12/site-packages/airflow/example_dags/example_params_ui_tutorial.py
[2024-06-16T12:24:40.119+0000] {processor.py:840} INFO - DAG(s) 'example_params_ui_tutorial' retrieved from /home/airflow/.local/lib/python3.12/site-packages/airflow/example_dags/example_params_ui_tutorial.py
[2024-06-16T12:24:40.360+0000] {logging_mixin.py:188} INFO - [2024-06-16T12:24:40.359+0000] {dag.py:3096} INFO - Sync 1 DAGs
[2024-06-16T12:24:40.430+0000] {logging_mixin.py:188} INFO - [2024-06-16T12:24:40.430+0000] {dag.py:3954} INFO - Setting next_dagrun for example_params_ui_tutorial to None, run_after=None
[2024-06-16T12:24:40.490+0000] {processor.py:183} INFO - Processing /home/airflow/.local/lib/python3.12/site-packages/airflow/example_dags/example_params_ui_tutorial.py took 0.432 seconds
[2024-06-16T12:45:02.077+0000] {processor.py:161} INFO - Started process (PID=61) to work on /home/airflow/.local/lib/python3.12/site-packages/airflow/example_dags/example_params_ui_tutorial.py
[2024-06-16T12:45:02.079+0000] {processor.py:830} INFO - Processing file /home/airflow/.local/lib/python3.12/site-packages/airflow/example_dags/example_params_ui_tutorial.py for tasks to queue
[2024-06-16T12:45:02.084+0000] {logging_mixin.py:188} INFO - [2024-06-16T12:45:02.084+0000] {dagbag.py:545} INFO - Filling up the DagBag from /home/airflow/.local/lib/python3.12/site-packages/airflow/example_dags/example_params_ui_tutorial.py
[2024-06-16T12:45:02.138+0000] {processor.py:840} INFO - DAG(s) 'example_params_ui_tutorial' retrieved from /home/airflow/.local/lib/python3.12/site-packages/airflow/example_dags/example_params_ui_tutorial.py
[2024-06-16T12:45:02.877+0000] {logging_mixin.py:188} INFO - [2024-06-16T12:45:02.876+0000] {override.py:1829} INFO - Created Permission View: can read on DAG:example_params_ui_tutorial
[2024-06-16T12:45:02.910+0000] {logging_mixin.py:188} INFO - [2024-06-16T12:45:02.909+0000] {override.py:1829} INFO - Created Permission View: can delete on DAG:example_params_ui_tutorial
[2024-06-16T12:45:02.944+0000] {logging_mixin.py:188} INFO - [2024-06-16T12:45:02.942+0000] {override.py:1829} INFO - Created Permission View: can edit on DAG:example_params_ui_tutorial
[2024-06-16T12:45:02.947+0000] {logging_mixin.py:188} INFO - [2024-06-16T12:45:02.945+0000] {dag.py:3096} INFO - Sync 1 DAGs
[2024-06-16T12:45:03.005+0000] {logging_mixin.py:188} INFO - [2024-06-16T12:45:03.005+0000] {dag.py:3118} INFO - Creating ORM DAG for example_params_ui_tutorial
[2024-06-16T12:45:03.007+0000] {logging_mixin.py:188} INFO - [2024-06-16T12:45:03.006+0000] {dag.py:3954} INFO - Setting next_dagrun for example_params_ui_tutorial to None, run_after=None
[2024-06-16T12:45:03.062+0000] {processor.py:183} INFO - Processing /home/airflow/.local/lib/python3.12/site-packages/airflow/example_dags/example_params_ui_tutorial.py took 0.997 seconds
[2024-06-16T12:45:33.240+0000] {processor.py:161} INFO - Started process (PID=120) to work on /home/airflow/.local/lib/python3.12/site-packages/airflow/example_dags/example_params_ui_tutorial.py
[2024-06-16T12:45:33.241+0000] {processor.py:830} INFO - Processing file /home/airflow/.local/lib/python3.12/site-packages/airflow/example_dags/example_params_ui_tutorial.py for tasks to queue
[2024-06-16T12:45:33.242+0000] {logging_mixin.py:188} INFO - [2024-06-16T12:45:33.242+0000] {dagbag.py:545} INFO - Filling up the DagBag from /home/airflow/.local/lib/python3.12/site-packages/airflow/example_dags/example_params_ui_tutorial.py
[2024-06-16T12:45:33.257+0000] {processor.py:840} INFO - DAG(s) 'example_params_ui_tutorial' retrieved from /home/airflow/.local/lib/python3.12/site-packages/airflow/example_dags/example_params_ui_tutorial.py
[2024-06-16T12:45:33.363+0000] {logging_mixin.py:188} INFO - [2024-06-16T12:45:33.363+0000] {dag.py:3096} INFO - Sync 1 DAGs
[2024-06-16T12:45:33.383+0000] {logging_mixin.py:188} INFO - [2024-06-16T12:45:33.383+0000] {dag.py:3954} INFO - Setting next_dagrun for example_params_ui_tutorial to None, run_after=None
[2024-06-16T12:45:33.420+0000] {processor.py:183} INFO - Processing /home/airflow/.local/lib/python3.12/site-packages/airflow/example_dags/example_params_ui_tutorial.py took 0.187 seconds
[2024-06-16T12:46:03.641+0000] {processor.py:161} INFO - Started process (PID=179) to work on /home/airflow/.local/lib/python3.12/site-packages/airflow/example_dags/example_params_ui_tutorial.py
[2024-06-16T12:46:03.641+0000] {processor.py:830} INFO - Processing file /home/airflow/.local/lib/python3.12/site-packages/airflow/example_dags/example_params_ui_tutorial.py for tasks to queue
[2024-06-16T12:46:03.643+0000] {logging_mixin.py:188} INFO - [2024-06-16T12:46:03.643+0000] {dagbag.py:545} INFO - Filling up the DagBag from /home/airflow/.local/lib/python3.12/site-packages/airflow/example_dags/example_params_ui_tutorial.py
[2024-06-16T12:46:03.656+0000] {processor.py:840} INFO - DAG(s) 'example_params_ui_tutorial' retrieved from /home/airflow/.local/lib/python3.12/site-packages/airflow/example_dags/example_params_ui_tutorial.py
[2024-06-16T12:46:03.766+0000] {logging_mixin.py:188} INFO - [2024-06-16T12:46:03.766+0000] {dag.py:3096} INFO - Sync 1 DAGs
[2024-06-16T12:46:03.785+0000] {logging_mixin.py:188} INFO - [2024-06-16T12:46:03.784+0000] {dag.py:3954} INFO - Setting next_dagrun for example_params_ui_tutorial to None, run_after=None
[2024-06-16T12:46:03.810+0000] {processor.py:183} INFO - Processing /home/airflow/.local/lib/python3.12/site-packages/airflow/example_dags/example_params_ui_tutorial.py took 0.175 seconds
[2024-06-16T12:46:34.627+0000] {processor.py:161} INFO - Started process (PID=238) to work on /home/airflow/.local/lib/python3.12/site-packages/airflow/example_dags/example_params_ui_tutorial.py
[2024-06-16T12:46:34.632+0000] {processor.py:830} INFO - Processing file /home/airflow/.local/lib/python3.12/site-packages/airflow/example_dags/example_params_ui_tutorial.py for tasks to queue
[2024-06-16T12:46:34.648+0000] {logging_mixin.py:188} INFO - [2024-06-16T12:46:34.648+0000] {dagbag.py:545} INFO - Filling up the DagBag from /home/airflow/.local/lib/python3.12/site-packages/airflow/example_dags/example_params_ui_tutorial.py
[2024-06-16T12:46:34.768+0000] {processor.py:840} INFO - DAG(s) 'example_params_ui_tutorial' retrieved from /home/airflow/.local/lib/python3.12/site-packages/airflow/example_dags/example_params_ui_tutorial.py
[2024-06-16T12:46:35.275+0000] {logging_mixin.py:188} INFO - [2024-06-16T12:46:35.273+0000] {dag.py:3096} INFO - Sync 1 DAGs
[2024-06-16T12:46:35.328+0000] {logging_mixin.py:188} INFO - [2024-06-16T12:46:35.328+0000] {dag.py:3954} INFO - Setting next_dagrun for example_params_ui_tutorial to None, run_after=None
[2024-06-16T12:46:35.375+0000] {processor.py:183} INFO - Processing /home/airflow/.local/lib/python3.12/site-packages/airflow/example_dags/example_params_ui_tutorial.py took 0.847 seconds
[2024-06-16T12:47:30.581+0000] {processor.py:161} INFO - Started process (PID=297) to work on /home/airflow/.local/lib/python3.12/site-packages/airflow/example_dags/example_params_ui_tutorial.py
[2024-06-16T12:47:30.589+0000] {processor.py:830} INFO - Processing file /home/airflow/.local/lib/python3.12/site-packages/airflow/example_dags/example_params_ui_tutorial.py for tasks to queue
[2024-06-16T12:47:30.601+0000] {logging_mixin.py:188} INFO - [2024-06-16T12:47:30.601+0000] {dagbag.py:545} INFO - Filling up the DagBag from /home/airflow/.local/lib/python3.12/site-packages/airflow/example_dags/example_params_ui_tutorial.py
[2024-06-16T12:47:30.637+0000] {processor.py:840} INFO - DAG(s) 'example_params_ui_tutorial' retrieved from /home/airflow/.local/lib/python3.12/site-packages/airflow/example_dags/example_params_ui_tutorial.py
[2024-06-16T12:47:30.833+0000] {logging_mixin.py:188} INFO - [2024-06-16T12:47:30.833+0000] {dag.py:3096} INFO - Sync 1 DAGs
[2024-06-16T12:47:30.878+0000] {logging_mixin.py:188} INFO - [2024-06-16T12:47:30.878+0000] {dag.py:3954} INFO - Setting next_dagrun for example_params_ui_tutorial to None, run_after=None
[2024-06-16T12:47:30.927+0000] {processor.py:183} INFO - Processing /home/airflow/.local/lib/python3.12/site-packages/airflow/example_dags/example_params_ui_tutorial.py took 0.365 seconds
[2024-06-16T12:48:01.211+0000] {processor.py:161} INFO - Started process (PID=356) to work on /home/airflow/.local/lib/python3.12/site-packages/airflow/example_dags/example_params_ui_tutorial.py
[2024-06-16T12:48:01.212+0000] {processor.py:830} INFO - Processing file /home/airflow/.local/lib/python3.12/site-packages/airflow/example_dags/example_params_ui_tutorial.py for tasks to queue
[2024-06-16T12:48:01.214+0000] {logging_mixin.py:188} INFO - [2024-06-16T12:48:01.213+0000] {dagbag.py:545} INFO - Filling up the DagBag from /home/airflow/.local/lib/python3.12/site-packages/airflow/example_dags/example_params_ui_tutorial.py
[2024-06-16T12:48:01.229+0000] {processor.py:840} INFO - DAG(s) 'example_params_ui_tutorial' retrieved from /home/airflow/.local/lib/python3.12/site-packages/airflow/example_dags/example_params_ui_tutorial.py
[2024-06-16T12:48:01.332+0000] {logging_mixin.py:188} INFO - [2024-06-16T12:48:01.332+0000] {dag.py:3096} INFO - Sync 1 DAGs
[2024-06-16T12:48:01.358+0000] {logging_mixin.py:188} INFO - [2024-06-16T12:48:01.357+0000] {dag.py:3954} INFO - Setting next_dagrun for example_params_ui_tutorial to None, run_after=None
[2024-06-16T12:48:01.395+0000] {processor.py:183} INFO - Processing /home/airflow/.local/lib/python3.12/site-packages/airflow/example_dags/example_params_ui_tutorial.py took 0.193 seconds
[2024-06-16T12:48:36.665+0000] {processor.py:161} INFO - Started process (PID=415) to work on /home/airflow/.local/lib/python3.12/site-packages/airflow/example_dags/example_params_ui_tutorial.py
[2024-06-16T12:48:36.667+0000] {processor.py:830} INFO - Processing file /home/airflow/.local/lib/python3.12/site-packages/airflow/example_dags/example_params_ui_tutorial.py for tasks to queue
[2024-06-16T12:48:36.673+0000] {logging_mixin.py:188} INFO - [2024-06-16T12:48:36.672+0000] {dagbag.py:545} INFO - Filling up the DagBag from /home/airflow/.local/lib/python3.12/site-packages/airflow/example_dags/example_params_ui_tutorial.py
[2024-06-16T12:48:36.713+0000] {processor.py:840} INFO - DAG(s) 'example_params_ui_tutorial' retrieved from /home/airflow/.local/lib/python3.12/site-packages/airflow/example_dags/example_params_ui_tutorial.py
[2024-06-16T12:48:36.955+0000] {logging_mixin.py:188} INFO - [2024-06-16T12:48:36.955+0000] {dag.py:3096} INFO - Sync 1 DAGs
[2024-06-16T12:48:37.005+0000] {logging_mixin.py:188} INFO - [2024-06-16T12:48:37.004+0000] {dag.py:3954} INFO - Setting next_dagrun for example_params_ui_tutorial to None, run_after=None
[2024-06-16T12:48:37.070+0000] {processor.py:183} INFO - Processing /home/airflow/.local/lib/python3.12/site-packages/airflow/example_dags/example_params_ui_tutorial.py took 0.421 seconds
[2024-06-16T12:49:13.288+0000] {processor.py:161} INFO - Started process (PID=474) to work on /home/airflow/.local/lib/python3.12/site-packages/airflow/example_dags/example_params_ui_tutorial.py
[2024-06-16T12:49:13.289+0000] {processor.py:830} INFO - Processing file /home/airflow/.local/lib/python3.12/site-packages/airflow/example_dags/example_params_ui_tutorial.py for tasks to queue
[2024-06-16T12:49:13.292+0000] {logging_mixin.py:188} INFO - [2024-06-16T12:49:13.291+0000] {dagbag.py:545} INFO - Filling up the DagBag from /home/airflow/.local/lib/python3.12/site-packages/airflow/example_dags/example_params_ui_tutorial.py
[2024-06-16T12:49:13.314+0000] {processor.py:840} INFO - DAG(s) 'example_params_ui_tutorial' retrieved from /home/airflow/.local/lib/python3.12/site-packages/airflow/example_dags/example_params_ui_tutorial.py
[2024-06-16T12:49:13.587+0000] {logging_mixin.py:188} INFO - [2024-06-16T12:49:13.586+0000] {dag.py:3096} INFO - Sync 1 DAGs
[2024-06-16T12:49:13.626+0000] {logging_mixin.py:188} INFO - [2024-06-16T12:49:13.626+0000] {dag.py:3954} INFO - Setting next_dagrun for example_params_ui_tutorial to None, run_after=None
[2024-06-16T12:49:13.774+0000] {processor.py:183} INFO - Processing /home/airflow/.local/lib/python3.12/site-packages/airflow/example_dags/example_params_ui_tutorial.py took 0.496 seconds
[2024-06-16T12:49:58.178+0000] {processor.py:161} INFO - Started process (PID=519) to work on /home/airflow/.local/lib/python3.12/site-packages/airflow/example_dags/example_params_ui_tutorial.py
[2024-06-16T12:49:58.194+0000] {processor.py:830} INFO - Processing file /home/airflow/.local/lib/python3.12/site-packages/airflow/example_dags/example_params_ui_tutorial.py for tasks to queue
[2024-06-16T12:49:58.434+0000] {logging_mixin.py:188} INFO - [2024-06-16T12:49:58.432+0000] {dagbag.py:545} INFO - Filling up the DagBag from /home/airflow/.local/lib/python3.12/site-packages/airflow/example_dags/example_params_ui_tutorial.py
[2024-06-16T12:49:58.594+0000] {processor.py:840} INFO - DAG(s) 'example_params_ui_tutorial' retrieved from /home/airflow/.local/lib/python3.12/site-packages/airflow/example_dags/example_params_ui_tutorial.py
[2024-06-16T12:49:59.523+0000] {logging_mixin.py:188} INFO - [2024-06-16T12:49:59.517+0000] {dag.py:3096} INFO - Sync 1 DAGs
[2024-06-16T12:49:59.671+0000] {logging_mixin.py:188} INFO - [2024-06-16T12:49:59.670+0000] {dag.py:3954} INFO - Setting next_dagrun for example_params_ui_tutorial to None, run_after=None
[2024-06-16T12:49:59.744+0000] {processor.py:183} INFO - Processing /home/airflow/.local/lib/python3.12/site-packages/airflow/example_dags/example_params_ui_tutorial.py took 1.793 seconds
[2024-06-16T12:50:51.485+0000] {processor.py:161} INFO - Started process (PID=578) to work on /home/airflow/.local/lib/python3.12/site-packages/airflow/example_dags/example_params_ui_tutorial.py
[2024-06-16T12:50:51.486+0000] {processor.py:830} INFO - Processing file /home/airflow/.local/lib/python3.12/site-packages/airflow/example_dags/example_params_ui_tutorial.py for tasks to queue
[2024-06-16T12:50:51.489+0000] {logging_mixin.py:188} INFO - [2024-06-16T12:50:51.488+0000] {dagbag.py:545} INFO - Filling up the DagBag from /home/airflow/.local/lib/python3.12/site-packages/airflow/example_dags/example_params_ui_tutorial.py
[2024-06-16T12:50:51.512+0000] {processor.py:840} INFO - DAG(s) 'example_params_ui_tutorial' retrieved from /home/airflow/.local/lib/python3.12/site-packages/airflow/example_dags/example_params_ui_tutorial.py
[2024-06-16T12:50:51.664+0000] {logging_mixin.py:188} INFO - [2024-06-16T12:50:51.664+0000] {dag.py:3096} INFO - Sync 1 DAGs
[2024-06-16T12:50:51.690+0000] {logging_mixin.py:188} INFO - [2024-06-16T12:50:51.689+0000] {dag.py:3954} INFO - Setting next_dagrun for example_params_ui_tutorial to None, run_after=None
[2024-06-16T12:50:51.740+0000] {processor.py:183} INFO - Processing /home/airflow/.local/lib/python3.12/site-packages/airflow/example_dags/example_params_ui_tutorial.py took 0.265 seconds
[2024-06-16T12:51:23.392+0000] {processor.py:161} INFO - Started process (PID=637) to work on /home/airflow/.local/lib/python3.12/site-packages/airflow/example_dags/example_params_ui_tutorial.py
[2024-06-16T12:51:23.394+0000] {processor.py:830} INFO - Processing file /home/airflow/.local/lib/python3.12/site-packages/airflow/example_dags/example_params_ui_tutorial.py for tasks to queue
[2024-06-16T12:51:23.408+0000] {logging_mixin.py:188} INFO - [2024-06-16T12:51:23.408+0000] {dagbag.py:545} INFO - Filling up the DagBag from /home/airflow/.local/lib/python3.12/site-packages/airflow/example_dags/example_params_ui_tutorial.py
[2024-06-16T12:51:23.467+0000] {processor.py:840} INFO - DAG(s) 'example_params_ui_tutorial' retrieved from /home/airflow/.local/lib/python3.12/site-packages/airflow/example_dags/example_params_ui_tutorial.py
[2024-06-16T12:51:23.666+0000] {logging_mixin.py:188} INFO - [2024-06-16T12:51:23.665+0000] {dag.py:3096} INFO - Sync 1 DAGs
[2024-06-16T12:51:23.699+0000] {logging_mixin.py:188} INFO - [2024-06-16T12:51:23.699+0000] {dag.py:3954} INFO - Setting next_dagrun for example_params_ui_tutorial to None, run_after=None
[2024-06-16T12:51:23.748+0000] {processor.py:183} INFO - Processing /home/airflow/.local/lib/python3.12/site-packages/airflow/example_dags/example_params_ui_tutorial.py took 0.405 seconds
[2024-06-16T12:51:54.166+0000] {processor.py:161} INFO - Started process (PID=696) to work on /home/airflow/.local/lib/python3.12/site-packages/airflow/example_dags/example_params_ui_tutorial.py
[2024-06-16T12:51:54.167+0000] {processor.py:830} INFO - Processing file /home/airflow/.local/lib/python3.12/site-packages/airflow/example_dags/example_params_ui_tutorial.py for tasks to queue
[2024-06-16T12:51:54.170+0000] {logging_mixin.py:188} INFO - [2024-06-16T12:51:54.169+0000] {dagbag.py:545} INFO - Filling up the DagBag from /home/airflow/.local/lib/python3.12/site-packages/airflow/example_dags/example_params_ui_tutorial.py
[2024-06-16T12:51:54.195+0000] {processor.py:840} INFO - DAG(s) 'example_params_ui_tutorial' retrieved from /home/airflow/.local/lib/python3.12/site-packages/airflow/example_dags/example_params_ui_tutorial.py
[2024-06-16T12:51:54.362+0000] {logging_mixin.py:188} INFO - [2024-06-16T12:51:54.361+0000] {dag.py:3096} INFO - Sync 1 DAGs
[2024-06-16T12:51:54.398+0000] {logging_mixin.py:188} INFO - [2024-06-16T12:51:54.398+0000] {dag.py:3954} INFO - Setting next_dagrun for example_params_ui_tutorial to None, run_after=None
[2024-06-16T12:51:54.443+0000] {processor.py:183} INFO - Processing /home/airflow/.local/lib/python3.12/site-packages/airflow/example_dags/example_params_ui_tutorial.py took 0.288 seconds
[2024-06-16T12:52:24.527+0000] {processor.py:161} INFO - Started process (PID=755) to work on /home/airflow/.local/lib/python3.12/site-packages/airflow/example_dags/example_params_ui_tutorial.py
[2024-06-16T12:52:24.528+0000] {processor.py:830} INFO - Processing file /home/airflow/.local/lib/python3.12/site-packages/airflow/example_dags/example_params_ui_tutorial.py for tasks to queue
[2024-06-16T12:52:24.530+0000] {logging_mixin.py:188} INFO - [2024-06-16T12:52:24.529+0000] {dagbag.py:545} INFO - Filling up the DagBag from /home/airflow/.local/lib/python3.12/site-packages/airflow/example_dags/example_params_ui_tutorial.py
[2024-06-16T12:52:24.551+0000] {processor.py:840} INFO - DAG(s) 'example_params_ui_tutorial' retrieved from /home/airflow/.local/lib/python3.12/site-packages/airflow/example_dags/example_params_ui_tutorial.py
[2024-06-16T12:52:24.677+0000] {logging_mixin.py:188} INFO - [2024-06-16T12:52:24.677+0000] {dag.py:3096} INFO - Sync 1 DAGs
[2024-06-16T12:52:24.705+0000] {logging_mixin.py:188} INFO - [2024-06-16T12:52:24.704+0000] {dag.py:3954} INFO - Setting next_dagrun for example_params_ui_tutorial to None, run_after=None
[2024-06-16T12:52:24.735+0000] {processor.py:183} INFO - Processing /home/airflow/.local/lib/python3.12/site-packages/airflow/example_dags/example_params_ui_tutorial.py took 0.216 seconds
[2024-06-16T12:52:54.802+0000] {processor.py:161} INFO - Started process (PID=815) to work on /home/airflow/.local/lib/python3.12/site-packages/airflow/example_dags/example_params_ui_tutorial.py
[2024-06-16T12:52:54.803+0000] {processor.py:830} INFO - Processing file /home/airflow/.local/lib/python3.12/site-packages/airflow/example_dags/example_params_ui_tutorial.py for tasks to queue
[2024-06-16T12:52:54.806+0000] {logging_mixin.py:188} INFO - [2024-06-16T12:52:54.805+0000] {dagbag.py:545} INFO - Filling up the DagBag from /home/airflow/.local/lib/python3.12/site-packages/airflow/example_dags/example_params_ui_tutorial.py
[2024-06-16T12:52:54.822+0000] {processor.py:840} INFO - DAG(s) 'example_params_ui_tutorial' retrieved from /home/airflow/.local/lib/python3.12/site-packages/airflow/example_dags/example_params_ui_tutorial.py
[2024-06-16T12:52:54.915+0000] {logging_mixin.py:188} INFO - [2024-06-16T12:52:54.914+0000] {dag.py:3096} INFO - Sync 1 DAGs
[2024-06-16T12:52:54.933+0000] {logging_mixin.py:188} INFO - [2024-06-16T12:52:54.933+0000] {dag.py:3954} INFO - Setting next_dagrun for example_params_ui_tutorial to None, run_after=None
[2024-06-16T12:52:54.960+0000] {processor.py:183} INFO - Processing /home/airflow/.local/lib/python3.12/site-packages/airflow/example_dags/example_params_ui_tutorial.py took 0.166 seconds
[2024-06-16T12:53:25.343+0000] {processor.py:161} INFO - Started process (PID=873) to work on /home/airflow/.local/lib/python3.12/site-packages/airflow/example_dags/example_params_ui_tutorial.py
[2024-06-16T12:53:25.344+0000] {processor.py:830} INFO - Processing file /home/airflow/.local/lib/python3.12/site-packages/airflow/example_dags/example_params_ui_tutorial.py for tasks to queue
[2024-06-16T12:53:25.345+0000] {logging_mixin.py:188} INFO - [2024-06-16T12:53:25.345+0000] {dagbag.py:545} INFO - Filling up the DagBag from /home/airflow/.local/lib/python3.12/site-packages/airflow/example_dags/example_params_ui_tutorial.py
[2024-06-16T12:53:25.362+0000] {processor.py:840} INFO - DAG(s) 'example_params_ui_tutorial' retrieved from /home/airflow/.local/lib/python3.12/site-packages/airflow/example_dags/example_params_ui_tutorial.py
[2024-06-16T12:53:25.452+0000] {logging_mixin.py:188} INFO - [2024-06-16T12:53:25.452+0000] {dag.py:3096} INFO - Sync 1 DAGs
[2024-06-16T12:53:25.471+0000] {logging_mixin.py:188} INFO - [2024-06-16T12:53:25.470+0000] {dag.py:3954} INFO - Setting next_dagrun for example_params_ui_tutorial to None, run_after=None
[2024-06-16T12:53:25.504+0000] {processor.py:183} INFO - Processing /home/airflow/.local/lib/python3.12/site-packages/airflow/example_dags/example_params_ui_tutorial.py took 0.171 seconds
[2024-06-16T12:53:55.723+0000] {processor.py:161} INFO - Started process (PID=932) to work on /home/airflow/.local/lib/python3.12/site-packages/airflow/example_dags/example_params_ui_tutorial.py
[2024-06-16T12:53:55.725+0000] {processor.py:830} INFO - Processing file /home/airflow/.local/lib/python3.12/site-packages/airflow/example_dags/example_params_ui_tutorial.py for tasks to queue
[2024-06-16T12:53:55.726+0000] {logging_mixin.py:188} INFO - [2024-06-16T12:53:55.725+0000] {dagbag.py:545} INFO - Filling up the DagBag from /home/airflow/.local/lib/python3.12/site-packages/airflow/example_dags/example_params_ui_tutorial.py
[2024-06-16T12:53:55.743+0000] {processor.py:840} INFO - DAG(s) 'example_params_ui_tutorial' retrieved from /home/airflow/.local/lib/python3.12/site-packages/airflow/example_dags/example_params_ui_tutorial.py
[2024-06-16T12:53:55.824+0000] {logging_mixin.py:188} INFO - [2024-06-16T12:53:55.824+0000] {dag.py:3096} INFO - Sync 1 DAGs
[2024-06-16T12:53:55.842+0000] {logging_mixin.py:188} INFO - [2024-06-16T12:53:55.842+0000] {dag.py:3954} INFO - Setting next_dagrun for example_params_ui_tutorial to None, run_after=None
[2024-06-16T12:53:55.870+0000] {processor.py:183} INFO - Processing /home/airflow/.local/lib/python3.12/site-packages/airflow/example_dags/example_params_ui_tutorial.py took 0.156 seconds
[2024-06-16T12:54:26.163+0000] {processor.py:161} INFO - Started process (PID=991) to work on /home/airflow/.local/lib/python3.12/site-packages/airflow/example_dags/example_params_ui_tutorial.py
[2024-06-16T12:54:26.164+0000] {processor.py:830} INFO - Processing file /home/airflow/.local/lib/python3.12/site-packages/airflow/example_dags/example_params_ui_tutorial.py for tasks to queue
[2024-06-16T12:54:26.166+0000] {logging_mixin.py:188} INFO - [2024-06-16T12:54:26.165+0000] {dagbag.py:545} INFO - Filling up the DagBag from /home/airflow/.local/lib/python3.12/site-packages/airflow/example_dags/example_params_ui_tutorial.py
[2024-06-16T12:54:26.188+0000] {processor.py:840} INFO - DAG(s) 'example_params_ui_tutorial' retrieved from /home/airflow/.local/lib/python3.12/site-packages/airflow/example_dags/example_params_ui_tutorial.py
[2024-06-16T12:54:26.318+0000] {logging_mixin.py:188} INFO - [2024-06-16T12:54:26.318+0000] {dag.py:3096} INFO - Sync 1 DAGs
[2024-06-16T12:54:26.351+0000] {logging_mixin.py:188} INFO - [2024-06-16T12:54:26.351+0000] {dag.py:3954} INFO - Setting next_dagrun for example_params_ui_tutorial to None, run_after=None
[2024-06-16T12:54:26.399+0000] {processor.py:183} INFO - Processing /home/airflow/.local/lib/python3.12/site-packages/airflow/example_dags/example_params_ui_tutorial.py took 0.245 seconds
[2024-06-16T12:54:57.260+0000] {processor.py:161} INFO - Started process (PID=1050) to work on /home/airflow/.local/lib/python3.12/site-packages/airflow/example_dags/example_params_ui_tutorial.py
[2024-06-16T12:54:57.261+0000] {processor.py:830} INFO - Processing file /home/airflow/.local/lib/python3.12/site-packages/airflow/example_dags/example_params_ui_tutorial.py for tasks to queue
[2024-06-16T12:54:57.263+0000] {logging_mixin.py:188} INFO - [2024-06-16T12:54:57.262+0000] {dagbag.py:545} INFO - Filling up the DagBag from /home/airflow/.local/lib/python3.12/site-packages/airflow/example_dags/example_params_ui_tutorial.py
[2024-06-16T12:54:57.278+0000] {processor.py:840} INFO - DAG(s) 'example_params_ui_tutorial' retrieved from /home/airflow/.local/lib/python3.12/site-packages/airflow/example_dags/example_params_ui_tutorial.py
[2024-06-16T12:54:57.358+0000] {logging_mixin.py:188} INFO - [2024-06-16T12:54:57.358+0000] {dag.py:3096} INFO - Sync 1 DAGs
[2024-06-16T12:54:57.375+0000] {logging_mixin.py:188} INFO - [2024-06-16T12:54:57.375+0000] {dag.py:3954} INFO - Setting next_dagrun for example_params_ui_tutorial to None, run_after=None
[2024-06-16T12:54:57.400+0000] {processor.py:183} INFO - Processing /home/airflow/.local/lib/python3.12/site-packages/airflow/example_dags/example_params_ui_tutorial.py took 0.148 seconds
[2024-06-16T12:55:27.477+0000] {processor.py:161} INFO - Started process (PID=1108) to work on /home/airflow/.local/lib/python3.12/site-packages/airflow/example_dags/example_params_ui_tutorial.py
[2024-06-16T12:55:27.478+0000] {processor.py:830} INFO - Processing file /home/airflow/.local/lib/python3.12/site-packages/airflow/example_dags/example_params_ui_tutorial.py for tasks to queue
[2024-06-16T12:55:27.479+0000] {logging_mixin.py:188} INFO - [2024-06-16T12:55:27.479+0000] {dagbag.py:545} INFO - Filling up the DagBag from /home/airflow/.local/lib/python3.12/site-packages/airflow/example_dags/example_params_ui_tutorial.py
[2024-06-16T12:55:27.496+0000] {processor.py:840} INFO - DAG(s) 'example_params_ui_tutorial' retrieved from /home/airflow/.local/lib/python3.12/site-packages/airflow/example_dags/example_params_ui_tutorial.py
[2024-06-16T12:55:27.577+0000] {logging_mixin.py:188} INFO - [2024-06-16T12:55:27.576+0000] {dag.py:3096} INFO - Sync 1 DAGs
[2024-06-16T12:55:27.595+0000] {logging_mixin.py:188} INFO - [2024-06-16T12:55:27.594+0000] {dag.py:3954} INFO - Setting next_dagrun for example_params_ui_tutorial to None, run_after=None
[2024-06-16T12:55:27.620+0000] {processor.py:183} INFO - Processing /home/airflow/.local/lib/python3.12/site-packages/airflow/example_dags/example_params_ui_tutorial.py took 0.151 seconds
[2024-06-16T12:55:57.691+0000] {processor.py:161} INFO - Started process (PID=1166) to work on /home/airflow/.local/lib/python3.12/site-packages/airflow/example_dags/example_params_ui_tutorial.py
[2024-06-16T12:55:57.692+0000] {processor.py:830} INFO - Processing file /home/airflow/.local/lib/python3.12/site-packages/airflow/example_dags/example_params_ui_tutorial.py for tasks to queue
[2024-06-16T12:55:57.694+0000] {logging_mixin.py:188} INFO - [2024-06-16T12:55:57.693+0000] {dagbag.py:545} INFO - Filling up the DagBag from /home/airflow/.local/lib/python3.12/site-packages/airflow/example_dags/example_params_ui_tutorial.py
[2024-06-16T12:55:57.717+0000] {processor.py:840} INFO - DAG(s) 'example_params_ui_tutorial' retrieved from /home/airflow/.local/lib/python3.12/site-packages/airflow/example_dags/example_params_ui_tutorial.py
[2024-06-16T12:55:57.819+0000] {logging_mixin.py:188} INFO - [2024-06-16T12:55:57.819+0000] {dag.py:3096} INFO - Sync 1 DAGs
[2024-06-16T12:55:57.842+0000] {logging_mixin.py:188} INFO - [2024-06-16T12:55:57.842+0000] {dag.py:3954} INFO - Setting next_dagrun for example_params_ui_tutorial to None, run_after=None
[2024-06-16T12:55:57.880+0000] {processor.py:183} INFO - Processing /home/airflow/.local/lib/python3.12/site-packages/airflow/example_dags/example_params_ui_tutorial.py took 0.201 seconds
[2024-06-16T12:56:28.060+0000] {processor.py:161} INFO - Started process (PID=1225) to work on /home/airflow/.local/lib/python3.12/site-packages/airflow/example_dags/example_params_ui_tutorial.py
[2024-06-16T12:56:28.061+0000] {processor.py:830} INFO - Processing file /home/airflow/.local/lib/python3.12/site-packages/airflow/example_dags/example_params_ui_tutorial.py for tasks to queue
[2024-06-16T12:56:28.063+0000] {logging_mixin.py:188} INFO - [2024-06-16T12:56:28.062+0000] {dagbag.py:545} INFO - Filling up the DagBag from /home/airflow/.local/lib/python3.12/site-packages/airflow/example_dags/example_params_ui_tutorial.py
[2024-06-16T12:56:28.082+0000] {processor.py:840} INFO - DAG(s) 'example_params_ui_tutorial' retrieved from /home/airflow/.local/lib/python3.12/site-packages/airflow/example_dags/example_params_ui_tutorial.py
[2024-06-16T12:56:28.178+0000] {logging_mixin.py:188} INFO - [2024-06-16T12:56:28.178+0000] {dag.py:3096} INFO - Sync 1 DAGs
[2024-06-16T12:56:28.197+0000] {logging_mixin.py:188} INFO - [2024-06-16T12:56:28.197+0000] {dag.py:3954} INFO - Setting next_dagrun for example_params_ui_tutorial to None, run_after=None
[2024-06-16T12:56:28.225+0000] {processor.py:183} INFO - Processing /home/airflow/.local/lib/python3.12/site-packages/airflow/example_dags/example_params_ui_tutorial.py took 0.175 seconds
[2024-06-16T12:56:58.966+0000] {processor.py:161} INFO - Started process (PID=1282) to work on /home/airflow/.local/lib/python3.12/site-packages/airflow/example_dags/example_params_ui_tutorial.py
[2024-06-16T12:56:58.967+0000] {processor.py:830} INFO - Processing file /home/airflow/.local/lib/python3.12/site-packages/airflow/example_dags/example_params_ui_tutorial.py for tasks to queue
[2024-06-16T12:56:58.969+0000] {logging_mixin.py:188} INFO - [2024-06-16T12:56:58.968+0000] {dagbag.py:545} INFO - Filling up the DagBag from /home/airflow/.local/lib/python3.12/site-packages/airflow/example_dags/example_params_ui_tutorial.py
[2024-06-16T12:56:58.986+0000] {processor.py:840} INFO - DAG(s) 'example_params_ui_tutorial' retrieved from /home/airflow/.local/lib/python3.12/site-packages/airflow/example_dags/example_params_ui_tutorial.py
[2024-06-16T12:56:59.081+0000] {logging_mixin.py:188} INFO - [2024-06-16T12:56:59.081+0000] {dag.py:3096} INFO - Sync 1 DAGs
[2024-06-16T12:56:59.101+0000] {logging_mixin.py:188} INFO - [2024-06-16T12:56:59.101+0000] {dag.py:3954} INFO - Setting next_dagrun for example_params_ui_tutorial to None, run_after=None
[2024-06-16T12:56:59.132+0000] {processor.py:183} INFO - Processing /home/airflow/.local/lib/python3.12/site-packages/airflow/example_dags/example_params_ui_tutorial.py took 0.177 seconds
[2024-06-16T12:57:29.253+0000] {processor.py:161} INFO - Started process (PID=1340) to work on /home/airflow/.local/lib/python3.12/site-packages/airflow/example_dags/example_params_ui_tutorial.py
[2024-06-16T12:57:29.255+0000] {processor.py:830} INFO - Processing file /home/airflow/.local/lib/python3.12/site-packages/airflow/example_dags/example_params_ui_tutorial.py for tasks to queue
[2024-06-16T12:57:29.256+0000] {logging_mixin.py:188} INFO - [2024-06-16T12:57:29.255+0000] {dagbag.py:545} INFO - Filling up the DagBag from /home/airflow/.local/lib/python3.12/site-packages/airflow/example_dags/example_params_ui_tutorial.py
[2024-06-16T12:57:29.270+0000] {processor.py:840} INFO - DAG(s) 'example_params_ui_tutorial' retrieved from /home/airflow/.local/lib/python3.12/site-packages/airflow/example_dags/example_params_ui_tutorial.py
[2024-06-16T12:57:29.341+0000] {logging_mixin.py:188} INFO - [2024-06-16T12:57:29.341+0000] {dag.py:3096} INFO - Sync 1 DAGs
[2024-06-16T12:57:29.360+0000] {logging_mixin.py:188} INFO - [2024-06-16T12:57:29.359+0000] {dag.py:3954} INFO - Setting next_dagrun for example_params_ui_tutorial to None, run_after=None
[2024-06-16T12:57:29.385+0000] {processor.py:183} INFO - Processing /home/airflow/.local/lib/python3.12/site-packages/airflow/example_dags/example_params_ui_tutorial.py took 0.142 seconds
[2024-06-16T12:57:59.718+0000] {processor.py:161} INFO - Started process (PID=1399) to work on /home/airflow/.local/lib/python3.12/site-packages/airflow/example_dags/example_params_ui_tutorial.py
[2024-06-16T12:57:59.719+0000] {processor.py:830} INFO - Processing file /home/airflow/.local/lib/python3.12/site-packages/airflow/example_dags/example_params_ui_tutorial.py for tasks to queue
[2024-06-16T12:57:59.721+0000] {logging_mixin.py:188} INFO - [2024-06-16T12:57:59.720+0000] {dagbag.py:545} INFO - Filling up the DagBag from /home/airflow/.local/lib/python3.12/site-packages/airflow/example_dags/example_params_ui_tutorial.py
[2024-06-16T12:57:59.750+0000] {processor.py:840} INFO - DAG(s) 'example_params_ui_tutorial' retrieved from /home/airflow/.local/lib/python3.12/site-packages/airflow/example_dags/example_params_ui_tutorial.py
[2024-06-16T12:57:59.901+0000] {logging_mixin.py:188} INFO - [2024-06-16T12:57:59.901+0000] {dag.py:3096} INFO - Sync 1 DAGs
[2024-06-16T12:57:59.933+0000] {logging_mixin.py:188} INFO - [2024-06-16T12:57:59.932+0000] {dag.py:3954} INFO - Setting next_dagrun for example_params_ui_tutorial to None, run_after=None
[2024-06-16T12:57:59.986+0000] {processor.py:183} INFO - Processing /home/airflow/.local/lib/python3.12/site-packages/airflow/example_dags/example_params_ui_tutorial.py took 0.288 seconds
[2024-06-16T12:58:30.856+0000] {processor.py:161} INFO - Started process (PID=1457) to work on /home/airflow/.local/lib/python3.12/site-packages/airflow/example_dags/example_params_ui_tutorial.py
[2024-06-16T12:58:30.866+0000] {processor.py:830} INFO - Processing file /home/airflow/.local/lib/python3.12/site-packages/airflow/example_dags/example_params_ui_tutorial.py for tasks to queue
[2024-06-16T12:58:30.867+0000] {logging_mixin.py:188} INFO - [2024-06-16T12:58:30.866+0000] {dagbag.py:545} INFO - Filling up the DagBag from /home/airflow/.local/lib/python3.12/site-packages/airflow/example_dags/example_params_ui_tutorial.py
[2024-06-16T12:58:30.880+0000] {processor.py:840} INFO - DAG(s) 'example_params_ui_tutorial' retrieved from /home/airflow/.local/lib/python3.12/site-packages/airflow/example_dags/example_params_ui_tutorial.py
[2024-06-16T12:58:30.952+0000] {logging_mixin.py:188} INFO - [2024-06-16T12:58:30.952+0000] {dag.py:3096} INFO - Sync 1 DAGs
[2024-06-16T12:58:30.973+0000] {logging_mixin.py:188} INFO - [2024-06-16T12:58:30.972+0000] {dag.py:3954} INFO - Setting next_dagrun for example_params_ui_tutorial to None, run_after=None
[2024-06-16T12:58:31.001+0000] {processor.py:183} INFO - Processing /home/airflow/.local/lib/python3.12/site-packages/airflow/example_dags/example_params_ui_tutorial.py took 0.151 seconds
[2024-06-16T12:59:01.736+0000] {processor.py:161} INFO - Started process (PID=1524) to work on /home/airflow/.local/lib/python3.12/site-packages/airflow/example_dags/example_params_ui_tutorial.py
[2024-06-16T12:59:01.737+0000] {processor.py:830} INFO - Processing file /home/airflow/.local/lib/python3.12/site-packages/airflow/example_dags/example_params_ui_tutorial.py for tasks to queue
[2024-06-16T12:59:01.737+0000] {logging_mixin.py:188} INFO - [2024-06-16T12:59:01.737+0000] {dagbag.py:545} INFO - Filling up the DagBag from /home/airflow/.local/lib/python3.12/site-packages/airflow/example_dags/example_params_ui_tutorial.py
[2024-06-16T12:59:01.752+0000] {processor.py:840} INFO - DAG(s) 'example_params_ui_tutorial' retrieved from /home/airflow/.local/lib/python3.12/site-packages/airflow/example_dags/example_params_ui_tutorial.py
[2024-06-16T12:59:01.841+0000] {logging_mixin.py:188} INFO - [2024-06-16T12:59:01.841+0000] {dag.py:3096} INFO - Sync 1 DAGs
[2024-06-16T12:59:01.861+0000] {logging_mixin.py:188} INFO - [2024-06-16T12:59:01.861+0000] {dag.py:3954} INFO - Setting next_dagrun for example_params_ui_tutorial to None, run_after=None
[2024-06-16T12:59:01.886+0000] {processor.py:183} INFO - Processing /home/airflow/.local/lib/python3.12/site-packages/airflow/example_dags/example_params_ui_tutorial.py took 0.156 seconds
[2024-06-16T12:59:32.386+0000] {processor.py:161} INFO - Started process (PID=1587) to work on /home/airflow/.local/lib/python3.12/site-packages/airflow/example_dags/example_params_ui_tutorial.py
[2024-06-16T12:59:32.396+0000] {processor.py:830} INFO - Processing file /home/airflow/.local/lib/python3.12/site-packages/airflow/example_dags/example_params_ui_tutorial.py for tasks to queue
[2024-06-16T12:59:32.397+0000] {logging_mixin.py:188} INFO - [2024-06-16T12:59:32.397+0000] {dagbag.py:545} INFO - Filling up the DagBag from /home/airflow/.local/lib/python3.12/site-packages/airflow/example_dags/example_params_ui_tutorial.py
[2024-06-16T12:59:32.419+0000] {processor.py:840} INFO - DAG(s) 'example_params_ui_tutorial' retrieved from /home/airflow/.local/lib/python3.12/site-packages/airflow/example_dags/example_params_ui_tutorial.py
[2024-06-16T12:59:32.548+0000] {logging_mixin.py:188} INFO - [2024-06-16T12:59:32.548+0000] {dag.py:3096} INFO - Sync 1 DAGs
[2024-06-16T12:59:32.578+0000] {logging_mixin.py:188} INFO - [2024-06-16T12:59:32.578+0000] {dag.py:3954} INFO - Setting next_dagrun for example_params_ui_tutorial to None, run_after=None
[2024-06-16T12:59:32.613+0000] {processor.py:183} INFO - Processing /home/airflow/.local/lib/python3.12/site-packages/airflow/example_dags/example_params_ui_tutorial.py took 0.238 seconds
[2024-06-16T13:00:02.720+0000] {processor.py:161} INFO - Started process (PID=1647) to work on /home/airflow/.local/lib/python3.12/site-packages/airflow/example_dags/example_params_ui_tutorial.py
[2024-06-16T13:00:02.721+0000] {processor.py:830} INFO - Processing file /home/airflow/.local/lib/python3.12/site-packages/airflow/example_dags/example_params_ui_tutorial.py for tasks to queue
[2024-06-16T13:00:02.722+0000] {logging_mixin.py:188} INFO - [2024-06-16T13:00:02.721+0000] {dagbag.py:545} INFO - Filling up the DagBag from /home/airflow/.local/lib/python3.12/site-packages/airflow/example_dags/example_params_ui_tutorial.py
[2024-06-16T13:00:02.739+0000] {processor.py:840} INFO - DAG(s) 'example_params_ui_tutorial' retrieved from /home/airflow/.local/lib/python3.12/site-packages/airflow/example_dags/example_params_ui_tutorial.py
[2024-06-16T13:00:02.821+0000] {logging_mixin.py:188} INFO - [2024-06-16T13:00:02.820+0000] {dag.py:3096} INFO - Sync 1 DAGs
[2024-06-16T13:00:02.844+0000] {logging_mixin.py:188} INFO - [2024-06-16T13:00:02.844+0000] {dag.py:3954} INFO - Setting next_dagrun for example_params_ui_tutorial to None, run_after=None
[2024-06-16T13:00:02.875+0000] {processor.py:183} INFO - Processing /home/airflow/.local/lib/python3.12/site-packages/airflow/example_dags/example_params_ui_tutorial.py took 0.161 seconds
[2024-06-16T13:00:33.729+0000] {processor.py:161} INFO - Started process (PID=1713) to work on /home/airflow/.local/lib/python3.12/site-packages/airflow/example_dags/example_params_ui_tutorial.py
[2024-06-16T13:00:33.732+0000] {processor.py:830} INFO - Processing file /home/airflow/.local/lib/python3.12/site-packages/airflow/example_dags/example_params_ui_tutorial.py for tasks to queue
[2024-06-16T13:00:33.733+0000] {logging_mixin.py:188} INFO - [2024-06-16T13:00:33.733+0000] {dagbag.py:545} INFO - Filling up the DagBag from /home/airflow/.local/lib/python3.12/site-packages/airflow/example_dags/example_params_ui_tutorial.py
[2024-06-16T13:00:33.754+0000] {processor.py:840} INFO - DAG(s) 'example_params_ui_tutorial' retrieved from /home/airflow/.local/lib/python3.12/site-packages/airflow/example_dags/example_params_ui_tutorial.py
[2024-06-16T13:00:33.856+0000] {logging_mixin.py:188} INFO - [2024-06-16T13:00:33.856+0000] {dag.py:3096} INFO - Sync 1 DAGs
[2024-06-16T13:00:33.875+0000] {logging_mixin.py:188} INFO - [2024-06-16T13:00:33.874+0000] {dag.py:3954} INFO - Setting next_dagrun for example_params_ui_tutorial to None, run_after=None
[2024-06-16T13:00:33.907+0000] {processor.py:183} INFO - Processing /home/airflow/.local/lib/python3.12/site-packages/airflow/example_dags/example_params_ui_tutorial.py took 0.186 seconds
[2024-06-16T13:01:04.206+0000] {processor.py:161} INFO - Started process (PID=1772) to work on /home/airflow/.local/lib/python3.12/site-packages/airflow/example_dags/example_params_ui_tutorial.py
[2024-06-16T13:01:04.211+0000] {processor.py:830} INFO - Processing file /home/airflow/.local/lib/python3.12/site-packages/airflow/example_dags/example_params_ui_tutorial.py for tasks to queue
[2024-06-16T13:01:04.216+0000] {logging_mixin.py:188} INFO - [2024-06-16T13:01:04.216+0000] {dagbag.py:545} INFO - Filling up the DagBag from /home/airflow/.local/lib/python3.12/site-packages/airflow/example_dags/example_params_ui_tutorial.py
[2024-06-16T13:01:04.250+0000] {processor.py:840} INFO - DAG(s) 'example_params_ui_tutorial' retrieved from /home/airflow/.local/lib/python3.12/site-packages/airflow/example_dags/example_params_ui_tutorial.py
[2024-06-16T13:01:04.454+0000] {logging_mixin.py:188} INFO - [2024-06-16T13:01:04.454+0000] {dag.py:3096} INFO - Sync 1 DAGs
[2024-06-16T13:01:04.497+0000] {logging_mixin.py:188} INFO - [2024-06-16T13:01:04.497+0000] {dag.py:3954} INFO - Setting next_dagrun for example_params_ui_tutorial to None, run_after=None
[2024-06-16T13:01:04.560+0000] {processor.py:183} INFO - Processing /home/airflow/.local/lib/python3.12/site-packages/airflow/example_dags/example_params_ui_tutorial.py took 0.382 seconds
[2024-06-16T13:01:35.170+0000] {processor.py:161} INFO - Started process (PID=1831) to work on /home/airflow/.local/lib/python3.12/site-packages/airflow/example_dags/example_params_ui_tutorial.py
[2024-06-16T13:01:35.180+0000] {processor.py:830} INFO - Processing file /home/airflow/.local/lib/python3.12/site-packages/airflow/example_dags/example_params_ui_tutorial.py for tasks to queue
[2024-06-16T13:01:35.182+0000] {logging_mixin.py:188} INFO - [2024-06-16T13:01:35.181+0000] {dagbag.py:545} INFO - Filling up the DagBag from /home/airflow/.local/lib/python3.12/site-packages/airflow/example_dags/example_params_ui_tutorial.py
[2024-06-16T13:01:35.200+0000] {processor.py:840} INFO - DAG(s) 'example_params_ui_tutorial' retrieved from /home/airflow/.local/lib/python3.12/site-packages/airflow/example_dags/example_params_ui_tutorial.py
[2024-06-16T13:01:35.315+0000] {logging_mixin.py:188} INFO - [2024-06-16T13:01:35.314+0000] {dag.py:3096} INFO - Sync 1 DAGs
[2024-06-16T13:01:35.345+0000] {logging_mixin.py:188} INFO - [2024-06-16T13:01:35.345+0000] {dag.py:3954} INFO - Setting next_dagrun for example_params_ui_tutorial to None, run_after=None
[2024-06-16T13:01:35.381+0000] {processor.py:183} INFO - Processing /home/airflow/.local/lib/python3.12/site-packages/airflow/example_dags/example_params_ui_tutorial.py took 0.220 seconds
[2024-06-16T13:02:05.708+0000] {processor.py:161} INFO - Started process (PID=1890) to work on /home/airflow/.local/lib/python3.12/site-packages/airflow/example_dags/example_params_ui_tutorial.py
[2024-06-16T13:02:05.709+0000] {processor.py:830} INFO - Processing file /home/airflow/.local/lib/python3.12/site-packages/airflow/example_dags/example_params_ui_tutorial.py for tasks to queue
[2024-06-16T13:02:05.711+0000] {logging_mixin.py:188} INFO - [2024-06-16T13:02:05.710+0000] {dagbag.py:545} INFO - Filling up the DagBag from /home/airflow/.local/lib/python3.12/site-packages/airflow/example_dags/example_params_ui_tutorial.py
[2024-06-16T13:02:05.729+0000] {processor.py:840} INFO - DAG(s) 'example_params_ui_tutorial' retrieved from /home/airflow/.local/lib/python3.12/site-packages/airflow/example_dags/example_params_ui_tutorial.py
[2024-06-16T13:02:05.839+0000] {logging_mixin.py:188} INFO - [2024-06-16T13:02:05.839+0000] {dag.py:3096} INFO - Sync 1 DAGs
[2024-06-16T13:02:05.860+0000] {logging_mixin.py:188} INFO - [2024-06-16T13:02:05.860+0000] {dag.py:3954} INFO - Setting next_dagrun for example_params_ui_tutorial to None, run_after=None
[2024-06-16T13:02:05.885+0000] {processor.py:183} INFO - Processing /home/airflow/.local/lib/python3.12/site-packages/airflow/example_dags/example_params_ui_tutorial.py took 0.184 seconds
[2024-06-16T13:02:36.052+0000] {processor.py:161} INFO - Started process (PID=1949) to work on /home/airflow/.local/lib/python3.12/site-packages/airflow/example_dags/example_params_ui_tutorial.py
[2024-06-16T13:02:36.054+0000] {processor.py:830} INFO - Processing file /home/airflow/.local/lib/python3.12/site-packages/airflow/example_dags/example_params_ui_tutorial.py for tasks to queue
[2024-06-16T13:02:36.058+0000] {logging_mixin.py:188} INFO - [2024-06-16T13:02:36.057+0000] {dagbag.py:545} INFO - Filling up the DagBag from /home/airflow/.local/lib/python3.12/site-packages/airflow/example_dags/example_params_ui_tutorial.py
[2024-06-16T13:02:36.076+0000] {processor.py:840} INFO - DAG(s) 'example_params_ui_tutorial' retrieved from /home/airflow/.local/lib/python3.12/site-packages/airflow/example_dags/example_params_ui_tutorial.py
[2024-06-16T13:02:36.165+0000] {logging_mixin.py:188} INFO - [2024-06-16T13:02:36.165+0000] {dag.py:3096} INFO - Sync 1 DAGs
[2024-06-16T13:02:36.185+0000] {logging_mixin.py:188} INFO - [2024-06-16T13:02:36.185+0000] {dag.py:3954} INFO - Setting next_dagrun for example_params_ui_tutorial to None, run_after=None
[2024-06-16T13:02:36.214+0000] {processor.py:183} INFO - Processing /home/airflow/.local/lib/python3.12/site-packages/airflow/example_dags/example_params_ui_tutorial.py took 0.174 seconds
[2024-06-16T13:03:06.265+0000] {processor.py:161} INFO - Started process (PID=2008) to work on /home/airflow/.local/lib/python3.12/site-packages/airflow/example_dags/example_params_ui_tutorial.py
[2024-06-16T13:03:06.275+0000] {processor.py:830} INFO - Processing file /home/airflow/.local/lib/python3.12/site-packages/airflow/example_dags/example_params_ui_tutorial.py for tasks to queue
[2024-06-16T13:03:06.276+0000] {logging_mixin.py:188} INFO - [2024-06-16T13:03:06.276+0000] {dagbag.py:545} INFO - Filling up the DagBag from /home/airflow/.local/lib/python3.12/site-packages/airflow/example_dags/example_params_ui_tutorial.py
[2024-06-16T13:03:06.293+0000] {processor.py:840} INFO - DAG(s) 'example_params_ui_tutorial' retrieved from /home/airflow/.local/lib/python3.12/site-packages/airflow/example_dags/example_params_ui_tutorial.py
[2024-06-16T13:03:06.416+0000] {logging_mixin.py:188} INFO - [2024-06-16T13:03:06.416+0000] {dag.py:3096} INFO - Sync 1 DAGs
[2024-06-16T13:03:06.442+0000] {logging_mixin.py:188} INFO - [2024-06-16T13:03:06.441+0000] {dag.py:3954} INFO - Setting next_dagrun for example_params_ui_tutorial to None, run_after=None
[2024-06-16T13:03:06.476+0000] {processor.py:183} INFO - Processing /home/airflow/.local/lib/python3.12/site-packages/airflow/example_dags/example_params_ui_tutorial.py took 0.222 seconds
[2024-06-16T13:03:36.983+0000] {processor.py:161} INFO - Started process (PID=2067) to work on /home/airflow/.local/lib/python3.12/site-packages/airflow/example_dags/example_params_ui_tutorial.py
[2024-06-16T13:03:36.984+0000] {processor.py:830} INFO - Processing file /home/airflow/.local/lib/python3.12/site-packages/airflow/example_dags/example_params_ui_tutorial.py for tasks to queue
[2024-06-16T13:03:36.985+0000] {logging_mixin.py:188} INFO - [2024-06-16T13:03:36.985+0000] {dagbag.py:545} INFO - Filling up the DagBag from /home/airflow/.local/lib/python3.12/site-packages/airflow/example_dags/example_params_ui_tutorial.py
[2024-06-16T13:03:36.999+0000] {processor.py:840} INFO - DAG(s) 'example_params_ui_tutorial' retrieved from /home/airflow/.local/lib/python3.12/site-packages/airflow/example_dags/example_params_ui_tutorial.py
[2024-06-16T13:03:37.087+0000] {logging_mixin.py:188} INFO - [2024-06-16T13:03:37.087+0000] {dag.py:3096} INFO - Sync 1 DAGs
[2024-06-16T13:03:37.108+0000] {logging_mixin.py:188} INFO - [2024-06-16T13:03:37.108+0000] {dag.py:3954} INFO - Setting next_dagrun for example_params_ui_tutorial to None, run_after=None
[2024-06-16T13:03:37.132+0000] {processor.py:183} INFO - Processing /home/airflow/.local/lib/python3.12/site-packages/airflow/example_dags/example_params_ui_tutorial.py took 0.156 seconds
[2024-06-16T13:04:07.965+0000] {processor.py:161} INFO - Started process (PID=2129) to work on /home/airflow/.local/lib/python3.12/site-packages/airflow/example_dags/example_params_ui_tutorial.py
[2024-06-16T13:04:07.966+0000] {processor.py:830} INFO - Processing file /home/airflow/.local/lib/python3.12/site-packages/airflow/example_dags/example_params_ui_tutorial.py for tasks to queue
[2024-06-16T13:04:07.967+0000] {logging_mixin.py:188} INFO - [2024-06-16T13:04:07.967+0000] {dagbag.py:545} INFO - Filling up the DagBag from /home/airflow/.local/lib/python3.12/site-packages/airflow/example_dags/example_params_ui_tutorial.py
[2024-06-16T13:04:07.985+0000] {processor.py:840} INFO - DAG(s) 'example_params_ui_tutorial' retrieved from /home/airflow/.local/lib/python3.12/site-packages/airflow/example_dags/example_params_ui_tutorial.py
[2024-06-16T13:04:08.072+0000] {logging_mixin.py:188} INFO - [2024-06-16T13:04:08.072+0000] {dag.py:3096} INFO - Sync 1 DAGs
[2024-06-16T13:04:08.090+0000] {logging_mixin.py:188} INFO - [2024-06-16T13:04:08.090+0000] {dag.py:3954} INFO - Setting next_dagrun for example_params_ui_tutorial to None, run_after=None
[2024-06-16T13:04:08.123+0000] {processor.py:183} INFO - Processing /home/airflow/.local/lib/python3.12/site-packages/airflow/example_dags/example_params_ui_tutorial.py took 0.166 seconds
[2024-06-16T13:04:38.867+0000] {processor.py:161} INFO - Started process (PID=2188) to work on /home/airflow/.local/lib/python3.12/site-packages/airflow/example_dags/example_params_ui_tutorial.py
[2024-06-16T13:04:38.877+0000] {processor.py:830} INFO - Processing file /home/airflow/.local/lib/python3.12/site-packages/airflow/example_dags/example_params_ui_tutorial.py for tasks to queue
[2024-06-16T13:04:38.877+0000] {logging_mixin.py:188} INFO - [2024-06-16T13:04:38.877+0000] {dagbag.py:545} INFO - Filling up the DagBag from /home/airflow/.local/lib/python3.12/site-packages/airflow/example_dags/example_params_ui_tutorial.py
[2024-06-16T13:04:38.891+0000] {processor.py:840} INFO - DAG(s) 'example_params_ui_tutorial' retrieved from /home/airflow/.local/lib/python3.12/site-packages/airflow/example_dags/example_params_ui_tutorial.py
[2024-06-16T13:04:38.982+0000] {logging_mixin.py:188} INFO - [2024-06-16T13:04:38.981+0000] {dag.py:3096} INFO - Sync 1 DAGs
[2024-06-16T13:04:39.001+0000] {logging_mixin.py:188} INFO - [2024-06-16T13:04:39.001+0000] {dag.py:3954} INFO - Setting next_dagrun for example_params_ui_tutorial to None, run_after=None
[2024-06-16T13:04:39.032+0000] {processor.py:183} INFO - Processing /home/airflow/.local/lib/python3.12/site-packages/airflow/example_dags/example_params_ui_tutorial.py took 0.171 seconds
[2024-06-16T13:05:09.257+0000] {processor.py:161} INFO - Started process (PID=2248) to work on /home/airflow/.local/lib/python3.12/site-packages/airflow/example_dags/example_params_ui_tutorial.py
[2024-06-16T13:05:09.268+0000] {processor.py:830} INFO - Processing file /home/airflow/.local/lib/python3.12/site-packages/airflow/example_dags/example_params_ui_tutorial.py for tasks to queue
[2024-06-16T13:05:09.270+0000] {logging_mixin.py:188} INFO - [2024-06-16T13:05:09.269+0000] {dagbag.py:545} INFO - Filling up the DagBag from /home/airflow/.local/lib/python3.12/site-packages/airflow/example_dags/example_params_ui_tutorial.py
[2024-06-16T13:05:09.307+0000] {processor.py:840} INFO - DAG(s) 'example_params_ui_tutorial' retrieved from /home/airflow/.local/lib/python3.12/site-packages/airflow/example_dags/example_params_ui_tutorial.py
[2024-06-16T13:05:09.427+0000] {logging_mixin.py:188} INFO - [2024-06-16T13:05:09.426+0000] {dag.py:3096} INFO - Sync 1 DAGs
[2024-06-16T13:05:09.448+0000] {logging_mixin.py:188} INFO - [2024-06-16T13:05:09.447+0000] {dag.py:3954} INFO - Setting next_dagrun for example_params_ui_tutorial to None, run_after=None
[2024-06-16T13:05:09.477+0000] {processor.py:183} INFO - Processing /home/airflow/.local/lib/python3.12/site-packages/airflow/example_dags/example_params_ui_tutorial.py took 0.229 seconds
[2024-06-16T13:05:40.146+0000] {processor.py:161} INFO - Started process (PID=2307) to work on /home/airflow/.local/lib/python3.12/site-packages/airflow/example_dags/example_params_ui_tutorial.py
[2024-06-16T13:05:40.148+0000] {processor.py:830} INFO - Processing file /home/airflow/.local/lib/python3.12/site-packages/airflow/example_dags/example_params_ui_tutorial.py for tasks to queue
[2024-06-16T13:05:40.149+0000] {logging_mixin.py:188} INFO - [2024-06-16T13:05:40.149+0000] {dagbag.py:545} INFO - Filling up the DagBag from /home/airflow/.local/lib/python3.12/site-packages/airflow/example_dags/example_params_ui_tutorial.py
[2024-06-16T13:05:40.173+0000] {processor.py:840} INFO - DAG(s) 'example_params_ui_tutorial' retrieved from /home/airflow/.local/lib/python3.12/site-packages/airflow/example_dags/example_params_ui_tutorial.py
[2024-06-16T13:05:40.324+0000] {logging_mixin.py:188} INFO - [2024-06-16T13:05:40.323+0000] {dag.py:3096} INFO - Sync 1 DAGs
[2024-06-16T13:05:40.540+0000] {logging_mixin.py:188} INFO - [2024-06-16T13:05:40.540+0000] {dag.py:3954} INFO - Setting next_dagrun for example_params_ui_tutorial to None, run_after=None
[2024-06-16T13:05:40.576+0000] {processor.py:183} INFO - Processing /home/airflow/.local/lib/python3.12/site-packages/airflow/example_dags/example_params_ui_tutorial.py took 0.439 seconds
[2024-06-16T13:06:11.465+0000] {processor.py:161} INFO - Started process (PID=2366) to work on /home/airflow/.local/lib/python3.12/site-packages/airflow/example_dags/example_params_ui_tutorial.py
[2024-06-16T13:06:11.466+0000] {processor.py:830} INFO - Processing file /home/airflow/.local/lib/python3.12/site-packages/airflow/example_dags/example_params_ui_tutorial.py for tasks to queue
[2024-06-16T13:06:11.467+0000] {logging_mixin.py:188} INFO - [2024-06-16T13:06:11.466+0000] {dagbag.py:545} INFO - Filling up the DagBag from /home/airflow/.local/lib/python3.12/site-packages/airflow/example_dags/example_params_ui_tutorial.py
[2024-06-16T13:06:11.481+0000] {processor.py:840} INFO - DAG(s) 'example_params_ui_tutorial' retrieved from /home/airflow/.local/lib/python3.12/site-packages/airflow/example_dags/example_params_ui_tutorial.py
[2024-06-16T13:06:11.571+0000] {logging_mixin.py:188} INFO - [2024-06-16T13:06:11.570+0000] {dag.py:3096} INFO - Sync 1 DAGs
[2024-06-16T13:06:11.591+0000] {logging_mixin.py:188} INFO - [2024-06-16T13:06:11.590+0000] {dag.py:3954} INFO - Setting next_dagrun for example_params_ui_tutorial to None, run_after=None
[2024-06-16T13:06:11.617+0000] {processor.py:183} INFO - Processing /home/airflow/.local/lib/python3.12/site-packages/airflow/example_dags/example_params_ui_tutorial.py took 0.158 seconds
