[2024-06-16T12:20:51.923+0000] {processor.py:161} INFO - Started process (PID=50) to work on /home/airflow/.local/lib/python3.12/site-packages/airflow/example_dags/example_latest_only_with_trigger.py
[2024-06-16T12:20:51.929+0000] {processor.py:830} INFO - Processing file /home/airflow/.local/lib/python3.12/site-packages/airflow/example_dags/example_latest_only_with_trigger.py for tasks to queue
[2024-06-16T12:20:51.948+0000] {logging_mixin.py:188} INFO - [2024-06-16T12:20:51.942+0000] {dagbag.py:545} INFO - Filling up the DagBag from /home/airflow/.local/lib/python3.12/site-packages/airflow/example_dags/example_latest_only_with_trigger.py
[2024-06-16T12:20:52.051+0000] {processor.py:840} INFO - DAG(s) 'latest_only_with_trigger' retrieved from /home/airflow/.local/lib/python3.12/site-packages/airflow/example_dags/example_latest_only_with_trigger.py
[2024-06-16T12:20:52.616+0000] {logging_mixin.py:188} INFO - [2024-06-16T12:20:52.615+0000] {override.py:1829} INFO - Created Permission View: can edit on DAG:latest_only_with_trigger
[2024-06-16T12:20:52.696+0000] {logging_mixin.py:188} INFO - [2024-06-16T12:20:52.695+0000] {override.py:1829} INFO - Created Permission View: can delete on DAG:latest_only_with_trigger
[2024-06-16T12:20:52.728+0000] {logging_mixin.py:188} INFO - [2024-06-16T12:20:52.727+0000] {override.py:1829} INFO - Created Permission View: can read on DAG:latest_only_with_trigger
[2024-06-16T12:20:52.728+0000] {logging_mixin.py:188} INFO - [2024-06-16T12:20:52.728+0000] {dag.py:3096} INFO - Sync 1 DAGs
[2024-06-16T12:20:52.818+0000] {logging_mixin.py:188} INFO - [2024-06-16T12:20:52.818+0000] {dag.py:3118} INFO - Creating ORM DAG for latest_only_with_trigger
[2024-06-16T12:20:52.884+0000] {logging_mixin.py:188} INFO - [2024-06-16T12:20:52.884+0000] {dag.py:3954} INFO - Setting next_dagrun for latest_only_with_trigger to 2024-06-16 08:00:00+00:00, run_after=2024-06-16 12:00:00+00:00
[2024-06-16T12:20:52.989+0000] {processor.py:183} INFO - Processing /home/airflow/.local/lib/python3.12/site-packages/airflow/example_dags/example_latest_only_with_trigger.py took 1.174 seconds
[2024-06-16T12:21:27.607+0000] {processor.py:161} INFO - Started process (PID=109) to work on /home/airflow/.local/lib/python3.12/site-packages/airflow/example_dags/example_latest_only_with_trigger.py
[2024-06-16T12:21:27.623+0000] {processor.py:830} INFO - Processing file /home/airflow/.local/lib/python3.12/site-packages/airflow/example_dags/example_latest_only_with_trigger.py for tasks to queue
[2024-06-16T12:21:27.640+0000] {logging_mixin.py:188} INFO - [2024-06-16T12:21:27.640+0000] {dagbag.py:545} INFO - Filling up the DagBag from /home/airflow/.local/lib/python3.12/site-packages/airflow/example_dags/example_latest_only_with_trigger.py
[2024-06-16T12:21:27.689+0000] {processor.py:840} INFO - DAG(s) 'latest_only_with_trigger' retrieved from /home/airflow/.local/lib/python3.12/site-packages/airflow/example_dags/example_latest_only_with_trigger.py
[2024-06-16T12:21:27.844+0000] {logging_mixin.py:188} INFO - [2024-06-16T12:21:27.843+0000] {dag.py:3096} INFO - Sync 1 DAGs
[2024-06-16T12:21:28.074+0000] {logging_mixin.py:188} INFO - [2024-06-16T12:21:28.072+0000] {dag.py:3954} INFO - Setting next_dagrun for latest_only_with_trigger to 2024-06-16 08:00:00+00:00, run_after=2024-06-16 12:00:00+00:00
[2024-06-16T12:21:28.266+0000] {processor.py:183} INFO - Processing /home/airflow/.local/lib/python3.12/site-packages/airflow/example_dags/example_latest_only_with_trigger.py took 0.734 seconds
[2024-06-16T12:21:59.318+0000] {processor.py:161} INFO - Started process (PID=165) to work on /home/airflow/.local/lib/python3.12/site-packages/airflow/example_dags/example_latest_only_with_trigger.py
[2024-06-16T12:21:59.325+0000] {processor.py:830} INFO - Processing file /home/airflow/.local/lib/python3.12/site-packages/airflow/example_dags/example_latest_only_with_trigger.py for tasks to queue
[2024-06-16T12:21:59.327+0000] {logging_mixin.py:188} INFO - [2024-06-16T12:21:59.327+0000] {dagbag.py:545} INFO - Filling up the DagBag from /home/airflow/.local/lib/python3.12/site-packages/airflow/example_dags/example_latest_only_with_trigger.py
[2024-06-16T12:21:59.338+0000] {processor.py:840} INFO - DAG(s) 'latest_only_with_trigger' retrieved from /home/airflow/.local/lib/python3.12/site-packages/airflow/example_dags/example_latest_only_with_trigger.py
[2024-06-16T12:21:59.378+0000] {logging_mixin.py:188} INFO - [2024-06-16T12:21:59.377+0000] {dag.py:3096} INFO - Sync 1 DAGs
[2024-06-16T12:21:59.436+0000] {logging_mixin.py:188} INFO - [2024-06-16T12:21:59.435+0000] {dag.py:3954} INFO - Setting next_dagrun for latest_only_with_trigger to 2024-06-16 08:00:00+00:00, run_after=2024-06-16 12:00:00+00:00
[2024-06-16T12:21:59.486+0000] {processor.py:183} INFO - Processing /home/airflow/.local/lib/python3.12/site-packages/airflow/example_dags/example_latest_only_with_trigger.py took 0.190 seconds
[2024-06-16T12:22:30.278+0000] {processor.py:161} INFO - Started process (PID=224) to work on /home/airflow/.local/lib/python3.12/site-packages/airflow/example_dags/example_latest_only_with_trigger.py
[2024-06-16T12:22:30.288+0000] {processor.py:830} INFO - Processing file /home/airflow/.local/lib/python3.12/site-packages/airflow/example_dags/example_latest_only_with_trigger.py for tasks to queue
[2024-06-16T12:22:30.292+0000] {logging_mixin.py:188} INFO - [2024-06-16T12:22:30.292+0000] {dagbag.py:545} INFO - Filling up the DagBag from /home/airflow/.local/lib/python3.12/site-packages/airflow/example_dags/example_latest_only_with_trigger.py
[2024-06-16T12:22:30.333+0000] {processor.py:840} INFO - DAG(s) 'latest_only_with_trigger' retrieved from /home/airflow/.local/lib/python3.12/site-packages/airflow/example_dags/example_latest_only_with_trigger.py
[2024-06-16T12:22:30.415+0000] {logging_mixin.py:188} INFO - [2024-06-16T12:22:30.414+0000] {dag.py:3096} INFO - Sync 1 DAGs
[2024-06-16T12:22:30.549+0000] {logging_mixin.py:188} INFO - [2024-06-16T12:22:30.549+0000] {dag.py:3954} INFO - Setting next_dagrun for latest_only_with_trigger to 2024-06-16 08:00:00+00:00, run_after=2024-06-16 12:00:00+00:00
[2024-06-16T12:22:30.655+0000] {processor.py:183} INFO - Processing /home/airflow/.local/lib/python3.12/site-packages/airflow/example_dags/example_latest_only_with_trigger.py took 0.410 seconds
[2024-06-16T12:23:01.035+0000] {processor.py:161} INFO - Started process (PID=283) to work on /home/airflow/.local/lib/python3.12/site-packages/airflow/example_dags/example_latest_only_with_trigger.py
[2024-06-16T12:23:01.042+0000] {processor.py:830} INFO - Processing file /home/airflow/.local/lib/python3.12/site-packages/airflow/example_dags/example_latest_only_with_trigger.py for tasks to queue
[2024-06-16T12:23:01.057+0000] {logging_mixin.py:188} INFO - [2024-06-16T12:23:01.057+0000] {dagbag.py:545} INFO - Filling up the DagBag from /home/airflow/.local/lib/python3.12/site-packages/airflow/example_dags/example_latest_only_with_trigger.py
[2024-06-16T12:23:01.110+0000] {processor.py:840} INFO - DAG(s) 'latest_only_with_trigger' retrieved from /home/airflow/.local/lib/python3.12/site-packages/airflow/example_dags/example_latest_only_with_trigger.py
[2024-06-16T12:23:01.206+0000] {logging_mixin.py:188} INFO - [2024-06-16T12:23:01.205+0000] {dag.py:3096} INFO - Sync 1 DAGs
[2024-06-16T12:23:01.407+0000] {logging_mixin.py:188} INFO - [2024-06-16T12:23:01.406+0000] {dag.py:3954} INFO - Setting next_dagrun for latest_only_with_trigger to 2024-06-16 08:00:00+00:00, run_after=2024-06-16 12:00:00+00:00
[2024-06-16T12:23:01.517+0000] {processor.py:183} INFO - Processing /home/airflow/.local/lib/python3.12/site-packages/airflow/example_dags/example_latest_only_with_trigger.py took 0.516 seconds
[2024-06-16T12:23:32.451+0000] {processor.py:161} INFO - Started process (PID=341) to work on /home/airflow/.local/lib/python3.12/site-packages/airflow/example_dags/example_latest_only_with_trigger.py
[2024-06-16T12:23:32.464+0000] {processor.py:830} INFO - Processing file /home/airflow/.local/lib/python3.12/site-packages/airflow/example_dags/example_latest_only_with_trigger.py for tasks to queue
[2024-06-16T12:23:32.467+0000] {logging_mixin.py:188} INFO - [2024-06-16T12:23:32.466+0000] {dagbag.py:545} INFO - Filling up the DagBag from /home/airflow/.local/lib/python3.12/site-packages/airflow/example_dags/example_latest_only_with_trigger.py
[2024-06-16T12:23:32.500+0000] {processor.py:840} INFO - DAG(s) 'latest_only_with_trigger' retrieved from /home/airflow/.local/lib/python3.12/site-packages/airflow/example_dags/example_latest_only_with_trigger.py
[2024-06-16T12:23:32.652+0000] {logging_mixin.py:188} INFO - [2024-06-16T12:23:32.652+0000] {dag.py:3096} INFO - Sync 1 DAGs
[2024-06-16T12:23:32.833+0000] {logging_mixin.py:188} INFO - [2024-06-16T12:23:32.833+0000] {dag.py:3954} INFO - Setting next_dagrun for latest_only_with_trigger to 2024-06-16 08:00:00+00:00, run_after=2024-06-16 12:00:00+00:00
[2024-06-16T12:23:32.971+0000] {processor.py:183} INFO - Processing /home/airflow/.local/lib/python3.12/site-packages/airflow/example_dags/example_latest_only_with_trigger.py took 0.615 seconds
[2024-06-16T12:24:03.199+0000] {processor.py:161} INFO - Started process (PID=400) to work on /home/airflow/.local/lib/python3.12/site-packages/airflow/example_dags/example_latest_only_with_trigger.py
[2024-06-16T12:24:03.201+0000] {processor.py:830} INFO - Processing file /home/airflow/.local/lib/python3.12/site-packages/airflow/example_dags/example_latest_only_with_trigger.py for tasks to queue
[2024-06-16T12:24:03.203+0000] {logging_mixin.py:188} INFO - [2024-06-16T12:24:03.203+0000] {dagbag.py:545} INFO - Filling up the DagBag from /home/airflow/.local/lib/python3.12/site-packages/airflow/example_dags/example_latest_only_with_trigger.py
[2024-06-16T12:24:03.213+0000] {processor.py:840} INFO - DAG(s) 'latest_only_with_trigger' retrieved from /home/airflow/.local/lib/python3.12/site-packages/airflow/example_dags/example_latest_only_with_trigger.py
[2024-06-16T12:24:03.255+0000] {logging_mixin.py:188} INFO - [2024-06-16T12:24:03.255+0000] {dag.py:3096} INFO - Sync 1 DAGs
[2024-06-16T12:24:03.306+0000] {logging_mixin.py:188} INFO - [2024-06-16T12:24:03.306+0000] {dag.py:3954} INFO - Setting next_dagrun for latest_only_with_trigger to 2024-06-16 08:00:00+00:00, run_after=2024-06-16 12:00:00+00:00
[2024-06-16T12:24:03.338+0000] {processor.py:183} INFO - Processing /home/airflow/.local/lib/python3.12/site-packages/airflow/example_dags/example_latest_only_with_trigger.py took 0.154 seconds
[2024-06-16T12:24:34.285+0000] {processor.py:161} INFO - Started process (PID=459) to work on /home/airflow/.local/lib/python3.12/site-packages/airflow/example_dags/example_latest_only_with_trigger.py
[2024-06-16T12:24:34.286+0000] {processor.py:830} INFO - Processing file /home/airflow/.local/lib/python3.12/site-packages/airflow/example_dags/example_latest_only_with_trigger.py for tasks to queue
[2024-06-16T12:24:34.289+0000] {logging_mixin.py:188} INFO - [2024-06-16T12:24:34.289+0000] {dagbag.py:545} INFO - Filling up the DagBag from /home/airflow/.local/lib/python3.12/site-packages/airflow/example_dags/example_latest_only_with_trigger.py
[2024-06-16T12:24:34.301+0000] {processor.py:840} INFO - DAG(s) 'latest_only_with_trigger' retrieved from /home/airflow/.local/lib/python3.12/site-packages/airflow/example_dags/example_latest_only_with_trigger.py
[2024-06-16T12:24:34.370+0000] {logging_mixin.py:188} INFO - [2024-06-16T12:24:34.370+0000] {dag.py:3096} INFO - Sync 1 DAGs
[2024-06-16T12:24:34.439+0000] {logging_mixin.py:188} INFO - [2024-06-16T12:24:34.438+0000] {dag.py:3954} INFO - Setting next_dagrun for latest_only_with_trigger to 2024-06-16 08:00:00+00:00, run_after=2024-06-16 12:00:00+00:00
[2024-06-16T12:24:34.490+0000] {processor.py:183} INFO - Processing /home/airflow/.local/lib/python3.12/site-packages/airflow/example_dags/example_latest_only_with_trigger.py took 0.215 seconds
[2024-06-16T12:44:58.290+0000] {processor.py:161} INFO - Started process (PID=54) to work on /home/airflow/.local/lib/python3.12/site-packages/airflow/example_dags/example_latest_only_with_trigger.py
[2024-06-16T12:44:58.291+0000] {processor.py:830} INFO - Processing file /home/airflow/.local/lib/python3.12/site-packages/airflow/example_dags/example_latest_only_with_trigger.py for tasks to queue
[2024-06-16T12:44:58.294+0000] {logging_mixin.py:188} INFO - [2024-06-16T12:44:58.294+0000] {dagbag.py:545} INFO - Filling up the DagBag from /home/airflow/.local/lib/python3.12/site-packages/airflow/example_dags/example_latest_only_with_trigger.py
[2024-06-16T12:44:58.310+0000] {processor.py:840} INFO - DAG(s) 'latest_only_with_trigger' retrieved from /home/airflow/.local/lib/python3.12/site-packages/airflow/example_dags/example_latest_only_with_trigger.py
[2024-06-16T12:44:58.560+0000] {logging_mixin.py:188} INFO - [2024-06-16T12:44:58.559+0000] {override.py:1829} INFO - Created Permission View: can read on DAG:latest_only_with_trigger
[2024-06-16T12:44:58.590+0000] {logging_mixin.py:188} INFO - [2024-06-16T12:44:58.590+0000] {override.py:1829} INFO - Created Permission View: can delete on DAG:latest_only_with_trigger
[2024-06-16T12:44:58.663+0000] {logging_mixin.py:188} INFO - [2024-06-16T12:44:58.662+0000] {override.py:1829} INFO - Created Permission View: can edit on DAG:latest_only_with_trigger
[2024-06-16T12:44:58.665+0000] {logging_mixin.py:188} INFO - [2024-06-16T12:44:58.663+0000] {dag.py:3096} INFO - Sync 1 DAGs
[2024-06-16T12:44:58.759+0000] {logging_mixin.py:188} INFO - [2024-06-16T12:44:58.756+0000] {dag.py:3118} INFO - Creating ORM DAG for latest_only_with_trigger
[2024-06-16T12:44:58.803+0000] {logging_mixin.py:188} INFO - [2024-06-16T12:44:58.802+0000] {dag.py:3954} INFO - Setting next_dagrun for latest_only_with_trigger to 2024-06-16 08:00:00+00:00, run_after=2024-06-16 12:00:00+00:00
[2024-06-16T12:44:58.935+0000] {processor.py:183} INFO - Processing /home/airflow/.local/lib/python3.12/site-packages/airflow/example_dags/example_latest_only_with_trigger.py took 0.657 seconds
[2024-06-16T12:45:29.485+0000] {processor.py:161} INFO - Started process (PID=113) to work on /home/airflow/.local/lib/python3.12/site-packages/airflow/example_dags/example_latest_only_with_trigger.py
[2024-06-16T12:45:29.486+0000] {processor.py:830} INFO - Processing file /home/airflow/.local/lib/python3.12/site-packages/airflow/example_dags/example_latest_only_with_trigger.py for tasks to queue
[2024-06-16T12:45:29.489+0000] {logging_mixin.py:188} INFO - [2024-06-16T12:45:29.489+0000] {dagbag.py:545} INFO - Filling up the DagBag from /home/airflow/.local/lib/python3.12/site-packages/airflow/example_dags/example_latest_only_with_trigger.py
[2024-06-16T12:45:29.497+0000] {processor.py:840} INFO - DAG(s) 'latest_only_with_trigger' retrieved from /home/airflow/.local/lib/python3.12/site-packages/airflow/example_dags/example_latest_only_with_trigger.py
[2024-06-16T12:45:29.542+0000] {logging_mixin.py:188} INFO - [2024-06-16T12:45:29.542+0000] {dag.py:3096} INFO - Sync 1 DAGs
[2024-06-16T12:45:29.660+0000] {logging_mixin.py:188} INFO - [2024-06-16T12:45:29.659+0000] {dag.py:3954} INFO - Setting next_dagrun for latest_only_with_trigger to 2024-06-16 08:00:00+00:00, run_after=2024-06-16 12:00:00+00:00
[2024-06-16T12:45:29.701+0000] {processor.py:183} INFO - Processing /home/airflow/.local/lib/python3.12/site-packages/airflow/example_dags/example_latest_only_with_trigger.py took 0.224 seconds
[2024-06-16T12:46:00.055+0000] {processor.py:161} INFO - Started process (PID=172) to work on /home/airflow/.local/lib/python3.12/site-packages/airflow/example_dags/example_latest_only_with_trigger.py
[2024-06-16T12:46:00.056+0000] {processor.py:830} INFO - Processing file /home/airflow/.local/lib/python3.12/site-packages/airflow/example_dags/example_latest_only_with_trigger.py for tasks to queue
[2024-06-16T12:46:00.059+0000] {logging_mixin.py:188} INFO - [2024-06-16T12:46:00.058+0000] {dagbag.py:545} INFO - Filling up the DagBag from /home/airflow/.local/lib/python3.12/site-packages/airflow/example_dags/example_latest_only_with_trigger.py
[2024-06-16T12:46:00.072+0000] {processor.py:840} INFO - DAG(s) 'latest_only_with_trigger' retrieved from /home/airflow/.local/lib/python3.12/site-packages/airflow/example_dags/example_latest_only_with_trigger.py
[2024-06-16T12:46:00.113+0000] {logging_mixin.py:188} INFO - [2024-06-16T12:46:00.112+0000] {dag.py:3096} INFO - Sync 1 DAGs
[2024-06-16T12:46:00.174+0000] {logging_mixin.py:188} INFO - [2024-06-16T12:46:00.173+0000] {dag.py:3954} INFO - Setting next_dagrun for latest_only_with_trigger to 2024-06-16 08:00:00+00:00, run_after=2024-06-16 12:00:00+00:00
[2024-06-16T12:46:00.217+0000] {processor.py:183} INFO - Processing /home/airflow/.local/lib/python3.12/site-packages/airflow/example_dags/example_latest_only_with_trigger.py took 0.171 seconds
[2024-06-16T12:46:31.199+0000] {processor.py:161} INFO - Started process (PID=231) to work on /home/airflow/.local/lib/python3.12/site-packages/airflow/example_dags/example_latest_only_with_trigger.py
[2024-06-16T12:46:31.201+0000] {processor.py:830} INFO - Processing file /home/airflow/.local/lib/python3.12/site-packages/airflow/example_dags/example_latest_only_with_trigger.py for tasks to queue
[2024-06-16T12:46:31.205+0000] {logging_mixin.py:188} INFO - [2024-06-16T12:46:31.204+0000] {dagbag.py:545} INFO - Filling up the DagBag from /home/airflow/.local/lib/python3.12/site-packages/airflow/example_dags/example_latest_only_with_trigger.py
[2024-06-16T12:46:31.219+0000] {processor.py:840} INFO - DAG(s) 'latest_only_with_trigger' retrieved from /home/airflow/.local/lib/python3.12/site-packages/airflow/example_dags/example_latest_only_with_trigger.py
[2024-06-16T12:46:31.298+0000] {logging_mixin.py:188} INFO - [2024-06-16T12:46:31.298+0000] {dag.py:3096} INFO - Sync 1 DAGs
[2024-06-16T12:46:31.370+0000] {logging_mixin.py:188} INFO - [2024-06-16T12:46:31.370+0000] {dag.py:3954} INFO - Setting next_dagrun for latest_only_with_trigger to 2024-06-16 08:00:00+00:00, run_after=2024-06-16 12:00:00+00:00
[2024-06-16T12:46:31.429+0000] {processor.py:183} INFO - Processing /home/airflow/.local/lib/python3.12/site-packages/airflow/example_dags/example_latest_only_with_trigger.py took 0.241 seconds
[2024-06-16T12:47:29.495+0000] {processor.py:161} INFO - Started process (PID=290) to work on /home/airflow/.local/lib/python3.12/site-packages/airflow/example_dags/example_latest_only_with_trigger.py
[2024-06-16T12:47:29.497+0000] {processor.py:830} INFO - Processing file /home/airflow/.local/lib/python3.12/site-packages/airflow/example_dags/example_latest_only_with_trigger.py for tasks to queue
[2024-06-16T12:47:29.500+0000] {logging_mixin.py:188} INFO - [2024-06-16T12:47:29.499+0000] {dagbag.py:545} INFO - Filling up the DagBag from /home/airflow/.local/lib/python3.12/site-packages/airflow/example_dags/example_latest_only_with_trigger.py
[2024-06-16T12:47:29.510+0000] {processor.py:840} INFO - DAG(s) 'latest_only_with_trigger' retrieved from /home/airflow/.local/lib/python3.12/site-packages/airflow/example_dags/example_latest_only_with_trigger.py
[2024-06-16T12:47:29.556+0000] {logging_mixin.py:188} INFO - [2024-06-16T12:47:29.555+0000] {dag.py:3096} INFO - Sync 1 DAGs
[2024-06-16T12:47:29.611+0000] {logging_mixin.py:188} INFO - [2024-06-16T12:47:29.610+0000] {dag.py:3954} INFO - Setting next_dagrun for latest_only_with_trigger to 2024-06-16 08:00:00+00:00, run_after=2024-06-16 12:00:00+00:00
[2024-06-16T12:47:29.667+0000] {processor.py:183} INFO - Processing /home/airflow/.local/lib/python3.12/site-packages/airflow/example_dags/example_latest_only_with_trigger.py took 0.183 seconds
[2024-06-16T12:48:00.569+0000] {processor.py:161} INFO - Started process (PID=349) to work on /home/airflow/.local/lib/python3.12/site-packages/airflow/example_dags/example_latest_only_with_trigger.py
[2024-06-16T12:48:00.570+0000] {processor.py:830} INFO - Processing file /home/airflow/.local/lib/python3.12/site-packages/airflow/example_dags/example_latest_only_with_trigger.py for tasks to queue
[2024-06-16T12:48:00.573+0000] {logging_mixin.py:188} INFO - [2024-06-16T12:48:00.572+0000] {dagbag.py:545} INFO - Filling up the DagBag from /home/airflow/.local/lib/python3.12/site-packages/airflow/example_dags/example_latest_only_with_trigger.py
[2024-06-16T12:48:00.581+0000] {processor.py:840} INFO - DAG(s) 'latest_only_with_trigger' retrieved from /home/airflow/.local/lib/python3.12/site-packages/airflow/example_dags/example_latest_only_with_trigger.py
[2024-06-16T12:48:00.619+0000] {logging_mixin.py:188} INFO - [2024-06-16T12:48:00.618+0000] {dag.py:3096} INFO - Sync 1 DAGs
[2024-06-16T12:48:00.664+0000] {logging_mixin.py:188} INFO - [2024-06-16T12:48:00.664+0000] {dag.py:3954} INFO - Setting next_dagrun for latest_only_with_trigger to 2024-06-16 08:00:00+00:00, run_after=2024-06-16 12:00:00+00:00
[2024-06-16T12:48:00.697+0000] {processor.py:183} INFO - Processing /home/airflow/.local/lib/python3.12/site-packages/airflow/example_dags/example_latest_only_with_trigger.py took 0.138 seconds
[2024-06-16T12:48:35.011+0000] {processor.py:161} INFO - Started process (PID=408) to work on /home/airflow/.local/lib/python3.12/site-packages/airflow/example_dags/example_latest_only_with_trigger.py
[2024-06-16T12:48:35.012+0000] {processor.py:830} INFO - Processing file /home/airflow/.local/lib/python3.12/site-packages/airflow/example_dags/example_latest_only_with_trigger.py for tasks to queue
[2024-06-16T12:48:35.015+0000] {logging_mixin.py:188} INFO - [2024-06-16T12:48:35.014+0000] {dagbag.py:545} INFO - Filling up the DagBag from /home/airflow/.local/lib/python3.12/site-packages/airflow/example_dags/example_latest_only_with_trigger.py
[2024-06-16T12:48:35.029+0000] {processor.py:840} INFO - DAG(s) 'latest_only_with_trigger' retrieved from /home/airflow/.local/lib/python3.12/site-packages/airflow/example_dags/example_latest_only_with_trigger.py
[2024-06-16T12:48:35.132+0000] {logging_mixin.py:188} INFO - [2024-06-16T12:48:35.131+0000] {dag.py:3096} INFO - Sync 1 DAGs
[2024-06-16T12:48:35.248+0000] {logging_mixin.py:188} INFO - [2024-06-16T12:48:35.247+0000] {dag.py:3954} INFO - Setting next_dagrun for latest_only_with_trigger to 2024-06-16 08:00:00+00:00, run_after=2024-06-16 12:00:00+00:00
[2024-06-16T12:48:35.307+0000] {processor.py:183} INFO - Processing /home/airflow/.local/lib/python3.12/site-packages/airflow/example_dags/example_latest_only_with_trigger.py took 0.309 seconds
[2024-06-16T12:49:12.560+0000] {processor.py:161} INFO - Started process (PID=467) to work on /home/airflow/.local/lib/python3.12/site-packages/airflow/example_dags/example_latest_only_with_trigger.py
[2024-06-16T12:49:12.562+0000] {processor.py:830} INFO - Processing file /home/airflow/.local/lib/python3.12/site-packages/airflow/example_dags/example_latest_only_with_trigger.py for tasks to queue
[2024-06-16T12:49:12.565+0000] {logging_mixin.py:188} INFO - [2024-06-16T12:49:12.564+0000] {dagbag.py:545} INFO - Filling up the DagBag from /home/airflow/.local/lib/python3.12/site-packages/airflow/example_dags/example_latest_only_with_trigger.py
[2024-06-16T12:49:12.577+0000] {processor.py:840} INFO - DAG(s) 'latest_only_with_trigger' retrieved from /home/airflow/.local/lib/python3.12/site-packages/airflow/example_dags/example_latest_only_with_trigger.py
[2024-06-16T12:49:12.609+0000] {logging_mixin.py:188} INFO - [2024-06-16T12:49:12.608+0000] {dag.py:3096} INFO - Sync 1 DAGs
[2024-06-16T12:49:12.651+0000] {logging_mixin.py:188} INFO - [2024-06-16T12:49:12.650+0000] {dag.py:3954} INFO - Setting next_dagrun for latest_only_with_trigger to 2024-06-16 08:00:00+00:00, run_after=2024-06-16 12:00:00+00:00
[2024-06-16T12:49:12.691+0000] {processor.py:183} INFO - Processing /home/airflow/.local/lib/python3.12/site-packages/airflow/example_dags/example_latest_only_with_trigger.py took 0.143 seconds
[2024-06-16T12:49:48.836+0000] {processor.py:161} INFO - Started process (PID=512) to work on /home/airflow/.local/lib/python3.12/site-packages/airflow/example_dags/example_latest_only_with_trigger.py
[2024-06-16T12:49:48.853+0000] {processor.py:830} INFO - Processing file /home/airflow/.local/lib/python3.12/site-packages/airflow/example_dags/example_latest_only_with_trigger.py for tasks to queue
[2024-06-16T12:49:48.892+0000] {logging_mixin.py:188} INFO - [2024-06-16T12:49:48.864+0000] {dagbag.py:545} INFO - Filling up the DagBag from /home/airflow/.local/lib/python3.12/site-packages/airflow/example_dags/example_latest_only_with_trigger.py
[2024-06-16T12:49:49.070+0000] {processor.py:840} INFO - DAG(s) 'latest_only_with_trigger' retrieved from /home/airflow/.local/lib/python3.12/site-packages/airflow/example_dags/example_latest_only_with_trigger.py
[2024-06-16T12:49:50.379+0000] {logging_mixin.py:188} INFO - [2024-06-16T12:49:50.360+0000] {dag.py:3096} INFO - Sync 1 DAGs
[2024-06-16T12:49:51.094+0000] {logging_mixin.py:188} INFO - [2024-06-16T12:49:51.028+0000] {dag.py:3954} INFO - Setting next_dagrun for latest_only_with_trigger to 2024-06-16 08:00:00+00:00, run_after=2024-06-16 12:00:00+00:00
[2024-06-16T12:49:51.632+0000] {processor.py:183} INFO - Processing /home/airflow/.local/lib/python3.12/site-packages/airflow/example_dags/example_latest_only_with_trigger.py took 2.894 seconds
[2024-06-16T12:50:50.192+0000] {processor.py:161} INFO - Started process (PID=571) to work on /home/airflow/.local/lib/python3.12/site-packages/airflow/example_dags/example_latest_only_with_trigger.py
[2024-06-16T12:50:50.194+0000] {processor.py:830} INFO - Processing file /home/airflow/.local/lib/python3.12/site-packages/airflow/example_dags/example_latest_only_with_trigger.py for tasks to queue
[2024-06-16T12:50:50.199+0000] {logging_mixin.py:188} INFO - [2024-06-16T12:50:50.198+0000] {dagbag.py:545} INFO - Filling up the DagBag from /home/airflow/.local/lib/python3.12/site-packages/airflow/example_dags/example_latest_only_with_trigger.py
[2024-06-16T12:50:50.217+0000] {processor.py:840} INFO - DAG(s) 'latest_only_with_trigger' retrieved from /home/airflow/.local/lib/python3.12/site-packages/airflow/example_dags/example_latest_only_with_trigger.py
[2024-06-16T12:50:50.274+0000] {logging_mixin.py:188} INFO - [2024-06-16T12:50:50.274+0000] {dag.py:3096} INFO - Sync 1 DAGs
[2024-06-16T12:50:50.387+0000] {logging_mixin.py:188} INFO - [2024-06-16T12:50:50.386+0000] {dag.py:3954} INFO - Setting next_dagrun for latest_only_with_trigger to 2024-06-16 08:00:00+00:00, run_after=2024-06-16 12:00:00+00:00
[2024-06-16T12:50:50.458+0000] {processor.py:183} INFO - Processing /home/airflow/.local/lib/python3.12/site-packages/airflow/example_dags/example_latest_only_with_trigger.py took 0.278 seconds
[2024-06-16T12:51:21.417+0000] {processor.py:161} INFO - Started process (PID=630) to work on /home/airflow/.local/lib/python3.12/site-packages/airflow/example_dags/example_latest_only_with_trigger.py
[2024-06-16T12:51:21.419+0000] {processor.py:830} INFO - Processing file /home/airflow/.local/lib/python3.12/site-packages/airflow/example_dags/example_latest_only_with_trigger.py for tasks to queue
[2024-06-16T12:51:21.426+0000] {logging_mixin.py:188} INFO - [2024-06-16T12:51:21.425+0000] {dagbag.py:545} INFO - Filling up the DagBag from /home/airflow/.local/lib/python3.12/site-packages/airflow/example_dags/example_latest_only_with_trigger.py
[2024-06-16T12:51:21.440+0000] {processor.py:840} INFO - DAG(s) 'latest_only_with_trigger' retrieved from /home/airflow/.local/lib/python3.12/site-packages/airflow/example_dags/example_latest_only_with_trigger.py
[2024-06-16T12:51:21.546+0000] {logging_mixin.py:188} INFO - [2024-06-16T12:51:21.546+0000] {dag.py:3096} INFO - Sync 1 DAGs
[2024-06-16T12:51:21.686+0000] {logging_mixin.py:188} INFO - [2024-06-16T12:51:21.676+0000] {dag.py:3954} INFO - Setting next_dagrun for latest_only_with_trigger to 2024-06-16 08:00:00+00:00, run_after=2024-06-16 12:00:00+00:00
[2024-06-16T12:51:21.791+0000] {processor.py:183} INFO - Processing /home/airflow/.local/lib/python3.12/site-packages/airflow/example_dags/example_latest_only_with_trigger.py took 0.390 seconds
[2024-06-16T12:51:52.282+0000] {processor.py:161} INFO - Started process (PID=689) to work on /home/airflow/.local/lib/python3.12/site-packages/airflow/example_dags/example_latest_only_with_trigger.py
[2024-06-16T12:51:52.283+0000] {processor.py:830} INFO - Processing file /home/airflow/.local/lib/python3.12/site-packages/airflow/example_dags/example_latest_only_with_trigger.py for tasks to queue
[2024-06-16T12:51:52.285+0000] {logging_mixin.py:188} INFO - [2024-06-16T12:51:52.284+0000] {dagbag.py:545} INFO - Filling up the DagBag from /home/airflow/.local/lib/python3.12/site-packages/airflow/example_dags/example_latest_only_with_trigger.py
[2024-06-16T12:51:52.293+0000] {processor.py:840} INFO - DAG(s) 'latest_only_with_trigger' retrieved from /home/airflow/.local/lib/python3.12/site-packages/airflow/example_dags/example_latest_only_with_trigger.py
[2024-06-16T12:51:52.327+0000] {logging_mixin.py:188} INFO - [2024-06-16T12:51:52.326+0000] {dag.py:3096} INFO - Sync 1 DAGs
[2024-06-16T12:51:52.365+0000] {logging_mixin.py:188} INFO - [2024-06-16T12:51:52.365+0000] {dag.py:3954} INFO - Setting next_dagrun for latest_only_with_trigger to 2024-06-16 08:00:00+00:00, run_after=2024-06-16 12:00:00+00:00
[2024-06-16T12:51:52.394+0000] {processor.py:183} INFO - Processing /home/airflow/.local/lib/python3.12/site-packages/airflow/example_dags/example_latest_only_with_trigger.py took 0.119 seconds
[2024-06-16T12:52:22.769+0000] {processor.py:161} INFO - Started process (PID=748) to work on /home/airflow/.local/lib/python3.12/site-packages/airflow/example_dags/example_latest_only_with_trigger.py
[2024-06-16T12:52:22.770+0000] {processor.py:830} INFO - Processing file /home/airflow/.local/lib/python3.12/site-packages/airflow/example_dags/example_latest_only_with_trigger.py for tasks to queue
[2024-06-16T12:52:22.772+0000] {logging_mixin.py:188} INFO - [2024-06-16T12:52:22.771+0000] {dagbag.py:545} INFO - Filling up the DagBag from /home/airflow/.local/lib/python3.12/site-packages/airflow/example_dags/example_latest_only_with_trigger.py
[2024-06-16T12:52:22.779+0000] {processor.py:840} INFO - DAG(s) 'latest_only_with_trigger' retrieved from /home/airflow/.local/lib/python3.12/site-packages/airflow/example_dags/example_latest_only_with_trigger.py
[2024-06-16T12:52:22.810+0000] {logging_mixin.py:188} INFO - [2024-06-16T12:52:22.809+0000] {dag.py:3096} INFO - Sync 1 DAGs
[2024-06-16T12:52:22.849+0000] {logging_mixin.py:188} INFO - [2024-06-16T12:52:22.849+0000] {dag.py:3954} INFO - Setting next_dagrun for latest_only_with_trigger to 2024-06-16 08:00:00+00:00, run_after=2024-06-16 12:00:00+00:00
[2024-06-16T12:52:22.876+0000] {processor.py:183} INFO - Processing /home/airflow/.local/lib/python3.12/site-packages/airflow/example_dags/example_latest_only_with_trigger.py took 0.115 seconds
[2024-06-16T12:52:53.021+0000] {processor.py:161} INFO - Started process (PID=807) to work on /home/airflow/.local/lib/python3.12/site-packages/airflow/example_dags/example_latest_only_with_trigger.py
[2024-06-16T12:52:53.022+0000] {processor.py:830} INFO - Processing file /home/airflow/.local/lib/python3.12/site-packages/airflow/example_dags/example_latest_only_with_trigger.py for tasks to queue
[2024-06-16T12:52:53.024+0000] {logging_mixin.py:188} INFO - [2024-06-16T12:52:53.024+0000] {dagbag.py:545} INFO - Filling up the DagBag from /home/airflow/.local/lib/python3.12/site-packages/airflow/example_dags/example_latest_only_with_trigger.py
[2024-06-16T12:52:53.029+0000] {processor.py:840} INFO - DAG(s) 'latest_only_with_trigger' retrieved from /home/airflow/.local/lib/python3.12/site-packages/airflow/example_dags/example_latest_only_with_trigger.py
[2024-06-16T12:52:53.050+0000] {logging_mixin.py:188} INFO - [2024-06-16T12:52:53.049+0000] {dag.py:3096} INFO - Sync 1 DAGs
[2024-06-16T12:52:53.077+0000] {logging_mixin.py:188} INFO - [2024-06-16T12:52:53.077+0000] {dag.py:3954} INFO - Setting next_dagrun for latest_only_with_trigger to 2024-06-16 08:00:00+00:00, run_after=2024-06-16 12:00:00+00:00
[2024-06-16T12:52:53.103+0000] {processor.py:183} INFO - Processing /home/airflow/.local/lib/python3.12/site-packages/airflow/example_dags/example_latest_only_with_trigger.py took 0.087 seconds
[2024-06-16T12:53:23.697+0000] {processor.py:161} INFO - Started process (PID=866) to work on /home/airflow/.local/lib/python3.12/site-packages/airflow/example_dags/example_latest_only_with_trigger.py
[2024-06-16T12:53:23.698+0000] {processor.py:830} INFO - Processing file /home/airflow/.local/lib/python3.12/site-packages/airflow/example_dags/example_latest_only_with_trigger.py for tasks to queue
[2024-06-16T12:53:23.700+0000] {logging_mixin.py:188} INFO - [2024-06-16T12:53:23.699+0000] {dagbag.py:545} INFO - Filling up the DagBag from /home/airflow/.local/lib/python3.12/site-packages/airflow/example_dags/example_latest_only_with_trigger.py
[2024-06-16T12:53:23.711+0000] {processor.py:840} INFO - DAG(s) 'latest_only_with_trigger' retrieved from /home/airflow/.local/lib/python3.12/site-packages/airflow/example_dags/example_latest_only_with_trigger.py
[2024-06-16T12:53:23.758+0000] {logging_mixin.py:188} INFO - [2024-06-16T12:53:23.758+0000] {dag.py:3096} INFO - Sync 1 DAGs
[2024-06-16T12:53:23.805+0000] {logging_mixin.py:188} INFO - [2024-06-16T12:53:23.805+0000] {dag.py:3954} INFO - Setting next_dagrun for latest_only_with_trigger to 2024-06-16 08:00:00+00:00, run_after=2024-06-16 12:00:00+00:00
[2024-06-16T12:53:23.842+0000] {processor.py:183} INFO - Processing /home/airflow/.local/lib/python3.12/site-packages/airflow/example_dags/example_latest_only_with_trigger.py took 0.156 seconds
[2024-06-16T12:53:54.858+0000] {processor.py:161} INFO - Started process (PID=925) to work on /home/airflow/.local/lib/python3.12/site-packages/airflow/example_dags/example_latest_only_with_trigger.py
[2024-06-16T12:53:54.859+0000] {processor.py:830} INFO - Processing file /home/airflow/.local/lib/python3.12/site-packages/airflow/example_dags/example_latest_only_with_trigger.py for tasks to queue
[2024-06-16T12:53:54.860+0000] {logging_mixin.py:188} INFO - [2024-06-16T12:53:54.860+0000] {dagbag.py:545} INFO - Filling up the DagBag from /home/airflow/.local/lib/python3.12/site-packages/airflow/example_dags/example_latest_only_with_trigger.py
[2024-06-16T12:53:54.870+0000] {processor.py:840} INFO - DAG(s) 'latest_only_with_trigger' retrieved from /home/airflow/.local/lib/python3.12/site-packages/airflow/example_dags/example_latest_only_with_trigger.py
[2024-06-16T12:53:54.909+0000] {logging_mixin.py:188} INFO - [2024-06-16T12:53:54.909+0000] {dag.py:3096} INFO - Sync 1 DAGs
[2024-06-16T12:53:54.956+0000] {logging_mixin.py:188} INFO - [2024-06-16T12:53:54.956+0000] {dag.py:3954} INFO - Setting next_dagrun for latest_only_with_trigger to 2024-06-16 08:00:00+00:00, run_after=2024-06-16 12:00:00+00:00
[2024-06-16T12:53:54.997+0000] {processor.py:183} INFO - Processing /home/airflow/.local/lib/python3.12/site-packages/airflow/example_dags/example_latest_only_with_trigger.py took 0.149 seconds
[2024-06-16T12:54:25.290+0000] {processor.py:161} INFO - Started process (PID=983) to work on /home/airflow/.local/lib/python3.12/site-packages/airflow/example_dags/example_latest_only_with_trigger.py
[2024-06-16T12:54:25.291+0000] {processor.py:830} INFO - Processing file /home/airflow/.local/lib/python3.12/site-packages/airflow/example_dags/example_latest_only_with_trigger.py for tasks to queue
[2024-06-16T12:54:25.292+0000] {logging_mixin.py:188} INFO - [2024-06-16T12:54:25.291+0000] {dagbag.py:545} INFO - Filling up the DagBag from /home/airflow/.local/lib/python3.12/site-packages/airflow/example_dags/example_latest_only_with_trigger.py
[2024-06-16T12:54:25.298+0000] {processor.py:840} INFO - DAG(s) 'latest_only_with_trigger' retrieved from /home/airflow/.local/lib/python3.12/site-packages/airflow/example_dags/example_latest_only_with_trigger.py
[2024-06-16T12:54:25.331+0000] {logging_mixin.py:188} INFO - [2024-06-16T12:54:25.331+0000] {dag.py:3096} INFO - Sync 1 DAGs
[2024-06-16T12:54:25.366+0000] {logging_mixin.py:188} INFO - [2024-06-16T12:54:25.366+0000] {dag.py:3954} INFO - Setting next_dagrun for latest_only_with_trigger to 2024-06-16 08:00:00+00:00, run_after=2024-06-16 12:00:00+00:00
[2024-06-16T12:54:25.393+0000] {processor.py:183} INFO - Processing /home/airflow/.local/lib/python3.12/site-packages/airflow/example_dags/example_latest_only_with_trigger.py took 0.111 seconds
[2024-06-16T12:54:55.696+0000] {processor.py:161} INFO - Started process (PID=1042) to work on /home/airflow/.local/lib/python3.12/site-packages/airflow/example_dags/example_latest_only_with_trigger.py
[2024-06-16T12:54:55.697+0000] {processor.py:830} INFO - Processing file /home/airflow/.local/lib/python3.12/site-packages/airflow/example_dags/example_latest_only_with_trigger.py for tasks to queue
[2024-06-16T12:54:55.698+0000] {logging_mixin.py:188} INFO - [2024-06-16T12:54:55.697+0000] {dagbag.py:545} INFO - Filling up the DagBag from /home/airflow/.local/lib/python3.12/site-packages/airflow/example_dags/example_latest_only_with_trigger.py
[2024-06-16T12:54:55.704+0000] {processor.py:840} INFO - DAG(s) 'latest_only_with_trigger' retrieved from /home/airflow/.local/lib/python3.12/site-packages/airflow/example_dags/example_latest_only_with_trigger.py
[2024-06-16T12:54:55.734+0000] {logging_mixin.py:188} INFO - [2024-06-16T12:54:55.733+0000] {dag.py:3096} INFO - Sync 1 DAGs
[2024-06-16T12:54:55.762+0000] {logging_mixin.py:188} INFO - [2024-06-16T12:54:55.762+0000] {dag.py:3954} INFO - Setting next_dagrun for latest_only_with_trigger to 2024-06-16 08:00:00+00:00, run_after=2024-06-16 12:00:00+00:00
[2024-06-16T12:54:55.787+0000] {processor.py:183} INFO - Processing /home/airflow/.local/lib/python3.12/site-packages/airflow/example_dags/example_latest_only_with_trigger.py took 0.097 seconds
[2024-06-16T12:55:26.053+0000] {processor.py:161} INFO - Started process (PID=1101) to work on /home/airflow/.local/lib/python3.12/site-packages/airflow/example_dags/example_latest_only_with_trigger.py
[2024-06-16T12:55:26.054+0000] {processor.py:830} INFO - Processing file /home/airflow/.local/lib/python3.12/site-packages/airflow/example_dags/example_latest_only_with_trigger.py for tasks to queue
[2024-06-16T12:55:26.055+0000] {logging_mixin.py:188} INFO - [2024-06-16T12:55:26.055+0000] {dagbag.py:545} INFO - Filling up the DagBag from /home/airflow/.local/lib/python3.12/site-packages/airflow/example_dags/example_latest_only_with_trigger.py
[2024-06-16T12:55:26.064+0000] {processor.py:840} INFO - DAG(s) 'latest_only_with_trigger' retrieved from /home/airflow/.local/lib/python3.12/site-packages/airflow/example_dags/example_latest_only_with_trigger.py
[2024-06-16T12:55:26.094+0000] {logging_mixin.py:188} INFO - [2024-06-16T12:55:26.094+0000] {dag.py:3096} INFO - Sync 1 DAGs
[2024-06-16T12:55:26.125+0000] {logging_mixin.py:188} INFO - [2024-06-16T12:55:26.124+0000] {dag.py:3954} INFO - Setting next_dagrun for latest_only_with_trigger to 2024-06-16 08:00:00+00:00, run_after=2024-06-16 12:00:00+00:00
[2024-06-16T12:55:26.149+0000] {processor.py:183} INFO - Processing /home/airflow/.local/lib/python3.12/site-packages/airflow/example_dags/example_latest_only_with_trigger.py took 0.104 seconds
[2024-06-16T12:55:56.653+0000] {processor.py:161} INFO - Started process (PID=1159) to work on /home/airflow/.local/lib/python3.12/site-packages/airflow/example_dags/example_latest_only_with_trigger.py
[2024-06-16T12:55:56.660+0000] {processor.py:830} INFO - Processing file /home/airflow/.local/lib/python3.12/site-packages/airflow/example_dags/example_latest_only_with_trigger.py for tasks to queue
[2024-06-16T12:55:56.663+0000] {logging_mixin.py:188} INFO - [2024-06-16T12:55:56.663+0000] {dagbag.py:545} INFO - Filling up the DagBag from /home/airflow/.local/lib/python3.12/site-packages/airflow/example_dags/example_latest_only_with_trigger.py
[2024-06-16T12:55:56.698+0000] {processor.py:840} INFO - DAG(s) 'latest_only_with_trigger' retrieved from /home/airflow/.local/lib/python3.12/site-packages/airflow/example_dags/example_latest_only_with_trigger.py
[2024-06-16T12:55:56.818+0000] {logging_mixin.py:188} INFO - [2024-06-16T12:55:56.818+0000] {dag.py:3096} INFO - Sync 1 DAGs
[2024-06-16T12:55:56.889+0000] {logging_mixin.py:188} INFO - [2024-06-16T12:55:56.888+0000] {dag.py:3954} INFO - Setting next_dagrun for latest_only_with_trigger to 2024-06-16 08:00:00+00:00, run_after=2024-06-16 12:00:00+00:00
[2024-06-16T12:55:56.964+0000] {processor.py:183} INFO - Processing /home/airflow/.local/lib/python3.12/site-packages/airflow/example_dags/example_latest_only_with_trigger.py took 0.327 seconds
[2024-06-16T12:56:27.538+0000] {processor.py:161} INFO - Started process (PID=1218) to work on /home/airflow/.local/lib/python3.12/site-packages/airflow/example_dags/example_latest_only_with_trigger.py
[2024-06-16T12:56:27.539+0000] {processor.py:830} INFO - Processing file /home/airflow/.local/lib/python3.12/site-packages/airflow/example_dags/example_latest_only_with_trigger.py for tasks to queue
[2024-06-16T12:56:27.540+0000] {logging_mixin.py:188} INFO - [2024-06-16T12:56:27.540+0000] {dagbag.py:545} INFO - Filling up the DagBag from /home/airflow/.local/lib/python3.12/site-packages/airflow/example_dags/example_latest_only_with_trigger.py
[2024-06-16T12:56:27.547+0000] {processor.py:840} INFO - DAG(s) 'latest_only_with_trigger' retrieved from /home/airflow/.local/lib/python3.12/site-packages/airflow/example_dags/example_latest_only_with_trigger.py
[2024-06-16T12:56:27.577+0000] {logging_mixin.py:188} INFO - [2024-06-16T12:56:27.577+0000] {dag.py:3096} INFO - Sync 1 DAGs
[2024-06-16T12:56:27.609+0000] {logging_mixin.py:188} INFO - [2024-06-16T12:56:27.609+0000] {dag.py:3954} INFO - Setting next_dagrun for latest_only_with_trigger to 2024-06-16 08:00:00+00:00, run_after=2024-06-16 12:00:00+00:00
[2024-06-16T12:56:27.639+0000] {processor.py:183} INFO - Processing /home/airflow/.local/lib/python3.12/site-packages/airflow/example_dags/example_latest_only_with_trigger.py took 0.110 seconds
[2024-06-16T12:56:58.413+0000] {processor.py:161} INFO - Started process (PID=1275) to work on /home/airflow/.local/lib/python3.12/site-packages/airflow/example_dags/example_latest_only_with_trigger.py
[2024-06-16T12:56:58.414+0000] {processor.py:830} INFO - Processing file /home/airflow/.local/lib/python3.12/site-packages/airflow/example_dags/example_latest_only_with_trigger.py for tasks to queue
[2024-06-16T12:56:58.415+0000] {logging_mixin.py:188} INFO - [2024-06-16T12:56:58.414+0000] {dagbag.py:545} INFO - Filling up the DagBag from /home/airflow/.local/lib/python3.12/site-packages/airflow/example_dags/example_latest_only_with_trigger.py
[2024-06-16T12:56:58.421+0000] {processor.py:840} INFO - DAG(s) 'latest_only_with_trigger' retrieved from /home/airflow/.local/lib/python3.12/site-packages/airflow/example_dags/example_latest_only_with_trigger.py
[2024-06-16T12:56:58.448+0000] {logging_mixin.py:188} INFO - [2024-06-16T12:56:58.448+0000] {dag.py:3096} INFO - Sync 1 DAGs
[2024-06-16T12:56:58.483+0000] {logging_mixin.py:188} INFO - [2024-06-16T12:56:58.483+0000] {dag.py:3954} INFO - Setting next_dagrun for latest_only_with_trigger to 2024-06-16 08:00:00+00:00, run_after=2024-06-16 12:00:00+00:00
[2024-06-16T12:56:58.508+0000] {processor.py:183} INFO - Processing /home/airflow/.local/lib/python3.12/site-packages/airflow/example_dags/example_latest_only_with_trigger.py took 0.101 seconds
[2024-06-16T12:57:28.768+0000] {processor.py:161} INFO - Started process (PID=1333) to work on /home/airflow/.local/lib/python3.12/site-packages/airflow/example_dags/example_latest_only_with_trigger.py
[2024-06-16T12:57:28.769+0000] {processor.py:830} INFO - Processing file /home/airflow/.local/lib/python3.12/site-packages/airflow/example_dags/example_latest_only_with_trigger.py for tasks to queue
[2024-06-16T12:57:28.770+0000] {logging_mixin.py:188} INFO - [2024-06-16T12:57:28.769+0000] {dagbag.py:545} INFO - Filling up the DagBag from /home/airflow/.local/lib/python3.12/site-packages/airflow/example_dags/example_latest_only_with_trigger.py
[2024-06-16T12:57:28.777+0000] {processor.py:840} INFO - DAG(s) 'latest_only_with_trigger' retrieved from /home/airflow/.local/lib/python3.12/site-packages/airflow/example_dags/example_latest_only_with_trigger.py
[2024-06-16T12:57:28.802+0000] {logging_mixin.py:188} INFO - [2024-06-16T12:57:28.802+0000] {dag.py:3096} INFO - Sync 1 DAGs
[2024-06-16T12:57:28.834+0000] {logging_mixin.py:188} INFO - [2024-06-16T12:57:28.833+0000] {dag.py:3954} INFO - Setting next_dagrun for latest_only_with_trigger to 2024-06-16 08:00:00+00:00, run_after=2024-06-16 12:00:00+00:00
[2024-06-16T12:57:28.860+0000] {processor.py:183} INFO - Processing /home/airflow/.local/lib/python3.12/site-packages/airflow/example_dags/example_latest_only_with_trigger.py took 0.097 seconds
[2024-06-16T12:57:58.947+0000] {processor.py:161} INFO - Started process (PID=1392) to work on /home/airflow/.local/lib/python3.12/site-packages/airflow/example_dags/example_latest_only_with_trigger.py
[2024-06-16T12:57:58.957+0000] {processor.py:830} INFO - Processing file /home/airflow/.local/lib/python3.12/site-packages/airflow/example_dags/example_latest_only_with_trigger.py for tasks to queue
[2024-06-16T12:57:58.959+0000] {logging_mixin.py:188} INFO - [2024-06-16T12:57:58.958+0000] {dagbag.py:545} INFO - Filling up the DagBag from /home/airflow/.local/lib/python3.12/site-packages/airflow/example_dags/example_latest_only_with_trigger.py
[2024-06-16T12:57:58.968+0000] {processor.py:840} INFO - DAG(s) 'latest_only_with_trigger' retrieved from /home/airflow/.local/lib/python3.12/site-packages/airflow/example_dags/example_latest_only_with_trigger.py
[2024-06-16T12:57:59.022+0000] {logging_mixin.py:188} INFO - [2024-06-16T12:57:59.021+0000] {dag.py:3096} INFO - Sync 1 DAGs
[2024-06-16T12:57:59.084+0000] {logging_mixin.py:188} INFO - [2024-06-16T12:57:59.084+0000] {dag.py:3954} INFO - Setting next_dagrun for latest_only_with_trigger to 2024-06-16 08:00:00+00:00, run_after=2024-06-16 12:00:00+00:00
[2024-06-16T12:57:59.129+0000] {processor.py:183} INFO - Processing /home/airflow/.local/lib/python3.12/site-packages/airflow/example_dags/example_latest_only_with_trigger.py took 0.191 seconds
[2024-06-16T12:58:29.359+0000] {processor.py:161} INFO - Started process (PID=1450) to work on /home/airflow/.local/lib/python3.12/site-packages/airflow/example_dags/example_latest_only_with_trigger.py
[2024-06-16T12:58:29.369+0000] {processor.py:830} INFO - Processing file /home/airflow/.local/lib/python3.12/site-packages/airflow/example_dags/example_latest_only_with_trigger.py for tasks to queue
[2024-06-16T12:58:29.370+0000] {logging_mixin.py:188} INFO - [2024-06-16T12:58:29.369+0000] {dagbag.py:545} INFO - Filling up the DagBag from /home/airflow/.local/lib/python3.12/site-packages/airflow/example_dags/example_latest_only_with_trigger.py
[2024-06-16T12:58:29.376+0000] {processor.py:840} INFO - DAG(s) 'latest_only_with_trigger' retrieved from /home/airflow/.local/lib/python3.12/site-packages/airflow/example_dags/example_latest_only_with_trigger.py
[2024-06-16T12:58:29.403+0000] {logging_mixin.py:188} INFO - [2024-06-16T12:58:29.402+0000] {dag.py:3096} INFO - Sync 1 DAGs
[2024-06-16T12:58:29.431+0000] {logging_mixin.py:188} INFO - [2024-06-16T12:58:29.430+0000] {dag.py:3954} INFO - Setting next_dagrun for latest_only_with_trigger to 2024-06-16 08:00:00+00:00, run_after=2024-06-16 12:00:00+00:00
[2024-06-16T12:58:29.460+0000] {processor.py:183} INFO - Processing /home/airflow/.local/lib/python3.12/site-packages/airflow/example_dags/example_latest_only_with_trigger.py took 0.105 seconds
[2024-06-16T12:59:00.254+0000] {processor.py:161} INFO - Started process (PID=1517) to work on /home/airflow/.local/lib/python3.12/site-packages/airflow/example_dags/example_latest_only_with_trigger.py
[2024-06-16T12:59:00.255+0000] {processor.py:830} INFO - Processing file /home/airflow/.local/lib/python3.12/site-packages/airflow/example_dags/example_latest_only_with_trigger.py for tasks to queue
[2024-06-16T12:59:00.256+0000] {logging_mixin.py:188} INFO - [2024-06-16T12:59:00.255+0000] {dagbag.py:545} INFO - Filling up the DagBag from /home/airflow/.local/lib/python3.12/site-packages/airflow/example_dags/example_latest_only_with_trigger.py
[2024-06-16T12:59:00.262+0000] {processor.py:840} INFO - DAG(s) 'latest_only_with_trigger' retrieved from /home/airflow/.local/lib/python3.12/site-packages/airflow/example_dags/example_latest_only_with_trigger.py
[2024-06-16T12:59:00.288+0000] {logging_mixin.py:188} INFO - [2024-06-16T12:59:00.288+0000] {dag.py:3096} INFO - Sync 1 DAGs
[2024-06-16T12:59:00.317+0000] {logging_mixin.py:188} INFO - [2024-06-16T12:59:00.316+0000] {dag.py:3954} INFO - Setting next_dagrun for latest_only_with_trigger to 2024-06-16 08:00:00+00:00, run_after=2024-06-16 12:00:00+00:00
[2024-06-16T12:59:00.344+0000] {processor.py:183} INFO - Processing /home/airflow/.local/lib/python3.12/site-packages/airflow/example_dags/example_latest_only_with_trigger.py took 0.096 seconds
[2024-06-16T12:59:30.843+0000] {processor.py:161} INFO - Started process (PID=1579) to work on /home/airflow/.local/lib/python3.12/site-packages/airflow/example_dags/example_latest_only_with_trigger.py
[2024-06-16T12:59:30.852+0000] {processor.py:830} INFO - Processing file /home/airflow/.local/lib/python3.12/site-packages/airflow/example_dags/example_latest_only_with_trigger.py for tasks to queue
[2024-06-16T12:59:30.853+0000] {logging_mixin.py:188} INFO - [2024-06-16T12:59:30.853+0000] {dagbag.py:545} INFO - Filling up the DagBag from /home/airflow/.local/lib/python3.12/site-packages/airflow/example_dags/example_latest_only_with_trigger.py
[2024-06-16T12:59:30.860+0000] {processor.py:840} INFO - DAG(s) 'latest_only_with_trigger' retrieved from /home/airflow/.local/lib/python3.12/site-packages/airflow/example_dags/example_latest_only_with_trigger.py
[2024-06-16T12:59:30.885+0000] {logging_mixin.py:188} INFO - [2024-06-16T12:59:30.885+0000] {dag.py:3096} INFO - Sync 1 DAGs
[2024-06-16T12:59:30.921+0000] {logging_mixin.py:188} INFO - [2024-06-16T12:59:30.920+0000] {dag.py:3954} INFO - Setting next_dagrun for latest_only_with_trigger to 2024-06-16 08:00:00+00:00, run_after=2024-06-16 12:00:00+00:00
[2024-06-16T12:59:30.950+0000] {processor.py:183} INFO - Processing /home/airflow/.local/lib/python3.12/site-packages/airflow/example_dags/example_latest_only_with_trigger.py took 0.113 seconds
[2024-06-16T13:00:01.215+0000] {processor.py:161} INFO - Started process (PID=1640) to work on /home/airflow/.local/lib/python3.12/site-packages/airflow/example_dags/example_latest_only_with_trigger.py
[2024-06-16T13:00:01.216+0000] {processor.py:830} INFO - Processing file /home/airflow/.local/lib/python3.12/site-packages/airflow/example_dags/example_latest_only_with_trigger.py for tasks to queue
[2024-06-16T13:00:01.217+0000] {logging_mixin.py:188} INFO - [2024-06-16T13:00:01.216+0000] {dagbag.py:545} INFO - Filling up the DagBag from /home/airflow/.local/lib/python3.12/site-packages/airflow/example_dags/example_latest_only_with_trigger.py
[2024-06-16T13:00:01.224+0000] {processor.py:840} INFO - DAG(s) 'latest_only_with_trigger' retrieved from /home/airflow/.local/lib/python3.12/site-packages/airflow/example_dags/example_latest_only_with_trigger.py
[2024-06-16T13:00:01.252+0000] {logging_mixin.py:188} INFO - [2024-06-16T13:00:01.252+0000] {dag.py:3096} INFO - Sync 1 DAGs
[2024-06-16T13:00:01.288+0000] {logging_mixin.py:188} INFO - [2024-06-16T13:00:01.288+0000] {dag.py:3954} INFO - Setting next_dagrun for latest_only_with_trigger to 2024-06-16 08:00:00+00:00, run_after=2024-06-16 12:00:00+00:00
[2024-06-16T13:00:01.321+0000] {processor.py:183} INFO - Processing /home/airflow/.local/lib/python3.12/site-packages/airflow/example_dags/example_latest_only_with_trigger.py took 0.112 seconds
[2024-06-16T13:00:32.017+0000] {processor.py:161} INFO - Started process (PID=1706) to work on /home/airflow/.local/lib/python3.12/site-packages/airflow/example_dags/example_latest_only_with_trigger.py
[2024-06-16T13:00:32.027+0000] {processor.py:830} INFO - Processing file /home/airflow/.local/lib/python3.12/site-packages/airflow/example_dags/example_latest_only_with_trigger.py for tasks to queue
[2024-06-16T13:00:32.028+0000] {logging_mixin.py:188} INFO - [2024-06-16T13:00:32.028+0000] {dagbag.py:545} INFO - Filling up the DagBag from /home/airflow/.local/lib/python3.12/site-packages/airflow/example_dags/example_latest_only_with_trigger.py
[2024-06-16T13:00:32.038+0000] {processor.py:840} INFO - DAG(s) 'latest_only_with_trigger' retrieved from /home/airflow/.local/lib/python3.12/site-packages/airflow/example_dags/example_latest_only_with_trigger.py
[2024-06-16T13:00:32.071+0000] {logging_mixin.py:188} INFO - [2024-06-16T13:00:32.071+0000] {dag.py:3096} INFO - Sync 1 DAGs
[2024-06-16T13:00:32.116+0000] {logging_mixin.py:188} INFO - [2024-06-16T13:00:32.116+0000] {dag.py:3954} INFO - Setting next_dagrun for latest_only_with_trigger to 2024-06-16 08:00:00+00:00, run_after=2024-06-16 12:00:00+00:00
[2024-06-16T13:00:32.149+0000] {processor.py:183} INFO - Processing /home/airflow/.local/lib/python3.12/site-packages/airflow/example_dags/example_latest_only_with_trigger.py took 0.141 seconds
[2024-06-16T13:01:02.418+0000] {processor.py:161} INFO - Started process (PID=1765) to work on /home/airflow/.local/lib/python3.12/site-packages/airflow/example_dags/example_latest_only_with_trigger.py
[2024-06-16T13:01:02.428+0000] {processor.py:830} INFO - Processing file /home/airflow/.local/lib/python3.12/site-packages/airflow/example_dags/example_latest_only_with_trigger.py for tasks to queue
[2024-06-16T13:01:02.430+0000] {logging_mixin.py:188} INFO - [2024-06-16T13:01:02.429+0000] {dagbag.py:545} INFO - Filling up the DagBag from /home/airflow/.local/lib/python3.12/site-packages/airflow/example_dags/example_latest_only_with_trigger.py
[2024-06-16T13:01:02.439+0000] {processor.py:840} INFO - DAG(s) 'latest_only_with_trigger' retrieved from /home/airflow/.local/lib/python3.12/site-packages/airflow/example_dags/example_latest_only_with_trigger.py
[2024-06-16T13:01:02.475+0000] {logging_mixin.py:188} INFO - [2024-06-16T13:01:02.475+0000] {dag.py:3096} INFO - Sync 1 DAGs
[2024-06-16T13:01:02.513+0000] {logging_mixin.py:188} INFO - [2024-06-16T13:01:02.512+0000] {dag.py:3954} INFO - Setting next_dagrun for latest_only_with_trigger to 2024-06-16 08:00:00+00:00, run_after=2024-06-16 12:00:00+00:00
[2024-06-16T13:01:02.551+0000] {processor.py:183} INFO - Processing /home/airflow/.local/lib/python3.12/site-packages/airflow/example_dags/example_latest_only_with_trigger.py took 0.142 seconds
[2024-06-16T13:01:32.724+0000] {processor.py:161} INFO - Started process (PID=1824) to work on /home/airflow/.local/lib/python3.12/site-packages/airflow/example_dags/example_latest_only_with_trigger.py
[2024-06-16T13:01:32.725+0000] {processor.py:830} INFO - Processing file /home/airflow/.local/lib/python3.12/site-packages/airflow/example_dags/example_latest_only_with_trigger.py for tasks to queue
[2024-06-16T13:01:32.726+0000] {logging_mixin.py:188} INFO - [2024-06-16T13:01:32.725+0000] {dagbag.py:545} INFO - Filling up the DagBag from /home/airflow/.local/lib/python3.12/site-packages/airflow/example_dags/example_latest_only_with_trigger.py
[2024-06-16T13:01:32.733+0000] {processor.py:840} INFO - DAG(s) 'latest_only_with_trigger' retrieved from /home/airflow/.local/lib/python3.12/site-packages/airflow/example_dags/example_latest_only_with_trigger.py
[2024-06-16T13:01:32.758+0000] {logging_mixin.py:188} INFO - [2024-06-16T13:01:32.757+0000] {dag.py:3096} INFO - Sync 1 DAGs
[2024-06-16T13:01:32.785+0000] {logging_mixin.py:188} INFO - [2024-06-16T13:01:32.785+0000] {dag.py:3954} INFO - Setting next_dagrun for latest_only_with_trigger to 2024-06-16 08:00:00+00:00, run_after=2024-06-16 12:00:00+00:00
[2024-06-16T13:01:32.821+0000] {processor.py:183} INFO - Processing /home/airflow/.local/lib/python3.12/site-packages/airflow/example_dags/example_latest_only_with_trigger.py took 0.105 seconds
[2024-06-16T13:02:03.269+0000] {processor.py:161} INFO - Started process (PID=1883) to work on /home/airflow/.local/lib/python3.12/site-packages/airflow/example_dags/example_latest_only_with_trigger.py
[2024-06-16T13:02:03.270+0000] {processor.py:830} INFO - Processing file /home/airflow/.local/lib/python3.12/site-packages/airflow/example_dags/example_latest_only_with_trigger.py for tasks to queue
[2024-06-16T13:02:03.271+0000] {logging_mixin.py:188} INFO - [2024-06-16T13:02:03.270+0000] {dagbag.py:545} INFO - Filling up the DagBag from /home/airflow/.local/lib/python3.12/site-packages/airflow/example_dags/example_latest_only_with_trigger.py
[2024-06-16T13:02:03.277+0000] {processor.py:840} INFO - DAG(s) 'latest_only_with_trigger' retrieved from /home/airflow/.local/lib/python3.12/site-packages/airflow/example_dags/example_latest_only_with_trigger.py
[2024-06-16T13:02:03.306+0000] {logging_mixin.py:188} INFO - [2024-06-16T13:02:03.306+0000] {dag.py:3096} INFO - Sync 1 DAGs
[2024-06-16T13:02:03.338+0000] {logging_mixin.py:188} INFO - [2024-06-16T13:02:03.337+0000] {dag.py:3954} INFO - Setting next_dagrun for latest_only_with_trigger to 2024-06-16 08:00:00+00:00, run_after=2024-06-16 12:00:00+00:00
[2024-06-16T13:02:03.368+0000] {processor.py:183} INFO - Processing /home/airflow/.local/lib/python3.12/site-packages/airflow/example_dags/example_latest_only_with_trigger.py took 0.105 seconds
[2024-06-16T13:02:33.502+0000] {processor.py:161} INFO - Started process (PID=1942) to work on /home/airflow/.local/lib/python3.12/site-packages/airflow/example_dags/example_latest_only_with_trigger.py
[2024-06-16T13:02:33.503+0000] {processor.py:830} INFO - Processing file /home/airflow/.local/lib/python3.12/site-packages/airflow/example_dags/example_latest_only_with_trigger.py for tasks to queue
[2024-06-16T13:02:33.504+0000] {logging_mixin.py:188} INFO - [2024-06-16T13:02:33.504+0000] {dagbag.py:545} INFO - Filling up the DagBag from /home/airflow/.local/lib/python3.12/site-packages/airflow/example_dags/example_latest_only_with_trigger.py
[2024-06-16T13:02:33.518+0000] {processor.py:840} INFO - DAG(s) 'latest_only_with_trigger' retrieved from /home/airflow/.local/lib/python3.12/site-packages/airflow/example_dags/example_latest_only_with_trigger.py
[2024-06-16T13:02:33.548+0000] {logging_mixin.py:188} INFO - [2024-06-16T13:02:33.548+0000] {dag.py:3096} INFO - Sync 1 DAGs
[2024-06-16T13:02:33.596+0000] {logging_mixin.py:188} INFO - [2024-06-16T13:02:33.595+0000] {dag.py:3954} INFO - Setting next_dagrun for latest_only_with_trigger to 2024-06-16 08:00:00+00:00, run_after=2024-06-16 12:00:00+00:00
[2024-06-16T13:02:33.624+0000] {processor.py:183} INFO - Processing /home/airflow/.local/lib/python3.12/site-packages/airflow/example_dags/example_latest_only_with_trigger.py took 0.135 seconds
[2024-06-16T13:03:03.825+0000] {processor.py:161} INFO - Started process (PID=2001) to work on /home/airflow/.local/lib/python3.12/site-packages/airflow/example_dags/example_latest_only_with_trigger.py
[2024-06-16T13:03:03.826+0000] {processor.py:830} INFO - Processing file /home/airflow/.local/lib/python3.12/site-packages/airflow/example_dags/example_latest_only_with_trigger.py for tasks to queue
[2024-06-16T13:03:03.827+0000] {logging_mixin.py:188} INFO - [2024-06-16T13:03:03.826+0000] {dagbag.py:545} INFO - Filling up the DagBag from /home/airflow/.local/lib/python3.12/site-packages/airflow/example_dags/example_latest_only_with_trigger.py
[2024-06-16T13:03:03.836+0000] {processor.py:840} INFO - DAG(s) 'latest_only_with_trigger' retrieved from /home/airflow/.local/lib/python3.12/site-packages/airflow/example_dags/example_latest_only_with_trigger.py
[2024-06-16T13:03:03.868+0000] {logging_mixin.py:188} INFO - [2024-06-16T13:03:03.868+0000] {dag.py:3096} INFO - Sync 1 DAGs
[2024-06-16T13:03:03.907+0000] {logging_mixin.py:188} INFO - [2024-06-16T13:03:03.907+0000] {dag.py:3954} INFO - Setting next_dagrun for latest_only_with_trigger to 2024-06-16 08:00:00+00:00, run_after=2024-06-16 12:00:00+00:00
[2024-06-16T13:03:03.937+0000] {processor.py:183} INFO - Processing /home/airflow/.local/lib/python3.12/site-packages/airflow/example_dags/example_latest_only_with_trigger.py took 0.120 seconds
[2024-06-16T13:03:34.556+0000] {processor.py:161} INFO - Started process (PID=2060) to work on /home/airflow/.local/lib/python3.12/site-packages/airflow/example_dags/example_latest_only_with_trigger.py
[2024-06-16T13:03:34.557+0000] {processor.py:830} INFO - Processing file /home/airflow/.local/lib/python3.12/site-packages/airflow/example_dags/example_latest_only_with_trigger.py for tasks to queue
[2024-06-16T13:03:34.558+0000] {logging_mixin.py:188} INFO - [2024-06-16T13:03:34.558+0000] {dagbag.py:545} INFO - Filling up the DagBag from /home/airflow/.local/lib/python3.12/site-packages/airflow/example_dags/example_latest_only_with_trigger.py
[2024-06-16T13:03:34.569+0000] {processor.py:840} INFO - DAG(s) 'latest_only_with_trigger' retrieved from /home/airflow/.local/lib/python3.12/site-packages/airflow/example_dags/example_latest_only_with_trigger.py
[2024-06-16T13:03:34.600+0000] {logging_mixin.py:188} INFO - [2024-06-16T13:03:34.600+0000] {dag.py:3096} INFO - Sync 1 DAGs
[2024-06-16T13:03:34.635+0000] {logging_mixin.py:188} INFO - [2024-06-16T13:03:34.635+0000] {dag.py:3954} INFO - Setting next_dagrun for latest_only_with_trigger to 2024-06-16 08:00:00+00:00, run_after=2024-06-16 12:00:00+00:00
[2024-06-16T13:03:34.663+0000] {processor.py:183} INFO - Processing /home/airflow/.local/lib/python3.12/site-packages/airflow/example_dags/example_latest_only_with_trigger.py took 0.115 seconds
[2024-06-16T13:04:05.132+0000] {processor.py:161} INFO - Started process (PID=2122) to work on /home/airflow/.local/lib/python3.12/site-packages/airflow/example_dags/example_latest_only_with_trigger.py
[2024-06-16T13:04:05.133+0000] {processor.py:830} INFO - Processing file /home/airflow/.local/lib/python3.12/site-packages/airflow/example_dags/example_latest_only_with_trigger.py for tasks to queue
[2024-06-16T13:04:05.134+0000] {logging_mixin.py:188} INFO - [2024-06-16T13:04:05.134+0000] {dagbag.py:545} INFO - Filling up the DagBag from /home/airflow/.local/lib/python3.12/site-packages/airflow/example_dags/example_latest_only_with_trigger.py
[2024-06-16T13:04:05.141+0000] {processor.py:840} INFO - DAG(s) 'latest_only_with_trigger' retrieved from /home/airflow/.local/lib/python3.12/site-packages/airflow/example_dags/example_latest_only_with_trigger.py
[2024-06-16T13:04:05.171+0000] {logging_mixin.py:188} INFO - [2024-06-16T13:04:05.171+0000] {dag.py:3096} INFO - Sync 1 DAGs
[2024-06-16T13:04:05.205+0000] {logging_mixin.py:188} INFO - [2024-06-16T13:04:05.204+0000] {dag.py:3954} INFO - Setting next_dagrun for latest_only_with_trigger to 2024-06-16 08:00:00+00:00, run_after=2024-06-16 12:00:00+00:00
[2024-06-16T13:04:05.383+0000] {processor.py:183} INFO - Processing /home/airflow/.local/lib/python3.12/site-packages/airflow/example_dags/example_latest_only_with_trigger.py took 0.257 seconds
[2024-06-16T13:04:35.429+0000] {processor.py:161} INFO - Started process (PID=2181) to work on /home/airflow/.local/lib/python3.12/site-packages/airflow/example_dags/example_latest_only_with_trigger.py
[2024-06-16T13:04:35.429+0000] {processor.py:830} INFO - Processing file /home/airflow/.local/lib/python3.12/site-packages/airflow/example_dags/example_latest_only_with_trigger.py for tasks to queue
[2024-06-16T13:04:35.430+0000] {logging_mixin.py:188} INFO - [2024-06-16T13:04:35.430+0000] {dagbag.py:545} INFO - Filling up the DagBag from /home/airflow/.local/lib/python3.12/site-packages/airflow/example_dags/example_latest_only_with_trigger.py
[2024-06-16T13:04:35.437+0000] {processor.py:840} INFO - DAG(s) 'latest_only_with_trigger' retrieved from /home/airflow/.local/lib/python3.12/site-packages/airflow/example_dags/example_latest_only_with_trigger.py
[2024-06-16T13:04:35.467+0000] {logging_mixin.py:188} INFO - [2024-06-16T13:04:35.466+0000] {dag.py:3096} INFO - Sync 1 DAGs
[2024-06-16T13:04:35.503+0000] {logging_mixin.py:188} INFO - [2024-06-16T13:04:35.503+0000] {dag.py:3954} INFO - Setting next_dagrun for latest_only_with_trigger to 2024-06-16 08:00:00+00:00, run_after=2024-06-16 12:00:00+00:00
[2024-06-16T13:04:35.534+0000] {processor.py:183} INFO - Processing /home/airflow/.local/lib/python3.12/site-packages/airflow/example_dags/example_latest_only_with_trigger.py took 0.111 seconds
[2024-06-16T13:05:05.635+0000] {processor.py:161} INFO - Started process (PID=2241) to work on /home/airflow/.local/lib/python3.12/site-packages/airflow/example_dags/example_latest_only_with_trigger.py
[2024-06-16T13:05:05.636+0000] {processor.py:830} INFO - Processing file /home/airflow/.local/lib/python3.12/site-packages/airflow/example_dags/example_latest_only_with_trigger.py for tasks to queue
[2024-06-16T13:05:05.637+0000] {logging_mixin.py:188} INFO - [2024-06-16T13:05:05.637+0000] {dagbag.py:545} INFO - Filling up the DagBag from /home/airflow/.local/lib/python3.12/site-packages/airflow/example_dags/example_latest_only_with_trigger.py
[2024-06-16T13:05:05.649+0000] {processor.py:840} INFO - DAG(s) 'latest_only_with_trigger' retrieved from /home/airflow/.local/lib/python3.12/site-packages/airflow/example_dags/example_latest_only_with_trigger.py
[2024-06-16T13:05:05.705+0000] {logging_mixin.py:188} INFO - [2024-06-16T13:05:05.705+0000] {dag.py:3096} INFO - Sync 1 DAGs
[2024-06-16T13:05:05.752+0000] {logging_mixin.py:188} INFO - [2024-06-16T13:05:05.751+0000] {dag.py:3954} INFO - Setting next_dagrun for latest_only_with_trigger to 2024-06-16 08:00:00+00:00, run_after=2024-06-16 12:00:00+00:00
[2024-06-16T13:05:05.787+0000] {processor.py:183} INFO - Processing /home/airflow/.local/lib/python3.12/site-packages/airflow/example_dags/example_latest_only_with_trigger.py took 0.162 seconds
[2024-06-16T13:05:36.114+0000] {processor.py:161} INFO - Started process (PID=2300) to work on /home/airflow/.local/lib/python3.12/site-packages/airflow/example_dags/example_latest_only_with_trigger.py
[2024-06-16T13:05:36.114+0000] {processor.py:830} INFO - Processing file /home/airflow/.local/lib/python3.12/site-packages/airflow/example_dags/example_latest_only_with_trigger.py for tasks to queue
[2024-06-16T13:05:36.116+0000] {logging_mixin.py:188} INFO - [2024-06-16T13:05:36.115+0000] {dagbag.py:545} INFO - Filling up the DagBag from /home/airflow/.local/lib/python3.12/site-packages/airflow/example_dags/example_latest_only_with_trigger.py
[2024-06-16T13:05:36.123+0000] {processor.py:840} INFO - DAG(s) 'latest_only_with_trigger' retrieved from /home/airflow/.local/lib/python3.12/site-packages/airflow/example_dags/example_latest_only_with_trigger.py
[2024-06-16T13:05:36.150+0000] {logging_mixin.py:188} INFO - [2024-06-16T13:05:36.150+0000] {dag.py:3096} INFO - Sync 1 DAGs
[2024-06-16T13:05:36.178+0000] {logging_mixin.py:188} INFO - [2024-06-16T13:05:36.178+0000] {dag.py:3954} INFO - Setting next_dagrun for latest_only_with_trigger to 2024-06-16 08:00:00+00:00, run_after=2024-06-16 12:00:00+00:00
[2024-06-16T13:05:36.366+0000] {processor.py:183} INFO - Processing /home/airflow/.local/lib/python3.12/site-packages/airflow/example_dags/example_latest_only_with_trigger.py took 0.260 seconds
[2024-06-16T13:06:07.082+0000] {processor.py:161} INFO - Started process (PID=2359) to work on /home/airflow/.local/lib/python3.12/site-packages/airflow/example_dags/example_latest_only_with_trigger.py
[2024-06-16T13:06:07.083+0000] {processor.py:830} INFO - Processing file /home/airflow/.local/lib/python3.12/site-packages/airflow/example_dags/example_latest_only_with_trigger.py for tasks to queue
[2024-06-16T13:06:07.084+0000] {logging_mixin.py:188} INFO - [2024-06-16T13:06:07.084+0000] {dagbag.py:545} INFO - Filling up the DagBag from /home/airflow/.local/lib/python3.12/site-packages/airflow/example_dags/example_latest_only_with_trigger.py
[2024-06-16T13:06:07.091+0000] {processor.py:840} INFO - DAG(s) 'latest_only_with_trigger' retrieved from /home/airflow/.local/lib/python3.12/site-packages/airflow/example_dags/example_latest_only_with_trigger.py
[2024-06-16T13:06:07.119+0000] {logging_mixin.py:188} INFO - [2024-06-16T13:06:07.118+0000] {dag.py:3096} INFO - Sync 1 DAGs
[2024-06-16T13:06:07.150+0000] {logging_mixin.py:188} INFO - [2024-06-16T13:06:07.149+0000] {dag.py:3954} INFO - Setting next_dagrun for latest_only_with_trigger to 2024-06-16 08:00:00+00:00, run_after=2024-06-16 12:00:00+00:00
[2024-06-16T13:06:07.179+0000] {processor.py:183} INFO - Processing /home/airflow/.local/lib/python3.12/site-packages/airflow/example_dags/example_latest_only_with_trigger.py took 0.103 seconds
