[2024-06-16T12:21:16.753+0000] {processor.py:161} INFO - Started process (PID=84) to work on /home/airflow/.local/lib/python3.12/site-packages/airflow/example_dags/example_skip_dag.py
[2024-06-16T12:21:16.754+0000] {processor.py:830} INFO - Processing file /home/airflow/.local/lib/python3.12/site-packages/airflow/example_dags/example_skip_dag.py for tasks to queue
[2024-06-16T12:21:16.782+0000] {logging_mixin.py:188} INFO - [2024-06-16T12:21:16.770+0000] {dagbag.py:545} INFO - Filling up the DagBag from /home/airflow/.local/lib/python3.12/site-packages/airflow/example_dags/example_skip_dag.py
[2024-06-16T12:21:16.816+0000] {processor.py:840} INFO - DAG(s) 'example_skip_dag' retrieved from /home/airflow/.local/lib/python3.12/site-packages/airflow/example_dags/example_skip_dag.py
[2024-06-16T12:21:17.262+0000] {logging_mixin.py:188} INFO - [2024-06-16T12:21:17.260+0000] {override.py:1829} INFO - Created Permission View: can edit on DAG:example_skip_dag
[2024-06-16T12:21:17.308+0000] {logging_mixin.py:188} INFO - [2024-06-16T12:21:17.301+0000] {override.py:1829} INFO - Created Permission View: can delete on DAG:example_skip_dag
[2024-06-16T12:21:17.326+0000] {logging_mixin.py:188} INFO - [2024-06-16T12:21:17.325+0000] {override.py:1829} INFO - Created Permission View: can read on DAG:example_skip_dag
[2024-06-16T12:21:17.327+0000] {logging_mixin.py:188} INFO - [2024-06-16T12:21:17.327+0000] {dag.py:3096} INFO - Sync 1 DAGs
[2024-06-16T12:21:17.359+0000] {logging_mixin.py:188} INFO - [2024-06-16T12:21:17.358+0000] {dag.py:3118} INFO - Creating ORM DAG for example_skip_dag
[2024-06-16T12:21:17.383+0000] {logging_mixin.py:188} INFO - [2024-06-16T12:21:17.382+0000] {dag.py:3954} INFO - Setting next_dagrun for example_skip_dag to 2024-06-15 00:00:00+00:00, run_after=2024-06-16 00:00:00+00:00
[2024-06-16T12:21:17.464+0000] {processor.py:183} INFO - Processing /home/airflow/.local/lib/python3.12/site-packages/airflow/example_dags/example_skip_dag.py took 0.745 seconds
[2024-06-16T12:21:48.179+0000] {processor.py:161} INFO - Started process (PID=142) to work on /home/airflow/.local/lib/python3.12/site-packages/airflow/example_dags/example_skip_dag.py
[2024-06-16T12:21:48.181+0000] {processor.py:830} INFO - Processing file /home/airflow/.local/lib/python3.12/site-packages/airflow/example_dags/example_skip_dag.py for tasks to queue
[2024-06-16T12:21:48.187+0000] {logging_mixin.py:188} INFO - [2024-06-16T12:21:48.186+0000] {dagbag.py:545} INFO - Filling up the DagBag from /home/airflow/.local/lib/python3.12/site-packages/airflow/example_dags/example_skip_dag.py
[2024-06-16T12:21:48.214+0000] {processor.py:840} INFO - DAG(s) 'example_skip_dag' retrieved from /home/airflow/.local/lib/python3.12/site-packages/airflow/example_dags/example_skip_dag.py
[2024-06-16T12:21:48.302+0000] {logging_mixin.py:188} INFO - [2024-06-16T12:21:48.302+0000] {dag.py:3096} INFO - Sync 1 DAGs
[2024-06-16T12:21:48.377+0000] {logging_mixin.py:188} INFO - [2024-06-16T12:21:48.376+0000] {dag.py:3954} INFO - Setting next_dagrun for example_skip_dag to 2024-06-15 00:00:00+00:00, run_after=2024-06-16 00:00:00+00:00
[2024-06-16T12:21:48.442+0000] {processor.py:183} INFO - Processing /home/airflow/.local/lib/python3.12/site-packages/airflow/example_dags/example_skip_dag.py took 0.272 seconds
[2024-06-16T12:22:19.236+0000] {processor.py:161} INFO - Started process (PID=201) to work on /home/airflow/.local/lib/python3.12/site-packages/airflow/example_dags/example_skip_dag.py
[2024-06-16T12:22:19.239+0000] {processor.py:830} INFO - Processing file /home/airflow/.local/lib/python3.12/site-packages/airflow/example_dags/example_skip_dag.py for tasks to queue
[2024-06-16T12:22:19.242+0000] {logging_mixin.py:188} INFO - [2024-06-16T12:22:19.241+0000] {dagbag.py:545} INFO - Filling up the DagBag from /home/airflow/.local/lib/python3.12/site-packages/airflow/example_dags/example_skip_dag.py
[2024-06-16T12:22:19.277+0000] {processor.py:840} INFO - DAG(s) 'example_skip_dag' retrieved from /home/airflow/.local/lib/python3.12/site-packages/airflow/example_dags/example_skip_dag.py
[2024-06-16T12:22:19.396+0000] {logging_mixin.py:188} INFO - [2024-06-16T12:22:19.395+0000] {dag.py:3096} INFO - Sync 1 DAGs
[2024-06-16T12:22:19.533+0000] {logging_mixin.py:188} INFO - [2024-06-16T12:22:19.527+0000] {dag.py:3954} INFO - Setting next_dagrun for example_skip_dag to 2024-06-15 00:00:00+00:00, run_after=2024-06-16 00:00:00+00:00
[2024-06-16T12:22:19.689+0000] {processor.py:183} INFO - Processing /home/airflow/.local/lib/python3.12/site-packages/airflow/example_dags/example_skip_dag.py took 0.473 seconds
[2024-06-16T12:22:49.954+0000] {processor.py:161} INFO - Started process (PID=260) to work on /home/airflow/.local/lib/python3.12/site-packages/airflow/example_dags/example_skip_dag.py
[2024-06-16T12:22:49.963+0000] {processor.py:830} INFO - Processing file /home/airflow/.local/lib/python3.12/site-packages/airflow/example_dags/example_skip_dag.py for tasks to queue
[2024-06-16T12:22:49.972+0000] {logging_mixin.py:188} INFO - [2024-06-16T12:22:49.971+0000] {dagbag.py:545} INFO - Filling up the DagBag from /home/airflow/.local/lib/python3.12/site-packages/airflow/example_dags/example_skip_dag.py
[2024-06-16T12:22:50.018+0000] {processor.py:840} INFO - DAG(s) 'example_skip_dag' retrieved from /home/airflow/.local/lib/python3.12/site-packages/airflow/example_dags/example_skip_dag.py
[2024-06-16T12:22:50.192+0000] {logging_mixin.py:188} INFO - [2024-06-16T12:22:50.191+0000] {dag.py:3096} INFO - Sync 1 DAGs
[2024-06-16T12:22:50.281+0000] {logging_mixin.py:188} INFO - [2024-06-16T12:22:50.280+0000] {dag.py:3954} INFO - Setting next_dagrun for example_skip_dag to 2024-06-15 00:00:00+00:00, run_after=2024-06-16 00:00:00+00:00
[2024-06-16T12:22:50.335+0000] {processor.py:183} INFO - Processing /home/airflow/.local/lib/python3.12/site-packages/airflow/example_dags/example_skip_dag.py took 0.403 seconds
[2024-06-16T12:23:21.294+0000] {processor.py:161} INFO - Started process (PID=319) to work on /home/airflow/.local/lib/python3.12/site-packages/airflow/example_dags/example_skip_dag.py
[2024-06-16T12:23:21.302+0000] {processor.py:830} INFO - Processing file /home/airflow/.local/lib/python3.12/site-packages/airflow/example_dags/example_skip_dag.py for tasks to queue
[2024-06-16T12:23:21.306+0000] {logging_mixin.py:188} INFO - [2024-06-16T12:23:21.305+0000] {dagbag.py:545} INFO - Filling up the DagBag from /home/airflow/.local/lib/python3.12/site-packages/airflow/example_dags/example_skip_dag.py
[2024-06-16T12:23:21.322+0000] {processor.py:840} INFO - DAG(s) 'example_skip_dag' retrieved from /home/airflow/.local/lib/python3.12/site-packages/airflow/example_dags/example_skip_dag.py
[2024-06-16T12:23:21.381+0000] {logging_mixin.py:188} INFO - [2024-06-16T12:23:21.381+0000] {dag.py:3096} INFO - Sync 1 DAGs
[2024-06-16T12:23:21.460+0000] {logging_mixin.py:188} INFO - [2024-06-16T12:23:21.460+0000] {dag.py:3954} INFO - Setting next_dagrun for example_skip_dag to 2024-06-15 00:00:00+00:00, run_after=2024-06-16 00:00:00+00:00
[2024-06-16T12:23:21.543+0000] {processor.py:183} INFO - Processing /home/airflow/.local/lib/python3.12/site-packages/airflow/example_dags/example_skip_dag.py took 0.262 seconds
[2024-06-16T12:23:51.965+0000] {processor.py:161} INFO - Started process (PID=378) to work on /home/airflow/.local/lib/python3.12/site-packages/airflow/example_dags/example_skip_dag.py
[2024-06-16T12:23:51.967+0000] {processor.py:830} INFO - Processing file /home/airflow/.local/lib/python3.12/site-packages/airflow/example_dags/example_skip_dag.py for tasks to queue
[2024-06-16T12:23:51.969+0000] {logging_mixin.py:188} INFO - [2024-06-16T12:23:51.969+0000] {dagbag.py:545} INFO - Filling up the DagBag from /home/airflow/.local/lib/python3.12/site-packages/airflow/example_dags/example_skip_dag.py
[2024-06-16T12:23:51.980+0000] {processor.py:840} INFO - DAG(s) 'example_skip_dag' retrieved from /home/airflow/.local/lib/python3.12/site-packages/airflow/example_dags/example_skip_dag.py
[2024-06-16T12:23:52.027+0000] {logging_mixin.py:188} INFO - [2024-06-16T12:23:52.026+0000] {dag.py:3096} INFO - Sync 1 DAGs
[2024-06-16T12:23:52.078+0000] {logging_mixin.py:188} INFO - [2024-06-16T12:23:52.078+0000] {dag.py:3954} INFO - Setting next_dagrun for example_skip_dag to 2024-06-15 00:00:00+00:00, run_after=2024-06-16 00:00:00+00:00
[2024-06-16T12:23:52.128+0000] {processor.py:183} INFO - Processing /home/airflow/.local/lib/python3.12/site-packages/airflow/example_dags/example_skip_dag.py took 0.175 seconds
[2024-06-16T12:24:23.188+0000] {processor.py:161} INFO - Started process (PID=437) to work on /home/airflow/.local/lib/python3.12/site-packages/airflow/example_dags/example_skip_dag.py
[2024-06-16T12:24:23.199+0000] {processor.py:830} INFO - Processing file /home/airflow/.local/lib/python3.12/site-packages/airflow/example_dags/example_skip_dag.py for tasks to queue
[2024-06-16T12:24:23.202+0000] {logging_mixin.py:188} INFO - [2024-06-16T12:24:23.201+0000] {dagbag.py:545} INFO - Filling up the DagBag from /home/airflow/.local/lib/python3.12/site-packages/airflow/example_dags/example_skip_dag.py
[2024-06-16T12:24:23.222+0000] {processor.py:840} INFO - DAG(s) 'example_skip_dag' retrieved from /home/airflow/.local/lib/python3.12/site-packages/airflow/example_dags/example_skip_dag.py
[2024-06-16T12:24:23.264+0000] {logging_mixin.py:188} INFO - [2024-06-16T12:24:23.263+0000] {dag.py:3096} INFO - Sync 1 DAGs
[2024-06-16T12:24:23.318+0000] {logging_mixin.py:188} INFO - [2024-06-16T12:24:23.318+0000] {dag.py:3954} INFO - Setting next_dagrun for example_skip_dag to 2024-06-15 00:00:00+00:00, run_after=2024-06-16 00:00:00+00:00
[2024-06-16T12:24:23.378+0000] {processor.py:183} INFO - Processing /home/airflow/.local/lib/python3.12/site-packages/airflow/example_dags/example_skip_dag.py took 0.213 seconds
[2024-06-16T12:45:09.975+0000] {processor.py:161} INFO - Started process (PID=82) to work on /home/airflow/.local/lib/python3.12/site-packages/airflow/example_dags/example_skip_dag.py
[2024-06-16T12:45:09.976+0000] {processor.py:830} INFO - Processing file /home/airflow/.local/lib/python3.12/site-packages/airflow/example_dags/example_skip_dag.py for tasks to queue
[2024-06-16T12:45:09.979+0000] {logging_mixin.py:188} INFO - [2024-06-16T12:45:09.979+0000] {dagbag.py:545} INFO - Filling up the DagBag from /home/airflow/.local/lib/python3.12/site-packages/airflow/example_dags/example_skip_dag.py
[2024-06-16T12:45:10.014+0000] {processor.py:840} INFO - DAG(s) 'example_skip_dag' retrieved from /home/airflow/.local/lib/python3.12/site-packages/airflow/example_dags/example_skip_dag.py
[2024-06-16T12:45:10.557+0000] {logging_mixin.py:188} INFO - [2024-06-16T12:45:10.554+0000] {override.py:1829} INFO - Created Permission View: can read on DAG:example_skip_dag
[2024-06-16T12:45:10.616+0000] {logging_mixin.py:188} INFO - [2024-06-16T12:45:10.615+0000] {override.py:1829} INFO - Created Permission View: can delete on DAG:example_skip_dag
[2024-06-16T12:45:10.658+0000] {logging_mixin.py:188} INFO - [2024-06-16T12:45:10.658+0000] {override.py:1829} INFO - Created Permission View: can edit on DAG:example_skip_dag
[2024-06-16T12:45:10.659+0000] {logging_mixin.py:188} INFO - [2024-06-16T12:45:10.659+0000] {dag.py:3096} INFO - Sync 1 DAGs
[2024-06-16T12:45:10.704+0000] {logging_mixin.py:188} INFO - [2024-06-16T12:45:10.704+0000] {dag.py:3118} INFO - Creating ORM DAG for example_skip_dag
[2024-06-16T12:45:10.748+0000] {logging_mixin.py:188} INFO - [2024-06-16T12:45:10.747+0000] {dag.py:3954} INFO - Setting next_dagrun for example_skip_dag to 2024-06-15 00:00:00+00:00, run_after=2024-06-16 00:00:00+00:00
[2024-06-16T12:45:10.827+0000] {processor.py:183} INFO - Processing /home/airflow/.local/lib/python3.12/site-packages/airflow/example_dags/example_skip_dag.py took 0.862 seconds
[2024-06-16T12:45:41.735+0000] {processor.py:161} INFO - Started process (PID=141) to work on /home/airflow/.local/lib/python3.12/site-packages/airflow/example_dags/example_skip_dag.py
[2024-06-16T12:45:41.736+0000] {processor.py:830} INFO - Processing file /home/airflow/.local/lib/python3.12/site-packages/airflow/example_dags/example_skip_dag.py for tasks to queue
[2024-06-16T12:45:41.739+0000] {logging_mixin.py:188} INFO - [2024-06-16T12:45:41.738+0000] {dagbag.py:545} INFO - Filling up the DagBag from /home/airflow/.local/lib/python3.12/site-packages/airflow/example_dags/example_skip_dag.py
[2024-06-16T12:45:41.746+0000] {processor.py:840} INFO - DAG(s) 'example_skip_dag' retrieved from /home/airflow/.local/lib/python3.12/site-packages/airflow/example_dags/example_skip_dag.py
[2024-06-16T12:45:41.774+0000] {logging_mixin.py:188} INFO - [2024-06-16T12:45:41.774+0000] {dag.py:3096} INFO - Sync 1 DAGs
[2024-06-16T12:45:41.803+0000] {logging_mixin.py:188} INFO - [2024-06-16T12:45:41.803+0000] {dag.py:3954} INFO - Setting next_dagrun for example_skip_dag to 2024-06-15 00:00:00+00:00, run_after=2024-06-16 00:00:00+00:00
[2024-06-16T12:45:41.831+0000] {processor.py:183} INFO - Processing /home/airflow/.local/lib/python3.12/site-packages/airflow/example_dags/example_skip_dag.py took 0.104 seconds
[2024-06-16T12:46:11.957+0000] {processor.py:161} INFO - Started process (PID=200) to work on /home/airflow/.local/lib/python3.12/site-packages/airflow/example_dags/example_skip_dag.py
[2024-06-16T12:46:11.958+0000] {processor.py:830} INFO - Processing file /home/airflow/.local/lib/python3.12/site-packages/airflow/example_dags/example_skip_dag.py for tasks to queue
[2024-06-16T12:46:11.960+0000] {logging_mixin.py:188} INFO - [2024-06-16T12:46:11.959+0000] {dagbag.py:545} INFO - Filling up the DagBag from /home/airflow/.local/lib/python3.12/site-packages/airflow/example_dags/example_skip_dag.py
[2024-06-16T12:46:11.968+0000] {processor.py:840} INFO - DAG(s) 'example_skip_dag' retrieved from /home/airflow/.local/lib/python3.12/site-packages/airflow/example_dags/example_skip_dag.py
[2024-06-16T12:46:11.998+0000] {logging_mixin.py:188} INFO - [2024-06-16T12:46:11.998+0000] {dag.py:3096} INFO - Sync 1 DAGs
[2024-06-16T12:46:12.030+0000] {logging_mixin.py:188} INFO - [2024-06-16T12:46:12.030+0000] {dag.py:3954} INFO - Setting next_dagrun for example_skip_dag to 2024-06-15 00:00:00+00:00, run_after=2024-06-16 00:00:00+00:00
[2024-06-16T12:46:12.056+0000] {processor.py:183} INFO - Processing /home/airflow/.local/lib/python3.12/site-packages/airflow/example_dags/example_skip_dag.py took 0.105 seconds
[2024-06-16T12:47:24.137+0000] {processor.py:161} INFO - Started process (PID=267) to work on /home/airflow/.local/lib/python3.12/site-packages/airflow/example_dags/example_skip_dag.py
[2024-06-16T12:47:24.144+0000] {processor.py:830} INFO - Processing file /home/airflow/.local/lib/python3.12/site-packages/airflow/example_dags/example_skip_dag.py for tasks to queue
[2024-06-16T12:47:24.147+0000] {logging_mixin.py:188} INFO - [2024-06-16T12:47:24.146+0000] {dagbag.py:545} INFO - Filling up the DagBag from /home/airflow/.local/lib/python3.12/site-packages/airflow/example_dags/example_skip_dag.py
[2024-06-16T12:47:24.185+0000] {processor.py:840} INFO - DAG(s) 'example_skip_dag' retrieved from /home/airflow/.local/lib/python3.12/site-packages/airflow/example_dags/example_skip_dag.py
[2024-06-16T12:47:24.436+0000] {logging_mixin.py:188} INFO - [2024-06-16T12:47:24.435+0000] {dag.py:3096} INFO - Sync 1 DAGs
[2024-06-16T12:47:24.810+0000] {logging_mixin.py:188} INFO - [2024-06-16T12:47:24.798+0000] {dag.py:3954} INFO - Setting next_dagrun for example_skip_dag to 2024-06-15 00:00:00+00:00, run_after=2024-06-16 00:00:00+00:00
[2024-06-16T12:47:25.019+0000] {processor.py:183} INFO - Processing /home/airflow/.local/lib/python3.12/site-packages/airflow/example_dags/example_skip_dag.py took 0.916 seconds
[2024-06-16T12:47:55.486+0000] {processor.py:161} INFO - Started process (PID=326) to work on /home/airflow/.local/lib/python3.12/site-packages/airflow/example_dags/example_skip_dag.py
[2024-06-16T12:47:55.487+0000] {processor.py:830} INFO - Processing file /home/airflow/.local/lib/python3.12/site-packages/airflow/example_dags/example_skip_dag.py for tasks to queue
[2024-06-16T12:47:55.491+0000] {logging_mixin.py:188} INFO - [2024-06-16T12:47:55.490+0000] {dagbag.py:545} INFO - Filling up the DagBag from /home/airflow/.local/lib/python3.12/site-packages/airflow/example_dags/example_skip_dag.py
[2024-06-16T12:47:55.508+0000] {processor.py:840} INFO - DAG(s) 'example_skip_dag' retrieved from /home/airflow/.local/lib/python3.12/site-packages/airflow/example_dags/example_skip_dag.py
[2024-06-16T12:47:55.553+0000] {logging_mixin.py:188} INFO - [2024-06-16T12:47:55.552+0000] {dag.py:3096} INFO - Sync 1 DAGs
[2024-06-16T12:47:55.614+0000] {logging_mixin.py:188} INFO - [2024-06-16T12:47:55.614+0000] {dag.py:3954} INFO - Setting next_dagrun for example_skip_dag to 2024-06-15 00:00:00+00:00, run_after=2024-06-16 00:00:00+00:00
[2024-06-16T12:47:55.675+0000] {processor.py:183} INFO - Processing /home/airflow/.local/lib/python3.12/site-packages/airflow/example_dags/example_skip_dag.py took 0.201 seconds
[2024-06-16T12:48:26.472+0000] {processor.py:161} INFO - Started process (PID=385) to work on /home/airflow/.local/lib/python3.12/site-packages/airflow/example_dags/example_skip_dag.py
[2024-06-16T12:48:26.478+0000] {processor.py:830} INFO - Processing file /home/airflow/.local/lib/python3.12/site-packages/airflow/example_dags/example_skip_dag.py for tasks to queue
[2024-06-16T12:48:26.486+0000] {logging_mixin.py:188} INFO - [2024-06-16T12:48:26.481+0000] {dagbag.py:545} INFO - Filling up the DagBag from /home/airflow/.local/lib/python3.12/site-packages/airflow/example_dags/example_skip_dag.py
[2024-06-16T12:48:26.533+0000] {processor.py:840} INFO - DAG(s) 'example_skip_dag' retrieved from /home/airflow/.local/lib/python3.12/site-packages/airflow/example_dags/example_skip_dag.py
[2024-06-16T12:48:26.665+0000] {logging_mixin.py:188} INFO - [2024-06-16T12:48:26.664+0000] {dag.py:3096} INFO - Sync 1 DAGs
[2024-06-16T12:48:26.744+0000] {logging_mixin.py:188} INFO - [2024-06-16T12:48:26.743+0000] {dag.py:3954} INFO - Setting next_dagrun for example_skip_dag to 2024-06-15 00:00:00+00:00, run_after=2024-06-16 00:00:00+00:00
[2024-06-16T12:48:26.857+0000] {processor.py:183} INFO - Processing /home/airflow/.local/lib/python3.12/site-packages/airflow/example_dags/example_skip_dag.py took 0.439 seconds
[2024-06-16T12:49:09.764+0000] {processor.py:161} INFO - Started process (PID=451) to work on /home/airflow/.local/lib/python3.12/site-packages/airflow/example_dags/example_skip_dag.py
[2024-06-16T12:49:09.767+0000] {processor.py:830} INFO - Processing file /home/airflow/.local/lib/python3.12/site-packages/airflow/example_dags/example_skip_dag.py for tasks to queue
[2024-06-16T12:49:09.776+0000] {logging_mixin.py:188} INFO - [2024-06-16T12:49:09.774+0000] {dagbag.py:545} INFO - Filling up the DagBag from /home/airflow/.local/lib/python3.12/site-packages/airflow/example_dags/example_skip_dag.py
[2024-06-16T12:49:09.791+0000] {processor.py:840} INFO - DAG(s) 'example_skip_dag' retrieved from /home/airflow/.local/lib/python3.12/site-packages/airflow/example_dags/example_skip_dag.py
[2024-06-16T12:49:09.847+0000] {logging_mixin.py:188} INFO - [2024-06-16T12:49:09.844+0000] {dag.py:3096} INFO - Sync 1 DAGs
[2024-06-16T12:49:09.923+0000] {logging_mixin.py:188} INFO - [2024-06-16T12:49:09.922+0000] {dag.py:3954} INFO - Setting next_dagrun for example_skip_dag to 2024-06-15 00:00:00+00:00, run_after=2024-06-16 00:00:00+00:00
[2024-06-16T12:49:09.993+0000] {processor.py:183} INFO - Processing /home/airflow/.local/lib/python3.12/site-packages/airflow/example_dags/example_skip_dag.py took 0.250 seconds
[2024-06-16T12:50:01.548+0000] {processor.py:161} INFO - Started process (PID=525) to work on /home/airflow/.local/lib/python3.12/site-packages/airflow/example_dags/example_skip_dag.py
[2024-06-16T12:50:01.551+0000] {processor.py:830} INFO - Processing file /home/airflow/.local/lib/python3.12/site-packages/airflow/example_dags/example_skip_dag.py for tasks to queue
[2024-06-16T12:50:01.556+0000] {logging_mixin.py:188} INFO - [2024-06-16T12:50:01.555+0000] {dagbag.py:545} INFO - Filling up the DagBag from /home/airflow/.local/lib/python3.12/site-packages/airflow/example_dags/example_skip_dag.py
[2024-06-16T12:50:01.580+0000] {processor.py:840} INFO - DAG(s) 'example_skip_dag' retrieved from /home/airflow/.local/lib/python3.12/site-packages/airflow/example_dags/example_skip_dag.py
[2024-06-16T12:50:01.724+0000] {logging_mixin.py:188} INFO - [2024-06-16T12:50:01.724+0000] {dag.py:3096} INFO - Sync 1 DAGs
[2024-06-16T12:50:01.859+0000] {logging_mixin.py:188} INFO - [2024-06-16T12:50:01.857+0000] {dag.py:3954} INFO - Setting next_dagrun for example_skip_dag to 2024-06-15 00:00:00+00:00, run_after=2024-06-16 00:00:00+00:00
[2024-06-16T12:50:01.984+0000] {processor.py:183} INFO - Processing /home/airflow/.local/lib/python3.12/site-packages/airflow/example_dags/example_skip_dag.py took 0.486 seconds
[2024-06-16T12:50:53.795+0000] {processor.py:161} INFO - Started process (PID=596) to work on /home/airflow/.local/lib/python3.12/site-packages/airflow/example_dags/example_skip_dag.py
[2024-06-16T12:50:53.796+0000] {processor.py:830} INFO - Processing file /home/airflow/.local/lib/python3.12/site-packages/airflow/example_dags/example_skip_dag.py for tasks to queue
[2024-06-16T12:50:53.799+0000] {logging_mixin.py:188} INFO - [2024-06-16T12:50:53.799+0000] {dagbag.py:545} INFO - Filling up the DagBag from /home/airflow/.local/lib/python3.12/site-packages/airflow/example_dags/example_skip_dag.py
[2024-06-16T12:50:53.821+0000] {processor.py:840} INFO - DAG(s) 'example_skip_dag' retrieved from /home/airflow/.local/lib/python3.12/site-packages/airflow/example_dags/example_skip_dag.py
[2024-06-16T12:50:53.867+0000] {logging_mixin.py:188} INFO - [2024-06-16T12:50:53.865+0000] {dag.py:3096} INFO - Sync 1 DAGs
[2024-06-16T12:50:53.941+0000] {logging_mixin.py:188} INFO - [2024-06-16T12:50:53.940+0000] {dag.py:3954} INFO - Setting next_dagrun for example_skip_dag to 2024-06-15 00:00:00+00:00, run_after=2024-06-16 00:00:00+00:00
[2024-06-16T12:50:53.987+0000] {processor.py:183} INFO - Processing /home/airflow/.local/lib/python3.12/site-packages/airflow/example_dags/example_skip_dag.py took 0.205 seconds
[2024-06-16T12:51:26.101+0000] {processor.py:161} INFO - Started process (PID=655) to work on /home/airflow/.local/lib/python3.12/site-packages/airflow/example_dags/example_skip_dag.py
[2024-06-16T12:51:26.103+0000] {processor.py:830} INFO - Processing file /home/airflow/.local/lib/python3.12/site-packages/airflow/example_dags/example_skip_dag.py for tasks to queue
[2024-06-16T12:51:26.106+0000] {logging_mixin.py:188} INFO - [2024-06-16T12:51:26.106+0000] {dagbag.py:545} INFO - Filling up the DagBag from /home/airflow/.local/lib/python3.12/site-packages/airflow/example_dags/example_skip_dag.py
[2024-06-16T12:51:26.124+0000] {processor.py:840} INFO - DAG(s) 'example_skip_dag' retrieved from /home/airflow/.local/lib/python3.12/site-packages/airflow/example_dags/example_skip_dag.py
[2024-06-16T12:51:26.165+0000] {logging_mixin.py:188} INFO - [2024-06-16T12:51:26.165+0000] {dag.py:3096} INFO - Sync 1 DAGs
[2024-06-16T12:51:26.217+0000] {logging_mixin.py:188} INFO - [2024-06-16T12:51:26.216+0000] {dag.py:3954} INFO - Setting next_dagrun for example_skip_dag to 2024-06-15 00:00:00+00:00, run_after=2024-06-16 00:00:00+00:00
[2024-06-16T12:51:26.268+0000] {processor.py:183} INFO - Processing /home/airflow/.local/lib/python3.12/site-packages/airflow/example_dags/example_skip_dag.py took 0.182 seconds
[2024-06-16T12:51:57.283+0000] {processor.py:161} INFO - Started process (PID=714) to work on /home/airflow/.local/lib/python3.12/site-packages/airflow/example_dags/example_skip_dag.py
[2024-06-16T12:51:57.285+0000] {processor.py:830} INFO - Processing file /home/airflow/.local/lib/python3.12/site-packages/airflow/example_dags/example_skip_dag.py for tasks to queue
[2024-06-16T12:51:57.291+0000] {logging_mixin.py:188} INFO - [2024-06-16T12:51:57.291+0000] {dagbag.py:545} INFO - Filling up the DagBag from /home/airflow/.local/lib/python3.12/site-packages/airflow/example_dags/example_skip_dag.py
[2024-06-16T12:51:57.308+0000] {processor.py:840} INFO - DAG(s) 'example_skip_dag' retrieved from /home/airflow/.local/lib/python3.12/site-packages/airflow/example_dags/example_skip_dag.py
[2024-06-16T12:51:57.354+0000] {logging_mixin.py:188} INFO - [2024-06-16T12:51:57.354+0000] {dag.py:3096} INFO - Sync 1 DAGs
[2024-06-16T12:51:57.421+0000] {logging_mixin.py:188} INFO - [2024-06-16T12:51:57.421+0000] {dag.py:3954} INFO - Setting next_dagrun for example_skip_dag to 2024-06-15 00:00:00+00:00, run_after=2024-06-16 00:00:00+00:00
[2024-06-16T12:51:57.462+0000] {processor.py:183} INFO - Processing /home/airflow/.local/lib/python3.12/site-packages/airflow/example_dags/example_skip_dag.py took 0.198 seconds
[2024-06-16T12:52:28.042+0000] {processor.py:161} INFO - Started process (PID=773) to work on /home/airflow/.local/lib/python3.12/site-packages/airflow/example_dags/example_skip_dag.py
[2024-06-16T12:52:28.045+0000] {processor.py:830} INFO - Processing file /home/airflow/.local/lib/python3.12/site-packages/airflow/example_dags/example_skip_dag.py for tasks to queue
[2024-06-16T12:52:28.047+0000] {logging_mixin.py:188} INFO - [2024-06-16T12:52:28.047+0000] {dagbag.py:545} INFO - Filling up the DagBag from /home/airflow/.local/lib/python3.12/site-packages/airflow/example_dags/example_skip_dag.py
[2024-06-16T12:52:28.055+0000] {processor.py:840} INFO - DAG(s) 'example_skip_dag' retrieved from /home/airflow/.local/lib/python3.12/site-packages/airflow/example_dags/example_skip_dag.py
[2024-06-16T12:52:28.087+0000] {logging_mixin.py:188} INFO - [2024-06-16T12:52:28.087+0000] {dag.py:3096} INFO - Sync 1 DAGs
[2024-06-16T12:52:28.120+0000] {logging_mixin.py:188} INFO - [2024-06-16T12:52:28.119+0000] {dag.py:3954} INFO - Setting next_dagrun for example_skip_dag to 2024-06-15 00:00:00+00:00, run_after=2024-06-16 00:00:00+00:00
[2024-06-16T12:52:28.146+0000] {processor.py:183} INFO - Processing /home/airflow/.local/lib/python3.12/site-packages/airflow/example_dags/example_skip_dag.py took 0.111 seconds
[2024-06-16T12:52:58.333+0000] {processor.py:161} INFO - Started process (PID=833) to work on /home/airflow/.local/lib/python3.12/site-packages/airflow/example_dags/example_skip_dag.py
[2024-06-16T12:52:58.335+0000] {processor.py:830} INFO - Processing file /home/airflow/.local/lib/python3.12/site-packages/airflow/example_dags/example_skip_dag.py for tasks to queue
[2024-06-16T12:52:58.337+0000] {logging_mixin.py:188} INFO - [2024-06-16T12:52:58.336+0000] {dagbag.py:545} INFO - Filling up the DagBag from /home/airflow/.local/lib/python3.12/site-packages/airflow/example_dags/example_skip_dag.py
[2024-06-16T12:52:58.352+0000] {processor.py:840} INFO - DAG(s) 'example_skip_dag' retrieved from /home/airflow/.local/lib/python3.12/site-packages/airflow/example_dags/example_skip_dag.py
[2024-06-16T12:52:58.392+0000] {logging_mixin.py:188} INFO - [2024-06-16T12:52:58.391+0000] {dag.py:3096} INFO - Sync 1 DAGs
[2024-06-16T12:52:58.441+0000] {logging_mixin.py:188} INFO - [2024-06-16T12:52:58.440+0000] {dag.py:3954} INFO - Setting next_dagrun for example_skip_dag to 2024-06-15 00:00:00+00:00, run_after=2024-06-16 00:00:00+00:00
[2024-06-16T12:52:58.505+0000] {processor.py:183} INFO - Processing /home/airflow/.local/lib/python3.12/site-packages/airflow/example_dags/example_skip_dag.py took 0.184 seconds
[2024-06-16T12:53:28.848+0000] {processor.py:161} INFO - Started process (PID=891) to work on /home/airflow/.local/lib/python3.12/site-packages/airflow/example_dags/example_skip_dag.py
[2024-06-16T12:53:28.849+0000] {processor.py:830} INFO - Processing file /home/airflow/.local/lib/python3.12/site-packages/airflow/example_dags/example_skip_dag.py for tasks to queue
[2024-06-16T12:53:28.850+0000] {logging_mixin.py:188} INFO - [2024-06-16T12:53:28.850+0000] {dagbag.py:545} INFO - Filling up the DagBag from /home/airflow/.local/lib/python3.12/site-packages/airflow/example_dags/example_skip_dag.py
[2024-06-16T12:53:28.861+0000] {processor.py:840} INFO - DAG(s) 'example_skip_dag' retrieved from /home/airflow/.local/lib/python3.12/site-packages/airflow/example_dags/example_skip_dag.py
[2024-06-16T12:53:28.891+0000] {logging_mixin.py:188} INFO - [2024-06-16T12:53:28.890+0000] {dag.py:3096} INFO - Sync 1 DAGs
[2024-06-16T12:53:28.943+0000] {logging_mixin.py:188} INFO - [2024-06-16T12:53:28.943+0000] {dag.py:3954} INFO - Setting next_dagrun for example_skip_dag to 2024-06-15 00:00:00+00:00, run_after=2024-06-16 00:00:00+00:00
[2024-06-16T12:53:28.983+0000] {processor.py:183} INFO - Processing /home/airflow/.local/lib/python3.12/site-packages/airflow/example_dags/example_skip_dag.py took 0.144 seconds
[2024-06-16T12:53:59.343+0000] {processor.py:161} INFO - Started process (PID=950) to work on /home/airflow/.local/lib/python3.12/site-packages/airflow/example_dags/example_skip_dag.py
[2024-06-16T12:53:59.344+0000] {processor.py:830} INFO - Processing file /home/airflow/.local/lib/python3.12/site-packages/airflow/example_dags/example_skip_dag.py for tasks to queue
[2024-06-16T12:53:59.345+0000] {logging_mixin.py:188} INFO - [2024-06-16T12:53:59.345+0000] {dagbag.py:545} INFO - Filling up the DagBag from /home/airflow/.local/lib/python3.12/site-packages/airflow/example_dags/example_skip_dag.py
[2024-06-16T12:53:59.356+0000] {processor.py:840} INFO - DAG(s) 'example_skip_dag' retrieved from /home/airflow/.local/lib/python3.12/site-packages/airflow/example_dags/example_skip_dag.py
[2024-06-16T12:53:59.414+0000] {logging_mixin.py:188} INFO - [2024-06-16T12:53:59.413+0000] {dag.py:3096} INFO - Sync 1 DAGs
[2024-06-16T12:53:59.457+0000] {logging_mixin.py:188} INFO - [2024-06-16T12:53:59.457+0000] {dag.py:3954} INFO - Setting next_dagrun for example_skip_dag to 2024-06-15 00:00:00+00:00, run_after=2024-06-16 00:00:00+00:00
[2024-06-16T12:53:59.495+0000] {processor.py:183} INFO - Processing /home/airflow/.local/lib/python3.12/site-packages/airflow/example_dags/example_skip_dag.py took 0.162 seconds
[2024-06-16T12:54:30.240+0000] {processor.py:161} INFO - Started process (PID=1009) to work on /home/airflow/.local/lib/python3.12/site-packages/airflow/example_dags/example_skip_dag.py
[2024-06-16T12:54:30.242+0000] {processor.py:830} INFO - Processing file /home/airflow/.local/lib/python3.12/site-packages/airflow/example_dags/example_skip_dag.py for tasks to queue
[2024-06-16T12:54:30.245+0000] {logging_mixin.py:188} INFO - [2024-06-16T12:54:30.244+0000] {dagbag.py:545} INFO - Filling up the DagBag from /home/airflow/.local/lib/python3.12/site-packages/airflow/example_dags/example_skip_dag.py
[2024-06-16T12:54:30.265+0000] {processor.py:840} INFO - DAG(s) 'example_skip_dag' retrieved from /home/airflow/.local/lib/python3.12/site-packages/airflow/example_dags/example_skip_dag.py
[2024-06-16T12:54:30.354+0000] {logging_mixin.py:188} INFO - [2024-06-16T12:54:30.353+0000] {dag.py:3096} INFO - Sync 1 DAGs
[2024-06-16T12:54:30.409+0000] {logging_mixin.py:188} INFO - [2024-06-16T12:54:30.408+0000] {dag.py:3954} INFO - Setting next_dagrun for example_skip_dag to 2024-06-15 00:00:00+00:00, run_after=2024-06-16 00:00:00+00:00
[2024-06-16T12:54:30.446+0000] {processor.py:183} INFO - Processing /home/airflow/.local/lib/python3.12/site-packages/airflow/example_dags/example_skip_dag.py took 0.230 seconds
[2024-06-16T12:55:01.175+0000] {processor.py:161} INFO - Started process (PID=1069) to work on /home/airflow/.local/lib/python3.12/site-packages/airflow/example_dags/example_skip_dag.py
[2024-06-16T12:55:01.176+0000] {processor.py:830} INFO - Processing file /home/airflow/.local/lib/python3.12/site-packages/airflow/example_dags/example_skip_dag.py for tasks to queue
[2024-06-16T12:55:01.177+0000] {logging_mixin.py:188} INFO - [2024-06-16T12:55:01.177+0000] {dagbag.py:545} INFO - Filling up the DagBag from /home/airflow/.local/lib/python3.12/site-packages/airflow/example_dags/example_skip_dag.py
[2024-06-16T12:55:01.189+0000] {processor.py:840} INFO - DAG(s) 'example_skip_dag' retrieved from /home/airflow/.local/lib/python3.12/site-packages/airflow/example_dags/example_skip_dag.py
[2024-06-16T12:55:01.232+0000] {logging_mixin.py:188} INFO - [2024-06-16T12:55:01.232+0000] {dag.py:3096} INFO - Sync 1 DAGs
[2024-06-16T12:55:01.304+0000] {logging_mixin.py:188} INFO - [2024-06-16T12:55:01.303+0000] {dag.py:3954} INFO - Setting next_dagrun for example_skip_dag to 2024-06-15 00:00:00+00:00, run_after=2024-06-16 00:00:00+00:00
[2024-06-16T12:55:01.376+0000] {processor.py:183} INFO - Processing /home/airflow/.local/lib/python3.12/site-packages/airflow/example_dags/example_skip_dag.py took 0.220 seconds
[2024-06-16T12:55:31.482+0000] {processor.py:161} INFO - Started process (PID=1128) to work on /home/airflow/.local/lib/python3.12/site-packages/airflow/example_dags/example_skip_dag.py
[2024-06-16T12:55:31.483+0000] {processor.py:830} INFO - Processing file /home/airflow/.local/lib/python3.12/site-packages/airflow/example_dags/example_skip_dag.py for tasks to queue
[2024-06-16T12:55:31.484+0000] {logging_mixin.py:188} INFO - [2024-06-16T12:55:31.483+0000] {dagbag.py:545} INFO - Filling up the DagBag from /home/airflow/.local/lib/python3.12/site-packages/airflow/example_dags/example_skip_dag.py
[2024-06-16T12:55:31.493+0000] {processor.py:840} INFO - DAG(s) 'example_skip_dag' retrieved from /home/airflow/.local/lib/python3.12/site-packages/airflow/example_dags/example_skip_dag.py
[2024-06-16T12:55:31.518+0000] {logging_mixin.py:188} INFO - [2024-06-16T12:55:31.518+0000] {dag.py:3096} INFO - Sync 1 DAGs
[2024-06-16T12:55:31.547+0000] {logging_mixin.py:188} INFO - [2024-06-16T12:55:31.547+0000] {dag.py:3954} INFO - Setting next_dagrun for example_skip_dag to 2024-06-15 00:00:00+00:00, run_after=2024-06-16 00:00:00+00:00
[2024-06-16T12:55:31.570+0000] {processor.py:183} INFO - Processing /home/airflow/.local/lib/python3.12/site-packages/airflow/example_dags/example_skip_dag.py took 0.097 seconds
[2024-06-16T12:56:02.085+0000] {processor.py:161} INFO - Started process (PID=1186) to work on /home/airflow/.local/lib/python3.12/site-packages/airflow/example_dags/example_skip_dag.py
[2024-06-16T12:56:02.086+0000] {processor.py:830} INFO - Processing file /home/airflow/.local/lib/python3.12/site-packages/airflow/example_dags/example_skip_dag.py for tasks to queue
[2024-06-16T12:56:02.087+0000] {logging_mixin.py:188} INFO - [2024-06-16T12:56:02.087+0000] {dagbag.py:545} INFO - Filling up the DagBag from /home/airflow/.local/lib/python3.12/site-packages/airflow/example_dags/example_skip_dag.py
[2024-06-16T12:56:02.098+0000] {processor.py:840} INFO - DAG(s) 'example_skip_dag' retrieved from /home/airflow/.local/lib/python3.12/site-packages/airflow/example_dags/example_skip_dag.py
[2024-06-16T12:56:02.128+0000] {logging_mixin.py:188} INFO - [2024-06-16T12:56:02.128+0000] {dag.py:3096} INFO - Sync 1 DAGs
[2024-06-16T12:56:02.158+0000] {logging_mixin.py:188} INFO - [2024-06-16T12:56:02.158+0000] {dag.py:3954} INFO - Setting next_dagrun for example_skip_dag to 2024-06-15 00:00:00+00:00, run_after=2024-06-16 00:00:00+00:00
[2024-06-16T12:56:02.186+0000] {processor.py:183} INFO - Processing /home/airflow/.local/lib/python3.12/site-packages/airflow/example_dags/example_skip_dag.py took 0.110 seconds
[2024-06-16T12:56:32.566+0000] {processor.py:161} INFO - Started process (PID=1245) to work on /home/airflow/.local/lib/python3.12/site-packages/airflow/example_dags/example_skip_dag.py
[2024-06-16T12:56:32.567+0000] {processor.py:830} INFO - Processing file /home/airflow/.local/lib/python3.12/site-packages/airflow/example_dags/example_skip_dag.py for tasks to queue
[2024-06-16T12:56:32.569+0000] {logging_mixin.py:188} INFO - [2024-06-16T12:56:32.568+0000] {dagbag.py:545} INFO - Filling up the DagBag from /home/airflow/.local/lib/python3.12/site-packages/airflow/example_dags/example_skip_dag.py
[2024-06-16T12:56:32.587+0000] {processor.py:840} INFO - DAG(s) 'example_skip_dag' retrieved from /home/airflow/.local/lib/python3.12/site-packages/airflow/example_dags/example_skip_dag.py
[2024-06-16T12:56:32.640+0000] {logging_mixin.py:188} INFO - [2024-06-16T12:56:32.639+0000] {dag.py:3096} INFO - Sync 1 DAGs
[2024-06-16T12:56:32.689+0000] {logging_mixin.py:188} INFO - [2024-06-16T12:56:32.689+0000] {dag.py:3954} INFO - Setting next_dagrun for example_skip_dag to 2024-06-15 00:00:00+00:00, run_after=2024-06-16 00:00:00+00:00
[2024-06-16T12:56:32.718+0000] {processor.py:183} INFO - Processing /home/airflow/.local/lib/python3.12/site-packages/airflow/example_dags/example_skip_dag.py took 0.161 seconds
[2024-06-16T12:57:03.126+0000] {processor.py:161} INFO - Started process (PID=1304) to work on /home/airflow/.local/lib/python3.12/site-packages/airflow/example_dags/example_skip_dag.py
[2024-06-16T12:57:03.127+0000] {processor.py:830} INFO - Processing file /home/airflow/.local/lib/python3.12/site-packages/airflow/example_dags/example_skip_dag.py for tasks to queue
[2024-06-16T12:57:03.128+0000] {logging_mixin.py:188} INFO - [2024-06-16T12:57:03.128+0000] {dagbag.py:545} INFO - Filling up the DagBag from /home/airflow/.local/lib/python3.12/site-packages/airflow/example_dags/example_skip_dag.py
[2024-06-16T12:57:03.138+0000] {processor.py:840} INFO - DAG(s) 'example_skip_dag' retrieved from /home/airflow/.local/lib/python3.12/site-packages/airflow/example_dags/example_skip_dag.py
[2024-06-16T12:57:03.167+0000] {logging_mixin.py:188} INFO - [2024-06-16T12:57:03.166+0000] {dag.py:3096} INFO - Sync 1 DAGs
[2024-06-16T12:57:03.206+0000] {logging_mixin.py:188} INFO - [2024-06-16T12:57:03.205+0000] {dag.py:3954} INFO - Setting next_dagrun for example_skip_dag to 2024-06-15 00:00:00+00:00, run_after=2024-06-16 00:00:00+00:00
[2024-06-16T12:57:03.236+0000] {processor.py:183} INFO - Processing /home/airflow/.local/lib/python3.12/site-packages/airflow/example_dags/example_skip_dag.py took 0.118 seconds
[2024-06-16T12:57:34.174+0000] {processor.py:161} INFO - Started process (PID=1362) to work on /home/airflow/.local/lib/python3.12/site-packages/airflow/example_dags/example_skip_dag.py
[2024-06-16T12:57:34.175+0000] {processor.py:830} INFO - Processing file /home/airflow/.local/lib/python3.12/site-packages/airflow/example_dags/example_skip_dag.py for tasks to queue
[2024-06-16T12:57:34.176+0000] {logging_mixin.py:188} INFO - [2024-06-16T12:57:34.176+0000] {dagbag.py:545} INFO - Filling up the DagBag from /home/airflow/.local/lib/python3.12/site-packages/airflow/example_dags/example_skip_dag.py
[2024-06-16T12:57:34.186+0000] {processor.py:840} INFO - DAG(s) 'example_skip_dag' retrieved from /home/airflow/.local/lib/python3.12/site-packages/airflow/example_dags/example_skip_dag.py
[2024-06-16T12:57:34.227+0000] {logging_mixin.py:188} INFO - [2024-06-16T12:57:34.226+0000] {dag.py:3096} INFO - Sync 1 DAGs
[2024-06-16T12:57:34.263+0000] {logging_mixin.py:188} INFO - [2024-06-16T12:57:34.263+0000] {dag.py:3954} INFO - Setting next_dagrun for example_skip_dag to 2024-06-15 00:00:00+00:00, run_after=2024-06-16 00:00:00+00:00
[2024-06-16T12:57:34.296+0000] {processor.py:183} INFO - Processing /home/airflow/.local/lib/python3.12/site-packages/airflow/example_dags/example_skip_dag.py took 0.130 seconds
[2024-06-16T12:58:04.792+0000] {processor.py:161} INFO - Started process (PID=1421) to work on /home/airflow/.local/lib/python3.12/site-packages/airflow/example_dags/example_skip_dag.py
[2024-06-16T12:58:04.793+0000] {processor.py:830} INFO - Processing file /home/airflow/.local/lib/python3.12/site-packages/airflow/example_dags/example_skip_dag.py for tasks to queue
[2024-06-16T12:58:04.794+0000] {logging_mixin.py:188} INFO - [2024-06-16T12:58:04.794+0000] {dagbag.py:545} INFO - Filling up the DagBag from /home/airflow/.local/lib/python3.12/site-packages/airflow/example_dags/example_skip_dag.py
[2024-06-16T12:58:04.802+0000] {processor.py:840} INFO - DAG(s) 'example_skip_dag' retrieved from /home/airflow/.local/lib/python3.12/site-packages/airflow/example_dags/example_skip_dag.py
[2024-06-16T12:58:04.832+0000] {logging_mixin.py:188} INFO - [2024-06-16T12:58:04.831+0000] {dag.py:3096} INFO - Sync 1 DAGs
[2024-06-16T12:58:04.861+0000] {logging_mixin.py:188} INFO - [2024-06-16T12:58:04.861+0000] {dag.py:3954} INFO - Setting next_dagrun for example_skip_dag to 2024-06-15 00:00:00+00:00, run_after=2024-06-16 00:00:00+00:00
[2024-06-16T12:58:04.888+0000] {processor.py:183} INFO - Processing /home/airflow/.local/lib/python3.12/site-packages/airflow/example_dags/example_skip_dag.py took 0.104 seconds
[2024-06-16T12:58:35.070+0000] {processor.py:161} INFO - Started process (PID=1479) to work on /home/airflow/.local/lib/python3.12/site-packages/airflow/example_dags/example_skip_dag.py
[2024-06-16T12:58:35.071+0000] {processor.py:830} INFO - Processing file /home/airflow/.local/lib/python3.12/site-packages/airflow/example_dags/example_skip_dag.py for tasks to queue
[2024-06-16T12:58:35.073+0000] {logging_mixin.py:188} INFO - [2024-06-16T12:58:35.073+0000] {dagbag.py:545} INFO - Filling up the DagBag from /home/airflow/.local/lib/python3.12/site-packages/airflow/example_dags/example_skip_dag.py
[2024-06-16T12:58:35.088+0000] {processor.py:840} INFO - DAG(s) 'example_skip_dag' retrieved from /home/airflow/.local/lib/python3.12/site-packages/airflow/example_dags/example_skip_dag.py
[2024-06-16T12:58:35.151+0000] {logging_mixin.py:188} INFO - [2024-06-16T12:58:35.150+0000] {dag.py:3096} INFO - Sync 1 DAGs
[2024-06-16T12:58:35.210+0000] {logging_mixin.py:188} INFO - [2024-06-16T12:58:35.209+0000] {dag.py:3954} INFO - Setting next_dagrun for example_skip_dag to 2024-06-15 00:00:00+00:00, run_after=2024-06-16 00:00:00+00:00
[2024-06-16T12:58:35.263+0000] {processor.py:183} INFO - Processing /home/airflow/.local/lib/python3.12/site-packages/airflow/example_dags/example_skip_dag.py took 0.204 seconds
[2024-06-16T12:59:05.591+0000] {processor.py:161} INFO - Started process (PID=1547) to work on /home/airflow/.local/lib/python3.12/site-packages/airflow/example_dags/example_skip_dag.py
[2024-06-16T12:59:05.592+0000] {processor.py:830} INFO - Processing file /home/airflow/.local/lib/python3.12/site-packages/airflow/example_dags/example_skip_dag.py for tasks to queue
[2024-06-16T12:59:05.593+0000] {logging_mixin.py:188} INFO - [2024-06-16T12:59:05.592+0000] {dagbag.py:545} INFO - Filling up the DagBag from /home/airflow/.local/lib/python3.12/site-packages/airflow/example_dags/example_skip_dag.py
[2024-06-16T12:59:05.601+0000] {processor.py:840} INFO - DAG(s) 'example_skip_dag' retrieved from /home/airflow/.local/lib/python3.12/site-packages/airflow/example_dags/example_skip_dag.py
[2024-06-16T12:59:05.625+0000] {logging_mixin.py:188} INFO - [2024-06-16T12:59:05.624+0000] {dag.py:3096} INFO - Sync 1 DAGs
[2024-06-16T12:59:05.650+0000] {logging_mixin.py:188} INFO - [2024-06-16T12:59:05.650+0000] {dag.py:3954} INFO - Setting next_dagrun for example_skip_dag to 2024-06-15 00:00:00+00:00, run_after=2024-06-16 00:00:00+00:00
[2024-06-16T12:59:05.673+0000] {processor.py:183} INFO - Processing /home/airflow/.local/lib/python3.12/site-packages/airflow/example_dags/example_skip_dag.py took 0.088 seconds
[2024-06-16T12:59:36.139+0000] {processor.py:161} INFO - Started process (PID=1609) to work on /home/airflow/.local/lib/python3.12/site-packages/airflow/example_dags/example_skip_dag.py
[2024-06-16T12:59:36.140+0000] {processor.py:830} INFO - Processing file /home/airflow/.local/lib/python3.12/site-packages/airflow/example_dags/example_skip_dag.py for tasks to queue
[2024-06-16T12:59:36.141+0000] {logging_mixin.py:188} INFO - [2024-06-16T12:59:36.141+0000] {dagbag.py:545} INFO - Filling up the DagBag from /home/airflow/.local/lib/python3.12/site-packages/airflow/example_dags/example_skip_dag.py
[2024-06-16T12:59:36.151+0000] {processor.py:840} INFO - DAG(s) 'example_skip_dag' retrieved from /home/airflow/.local/lib/python3.12/site-packages/airflow/example_dags/example_skip_dag.py
[2024-06-16T12:59:36.180+0000] {logging_mixin.py:188} INFO - [2024-06-16T12:59:36.180+0000] {dag.py:3096} INFO - Sync 1 DAGs
[2024-06-16T12:59:36.226+0000] {logging_mixin.py:188} INFO - [2024-06-16T12:59:36.225+0000] {dag.py:3954} INFO - Setting next_dagrun for example_skip_dag to 2024-06-15 00:00:00+00:00, run_after=2024-06-16 00:00:00+00:00
[2024-06-16T12:59:36.263+0000] {processor.py:183} INFO - Processing /home/airflow/.local/lib/python3.12/site-packages/airflow/example_dags/example_skip_dag.py took 0.132 seconds
[2024-06-16T13:00:06.666+0000] {processor.py:161} INFO - Started process (PID=1670) to work on /home/airflow/.local/lib/python3.12/site-packages/airflow/example_dags/example_skip_dag.py
[2024-06-16T13:00:06.666+0000] {processor.py:830} INFO - Processing file /home/airflow/.local/lib/python3.12/site-packages/airflow/example_dags/example_skip_dag.py for tasks to queue
[2024-06-16T13:00:06.667+0000] {logging_mixin.py:188} INFO - [2024-06-16T13:00:06.667+0000] {dagbag.py:545} INFO - Filling up the DagBag from /home/airflow/.local/lib/python3.12/site-packages/airflow/example_dags/example_skip_dag.py
[2024-06-16T13:00:06.676+0000] {processor.py:840} INFO - DAG(s) 'example_skip_dag' retrieved from /home/airflow/.local/lib/python3.12/site-packages/airflow/example_dags/example_skip_dag.py
[2024-06-16T13:00:06.703+0000] {logging_mixin.py:188} INFO - [2024-06-16T13:00:06.703+0000] {dag.py:3096} INFO - Sync 1 DAGs
[2024-06-16T13:00:06.733+0000] {logging_mixin.py:188} INFO - [2024-06-16T13:00:06.733+0000] {dag.py:3954} INFO - Setting next_dagrun for example_skip_dag to 2024-06-15 00:00:00+00:00, run_after=2024-06-16 00:00:00+00:00
[2024-06-16T13:00:06.759+0000] {processor.py:183} INFO - Processing /home/airflow/.local/lib/python3.12/site-packages/airflow/example_dags/example_skip_dag.py took 0.102 seconds
[2024-06-16T13:00:37.541+0000] {processor.py:161} INFO - Started process (PID=1733) to work on /home/airflow/.local/lib/python3.12/site-packages/airflow/example_dags/example_skip_dag.py
[2024-06-16T13:00:37.542+0000] {processor.py:830} INFO - Processing file /home/airflow/.local/lib/python3.12/site-packages/airflow/example_dags/example_skip_dag.py for tasks to queue
[2024-06-16T13:00:37.544+0000] {logging_mixin.py:188} INFO - [2024-06-16T13:00:37.543+0000] {dagbag.py:545} INFO - Filling up the DagBag from /home/airflow/.local/lib/python3.12/site-packages/airflow/example_dags/example_skip_dag.py
[2024-06-16T13:00:37.553+0000] {processor.py:840} INFO - DAG(s) 'example_skip_dag' retrieved from /home/airflow/.local/lib/python3.12/site-packages/airflow/example_dags/example_skip_dag.py
[2024-06-16T13:00:37.586+0000] {logging_mixin.py:188} INFO - [2024-06-16T13:00:37.585+0000] {dag.py:3096} INFO - Sync 1 DAGs
[2024-06-16T13:00:37.620+0000] {logging_mixin.py:188} INFO - [2024-06-16T13:00:37.620+0000] {dag.py:3954} INFO - Setting next_dagrun for example_skip_dag to 2024-06-15 00:00:00+00:00, run_after=2024-06-16 00:00:00+00:00
[2024-06-16T13:00:37.647+0000] {processor.py:183} INFO - Processing /home/airflow/.local/lib/python3.12/site-packages/airflow/example_dags/example_skip_dag.py took 0.114 seconds
[2024-06-16T13:01:09.006+0000] {processor.py:161} INFO - Started process (PID=1792) to work on /home/airflow/.local/lib/python3.12/site-packages/airflow/example_dags/example_skip_dag.py
[2024-06-16T13:01:09.008+0000] {processor.py:830} INFO - Processing file /home/airflow/.local/lib/python3.12/site-packages/airflow/example_dags/example_skip_dag.py for tasks to queue
[2024-06-16T13:01:09.014+0000] {logging_mixin.py:188} INFO - [2024-06-16T13:01:09.013+0000] {dagbag.py:545} INFO - Filling up the DagBag from /home/airflow/.local/lib/python3.12/site-packages/airflow/example_dags/example_skip_dag.py
[2024-06-16T13:01:09.025+0000] {processor.py:840} INFO - DAG(s) 'example_skip_dag' retrieved from /home/airflow/.local/lib/python3.12/site-packages/airflow/example_dags/example_skip_dag.py
[2024-06-16T13:01:09.062+0000] {logging_mixin.py:188} INFO - [2024-06-16T13:01:09.062+0000] {dag.py:3096} INFO - Sync 1 DAGs
[2024-06-16T13:01:09.104+0000] {logging_mixin.py:188} INFO - [2024-06-16T13:01:09.103+0000] {dag.py:3954} INFO - Setting next_dagrun for example_skip_dag to 2024-06-15 00:00:00+00:00, run_after=2024-06-16 00:00:00+00:00
[2024-06-16T13:01:09.139+0000] {processor.py:183} INFO - Processing /home/airflow/.local/lib/python3.12/site-packages/airflow/example_dags/example_skip_dag.py took 0.143 seconds
[2024-06-16T13:01:40.408+0000] {processor.py:161} INFO - Started process (PID=1851) to work on /home/airflow/.local/lib/python3.12/site-packages/airflow/example_dags/example_skip_dag.py
[2024-06-16T13:01:40.409+0000] {processor.py:830} INFO - Processing file /home/airflow/.local/lib/python3.12/site-packages/airflow/example_dags/example_skip_dag.py for tasks to queue
[2024-06-16T13:01:40.410+0000] {logging_mixin.py:188} INFO - [2024-06-16T13:01:40.410+0000] {dagbag.py:545} INFO - Filling up the DagBag from /home/airflow/.local/lib/python3.12/site-packages/airflow/example_dags/example_skip_dag.py
[2024-06-16T13:01:40.423+0000] {processor.py:840} INFO - DAG(s) 'example_skip_dag' retrieved from /home/airflow/.local/lib/python3.12/site-packages/airflow/example_dags/example_skip_dag.py
[2024-06-16T13:01:40.459+0000] {logging_mixin.py:188} INFO - [2024-06-16T13:01:40.459+0000] {dag.py:3096} INFO - Sync 1 DAGs
[2024-06-16T13:01:40.496+0000] {logging_mixin.py:188} INFO - [2024-06-16T13:01:40.496+0000] {dag.py:3954} INFO - Setting next_dagrun for example_skip_dag to 2024-06-15 00:00:00+00:00, run_after=2024-06-16 00:00:00+00:00
[2024-06-16T13:01:40.528+0000] {processor.py:183} INFO - Processing /home/airflow/.local/lib/python3.12/site-packages/airflow/example_dags/example_skip_dag.py took 0.132 seconds
[2024-06-16T13:02:11.295+0000] {processor.py:161} INFO - Started process (PID=1910) to work on /home/airflow/.local/lib/python3.12/site-packages/airflow/example_dags/example_skip_dag.py
[2024-06-16T13:02:11.296+0000] {processor.py:830} INFO - Processing file /home/airflow/.local/lib/python3.12/site-packages/airflow/example_dags/example_skip_dag.py for tasks to queue
[2024-06-16T13:02:11.297+0000] {logging_mixin.py:188} INFO - [2024-06-16T13:02:11.296+0000] {dagbag.py:545} INFO - Filling up the DagBag from /home/airflow/.local/lib/python3.12/site-packages/airflow/example_dags/example_skip_dag.py
[2024-06-16T13:02:11.306+0000] {processor.py:840} INFO - DAG(s) 'example_skip_dag' retrieved from /home/airflow/.local/lib/python3.12/site-packages/airflow/example_dags/example_skip_dag.py
[2024-06-16T13:02:11.337+0000] {logging_mixin.py:188} INFO - [2024-06-16T13:02:11.337+0000] {dag.py:3096} INFO - Sync 1 DAGs
[2024-06-16T13:02:11.371+0000] {logging_mixin.py:188} INFO - [2024-06-16T13:02:11.371+0000] {dag.py:3954} INFO - Setting next_dagrun for example_skip_dag to 2024-06-15 00:00:00+00:00, run_after=2024-06-16 00:00:00+00:00
[2024-06-16T13:02:11.396+0000] {processor.py:183} INFO - Processing /home/airflow/.local/lib/python3.12/site-packages/airflow/example_dags/example_skip_dag.py took 0.108 seconds
[2024-06-16T13:02:41.612+0000] {processor.py:161} INFO - Started process (PID=1969) to work on /home/airflow/.local/lib/python3.12/site-packages/airflow/example_dags/example_skip_dag.py
[2024-06-16T13:02:41.613+0000] {processor.py:830} INFO - Processing file /home/airflow/.local/lib/python3.12/site-packages/airflow/example_dags/example_skip_dag.py for tasks to queue
[2024-06-16T13:02:41.614+0000] {logging_mixin.py:188} INFO - [2024-06-16T13:02:41.613+0000] {dagbag.py:545} INFO - Filling up the DagBag from /home/airflow/.local/lib/python3.12/site-packages/airflow/example_dags/example_skip_dag.py
[2024-06-16T13:02:41.622+0000] {processor.py:840} INFO - DAG(s) 'example_skip_dag' retrieved from /home/airflow/.local/lib/python3.12/site-packages/airflow/example_dags/example_skip_dag.py
[2024-06-16T13:02:41.651+0000] {logging_mixin.py:188} INFO - [2024-06-16T13:02:41.651+0000] {dag.py:3096} INFO - Sync 1 DAGs
[2024-06-16T13:02:41.687+0000] {logging_mixin.py:188} INFO - [2024-06-16T13:02:41.687+0000] {dag.py:3954} INFO - Setting next_dagrun for example_skip_dag to 2024-06-15 00:00:00+00:00, run_after=2024-06-16 00:00:00+00:00
[2024-06-16T13:02:41.718+0000] {processor.py:183} INFO - Processing /home/airflow/.local/lib/python3.12/site-packages/airflow/example_dags/example_skip_dag.py took 0.113 seconds
[2024-06-16T13:03:12.469+0000] {processor.py:161} INFO - Started process (PID=2028) to work on /home/airflow/.local/lib/python3.12/site-packages/airflow/example_dags/example_skip_dag.py
[2024-06-16T13:03:12.470+0000] {processor.py:830} INFO - Processing file /home/airflow/.local/lib/python3.12/site-packages/airflow/example_dags/example_skip_dag.py for tasks to queue
[2024-06-16T13:03:12.472+0000] {logging_mixin.py:188} INFO - [2024-06-16T13:03:12.471+0000] {dagbag.py:545} INFO - Filling up the DagBag from /home/airflow/.local/lib/python3.12/site-packages/airflow/example_dags/example_skip_dag.py
[2024-06-16T13:03:12.485+0000] {processor.py:840} INFO - DAG(s) 'example_skip_dag' retrieved from /home/airflow/.local/lib/python3.12/site-packages/airflow/example_dags/example_skip_dag.py
[2024-06-16T13:03:12.530+0000] {logging_mixin.py:188} INFO - [2024-06-16T13:03:12.530+0000] {dag.py:3096} INFO - Sync 1 DAGs
[2024-06-16T13:03:12.573+0000] {logging_mixin.py:188} INFO - [2024-06-16T13:03:12.573+0000] {dag.py:3954} INFO - Setting next_dagrun for example_skip_dag to 2024-06-15 00:00:00+00:00, run_after=2024-06-16 00:00:00+00:00
[2024-06-16T13:03:12.620+0000] {processor.py:183} INFO - Processing /home/airflow/.local/lib/python3.12/site-packages/airflow/example_dags/example_skip_dag.py took 0.166 seconds
[2024-06-16T13:03:43.654+0000] {processor.py:161} INFO - Started process (PID=2087) to work on /home/airflow/.local/lib/python3.12/site-packages/airflow/example_dags/example_skip_dag.py
[2024-06-16T13:03:43.655+0000] {processor.py:830} INFO - Processing file /home/airflow/.local/lib/python3.12/site-packages/airflow/example_dags/example_skip_dag.py for tasks to queue
[2024-06-16T13:03:43.656+0000] {logging_mixin.py:188} INFO - [2024-06-16T13:03:43.656+0000] {dagbag.py:545} INFO - Filling up the DagBag from /home/airflow/.local/lib/python3.12/site-packages/airflow/example_dags/example_skip_dag.py
[2024-06-16T13:03:43.667+0000] {processor.py:840} INFO - DAG(s) 'example_skip_dag' retrieved from /home/airflow/.local/lib/python3.12/site-packages/airflow/example_dags/example_skip_dag.py
[2024-06-16T13:03:43.703+0000] {logging_mixin.py:188} INFO - [2024-06-16T13:03:43.703+0000] {dag.py:3096} INFO - Sync 1 DAGs
[2024-06-16T13:03:43.738+0000] {logging_mixin.py:188} INFO - [2024-06-16T13:03:43.738+0000] {dag.py:3954} INFO - Setting next_dagrun for example_skip_dag to 2024-06-15 00:00:00+00:00, run_after=2024-06-16 00:00:00+00:00
[2024-06-16T13:03:43.767+0000] {processor.py:183} INFO - Processing /home/airflow/.local/lib/python3.12/site-packages/airflow/example_dags/example_skip_dag.py took 0.122 seconds
[2024-06-16T13:04:14.698+0000] {processor.py:161} INFO - Started process (PID=2149) to work on /home/airflow/.local/lib/python3.12/site-packages/airflow/example_dags/example_skip_dag.py
[2024-06-16T13:04:14.699+0000] {processor.py:830} INFO - Processing file /home/airflow/.local/lib/python3.12/site-packages/airflow/example_dags/example_skip_dag.py for tasks to queue
[2024-06-16T13:04:14.701+0000] {logging_mixin.py:188} INFO - [2024-06-16T13:04:14.700+0000] {dagbag.py:545} INFO - Filling up the DagBag from /home/airflow/.local/lib/python3.12/site-packages/airflow/example_dags/example_skip_dag.py
[2024-06-16T13:04:14.716+0000] {processor.py:840} INFO - DAG(s) 'example_skip_dag' retrieved from /home/airflow/.local/lib/python3.12/site-packages/airflow/example_dags/example_skip_dag.py
[2024-06-16T13:04:14.746+0000] {logging_mixin.py:188} INFO - [2024-06-16T13:04:14.746+0000] {dag.py:3096} INFO - Sync 1 DAGs
[2024-06-16T13:04:14.776+0000] {logging_mixin.py:188} INFO - [2024-06-16T13:04:14.775+0000] {dag.py:3954} INFO - Setting next_dagrun for example_skip_dag to 2024-06-15 00:00:00+00:00, run_after=2024-06-16 00:00:00+00:00
[2024-06-16T13:04:14.804+0000] {processor.py:183} INFO - Processing /home/airflow/.local/lib/python3.12/site-packages/airflow/example_dags/example_skip_dag.py took 0.122 seconds
[2024-06-16T13:04:45.452+0000] {processor.py:161} INFO - Started process (PID=2209) to work on /home/airflow/.local/lib/python3.12/site-packages/airflow/example_dags/example_skip_dag.py
[2024-06-16T13:04:45.454+0000] {processor.py:830} INFO - Processing file /home/airflow/.local/lib/python3.12/site-packages/airflow/example_dags/example_skip_dag.py for tasks to queue
[2024-06-16T13:04:45.455+0000] {logging_mixin.py:188} INFO - [2024-06-16T13:04:45.454+0000] {dagbag.py:545} INFO - Filling up the DagBag from /home/airflow/.local/lib/python3.12/site-packages/airflow/example_dags/example_skip_dag.py
[2024-06-16T13:04:45.466+0000] {processor.py:840} INFO - DAG(s) 'example_skip_dag' retrieved from /home/airflow/.local/lib/python3.12/site-packages/airflow/example_dags/example_skip_dag.py
[2024-06-16T13:04:45.508+0000] {logging_mixin.py:188} INFO - [2024-06-16T13:04:45.508+0000] {dag.py:3096} INFO - Sync 1 DAGs
[2024-06-16T13:04:45.553+0000] {logging_mixin.py:188} INFO - [2024-06-16T13:04:45.553+0000] {dag.py:3954} INFO - Setting next_dagrun for example_skip_dag to 2024-06-15 00:00:00+00:00, run_after=2024-06-16 00:00:00+00:00
[2024-06-16T13:04:45.582+0000] {processor.py:183} INFO - Processing /home/airflow/.local/lib/python3.12/site-packages/airflow/example_dags/example_skip_dag.py took 0.141 seconds
[2024-06-16T13:05:15.676+0000] {processor.py:161} INFO - Started process (PID=2267) to work on /home/airflow/.local/lib/python3.12/site-packages/airflow/example_dags/example_skip_dag.py
[2024-06-16T13:05:15.678+0000] {processor.py:830} INFO - Processing file /home/airflow/.local/lib/python3.12/site-packages/airflow/example_dags/example_skip_dag.py for tasks to queue
[2024-06-16T13:05:15.679+0000] {logging_mixin.py:188} INFO - [2024-06-16T13:05:15.678+0000] {dagbag.py:545} INFO - Filling up the DagBag from /home/airflow/.local/lib/python3.12/site-packages/airflow/example_dags/example_skip_dag.py
[2024-06-16T13:05:15.686+0000] {processor.py:840} INFO - DAG(s) 'example_skip_dag' retrieved from /home/airflow/.local/lib/python3.12/site-packages/airflow/example_dags/example_skip_dag.py
[2024-06-16T13:05:15.719+0000] {logging_mixin.py:188} INFO - [2024-06-16T13:05:15.719+0000] {dag.py:3096} INFO - Sync 1 DAGs
[2024-06-16T13:05:15.757+0000] {logging_mixin.py:188} INFO - [2024-06-16T13:05:15.756+0000] {dag.py:3954} INFO - Setting next_dagrun for example_skip_dag to 2024-06-15 00:00:00+00:00, run_after=2024-06-16 00:00:00+00:00
[2024-06-16T13:05:15.784+0000] {processor.py:183} INFO - Processing /home/airflow/.local/lib/python3.12/site-packages/airflow/example_dags/example_skip_dag.py took 0.115 seconds
[2024-06-16T13:05:45.956+0000] {processor.py:161} INFO - Started process (PID=2326) to work on /home/airflow/.local/lib/python3.12/site-packages/airflow/example_dags/example_skip_dag.py
[2024-06-16T13:05:45.957+0000] {processor.py:830} INFO - Processing file /home/airflow/.local/lib/python3.12/site-packages/airflow/example_dags/example_skip_dag.py for tasks to queue
[2024-06-16T13:05:45.958+0000] {logging_mixin.py:188} INFO - [2024-06-16T13:05:45.958+0000] {dagbag.py:545} INFO - Filling up the DagBag from /home/airflow/.local/lib/python3.12/site-packages/airflow/example_dags/example_skip_dag.py
[2024-06-16T13:05:45.968+0000] {processor.py:840} INFO - DAG(s) 'example_skip_dag' retrieved from /home/airflow/.local/lib/python3.12/site-packages/airflow/example_dags/example_skip_dag.py
[2024-06-16T13:05:45.999+0000] {logging_mixin.py:188} INFO - [2024-06-16T13:05:45.999+0000] {dag.py:3096} INFO - Sync 1 DAGs
[2024-06-16T13:05:46.177+0000] {logging_mixin.py:188} INFO - [2024-06-16T13:05:46.177+0000] {dag.py:3954} INFO - Setting next_dagrun for example_skip_dag to 2024-06-15 00:00:00+00:00, run_after=2024-06-16 00:00:00+00:00
[2024-06-16T13:05:46.207+0000] {processor.py:183} INFO - Processing /home/airflow/.local/lib/python3.12/site-packages/airflow/example_dags/example_skip_dag.py took 0.258 seconds
[2024-06-16T13:06:17.330+0000] {processor.py:161} INFO - Started process (PID=2385) to work on /home/airflow/.local/lib/python3.12/site-packages/airflow/example_dags/example_skip_dag.py
[2024-06-16T13:06:17.332+0000] {processor.py:830} INFO - Processing file /home/airflow/.local/lib/python3.12/site-packages/airflow/example_dags/example_skip_dag.py for tasks to queue
[2024-06-16T13:06:17.333+0000] {logging_mixin.py:188} INFO - [2024-06-16T13:06:17.332+0000] {dagbag.py:545} INFO - Filling up the DagBag from /home/airflow/.local/lib/python3.12/site-packages/airflow/example_dags/example_skip_dag.py
[2024-06-16T13:06:17.343+0000] {processor.py:840} INFO - DAG(s) 'example_skip_dag' retrieved from /home/airflow/.local/lib/python3.12/site-packages/airflow/example_dags/example_skip_dag.py
[2024-06-16T13:06:17.373+0000] {logging_mixin.py:188} INFO - [2024-06-16T13:06:17.373+0000] {dag.py:3096} INFO - Sync 1 DAGs
[2024-06-16T13:06:17.410+0000] {logging_mixin.py:188} INFO - [2024-06-16T13:06:17.409+0000] {dag.py:3954} INFO - Setting next_dagrun for example_skip_dag to 2024-06-15 00:00:00+00:00, run_after=2024-06-16 00:00:00+00:00
[2024-06-16T13:06:17.445+0000] {processor.py:183} INFO - Processing /home/airflow/.local/lib/python3.12/site-packages/airflow/example_dags/example_skip_dag.py took 0.124 seconds
