[2024-06-16T12:20:43.824+0000] {processor.py:161} INFO - Started process (PID=42) to work on /home/airflow/.local/lib/python3.12/site-packages/airflow/example_dags/example_bash_operator.py
[2024-06-16T12:20:43.825+0000] {processor.py:830} INFO - Processing file /home/airflow/.local/lib/python3.12/site-packages/airflow/example_dags/example_bash_operator.py for tasks to queue
[2024-06-16T12:20:43.829+0000] {logging_mixin.py:188} INFO - [2024-06-16T12:20:43.828+0000] {dagbag.py:545} INFO - Filling up the DagBag from /home/airflow/.local/lib/python3.12/site-packages/airflow/example_dags/example_bash_operator.py
[2024-06-16T12:20:43.880+0000] {processor.py:840} INFO - DAG(s) 'example_bash_operator' retrieved from /home/airflow/.local/lib/python3.12/site-packages/airflow/example_dags/example_bash_operator.py
[2024-06-16T12:20:44.786+0000] {logging_mixin.py:188} INFO - [2024-06-16T12:20:44.785+0000] {override.py:1829} INFO - Created Permission View: can edit on DAG:example_bash_operator
[2024-06-16T12:20:44.819+0000] {logging_mixin.py:188} INFO - [2024-06-16T12:20:44.819+0000] {override.py:1829} INFO - Created Permission View: can delete on DAG:example_bash_operator
[2024-06-16T12:20:44.861+0000] {logging_mixin.py:188} INFO - [2024-06-16T12:20:44.860+0000] {override.py:1829} INFO - Created Permission View: can read on DAG:example_bash_operator
[2024-06-16T12:20:44.862+0000] {logging_mixin.py:188} INFO - [2024-06-16T12:20:44.861+0000] {dag.py:3096} INFO - Sync 1 DAGs
[2024-06-16T12:20:44.920+0000] {logging_mixin.py:188} INFO - [2024-06-16T12:20:44.920+0000] {dag.py:3118} INFO - Creating ORM DAG for example_bash_operator
[2024-06-16T12:20:44.960+0000] {logging_mixin.py:188} INFO - [2024-06-16T12:20:44.959+0000] {dag.py:3954} INFO - Setting next_dagrun for example_bash_operator to 2024-06-15 00:00:00+00:00, run_after=2024-06-16 00:00:00+00:00
[2024-06-16T12:20:45.030+0000] {processor.py:183} INFO - Processing /home/airflow/.local/lib/python3.12/site-packages/airflow/example_dags/example_bash_operator.py took 1.225 seconds
[2024-06-16T12:21:21.662+0000] {processor.py:161} INFO - Started process (PID=101) to work on /home/airflow/.local/lib/python3.12/site-packages/airflow/example_dags/example_bash_operator.py
[2024-06-16T12:21:21.671+0000] {processor.py:830} INFO - Processing file /home/airflow/.local/lib/python3.12/site-packages/airflow/example_dags/example_bash_operator.py for tasks to queue
[2024-06-16T12:21:21.677+0000] {logging_mixin.py:188} INFO - [2024-06-16T12:21:21.674+0000] {dagbag.py:545} INFO - Filling up the DagBag from /home/airflow/.local/lib/python3.12/site-packages/airflow/example_dags/example_bash_operator.py
[2024-06-16T12:21:21.787+0000] {processor.py:840} INFO - DAG(s) 'example_bash_operator' retrieved from /home/airflow/.local/lib/python3.12/site-packages/airflow/example_dags/example_bash_operator.py
[2024-06-16T12:21:21.975+0000] {logging_mixin.py:188} INFO - [2024-06-16T12:21:21.974+0000] {dag.py:3096} INFO - Sync 1 DAGs
[2024-06-16T12:21:22.077+0000] {logging_mixin.py:188} INFO - [2024-06-16T12:21:22.076+0000] {dag.py:3954} INFO - Setting next_dagrun for example_bash_operator to 2024-06-15 00:00:00+00:00, run_after=2024-06-16 00:00:00+00:00
[2024-06-16T12:21:22.125+0000] {processor.py:183} INFO - Processing /home/airflow/.local/lib/python3.12/site-packages/airflow/example_dags/example_bash_operator.py took 0.492 seconds
[2024-06-16T12:21:52.989+0000] {processor.py:161} INFO - Started process (PID=157) to work on /home/airflow/.local/lib/python3.12/site-packages/airflow/example_dags/example_bash_operator.py
[2024-06-16T12:21:52.991+0000] {processor.py:830} INFO - Processing file /home/airflow/.local/lib/python3.12/site-packages/airflow/example_dags/example_bash_operator.py for tasks to queue
[2024-06-16T12:21:53.006+0000] {logging_mixin.py:188} INFO - [2024-06-16T12:21:52.994+0000] {dagbag.py:545} INFO - Filling up the DagBag from /home/airflow/.local/lib/python3.12/site-packages/airflow/example_dags/example_bash_operator.py
[2024-06-16T12:21:53.042+0000] {processor.py:840} INFO - DAG(s) 'example_bash_operator' retrieved from /home/airflow/.local/lib/python3.12/site-packages/airflow/example_dags/example_bash_operator.py
[2024-06-16T12:21:53.424+0000] {logging_mixin.py:188} INFO - [2024-06-16T12:21:53.424+0000] {dag.py:3096} INFO - Sync 1 DAGs
[2024-06-16T12:21:53.705+0000] {logging_mixin.py:188} INFO - [2024-06-16T12:21:53.705+0000] {dag.py:3954} INFO - Setting next_dagrun for example_bash_operator to 2024-06-15 00:00:00+00:00, run_after=2024-06-16 00:00:00+00:00
[2024-06-16T12:21:53.803+0000] {processor.py:183} INFO - Processing /home/airflow/.local/lib/python3.12/site-packages/airflow/example_dags/example_bash_operator.py took 0.842 seconds
[2024-06-16T12:22:24.013+0000] {processor.py:161} INFO - Started process (PID=216) to work on /home/airflow/.local/lib/python3.12/site-packages/airflow/example_dags/example_bash_operator.py
[2024-06-16T12:22:24.014+0000] {processor.py:830} INFO - Processing file /home/airflow/.local/lib/python3.12/site-packages/airflow/example_dags/example_bash_operator.py for tasks to queue
[2024-06-16T12:22:24.017+0000] {logging_mixin.py:188} INFO - [2024-06-16T12:22:24.016+0000] {dagbag.py:545} INFO - Filling up the DagBag from /home/airflow/.local/lib/python3.12/site-packages/airflow/example_dags/example_bash_operator.py
[2024-06-16T12:22:24.061+0000] {processor.py:840} INFO - DAG(s) 'example_bash_operator' retrieved from /home/airflow/.local/lib/python3.12/site-packages/airflow/example_dags/example_bash_operator.py
[2024-06-16T12:22:24.158+0000] {logging_mixin.py:188} INFO - [2024-06-16T12:22:24.157+0000] {dag.py:3096} INFO - Sync 1 DAGs
[2024-06-16T12:22:24.233+0000] {logging_mixin.py:188} INFO - [2024-06-16T12:22:24.232+0000] {dag.py:3954} INFO - Setting next_dagrun for example_bash_operator to 2024-06-15 00:00:00+00:00, run_after=2024-06-16 00:00:00+00:00
[2024-06-16T12:22:24.304+0000] {processor.py:183} INFO - Processing /home/airflow/.local/lib/python3.12/site-packages/airflow/example_dags/example_bash_operator.py took 0.303 seconds
[2024-06-16T12:22:54.684+0000] {processor.py:161} INFO - Started process (PID=271) to work on /home/airflow/.local/lib/python3.12/site-packages/airflow/example_dags/example_bash_operator.py
[2024-06-16T12:22:54.688+0000] {processor.py:830} INFO - Processing file /home/airflow/.local/lib/python3.12/site-packages/airflow/example_dags/example_bash_operator.py for tasks to queue
[2024-06-16T12:22:54.692+0000] {logging_mixin.py:188} INFO - [2024-06-16T12:22:54.691+0000] {dagbag.py:545} INFO - Filling up the DagBag from /home/airflow/.local/lib/python3.12/site-packages/airflow/example_dags/example_bash_operator.py
[2024-06-16T12:22:54.722+0000] {processor.py:840} INFO - DAG(s) 'example_bash_operator' retrieved from /home/airflow/.local/lib/python3.12/site-packages/airflow/example_dags/example_bash_operator.py
[2024-06-16T12:22:54.834+0000] {logging_mixin.py:188} INFO - [2024-06-16T12:22:54.834+0000] {dag.py:3096} INFO - Sync 1 DAGs
[2024-06-16T12:22:54.893+0000] {logging_mixin.py:188} INFO - [2024-06-16T12:22:54.893+0000] {dag.py:3954} INFO - Setting next_dagrun for example_bash_operator to 2024-06-15 00:00:00+00:00, run_after=2024-06-16 00:00:00+00:00
[2024-06-16T12:22:54.949+0000] {processor.py:183} INFO - Processing /home/airflow/.local/lib/python3.12/site-packages/airflow/example_dags/example_bash_operator.py took 0.276 seconds
[2024-06-16T12:23:25.898+0000] {processor.py:161} INFO - Started process (PID=330) to work on /home/airflow/.local/lib/python3.12/site-packages/airflow/example_dags/example_bash_operator.py
[2024-06-16T12:23:25.899+0000] {processor.py:830} INFO - Processing file /home/airflow/.local/lib/python3.12/site-packages/airflow/example_dags/example_bash_operator.py for tasks to queue
[2024-06-16T12:23:25.904+0000] {logging_mixin.py:188} INFO - [2024-06-16T12:23:25.903+0000] {dagbag.py:545} INFO - Filling up the DagBag from /home/airflow/.local/lib/python3.12/site-packages/airflow/example_dags/example_bash_operator.py
[2024-06-16T12:23:25.932+0000] {processor.py:840} INFO - DAG(s) 'example_bash_operator' retrieved from /home/airflow/.local/lib/python3.12/site-packages/airflow/example_dags/example_bash_operator.py
[2024-06-16T12:23:26.013+0000] {logging_mixin.py:188} INFO - [2024-06-16T12:23:26.013+0000] {dag.py:3096} INFO - Sync 1 DAGs
[2024-06-16T12:23:26.132+0000] {logging_mixin.py:188} INFO - [2024-06-16T12:23:26.131+0000] {dag.py:3954} INFO - Setting next_dagrun for example_bash_operator to 2024-06-15 00:00:00+00:00, run_after=2024-06-16 00:00:00+00:00
[2024-06-16T12:23:26.242+0000] {processor.py:183} INFO - Processing /home/airflow/.local/lib/python3.12/site-packages/airflow/example_dags/example_bash_operator.py took 0.356 seconds
[2024-06-16T12:23:56.595+0000] {processor.py:161} INFO - Started process (PID=389) to work on /home/airflow/.local/lib/python3.12/site-packages/airflow/example_dags/example_bash_operator.py
[2024-06-16T12:23:56.598+0000] {processor.py:830} INFO - Processing file /home/airflow/.local/lib/python3.12/site-packages/airflow/example_dags/example_bash_operator.py for tasks to queue
[2024-06-16T12:23:56.603+0000] {logging_mixin.py:188} INFO - [2024-06-16T12:23:56.602+0000] {dagbag.py:545} INFO - Filling up the DagBag from /home/airflow/.local/lib/python3.12/site-packages/airflow/example_dags/example_bash_operator.py
[2024-06-16T12:23:56.634+0000] {processor.py:840} INFO - DAG(s) 'example_bash_operator' retrieved from /home/airflow/.local/lib/python3.12/site-packages/airflow/example_dags/example_bash_operator.py
[2024-06-16T12:23:56.705+0000] {logging_mixin.py:188} INFO - [2024-06-16T12:23:56.705+0000] {dag.py:3096} INFO - Sync 1 DAGs
[2024-06-16T12:23:56.765+0000] {logging_mixin.py:188} INFO - [2024-06-16T12:23:56.764+0000] {dag.py:3954} INFO - Setting next_dagrun for example_bash_operator to 2024-06-15 00:00:00+00:00, run_after=2024-06-16 00:00:00+00:00
[2024-06-16T12:23:56.810+0000] {processor.py:183} INFO - Processing /home/airflow/.local/lib/python3.12/site-packages/airflow/example_dags/example_bash_operator.py took 0.230 seconds
[2024-06-16T12:24:27.715+0000] {processor.py:161} INFO - Started process (PID=448) to work on /home/airflow/.local/lib/python3.12/site-packages/airflow/example_dags/example_bash_operator.py
[2024-06-16T12:24:27.717+0000] {processor.py:830} INFO - Processing file /home/airflow/.local/lib/python3.12/site-packages/airflow/example_dags/example_bash_operator.py for tasks to queue
[2024-06-16T12:24:27.720+0000] {logging_mixin.py:188} INFO - [2024-06-16T12:24:27.720+0000] {dagbag.py:545} INFO - Filling up the DagBag from /home/airflow/.local/lib/python3.12/site-packages/airflow/example_dags/example_bash_operator.py
[2024-06-16T12:24:27.743+0000] {processor.py:840} INFO - DAG(s) 'example_bash_operator' retrieved from /home/airflow/.local/lib/python3.12/site-packages/airflow/example_dags/example_bash_operator.py
[2024-06-16T12:24:27.802+0000] {logging_mixin.py:188} INFO - [2024-06-16T12:24:27.802+0000] {dag.py:3096} INFO - Sync 1 DAGs
[2024-06-16T12:24:27.856+0000] {logging_mixin.py:188} INFO - [2024-06-16T12:24:27.856+0000] {dag.py:3954} INFO - Setting next_dagrun for example_bash_operator to 2024-06-15 00:00:00+00:00, run_after=2024-06-16 00:00:00+00:00
[2024-06-16T12:24:27.906+0000] {processor.py:183} INFO - Processing /home/airflow/.local/lib/python3.12/site-packages/airflow/example_dags/example_bash_operator.py took 0.202 seconds
[2024-06-16T12:44:54.489+0000] {processor.py:161} INFO - Started process (PID=40) to work on /home/airflow/.local/lib/python3.12/site-packages/airflow/example_dags/example_bash_operator.py
[2024-06-16T12:44:54.495+0000] {processor.py:830} INFO - Processing file /home/airflow/.local/lib/python3.12/site-packages/airflow/example_dags/example_bash_operator.py for tasks to queue
[2024-06-16T12:44:54.501+0000] {logging_mixin.py:188} INFO - [2024-06-16T12:44:54.500+0000] {dagbag.py:545} INFO - Filling up the DagBag from /home/airflow/.local/lib/python3.12/site-packages/airflow/example_dags/example_bash_operator.py
[2024-06-16T12:44:54.531+0000] {processor.py:840} INFO - DAG(s) 'example_bash_operator' retrieved from /home/airflow/.local/lib/python3.12/site-packages/airflow/example_dags/example_bash_operator.py
[2024-06-16T12:44:54.878+0000] {logging_mixin.py:188} INFO - [2024-06-16T12:44:54.876+0000] {override.py:1829} INFO - Created Permission View: can read on DAG:example_bash_operator
[2024-06-16T12:44:54.913+0000] {logging_mixin.py:188} INFO - [2024-06-16T12:44:54.912+0000] {override.py:1829} INFO - Created Permission View: can delete on DAG:example_bash_operator
[2024-06-16T12:44:54.935+0000] {logging_mixin.py:188} INFO - [2024-06-16T12:44:54.934+0000] {override.py:1829} INFO - Created Permission View: can edit on DAG:example_bash_operator
[2024-06-16T12:44:54.936+0000] {logging_mixin.py:188} INFO - [2024-06-16T12:44:54.935+0000] {dag.py:3096} INFO - Sync 1 DAGs
[2024-06-16T12:44:54.969+0000] {logging_mixin.py:188} INFO - [2024-06-16T12:44:54.968+0000] {dag.py:3118} INFO - Creating ORM DAG for example_bash_operator
[2024-06-16T12:44:54.992+0000] {logging_mixin.py:188} INFO - [2024-06-16T12:44:54.992+0000] {dag.py:3954} INFO - Setting next_dagrun for example_bash_operator to 2024-06-15 00:00:00+00:00, run_after=2024-06-16 00:00:00+00:00
[2024-06-16T12:44:55.036+0000] {processor.py:183} INFO - Processing /home/airflow/.local/lib/python3.12/site-packages/airflow/example_dags/example_bash_operator.py took 0.562 seconds
[2024-06-16T12:45:25.638+0000] {processor.py:161} INFO - Started process (PID=99) to work on /home/airflow/.local/lib/python3.12/site-packages/airflow/example_dags/example_bash_operator.py
[2024-06-16T12:45:25.640+0000] {processor.py:830} INFO - Processing file /home/airflow/.local/lib/python3.12/site-packages/airflow/example_dags/example_bash_operator.py for tasks to queue
[2024-06-16T12:45:25.642+0000] {logging_mixin.py:188} INFO - [2024-06-16T12:45:25.642+0000] {dagbag.py:545} INFO - Filling up the DagBag from /home/airflow/.local/lib/python3.12/site-packages/airflow/example_dags/example_bash_operator.py
[2024-06-16T12:45:25.665+0000] {processor.py:840} INFO - DAG(s) 'example_bash_operator' retrieved from /home/airflow/.local/lib/python3.12/site-packages/airflow/example_dags/example_bash_operator.py
[2024-06-16T12:45:25.742+0000] {logging_mixin.py:188} INFO - [2024-06-16T12:45:25.741+0000] {dag.py:3096} INFO - Sync 1 DAGs
[2024-06-16T12:45:25.790+0000] {logging_mixin.py:188} INFO - [2024-06-16T12:45:25.790+0000] {dag.py:3954} INFO - Setting next_dagrun for example_bash_operator to 2024-06-15 00:00:00+00:00, run_after=2024-06-16 00:00:00+00:00
[2024-06-16T12:45:25.835+0000] {processor.py:183} INFO - Processing /home/airflow/.local/lib/python3.12/site-packages/airflow/example_dags/example_bash_operator.py took 0.207 seconds
[2024-06-16T12:45:56.583+0000] {processor.py:161} INFO - Started process (PID=158) to work on /home/airflow/.local/lib/python3.12/site-packages/airflow/example_dags/example_bash_operator.py
[2024-06-16T12:45:56.584+0000] {processor.py:830} INFO - Processing file /home/airflow/.local/lib/python3.12/site-packages/airflow/example_dags/example_bash_operator.py for tasks to queue
[2024-06-16T12:45:56.586+0000] {logging_mixin.py:188} INFO - [2024-06-16T12:45:56.586+0000] {dagbag.py:545} INFO - Filling up the DagBag from /home/airflow/.local/lib/python3.12/site-packages/airflow/example_dags/example_bash_operator.py
[2024-06-16T12:45:56.606+0000] {processor.py:840} INFO - DAG(s) 'example_bash_operator' retrieved from /home/airflow/.local/lib/python3.12/site-packages/airflow/example_dags/example_bash_operator.py
[2024-06-16T12:45:56.661+0000] {logging_mixin.py:188} INFO - [2024-06-16T12:45:56.661+0000] {dag.py:3096} INFO - Sync 1 DAGs
[2024-06-16T12:45:56.706+0000] {logging_mixin.py:188} INFO - [2024-06-16T12:45:56.706+0000] {dag.py:3954} INFO - Setting next_dagrun for example_bash_operator to 2024-06-15 00:00:00+00:00, run_after=2024-06-16 00:00:00+00:00
[2024-06-16T12:45:56.739+0000] {processor.py:183} INFO - Processing /home/airflow/.local/lib/python3.12/site-packages/airflow/example_dags/example_bash_operator.py took 0.166 seconds
[2024-06-16T12:46:27.855+0000] {processor.py:161} INFO - Started process (PID=223) to work on /home/airflow/.local/lib/python3.12/site-packages/airflow/example_dags/example_bash_operator.py
[2024-06-16T12:46:27.857+0000] {processor.py:830} INFO - Processing file /home/airflow/.local/lib/python3.12/site-packages/airflow/example_dags/example_bash_operator.py for tasks to queue
[2024-06-16T12:46:27.866+0000] {logging_mixin.py:188} INFO - [2024-06-16T12:46:27.865+0000] {dagbag.py:545} INFO - Filling up the DagBag from /home/airflow/.local/lib/python3.12/site-packages/airflow/example_dags/example_bash_operator.py
[2024-06-16T12:46:27.950+0000] {processor.py:840} INFO - DAG(s) 'example_bash_operator' retrieved from /home/airflow/.local/lib/python3.12/site-packages/airflow/example_dags/example_bash_operator.py
[2024-06-16T12:46:28.029+0000] {logging_mixin.py:188} INFO - [2024-06-16T12:46:28.028+0000] {dag.py:3096} INFO - Sync 1 DAGs
[2024-06-16T12:46:28.087+0000] {logging_mixin.py:188} INFO - [2024-06-16T12:46:28.086+0000] {dag.py:3954} INFO - Setting next_dagrun for example_bash_operator to 2024-06-15 00:00:00+00:00, run_after=2024-06-16 00:00:00+00:00
[2024-06-16T12:46:28.119+0000] {processor.py:183} INFO - Processing /home/airflow/.local/lib/python3.12/site-packages/airflow/example_dags/example_bash_operator.py took 0.293 seconds
[2024-06-16T12:47:27.594+0000] {processor.py:161} INFO - Started process (PID=282) to work on /home/airflow/.local/lib/python3.12/site-packages/airflow/example_dags/example_bash_operator.py
[2024-06-16T12:47:27.604+0000] {processor.py:830} INFO - Processing file /home/airflow/.local/lib/python3.12/site-packages/airflow/example_dags/example_bash_operator.py for tasks to queue
[2024-06-16T12:47:27.610+0000] {logging_mixin.py:188} INFO - [2024-06-16T12:47:27.610+0000] {dagbag.py:545} INFO - Filling up the DagBag from /home/airflow/.local/lib/python3.12/site-packages/airflow/example_dags/example_bash_operator.py
[2024-06-16T12:47:27.648+0000] {processor.py:840} INFO - DAG(s) 'example_bash_operator' retrieved from /home/airflow/.local/lib/python3.12/site-packages/airflow/example_dags/example_bash_operator.py
[2024-06-16T12:47:27.728+0000] {logging_mixin.py:188} INFO - [2024-06-16T12:47:27.727+0000] {dag.py:3096} INFO - Sync 1 DAGs
[2024-06-16T12:47:27.848+0000] {logging_mixin.py:188} INFO - [2024-06-16T12:47:27.848+0000] {dag.py:3954} INFO - Setting next_dagrun for example_bash_operator to 2024-06-15 00:00:00+00:00, run_after=2024-06-16 00:00:00+00:00
[2024-06-16T12:47:27.942+0000] {processor.py:183} INFO - Processing /home/airflow/.local/lib/python3.12/site-packages/airflow/example_dags/example_bash_operator.py took 0.363 seconds
[2024-06-16T12:47:58.889+0000] {processor.py:161} INFO - Started process (PID=341) to work on /home/airflow/.local/lib/python3.12/site-packages/airflow/example_dags/example_bash_operator.py
[2024-06-16T12:47:58.891+0000] {processor.py:830} INFO - Processing file /home/airflow/.local/lib/python3.12/site-packages/airflow/example_dags/example_bash_operator.py for tasks to queue
[2024-06-16T12:47:58.900+0000] {logging_mixin.py:188} INFO - [2024-06-16T12:47:58.899+0000] {dagbag.py:545} INFO - Filling up the DagBag from /home/airflow/.local/lib/python3.12/site-packages/airflow/example_dags/example_bash_operator.py
[2024-06-16T12:47:58.953+0000] {processor.py:840} INFO - DAG(s) 'example_bash_operator' retrieved from /home/airflow/.local/lib/python3.12/site-packages/airflow/example_dags/example_bash_operator.py
[2024-06-16T12:47:59.253+0000] {logging_mixin.py:188} INFO - [2024-06-16T12:47:59.253+0000] {dag.py:3096} INFO - Sync 1 DAGs
[2024-06-16T12:47:59.381+0000] {logging_mixin.py:188} INFO - [2024-06-16T12:47:59.376+0000] {dag.py:3954} INFO - Setting next_dagrun for example_bash_operator to 2024-06-15 00:00:00+00:00, run_after=2024-06-16 00:00:00+00:00
[2024-06-16T12:47:59.455+0000] {processor.py:183} INFO - Processing /home/airflow/.local/lib/python3.12/site-packages/airflow/example_dags/example_bash_operator.py took 0.585 seconds
[2024-06-16T12:48:30.432+0000] {processor.py:161} INFO - Started process (PID=400) to work on /home/airflow/.local/lib/python3.12/site-packages/airflow/example_dags/example_bash_operator.py
[2024-06-16T12:48:30.433+0000] {processor.py:830} INFO - Processing file /home/airflow/.local/lib/python3.12/site-packages/airflow/example_dags/example_bash_operator.py for tasks to queue
[2024-06-16T12:48:30.437+0000] {logging_mixin.py:188} INFO - [2024-06-16T12:48:30.437+0000] {dagbag.py:545} INFO - Filling up the DagBag from /home/airflow/.local/lib/python3.12/site-packages/airflow/example_dags/example_bash_operator.py
[2024-06-16T12:48:30.467+0000] {processor.py:840} INFO - DAG(s) 'example_bash_operator' retrieved from /home/airflow/.local/lib/python3.12/site-packages/airflow/example_dags/example_bash_operator.py
[2024-06-16T12:48:30.676+0000] {logging_mixin.py:188} INFO - [2024-06-16T12:48:30.675+0000] {dag.py:3096} INFO - Sync 1 DAGs
[2024-06-16T12:48:30.803+0000] {logging_mixin.py:188} INFO - [2024-06-16T12:48:30.802+0000] {dag.py:3954} INFO - Setting next_dagrun for example_bash_operator to 2024-06-15 00:00:00+00:00, run_after=2024-06-16 00:00:00+00:00
[2024-06-16T12:48:31.028+0000] {processor.py:183} INFO - Processing /home/airflow/.local/lib/python3.12/site-packages/airflow/example_dags/example_bash_operator.py took 0.990 seconds
[2024-06-16T12:49:07.085+0000] {processor.py:161} INFO - Started process (PID=445) to work on /home/airflow/.local/lib/python3.12/site-packages/airflow/example_dags/example_bash_operator.py
[2024-06-16T12:49:07.087+0000] {processor.py:830} INFO - Processing file /home/airflow/.local/lib/python3.12/site-packages/airflow/example_dags/example_bash_operator.py for tasks to queue
[2024-06-16T12:49:07.089+0000] {logging_mixin.py:188} INFO - [2024-06-16T12:49:07.089+0000] {dagbag.py:545} INFO - Filling up the DagBag from /home/airflow/.local/lib/python3.12/site-packages/airflow/example_dags/example_bash_operator.py
[2024-06-16T12:49:07.113+0000] {processor.py:840} INFO - DAG(s) 'example_bash_operator' retrieved from /home/airflow/.local/lib/python3.12/site-packages/airflow/example_dags/example_bash_operator.py
[2024-06-16T12:49:07.185+0000] {logging_mixin.py:188} INFO - [2024-06-16T12:49:07.185+0000] {dag.py:3096} INFO - Sync 1 DAGs
[2024-06-16T12:49:07.255+0000] {logging_mixin.py:188} INFO - [2024-06-16T12:49:07.254+0000] {dag.py:3954} INFO - Setting next_dagrun for example_bash_operator to 2024-06-15 00:00:00+00:00, run_after=2024-06-16 00:00:00+00:00
[2024-06-16T12:49:07.319+0000] {processor.py:183} INFO - Processing /home/airflow/.local/lib/python3.12/site-packages/airflow/example_dags/example_bash_operator.py took 0.250 seconds
[2024-06-16T12:49:43.120+0000] {processor.py:161} INFO - Started process (PID=504) to work on /home/airflow/.local/lib/python3.12/site-packages/airflow/example_dags/example_bash_operator.py
[2024-06-16T12:49:43.126+0000] {processor.py:830} INFO - Processing file /home/airflow/.local/lib/python3.12/site-packages/airflow/example_dags/example_bash_operator.py for tasks to queue
[2024-06-16T12:49:43.144+0000] {logging_mixin.py:188} INFO - [2024-06-16T12:49:43.141+0000] {dagbag.py:545} INFO - Filling up the DagBag from /home/airflow/.local/lib/python3.12/site-packages/airflow/example_dags/example_bash_operator.py
[2024-06-16T12:49:43.202+0000] {processor.py:840} INFO - DAG(s) 'example_bash_operator' retrieved from /home/airflow/.local/lib/python3.12/site-packages/airflow/example_dags/example_bash_operator.py
[2024-06-16T12:49:43.409+0000] {logging_mixin.py:188} INFO - [2024-06-16T12:49:43.409+0000] {dag.py:3096} INFO - Sync 1 DAGs
[2024-06-16T12:49:43.574+0000] {logging_mixin.py:188} INFO - [2024-06-16T12:49:43.573+0000] {dag.py:3954} INFO - Setting next_dagrun for example_bash_operator to 2024-06-15 00:00:00+00:00, run_after=2024-06-16 00:00:00+00:00
[2024-06-16T12:49:43.676+0000] {processor.py:183} INFO - Processing /home/airflow/.local/lib/python3.12/site-packages/airflow/example_dags/example_bash_operator.py took 0.590 seconds
[2024-06-16T12:50:46.778+0000] {processor.py:161} INFO - Started process (PID=563) to work on /home/airflow/.local/lib/python3.12/site-packages/airflow/example_dags/example_bash_operator.py
[2024-06-16T12:50:46.783+0000] {processor.py:830} INFO - Processing file /home/airflow/.local/lib/python3.12/site-packages/airflow/example_dags/example_bash_operator.py for tasks to queue
[2024-06-16T12:50:46.802+0000] {logging_mixin.py:188} INFO - [2024-06-16T12:50:46.794+0000] {dagbag.py:545} INFO - Filling up the DagBag from /home/airflow/.local/lib/python3.12/site-packages/airflow/example_dags/example_bash_operator.py
[2024-06-16T12:50:47.002+0000] {processor.py:840} INFO - DAG(s) 'example_bash_operator' retrieved from /home/airflow/.local/lib/python3.12/site-packages/airflow/example_dags/example_bash_operator.py
[2024-06-16T12:50:47.420+0000] {logging_mixin.py:188} INFO - [2024-06-16T12:50:47.415+0000] {dag.py:3096} INFO - Sync 1 DAGs
[2024-06-16T12:50:47.827+0000] {logging_mixin.py:188} INFO - [2024-06-16T12:50:47.826+0000] {dag.py:3954} INFO - Setting next_dagrun for example_bash_operator to 2024-06-15 00:00:00+00:00, run_after=2024-06-16 00:00:00+00:00
[2024-06-16T12:50:48.113+0000] {processor.py:183} INFO - Processing /home/airflow/.local/lib/python3.12/site-packages/airflow/example_dags/example_bash_operator.py took 1.399 seconds
[2024-06-16T12:51:18.442+0000] {processor.py:161} INFO - Started process (PID=622) to work on /home/airflow/.local/lib/python3.12/site-packages/airflow/example_dags/example_bash_operator.py
[2024-06-16T12:51:18.443+0000] {processor.py:830} INFO - Processing file /home/airflow/.local/lib/python3.12/site-packages/airflow/example_dags/example_bash_operator.py for tasks to queue
[2024-06-16T12:51:18.451+0000] {logging_mixin.py:188} INFO - [2024-06-16T12:51:18.446+0000] {dagbag.py:545} INFO - Filling up the DagBag from /home/airflow/.local/lib/python3.12/site-packages/airflow/example_dags/example_bash_operator.py
[2024-06-16T12:51:18.488+0000] {processor.py:840} INFO - DAG(s) 'example_bash_operator' retrieved from /home/airflow/.local/lib/python3.12/site-packages/airflow/example_dags/example_bash_operator.py
[2024-06-16T12:51:18.613+0000] {logging_mixin.py:188} INFO - [2024-06-16T12:51:18.613+0000] {dag.py:3096} INFO - Sync 1 DAGs
[2024-06-16T12:51:18.742+0000] {logging_mixin.py:188} INFO - [2024-06-16T12:51:18.741+0000] {dag.py:3954} INFO - Setting next_dagrun for example_bash_operator to 2024-06-15 00:00:00+00:00, run_after=2024-06-16 00:00:00+00:00
[2024-06-16T12:51:18.886+0000] {processor.py:183} INFO - Processing /home/airflow/.local/lib/python3.12/site-packages/airflow/example_dags/example_bash_operator.py took 0.492 seconds
[2024-06-16T12:51:49.516+0000] {processor.py:161} INFO - Started process (PID=681) to work on /home/airflow/.local/lib/python3.12/site-packages/airflow/example_dags/example_bash_operator.py
[2024-06-16T12:51:49.517+0000] {processor.py:830} INFO - Processing file /home/airflow/.local/lib/python3.12/site-packages/airflow/example_dags/example_bash_operator.py for tasks to queue
[2024-06-16T12:51:49.519+0000] {logging_mixin.py:188} INFO - [2024-06-16T12:51:49.519+0000] {dagbag.py:545} INFO - Filling up the DagBag from /home/airflow/.local/lib/python3.12/site-packages/airflow/example_dags/example_bash_operator.py
[2024-06-16T12:51:49.539+0000] {processor.py:840} INFO - DAG(s) 'example_bash_operator' retrieved from /home/airflow/.local/lib/python3.12/site-packages/airflow/example_dags/example_bash_operator.py
[2024-06-16T12:51:49.598+0000] {logging_mixin.py:188} INFO - [2024-06-16T12:51:49.597+0000] {dag.py:3096} INFO - Sync 1 DAGs
[2024-06-16T12:51:49.642+0000] {logging_mixin.py:188} INFO - [2024-06-16T12:51:49.641+0000] {dag.py:3954} INFO - Setting next_dagrun for example_bash_operator to 2024-06-15 00:00:00+00:00, run_after=2024-06-16 00:00:00+00:00
[2024-06-16T12:51:49.675+0000] {processor.py:183} INFO - Processing /home/airflow/.local/lib/python3.12/site-packages/airflow/example_dags/example_bash_operator.py took 0.168 seconds
[2024-06-16T12:52:19.750+0000] {processor.py:161} INFO - Started process (PID=740) to work on /home/airflow/.local/lib/python3.12/site-packages/airflow/example_dags/example_bash_operator.py
[2024-06-16T12:52:19.752+0000] {processor.py:830} INFO - Processing file /home/airflow/.local/lib/python3.12/site-packages/airflow/example_dags/example_bash_operator.py for tasks to queue
[2024-06-16T12:52:19.756+0000] {logging_mixin.py:188} INFO - [2024-06-16T12:52:19.755+0000] {dagbag.py:545} INFO - Filling up the DagBag from /home/airflow/.local/lib/python3.12/site-packages/airflow/example_dags/example_bash_operator.py
[2024-06-16T12:52:19.783+0000] {processor.py:840} INFO - DAG(s) 'example_bash_operator' retrieved from /home/airflow/.local/lib/python3.12/site-packages/airflow/example_dags/example_bash_operator.py
[2024-06-16T12:52:19.871+0000] {logging_mixin.py:188} INFO - [2024-06-16T12:52:19.871+0000] {dag.py:3096} INFO - Sync 1 DAGs
[2024-06-16T12:52:19.931+0000] {logging_mixin.py:188} INFO - [2024-06-16T12:52:19.930+0000] {dag.py:3954} INFO - Setting next_dagrun for example_bash_operator to 2024-06-15 00:00:00+00:00, run_after=2024-06-16 00:00:00+00:00
[2024-06-16T12:52:19.975+0000] {processor.py:183} INFO - Processing /home/airflow/.local/lib/python3.12/site-packages/airflow/example_dags/example_bash_operator.py took 0.243 seconds
[2024-06-16T12:52:50.458+0000] {processor.py:161} INFO - Started process (PID=800) to work on /home/airflow/.local/lib/python3.12/site-packages/airflow/example_dags/example_bash_operator.py
[2024-06-16T12:52:50.460+0000] {processor.py:830} INFO - Processing file /home/airflow/.local/lib/python3.12/site-packages/airflow/example_dags/example_bash_operator.py for tasks to queue
[2024-06-16T12:52:50.462+0000] {logging_mixin.py:188} INFO - [2024-06-16T12:52:50.461+0000] {dagbag.py:545} INFO - Filling up the DagBag from /home/airflow/.local/lib/python3.12/site-packages/airflow/example_dags/example_bash_operator.py
[2024-06-16T12:52:50.478+0000] {processor.py:840} INFO - DAG(s) 'example_bash_operator' retrieved from /home/airflow/.local/lib/python3.12/site-packages/airflow/example_dags/example_bash_operator.py
[2024-06-16T12:52:50.527+0000] {logging_mixin.py:188} INFO - [2024-06-16T12:52:50.526+0000] {dag.py:3096} INFO - Sync 1 DAGs
[2024-06-16T12:52:50.563+0000] {logging_mixin.py:188} INFO - [2024-06-16T12:52:50.563+0000] {dag.py:3954} INFO - Setting next_dagrun for example_bash_operator to 2024-06-15 00:00:00+00:00, run_after=2024-06-16 00:00:00+00:00
[2024-06-16T12:52:50.597+0000] {processor.py:183} INFO - Processing /home/airflow/.local/lib/python3.12/site-packages/airflow/example_dags/example_bash_operator.py took 0.148 seconds
[2024-06-16T12:53:20.802+0000] {processor.py:161} INFO - Started process (PID=858) to work on /home/airflow/.local/lib/python3.12/site-packages/airflow/example_dags/example_bash_operator.py
[2024-06-16T12:53:20.804+0000] {processor.py:830} INFO - Processing file /home/airflow/.local/lib/python3.12/site-packages/airflow/example_dags/example_bash_operator.py for tasks to queue
[2024-06-16T12:53:20.806+0000] {logging_mixin.py:188} INFO - [2024-06-16T12:53:20.805+0000] {dagbag.py:545} INFO - Filling up the DagBag from /home/airflow/.local/lib/python3.12/site-packages/airflow/example_dags/example_bash_operator.py
[2024-06-16T12:53:20.833+0000] {processor.py:840} INFO - DAG(s) 'example_bash_operator' retrieved from /home/airflow/.local/lib/python3.12/site-packages/airflow/example_dags/example_bash_operator.py
[2024-06-16T12:53:20.922+0000] {logging_mixin.py:188} INFO - [2024-06-16T12:53:20.921+0000] {dag.py:3096} INFO - Sync 1 DAGs
[2024-06-16T12:53:20.966+0000] {logging_mixin.py:188} INFO - [2024-06-16T12:53:20.966+0000] {dag.py:3954} INFO - Setting next_dagrun for example_bash_operator to 2024-06-15 00:00:00+00:00, run_after=2024-06-16 00:00:00+00:00
[2024-06-16T12:53:21.019+0000] {processor.py:183} INFO - Processing /home/airflow/.local/lib/python3.12/site-packages/airflow/example_dags/example_bash_operator.py took 0.237 seconds
[2024-06-16T12:53:51.291+0000] {processor.py:161} INFO - Started process (PID=917) to work on /home/airflow/.local/lib/python3.12/site-packages/airflow/example_dags/example_bash_operator.py
[2024-06-16T12:53:51.294+0000] {processor.py:830} INFO - Processing file /home/airflow/.local/lib/python3.12/site-packages/airflow/example_dags/example_bash_operator.py for tasks to queue
[2024-06-16T12:53:51.295+0000] {logging_mixin.py:188} INFO - [2024-06-16T12:53:51.295+0000] {dagbag.py:545} INFO - Filling up the DagBag from /home/airflow/.local/lib/python3.12/site-packages/airflow/example_dags/example_bash_operator.py
[2024-06-16T12:53:51.313+0000] {processor.py:840} INFO - DAG(s) 'example_bash_operator' retrieved from /home/airflow/.local/lib/python3.12/site-packages/airflow/example_dags/example_bash_operator.py
[2024-06-16T12:53:51.359+0000] {logging_mixin.py:188} INFO - [2024-06-16T12:53:51.359+0000] {dag.py:3096} INFO - Sync 1 DAGs
[2024-06-16T12:53:51.394+0000] {logging_mixin.py:188} INFO - [2024-06-16T12:53:51.394+0000] {dag.py:3954} INFO - Setting next_dagrun for example_bash_operator to 2024-06-15 00:00:00+00:00, run_after=2024-06-16 00:00:00+00:00
[2024-06-16T12:53:51.420+0000] {processor.py:183} INFO - Processing /home/airflow/.local/lib/python3.12/site-packages/airflow/example_dags/example_bash_operator.py took 0.134 seconds
[2024-06-16T12:54:21.591+0000] {processor.py:161} INFO - Started process (PID=974) to work on /home/airflow/.local/lib/python3.12/site-packages/airflow/example_dags/example_bash_operator.py
[2024-06-16T12:54:21.592+0000] {processor.py:830} INFO - Processing file /home/airflow/.local/lib/python3.12/site-packages/airflow/example_dags/example_bash_operator.py for tasks to queue
[2024-06-16T12:54:21.594+0000] {logging_mixin.py:188} INFO - [2024-06-16T12:54:21.593+0000] {dagbag.py:545} INFO - Filling up the DagBag from /home/airflow/.local/lib/python3.12/site-packages/airflow/example_dags/example_bash_operator.py
[2024-06-16T12:54:21.618+0000] {processor.py:840} INFO - DAG(s) 'example_bash_operator' retrieved from /home/airflow/.local/lib/python3.12/site-packages/airflow/example_dags/example_bash_operator.py
[2024-06-16T12:54:21.671+0000] {logging_mixin.py:188} INFO - [2024-06-16T12:54:21.671+0000] {dag.py:3096} INFO - Sync 1 DAGs
[2024-06-16T12:54:21.705+0000] {logging_mixin.py:188} INFO - [2024-06-16T12:54:21.704+0000] {dag.py:3954} INFO - Setting next_dagrun for example_bash_operator to 2024-06-15 00:00:00+00:00, run_after=2024-06-16 00:00:00+00:00
[2024-06-16T12:54:21.733+0000] {processor.py:183} INFO - Processing /home/airflow/.local/lib/python3.12/site-packages/airflow/example_dags/example_bash_operator.py took 0.150 seconds
[2024-06-16T12:54:51.969+0000] {processor.py:161} INFO - Started process (PID=1033) to work on /home/airflow/.local/lib/python3.12/site-packages/airflow/example_dags/example_bash_operator.py
[2024-06-16T12:54:51.970+0000] {processor.py:830} INFO - Processing file /home/airflow/.local/lib/python3.12/site-packages/airflow/example_dags/example_bash_operator.py for tasks to queue
[2024-06-16T12:54:51.971+0000] {logging_mixin.py:188} INFO - [2024-06-16T12:54:51.971+0000] {dagbag.py:545} INFO - Filling up the DagBag from /home/airflow/.local/lib/python3.12/site-packages/airflow/example_dags/example_bash_operator.py
[2024-06-16T12:54:51.988+0000] {processor.py:840} INFO - DAG(s) 'example_bash_operator' retrieved from /home/airflow/.local/lib/python3.12/site-packages/airflow/example_dags/example_bash_operator.py
[2024-06-16T12:54:52.032+0000] {logging_mixin.py:188} INFO - [2024-06-16T12:54:52.032+0000] {dag.py:3096} INFO - Sync 1 DAGs
[2024-06-16T12:54:52.065+0000] {logging_mixin.py:188} INFO - [2024-06-16T12:54:52.064+0000] {dag.py:3954} INFO - Setting next_dagrun for example_bash_operator to 2024-06-15 00:00:00+00:00, run_after=2024-06-16 00:00:00+00:00
[2024-06-16T12:54:52.092+0000] {processor.py:183} INFO - Processing /home/airflow/.local/lib/python3.12/site-packages/airflow/example_dags/example_bash_operator.py took 0.130 seconds
[2024-06-16T12:55:22.725+0000] {processor.py:161} INFO - Started process (PID=1092) to work on /home/airflow/.local/lib/python3.12/site-packages/airflow/example_dags/example_bash_operator.py
[2024-06-16T12:55:22.726+0000] {processor.py:830} INFO - Processing file /home/airflow/.local/lib/python3.12/site-packages/airflow/example_dags/example_bash_operator.py for tasks to queue
[2024-06-16T12:55:22.731+0000] {logging_mixin.py:188} INFO - [2024-06-16T12:55:22.730+0000] {dagbag.py:545} INFO - Filling up the DagBag from /home/airflow/.local/lib/python3.12/site-packages/airflow/example_dags/example_bash_operator.py
[2024-06-16T12:55:22.755+0000] {processor.py:840} INFO - DAG(s) 'example_bash_operator' retrieved from /home/airflow/.local/lib/python3.12/site-packages/airflow/example_dags/example_bash_operator.py
[2024-06-16T12:55:22.810+0000] {logging_mixin.py:188} INFO - [2024-06-16T12:55:22.810+0000] {dag.py:3096} INFO - Sync 1 DAGs
[2024-06-16T12:55:22.859+0000] {logging_mixin.py:188} INFO - [2024-06-16T12:55:22.859+0000] {dag.py:3954} INFO - Setting next_dagrun for example_bash_operator to 2024-06-15 00:00:00+00:00, run_after=2024-06-16 00:00:00+00:00
[2024-06-16T12:55:22.897+0000] {processor.py:183} INFO - Processing /home/airflow/.local/lib/python3.12/site-packages/airflow/example_dags/example_bash_operator.py took 0.188 seconds
[2024-06-16T12:55:53.009+0000] {processor.py:161} INFO - Started process (PID=1150) to work on /home/airflow/.local/lib/python3.12/site-packages/airflow/example_dags/example_bash_operator.py
[2024-06-16T12:55:53.011+0000] {processor.py:830} INFO - Processing file /home/airflow/.local/lib/python3.12/site-packages/airflow/example_dags/example_bash_operator.py for tasks to queue
[2024-06-16T12:55:53.013+0000] {logging_mixin.py:188} INFO - [2024-06-16T12:55:53.012+0000] {dagbag.py:545} INFO - Filling up the DagBag from /home/airflow/.local/lib/python3.12/site-packages/airflow/example_dags/example_bash_operator.py
[2024-06-16T12:55:53.042+0000] {processor.py:840} INFO - DAG(s) 'example_bash_operator' retrieved from /home/airflow/.local/lib/python3.12/site-packages/airflow/example_dags/example_bash_operator.py
[2024-06-16T12:55:53.105+0000] {logging_mixin.py:188} INFO - [2024-06-16T12:55:53.105+0000] {dag.py:3096} INFO - Sync 1 DAGs
[2024-06-16T12:55:53.143+0000] {logging_mixin.py:188} INFO - [2024-06-16T12:55:53.143+0000] {dag.py:3954} INFO - Setting next_dagrun for example_bash_operator to 2024-06-15 00:00:00+00:00, run_after=2024-06-16 00:00:00+00:00
[2024-06-16T12:55:53.180+0000] {processor.py:183} INFO - Processing /home/airflow/.local/lib/python3.12/site-packages/airflow/example_dags/example_bash_operator.py took 0.181 seconds
[2024-06-16T12:56:23.221+0000] {processor.py:161} INFO - Started process (PID=1209) to work on /home/airflow/.local/lib/python3.12/site-packages/airflow/example_dags/example_bash_operator.py
[2024-06-16T12:56:23.222+0000] {processor.py:830} INFO - Processing file /home/airflow/.local/lib/python3.12/site-packages/airflow/example_dags/example_bash_operator.py for tasks to queue
[2024-06-16T12:56:23.223+0000] {logging_mixin.py:188} INFO - [2024-06-16T12:56:23.222+0000] {dagbag.py:545} INFO - Filling up the DagBag from /home/airflow/.local/lib/python3.12/site-packages/airflow/example_dags/example_bash_operator.py
[2024-06-16T12:56:23.241+0000] {processor.py:840} INFO - DAG(s) 'example_bash_operator' retrieved from /home/airflow/.local/lib/python3.12/site-packages/airflow/example_dags/example_bash_operator.py
[2024-06-16T12:56:23.283+0000] {logging_mixin.py:188} INFO - [2024-06-16T12:56:23.283+0000] {dag.py:3096} INFO - Sync 1 DAGs
[2024-06-16T12:56:23.318+0000] {logging_mixin.py:188} INFO - [2024-06-16T12:56:23.318+0000] {dag.py:3954} INFO - Setting next_dagrun for example_bash_operator to 2024-06-15 00:00:00+00:00, run_after=2024-06-16 00:00:00+00:00
[2024-06-16T12:56:23.342+0000] {processor.py:183} INFO - Processing /home/airflow/.local/lib/python3.12/site-packages/airflow/example_dags/example_bash_operator.py took 0.128 seconds
[2024-06-16T12:56:53.878+0000] {processor.py:161} INFO - Started process (PID=1268) to work on /home/airflow/.local/lib/python3.12/site-packages/airflow/example_dags/example_bash_operator.py
[2024-06-16T12:56:53.880+0000] {processor.py:830} INFO - Processing file /home/airflow/.local/lib/python3.12/site-packages/airflow/example_dags/example_bash_operator.py for tasks to queue
[2024-06-16T12:56:53.880+0000] {logging_mixin.py:188} INFO - [2024-06-16T12:56:53.880+0000] {dagbag.py:545} INFO - Filling up the DagBag from /home/airflow/.local/lib/python3.12/site-packages/airflow/example_dags/example_bash_operator.py
[2024-06-16T12:56:53.894+0000] {processor.py:840} INFO - DAG(s) 'example_bash_operator' retrieved from /home/airflow/.local/lib/python3.12/site-packages/airflow/example_dags/example_bash_operator.py
[2024-06-16T12:56:53.929+0000] {logging_mixin.py:188} INFO - [2024-06-16T12:56:53.929+0000] {dag.py:3096} INFO - Sync 1 DAGs
[2024-06-16T12:56:53.961+0000] {logging_mixin.py:188} INFO - [2024-06-16T12:56:53.961+0000] {dag.py:3954} INFO - Setting next_dagrun for example_bash_operator to 2024-06-15 00:00:00+00:00, run_after=2024-06-16 00:00:00+00:00
[2024-06-16T12:56:53.986+0000] {processor.py:183} INFO - Processing /home/airflow/.local/lib/python3.12/site-packages/airflow/example_dags/example_bash_operator.py took 0.115 seconds
[2024-06-16T12:57:24.128+0000] {processor.py:161} INFO - Started process (PID=1326) to work on /home/airflow/.local/lib/python3.12/site-packages/airflow/example_dags/example_bash_operator.py
[2024-06-16T12:57:24.130+0000] {processor.py:830} INFO - Processing file /home/airflow/.local/lib/python3.12/site-packages/airflow/example_dags/example_bash_operator.py for tasks to queue
[2024-06-16T12:57:24.132+0000] {logging_mixin.py:188} INFO - [2024-06-16T12:57:24.131+0000] {dagbag.py:545} INFO - Filling up the DagBag from /home/airflow/.local/lib/python3.12/site-packages/airflow/example_dags/example_bash_operator.py
[2024-06-16T12:57:24.152+0000] {processor.py:840} INFO - DAG(s) 'example_bash_operator' retrieved from /home/airflow/.local/lib/python3.12/site-packages/airflow/example_dags/example_bash_operator.py
[2024-06-16T12:57:24.210+0000] {logging_mixin.py:188} INFO - [2024-06-16T12:57:24.210+0000] {dag.py:3096} INFO - Sync 1 DAGs
[2024-06-16T12:57:24.257+0000] {logging_mixin.py:188} INFO - [2024-06-16T12:57:24.256+0000] {dag.py:3954} INFO - Setting next_dagrun for example_bash_operator to 2024-06-15 00:00:00+00:00, run_after=2024-06-16 00:00:00+00:00
[2024-06-16T12:57:24.289+0000] {processor.py:183} INFO - Processing /home/airflow/.local/lib/python3.12/site-packages/airflow/example_dags/example_bash_operator.py took 0.172 seconds
[2024-06-16T12:57:54.393+0000] {processor.py:161} INFO - Started process (PID=1385) to work on /home/airflow/.local/lib/python3.12/site-packages/airflow/example_dags/example_bash_operator.py
[2024-06-16T12:57:54.394+0000] {processor.py:830} INFO - Processing file /home/airflow/.local/lib/python3.12/site-packages/airflow/example_dags/example_bash_operator.py for tasks to queue
[2024-06-16T12:57:54.395+0000] {logging_mixin.py:188} INFO - [2024-06-16T12:57:54.395+0000] {dagbag.py:545} INFO - Filling up the DagBag from /home/airflow/.local/lib/python3.12/site-packages/airflow/example_dags/example_bash_operator.py
[2024-06-16T12:57:54.415+0000] {processor.py:840} INFO - DAG(s) 'example_bash_operator' retrieved from /home/airflow/.local/lib/python3.12/site-packages/airflow/example_dags/example_bash_operator.py
[2024-06-16T12:57:54.465+0000] {logging_mixin.py:188} INFO - [2024-06-16T12:57:54.464+0000] {dag.py:3096} INFO - Sync 1 DAGs
[2024-06-16T12:57:54.508+0000] {logging_mixin.py:188} INFO - [2024-06-16T12:57:54.507+0000] {dag.py:3954} INFO - Setting next_dagrun for example_bash_operator to 2024-06-15 00:00:00+00:00, run_after=2024-06-16 00:00:00+00:00
[2024-06-16T12:57:54.539+0000] {processor.py:183} INFO - Processing /home/airflow/.local/lib/python3.12/site-packages/airflow/example_dags/example_bash_operator.py took 0.156 seconds
[2024-06-16T12:58:24.821+0000] {processor.py:161} INFO - Started process (PID=1443) to work on /home/airflow/.local/lib/python3.12/site-packages/airflow/example_dags/example_bash_operator.py
[2024-06-16T12:58:24.822+0000] {processor.py:830} INFO - Processing file /home/airflow/.local/lib/python3.12/site-packages/airflow/example_dags/example_bash_operator.py for tasks to queue
[2024-06-16T12:58:24.823+0000] {logging_mixin.py:188} INFO - [2024-06-16T12:58:24.823+0000] {dagbag.py:545} INFO - Filling up the DagBag from /home/airflow/.local/lib/python3.12/site-packages/airflow/example_dags/example_bash_operator.py
[2024-06-16T12:58:24.840+0000] {processor.py:840} INFO - DAG(s) 'example_bash_operator' retrieved from /home/airflow/.local/lib/python3.12/site-packages/airflow/example_dags/example_bash_operator.py
[2024-06-16T12:58:24.886+0000] {logging_mixin.py:188} INFO - [2024-06-16T12:58:24.886+0000] {dag.py:3096} INFO - Sync 1 DAGs
[2024-06-16T12:58:24.918+0000] {logging_mixin.py:188} INFO - [2024-06-16T12:58:24.918+0000] {dag.py:3954} INFO - Setting next_dagrun for example_bash_operator to 2024-06-15 00:00:00+00:00, run_after=2024-06-16 00:00:00+00:00
[2024-06-16T12:58:24.946+0000] {processor.py:183} INFO - Processing /home/airflow/.local/lib/python3.12/site-packages/airflow/example_dags/example_bash_operator.py took 0.130 seconds
[2024-06-16T12:58:55.716+0000] {processor.py:161} INFO - Started process (PID=1502) to work on /home/airflow/.local/lib/python3.12/site-packages/airflow/example_dags/example_bash_operator.py
[2024-06-16T12:58:55.718+0000] {processor.py:830} INFO - Processing file /home/airflow/.local/lib/python3.12/site-packages/airflow/example_dags/example_bash_operator.py for tasks to queue
[2024-06-16T12:58:55.719+0000] {logging_mixin.py:188} INFO - [2024-06-16T12:58:55.718+0000] {dagbag.py:545} INFO - Filling up the DagBag from /home/airflow/.local/lib/python3.12/site-packages/airflow/example_dags/example_bash_operator.py
[2024-06-16T12:58:55.734+0000] {processor.py:840} INFO - DAG(s) 'example_bash_operator' retrieved from /home/airflow/.local/lib/python3.12/site-packages/airflow/example_dags/example_bash_operator.py
[2024-06-16T12:58:55.783+0000] {logging_mixin.py:188} INFO - [2024-06-16T12:58:55.782+0000] {dag.py:3096} INFO - Sync 1 DAGs
[2024-06-16T12:58:55.818+0000] {logging_mixin.py:188} INFO - [2024-06-16T12:58:55.817+0000] {dag.py:3954} INFO - Setting next_dagrun for example_bash_operator to 2024-06-15 00:00:00+00:00, run_after=2024-06-16 00:00:00+00:00
[2024-06-16T12:58:55.848+0000] {processor.py:183} INFO - Processing /home/airflow/.local/lib/python3.12/site-packages/airflow/example_dags/example_bash_operator.py took 0.138 seconds
[2024-06-16T12:59:25.960+0000] {processor.py:161} INFO - Started process (PID=1571) to work on /home/airflow/.local/lib/python3.12/site-packages/airflow/example_dags/example_bash_operator.py
[2024-06-16T12:59:25.962+0000] {processor.py:830} INFO - Processing file /home/airflow/.local/lib/python3.12/site-packages/airflow/example_dags/example_bash_operator.py for tasks to queue
[2024-06-16T12:59:25.963+0000] {logging_mixin.py:188} INFO - [2024-06-16T12:59:25.962+0000] {dagbag.py:545} INFO - Filling up the DagBag from /home/airflow/.local/lib/python3.12/site-packages/airflow/example_dags/example_bash_operator.py
[2024-06-16T12:59:25.985+0000] {processor.py:840} INFO - DAG(s) 'example_bash_operator' retrieved from /home/airflow/.local/lib/python3.12/site-packages/airflow/example_dags/example_bash_operator.py
[2024-06-16T12:59:26.042+0000] {logging_mixin.py:188} INFO - [2024-06-16T12:59:26.036+0000] {dag.py:3096} INFO - Sync 1 DAGs
[2024-06-16T12:59:26.084+0000] {logging_mixin.py:188} INFO - [2024-06-16T12:59:26.083+0000] {dag.py:3954} INFO - Setting next_dagrun for example_bash_operator to 2024-06-15 00:00:00+00:00, run_after=2024-06-16 00:00:00+00:00
[2024-06-16T12:59:26.119+0000] {processor.py:183} INFO - Processing /home/airflow/.local/lib/python3.12/site-packages/airflow/example_dags/example_bash_operator.py took 0.168 seconds
[2024-06-16T12:59:56.421+0000] {processor.py:161} INFO - Started process (PID=1631) to work on /home/airflow/.local/lib/python3.12/site-packages/airflow/example_dags/example_bash_operator.py
[2024-06-16T12:59:56.422+0000] {processor.py:830} INFO - Processing file /home/airflow/.local/lib/python3.12/site-packages/airflow/example_dags/example_bash_operator.py for tasks to queue
[2024-06-16T12:59:56.424+0000] {logging_mixin.py:188} INFO - [2024-06-16T12:59:56.423+0000] {dagbag.py:545} INFO - Filling up the DagBag from /home/airflow/.local/lib/python3.12/site-packages/airflow/example_dags/example_bash_operator.py
[2024-06-16T12:59:56.454+0000] {processor.py:840} INFO - DAG(s) 'example_bash_operator' retrieved from /home/airflow/.local/lib/python3.12/site-packages/airflow/example_dags/example_bash_operator.py
[2024-06-16T12:59:56.542+0000] {logging_mixin.py:188} INFO - [2024-06-16T12:59:56.535+0000] {dag.py:3096} INFO - Sync 1 DAGs
[2024-06-16T12:59:56.602+0000] {logging_mixin.py:188} INFO - [2024-06-16T12:59:56.601+0000] {dag.py:3954} INFO - Setting next_dagrun for example_bash_operator to 2024-06-15 00:00:00+00:00, run_after=2024-06-16 00:00:00+00:00
[2024-06-16T12:59:56.634+0000] {processor.py:183} INFO - Processing /home/airflow/.local/lib/python3.12/site-packages/airflow/example_dags/example_bash_operator.py took 0.223 seconds
[2024-06-16T13:00:27.442+0000] {processor.py:161} INFO - Started process (PID=1698) to work on /home/airflow/.local/lib/python3.12/site-packages/airflow/example_dags/example_bash_operator.py
[2024-06-16T13:00:27.443+0000] {processor.py:830} INFO - Processing file /home/airflow/.local/lib/python3.12/site-packages/airflow/example_dags/example_bash_operator.py for tasks to queue
[2024-06-16T13:00:27.445+0000] {logging_mixin.py:188} INFO - [2024-06-16T13:00:27.444+0000] {dagbag.py:545} INFO - Filling up the DagBag from /home/airflow/.local/lib/python3.12/site-packages/airflow/example_dags/example_bash_operator.py
[2024-06-16T13:00:27.462+0000] {processor.py:840} INFO - DAG(s) 'example_bash_operator' retrieved from /home/airflow/.local/lib/python3.12/site-packages/airflow/example_dags/example_bash_operator.py
[2024-06-16T13:00:27.499+0000] {logging_mixin.py:188} INFO - [2024-06-16T13:00:27.498+0000] {dag.py:3096} INFO - Sync 1 DAGs
[2024-06-16T13:00:27.532+0000] {logging_mixin.py:188} INFO - [2024-06-16T13:00:27.531+0000] {dag.py:3954} INFO - Setting next_dagrun for example_bash_operator to 2024-06-15 00:00:00+00:00, run_after=2024-06-16 00:00:00+00:00
[2024-06-16T13:00:27.553+0000] {processor.py:183} INFO - Processing /home/airflow/.local/lib/python3.12/site-packages/airflow/example_dags/example_bash_operator.py took 0.116 seconds
[2024-06-16T13:00:57.655+0000] {processor.py:161} INFO - Started process (PID=1757) to work on /home/airflow/.local/lib/python3.12/site-packages/airflow/example_dags/example_bash_operator.py
[2024-06-16T13:00:57.657+0000] {processor.py:830} INFO - Processing file /home/airflow/.local/lib/python3.12/site-packages/airflow/example_dags/example_bash_operator.py for tasks to queue
[2024-06-16T13:00:57.658+0000] {logging_mixin.py:188} INFO - [2024-06-16T13:00:57.658+0000] {dagbag.py:545} INFO - Filling up the DagBag from /home/airflow/.local/lib/python3.12/site-packages/airflow/example_dags/example_bash_operator.py
[2024-06-16T13:00:57.676+0000] {processor.py:840} INFO - DAG(s) 'example_bash_operator' retrieved from /home/airflow/.local/lib/python3.12/site-packages/airflow/example_dags/example_bash_operator.py
[2024-06-16T13:00:57.720+0000] {logging_mixin.py:188} INFO - [2024-06-16T13:00:57.720+0000] {dag.py:3096} INFO - Sync 1 DAGs
[2024-06-16T13:00:57.763+0000] {logging_mixin.py:188} INFO - [2024-06-16T13:00:57.763+0000] {dag.py:3954} INFO - Setting next_dagrun for example_bash_operator to 2024-06-15 00:00:00+00:00, run_after=2024-06-16 00:00:00+00:00
[2024-06-16T13:00:57.788+0000] {processor.py:183} INFO - Processing /home/airflow/.local/lib/python3.12/site-packages/airflow/example_dags/example_bash_operator.py took 0.140 seconds
[2024-06-16T13:01:28.180+0000] {processor.py:161} INFO - Started process (PID=1816) to work on /home/airflow/.local/lib/python3.12/site-packages/airflow/example_dags/example_bash_operator.py
[2024-06-16T13:01:28.183+0000] {processor.py:830} INFO - Processing file /home/airflow/.local/lib/python3.12/site-packages/airflow/example_dags/example_bash_operator.py for tasks to queue
[2024-06-16T13:01:28.184+0000] {logging_mixin.py:188} INFO - [2024-06-16T13:01:28.183+0000] {dagbag.py:545} INFO - Filling up the DagBag from /home/airflow/.local/lib/python3.12/site-packages/airflow/example_dags/example_bash_operator.py
[2024-06-16T13:01:28.198+0000] {processor.py:840} INFO - DAG(s) 'example_bash_operator' retrieved from /home/airflow/.local/lib/python3.12/site-packages/airflow/example_dags/example_bash_operator.py
[2024-06-16T13:01:28.237+0000] {logging_mixin.py:188} INFO - [2024-06-16T13:01:28.236+0000] {dag.py:3096} INFO - Sync 1 DAGs
[2024-06-16T13:01:28.272+0000] {logging_mixin.py:188} INFO - [2024-06-16T13:01:28.271+0000] {dag.py:3954} INFO - Setting next_dagrun for example_bash_operator to 2024-06-15 00:00:00+00:00, run_after=2024-06-16 00:00:00+00:00
[2024-06-16T13:01:28.298+0000] {processor.py:183} INFO - Processing /home/airflow/.local/lib/python3.12/site-packages/airflow/example_dags/example_bash_operator.py took 0.123 seconds
[2024-06-16T13:01:58.402+0000] {processor.py:161} INFO - Started process (PID=1875) to work on /home/airflow/.local/lib/python3.12/site-packages/airflow/example_dags/example_bash_operator.py
[2024-06-16T13:01:58.403+0000] {processor.py:830} INFO - Processing file /home/airflow/.local/lib/python3.12/site-packages/airflow/example_dags/example_bash_operator.py for tasks to queue
[2024-06-16T13:01:58.405+0000] {logging_mixin.py:188} INFO - [2024-06-16T13:01:58.405+0000] {dagbag.py:545} INFO - Filling up the DagBag from /home/airflow/.local/lib/python3.12/site-packages/airflow/example_dags/example_bash_operator.py
[2024-06-16T13:01:58.431+0000] {processor.py:840} INFO - DAG(s) 'example_bash_operator' retrieved from /home/airflow/.local/lib/python3.12/site-packages/airflow/example_dags/example_bash_operator.py
[2024-06-16T13:01:58.487+0000] {logging_mixin.py:188} INFO - [2024-06-16T13:01:58.487+0000] {dag.py:3096} INFO - Sync 1 DAGs
[2024-06-16T13:01:58.540+0000] {logging_mixin.py:188} INFO - [2024-06-16T13:01:58.540+0000] {dag.py:3954} INFO - Setting next_dagrun for example_bash_operator to 2024-06-15 00:00:00+00:00, run_after=2024-06-16 00:00:00+00:00
[2024-06-16T13:01:58.585+0000] {processor.py:183} INFO - Processing /home/airflow/.local/lib/python3.12/site-packages/airflow/example_dags/example_bash_operator.py took 0.202 seconds
[2024-06-16T13:02:28.886+0000] {processor.py:161} INFO - Started process (PID=1934) to work on /home/airflow/.local/lib/python3.12/site-packages/airflow/example_dags/example_bash_operator.py
[2024-06-16T13:02:28.888+0000] {processor.py:830} INFO - Processing file /home/airflow/.local/lib/python3.12/site-packages/airflow/example_dags/example_bash_operator.py for tasks to queue
[2024-06-16T13:02:28.889+0000] {logging_mixin.py:188} INFO - [2024-06-16T13:02:28.889+0000] {dagbag.py:545} INFO - Filling up the DagBag from /home/airflow/.local/lib/python3.12/site-packages/airflow/example_dags/example_bash_operator.py
[2024-06-16T13:02:28.907+0000] {processor.py:840} INFO - DAG(s) 'example_bash_operator' retrieved from /home/airflow/.local/lib/python3.12/site-packages/airflow/example_dags/example_bash_operator.py
[2024-06-16T13:02:28.963+0000] {logging_mixin.py:188} INFO - [2024-06-16T13:02:28.963+0000] {dag.py:3096} INFO - Sync 1 DAGs
[2024-06-16T13:02:28.999+0000] {logging_mixin.py:188} INFO - [2024-06-16T13:02:28.999+0000] {dag.py:3954} INFO - Setting next_dagrun for example_bash_operator to 2024-06-15 00:00:00+00:00, run_after=2024-06-16 00:00:00+00:00
[2024-06-16T13:02:29.027+0000] {processor.py:183} INFO - Processing /home/airflow/.local/lib/python3.12/site-packages/airflow/example_dags/example_bash_operator.py took 0.148 seconds
[2024-06-16T13:02:59.368+0000] {processor.py:161} INFO - Started process (PID=1993) to work on /home/airflow/.local/lib/python3.12/site-packages/airflow/example_dags/example_bash_operator.py
[2024-06-16T13:02:59.371+0000] {processor.py:830} INFO - Processing file /home/airflow/.local/lib/python3.12/site-packages/airflow/example_dags/example_bash_operator.py for tasks to queue
[2024-06-16T13:02:59.372+0000] {logging_mixin.py:188} INFO - [2024-06-16T13:02:59.371+0000] {dagbag.py:545} INFO - Filling up the DagBag from /home/airflow/.local/lib/python3.12/site-packages/airflow/example_dags/example_bash_operator.py
[2024-06-16T13:02:59.386+0000] {processor.py:840} INFO - DAG(s) 'example_bash_operator' retrieved from /home/airflow/.local/lib/python3.12/site-packages/airflow/example_dags/example_bash_operator.py
[2024-06-16T13:02:59.423+0000] {logging_mixin.py:188} INFO - [2024-06-16T13:02:59.422+0000] {dag.py:3096} INFO - Sync 1 DAGs
[2024-06-16T13:02:59.458+0000] {logging_mixin.py:188} INFO - [2024-06-16T13:02:59.458+0000] {dag.py:3954} INFO - Setting next_dagrun for example_bash_operator to 2024-06-15 00:00:00+00:00, run_after=2024-06-16 00:00:00+00:00
[2024-06-16T13:02:59.488+0000] {processor.py:183} INFO - Processing /home/airflow/.local/lib/python3.12/site-packages/airflow/example_dags/example_bash_operator.py took 0.127 seconds
[2024-06-16T13:03:29.900+0000] {processor.py:161} INFO - Started process (PID=2052) to work on /home/airflow/.local/lib/python3.12/site-packages/airflow/example_dags/example_bash_operator.py
[2024-06-16T13:03:29.902+0000] {processor.py:830} INFO - Processing file /home/airflow/.local/lib/python3.12/site-packages/airflow/example_dags/example_bash_operator.py for tasks to queue
[2024-06-16T13:03:29.903+0000] {logging_mixin.py:188} INFO - [2024-06-16T13:03:29.903+0000] {dagbag.py:545} INFO - Filling up the DagBag from /home/airflow/.local/lib/python3.12/site-packages/airflow/example_dags/example_bash_operator.py
[2024-06-16T13:03:29.918+0000] {processor.py:840} INFO - DAG(s) 'example_bash_operator' retrieved from /home/airflow/.local/lib/python3.12/site-packages/airflow/example_dags/example_bash_operator.py
[2024-06-16T13:03:29.965+0000] {logging_mixin.py:188} INFO - [2024-06-16T13:03:29.965+0000] {dag.py:3096} INFO - Sync 1 DAGs
[2024-06-16T13:03:29.999+0000] {logging_mixin.py:188} INFO - [2024-06-16T13:03:29.998+0000] {dag.py:3954} INFO - Setting next_dagrun for example_bash_operator to 2024-06-15 00:00:00+00:00, run_after=2024-06-16 00:00:00+00:00
[2024-06-16T13:03:30.028+0000] {processor.py:183} INFO - Processing /home/airflow/.local/lib/python3.12/site-packages/airflow/example_dags/example_bash_operator.py took 0.135 seconds
[2024-06-16T13:04:00.148+0000] {processor.py:161} INFO - Started process (PID=2112) to work on /home/airflow/.local/lib/python3.12/site-packages/airflow/example_dags/example_bash_operator.py
[2024-06-16T13:04:00.150+0000] {processor.py:830} INFO - Processing file /home/airflow/.local/lib/python3.12/site-packages/airflow/example_dags/example_bash_operator.py for tasks to queue
[2024-06-16T13:04:00.151+0000] {logging_mixin.py:188} INFO - [2024-06-16T13:04:00.151+0000] {dagbag.py:545} INFO - Filling up the DagBag from /home/airflow/.local/lib/python3.12/site-packages/airflow/example_dags/example_bash_operator.py
[2024-06-16T13:04:00.167+0000] {processor.py:840} INFO - DAG(s) 'example_bash_operator' retrieved from /home/airflow/.local/lib/python3.12/site-packages/airflow/example_dags/example_bash_operator.py
[2024-06-16T13:04:00.207+0000] {logging_mixin.py:188} INFO - [2024-06-16T13:04:00.206+0000] {dag.py:3096} INFO - Sync 1 DAGs
[2024-06-16T13:04:00.238+0000] {logging_mixin.py:188} INFO - [2024-06-16T13:04:00.237+0000] {dag.py:3954} INFO - Setting next_dagrun for example_bash_operator to 2024-06-15 00:00:00+00:00, run_after=2024-06-16 00:00:00+00:00
[2024-06-16T13:04:00.441+0000] {processor.py:183} INFO - Processing /home/airflow/.local/lib/python3.12/site-packages/airflow/example_dags/example_bash_operator.py took 0.298 seconds
[2024-06-16T13:04:30.652+0000] {processor.py:161} INFO - Started process (PID=2173) to work on /home/airflow/.local/lib/python3.12/site-packages/airflow/example_dags/example_bash_operator.py
[2024-06-16T13:04:30.654+0000] {processor.py:830} INFO - Processing file /home/airflow/.local/lib/python3.12/site-packages/airflow/example_dags/example_bash_operator.py for tasks to queue
[2024-06-16T13:04:30.655+0000] {logging_mixin.py:188} INFO - [2024-06-16T13:04:30.654+0000] {dagbag.py:545} INFO - Filling up the DagBag from /home/airflow/.local/lib/python3.12/site-packages/airflow/example_dags/example_bash_operator.py
[2024-06-16T13:04:30.672+0000] {processor.py:840} INFO - DAG(s) 'example_bash_operator' retrieved from /home/airflow/.local/lib/python3.12/site-packages/airflow/example_dags/example_bash_operator.py
[2024-06-16T13:04:30.716+0000] {logging_mixin.py:188} INFO - [2024-06-16T13:04:30.716+0000] {dag.py:3096} INFO - Sync 1 DAGs
[2024-06-16T13:04:30.758+0000] {logging_mixin.py:188} INFO - [2024-06-16T13:04:30.758+0000] {dag.py:3954} INFO - Setting next_dagrun for example_bash_operator to 2024-06-15 00:00:00+00:00, run_after=2024-06-16 00:00:00+00:00
[2024-06-16T13:04:30.794+0000] {processor.py:183} INFO - Processing /home/airflow/.local/lib/python3.12/site-packages/airflow/example_dags/example_bash_operator.py took 0.153 seconds
[2024-06-16T13:05:00.939+0000] {processor.py:161} INFO - Started process (PID=2233) to work on /home/airflow/.local/lib/python3.12/site-packages/airflow/example_dags/example_bash_operator.py
[2024-06-16T13:05:00.940+0000] {processor.py:830} INFO - Processing file /home/airflow/.local/lib/python3.12/site-packages/airflow/example_dags/example_bash_operator.py for tasks to queue
[2024-06-16T13:05:00.942+0000] {logging_mixin.py:188} INFO - [2024-06-16T13:05:00.941+0000] {dagbag.py:545} INFO - Filling up the DagBag from /home/airflow/.local/lib/python3.12/site-packages/airflow/example_dags/example_bash_operator.py
[2024-06-16T13:05:00.970+0000] {processor.py:840} INFO - DAG(s) 'example_bash_operator' retrieved from /home/airflow/.local/lib/python3.12/site-packages/airflow/example_dags/example_bash_operator.py
[2024-06-16T13:05:01.049+0000] {logging_mixin.py:188} INFO - [2024-06-16T13:05:01.049+0000] {dag.py:3096} INFO - Sync 1 DAGs
[2024-06-16T13:05:01.101+0000] {logging_mixin.py:188} INFO - [2024-06-16T13:05:01.100+0000] {dag.py:3954} INFO - Setting next_dagrun for example_bash_operator to 2024-06-15 00:00:00+00:00, run_after=2024-06-16 00:00:00+00:00
[2024-06-16T13:05:01.144+0000] {processor.py:183} INFO - Processing /home/airflow/.local/lib/python3.12/site-packages/airflow/example_dags/example_bash_operator.py took 0.214 seconds
[2024-06-16T13:05:31.355+0000] {processor.py:161} INFO - Started process (PID=2292) to work on /home/airflow/.local/lib/python3.12/site-packages/airflow/example_dags/example_bash_operator.py
[2024-06-16T13:05:31.356+0000] {processor.py:830} INFO - Processing file /home/airflow/.local/lib/python3.12/site-packages/airflow/example_dags/example_bash_operator.py for tasks to queue
[2024-06-16T13:05:31.357+0000] {logging_mixin.py:188} INFO - [2024-06-16T13:05:31.357+0000] {dagbag.py:545} INFO - Filling up the DagBag from /home/airflow/.local/lib/python3.12/site-packages/airflow/example_dags/example_bash_operator.py
[2024-06-16T13:05:31.374+0000] {processor.py:840} INFO - DAG(s) 'example_bash_operator' retrieved from /home/airflow/.local/lib/python3.12/site-packages/airflow/example_dags/example_bash_operator.py
[2024-06-16T13:05:31.417+0000] {logging_mixin.py:188} INFO - [2024-06-16T13:05:31.416+0000] {dag.py:3096} INFO - Sync 1 DAGs
[2024-06-16T13:05:31.451+0000] {logging_mixin.py:188} INFO - [2024-06-16T13:05:31.451+0000] {dag.py:3954} INFO - Setting next_dagrun for example_bash_operator to 2024-06-15 00:00:00+00:00, run_after=2024-06-16 00:00:00+00:00
[2024-06-16T13:05:31.657+0000] {processor.py:183} INFO - Processing /home/airflow/.local/lib/python3.12/site-packages/airflow/example_dags/example_bash_operator.py took 0.309 seconds
[2024-06-16T13:06:01.766+0000] {processor.py:161} INFO - Started process (PID=2352) to work on /home/airflow/.local/lib/python3.12/site-packages/airflow/example_dags/example_bash_operator.py
[2024-06-16T13:06:01.767+0000] {processor.py:830} INFO - Processing file /home/airflow/.local/lib/python3.12/site-packages/airflow/example_dags/example_bash_operator.py for tasks to queue
[2024-06-16T13:06:01.767+0000] {logging_mixin.py:188} INFO - [2024-06-16T13:06:01.767+0000] {dagbag.py:545} INFO - Filling up the DagBag from /home/airflow/.local/lib/python3.12/site-packages/airflow/example_dags/example_bash_operator.py
[2024-06-16T13:06:01.780+0000] {processor.py:840} INFO - DAG(s) 'example_bash_operator' retrieved from /home/airflow/.local/lib/python3.12/site-packages/airflow/example_dags/example_bash_operator.py
[2024-06-16T13:06:01.812+0000] {logging_mixin.py:188} INFO - [2024-06-16T13:06:01.811+0000] {dag.py:3096} INFO - Sync 1 DAGs
[2024-06-16T13:06:01.837+0000] {logging_mixin.py:188} INFO - [2024-06-16T13:06:01.837+0000] {dag.py:3954} INFO - Setting next_dagrun for example_bash_operator to 2024-06-15 00:00:00+00:00, run_after=2024-06-16 00:00:00+00:00
[2024-06-16T13:06:01.858+0000] {processor.py:183} INFO - Processing /home/airflow/.local/lib/python3.12/site-packages/airflow/example_dags/example_bash_operator.py took 0.099 seconds
