[2024-06-16T12:21:03.713+0000] {processor.py:161} INFO - Started process (PID=63) to work on /home/airflow/.local/lib/python3.12/site-packages/airflow/example_dags/tutorial.py
[2024-06-16T12:21:03.714+0000] {processor.py:830} INFO - Processing file /home/airflow/.local/lib/python3.12/site-packages/airflow/example_dags/tutorial.py for tasks to queue
[2024-06-16T12:21:03.731+0000] {logging_mixin.py:188} INFO - [2024-06-16T12:21:03.725+0000] {dagbag.py:545} INFO - Filling up the DagBag from /home/airflow/.local/lib/python3.12/site-packages/airflow/example_dags/tutorial.py
[2024-06-16T12:21:03.790+0000] {processor.py:840} INFO - DAG(s) 'tutorial' retrieved from /home/airflow/.local/lib/python3.12/site-packages/airflow/example_dags/tutorial.py
[2024-06-16T12:21:04.929+0000] {logging_mixin.py:188} INFO - [2024-06-16T12:21:04.926+0000] {override.py:1829} INFO - Created Permission View: can edit on DAG:tutorial
[2024-06-16T12:21:04.986+0000] {logging_mixin.py:188} INFO - [2024-06-16T12:21:04.986+0000] {override.py:1829} INFO - Created Permission View: can delete on DAG:tutorial
[2024-06-16T12:21:05.013+0000] {logging_mixin.py:188} INFO - [2024-06-16T12:21:05.012+0000] {override.py:1829} INFO - Created Permission View: can read on DAG:tutorial
[2024-06-16T12:21:05.014+0000] {logging_mixin.py:188} INFO - [2024-06-16T12:21:05.013+0000] {dag.py:3096} INFO - Sync 1 DAGs
[2024-06-16T12:21:05.102+0000] {logging_mixin.py:188} INFO - [2024-06-16T12:21:05.101+0000] {dag.py:3118} INFO - Creating ORM DAG for tutorial
[2024-06-16T12:21:05.206+0000] {logging_mixin.py:188} INFO - [2024-06-16T12:21:05.203+0000] {dag.py:3954} INFO - Setting next_dagrun for tutorial to 2024-06-15 00:00:00+00:00, run_after=2024-06-16 00:00:00+00:00
[2024-06-16T12:21:05.293+0000] {processor.py:183} INFO - Processing /home/airflow/.local/lib/python3.12/site-packages/airflow/example_dags/tutorial.py took 1.618 seconds
[2024-06-16T12:21:35.423+0000] {processor.py:161} INFO - Started process (PID=122) to work on /home/airflow/.local/lib/python3.12/site-packages/airflow/example_dags/tutorial.py
[2024-06-16T12:21:35.424+0000] {processor.py:830} INFO - Processing file /home/airflow/.local/lib/python3.12/site-packages/airflow/example_dags/tutorial.py for tasks to queue
[2024-06-16T12:21:35.429+0000] {logging_mixin.py:188} INFO - [2024-06-16T12:21:35.429+0000] {dagbag.py:545} INFO - Filling up the DagBag from /home/airflow/.local/lib/python3.12/site-packages/airflow/example_dags/tutorial.py
[2024-06-16T12:21:35.477+0000] {processor.py:840} INFO - DAG(s) 'tutorial' retrieved from /home/airflow/.local/lib/python3.12/site-packages/airflow/example_dags/tutorial.py
[2024-06-16T12:21:35.574+0000] {logging_mixin.py:188} INFO - [2024-06-16T12:21:35.573+0000] {dag.py:3096} INFO - Sync 1 DAGs
[2024-06-16T12:21:35.667+0000] {logging_mixin.py:188} INFO - [2024-06-16T12:21:35.667+0000] {dag.py:3954} INFO - Setting next_dagrun for tutorial to 2024-06-15 00:00:00+00:00, run_after=2024-06-16 00:00:00+00:00
[2024-06-16T12:21:35.738+0000] {processor.py:183} INFO - Processing /home/airflow/.local/lib/python3.12/site-packages/airflow/example_dags/tutorial.py took 0.338 seconds
[2024-06-16T12:22:06.622+0000] {processor.py:161} INFO - Started process (PID=180) to work on /home/airflow/.local/lib/python3.12/site-packages/airflow/example_dags/tutorial.py
[2024-06-16T12:22:06.623+0000] {processor.py:830} INFO - Processing file /home/airflow/.local/lib/python3.12/site-packages/airflow/example_dags/tutorial.py for tasks to queue
[2024-06-16T12:22:06.626+0000] {logging_mixin.py:188} INFO - [2024-06-16T12:22:06.626+0000] {dagbag.py:545} INFO - Filling up the DagBag from /home/airflow/.local/lib/python3.12/site-packages/airflow/example_dags/tutorial.py
[2024-06-16T12:22:06.639+0000] {processor.py:840} INFO - DAG(s) 'tutorial' retrieved from /home/airflow/.local/lib/python3.12/site-packages/airflow/example_dags/tutorial.py
[2024-06-16T12:22:06.692+0000] {logging_mixin.py:188} INFO - [2024-06-16T12:22:06.692+0000] {dag.py:3096} INFO - Sync 1 DAGs
[2024-06-16T12:22:06.784+0000] {logging_mixin.py:188} INFO - [2024-06-16T12:22:06.783+0000] {dag.py:3954} INFO - Setting next_dagrun for tutorial to 2024-06-15 00:00:00+00:00, run_after=2024-06-16 00:00:00+00:00
[2024-06-16T12:22:06.841+0000] {processor.py:183} INFO - Processing /home/airflow/.local/lib/python3.12/site-packages/airflow/example_dags/tutorial.py took 0.229 seconds
[2024-06-16T12:22:37.620+0000] {processor.py:161} INFO - Started process (PID=239) to work on /home/airflow/.local/lib/python3.12/site-packages/airflow/example_dags/tutorial.py
[2024-06-16T12:22:37.622+0000] {processor.py:830} INFO - Processing file /home/airflow/.local/lib/python3.12/site-packages/airflow/example_dags/tutorial.py for tasks to queue
[2024-06-16T12:22:37.625+0000] {logging_mixin.py:188} INFO - [2024-06-16T12:22:37.624+0000] {dagbag.py:545} INFO - Filling up the DagBag from /home/airflow/.local/lib/python3.12/site-packages/airflow/example_dags/tutorial.py
[2024-06-16T12:22:37.635+0000] {processor.py:840} INFO - DAG(s) 'tutorial' retrieved from /home/airflow/.local/lib/python3.12/site-packages/airflow/example_dags/tutorial.py
[2024-06-16T12:22:37.669+0000] {logging_mixin.py:188} INFO - [2024-06-16T12:22:37.669+0000] {dag.py:3096} INFO - Sync 1 DAGs
[2024-06-16T12:22:37.728+0000] {logging_mixin.py:188} INFO - [2024-06-16T12:22:37.727+0000] {dag.py:3954} INFO - Setting next_dagrun for tutorial to 2024-06-15 00:00:00+00:00, run_after=2024-06-16 00:00:00+00:00
[2024-06-16T12:22:37.787+0000] {processor.py:183} INFO - Processing /home/airflow/.local/lib/python3.12/site-packages/airflow/example_dags/tutorial.py took 0.175 seconds
[2024-06-16T12:23:08.005+0000] {processor.py:161} INFO - Started process (PID=298) to work on /home/airflow/.local/lib/python3.12/site-packages/airflow/example_dags/tutorial.py
[2024-06-16T12:23:08.007+0000] {processor.py:830} INFO - Processing file /home/airflow/.local/lib/python3.12/site-packages/airflow/example_dags/tutorial.py for tasks to queue
[2024-06-16T12:23:08.011+0000] {logging_mixin.py:188} INFO - [2024-06-16T12:23:08.010+0000] {dagbag.py:545} INFO - Filling up the DagBag from /home/airflow/.local/lib/python3.12/site-packages/airflow/example_dags/tutorial.py
[2024-06-16T12:23:08.033+0000] {processor.py:840} INFO - DAG(s) 'tutorial' retrieved from /home/airflow/.local/lib/python3.12/site-packages/airflow/example_dags/tutorial.py
[2024-06-16T12:23:08.076+0000] {logging_mixin.py:188} INFO - [2024-06-16T12:23:08.076+0000] {dag.py:3096} INFO - Sync 1 DAGs
[2024-06-16T12:23:08.138+0000] {logging_mixin.py:188} INFO - [2024-06-16T12:23:08.137+0000] {dag.py:3954} INFO - Setting next_dagrun for tutorial to 2024-06-15 00:00:00+00:00, run_after=2024-06-16 00:00:00+00:00
[2024-06-16T12:23:08.220+0000] {processor.py:183} INFO - Processing /home/airflow/.local/lib/python3.12/site-packages/airflow/example_dags/tutorial.py took 0.227 seconds
[2024-06-16T12:23:41.041+0000] {processor.py:161} INFO - Started process (PID=363) to work on /home/airflow/.local/lib/python3.12/site-packages/airflow/example_dags/tutorial.py
[2024-06-16T12:23:41.073+0000] {processor.py:830} INFO - Processing file /home/airflow/.local/lib/python3.12/site-packages/airflow/example_dags/tutorial.py for tasks to queue
[2024-06-16T12:23:41.094+0000] {logging_mixin.py:188} INFO - [2024-06-16T12:23:41.086+0000] {dagbag.py:545} INFO - Filling up the DagBag from /home/airflow/.local/lib/python3.12/site-packages/airflow/example_dags/tutorial.py
[2024-06-16T12:23:41.200+0000] {processor.py:840} INFO - DAG(s) 'tutorial' retrieved from /home/airflow/.local/lib/python3.12/site-packages/airflow/example_dags/tutorial.py
[2024-06-16T12:23:41.346+0000] {logging_mixin.py:188} INFO - [2024-06-16T12:23:41.346+0000] {dag.py:3096} INFO - Sync 1 DAGs
[2024-06-16T12:23:41.639+0000] {logging_mixin.py:188} INFO - [2024-06-16T12:23:41.639+0000] {dag.py:3954} INFO - Setting next_dagrun for tutorial to 2024-06-15 00:00:00+00:00, run_after=2024-06-16 00:00:00+00:00
[2024-06-16T12:23:41.694+0000] {processor.py:183} INFO - Processing /home/airflow/.local/lib/python3.12/site-packages/airflow/example_dags/tutorial.py took 0.772 seconds
[2024-06-16T12:24:12.017+0000] {processor.py:161} INFO - Started process (PID=420) to work on /home/airflow/.local/lib/python3.12/site-packages/airflow/example_dags/tutorial.py
[2024-06-16T12:24:12.026+0000] {processor.py:830} INFO - Processing file /home/airflow/.local/lib/python3.12/site-packages/airflow/example_dags/tutorial.py for tasks to queue
[2024-06-16T12:24:12.029+0000] {logging_mixin.py:188} INFO - [2024-06-16T12:24:12.028+0000] {dagbag.py:545} INFO - Filling up the DagBag from /home/airflow/.local/lib/python3.12/site-packages/airflow/example_dags/tutorial.py
[2024-06-16T12:24:12.042+0000] {processor.py:840} INFO - DAG(s) 'tutorial' retrieved from /home/airflow/.local/lib/python3.12/site-packages/airflow/example_dags/tutorial.py
[2024-06-16T12:24:12.081+0000] {logging_mixin.py:188} INFO - [2024-06-16T12:24:12.080+0000] {dag.py:3096} INFO - Sync 1 DAGs
[2024-06-16T12:24:12.131+0000] {logging_mixin.py:188} INFO - [2024-06-16T12:24:12.131+0000] {dag.py:3954} INFO - Setting next_dagrun for tutorial to 2024-06-15 00:00:00+00:00, run_after=2024-06-16 00:00:00+00:00
[2024-06-16T12:24:12.186+0000] {processor.py:183} INFO - Processing /home/airflow/.local/lib/python3.12/site-packages/airflow/example_dags/tutorial.py took 0.182 seconds
[2024-06-16T12:24:42.865+0000] {processor.py:161} INFO - Started process (PID=479) to work on /home/airflow/.local/lib/python3.12/site-packages/airflow/example_dags/tutorial.py
[2024-06-16T12:24:42.869+0000] {processor.py:830} INFO - Processing file /home/airflow/.local/lib/python3.12/site-packages/airflow/example_dags/tutorial.py for tasks to queue
[2024-06-16T12:24:42.873+0000] {logging_mixin.py:188} INFO - [2024-06-16T12:24:42.872+0000] {dagbag.py:545} INFO - Filling up the DagBag from /home/airflow/.local/lib/python3.12/site-packages/airflow/example_dags/tutorial.py
[2024-06-16T12:24:42.896+0000] {processor.py:840} INFO - DAG(s) 'tutorial' retrieved from /home/airflow/.local/lib/python3.12/site-packages/airflow/example_dags/tutorial.py
[2024-06-16T12:24:43.004+0000] {logging_mixin.py:188} INFO - [2024-06-16T12:24:43.004+0000] {dag.py:3096} INFO - Sync 1 DAGs
[2024-06-16T12:24:43.058+0000] {logging_mixin.py:188} INFO - [2024-06-16T12:24:43.058+0000] {dag.py:3954} INFO - Setting next_dagrun for tutorial to 2024-06-15 00:00:00+00:00, run_after=2024-06-16 00:00:00+00:00
[2024-06-16T12:24:43.121+0000] {processor.py:183} INFO - Processing /home/airflow/.local/lib/python3.12/site-packages/airflow/example_dags/tutorial.py took 0.277 seconds
[2024-06-16T12:45:04.028+0000] {processor.py:161} INFO - Started process (PID=67) to work on /home/airflow/.local/lib/python3.12/site-packages/airflow/example_dags/tutorial.py
[2024-06-16T12:45:04.030+0000] {processor.py:830} INFO - Processing file /home/airflow/.local/lib/python3.12/site-packages/airflow/example_dags/tutorial.py for tasks to queue
[2024-06-16T12:45:04.033+0000] {logging_mixin.py:188} INFO - [2024-06-16T12:45:04.033+0000] {dagbag.py:545} INFO - Filling up the DagBag from /home/airflow/.local/lib/python3.12/site-packages/airflow/example_dags/tutorial.py
[2024-06-16T12:45:04.052+0000] {processor.py:840} INFO - DAG(s) 'tutorial' retrieved from /home/airflow/.local/lib/python3.12/site-packages/airflow/example_dags/tutorial.py
[2024-06-16T12:45:04.570+0000] {logging_mixin.py:188} INFO - [2024-06-16T12:45:04.565+0000] {override.py:1829} INFO - Created Permission View: can read on DAG:tutorial
[2024-06-16T12:45:04.600+0000] {logging_mixin.py:188} INFO - [2024-06-16T12:45:04.600+0000] {override.py:1829} INFO - Created Permission View: can delete on DAG:tutorial
[2024-06-16T12:45:04.619+0000] {logging_mixin.py:188} INFO - [2024-06-16T12:45:04.618+0000] {override.py:1829} INFO - Created Permission View: can edit on DAG:tutorial
[2024-06-16T12:45:04.620+0000] {logging_mixin.py:188} INFO - [2024-06-16T12:45:04.620+0000] {dag.py:3096} INFO - Sync 1 DAGs
[2024-06-16T12:45:04.711+0000] {logging_mixin.py:188} INFO - [2024-06-16T12:45:04.711+0000] {dag.py:3118} INFO - Creating ORM DAG for tutorial
[2024-06-16T12:45:04.773+0000] {logging_mixin.py:188} INFO - [2024-06-16T12:45:04.773+0000] {dag.py:3954} INFO - Setting next_dagrun for tutorial to 2024-06-15 00:00:00+00:00, run_after=2024-06-16 00:00:00+00:00
[2024-06-16T12:45:04.814+0000] {processor.py:183} INFO - Processing /home/airflow/.local/lib/python3.12/site-packages/airflow/example_dags/tutorial.py took 0.805 seconds
[2024-06-16T12:45:35.538+0000] {processor.py:161} INFO - Started process (PID=126) to work on /home/airflow/.local/lib/python3.12/site-packages/airflow/example_dags/tutorial.py
[2024-06-16T12:45:35.539+0000] {processor.py:830} INFO - Processing file /home/airflow/.local/lib/python3.12/site-packages/airflow/example_dags/tutorial.py for tasks to queue
[2024-06-16T12:45:35.541+0000] {logging_mixin.py:188} INFO - [2024-06-16T12:45:35.541+0000] {dagbag.py:545} INFO - Filling up the DagBag from /home/airflow/.local/lib/python3.12/site-packages/airflow/example_dags/tutorial.py
[2024-06-16T12:45:35.549+0000] {processor.py:840} INFO - DAG(s) 'tutorial' retrieved from /home/airflow/.local/lib/python3.12/site-packages/airflow/example_dags/tutorial.py
[2024-06-16T12:45:35.575+0000] {logging_mixin.py:188} INFO - [2024-06-16T12:45:35.575+0000] {dag.py:3096} INFO - Sync 1 DAGs
[2024-06-16T12:45:35.603+0000] {logging_mixin.py:188} INFO - [2024-06-16T12:45:35.603+0000] {dag.py:3954} INFO - Setting next_dagrun for tutorial to 2024-06-15 00:00:00+00:00, run_after=2024-06-16 00:00:00+00:00
[2024-06-16T12:45:35.640+0000] {processor.py:183} INFO - Processing /home/airflow/.local/lib/python3.12/site-packages/airflow/example_dags/tutorial.py took 0.108 seconds
[2024-06-16T12:46:05.934+0000] {processor.py:161} INFO - Started process (PID=185) to work on /home/airflow/.local/lib/python3.12/site-packages/airflow/example_dags/tutorial.py
[2024-06-16T12:46:05.935+0000] {processor.py:830} INFO - Processing file /home/airflow/.local/lib/python3.12/site-packages/airflow/example_dags/tutorial.py for tasks to queue
[2024-06-16T12:46:05.937+0000] {logging_mixin.py:188} INFO - [2024-06-16T12:46:05.936+0000] {dagbag.py:545} INFO - Filling up the DagBag from /home/airflow/.local/lib/python3.12/site-packages/airflow/example_dags/tutorial.py
[2024-06-16T12:46:05.945+0000] {processor.py:840} INFO - DAG(s) 'tutorial' retrieved from /home/airflow/.local/lib/python3.12/site-packages/airflow/example_dags/tutorial.py
[2024-06-16T12:46:05.973+0000] {logging_mixin.py:188} INFO - [2024-06-16T12:46:05.973+0000] {dag.py:3096} INFO - Sync 1 DAGs
[2024-06-16T12:46:06.006+0000] {logging_mixin.py:188} INFO - [2024-06-16T12:46:06.006+0000] {dag.py:3954} INFO - Setting next_dagrun for tutorial to 2024-06-15 00:00:00+00:00, run_after=2024-06-16 00:00:00+00:00
[2024-06-16T12:46:06.030+0000] {processor.py:183} INFO - Processing /home/airflow/.local/lib/python3.12/site-packages/airflow/example_dags/tutorial.py took 0.102 seconds
[2024-06-16T12:46:36.704+0000] {processor.py:161} INFO - Started process (PID=244) to work on /home/airflow/.local/lib/python3.12/site-packages/airflow/example_dags/tutorial.py
[2024-06-16T12:46:36.706+0000] {processor.py:830} INFO - Processing file /home/airflow/.local/lib/python3.12/site-packages/airflow/example_dags/tutorial.py for tasks to queue
[2024-06-16T12:46:36.709+0000] {logging_mixin.py:188} INFO - [2024-06-16T12:46:36.708+0000] {dagbag.py:545} INFO - Filling up the DagBag from /home/airflow/.local/lib/python3.12/site-packages/airflow/example_dags/tutorial.py
[2024-06-16T12:46:36.722+0000] {processor.py:840} INFO - DAG(s) 'tutorial' retrieved from /home/airflow/.local/lib/python3.12/site-packages/airflow/example_dags/tutorial.py
[2024-06-16T12:46:36.815+0000] {logging_mixin.py:188} INFO - [2024-06-16T12:46:36.814+0000] {dag.py:3096} INFO - Sync 1 DAGs
[2024-06-16T12:46:37.061+0000] {logging_mixin.py:188} INFO - [2024-06-16T12:46:37.057+0000] {dag.py:3954} INFO - Setting next_dagrun for tutorial to 2024-06-15 00:00:00+00:00, run_after=2024-06-16 00:00:00+00:00
[2024-06-16T12:46:37.184+0000] {processor.py:183} INFO - Processing /home/airflow/.local/lib/python3.12/site-packages/airflow/example_dags/tutorial.py took 0.492 seconds
[2024-06-16T12:47:31.833+0000] {processor.py:161} INFO - Started process (PID=303) to work on /home/airflow/.local/lib/python3.12/site-packages/airflow/example_dags/tutorial.py
[2024-06-16T12:47:31.840+0000] {processor.py:830} INFO - Processing file /home/airflow/.local/lib/python3.12/site-packages/airflow/example_dags/tutorial.py for tasks to queue
[2024-06-16T12:47:31.850+0000] {logging_mixin.py:188} INFO - [2024-06-16T12:47:31.850+0000] {dagbag.py:545} INFO - Filling up the DagBag from /home/airflow/.local/lib/python3.12/site-packages/airflow/example_dags/tutorial.py
[2024-06-16T12:47:31.884+0000] {processor.py:840} INFO - DAG(s) 'tutorial' retrieved from /home/airflow/.local/lib/python3.12/site-packages/airflow/example_dags/tutorial.py
[2024-06-16T12:47:31.944+0000] {logging_mixin.py:188} INFO - [2024-06-16T12:47:31.933+0000] {dag.py:3096} INFO - Sync 1 DAGs
[2024-06-16T12:47:32.026+0000] {logging_mixin.py:188} INFO - [2024-06-16T12:47:32.025+0000] {dag.py:3954} INFO - Setting next_dagrun for tutorial to 2024-06-15 00:00:00+00:00, run_after=2024-06-16 00:00:00+00:00
[2024-06-16T12:47:32.146+0000] {processor.py:183} INFO - Processing /home/airflow/.local/lib/python3.12/site-packages/airflow/example_dags/tutorial.py took 0.338 seconds
[2024-06-16T12:48:02.809+0000] {processor.py:161} INFO - Started process (PID=362) to work on /home/airflow/.local/lib/python3.12/site-packages/airflow/example_dags/tutorial.py
[2024-06-16T12:48:02.820+0000] {processor.py:830} INFO - Processing file /home/airflow/.local/lib/python3.12/site-packages/airflow/example_dags/tutorial.py for tasks to queue
[2024-06-16T12:48:02.832+0000] {logging_mixin.py:188} INFO - [2024-06-16T12:48:02.823+0000] {dagbag.py:545} INFO - Filling up the DagBag from /home/airflow/.local/lib/python3.12/site-packages/airflow/example_dags/tutorial.py
[2024-06-16T12:48:02.863+0000] {processor.py:840} INFO - DAG(s) 'tutorial' retrieved from /home/airflow/.local/lib/python3.12/site-packages/airflow/example_dags/tutorial.py
[2024-06-16T12:48:02.909+0000] {logging_mixin.py:188} INFO - [2024-06-16T12:48:02.908+0000] {dag.py:3096} INFO - Sync 1 DAGs
[2024-06-16T12:48:03.108+0000] {logging_mixin.py:188} INFO - [2024-06-16T12:48:03.108+0000] {dag.py:3954} INFO - Setting next_dagrun for tutorial to 2024-06-15 00:00:00+00:00, run_after=2024-06-16 00:00:00+00:00
[2024-06-16T12:48:03.287+0000] {processor.py:183} INFO - Processing /home/airflow/.local/lib/python3.12/site-packages/airflow/example_dags/tutorial.py took 0.489 seconds
[2024-06-16T12:48:37.512+0000] {processor.py:161} INFO - Started process (PID=421) to work on /home/airflow/.local/lib/python3.12/site-packages/airflow/example_dags/tutorial.py
[2024-06-16T12:48:37.523+0000] {processor.py:830} INFO - Processing file /home/airflow/.local/lib/python3.12/site-packages/airflow/example_dags/tutorial.py for tasks to queue
[2024-06-16T12:48:37.550+0000] {logging_mixin.py:188} INFO - [2024-06-16T12:48:37.548+0000] {dagbag.py:545} INFO - Filling up the DagBag from /home/airflow/.local/lib/python3.12/site-packages/airflow/example_dags/tutorial.py
[2024-06-16T12:48:37.611+0000] {processor.py:840} INFO - DAG(s) 'tutorial' retrieved from /home/airflow/.local/lib/python3.12/site-packages/airflow/example_dags/tutorial.py
[2024-06-16T12:48:37.738+0000] {logging_mixin.py:188} INFO - [2024-06-16T12:48:37.736+0000] {dag.py:3096} INFO - Sync 1 DAGs
[2024-06-16T12:48:37.969+0000] {logging_mixin.py:188} INFO - [2024-06-16T12:48:37.969+0000] {dag.py:3954} INFO - Setting next_dagrun for tutorial to 2024-06-15 00:00:00+00:00, run_after=2024-06-16 00:00:00+00:00
[2024-06-16T12:48:38.233+0000] {processor.py:183} INFO - Processing /home/airflow/.local/lib/python3.12/site-packages/airflow/example_dags/tutorial.py took 0.760 seconds
[2024-06-16T12:49:14.232+0000] {processor.py:161} INFO - Started process (PID=480) to work on /home/airflow/.local/lib/python3.12/site-packages/airflow/example_dags/tutorial.py
[2024-06-16T12:49:14.236+0000] {processor.py:830} INFO - Processing file /home/airflow/.local/lib/python3.12/site-packages/airflow/example_dags/tutorial.py for tasks to queue
[2024-06-16T12:49:14.241+0000] {logging_mixin.py:188} INFO - [2024-06-16T12:49:14.240+0000] {dagbag.py:545} INFO - Filling up the DagBag from /home/airflow/.local/lib/python3.12/site-packages/airflow/example_dags/tutorial.py
[2024-06-16T12:49:14.252+0000] {processor.py:840} INFO - DAG(s) 'tutorial' retrieved from /home/airflow/.local/lib/python3.12/site-packages/airflow/example_dags/tutorial.py
[2024-06-16T12:49:14.297+0000] {logging_mixin.py:188} INFO - [2024-06-16T12:49:14.296+0000] {dag.py:3096} INFO - Sync 1 DAGs
[2024-06-16T12:49:14.363+0000] {logging_mixin.py:188} INFO - [2024-06-16T12:49:14.362+0000] {dag.py:3954} INFO - Setting next_dagrun for tutorial to 2024-06-15 00:00:00+00:00, run_after=2024-06-16 00:00:00+00:00
[2024-06-16T12:49:14.423+0000] {processor.py:183} INFO - Processing /home/airflow/.local/lib/python3.12/site-packages/airflow/example_dags/tutorial.py took 0.208 seconds
[2024-06-16T12:50:04.001+0000] {processor.py:161} INFO - Started process (PID=539) to work on /home/airflow/.local/lib/python3.12/site-packages/airflow/example_dags/tutorial.py
[2024-06-16T12:50:04.005+0000] {processor.py:830} INFO - Processing file /home/airflow/.local/lib/python3.12/site-packages/airflow/example_dags/tutorial.py for tasks to queue
[2024-06-16T12:50:04.013+0000] {logging_mixin.py:188} INFO - [2024-06-16T12:50:04.013+0000] {dagbag.py:545} INFO - Filling up the DagBag from /home/airflow/.local/lib/python3.12/site-packages/airflow/example_dags/tutorial.py
[2024-06-16T12:50:04.032+0000] {processor.py:840} INFO - DAG(s) 'tutorial' retrieved from /home/airflow/.local/lib/python3.12/site-packages/airflow/example_dags/tutorial.py
[2024-06-16T12:50:04.082+0000] {logging_mixin.py:188} INFO - [2024-06-16T12:50:04.082+0000] {dag.py:3096} INFO - Sync 1 DAGs
[2024-06-16T12:50:04.141+0000] {logging_mixin.py:188} INFO - [2024-06-16T12:50:04.140+0000] {dag.py:3954} INFO - Setting next_dagrun for tutorial to 2024-06-15 00:00:00+00:00, run_after=2024-06-16 00:00:00+00:00
[2024-06-16T12:50:04.186+0000] {processor.py:183} INFO - Processing /home/airflow/.local/lib/python3.12/site-packages/airflow/example_dags/tutorial.py took 0.195 seconds
[2024-06-16T12:50:52.196+0000] {processor.py:161} INFO - Started process (PID=584) to work on /home/airflow/.local/lib/python3.12/site-packages/airflow/example_dags/tutorial.py
[2024-06-16T12:50:52.200+0000] {processor.py:830} INFO - Processing file /home/airflow/.local/lib/python3.12/site-packages/airflow/example_dags/tutorial.py for tasks to queue
[2024-06-16T12:50:52.203+0000] {logging_mixin.py:188} INFO - [2024-06-16T12:50:52.202+0000] {dagbag.py:545} INFO - Filling up the DagBag from /home/airflow/.local/lib/python3.12/site-packages/airflow/example_dags/tutorial.py
[2024-06-16T12:50:52.218+0000] {processor.py:840} INFO - DAG(s) 'tutorial' retrieved from /home/airflow/.local/lib/python3.12/site-packages/airflow/example_dags/tutorial.py
[2024-06-16T12:50:52.272+0000] {logging_mixin.py:188} INFO - [2024-06-16T12:50:52.272+0000] {dag.py:3096} INFO - Sync 1 DAGs
[2024-06-16T12:50:52.324+0000] {logging_mixin.py:188} INFO - [2024-06-16T12:50:52.323+0000] {dag.py:3954} INFO - Setting next_dagrun for tutorial to 2024-06-15 00:00:00+00:00, run_after=2024-06-16 00:00:00+00:00
[2024-06-16T12:50:52.368+0000] {processor.py:183} INFO - Processing /home/airflow/.local/lib/python3.12/site-packages/airflow/example_dags/tutorial.py took 0.183 seconds
[2024-06-16T12:51:24.327+0000] {processor.py:161} INFO - Started process (PID=643) to work on /home/airflow/.local/lib/python3.12/site-packages/airflow/example_dags/tutorial.py
[2024-06-16T12:51:24.328+0000] {processor.py:830} INFO - Processing file /home/airflow/.local/lib/python3.12/site-packages/airflow/example_dags/tutorial.py for tasks to queue
[2024-06-16T12:51:24.336+0000] {logging_mixin.py:188} INFO - [2024-06-16T12:51:24.335+0000] {dagbag.py:545} INFO - Filling up the DagBag from /home/airflow/.local/lib/python3.12/site-packages/airflow/example_dags/tutorial.py
[2024-06-16T12:51:24.351+0000] {processor.py:840} INFO - DAG(s) 'tutorial' retrieved from /home/airflow/.local/lib/python3.12/site-packages/airflow/example_dags/tutorial.py
[2024-06-16T12:51:24.394+0000] {logging_mixin.py:188} INFO - [2024-06-16T12:51:24.393+0000] {dag.py:3096} INFO - Sync 1 DAGs
[2024-06-16T12:51:24.473+0000] {logging_mixin.py:188} INFO - [2024-06-16T12:51:24.473+0000] {dag.py:3954} INFO - Setting next_dagrun for tutorial to 2024-06-15 00:00:00+00:00, run_after=2024-06-16 00:00:00+00:00
[2024-06-16T12:51:24.522+0000] {processor.py:183} INFO - Processing /home/airflow/.local/lib/python3.12/site-packages/airflow/example_dags/tutorial.py took 0.207 seconds
[2024-06-16T12:51:55.043+0000] {processor.py:161} INFO - Started process (PID=702) to work on /home/airflow/.local/lib/python3.12/site-packages/airflow/example_dags/tutorial.py
[2024-06-16T12:51:55.045+0000] {processor.py:830} INFO - Processing file /home/airflow/.local/lib/python3.12/site-packages/airflow/example_dags/tutorial.py for tasks to queue
[2024-06-16T12:51:55.048+0000] {logging_mixin.py:188} INFO - [2024-06-16T12:51:55.047+0000] {dagbag.py:545} INFO - Filling up the DagBag from /home/airflow/.local/lib/python3.12/site-packages/airflow/example_dags/tutorial.py
[2024-06-16T12:51:55.059+0000] {processor.py:840} INFO - DAG(s) 'tutorial' retrieved from /home/airflow/.local/lib/python3.12/site-packages/airflow/example_dags/tutorial.py
[2024-06-16T12:51:55.096+0000] {logging_mixin.py:188} INFO - [2024-06-16T12:51:55.095+0000] {dag.py:3096} INFO - Sync 1 DAGs
[2024-06-16T12:51:55.144+0000] {logging_mixin.py:188} INFO - [2024-06-16T12:51:55.144+0000] {dag.py:3954} INFO - Setting next_dagrun for tutorial to 2024-06-15 00:00:00+00:00, run_after=2024-06-16 00:00:00+00:00
[2024-06-16T12:51:55.179+0000] {processor.py:183} INFO - Processing /home/airflow/.local/lib/python3.12/site-packages/airflow/example_dags/tutorial.py took 0.147 seconds
[2024-06-16T12:52:26.011+0000] {processor.py:161} INFO - Started process (PID=761) to work on /home/airflow/.local/lib/python3.12/site-packages/airflow/example_dags/tutorial.py
[2024-06-16T12:52:26.012+0000] {processor.py:830} INFO - Processing file /home/airflow/.local/lib/python3.12/site-packages/airflow/example_dags/tutorial.py for tasks to queue
[2024-06-16T12:52:26.014+0000] {logging_mixin.py:188} INFO - [2024-06-16T12:52:26.013+0000] {dagbag.py:545} INFO - Filling up the DagBag from /home/airflow/.local/lib/python3.12/site-packages/airflow/example_dags/tutorial.py
[2024-06-16T12:52:26.023+0000] {processor.py:840} INFO - DAG(s) 'tutorial' retrieved from /home/airflow/.local/lib/python3.12/site-packages/airflow/example_dags/tutorial.py
[2024-06-16T12:52:26.060+0000] {logging_mixin.py:188} INFO - [2024-06-16T12:52:26.060+0000] {dag.py:3096} INFO - Sync 1 DAGs
[2024-06-16T12:52:26.104+0000] {logging_mixin.py:188} INFO - [2024-06-16T12:52:26.104+0000] {dag.py:3954} INFO - Setting next_dagrun for tutorial to 2024-06-15 00:00:00+00:00, run_after=2024-06-16 00:00:00+00:00
[2024-06-16T12:52:26.138+0000] {processor.py:183} INFO - Processing /home/airflow/.local/lib/python3.12/site-packages/airflow/example_dags/tutorial.py took 0.137 seconds
[2024-06-16T12:52:56.201+0000] {processor.py:161} INFO - Started process (PID=821) to work on /home/airflow/.local/lib/python3.12/site-packages/airflow/example_dags/tutorial.py
[2024-06-16T12:52:56.202+0000] {processor.py:830} INFO - Processing file /home/airflow/.local/lib/python3.12/site-packages/airflow/example_dags/tutorial.py for tasks to queue
[2024-06-16T12:52:56.203+0000] {logging_mixin.py:188} INFO - [2024-06-16T12:52:56.203+0000] {dagbag.py:545} INFO - Filling up the DagBag from /home/airflow/.local/lib/python3.12/site-packages/airflow/example_dags/tutorial.py
[2024-06-16T12:52:56.217+0000] {processor.py:840} INFO - DAG(s) 'tutorial' retrieved from /home/airflow/.local/lib/python3.12/site-packages/airflow/example_dags/tutorial.py
[2024-06-16T12:52:56.255+0000] {logging_mixin.py:188} INFO - [2024-06-16T12:52:56.255+0000] {dag.py:3096} INFO - Sync 1 DAGs
[2024-06-16T12:52:56.305+0000] {logging_mixin.py:188} INFO - [2024-06-16T12:52:56.305+0000] {dag.py:3954} INFO - Setting next_dagrun for tutorial to 2024-06-15 00:00:00+00:00, run_after=2024-06-16 00:00:00+00:00
[2024-06-16T12:52:56.342+0000] {processor.py:183} INFO - Processing /home/airflow/.local/lib/python3.12/site-packages/airflow/example_dags/tutorial.py took 0.152 seconds
[2024-06-16T12:53:26.800+0000] {processor.py:161} INFO - Started process (PID=879) to work on /home/airflow/.local/lib/python3.12/site-packages/airflow/example_dags/tutorial.py
[2024-06-16T12:53:26.801+0000] {processor.py:830} INFO - Processing file /home/airflow/.local/lib/python3.12/site-packages/airflow/example_dags/tutorial.py for tasks to queue
[2024-06-16T12:53:26.802+0000] {logging_mixin.py:188} INFO - [2024-06-16T12:53:26.801+0000] {dagbag.py:545} INFO - Filling up the DagBag from /home/airflow/.local/lib/python3.12/site-packages/airflow/example_dags/tutorial.py
[2024-06-16T12:53:26.810+0000] {processor.py:840} INFO - DAG(s) 'tutorial' retrieved from /home/airflow/.local/lib/python3.12/site-packages/airflow/example_dags/tutorial.py
[2024-06-16T12:53:26.842+0000] {logging_mixin.py:188} INFO - [2024-06-16T12:53:26.842+0000] {dag.py:3096} INFO - Sync 1 DAGs
[2024-06-16T12:53:26.898+0000] {logging_mixin.py:188} INFO - [2024-06-16T12:53:26.898+0000] {dag.py:3954} INFO - Setting next_dagrun for tutorial to 2024-06-15 00:00:00+00:00, run_after=2024-06-16 00:00:00+00:00
[2024-06-16T12:53:26.931+0000] {processor.py:183} INFO - Processing /home/airflow/.local/lib/python3.12/site-packages/airflow/example_dags/tutorial.py took 0.139 seconds
[2024-06-16T12:53:57.338+0000] {processor.py:161} INFO - Started process (PID=938) to work on /home/airflow/.local/lib/python3.12/site-packages/airflow/example_dags/tutorial.py
[2024-06-16T12:53:57.339+0000] {processor.py:830} INFO - Processing file /home/airflow/.local/lib/python3.12/site-packages/airflow/example_dags/tutorial.py for tasks to queue
[2024-06-16T12:53:57.340+0000] {logging_mixin.py:188} INFO - [2024-06-16T12:53:57.340+0000] {dagbag.py:545} INFO - Filling up the DagBag from /home/airflow/.local/lib/python3.12/site-packages/airflow/example_dags/tutorial.py
[2024-06-16T12:53:57.348+0000] {processor.py:840} INFO - DAG(s) 'tutorial' retrieved from /home/airflow/.local/lib/python3.12/site-packages/airflow/example_dags/tutorial.py
[2024-06-16T12:53:57.378+0000] {logging_mixin.py:188} INFO - [2024-06-16T12:53:57.378+0000] {dag.py:3096} INFO - Sync 1 DAGs
[2024-06-16T12:53:57.424+0000] {logging_mixin.py:188} INFO - [2024-06-16T12:53:57.424+0000] {dag.py:3954} INFO - Setting next_dagrun for tutorial to 2024-06-15 00:00:00+00:00, run_after=2024-06-16 00:00:00+00:00
[2024-06-16T12:53:57.454+0000] {processor.py:183} INFO - Processing /home/airflow/.local/lib/python3.12/site-packages/airflow/example_dags/tutorial.py took 0.127 seconds
[2024-06-16T12:54:27.822+0000] {processor.py:161} INFO - Started process (PID=997) to work on /home/airflow/.local/lib/python3.12/site-packages/airflow/example_dags/tutorial.py
[2024-06-16T12:54:27.823+0000] {processor.py:830} INFO - Processing file /home/airflow/.local/lib/python3.12/site-packages/airflow/example_dags/tutorial.py for tasks to queue
[2024-06-16T12:54:27.824+0000] {logging_mixin.py:188} INFO - [2024-06-16T12:54:27.824+0000] {dagbag.py:545} INFO - Filling up the DagBag from /home/airflow/.local/lib/python3.12/site-packages/airflow/example_dags/tutorial.py
[2024-06-16T12:54:27.835+0000] {processor.py:840} INFO - DAG(s) 'tutorial' retrieved from /home/airflow/.local/lib/python3.12/site-packages/airflow/example_dags/tutorial.py
[2024-06-16T12:54:27.870+0000] {logging_mixin.py:188} INFO - [2024-06-16T12:54:27.870+0000] {dag.py:3096} INFO - Sync 1 DAGs
[2024-06-16T12:54:27.911+0000] {logging_mixin.py:188} INFO - [2024-06-16T12:54:27.911+0000] {dag.py:3954} INFO - Setting next_dagrun for tutorial to 2024-06-15 00:00:00+00:00, run_after=2024-06-16 00:00:00+00:00
[2024-06-16T12:54:27.956+0000] {processor.py:183} INFO - Processing /home/airflow/.local/lib/python3.12/site-packages/airflow/example_dags/tutorial.py took 0.147 seconds
[2024-06-16T12:54:58.818+0000] {processor.py:161} INFO - Started process (PID=1056) to work on /home/airflow/.local/lib/python3.12/site-packages/airflow/example_dags/tutorial.py
[2024-06-16T12:54:58.819+0000] {processor.py:830} INFO - Processing file /home/airflow/.local/lib/python3.12/site-packages/airflow/example_dags/tutorial.py for tasks to queue
[2024-06-16T12:54:58.821+0000] {logging_mixin.py:188} INFO - [2024-06-16T12:54:58.820+0000] {dagbag.py:545} INFO - Filling up the DagBag from /home/airflow/.local/lib/python3.12/site-packages/airflow/example_dags/tutorial.py
[2024-06-16T12:54:58.832+0000] {processor.py:840} INFO - DAG(s) 'tutorial' retrieved from /home/airflow/.local/lib/python3.12/site-packages/airflow/example_dags/tutorial.py
[2024-06-16T12:54:58.877+0000] {logging_mixin.py:188} INFO - [2024-06-16T12:54:58.876+0000] {dag.py:3096} INFO - Sync 1 DAGs
[2024-06-16T12:54:58.910+0000] {logging_mixin.py:188} INFO - [2024-06-16T12:54:58.910+0000] {dag.py:3954} INFO - Setting next_dagrun for tutorial to 2024-06-15 00:00:00+00:00, run_after=2024-06-16 00:00:00+00:00
[2024-06-16T12:54:58.945+0000] {processor.py:183} INFO - Processing /home/airflow/.local/lib/python3.12/site-packages/airflow/example_dags/tutorial.py took 0.138 seconds
[2024-06-16T12:55:29.198+0000] {processor.py:161} INFO - Started process (PID=1115) to work on /home/airflow/.local/lib/python3.12/site-packages/airflow/example_dags/tutorial.py
[2024-06-16T12:55:29.199+0000] {processor.py:830} INFO - Processing file /home/airflow/.local/lib/python3.12/site-packages/airflow/example_dags/tutorial.py for tasks to queue
[2024-06-16T12:55:29.203+0000] {logging_mixin.py:188} INFO - [2024-06-16T12:55:29.202+0000] {dagbag.py:545} INFO - Filling up the DagBag from /home/airflow/.local/lib/python3.12/site-packages/airflow/example_dags/tutorial.py
[2024-06-16T12:55:29.219+0000] {processor.py:840} INFO - DAG(s) 'tutorial' retrieved from /home/airflow/.local/lib/python3.12/site-packages/airflow/example_dags/tutorial.py
[2024-06-16T12:55:29.250+0000] {logging_mixin.py:188} INFO - [2024-06-16T12:55:29.249+0000] {dag.py:3096} INFO - Sync 1 DAGs
[2024-06-16T12:55:29.282+0000] {logging_mixin.py:188} INFO - [2024-06-16T12:55:29.282+0000] {dag.py:3954} INFO - Setting next_dagrun for tutorial to 2024-06-15 00:00:00+00:00, run_after=2024-06-16 00:00:00+00:00
[2024-06-16T12:55:29.313+0000] {processor.py:183} INFO - Processing /home/airflow/.local/lib/python3.12/site-packages/airflow/example_dags/tutorial.py took 0.131 seconds
[2024-06-16T12:55:59.856+0000] {processor.py:161} INFO - Started process (PID=1173) to work on /home/airflow/.local/lib/python3.12/site-packages/airflow/example_dags/tutorial.py
[2024-06-16T12:55:59.857+0000] {processor.py:830} INFO - Processing file /home/airflow/.local/lib/python3.12/site-packages/airflow/example_dags/tutorial.py for tasks to queue
[2024-06-16T12:55:59.859+0000] {logging_mixin.py:188} INFO - [2024-06-16T12:55:59.858+0000] {dagbag.py:545} INFO - Filling up the DagBag from /home/airflow/.local/lib/python3.12/site-packages/airflow/example_dags/tutorial.py
[2024-06-16T12:55:59.870+0000] {processor.py:840} INFO - DAG(s) 'tutorial' retrieved from /home/airflow/.local/lib/python3.12/site-packages/airflow/example_dags/tutorial.py
[2024-06-16T12:55:59.932+0000] {logging_mixin.py:188} INFO - [2024-06-16T12:55:59.931+0000] {dag.py:3096} INFO - Sync 1 DAGs
[2024-06-16T12:55:59.985+0000] {logging_mixin.py:188} INFO - [2024-06-16T12:55:59.985+0000] {dag.py:3954} INFO - Setting next_dagrun for tutorial to 2024-06-15 00:00:00+00:00, run_after=2024-06-16 00:00:00+00:00
[2024-06-16T12:56:00.035+0000] {processor.py:183} INFO - Processing /home/airflow/.local/lib/python3.12/site-packages/airflow/example_dags/tutorial.py took 0.191 seconds
[2024-06-16T12:56:30.218+0000] {processor.py:161} INFO - Started process (PID=1232) to work on /home/airflow/.local/lib/python3.12/site-packages/airflow/example_dags/tutorial.py
[2024-06-16T12:56:30.220+0000] {processor.py:830} INFO - Processing file /home/airflow/.local/lib/python3.12/site-packages/airflow/example_dags/tutorial.py for tasks to queue
[2024-06-16T12:56:30.221+0000] {logging_mixin.py:188} INFO - [2024-06-16T12:56:30.220+0000] {dagbag.py:545} INFO - Filling up the DagBag from /home/airflow/.local/lib/python3.12/site-packages/airflow/example_dags/tutorial.py
[2024-06-16T12:56:30.232+0000] {processor.py:840} INFO - DAG(s) 'tutorial' retrieved from /home/airflow/.local/lib/python3.12/site-packages/airflow/example_dags/tutorial.py
[2024-06-16T12:56:30.267+0000] {logging_mixin.py:188} INFO - [2024-06-16T12:56:30.266+0000] {dag.py:3096} INFO - Sync 1 DAGs
[2024-06-16T12:56:30.296+0000] {logging_mixin.py:188} INFO - [2024-06-16T12:56:30.296+0000] {dag.py:3954} INFO - Setting next_dagrun for tutorial to 2024-06-15 00:00:00+00:00, run_after=2024-06-16 00:00:00+00:00
[2024-06-16T12:56:30.332+0000] {processor.py:183} INFO - Processing /home/airflow/.local/lib/python3.12/site-packages/airflow/example_dags/tutorial.py took 0.122 seconds
[2024-06-16T12:57:00.742+0000] {processor.py:161} INFO - Started process (PID=1291) to work on /home/airflow/.local/lib/python3.12/site-packages/airflow/example_dags/tutorial.py
[2024-06-16T12:57:00.743+0000] {processor.py:830} INFO - Processing file /home/airflow/.local/lib/python3.12/site-packages/airflow/example_dags/tutorial.py for tasks to queue
[2024-06-16T12:57:00.744+0000] {logging_mixin.py:188} INFO - [2024-06-16T12:57:00.743+0000] {dagbag.py:545} INFO - Filling up the DagBag from /home/airflow/.local/lib/python3.12/site-packages/airflow/example_dags/tutorial.py
[2024-06-16T12:57:00.753+0000] {processor.py:840} INFO - DAG(s) 'tutorial' retrieved from /home/airflow/.local/lib/python3.12/site-packages/airflow/example_dags/tutorial.py
[2024-06-16T12:57:00.780+0000] {logging_mixin.py:188} INFO - [2024-06-16T12:57:00.780+0000] {dag.py:3096} INFO - Sync 1 DAGs
[2024-06-16T12:57:00.824+0000] {logging_mixin.py:188} INFO - [2024-06-16T12:57:00.823+0000] {dag.py:3954} INFO - Setting next_dagrun for tutorial to 2024-06-15 00:00:00+00:00, run_after=2024-06-16 00:00:00+00:00
[2024-06-16T12:57:00.859+0000] {processor.py:183} INFO - Processing /home/airflow/.local/lib/python3.12/site-packages/airflow/example_dags/tutorial.py took 0.127 seconds
[2024-06-16T12:57:31.135+0000] {processor.py:161} INFO - Started process (PID=1349) to work on /home/airflow/.local/lib/python3.12/site-packages/airflow/example_dags/tutorial.py
[2024-06-16T12:57:31.137+0000] {processor.py:830} INFO - Processing file /home/airflow/.local/lib/python3.12/site-packages/airflow/example_dags/tutorial.py for tasks to queue
[2024-06-16T12:57:31.138+0000] {logging_mixin.py:188} INFO - [2024-06-16T12:57:31.137+0000] {dagbag.py:545} INFO - Filling up the DagBag from /home/airflow/.local/lib/python3.12/site-packages/airflow/example_dags/tutorial.py
[2024-06-16T12:57:31.145+0000] {processor.py:840} INFO - DAG(s) 'tutorial' retrieved from /home/airflow/.local/lib/python3.12/site-packages/airflow/example_dags/tutorial.py
[2024-06-16T12:57:31.169+0000] {logging_mixin.py:188} INFO - [2024-06-16T12:57:31.168+0000] {dag.py:3096} INFO - Sync 1 DAGs
[2024-06-16T12:57:31.211+0000] {logging_mixin.py:188} INFO - [2024-06-16T12:57:31.211+0000] {dag.py:3954} INFO - Setting next_dagrun for tutorial to 2024-06-15 00:00:00+00:00, run_after=2024-06-16 00:00:00+00:00
[2024-06-16T12:57:31.238+0000] {processor.py:183} INFO - Processing /home/airflow/.local/lib/python3.12/site-packages/airflow/example_dags/tutorial.py took 0.109 seconds
[2024-06-16T12:58:01.601+0000] {processor.py:161} INFO - Started process (PID=1408) to work on /home/airflow/.local/lib/python3.12/site-packages/airflow/example_dags/tutorial.py
[2024-06-16T12:58:01.602+0000] {processor.py:830} INFO - Processing file /home/airflow/.local/lib/python3.12/site-packages/airflow/example_dags/tutorial.py for tasks to queue
[2024-06-16T12:58:01.603+0000] {logging_mixin.py:188} INFO - [2024-06-16T12:58:01.603+0000] {dagbag.py:545} INFO - Filling up the DagBag from /home/airflow/.local/lib/python3.12/site-packages/airflow/example_dags/tutorial.py
[2024-06-16T12:58:01.611+0000] {processor.py:840} INFO - DAG(s) 'tutorial' retrieved from /home/airflow/.local/lib/python3.12/site-packages/airflow/example_dags/tutorial.py
[2024-06-16T12:58:01.641+0000] {logging_mixin.py:188} INFO - [2024-06-16T12:58:01.640+0000] {dag.py:3096} INFO - Sync 1 DAGs
[2024-06-16T12:58:01.676+0000] {logging_mixin.py:188} INFO - [2024-06-16T12:58:01.676+0000] {dag.py:3954} INFO - Setting next_dagrun for tutorial to 2024-06-15 00:00:00+00:00, run_after=2024-06-16 00:00:00+00:00
[2024-06-16T12:58:01.712+0000] {processor.py:183} INFO - Processing /home/airflow/.local/lib/python3.12/site-packages/airflow/example_dags/tutorial.py took 0.118 seconds
[2024-06-16T12:58:32.693+0000] {processor.py:161} INFO - Started process (PID=1464) to work on /home/airflow/.local/lib/python3.12/site-packages/airflow/example_dags/tutorial.py
[2024-06-16T12:58:32.695+0000] {processor.py:830} INFO - Processing file /home/airflow/.local/lib/python3.12/site-packages/airflow/example_dags/tutorial.py for tasks to queue
[2024-06-16T12:58:32.696+0000] {logging_mixin.py:188} INFO - [2024-06-16T12:58:32.695+0000] {dagbag.py:545} INFO - Filling up the DagBag from /home/airflow/.local/lib/python3.12/site-packages/airflow/example_dags/tutorial.py
[2024-06-16T12:58:32.707+0000] {processor.py:840} INFO - DAG(s) 'tutorial' retrieved from /home/airflow/.local/lib/python3.12/site-packages/airflow/example_dags/tutorial.py
[2024-06-16T12:58:32.735+0000] {logging_mixin.py:188} INFO - [2024-06-16T12:58:32.734+0000] {dag.py:3096} INFO - Sync 1 DAGs
[2024-06-16T12:58:32.770+0000] {logging_mixin.py:188} INFO - [2024-06-16T12:58:32.770+0000] {dag.py:3954} INFO - Setting next_dagrun for tutorial to 2024-06-15 00:00:00+00:00, run_after=2024-06-16 00:00:00+00:00
[2024-06-16T12:58:32.797+0000] {processor.py:183} INFO - Processing /home/airflow/.local/lib/python3.12/site-packages/airflow/example_dags/tutorial.py took 0.115 seconds
[2024-06-16T12:59:03.076+0000] {processor.py:161} INFO - Started process (PID=1530) to work on /home/airflow/.local/lib/python3.12/site-packages/airflow/example_dags/tutorial.py
[2024-06-16T12:59:03.077+0000] {processor.py:830} INFO - Processing file /home/airflow/.local/lib/python3.12/site-packages/airflow/example_dags/tutorial.py for tasks to queue
[2024-06-16T12:59:03.078+0000] {logging_mixin.py:188} INFO - [2024-06-16T12:59:03.078+0000] {dagbag.py:545} INFO - Filling up the DagBag from /home/airflow/.local/lib/python3.12/site-packages/airflow/example_dags/tutorial.py
[2024-06-16T12:59:03.086+0000] {processor.py:840} INFO - DAG(s) 'tutorial' retrieved from /home/airflow/.local/lib/python3.12/site-packages/airflow/example_dags/tutorial.py
[2024-06-16T12:59:03.111+0000] {logging_mixin.py:188} INFO - [2024-06-16T12:59:03.111+0000] {dag.py:3096} INFO - Sync 1 DAGs
[2024-06-16T12:59:03.139+0000] {logging_mixin.py:188} INFO - [2024-06-16T12:59:03.138+0000] {dag.py:3954} INFO - Setting next_dagrun for tutorial to 2024-06-15 00:00:00+00:00, run_after=2024-06-16 00:00:00+00:00
[2024-06-16T12:59:03.170+0000] {processor.py:183} INFO - Processing /home/airflow/.local/lib/python3.12/site-packages/airflow/example_dags/tutorial.py took 0.102 seconds
[2024-06-16T12:59:33.956+0000] {processor.py:161} INFO - Started process (PID=1593) to work on /home/airflow/.local/lib/python3.12/site-packages/airflow/example_dags/tutorial.py
[2024-06-16T12:59:33.957+0000] {processor.py:830} INFO - Processing file /home/airflow/.local/lib/python3.12/site-packages/airflow/example_dags/tutorial.py for tasks to queue
[2024-06-16T12:59:33.958+0000] {logging_mixin.py:188} INFO - [2024-06-16T12:59:33.958+0000] {dagbag.py:545} INFO - Filling up the DagBag from /home/airflow/.local/lib/python3.12/site-packages/airflow/example_dags/tutorial.py
[2024-06-16T12:59:33.968+0000] {processor.py:840} INFO - DAG(s) 'tutorial' retrieved from /home/airflow/.local/lib/python3.12/site-packages/airflow/example_dags/tutorial.py
[2024-06-16T12:59:34.002+0000] {logging_mixin.py:188} INFO - [2024-06-16T12:59:34.001+0000] {dag.py:3096} INFO - Sync 1 DAGs
[2024-06-16T12:59:34.044+0000] {logging_mixin.py:188} INFO - [2024-06-16T12:59:34.043+0000] {dag.py:3954} INFO - Setting next_dagrun for tutorial to 2024-06-15 00:00:00+00:00, run_after=2024-06-16 00:00:00+00:00
[2024-06-16T12:59:34.081+0000] {processor.py:183} INFO - Processing /home/airflow/.local/lib/python3.12/site-packages/airflow/example_dags/tutorial.py took 0.134 seconds
[2024-06-16T13:00:04.142+0000] {processor.py:161} INFO - Started process (PID=1653) to work on /home/airflow/.local/lib/python3.12/site-packages/airflow/example_dags/tutorial.py
[2024-06-16T13:00:04.143+0000] {processor.py:830} INFO - Processing file /home/airflow/.local/lib/python3.12/site-packages/airflow/example_dags/tutorial.py for tasks to queue
[2024-06-16T13:00:04.144+0000] {logging_mixin.py:188} INFO - [2024-06-16T13:00:04.144+0000] {dagbag.py:545} INFO - Filling up the DagBag from /home/airflow/.local/lib/python3.12/site-packages/airflow/example_dags/tutorial.py
[2024-06-16T13:00:04.151+0000] {processor.py:840} INFO - DAG(s) 'tutorial' retrieved from /home/airflow/.local/lib/python3.12/site-packages/airflow/example_dags/tutorial.py
[2024-06-16T13:00:04.177+0000] {logging_mixin.py:188} INFO - [2024-06-16T13:00:04.176+0000] {dag.py:3096} INFO - Sync 1 DAGs
[2024-06-16T13:00:04.204+0000] {logging_mixin.py:188} INFO - [2024-06-16T13:00:04.203+0000] {dag.py:3954} INFO - Setting next_dagrun for tutorial to 2024-06-15 00:00:00+00:00, run_after=2024-06-16 00:00:00+00:00
[2024-06-16T13:00:04.230+0000] {processor.py:183} INFO - Processing /home/airflow/.local/lib/python3.12/site-packages/airflow/example_dags/tutorial.py took 0.095 seconds
[2024-06-16T13:00:34.257+0000] {processor.py:161} INFO - Started process (PID=1719) to work on /home/airflow/.local/lib/python3.12/site-packages/airflow/example_dags/tutorial.py
[2024-06-16T13:00:34.258+0000] {processor.py:830} INFO - Processing file /home/airflow/.local/lib/python3.12/site-packages/airflow/example_dags/tutorial.py for tasks to queue
[2024-06-16T13:00:34.259+0000] {logging_mixin.py:188} INFO - [2024-06-16T13:00:34.259+0000] {dagbag.py:545} INFO - Filling up the DagBag from /home/airflow/.local/lib/python3.12/site-packages/airflow/example_dags/tutorial.py
[2024-06-16T13:00:34.265+0000] {processor.py:840} INFO - DAG(s) 'tutorial' retrieved from /home/airflow/.local/lib/python3.12/site-packages/airflow/example_dags/tutorial.py
[2024-06-16T13:00:34.290+0000] {logging_mixin.py:188} INFO - [2024-06-16T13:00:34.290+0000] {dag.py:3096} INFO - Sync 1 DAGs
[2024-06-16T13:00:34.319+0000] {logging_mixin.py:188} INFO - [2024-06-16T13:00:34.319+0000] {dag.py:3954} INFO - Setting next_dagrun for tutorial to 2024-06-15 00:00:00+00:00, run_after=2024-06-16 00:00:00+00:00
[2024-06-16T13:00:34.347+0000] {processor.py:183} INFO - Processing /home/airflow/.local/lib/python3.12/site-packages/airflow/example_dags/tutorial.py took 0.097 seconds
[2024-06-16T13:01:04.916+0000] {processor.py:161} INFO - Started process (PID=1778) to work on /home/airflow/.local/lib/python3.12/site-packages/airflow/example_dags/tutorial.py
[2024-06-16T13:01:04.917+0000] {processor.py:830} INFO - Processing file /home/airflow/.local/lib/python3.12/site-packages/airflow/example_dags/tutorial.py for tasks to queue
[2024-06-16T13:01:04.918+0000] {logging_mixin.py:188} INFO - [2024-06-16T13:01:04.917+0000] {dagbag.py:545} INFO - Filling up the DagBag from /home/airflow/.local/lib/python3.12/site-packages/airflow/example_dags/tutorial.py
[2024-06-16T13:01:04.929+0000] {processor.py:840} INFO - DAG(s) 'tutorial' retrieved from /home/airflow/.local/lib/python3.12/site-packages/airflow/example_dags/tutorial.py
[2024-06-16T13:01:04.982+0000] {logging_mixin.py:188} INFO - [2024-06-16T13:01:04.982+0000] {dag.py:3096} INFO - Sync 1 DAGs
[2024-06-16T13:01:05.030+0000] {logging_mixin.py:188} INFO - [2024-06-16T13:01:05.030+0000] {dag.py:3954} INFO - Setting next_dagrun for tutorial to 2024-06-15 00:00:00+00:00, run_after=2024-06-16 00:00:00+00:00
[2024-06-16T13:01:05.086+0000] {processor.py:183} INFO - Processing /home/airflow/.local/lib/python3.12/site-packages/airflow/example_dags/tutorial.py took 0.181 seconds
[2024-06-16T13:01:35.742+0000] {processor.py:161} INFO - Started process (PID=1837) to work on /home/airflow/.local/lib/python3.12/site-packages/airflow/example_dags/tutorial.py
[2024-06-16T13:01:35.745+0000] {processor.py:830} INFO - Processing file /home/airflow/.local/lib/python3.12/site-packages/airflow/example_dags/tutorial.py for tasks to queue
[2024-06-16T13:01:35.746+0000] {logging_mixin.py:188} INFO - [2024-06-16T13:01:35.746+0000] {dagbag.py:545} INFO - Filling up the DagBag from /home/airflow/.local/lib/python3.12/site-packages/airflow/example_dags/tutorial.py
[2024-06-16T13:01:35.758+0000] {processor.py:840} INFO - DAG(s) 'tutorial' retrieved from /home/airflow/.local/lib/python3.12/site-packages/airflow/example_dags/tutorial.py
[2024-06-16T13:01:35.799+0000] {logging_mixin.py:188} INFO - [2024-06-16T13:01:35.798+0000] {dag.py:3096} INFO - Sync 1 DAGs
[2024-06-16T13:01:35.840+0000] {logging_mixin.py:188} INFO - [2024-06-16T13:01:35.839+0000] {dag.py:3954} INFO - Setting next_dagrun for tutorial to 2024-06-15 00:00:00+00:00, run_after=2024-06-16 00:00:00+00:00
[2024-06-16T13:01:35.869+0000] {processor.py:183} INFO - Processing /home/airflow/.local/lib/python3.12/site-packages/airflow/example_dags/tutorial.py took 0.139 seconds
[2024-06-16T13:02:06.156+0000] {processor.py:161} INFO - Started process (PID=1896) to work on /home/airflow/.local/lib/python3.12/site-packages/airflow/example_dags/tutorial.py
[2024-06-16T13:02:06.157+0000] {processor.py:830} INFO - Processing file /home/airflow/.local/lib/python3.12/site-packages/airflow/example_dags/tutorial.py for tasks to queue
[2024-06-16T13:02:06.158+0000] {logging_mixin.py:188} INFO - [2024-06-16T13:02:06.158+0000] {dagbag.py:545} INFO - Filling up the DagBag from /home/airflow/.local/lib/python3.12/site-packages/airflow/example_dags/tutorial.py
[2024-06-16T13:02:06.167+0000] {processor.py:840} INFO - DAG(s) 'tutorial' retrieved from /home/airflow/.local/lib/python3.12/site-packages/airflow/example_dags/tutorial.py
[2024-06-16T13:02:06.197+0000] {logging_mixin.py:188} INFO - [2024-06-16T13:02:06.197+0000] {dag.py:3096} INFO - Sync 1 DAGs
[2024-06-16T13:02:06.230+0000] {logging_mixin.py:188} INFO - [2024-06-16T13:02:06.229+0000] {dag.py:3954} INFO - Setting next_dagrun for tutorial to 2024-06-15 00:00:00+00:00, run_after=2024-06-16 00:00:00+00:00
[2024-06-16T13:02:06.256+0000] {processor.py:183} INFO - Processing /home/airflow/.local/lib/python3.12/site-packages/airflow/example_dags/tutorial.py took 0.110 seconds
[2024-06-16T13:02:36.453+0000] {processor.py:161} INFO - Started process (PID=1955) to work on /home/airflow/.local/lib/python3.12/site-packages/airflow/example_dags/tutorial.py
[2024-06-16T13:02:36.454+0000] {processor.py:830} INFO - Processing file /home/airflow/.local/lib/python3.12/site-packages/airflow/example_dags/tutorial.py for tasks to queue
[2024-06-16T13:02:36.456+0000] {logging_mixin.py:188} INFO - [2024-06-16T13:02:36.455+0000] {dagbag.py:545} INFO - Filling up the DagBag from /home/airflow/.local/lib/python3.12/site-packages/airflow/example_dags/tutorial.py
[2024-06-16T13:02:36.465+0000] {processor.py:840} INFO - DAG(s) 'tutorial' retrieved from /home/airflow/.local/lib/python3.12/site-packages/airflow/example_dags/tutorial.py
[2024-06-16T13:02:36.492+0000] {logging_mixin.py:188} INFO - [2024-06-16T13:02:36.492+0000] {dag.py:3096} INFO - Sync 1 DAGs
[2024-06-16T13:02:36.530+0000] {logging_mixin.py:188} INFO - [2024-06-16T13:02:36.529+0000] {dag.py:3954} INFO - Setting next_dagrun for tutorial to 2024-06-15 00:00:00+00:00, run_after=2024-06-16 00:00:00+00:00
[2024-06-16T13:02:36.559+0000] {processor.py:183} INFO - Processing /home/airflow/.local/lib/python3.12/site-packages/airflow/example_dags/tutorial.py took 0.114 seconds
[2024-06-16T13:03:06.784+0000] {processor.py:161} INFO - Started process (PID=2014) to work on /home/airflow/.local/lib/python3.12/site-packages/airflow/example_dags/tutorial.py
[2024-06-16T13:03:06.785+0000] {processor.py:830} INFO - Processing file /home/airflow/.local/lib/python3.12/site-packages/airflow/example_dags/tutorial.py for tasks to queue
[2024-06-16T13:03:06.787+0000] {logging_mixin.py:188} INFO - [2024-06-16T13:03:06.786+0000] {dagbag.py:545} INFO - Filling up the DagBag from /home/airflow/.local/lib/python3.12/site-packages/airflow/example_dags/tutorial.py
[2024-06-16T13:03:06.797+0000] {processor.py:840} INFO - DAG(s) 'tutorial' retrieved from /home/airflow/.local/lib/python3.12/site-packages/airflow/example_dags/tutorial.py
[2024-06-16T13:03:06.832+0000] {logging_mixin.py:188} INFO - [2024-06-16T13:03:06.832+0000] {dag.py:3096} INFO - Sync 1 DAGs
[2024-06-16T13:03:06.880+0000] {logging_mixin.py:188} INFO - [2024-06-16T13:03:06.880+0000] {dag.py:3954} INFO - Setting next_dagrun for tutorial to 2024-06-15 00:00:00+00:00, run_after=2024-06-16 00:00:00+00:00
[2024-06-16T13:03:06.915+0000] {processor.py:183} INFO - Processing /home/airflow/.local/lib/python3.12/site-packages/airflow/example_dags/tutorial.py took 0.141 seconds
[2024-06-16T13:03:37.385+0000] {processor.py:161} INFO - Started process (PID=2073) to work on /home/airflow/.local/lib/python3.12/site-packages/airflow/example_dags/tutorial.py
[2024-06-16T13:03:37.386+0000] {processor.py:830} INFO - Processing file /home/airflow/.local/lib/python3.12/site-packages/airflow/example_dags/tutorial.py for tasks to queue
[2024-06-16T13:03:37.387+0000] {logging_mixin.py:188} INFO - [2024-06-16T13:03:37.387+0000] {dagbag.py:545} INFO - Filling up the DagBag from /home/airflow/.local/lib/python3.12/site-packages/airflow/example_dags/tutorial.py
[2024-06-16T13:03:37.396+0000] {processor.py:840} INFO - DAG(s) 'tutorial' retrieved from /home/airflow/.local/lib/python3.12/site-packages/airflow/example_dags/tutorial.py
[2024-06-16T13:03:37.424+0000] {logging_mixin.py:188} INFO - [2024-06-16T13:03:37.423+0000] {dag.py:3096} INFO - Sync 1 DAGs
[2024-06-16T13:03:37.459+0000] {logging_mixin.py:188} INFO - [2024-06-16T13:03:37.459+0000] {dag.py:3954} INFO - Setting next_dagrun for tutorial to 2024-06-15 00:00:00+00:00, run_after=2024-06-16 00:00:00+00:00
[2024-06-16T13:03:37.488+0000] {processor.py:183} INFO - Processing /home/airflow/.local/lib/python3.12/site-packages/airflow/example_dags/tutorial.py took 0.112 seconds
[2024-06-16T13:04:08.424+0000] {processor.py:161} INFO - Started process (PID=2135) to work on /home/airflow/.local/lib/python3.12/site-packages/airflow/example_dags/tutorial.py
[2024-06-16T13:04:08.425+0000] {processor.py:830} INFO - Processing file /home/airflow/.local/lib/python3.12/site-packages/airflow/example_dags/tutorial.py for tasks to queue
[2024-06-16T13:04:08.425+0000] {logging_mixin.py:188} INFO - [2024-06-16T13:04:08.425+0000] {dagbag.py:545} INFO - Filling up the DagBag from /home/airflow/.local/lib/python3.12/site-packages/airflow/example_dags/tutorial.py
[2024-06-16T13:04:08.434+0000] {processor.py:840} INFO - DAG(s) 'tutorial' retrieved from /home/airflow/.local/lib/python3.12/site-packages/airflow/example_dags/tutorial.py
[2024-06-16T13:04:08.462+0000] {logging_mixin.py:188} INFO - [2024-06-16T13:04:08.462+0000] {dag.py:3096} INFO - Sync 1 DAGs
[2024-06-16T13:04:08.493+0000] {logging_mixin.py:188} INFO - [2024-06-16T13:04:08.493+0000] {dag.py:3954} INFO - Setting next_dagrun for tutorial to 2024-06-15 00:00:00+00:00, run_after=2024-06-16 00:00:00+00:00
[2024-06-16T13:04:08.516+0000] {processor.py:183} INFO - Processing /home/airflow/.local/lib/python3.12/site-packages/airflow/example_dags/tutorial.py took 0.099 seconds
[2024-06-16T13:04:39.275+0000] {processor.py:161} INFO - Started process (PID=2194) to work on /home/airflow/.local/lib/python3.12/site-packages/airflow/example_dags/tutorial.py
[2024-06-16T13:04:39.276+0000] {processor.py:830} INFO - Processing file /home/airflow/.local/lib/python3.12/site-packages/airflow/example_dags/tutorial.py for tasks to queue
[2024-06-16T13:04:39.277+0000] {logging_mixin.py:188} INFO - [2024-06-16T13:04:39.277+0000] {dagbag.py:545} INFO - Filling up the DagBag from /home/airflow/.local/lib/python3.12/site-packages/airflow/example_dags/tutorial.py
[2024-06-16T13:04:39.288+0000] {processor.py:840} INFO - DAG(s) 'tutorial' retrieved from /home/airflow/.local/lib/python3.12/site-packages/airflow/example_dags/tutorial.py
[2024-06-16T13:04:39.320+0000] {logging_mixin.py:188} INFO - [2024-06-16T13:04:39.319+0000] {dag.py:3096} INFO - Sync 1 DAGs
[2024-06-16T13:04:39.356+0000] {logging_mixin.py:188} INFO - [2024-06-16T13:04:39.356+0000] {dag.py:3954} INFO - Setting next_dagrun for tutorial to 2024-06-15 00:00:00+00:00, run_after=2024-06-16 00:00:00+00:00
[2024-06-16T13:04:39.382+0000] {processor.py:183} INFO - Processing /home/airflow/.local/lib/python3.12/site-packages/airflow/example_dags/tutorial.py took 0.115 seconds
[2024-06-16T13:05:09.764+0000] {processor.py:161} INFO - Started process (PID=2254) to work on /home/airflow/.local/lib/python3.12/site-packages/airflow/example_dags/tutorial.py
[2024-06-16T13:05:09.765+0000] {processor.py:830} INFO - Processing file /home/airflow/.local/lib/python3.12/site-packages/airflow/example_dags/tutorial.py for tasks to queue
[2024-06-16T13:05:09.767+0000] {logging_mixin.py:188} INFO - [2024-06-16T13:05:09.767+0000] {dagbag.py:545} INFO - Filling up the DagBag from /home/airflow/.local/lib/python3.12/site-packages/airflow/example_dags/tutorial.py
[2024-06-16T13:05:09.776+0000] {processor.py:840} INFO - DAG(s) 'tutorial' retrieved from /home/airflow/.local/lib/python3.12/site-packages/airflow/example_dags/tutorial.py
[2024-06-16T13:05:09.803+0000] {logging_mixin.py:188} INFO - [2024-06-16T13:05:09.802+0000] {dag.py:3096} INFO - Sync 1 DAGs
[2024-06-16T13:05:09.836+0000] {logging_mixin.py:188} INFO - [2024-06-16T13:05:09.835+0000] {dag.py:3954} INFO - Setting next_dagrun for tutorial to 2024-06-15 00:00:00+00:00, run_after=2024-06-16 00:00:00+00:00
[2024-06-16T13:05:09.867+0000] {processor.py:183} INFO - Processing /home/airflow/.local/lib/python3.12/site-packages/airflow/example_dags/tutorial.py took 0.111 seconds
[2024-06-16T13:05:41.356+0000] {processor.py:161} INFO - Started process (PID=2313) to work on /home/airflow/.local/lib/python3.12/site-packages/airflow/example_dags/tutorial.py
[2024-06-16T13:05:41.358+0000] {processor.py:830} INFO - Processing file /home/airflow/.local/lib/python3.12/site-packages/airflow/example_dags/tutorial.py for tasks to queue
[2024-06-16T13:05:41.361+0000] {logging_mixin.py:188} INFO - [2024-06-16T13:05:41.360+0000] {dagbag.py:545} INFO - Filling up the DagBag from /home/airflow/.local/lib/python3.12/site-packages/airflow/example_dags/tutorial.py
[2024-06-16T13:05:41.375+0000] {processor.py:840} INFO - DAG(s) 'tutorial' retrieved from /home/airflow/.local/lib/python3.12/site-packages/airflow/example_dags/tutorial.py
[2024-06-16T13:05:41.411+0000] {logging_mixin.py:188} INFO - [2024-06-16T13:05:41.410+0000] {dag.py:3096} INFO - Sync 1 DAGs
[2024-06-16T13:05:41.709+0000] {logging_mixin.py:188} INFO - [2024-06-16T13:05:41.709+0000] {dag.py:3954} INFO - Setting next_dagrun for tutorial to 2024-06-15 00:00:00+00:00, run_after=2024-06-16 00:00:00+00:00
[2024-06-16T13:05:41.746+0000] {processor.py:183} INFO - Processing /home/airflow/.local/lib/python3.12/site-packages/airflow/example_dags/tutorial.py took 0.399 seconds
[2024-06-16T13:06:11.878+0000] {processor.py:161} INFO - Started process (PID=2372) to work on /home/airflow/.local/lib/python3.12/site-packages/airflow/example_dags/tutorial.py
[2024-06-16T13:06:11.879+0000] {processor.py:830} INFO - Processing file /home/airflow/.local/lib/python3.12/site-packages/airflow/example_dags/tutorial.py for tasks to queue
[2024-06-16T13:06:11.881+0000] {logging_mixin.py:188} INFO - [2024-06-16T13:06:11.881+0000] {dagbag.py:545} INFO - Filling up the DagBag from /home/airflow/.local/lib/python3.12/site-packages/airflow/example_dags/tutorial.py
[2024-06-16T13:06:11.893+0000] {processor.py:840} INFO - DAG(s) 'tutorial' retrieved from /home/airflow/.local/lib/python3.12/site-packages/airflow/example_dags/tutorial.py
[2024-06-16T13:06:11.935+0000] {logging_mixin.py:188} INFO - [2024-06-16T13:06:11.934+0000] {dag.py:3096} INFO - Sync 1 DAGs
[2024-06-16T13:06:11.965+0000] {logging_mixin.py:188} INFO - [2024-06-16T13:06:11.965+0000] {dag.py:3954} INFO - Setting next_dagrun for tutorial to 2024-06-15 00:00:00+00:00, run_after=2024-06-16 00:00:00+00:00
[2024-06-16T13:06:11.989+0000] {processor.py:183} INFO - Processing /home/airflow/.local/lib/python3.12/site-packages/airflow/example_dags/tutorial.py took 0.130 seconds
