[2024-06-16T12:21:03.788+0000] {processor.py:161} INFO - Started process (PID=64) to work on /home/airflow/.local/lib/python3.12/site-packages/airflow/example_dags/tutorial_dag.py
[2024-06-16T12:21:03.797+0000] {processor.py:830} INFO - Processing file /home/airflow/.local/lib/python3.12/site-packages/airflow/example_dags/tutorial_dag.py for tasks to queue
[2024-06-16T12:21:03.816+0000] {logging_mixin.py:188} INFO - [2024-06-16T12:21:03.813+0000] {dagbag.py:545} INFO - Filling up the DagBag from /home/airflow/.local/lib/python3.12/site-packages/airflow/example_dags/tutorial_dag.py
[2024-06-16T12:21:03.893+0000] {processor.py:840} INFO - DAG(s) 'tutorial_dag' retrieved from /home/airflow/.local/lib/python3.12/site-packages/airflow/example_dags/tutorial_dag.py
[2024-06-16T12:21:05.803+0000] {logging_mixin.py:188} INFO - [2024-06-16T12:21:05.787+0000] {override.py:1829} INFO - Created Permission View: can edit on DAG:tutorial_dag
[2024-06-16T12:21:06.147+0000] {logging_mixin.py:188} INFO - [2024-06-16T12:21:06.146+0000] {override.py:1829} INFO - Created Permission View: can delete on DAG:tutorial_dag
[2024-06-16T12:21:06.209+0000] {logging_mixin.py:188} INFO - [2024-06-16T12:21:06.208+0000] {override.py:1829} INFO - Created Permission View: can read on DAG:tutorial_dag
[2024-06-16T12:21:06.210+0000] {logging_mixin.py:188} INFO - [2024-06-16T12:21:06.209+0000] {dag.py:3096} INFO - Sync 1 DAGs
[2024-06-16T12:21:06.304+0000] {logging_mixin.py:188} INFO - [2024-06-16T12:21:06.304+0000] {dag.py:3118} INFO - Creating ORM DAG for tutorial_dag
[2024-06-16T12:21:06.307+0000] {logging_mixin.py:188} INFO - [2024-06-16T12:21:06.306+0000] {dag.py:3954} INFO - Setting next_dagrun for tutorial_dag to None, run_after=None
[2024-06-16T12:21:06.457+0000] {processor.py:183} INFO - Processing /home/airflow/.local/lib/python3.12/site-packages/airflow/example_dags/tutorial_dag.py took 2.719 seconds
[2024-06-16T12:21:36.797+0000] {processor.py:161} INFO - Started process (PID=123) to work on /home/airflow/.local/lib/python3.12/site-packages/airflow/example_dags/tutorial_dag.py
[2024-06-16T12:21:36.809+0000] {processor.py:830} INFO - Processing file /home/airflow/.local/lib/python3.12/site-packages/airflow/example_dags/tutorial_dag.py for tasks to queue
[2024-06-16T12:21:36.818+0000] {logging_mixin.py:188} INFO - [2024-06-16T12:21:36.817+0000] {dagbag.py:545} INFO - Filling up the DagBag from /home/airflow/.local/lib/python3.12/site-packages/airflow/example_dags/tutorial_dag.py
[2024-06-16T12:21:36.842+0000] {processor.py:840} INFO - DAG(s) 'tutorial_dag' retrieved from /home/airflow/.local/lib/python3.12/site-packages/airflow/example_dags/tutorial_dag.py
[2024-06-16T12:21:36.905+0000] {logging_mixin.py:188} INFO - [2024-06-16T12:21:36.904+0000] {dag.py:3096} INFO - Sync 1 DAGs
[2024-06-16T12:21:36.938+0000] {logging_mixin.py:188} INFO - [2024-06-16T12:21:36.936+0000] {dag.py:3954} INFO - Setting next_dagrun for tutorial_dag to None, run_after=None
[2024-06-16T12:21:37.013+0000] {processor.py:183} INFO - Processing /home/airflow/.local/lib/python3.12/site-packages/airflow/example_dags/tutorial_dag.py took 0.235 seconds
[2024-06-16T12:22:07.773+0000] {processor.py:161} INFO - Started process (PID=181) to work on /home/airflow/.local/lib/python3.12/site-packages/airflow/example_dags/tutorial_dag.py
[2024-06-16T12:22:07.776+0000] {processor.py:830} INFO - Processing file /home/airflow/.local/lib/python3.12/site-packages/airflow/example_dags/tutorial_dag.py for tasks to queue
[2024-06-16T12:22:07.800+0000] {logging_mixin.py:188} INFO - [2024-06-16T12:22:07.799+0000] {dagbag.py:545} INFO - Filling up the DagBag from /home/airflow/.local/lib/python3.12/site-packages/airflow/example_dags/tutorial_dag.py
[2024-06-16T12:22:07.817+0000] {processor.py:840} INFO - DAG(s) 'tutorial_dag' retrieved from /home/airflow/.local/lib/python3.12/site-packages/airflow/example_dags/tutorial_dag.py
[2024-06-16T12:22:07.871+0000] {logging_mixin.py:188} INFO - [2024-06-16T12:22:07.870+0000] {dag.py:3096} INFO - Sync 1 DAGs
[2024-06-16T12:22:07.930+0000] {logging_mixin.py:188} INFO - [2024-06-16T12:22:07.929+0000] {dag.py:3954} INFO - Setting next_dagrun for tutorial_dag to None, run_after=None
[2024-06-16T12:22:08.004+0000] {processor.py:183} INFO - Processing /home/airflow/.local/lib/python3.12/site-packages/airflow/example_dags/tutorial_dag.py took 0.256 seconds
[2024-06-16T12:22:38.644+0000] {processor.py:161} INFO - Started process (PID=240) to work on /home/airflow/.local/lib/python3.12/site-packages/airflow/example_dags/tutorial_dag.py
[2024-06-16T12:22:38.646+0000] {processor.py:830} INFO - Processing file /home/airflow/.local/lib/python3.12/site-packages/airflow/example_dags/tutorial_dag.py for tasks to queue
[2024-06-16T12:22:38.649+0000] {logging_mixin.py:188} INFO - [2024-06-16T12:22:38.648+0000] {dagbag.py:545} INFO - Filling up the DagBag from /home/airflow/.local/lib/python3.12/site-packages/airflow/example_dags/tutorial_dag.py
[2024-06-16T12:22:38.658+0000] {processor.py:840} INFO - DAG(s) 'tutorial_dag' retrieved from /home/airflow/.local/lib/python3.12/site-packages/airflow/example_dags/tutorial_dag.py
[2024-06-16T12:22:38.699+0000] {logging_mixin.py:188} INFO - [2024-06-16T12:22:38.698+0000] {dag.py:3096} INFO - Sync 1 DAGs
[2024-06-16T12:22:38.725+0000] {logging_mixin.py:188} INFO - [2024-06-16T12:22:38.724+0000] {dag.py:3954} INFO - Setting next_dagrun for tutorial_dag to None, run_after=None
[2024-06-16T12:22:38.766+0000] {processor.py:183} INFO - Processing /home/airflow/.local/lib/python3.12/site-packages/airflow/example_dags/tutorial_dag.py took 0.132 seconds
[2024-06-16T12:23:09.164+0000] {processor.py:161} INFO - Started process (PID=299) to work on /home/airflow/.local/lib/python3.12/site-packages/airflow/example_dags/tutorial_dag.py
[2024-06-16T12:23:09.166+0000] {processor.py:830} INFO - Processing file /home/airflow/.local/lib/python3.12/site-packages/airflow/example_dags/tutorial_dag.py for tasks to queue
[2024-06-16T12:23:09.170+0000] {logging_mixin.py:188} INFO - [2024-06-16T12:23:09.169+0000] {dagbag.py:545} INFO - Filling up the DagBag from /home/airflow/.local/lib/python3.12/site-packages/airflow/example_dags/tutorial_dag.py
[2024-06-16T12:23:09.184+0000] {processor.py:840} INFO - DAG(s) 'tutorial_dag' retrieved from /home/airflow/.local/lib/python3.12/site-packages/airflow/example_dags/tutorial_dag.py
[2024-06-16T12:23:09.346+0000] {logging_mixin.py:188} INFO - [2024-06-16T12:23:09.345+0000] {dag.py:3096} INFO - Sync 1 DAGs
[2024-06-16T12:23:09.416+0000] {logging_mixin.py:188} INFO - [2024-06-16T12:23:09.414+0000] {dag.py:3954} INFO - Setting next_dagrun for tutorial_dag to None, run_after=None
[2024-06-16T12:23:09.491+0000] {processor.py:183} INFO - Processing /home/airflow/.local/lib/python3.12/site-packages/airflow/example_dags/tutorial_dag.py took 0.382 seconds
[2024-06-16T12:23:41.793+0000] {processor.py:161} INFO - Started process (PID=364) to work on /home/airflow/.local/lib/python3.12/site-packages/airflow/example_dags/tutorial_dag.py
[2024-06-16T12:23:41.795+0000] {processor.py:830} INFO - Processing file /home/airflow/.local/lib/python3.12/site-packages/airflow/example_dags/tutorial_dag.py for tasks to queue
[2024-06-16T12:23:41.800+0000] {logging_mixin.py:188} INFO - [2024-06-16T12:23:41.798+0000] {dagbag.py:545} INFO - Filling up the DagBag from /home/airflow/.local/lib/python3.12/site-packages/airflow/example_dags/tutorial_dag.py
[2024-06-16T12:23:41.815+0000] {processor.py:840} INFO - DAG(s) 'tutorial_dag' retrieved from /home/airflow/.local/lib/python3.12/site-packages/airflow/example_dags/tutorial_dag.py
[2024-06-16T12:23:41.901+0000] {logging_mixin.py:188} INFO - [2024-06-16T12:23:41.898+0000] {dag.py:3096} INFO - Sync 1 DAGs
[2024-06-16T12:23:41.960+0000] {logging_mixin.py:188} INFO - [2024-06-16T12:23:41.957+0000] {dag.py:3954} INFO - Setting next_dagrun for tutorial_dag to None, run_after=None
[2024-06-16T12:23:42.076+0000] {processor.py:183} INFO - Processing /home/airflow/.local/lib/python3.12/site-packages/airflow/example_dags/tutorial_dag.py took 0.298 seconds
[2024-06-16T12:24:12.294+0000] {processor.py:161} INFO - Started process (PID=421) to work on /home/airflow/.local/lib/python3.12/site-packages/airflow/example_dags/tutorial_dag.py
[2024-06-16T12:24:12.303+0000] {processor.py:830} INFO - Processing file /home/airflow/.local/lib/python3.12/site-packages/airflow/example_dags/tutorial_dag.py for tasks to queue
[2024-06-16T12:24:12.307+0000] {logging_mixin.py:188} INFO - [2024-06-16T12:24:12.307+0000] {dagbag.py:545} INFO - Filling up the DagBag from /home/airflow/.local/lib/python3.12/site-packages/airflow/example_dags/tutorial_dag.py
[2024-06-16T12:24:12.317+0000] {processor.py:840} INFO - DAG(s) 'tutorial_dag' retrieved from /home/airflow/.local/lib/python3.12/site-packages/airflow/example_dags/tutorial_dag.py
[2024-06-16T12:24:12.377+0000] {logging_mixin.py:188} INFO - [2024-06-16T12:24:12.377+0000] {dag.py:3096} INFO - Sync 1 DAGs
[2024-06-16T12:24:12.415+0000] {logging_mixin.py:188} INFO - [2024-06-16T12:24:12.415+0000] {dag.py:3954} INFO - Setting next_dagrun for tutorial_dag to None, run_after=None
[2024-06-16T12:24:12.497+0000] {processor.py:183} INFO - Processing /home/airflow/.local/lib/python3.12/site-packages/airflow/example_dags/tutorial_dag.py took 0.231 seconds
[2024-06-16T12:24:42.890+0000] {processor.py:161} INFO - Started process (PID=480) to work on /home/airflow/.local/lib/python3.12/site-packages/airflow/example_dags/tutorial_dag.py
[2024-06-16T12:24:42.894+0000] {processor.py:830} INFO - Processing file /home/airflow/.local/lib/python3.12/site-packages/airflow/example_dags/tutorial_dag.py for tasks to queue
[2024-06-16T12:24:42.908+0000] {logging_mixin.py:188} INFO - [2024-06-16T12:24:42.907+0000] {dagbag.py:545} INFO - Filling up the DagBag from /home/airflow/.local/lib/python3.12/site-packages/airflow/example_dags/tutorial_dag.py
[2024-06-16T12:24:42.944+0000] {processor.py:840} INFO - DAG(s) 'tutorial_dag' retrieved from /home/airflow/.local/lib/python3.12/site-packages/airflow/example_dags/tutorial_dag.py
[2024-06-16T12:24:43.008+0000] {logging_mixin.py:188} INFO - [2024-06-16T12:24:43.008+0000] {dag.py:3096} INFO - Sync 1 DAGs
[2024-06-16T12:24:43.050+0000] {logging_mixin.py:188} INFO - [2024-06-16T12:24:43.049+0000] {dag.py:3954} INFO - Setting next_dagrun for tutorial_dag to None, run_after=None
[2024-06-16T12:24:43.113+0000] {processor.py:183} INFO - Processing /home/airflow/.local/lib/python3.12/site-packages/airflow/example_dags/tutorial_dag.py took 0.251 seconds
[2024-06-16T12:45:04.895+0000] {processor.py:161} INFO - Started process (PID=68) to work on /home/airflow/.local/lib/python3.12/site-packages/airflow/example_dags/tutorial_dag.py
[2024-06-16T12:45:04.896+0000] {processor.py:830} INFO - Processing file /home/airflow/.local/lib/python3.12/site-packages/airflow/example_dags/tutorial_dag.py for tasks to queue
[2024-06-16T12:45:04.899+0000] {logging_mixin.py:188} INFO - [2024-06-16T12:45:04.899+0000] {dagbag.py:545} INFO - Filling up the DagBag from /home/airflow/.local/lib/python3.12/site-packages/airflow/example_dags/tutorial_dag.py
[2024-06-16T12:45:04.919+0000] {processor.py:840} INFO - DAG(s) 'tutorial_dag' retrieved from /home/airflow/.local/lib/python3.12/site-packages/airflow/example_dags/tutorial_dag.py
[2024-06-16T12:45:05.331+0000] {logging_mixin.py:188} INFO - [2024-06-16T12:45:05.330+0000] {override.py:1829} INFO - Created Permission View: can read on DAG:tutorial_dag
[2024-06-16T12:45:05.361+0000] {logging_mixin.py:188} INFO - [2024-06-16T12:45:05.359+0000] {override.py:1829} INFO - Created Permission View: can delete on DAG:tutorial_dag
[2024-06-16T12:45:05.396+0000] {logging_mixin.py:188} INFO - [2024-06-16T12:45:05.384+0000] {override.py:1829} INFO - Created Permission View: can edit on DAG:tutorial_dag
[2024-06-16T12:45:05.398+0000] {logging_mixin.py:188} INFO - [2024-06-16T12:45:05.398+0000] {dag.py:3096} INFO - Sync 1 DAGs
[2024-06-16T12:45:05.431+0000] {logging_mixin.py:188} INFO - [2024-06-16T12:45:05.430+0000] {dag.py:3118} INFO - Creating ORM DAG for tutorial_dag
[2024-06-16T12:45:05.432+0000] {logging_mixin.py:188} INFO - [2024-06-16T12:45:05.432+0000] {dag.py:3954} INFO - Setting next_dagrun for tutorial_dag to None, run_after=None
[2024-06-16T12:45:05.487+0000] {processor.py:183} INFO - Processing /home/airflow/.local/lib/python3.12/site-packages/airflow/example_dags/tutorial_dag.py took 0.612 seconds
[2024-06-16T12:45:35.670+0000] {processor.py:161} INFO - Started process (PID=127) to work on /home/airflow/.local/lib/python3.12/site-packages/airflow/example_dags/tutorial_dag.py
[2024-06-16T12:45:35.671+0000] {processor.py:830} INFO - Processing file /home/airflow/.local/lib/python3.12/site-packages/airflow/example_dags/tutorial_dag.py for tasks to queue
[2024-06-16T12:45:35.673+0000] {logging_mixin.py:188} INFO - [2024-06-16T12:45:35.673+0000] {dagbag.py:545} INFO - Filling up the DagBag from /home/airflow/.local/lib/python3.12/site-packages/airflow/example_dags/tutorial_dag.py
[2024-06-16T12:45:35.680+0000] {processor.py:840} INFO - DAG(s) 'tutorial_dag' retrieved from /home/airflow/.local/lib/python3.12/site-packages/airflow/example_dags/tutorial_dag.py
[2024-06-16T12:45:35.708+0000] {logging_mixin.py:188} INFO - [2024-06-16T12:45:35.708+0000] {dag.py:3096} INFO - Sync 1 DAGs
[2024-06-16T12:45:35.724+0000] {logging_mixin.py:188} INFO - [2024-06-16T12:45:35.724+0000] {dag.py:3954} INFO - Setting next_dagrun for tutorial_dag to None, run_after=None
[2024-06-16T12:45:35.749+0000] {processor.py:183} INFO - Processing /home/airflow/.local/lib/python3.12/site-packages/airflow/example_dags/tutorial_dag.py took 0.086 seconds
[2024-06-16T12:46:06.058+0000] {processor.py:161} INFO - Started process (PID=186) to work on /home/airflow/.local/lib/python3.12/site-packages/airflow/example_dags/tutorial_dag.py
[2024-06-16T12:46:06.059+0000] {processor.py:830} INFO - Processing file /home/airflow/.local/lib/python3.12/site-packages/airflow/example_dags/tutorial_dag.py for tasks to queue
[2024-06-16T12:46:06.061+0000] {logging_mixin.py:188} INFO - [2024-06-16T12:46:06.060+0000] {dagbag.py:545} INFO - Filling up the DagBag from /home/airflow/.local/lib/python3.12/site-packages/airflow/example_dags/tutorial_dag.py
[2024-06-16T12:46:06.067+0000] {processor.py:840} INFO - DAG(s) 'tutorial_dag' retrieved from /home/airflow/.local/lib/python3.12/site-packages/airflow/example_dags/tutorial_dag.py
[2024-06-16T12:46:06.091+0000] {logging_mixin.py:188} INFO - [2024-06-16T12:46:06.091+0000] {dag.py:3096} INFO - Sync 1 DAGs
[2024-06-16T12:46:06.107+0000] {logging_mixin.py:188} INFO - [2024-06-16T12:46:06.107+0000] {dag.py:3954} INFO - Setting next_dagrun for tutorial_dag to None, run_after=None
[2024-06-16T12:46:06.130+0000] {processor.py:183} INFO - Processing /home/airflow/.local/lib/python3.12/site-packages/airflow/example_dags/tutorial_dag.py took 0.079 seconds
[2024-06-16T12:46:37.305+0000] {processor.py:161} INFO - Started process (PID=245) to work on /home/airflow/.local/lib/python3.12/site-packages/airflow/example_dags/tutorial_dag.py
[2024-06-16T12:46:37.316+0000] {processor.py:830} INFO - Processing file /home/airflow/.local/lib/python3.12/site-packages/airflow/example_dags/tutorial_dag.py for tasks to queue
[2024-06-16T12:46:37.320+0000] {logging_mixin.py:188} INFO - [2024-06-16T12:46:37.318+0000] {dagbag.py:545} INFO - Filling up the DagBag from /home/airflow/.local/lib/python3.12/site-packages/airflow/example_dags/tutorial_dag.py
[2024-06-16T12:46:37.344+0000] {processor.py:840} INFO - DAG(s) 'tutorial_dag' retrieved from /home/airflow/.local/lib/python3.12/site-packages/airflow/example_dags/tutorial_dag.py
[2024-06-16T12:46:37.555+0000] {logging_mixin.py:188} INFO - [2024-06-16T12:46:37.551+0000] {dag.py:3096} INFO - Sync 1 DAGs
[2024-06-16T12:46:37.657+0000] {logging_mixin.py:188} INFO - [2024-06-16T12:46:37.656+0000] {dag.py:3954} INFO - Setting next_dagrun for tutorial_dag to None, run_after=None
[2024-06-16T12:46:38.217+0000] {processor.py:183} INFO - Processing /home/airflow/.local/lib/python3.12/site-packages/airflow/example_dags/tutorial_dag.py took 0.937 seconds
[2024-06-16T12:47:31.995+0000] {processor.py:161} INFO - Started process (PID=304) to work on /home/airflow/.local/lib/python3.12/site-packages/airflow/example_dags/tutorial_dag.py
[2024-06-16T12:47:31.997+0000] {processor.py:830} INFO - Processing file /home/airflow/.local/lib/python3.12/site-packages/airflow/example_dags/tutorial_dag.py for tasks to queue
[2024-06-16T12:47:31.999+0000] {logging_mixin.py:188} INFO - [2024-06-16T12:47:31.999+0000] {dagbag.py:545} INFO - Filling up the DagBag from /home/airflow/.local/lib/python3.12/site-packages/airflow/example_dags/tutorial_dag.py
[2024-06-16T12:47:32.025+0000] {processor.py:840} INFO - DAG(s) 'tutorial_dag' retrieved from /home/airflow/.local/lib/python3.12/site-packages/airflow/example_dags/tutorial_dag.py
[2024-06-16T12:47:32.092+0000] {logging_mixin.py:188} INFO - [2024-06-16T12:47:32.091+0000] {dag.py:3096} INFO - Sync 1 DAGs
[2024-06-16T12:47:32.143+0000] {logging_mixin.py:188} INFO - [2024-06-16T12:47:32.142+0000] {dag.py:3954} INFO - Setting next_dagrun for tutorial_dag to None, run_after=None
[2024-06-16T12:47:32.319+0000] {processor.py:183} INFO - Processing /home/airflow/.local/lib/python3.12/site-packages/airflow/example_dags/tutorial_dag.py took 0.345 seconds
[2024-06-16T12:48:03.307+0000] {processor.py:161} INFO - Started process (PID=363) to work on /home/airflow/.local/lib/python3.12/site-packages/airflow/example_dags/tutorial_dag.py
[2024-06-16T12:48:03.313+0000] {processor.py:830} INFO - Processing file /home/airflow/.local/lib/python3.12/site-packages/airflow/example_dags/tutorial_dag.py for tasks to queue
[2024-06-16T12:48:03.319+0000] {logging_mixin.py:188} INFO - [2024-06-16T12:48:03.318+0000] {dagbag.py:545} INFO - Filling up the DagBag from /home/airflow/.local/lib/python3.12/site-packages/airflow/example_dags/tutorial_dag.py
[2024-06-16T12:48:03.341+0000] {processor.py:840} INFO - DAG(s) 'tutorial_dag' retrieved from /home/airflow/.local/lib/python3.12/site-packages/airflow/example_dags/tutorial_dag.py
[2024-06-16T12:48:03.381+0000] {logging_mixin.py:188} INFO - [2024-06-16T12:48:03.380+0000] {dag.py:3096} INFO - Sync 1 DAGs
[2024-06-16T12:48:03.416+0000] {logging_mixin.py:188} INFO - [2024-06-16T12:48:03.416+0000] {dag.py:3954} INFO - Setting next_dagrun for tutorial_dag to None, run_after=None
[2024-06-16T12:48:03.465+0000] {processor.py:183} INFO - Processing /home/airflow/.local/lib/python3.12/site-packages/airflow/example_dags/tutorial_dag.py took 0.176 seconds
[2024-06-16T12:48:37.980+0000] {processor.py:161} INFO - Started process (PID=422) to work on /home/airflow/.local/lib/python3.12/site-packages/airflow/example_dags/tutorial_dag.py
[2024-06-16T12:48:37.995+0000] {processor.py:830} INFO - Processing file /home/airflow/.local/lib/python3.12/site-packages/airflow/example_dags/tutorial_dag.py for tasks to queue
[2024-06-16T12:48:37.999+0000] {logging_mixin.py:188} INFO - [2024-06-16T12:48:37.998+0000] {dagbag.py:545} INFO - Filling up the DagBag from /home/airflow/.local/lib/python3.12/site-packages/airflow/example_dags/tutorial_dag.py
[2024-06-16T12:48:38.083+0000] {processor.py:840} INFO - DAG(s) 'tutorial_dag' retrieved from /home/airflow/.local/lib/python3.12/site-packages/airflow/example_dags/tutorial_dag.py
[2024-06-16T12:48:38.279+0000] {logging_mixin.py:188} INFO - [2024-06-16T12:48:38.279+0000] {dag.py:3096} INFO - Sync 1 DAGs
[2024-06-16T12:48:38.314+0000] {logging_mixin.py:188} INFO - [2024-06-16T12:48:38.313+0000] {dag.py:3954} INFO - Setting next_dagrun for tutorial_dag to None, run_after=None
[2024-06-16T12:48:38.396+0000] {processor.py:183} INFO - Processing /home/airflow/.local/lib/python3.12/site-packages/airflow/example_dags/tutorial_dag.py took 0.516 seconds
[2024-06-16T12:49:14.449+0000] {processor.py:161} INFO - Started process (PID=481) to work on /home/airflow/.local/lib/python3.12/site-packages/airflow/example_dags/tutorial_dag.py
[2024-06-16T12:49:14.451+0000] {processor.py:830} INFO - Processing file /home/airflow/.local/lib/python3.12/site-packages/airflow/example_dags/tutorial_dag.py for tasks to queue
[2024-06-16T12:49:14.454+0000] {logging_mixin.py:188} INFO - [2024-06-16T12:49:14.453+0000] {dagbag.py:545} INFO - Filling up the DagBag from /home/airflow/.local/lib/python3.12/site-packages/airflow/example_dags/tutorial_dag.py
[2024-06-16T12:49:14.465+0000] {processor.py:840} INFO - DAG(s) 'tutorial_dag' retrieved from /home/airflow/.local/lib/python3.12/site-packages/airflow/example_dags/tutorial_dag.py
[2024-06-16T12:49:14.507+0000] {logging_mixin.py:188} INFO - [2024-06-16T12:49:14.506+0000] {dag.py:3096} INFO - Sync 1 DAGs
[2024-06-16T12:49:14.556+0000] {logging_mixin.py:188} INFO - [2024-06-16T12:49:14.553+0000] {dag.py:3954} INFO - Setting next_dagrun for tutorial_dag to None, run_after=None
[2024-06-16T12:49:14.825+0000] {processor.py:183} INFO - Processing /home/airflow/.local/lib/python3.12/site-packages/airflow/example_dags/tutorial_dag.py took 0.389 seconds
[2024-06-16T12:50:04.244+0000] {processor.py:161} INFO - Started process (PID=540) to work on /home/airflow/.local/lib/python3.12/site-packages/airflow/example_dags/tutorial_dag.py
[2024-06-16T12:50:04.245+0000] {processor.py:830} INFO - Processing file /home/airflow/.local/lib/python3.12/site-packages/airflow/example_dags/tutorial_dag.py for tasks to queue
[2024-06-16T12:50:04.247+0000] {logging_mixin.py:188} INFO - [2024-06-16T12:50:04.247+0000] {dagbag.py:545} INFO - Filling up the DagBag from /home/airflow/.local/lib/python3.12/site-packages/airflow/example_dags/tutorial_dag.py
[2024-06-16T12:50:04.256+0000] {processor.py:840} INFO - DAG(s) 'tutorial_dag' retrieved from /home/airflow/.local/lib/python3.12/site-packages/airflow/example_dags/tutorial_dag.py
[2024-06-16T12:50:04.310+0000] {logging_mixin.py:188} INFO - [2024-06-16T12:50:04.310+0000] {dag.py:3096} INFO - Sync 1 DAGs
[2024-06-16T12:50:04.333+0000] {logging_mixin.py:188} INFO - [2024-06-16T12:50:04.333+0000] {dag.py:3954} INFO - Setting next_dagrun for tutorial_dag to None, run_after=None
[2024-06-16T12:50:04.366+0000] {processor.py:183} INFO - Processing /home/airflow/.local/lib/python3.12/site-packages/airflow/example_dags/tutorial_dag.py took 0.133 seconds
[2024-06-16T12:50:52.326+0000] {processor.py:161} INFO - Started process (PID=585) to work on /home/airflow/.local/lib/python3.12/site-packages/airflow/example_dags/tutorial_dag.py
[2024-06-16T12:50:52.328+0000] {processor.py:830} INFO - Processing file /home/airflow/.local/lib/python3.12/site-packages/airflow/example_dags/tutorial_dag.py for tasks to queue
[2024-06-16T12:50:52.331+0000] {logging_mixin.py:188} INFO - [2024-06-16T12:50:52.330+0000] {dagbag.py:545} INFO - Filling up the DagBag from /home/airflow/.local/lib/python3.12/site-packages/airflow/example_dags/tutorial_dag.py
[2024-06-16T12:50:52.341+0000] {processor.py:840} INFO - DAG(s) 'tutorial_dag' retrieved from /home/airflow/.local/lib/python3.12/site-packages/airflow/example_dags/tutorial_dag.py
[2024-06-16T12:50:52.392+0000] {logging_mixin.py:188} INFO - [2024-06-16T12:50:52.391+0000] {dag.py:3096} INFO - Sync 1 DAGs
[2024-06-16T12:50:52.424+0000] {logging_mixin.py:188} INFO - [2024-06-16T12:50:52.424+0000] {dag.py:3954} INFO - Setting next_dagrun for tutorial_dag to None, run_after=None
[2024-06-16T12:50:52.473+0000] {processor.py:183} INFO - Processing /home/airflow/.local/lib/python3.12/site-packages/airflow/example_dags/tutorial_dag.py took 0.158 seconds
[2024-06-16T12:51:24.572+0000] {processor.py:161} INFO - Started process (PID=644) to work on /home/airflow/.local/lib/python3.12/site-packages/airflow/example_dags/tutorial_dag.py
[2024-06-16T12:51:24.573+0000] {processor.py:830} INFO - Processing file /home/airflow/.local/lib/python3.12/site-packages/airflow/example_dags/tutorial_dag.py for tasks to queue
[2024-06-16T12:51:24.576+0000] {logging_mixin.py:188} INFO - [2024-06-16T12:51:24.576+0000] {dagbag.py:545} INFO - Filling up the DagBag from /home/airflow/.local/lib/python3.12/site-packages/airflow/example_dags/tutorial_dag.py
[2024-06-16T12:51:24.585+0000] {processor.py:840} INFO - DAG(s) 'tutorial_dag' retrieved from /home/airflow/.local/lib/python3.12/site-packages/airflow/example_dags/tutorial_dag.py
[2024-06-16T12:51:24.627+0000] {logging_mixin.py:188} INFO - [2024-06-16T12:51:24.627+0000] {dag.py:3096} INFO - Sync 1 DAGs
[2024-06-16T12:51:24.669+0000] {logging_mixin.py:188} INFO - [2024-06-16T12:51:24.668+0000] {dag.py:3954} INFO - Setting next_dagrun for tutorial_dag to None, run_after=None
[2024-06-16T12:51:24.710+0000] {processor.py:183} INFO - Processing /home/airflow/.local/lib/python3.12/site-packages/airflow/example_dags/tutorial_dag.py took 0.149 seconds
[2024-06-16T12:51:55.065+0000] {processor.py:161} INFO - Started process (PID=703) to work on /home/airflow/.local/lib/python3.12/site-packages/airflow/example_dags/tutorial_dag.py
[2024-06-16T12:51:55.067+0000] {processor.py:830} INFO - Processing file /home/airflow/.local/lib/python3.12/site-packages/airflow/example_dags/tutorial_dag.py for tasks to queue
[2024-06-16T12:51:55.070+0000] {logging_mixin.py:188} INFO - [2024-06-16T12:51:55.069+0000] {dagbag.py:545} INFO - Filling up the DagBag from /home/airflow/.local/lib/python3.12/site-packages/airflow/example_dags/tutorial_dag.py
[2024-06-16T12:51:55.093+0000] {processor.py:840} INFO - DAG(s) 'tutorial_dag' retrieved from /home/airflow/.local/lib/python3.12/site-packages/airflow/example_dags/tutorial_dag.py
[2024-06-16T12:51:55.138+0000] {logging_mixin.py:188} INFO - [2024-06-16T12:51:55.138+0000] {dag.py:3096} INFO - Sync 1 DAGs
[2024-06-16T12:51:55.162+0000] {logging_mixin.py:188} INFO - [2024-06-16T12:51:55.162+0000] {dag.py:3954} INFO - Setting next_dagrun for tutorial_dag to None, run_after=None
[2024-06-16T12:51:55.200+0000] {processor.py:183} INFO - Processing /home/airflow/.local/lib/python3.12/site-packages/airflow/example_dags/tutorial_dag.py took 0.149 seconds
[2024-06-16T12:52:26.020+0000] {processor.py:161} INFO - Started process (PID=762) to work on /home/airflow/.local/lib/python3.12/site-packages/airflow/example_dags/tutorial_dag.py
[2024-06-16T12:52:26.021+0000] {processor.py:830} INFO - Processing file /home/airflow/.local/lib/python3.12/site-packages/airflow/example_dags/tutorial_dag.py for tasks to queue
[2024-06-16T12:52:26.024+0000] {logging_mixin.py:188} INFO - [2024-06-16T12:52:26.023+0000] {dagbag.py:545} INFO - Filling up the DagBag from /home/airflow/.local/lib/python3.12/site-packages/airflow/example_dags/tutorial_dag.py
[2024-06-16T12:52:26.032+0000] {processor.py:840} INFO - DAG(s) 'tutorial_dag' retrieved from /home/airflow/.local/lib/python3.12/site-packages/airflow/example_dags/tutorial_dag.py
[2024-06-16T12:52:26.068+0000] {logging_mixin.py:188} INFO - [2024-06-16T12:52:26.067+0000] {dag.py:3096} INFO - Sync 1 DAGs
[2024-06-16T12:52:26.092+0000] {logging_mixin.py:188} INFO - [2024-06-16T12:52:26.091+0000] {dag.py:3954} INFO - Setting next_dagrun for tutorial_dag to None, run_after=None
[2024-06-16T12:52:26.126+0000] {processor.py:183} INFO - Processing /home/airflow/.local/lib/python3.12/site-packages/airflow/example_dags/tutorial_dag.py took 0.115 seconds
[2024-06-16T12:52:56.373+0000] {processor.py:161} INFO - Started process (PID=822) to work on /home/airflow/.local/lib/python3.12/site-packages/airflow/example_dags/tutorial_dag.py
[2024-06-16T12:52:56.374+0000] {processor.py:830} INFO - Processing file /home/airflow/.local/lib/python3.12/site-packages/airflow/example_dags/tutorial_dag.py for tasks to queue
[2024-06-16T12:52:56.375+0000] {logging_mixin.py:188} INFO - [2024-06-16T12:52:56.375+0000] {dagbag.py:545} INFO - Filling up the DagBag from /home/airflow/.local/lib/python3.12/site-packages/airflow/example_dags/tutorial_dag.py
[2024-06-16T12:52:56.382+0000] {processor.py:840} INFO - DAG(s) 'tutorial_dag' retrieved from /home/airflow/.local/lib/python3.12/site-packages/airflow/example_dags/tutorial_dag.py
[2024-06-16T12:52:56.413+0000] {logging_mixin.py:188} INFO - [2024-06-16T12:52:56.413+0000] {dag.py:3096} INFO - Sync 1 DAGs
[2024-06-16T12:52:56.445+0000] {logging_mixin.py:188} INFO - [2024-06-16T12:52:56.444+0000] {dag.py:3954} INFO - Setting next_dagrun for tutorial_dag to None, run_after=None
[2024-06-16T12:52:56.505+0000] {processor.py:183} INFO - Processing /home/airflow/.local/lib/python3.12/site-packages/airflow/example_dags/tutorial_dag.py took 0.138 seconds
[2024-06-16T12:53:26.809+0000] {processor.py:161} INFO - Started process (PID=880) to work on /home/airflow/.local/lib/python3.12/site-packages/airflow/example_dags/tutorial_dag.py
[2024-06-16T12:53:26.810+0000] {processor.py:830} INFO - Processing file /home/airflow/.local/lib/python3.12/site-packages/airflow/example_dags/tutorial_dag.py for tasks to queue
[2024-06-16T12:53:26.811+0000] {logging_mixin.py:188} INFO - [2024-06-16T12:53:26.811+0000] {dagbag.py:545} INFO - Filling up the DagBag from /home/airflow/.local/lib/python3.12/site-packages/airflow/example_dags/tutorial_dag.py
[2024-06-16T12:53:26.818+0000] {processor.py:840} INFO - DAG(s) 'tutorial_dag' retrieved from /home/airflow/.local/lib/python3.12/site-packages/airflow/example_dags/tutorial_dag.py
[2024-06-16T12:53:26.851+0000] {logging_mixin.py:188} INFO - [2024-06-16T12:53:26.851+0000] {dag.py:3096} INFO - Sync 1 DAGs
[2024-06-16T12:53:26.885+0000] {logging_mixin.py:188} INFO - [2024-06-16T12:53:26.885+0000] {dag.py:3954} INFO - Setting next_dagrun for tutorial_dag to None, run_after=None
[2024-06-16T12:53:26.922+0000] {processor.py:183} INFO - Processing /home/airflow/.local/lib/python3.12/site-packages/airflow/example_dags/tutorial_dag.py took 0.121 seconds
[2024-06-16T12:53:57.350+0000] {processor.py:161} INFO - Started process (PID=939) to work on /home/airflow/.local/lib/python3.12/site-packages/airflow/example_dags/tutorial_dag.py
[2024-06-16T12:53:57.351+0000] {processor.py:830} INFO - Processing file /home/airflow/.local/lib/python3.12/site-packages/airflow/example_dags/tutorial_dag.py for tasks to queue
[2024-06-16T12:53:57.353+0000] {logging_mixin.py:188} INFO - [2024-06-16T12:53:57.352+0000] {dagbag.py:545} INFO - Filling up the DagBag from /home/airflow/.local/lib/python3.12/site-packages/airflow/example_dags/tutorial_dag.py
[2024-06-16T12:53:57.362+0000] {processor.py:840} INFO - DAG(s) 'tutorial_dag' retrieved from /home/airflow/.local/lib/python3.12/site-packages/airflow/example_dags/tutorial_dag.py
[2024-06-16T12:53:57.403+0000] {logging_mixin.py:188} INFO - [2024-06-16T12:53:57.403+0000] {dag.py:3096} INFO - Sync 1 DAGs
[2024-06-16T12:53:57.431+0000] {logging_mixin.py:188} INFO - [2024-06-16T12:53:57.431+0000] {dag.py:3954} INFO - Setting next_dagrun for tutorial_dag to None, run_after=None
[2024-06-16T12:53:57.465+0000] {processor.py:183} INFO - Processing /home/airflow/.local/lib/python3.12/site-packages/airflow/example_dags/tutorial_dag.py took 0.126 seconds
[2024-06-16T12:54:27.960+0000] {processor.py:161} INFO - Started process (PID=998) to work on /home/airflow/.local/lib/python3.12/site-packages/airflow/example_dags/tutorial_dag.py
[2024-06-16T12:54:27.961+0000] {processor.py:830} INFO - Processing file /home/airflow/.local/lib/python3.12/site-packages/airflow/example_dags/tutorial_dag.py for tasks to queue
[2024-06-16T12:54:27.962+0000] {logging_mixin.py:188} INFO - [2024-06-16T12:54:27.962+0000] {dagbag.py:545} INFO - Filling up the DagBag from /home/airflow/.local/lib/python3.12/site-packages/airflow/example_dags/tutorial_dag.py
[2024-06-16T12:54:27.971+0000] {processor.py:840} INFO - DAG(s) 'tutorial_dag' retrieved from /home/airflow/.local/lib/python3.12/site-packages/airflow/example_dags/tutorial_dag.py
[2024-06-16T12:54:28.008+0000] {logging_mixin.py:188} INFO - [2024-06-16T12:54:28.007+0000] {dag.py:3096} INFO - Sync 1 DAGs
[2024-06-16T12:54:28.037+0000] {logging_mixin.py:188} INFO - [2024-06-16T12:54:28.036+0000] {dag.py:3954} INFO - Setting next_dagrun for tutorial_dag to None, run_after=None
[2024-06-16T12:54:28.081+0000] {processor.py:183} INFO - Processing /home/airflow/.local/lib/python3.12/site-packages/airflow/example_dags/tutorial_dag.py took 0.132 seconds
[2024-06-16T12:54:58.836+0000] {processor.py:161} INFO - Started process (PID=1057) to work on /home/airflow/.local/lib/python3.12/site-packages/airflow/example_dags/tutorial_dag.py
[2024-06-16T12:54:58.837+0000] {processor.py:830} INFO - Processing file /home/airflow/.local/lib/python3.12/site-packages/airflow/example_dags/tutorial_dag.py for tasks to queue
[2024-06-16T12:54:58.839+0000] {logging_mixin.py:188} INFO - [2024-06-16T12:54:58.838+0000] {dagbag.py:545} INFO - Filling up the DagBag from /home/airflow/.local/lib/python3.12/site-packages/airflow/example_dags/tutorial_dag.py
[2024-06-16T12:54:58.847+0000] {processor.py:840} INFO - DAG(s) 'tutorial_dag' retrieved from /home/airflow/.local/lib/python3.12/site-packages/airflow/example_dags/tutorial_dag.py
[2024-06-16T12:54:58.883+0000] {logging_mixin.py:188} INFO - [2024-06-16T12:54:58.882+0000] {dag.py:3096} INFO - Sync 1 DAGs
[2024-06-16T12:54:58.903+0000] {logging_mixin.py:188} INFO - [2024-06-16T12:54:58.903+0000] {dag.py:3954} INFO - Setting next_dagrun for tutorial_dag to None, run_after=None
[2024-06-16T12:54:58.933+0000] {processor.py:183} INFO - Processing /home/airflow/.local/lib/python3.12/site-packages/airflow/example_dags/tutorial_dag.py took 0.108 seconds
[2024-06-16T12:55:29.210+0000] {processor.py:161} INFO - Started process (PID=1116) to work on /home/airflow/.local/lib/python3.12/site-packages/airflow/example_dags/tutorial_dag.py
[2024-06-16T12:55:29.211+0000] {processor.py:830} INFO - Processing file /home/airflow/.local/lib/python3.12/site-packages/airflow/example_dags/tutorial_dag.py for tasks to queue
[2024-06-16T12:55:29.212+0000] {logging_mixin.py:188} INFO - [2024-06-16T12:55:29.212+0000] {dagbag.py:545} INFO - Filling up the DagBag from /home/airflow/.local/lib/python3.12/site-packages/airflow/example_dags/tutorial_dag.py
[2024-06-16T12:55:29.221+0000] {processor.py:840} INFO - DAG(s) 'tutorial_dag' retrieved from /home/airflow/.local/lib/python3.12/site-packages/airflow/example_dags/tutorial_dag.py
[2024-06-16T12:55:29.250+0000] {logging_mixin.py:188} INFO - [2024-06-16T12:55:29.249+0000] {dag.py:3096} INFO - Sync 1 DAGs
[2024-06-16T12:55:29.266+0000] {logging_mixin.py:188} INFO - [2024-06-16T12:55:29.266+0000] {dag.py:3954} INFO - Setting next_dagrun for tutorial_dag to None, run_after=None
[2024-06-16T12:55:29.298+0000] {processor.py:183} INFO - Processing /home/airflow/.local/lib/python3.12/site-packages/airflow/example_dags/tutorial_dag.py took 0.100 seconds
[2024-06-16T12:55:59.878+0000] {processor.py:161} INFO - Started process (PID=1174) to work on /home/airflow/.local/lib/python3.12/site-packages/airflow/example_dags/tutorial_dag.py
[2024-06-16T12:55:59.883+0000] {processor.py:830} INFO - Processing file /home/airflow/.local/lib/python3.12/site-packages/airflow/example_dags/tutorial_dag.py for tasks to queue
[2024-06-16T12:55:59.885+0000] {logging_mixin.py:188} INFO - [2024-06-16T12:55:59.884+0000] {dagbag.py:545} INFO - Filling up the DagBag from /home/airflow/.local/lib/python3.12/site-packages/airflow/example_dags/tutorial_dag.py
[2024-06-16T12:55:59.900+0000] {processor.py:840} INFO - DAG(s) 'tutorial_dag' retrieved from /home/airflow/.local/lib/python3.12/site-packages/airflow/example_dags/tutorial_dag.py
[2024-06-16T12:55:59.955+0000] {logging_mixin.py:188} INFO - [2024-06-16T12:55:59.955+0000] {dag.py:3096} INFO - Sync 1 DAGs
[2024-06-16T12:55:59.984+0000] {logging_mixin.py:188} INFO - [2024-06-16T12:55:59.984+0000] {dag.py:3954} INFO - Setting next_dagrun for tutorial_dag to None, run_after=None
[2024-06-16T12:56:00.039+0000] {processor.py:183} INFO - Processing /home/airflow/.local/lib/python3.12/site-packages/airflow/example_dags/tutorial_dag.py took 0.174 seconds
[2024-06-16T12:56:30.234+0000] {processor.py:161} INFO - Started process (PID=1233) to work on /home/airflow/.local/lib/python3.12/site-packages/airflow/example_dags/tutorial_dag.py
[2024-06-16T12:56:30.240+0000] {processor.py:830} INFO - Processing file /home/airflow/.local/lib/python3.12/site-packages/airflow/example_dags/tutorial_dag.py for tasks to queue
[2024-06-16T12:56:30.241+0000] {logging_mixin.py:188} INFO - [2024-06-16T12:56:30.241+0000] {dagbag.py:545} INFO - Filling up the DagBag from /home/airflow/.local/lib/python3.12/site-packages/airflow/example_dags/tutorial_dag.py
[2024-06-16T12:56:30.249+0000] {processor.py:840} INFO - DAG(s) 'tutorial_dag' retrieved from /home/airflow/.local/lib/python3.12/site-packages/airflow/example_dags/tutorial_dag.py
[2024-06-16T12:56:30.277+0000] {logging_mixin.py:188} INFO - [2024-06-16T12:56:30.276+0000] {dag.py:3096} INFO - Sync 1 DAGs
[2024-06-16T12:56:30.295+0000] {logging_mixin.py:188} INFO - [2024-06-16T12:56:30.294+0000] {dag.py:3954} INFO - Setting next_dagrun for tutorial_dag to None, run_after=None
[2024-06-16T12:56:30.331+0000] {processor.py:183} INFO - Processing /home/airflow/.local/lib/python3.12/site-packages/airflow/example_dags/tutorial_dag.py took 0.107 seconds
[2024-06-16T12:57:00.890+0000] {processor.py:161} INFO - Started process (PID=1292) to work on /home/airflow/.local/lib/python3.12/site-packages/airflow/example_dags/tutorial_dag.py
[2024-06-16T12:57:00.891+0000] {processor.py:830} INFO - Processing file /home/airflow/.local/lib/python3.12/site-packages/airflow/example_dags/tutorial_dag.py for tasks to queue
[2024-06-16T12:57:00.892+0000] {logging_mixin.py:188} INFO - [2024-06-16T12:57:00.892+0000] {dagbag.py:545} INFO - Filling up the DagBag from /home/airflow/.local/lib/python3.12/site-packages/airflow/example_dags/tutorial_dag.py
[2024-06-16T12:57:00.898+0000] {processor.py:840} INFO - DAG(s) 'tutorial_dag' retrieved from /home/airflow/.local/lib/python3.12/site-packages/airflow/example_dags/tutorial_dag.py
[2024-06-16T12:57:00.924+0000] {logging_mixin.py:188} INFO - [2024-06-16T12:57:00.923+0000] {dag.py:3096} INFO - Sync 1 DAGs
[2024-06-16T12:57:00.941+0000] {logging_mixin.py:188} INFO - [2024-06-16T12:57:00.941+0000] {dag.py:3954} INFO - Setting next_dagrun for tutorial_dag to None, run_after=None
[2024-06-16T12:57:00.964+0000] {processor.py:183} INFO - Processing /home/airflow/.local/lib/python3.12/site-packages/airflow/example_dags/tutorial_dag.py took 0.080 seconds
[2024-06-16T12:57:31.219+0000] {processor.py:161} INFO - Started process (PID=1350) to work on /home/airflow/.local/lib/python3.12/site-packages/airflow/example_dags/tutorial_dag.py
[2024-06-16T12:57:31.220+0000] {processor.py:830} INFO - Processing file /home/airflow/.local/lib/python3.12/site-packages/airflow/example_dags/tutorial_dag.py for tasks to queue
[2024-06-16T12:57:31.221+0000] {logging_mixin.py:188} INFO - [2024-06-16T12:57:31.221+0000] {dagbag.py:545} INFO - Filling up the DagBag from /home/airflow/.local/lib/python3.12/site-packages/airflow/example_dags/tutorial_dag.py
[2024-06-16T12:57:31.227+0000] {processor.py:840} INFO - DAG(s) 'tutorial_dag' retrieved from /home/airflow/.local/lib/python3.12/site-packages/airflow/example_dags/tutorial_dag.py
[2024-06-16T12:57:31.258+0000] {logging_mixin.py:188} INFO - [2024-06-16T12:57:31.258+0000] {dag.py:3096} INFO - Sync 1 DAGs
[2024-06-16T12:57:31.272+0000] {logging_mixin.py:188} INFO - [2024-06-16T12:57:31.272+0000] {dag.py:3954} INFO - Setting next_dagrun for tutorial_dag to None, run_after=None
[2024-06-16T12:57:31.294+0000] {processor.py:183} INFO - Processing /home/airflow/.local/lib/python3.12/site-packages/airflow/example_dags/tutorial_dag.py took 0.082 seconds
[2024-06-16T12:58:01.750+0000] {processor.py:161} INFO - Started process (PID=1409) to work on /home/airflow/.local/lib/python3.12/site-packages/airflow/example_dags/tutorial_dag.py
[2024-06-16T12:58:01.751+0000] {processor.py:830} INFO - Processing file /home/airflow/.local/lib/python3.12/site-packages/airflow/example_dags/tutorial_dag.py for tasks to queue
[2024-06-16T12:58:01.752+0000] {logging_mixin.py:188} INFO - [2024-06-16T12:58:01.751+0000] {dagbag.py:545} INFO - Filling up the DagBag from /home/airflow/.local/lib/python3.12/site-packages/airflow/example_dags/tutorial_dag.py
[2024-06-16T12:58:01.760+0000] {processor.py:840} INFO - DAG(s) 'tutorial_dag' retrieved from /home/airflow/.local/lib/python3.12/site-packages/airflow/example_dags/tutorial_dag.py
[2024-06-16T12:58:01.790+0000] {logging_mixin.py:188} INFO - [2024-06-16T12:58:01.790+0000] {dag.py:3096} INFO - Sync 1 DAGs
[2024-06-16T12:58:01.807+0000] {logging_mixin.py:188} INFO - [2024-06-16T12:58:01.807+0000] {dag.py:3954} INFO - Setting next_dagrun for tutorial_dag to None, run_after=None
[2024-06-16T12:58:01.838+0000] {processor.py:183} INFO - Processing /home/airflow/.local/lib/python3.12/site-packages/airflow/example_dags/tutorial_dag.py took 0.096 seconds
[2024-06-16T12:58:32.830+0000] {processor.py:161} INFO - Started process (PID=1465) to work on /home/airflow/.local/lib/python3.12/site-packages/airflow/example_dags/tutorial_dag.py
[2024-06-16T12:58:32.831+0000] {processor.py:830} INFO - Processing file /home/airflow/.local/lib/python3.12/site-packages/airflow/example_dags/tutorial_dag.py for tasks to queue
[2024-06-16T12:58:32.832+0000] {logging_mixin.py:188} INFO - [2024-06-16T12:58:32.832+0000] {dagbag.py:545} INFO - Filling up the DagBag from /home/airflow/.local/lib/python3.12/site-packages/airflow/example_dags/tutorial_dag.py
[2024-06-16T12:58:32.839+0000] {processor.py:840} INFO - DAG(s) 'tutorial_dag' retrieved from /home/airflow/.local/lib/python3.12/site-packages/airflow/example_dags/tutorial_dag.py
[2024-06-16T12:58:32.872+0000] {logging_mixin.py:188} INFO - [2024-06-16T12:58:32.871+0000] {dag.py:3096} INFO - Sync 1 DAGs
[2024-06-16T12:58:32.895+0000] {logging_mixin.py:188} INFO - [2024-06-16T12:58:32.894+0000] {dag.py:3954} INFO - Setting next_dagrun for tutorial_dag to None, run_after=None
[2024-06-16T12:58:32.929+0000] {processor.py:183} INFO - Processing /home/airflow/.local/lib/python3.12/site-packages/airflow/example_dags/tutorial_dag.py took 0.106 seconds
[2024-06-16T12:59:03.210+0000] {processor.py:161} INFO - Started process (PID=1532) to work on /home/airflow/.local/lib/python3.12/site-packages/airflow/example_dags/tutorial_dag.py
[2024-06-16T12:59:03.211+0000] {processor.py:830} INFO - Processing file /home/airflow/.local/lib/python3.12/site-packages/airflow/example_dags/tutorial_dag.py for tasks to queue
[2024-06-16T12:59:03.212+0000] {logging_mixin.py:188} INFO - [2024-06-16T12:59:03.211+0000] {dagbag.py:545} INFO - Filling up the DagBag from /home/airflow/.local/lib/python3.12/site-packages/airflow/example_dags/tutorial_dag.py
[2024-06-16T12:59:03.218+0000] {processor.py:840} INFO - DAG(s) 'tutorial_dag' retrieved from /home/airflow/.local/lib/python3.12/site-packages/airflow/example_dags/tutorial_dag.py
[2024-06-16T12:59:03.248+0000] {logging_mixin.py:188} INFO - [2024-06-16T12:59:03.247+0000] {dag.py:3096} INFO - Sync 1 DAGs
[2024-06-16T12:59:03.267+0000] {logging_mixin.py:188} INFO - [2024-06-16T12:59:03.266+0000] {dag.py:3954} INFO - Setting next_dagrun for tutorial_dag to None, run_after=None
[2024-06-16T12:59:03.295+0000] {processor.py:183} INFO - Processing /home/airflow/.local/lib/python3.12/site-packages/airflow/example_dags/tutorial_dag.py took 0.096 seconds
[2024-06-16T12:59:33.969+0000] {processor.py:161} INFO - Started process (PID=1594) to work on /home/airflow/.local/lib/python3.12/site-packages/airflow/example_dags/tutorial_dag.py
[2024-06-16T12:59:33.970+0000] {processor.py:830} INFO - Processing file /home/airflow/.local/lib/python3.12/site-packages/airflow/example_dags/tutorial_dag.py for tasks to queue
[2024-06-16T12:59:33.972+0000] {logging_mixin.py:188} INFO - [2024-06-16T12:59:33.971+0000] {dagbag.py:545} INFO - Filling up the DagBag from /home/airflow/.local/lib/python3.12/site-packages/airflow/example_dags/tutorial_dag.py
[2024-06-16T12:59:33.979+0000] {processor.py:840} INFO - DAG(s) 'tutorial_dag' retrieved from /home/airflow/.local/lib/python3.12/site-packages/airflow/example_dags/tutorial_dag.py
[2024-06-16T12:59:34.015+0000] {logging_mixin.py:188} INFO - [2024-06-16T12:59:34.014+0000] {dag.py:3096} INFO - Sync 1 DAGs
[2024-06-16T12:59:34.038+0000] {logging_mixin.py:188} INFO - [2024-06-16T12:59:34.038+0000] {dag.py:3954} INFO - Setting next_dagrun for tutorial_dag to None, run_after=None
[2024-06-16T12:59:34.071+0000] {processor.py:183} INFO - Processing /home/airflow/.local/lib/python3.12/site-packages/airflow/example_dags/tutorial_dag.py took 0.112 seconds
[2024-06-16T13:00:04.149+0000] {processor.py:161} INFO - Started process (PID=1654) to work on /home/airflow/.local/lib/python3.12/site-packages/airflow/example_dags/tutorial_dag.py
[2024-06-16T13:00:04.150+0000] {processor.py:830} INFO - Processing file /home/airflow/.local/lib/python3.12/site-packages/airflow/example_dags/tutorial_dag.py for tasks to queue
[2024-06-16T13:00:04.151+0000] {logging_mixin.py:188} INFO - [2024-06-16T13:00:04.151+0000] {dagbag.py:545} INFO - Filling up the DagBag from /home/airflow/.local/lib/python3.12/site-packages/airflow/example_dags/tutorial_dag.py
[2024-06-16T13:00:04.157+0000] {processor.py:840} INFO - DAG(s) 'tutorial_dag' retrieved from /home/airflow/.local/lib/python3.12/site-packages/airflow/example_dags/tutorial_dag.py
[2024-06-16T13:00:04.182+0000] {logging_mixin.py:188} INFO - [2024-06-16T13:00:04.182+0000] {dag.py:3096} INFO - Sync 1 DAGs
[2024-06-16T13:00:04.200+0000] {logging_mixin.py:188} INFO - [2024-06-16T13:00:04.199+0000] {dag.py:3954} INFO - Setting next_dagrun for tutorial_dag to None, run_after=None
[2024-06-16T13:00:04.227+0000] {processor.py:183} INFO - Processing /home/airflow/.local/lib/python3.12/site-packages/airflow/example_dags/tutorial_dag.py took 0.084 seconds
[2024-06-16T13:00:34.264+0000] {processor.py:161} INFO - Started process (PID=1720) to work on /home/airflow/.local/lib/python3.12/site-packages/airflow/example_dags/tutorial_dag.py
[2024-06-16T13:00:34.265+0000] {processor.py:830} INFO - Processing file /home/airflow/.local/lib/python3.12/site-packages/airflow/example_dags/tutorial_dag.py for tasks to queue
[2024-06-16T13:00:34.266+0000] {logging_mixin.py:188} INFO - [2024-06-16T13:00:34.266+0000] {dagbag.py:545} INFO - Filling up the DagBag from /home/airflow/.local/lib/python3.12/site-packages/airflow/example_dags/tutorial_dag.py
[2024-06-16T13:00:34.273+0000] {processor.py:840} INFO - DAG(s) 'tutorial_dag' retrieved from /home/airflow/.local/lib/python3.12/site-packages/airflow/example_dags/tutorial_dag.py
[2024-06-16T13:00:34.298+0000] {logging_mixin.py:188} INFO - [2024-06-16T13:00:34.298+0000] {dag.py:3096} INFO - Sync 1 DAGs
[2024-06-16T13:00:34.315+0000] {logging_mixin.py:188} INFO - [2024-06-16T13:00:34.315+0000] {dag.py:3954} INFO - Setting next_dagrun for tutorial_dag to None, run_after=None
[2024-06-16T13:00:34.345+0000] {processor.py:183} INFO - Processing /home/airflow/.local/lib/python3.12/site-packages/airflow/example_dags/tutorial_dag.py took 0.087 seconds
[2024-06-16T13:01:05.123+0000] {processor.py:161} INFO - Started process (PID=1779) to work on /home/airflow/.local/lib/python3.12/site-packages/airflow/example_dags/tutorial_dag.py
[2024-06-16T13:01:05.125+0000] {processor.py:830} INFO - Processing file /home/airflow/.local/lib/python3.12/site-packages/airflow/example_dags/tutorial_dag.py for tasks to queue
[2024-06-16T13:01:05.127+0000] {logging_mixin.py:188} INFO - [2024-06-16T13:01:05.126+0000] {dagbag.py:545} INFO - Filling up the DagBag from /home/airflow/.local/lib/python3.12/site-packages/airflow/example_dags/tutorial_dag.py
[2024-06-16T13:01:05.139+0000] {processor.py:840} INFO - DAG(s) 'tutorial_dag' retrieved from /home/airflow/.local/lib/python3.12/site-packages/airflow/example_dags/tutorial_dag.py
[2024-06-16T13:01:05.181+0000] {logging_mixin.py:188} INFO - [2024-06-16T13:01:05.181+0000] {dag.py:3096} INFO - Sync 1 DAGs
[2024-06-16T13:01:05.205+0000] {logging_mixin.py:188} INFO - [2024-06-16T13:01:05.204+0000] {dag.py:3954} INFO - Setting next_dagrun for tutorial_dag to None, run_after=None
[2024-06-16T13:01:05.238+0000] {processor.py:183} INFO - Processing /home/airflow/.local/lib/python3.12/site-packages/airflow/example_dags/tutorial_dag.py took 0.131 seconds
[2024-06-16T13:01:35.793+0000] {processor.py:161} INFO - Started process (PID=1838) to work on /home/airflow/.local/lib/python3.12/site-packages/airflow/example_dags/tutorial_dag.py
[2024-06-16T13:01:35.793+0000] {processor.py:830} INFO - Processing file /home/airflow/.local/lib/python3.12/site-packages/airflow/example_dags/tutorial_dag.py for tasks to queue
[2024-06-16T13:01:35.795+0000] {logging_mixin.py:188} INFO - [2024-06-16T13:01:35.794+0000] {dagbag.py:545} INFO - Filling up the DagBag from /home/airflow/.local/lib/python3.12/site-packages/airflow/example_dags/tutorial_dag.py
[2024-06-16T13:01:35.804+0000] {processor.py:840} INFO - DAG(s) 'tutorial_dag' retrieved from /home/airflow/.local/lib/python3.12/site-packages/airflow/example_dags/tutorial_dag.py
[2024-06-16T13:01:35.840+0000] {logging_mixin.py:188} INFO - [2024-06-16T13:01:35.840+0000] {dag.py:3096} INFO - Sync 1 DAGs
[2024-06-16T13:01:35.860+0000] {logging_mixin.py:188} INFO - [2024-06-16T13:01:35.860+0000] {dag.py:3954} INFO - Setting next_dagrun for tutorial_dag to None, run_after=None
[2024-06-16T13:01:35.889+0000] {processor.py:183} INFO - Processing /home/airflow/.local/lib/python3.12/site-packages/airflow/example_dags/tutorial_dag.py took 0.110 seconds
[2024-06-16T13:02:06.209+0000] {processor.py:161} INFO - Started process (PID=1897) to work on /home/airflow/.local/lib/python3.12/site-packages/airflow/example_dags/tutorial_dag.py
[2024-06-16T13:02:06.210+0000] {processor.py:830} INFO - Processing file /home/airflow/.local/lib/python3.12/site-packages/airflow/example_dags/tutorial_dag.py for tasks to queue
[2024-06-16T13:02:06.212+0000] {logging_mixin.py:188} INFO - [2024-06-16T13:02:06.211+0000] {dagbag.py:545} INFO - Filling up the DagBag from /home/airflow/.local/lib/python3.12/site-packages/airflow/example_dags/tutorial_dag.py
[2024-06-16T13:02:06.219+0000] {processor.py:840} INFO - DAG(s) 'tutorial_dag' retrieved from /home/airflow/.local/lib/python3.12/site-packages/airflow/example_dags/tutorial_dag.py
[2024-06-16T13:02:06.245+0000] {logging_mixin.py:188} INFO - [2024-06-16T13:02:06.245+0000] {dag.py:3096} INFO - Sync 1 DAGs
[2024-06-16T13:02:06.266+0000] {logging_mixin.py:188} INFO - [2024-06-16T13:02:06.266+0000] {dag.py:3954} INFO - Setting next_dagrun for tutorial_dag to None, run_after=None
[2024-06-16T13:02:06.291+0000] {processor.py:183} INFO - Processing /home/airflow/.local/lib/python3.12/site-packages/airflow/example_dags/tutorial_dag.py took 0.089 seconds
[2024-06-16T13:02:36.516+0000] {processor.py:161} INFO - Started process (PID=1956) to work on /home/airflow/.local/lib/python3.12/site-packages/airflow/example_dags/tutorial_dag.py
[2024-06-16T13:02:36.517+0000] {processor.py:830} INFO - Processing file /home/airflow/.local/lib/python3.12/site-packages/airflow/example_dags/tutorial_dag.py for tasks to queue
[2024-06-16T13:02:36.518+0000] {logging_mixin.py:188} INFO - [2024-06-16T13:02:36.518+0000] {dagbag.py:545} INFO - Filling up the DagBag from /home/airflow/.local/lib/python3.12/site-packages/airflow/example_dags/tutorial_dag.py
[2024-06-16T13:02:36.526+0000] {processor.py:840} INFO - DAG(s) 'tutorial_dag' retrieved from /home/airflow/.local/lib/python3.12/site-packages/airflow/example_dags/tutorial_dag.py
[2024-06-16T13:02:36.553+0000] {logging_mixin.py:188} INFO - [2024-06-16T13:02:36.553+0000] {dag.py:3096} INFO - Sync 1 DAGs
[2024-06-16T13:02:36.572+0000] {logging_mixin.py:188} INFO - [2024-06-16T13:02:36.572+0000] {dag.py:3954} INFO - Setting next_dagrun for tutorial_dag to None, run_after=None
[2024-06-16T13:02:36.598+0000] {processor.py:183} INFO - Processing /home/airflow/.local/lib/python3.12/site-packages/airflow/example_dags/tutorial_dag.py took 0.091 seconds
[2024-06-16T13:03:06.835+0000] {processor.py:161} INFO - Started process (PID=2015) to work on /home/airflow/.local/lib/python3.12/site-packages/airflow/example_dags/tutorial_dag.py
[2024-06-16T13:03:06.837+0000] {processor.py:830} INFO - Processing file /home/airflow/.local/lib/python3.12/site-packages/airflow/example_dags/tutorial_dag.py for tasks to queue
[2024-06-16T13:03:06.838+0000] {logging_mixin.py:188} INFO - [2024-06-16T13:03:06.837+0000] {dagbag.py:545} INFO - Filling up the DagBag from /home/airflow/.local/lib/python3.12/site-packages/airflow/example_dags/tutorial_dag.py
[2024-06-16T13:03:06.845+0000] {processor.py:840} INFO - DAG(s) 'tutorial_dag' retrieved from /home/airflow/.local/lib/python3.12/site-packages/airflow/example_dags/tutorial_dag.py
[2024-06-16T13:03:06.878+0000] {logging_mixin.py:188} INFO - [2024-06-16T13:03:06.878+0000] {dag.py:3096} INFO - Sync 1 DAGs
[2024-06-16T13:03:06.901+0000] {logging_mixin.py:188} INFO - [2024-06-16T13:03:06.901+0000] {dag.py:3954} INFO - Setting next_dagrun for tutorial_dag to None, run_after=None
[2024-06-16T13:03:06.931+0000] {processor.py:183} INFO - Processing /home/airflow/.local/lib/python3.12/site-packages/airflow/example_dags/tutorial_dag.py took 0.104 seconds
[2024-06-16T13:03:37.434+0000] {processor.py:161} INFO - Started process (PID=2074) to work on /home/airflow/.local/lib/python3.12/site-packages/airflow/example_dags/tutorial_dag.py
[2024-06-16T13:03:37.435+0000] {processor.py:830} INFO - Processing file /home/airflow/.local/lib/python3.12/site-packages/airflow/example_dags/tutorial_dag.py for tasks to queue
[2024-06-16T13:03:37.436+0000] {logging_mixin.py:188} INFO - [2024-06-16T13:03:37.436+0000] {dagbag.py:545} INFO - Filling up the DagBag from /home/airflow/.local/lib/python3.12/site-packages/airflow/example_dags/tutorial_dag.py
[2024-06-16T13:03:37.444+0000] {processor.py:840} INFO - DAG(s) 'tutorial_dag' retrieved from /home/airflow/.local/lib/python3.12/site-packages/airflow/example_dags/tutorial_dag.py
[2024-06-16T13:03:37.476+0000] {logging_mixin.py:188} INFO - [2024-06-16T13:03:37.476+0000] {dag.py:3096} INFO - Sync 1 DAGs
[2024-06-16T13:03:37.495+0000] {logging_mixin.py:188} INFO - [2024-06-16T13:03:37.495+0000] {dag.py:3954} INFO - Setting next_dagrun for tutorial_dag to None, run_after=None
[2024-06-16T13:03:37.520+0000] {processor.py:183} INFO - Processing /home/airflow/.local/lib/python3.12/site-packages/airflow/example_dags/tutorial_dag.py took 0.094 seconds
[2024-06-16T13:04:08.546+0000] {processor.py:161} INFO - Started process (PID=2136) to work on /home/airflow/.local/lib/python3.12/site-packages/airflow/example_dags/tutorial_dag.py
[2024-06-16T13:04:08.547+0000] {processor.py:830} INFO - Processing file /home/airflow/.local/lib/python3.12/site-packages/airflow/example_dags/tutorial_dag.py for tasks to queue
[2024-06-16T13:04:08.548+0000] {logging_mixin.py:188} INFO - [2024-06-16T13:04:08.547+0000] {dagbag.py:545} INFO - Filling up the DagBag from /home/airflow/.local/lib/python3.12/site-packages/airflow/example_dags/tutorial_dag.py
[2024-06-16T13:04:08.553+0000] {processor.py:840} INFO - DAG(s) 'tutorial_dag' retrieved from /home/airflow/.local/lib/python3.12/site-packages/airflow/example_dags/tutorial_dag.py
[2024-06-16T13:04:08.576+0000] {logging_mixin.py:188} INFO - [2024-06-16T13:04:08.575+0000] {dag.py:3096} INFO - Sync 1 DAGs
[2024-06-16T13:04:08.592+0000] {logging_mixin.py:188} INFO - [2024-06-16T13:04:08.591+0000] {dag.py:3954} INFO - Setting next_dagrun for tutorial_dag to None, run_after=None
[2024-06-16T13:04:08.614+0000] {processor.py:183} INFO - Processing /home/airflow/.local/lib/python3.12/site-packages/airflow/example_dags/tutorial_dag.py took 0.075 seconds
[2024-06-16T13:04:39.348+0000] {processor.py:161} INFO - Started process (PID=2195) to work on /home/airflow/.local/lib/python3.12/site-packages/airflow/example_dags/tutorial_dag.py
[2024-06-16T13:04:39.350+0000] {processor.py:830} INFO - Processing file /home/airflow/.local/lib/python3.12/site-packages/airflow/example_dags/tutorial_dag.py for tasks to queue
[2024-06-16T13:04:39.351+0000] {logging_mixin.py:188} INFO - [2024-06-16T13:04:39.350+0000] {dagbag.py:545} INFO - Filling up the DagBag from /home/airflow/.local/lib/python3.12/site-packages/airflow/example_dags/tutorial_dag.py
[2024-06-16T13:04:39.359+0000] {processor.py:840} INFO - DAG(s) 'tutorial_dag' retrieved from /home/airflow/.local/lib/python3.12/site-packages/airflow/example_dags/tutorial_dag.py
[2024-06-16T13:04:39.384+0000] {logging_mixin.py:188} INFO - [2024-06-16T13:04:39.384+0000] {dag.py:3096} INFO - Sync 1 DAGs
[2024-06-16T13:04:39.401+0000] {logging_mixin.py:188} INFO - [2024-06-16T13:04:39.401+0000] {dag.py:3954} INFO - Setting next_dagrun for tutorial_dag to None, run_after=None
[2024-06-16T13:04:39.422+0000] {processor.py:183} INFO - Processing /home/airflow/.local/lib/python3.12/site-packages/airflow/example_dags/tutorial_dag.py took 0.083 seconds
[2024-06-16T13:05:09.805+0000] {processor.py:161} INFO - Started process (PID=2255) to work on /home/airflow/.local/lib/python3.12/site-packages/airflow/example_dags/tutorial_dag.py
[2024-06-16T13:05:09.806+0000] {processor.py:830} INFO - Processing file /home/airflow/.local/lib/python3.12/site-packages/airflow/example_dags/tutorial_dag.py for tasks to queue
[2024-06-16T13:05:09.807+0000] {logging_mixin.py:188} INFO - [2024-06-16T13:05:09.807+0000] {dagbag.py:545} INFO - Filling up the DagBag from /home/airflow/.local/lib/python3.12/site-packages/airflow/example_dags/tutorial_dag.py
[2024-06-16T13:05:09.813+0000] {processor.py:840} INFO - DAG(s) 'tutorial_dag' retrieved from /home/airflow/.local/lib/python3.12/site-packages/airflow/example_dags/tutorial_dag.py
[2024-06-16T13:05:09.842+0000] {logging_mixin.py:188} INFO - [2024-06-16T13:05:09.842+0000] {dag.py:3096} INFO - Sync 1 DAGs
[2024-06-16T13:05:09.862+0000] {logging_mixin.py:188} INFO - [2024-06-16T13:05:09.862+0000] {dag.py:3954} INFO - Setting next_dagrun for tutorial_dag to None, run_after=None
[2024-06-16T13:05:09.891+0000] {processor.py:183} INFO - Processing /home/airflow/.local/lib/python3.12/site-packages/airflow/example_dags/tutorial_dag.py took 0.093 seconds
[2024-06-16T13:05:41.737+0000] {processor.py:161} INFO - Started process (PID=2314) to work on /home/airflow/.local/lib/python3.12/site-packages/airflow/example_dags/tutorial_dag.py
[2024-06-16T13:05:41.738+0000] {processor.py:830} INFO - Processing file /home/airflow/.local/lib/python3.12/site-packages/airflow/example_dags/tutorial_dag.py for tasks to queue
[2024-06-16T13:05:41.740+0000] {logging_mixin.py:188} INFO - [2024-06-16T13:05:41.739+0000] {dagbag.py:545} INFO - Filling up the DagBag from /home/airflow/.local/lib/python3.12/site-packages/airflow/example_dags/tutorial_dag.py
[2024-06-16T13:05:41.750+0000] {processor.py:840} INFO - DAG(s) 'tutorial_dag' retrieved from /home/airflow/.local/lib/python3.12/site-packages/airflow/example_dags/tutorial_dag.py
[2024-06-16T13:05:41.786+0000] {logging_mixin.py:188} INFO - [2024-06-16T13:05:41.785+0000] {dag.py:3096} INFO - Sync 1 DAGs
[2024-06-16T13:05:41.807+0000] {logging_mixin.py:188} INFO - [2024-06-16T13:05:41.807+0000] {dag.py:3954} INFO - Setting next_dagrun for tutorial_dag to None, run_after=None
[2024-06-16T13:05:42.019+0000] {processor.py:183} INFO - Processing /home/airflow/.local/lib/python3.12/site-packages/airflow/example_dags/tutorial_dag.py took 0.294 seconds
[2024-06-16T13:06:12.961+0000] {processor.py:161} INFO - Started process (PID=2373) to work on /home/airflow/.local/lib/python3.12/site-packages/airflow/example_dags/tutorial_dag.py
[2024-06-16T13:06:12.971+0000] {processor.py:830} INFO - Processing file /home/airflow/.local/lib/python3.12/site-packages/airflow/example_dags/tutorial_dag.py for tasks to queue
[2024-06-16T13:06:12.972+0000] {logging_mixin.py:188} INFO - [2024-06-16T13:06:12.972+0000] {dagbag.py:545} INFO - Filling up the DagBag from /home/airflow/.local/lib/python3.12/site-packages/airflow/example_dags/tutorial_dag.py
[2024-06-16T13:06:12.977+0000] {processor.py:840} INFO - DAG(s) 'tutorial_dag' retrieved from /home/airflow/.local/lib/python3.12/site-packages/airflow/example_dags/tutorial_dag.py
[2024-06-16T13:06:13.003+0000] {logging_mixin.py:188} INFO - [2024-06-16T13:06:13.003+0000] {dag.py:3096} INFO - Sync 1 DAGs
[2024-06-16T13:06:13.027+0000] {logging_mixin.py:188} INFO - [2024-06-16T13:06:13.027+0000] {dag.py:3954} INFO - Setting next_dagrun for tutorial_dag to None, run_after=None
[2024-06-16T13:06:13.058+0000] {processor.py:183} INFO - Processing /home/airflow/.local/lib/python3.12/site-packages/airflow/example_dags/tutorial_dag.py took 0.103 seconds
