[2024-06-16T12:20:43.435+0000] {processor.py:161} INFO - Started process (PID=40) to work on /opt/airflow/dags/mldaily.py
[2024-06-16T12:20:43.436+0000] {processor.py:830} INFO - Processing file /opt/airflow/dags/mldaily.py for tasks to queue
[2024-06-16T12:20:43.447+0000] {logging_mixin.py:188} INFO - [2024-06-16T12:20:43.446+0000] {dagbag.py:545} INFO - Filling up the DagBag from /opt/airflow/dags/mldaily.py
[2024-06-16T12:20:43.463+0000] {logging_mixin.py:188} INFO - [2024-06-16T12:20:43.458+0000] {dagbag.py:355} ERROR - Failed to import: /opt/airflow/dags/mldaily.py
Traceback (most recent call last):
  File "/home/airflow/.local/lib/python3.12/site-packages/airflow/models/dagbag.py", line 351, in parse
    loader.exec_module(new_module)
  File "<frozen importlib._bootstrap_external>", line 995, in exec_module
  File "<frozen importlib._bootstrap>", line 488, in _call_with_frames_removed
  File "/opt/airflow/dags/mldaily.py", line 2, in <module>
    from airflow.providers.apache.spark.operators.spark_submit import SparkSubmitOperator
ModuleNotFoundError: No module named 'airflow.providers.apache'
[2024-06-16T12:20:43.464+0000] {processor.py:842} WARNING - No viable dags retrieved from /opt/airflow/dags/mldaily.py
[2024-06-16T12:20:43.526+0000] {processor.py:183} INFO - Processing /opt/airflow/dags/mldaily.py took 0.103 seconds
[2024-06-16T12:21:21.046+0000] {processor.py:161} INFO - Started process (PID=98) to work on /opt/airflow/dags/mldaily.py
[2024-06-16T12:21:21.048+0000] {processor.py:830} INFO - Processing file /opt/airflow/dags/mldaily.py for tasks to queue
[2024-06-16T12:21:21.051+0000] {logging_mixin.py:188} INFO - [2024-06-16T12:21:21.050+0000] {dagbag.py:545} INFO - Filling up the DagBag from /opt/airflow/dags/mldaily.py
[2024-06-16T12:21:21.074+0000] {logging_mixin.py:188} INFO - [2024-06-16T12:21:21.056+0000] {dagbag.py:355} ERROR - Failed to import: /opt/airflow/dags/mldaily.py
Traceback (most recent call last):
  File "/home/airflow/.local/lib/python3.12/site-packages/airflow/models/dagbag.py", line 351, in parse
    loader.exec_module(new_module)
  File "<frozen importlib._bootstrap_external>", line 995, in exec_module
  File "<frozen importlib._bootstrap>", line 488, in _call_with_frames_removed
  File "/opt/airflow/dags/mldaily.py", line 2, in <module>
    from airflow.providers.apache.spark.operators.spark_submit import SparkSubmitOperator
ModuleNotFoundError: No module named 'airflow.providers.apache'
[2024-06-16T12:21:21.076+0000] {processor.py:842} WARNING - No viable dags retrieved from /opt/airflow/dags/mldaily.py
[2024-06-16T12:21:21.153+0000] {processor.py:183} INFO - Processing /opt/airflow/dags/mldaily.py took 0.121 seconds
[2024-06-16T12:21:51.447+0000] {processor.py:161} INFO - Started process (PID=150) to work on /opt/airflow/dags/mldaily.py
[2024-06-16T12:21:51.449+0000] {processor.py:830} INFO - Processing file /opt/airflow/dags/mldaily.py for tasks to queue
[2024-06-16T12:21:51.458+0000] {logging_mixin.py:188} INFO - [2024-06-16T12:21:51.454+0000] {dagbag.py:545} INFO - Filling up the DagBag from /opt/airflow/dags/mldaily.py
[2024-06-16T12:21:51.465+0000] {logging_mixin.py:188} INFO - [2024-06-16T12:21:51.462+0000] {dagbag.py:355} ERROR - Failed to import: /opt/airflow/dags/mldaily.py
Traceback (most recent call last):
  File "/home/airflow/.local/lib/python3.12/site-packages/airflow/models/dagbag.py", line 351, in parse
    loader.exec_module(new_module)
  File "<frozen importlib._bootstrap_external>", line 995, in exec_module
  File "<frozen importlib._bootstrap>", line 488, in _call_with_frames_removed
  File "/opt/airflow/dags/mldaily.py", line 2, in <module>
    from airflow.providers.apache.spark.operators.spark_submit import SparkSubmitOperator
ModuleNotFoundError: No module named 'airflow.providers.apache'
[2024-06-16T12:21:51.466+0000] {processor.py:842} WARNING - No viable dags retrieved from /opt/airflow/dags/mldaily.py
[2024-06-16T12:21:51.513+0000] {processor.py:183} INFO - Processing /opt/airflow/dags/mldaily.py took 0.086 seconds
[2024-06-16T12:22:22.320+0000] {processor.py:161} INFO - Started process (PID=209) to work on /opt/airflow/dags/mldaily.py
[2024-06-16T12:22:22.335+0000] {processor.py:830} INFO - Processing file /opt/airflow/dags/mldaily.py for tasks to queue
[2024-06-16T12:22:22.345+0000] {logging_mixin.py:188} INFO - [2024-06-16T12:22:22.344+0000] {dagbag.py:545} INFO - Filling up the DagBag from /opt/airflow/dags/mldaily.py
[2024-06-16T12:22:22.386+0000] {logging_mixin.py:188} INFO - [2024-06-16T12:22:22.360+0000] {dagbag.py:355} ERROR - Failed to import: /opt/airflow/dags/mldaily.py
Traceback (most recent call last):
  File "/home/airflow/.local/lib/python3.12/site-packages/airflow/models/dagbag.py", line 351, in parse
    loader.exec_module(new_module)
  File "<frozen importlib._bootstrap_external>", line 995, in exec_module
  File "<frozen importlib._bootstrap>", line 488, in _call_with_frames_removed
  File "/opt/airflow/dags/mldaily.py", line 2, in <module>
    from airflow.providers.apache.spark.operators.spark_submit import SparkSubmitOperator
ModuleNotFoundError: No module named 'airflow.providers.apache'
[2024-06-16T12:22:22.393+0000] {processor.py:842} WARNING - No viable dags retrieved from /opt/airflow/dags/mldaily.py
[2024-06-16T12:22:22.501+0000] {processor.py:183} INFO - Processing /opt/airflow/dags/mldaily.py took 0.193 seconds
[2024-06-16T12:22:54.259+0000] {processor.py:161} INFO - Started process (PID=268) to work on /opt/airflow/dags/mldaily.py
[2024-06-16T12:22:54.296+0000] {processor.py:830} INFO - Processing file /opt/airflow/dags/mldaily.py for tasks to queue
[2024-06-16T12:22:54.305+0000] {logging_mixin.py:188} INFO - [2024-06-16T12:22:54.304+0000] {dagbag.py:545} INFO - Filling up the DagBag from /opt/airflow/dags/mldaily.py
[2024-06-16T12:22:54.372+0000] {logging_mixin.py:188} INFO - [2024-06-16T12:22:54.339+0000] {dagbag.py:355} ERROR - Failed to import: /opt/airflow/dags/mldaily.py
Traceback (most recent call last):
  File "/home/airflow/.local/lib/python3.12/site-packages/airflow/models/dagbag.py", line 351, in parse
    loader.exec_module(new_module)
  File "<frozen importlib._bootstrap_external>", line 995, in exec_module
  File "<frozen importlib._bootstrap>", line 488, in _call_with_frames_removed
  File "/opt/airflow/dags/mldaily.py", line 2, in <module>
    from airflow.providers.apache.spark.operators.spark_submit import SparkSubmitOperator
ModuleNotFoundError: No module named 'airflow.providers.apache'
[2024-06-16T12:22:54.374+0000] {processor.py:842} WARNING - No viable dags retrieved from /opt/airflow/dags/mldaily.py
[2024-06-16T12:22:54.456+0000] {processor.py:183} INFO - Processing /opt/airflow/dags/mldaily.py took 0.257 seconds
[2024-06-16T12:23:24.530+0000] {processor.py:161} INFO - Started process (PID=326) to work on /opt/airflow/dags/mldaily.py
[2024-06-16T12:23:24.540+0000] {processor.py:830} INFO - Processing file /opt/airflow/dags/mldaily.py for tasks to queue
[2024-06-16T12:23:24.543+0000] {logging_mixin.py:188} INFO - [2024-06-16T12:23:24.543+0000] {dagbag.py:545} INFO - Filling up the DagBag from /opt/airflow/dags/mldaily.py
[2024-06-16T12:23:24.550+0000] {logging_mixin.py:188} INFO - [2024-06-16T12:23:24.548+0000] {dagbag.py:355} ERROR - Failed to import: /opt/airflow/dags/mldaily.py
Traceback (most recent call last):
  File "/home/airflow/.local/lib/python3.12/site-packages/airflow/models/dagbag.py", line 351, in parse
    loader.exec_module(new_module)
  File "<frozen importlib._bootstrap_external>", line 995, in exec_module
  File "<frozen importlib._bootstrap>", line 488, in _call_with_frames_removed
  File "/opt/airflow/dags/mldaily.py", line 2, in <module>
    from airflow.providers.apache.spark.operators.spark_submit import SparkSubmitOperator
ModuleNotFoundError: No module named 'airflow.providers.apache'
[2024-06-16T12:23:24.552+0000] {processor.py:842} WARNING - No viable dags retrieved from /opt/airflow/dags/mldaily.py
[2024-06-16T12:23:24.599+0000] {processor.py:183} INFO - Processing /opt/airflow/dags/mldaily.py took 0.082 seconds
[2024-06-16T12:23:55.143+0000] {processor.py:161} INFO - Started process (PID=384) to work on /opt/airflow/dags/mldaily.py
[2024-06-16T12:23:55.145+0000] {processor.py:830} INFO - Processing file /opt/airflow/dags/mldaily.py for tasks to queue
[2024-06-16T12:23:55.148+0000] {logging_mixin.py:188} INFO - [2024-06-16T12:23:55.148+0000] {dagbag.py:545} INFO - Filling up the DagBag from /opt/airflow/dags/mldaily.py
[2024-06-16T12:23:55.161+0000] {logging_mixin.py:188} INFO - [2024-06-16T12:23:55.159+0000] {dagbag.py:355} ERROR - Failed to import: /opt/airflow/dags/mldaily.py
Traceback (most recent call last):
  File "/home/airflow/.local/lib/python3.12/site-packages/airflow/models/dagbag.py", line 351, in parse
    loader.exec_module(new_module)
  File "<frozen importlib._bootstrap_external>", line 995, in exec_module
  File "<frozen importlib._bootstrap>", line 488, in _call_with_frames_removed
  File "/opt/airflow/dags/mldaily.py", line 2, in <module>
    from airflow.providers.apache.spark.operators.spark_submit import SparkSubmitOperator
ModuleNotFoundError: No module named 'airflow.providers.apache'
[2024-06-16T12:23:55.162+0000] {processor.py:842} WARNING - No viable dags retrieved from /opt/airflow/dags/mldaily.py
[2024-06-16T12:23:55.201+0000] {processor.py:183} INFO - Processing /opt/airflow/dags/mldaily.py took 0.074 seconds
[2024-06-16T12:24:25.280+0000] {processor.py:161} INFO - Started process (PID=443) to work on /opt/airflow/dags/mldaily.py
[2024-06-16T12:24:25.281+0000] {processor.py:830} INFO - Processing file /opt/airflow/dags/mldaily.py for tasks to queue
[2024-06-16T12:24:25.285+0000] {logging_mixin.py:188} INFO - [2024-06-16T12:24:25.284+0000] {dagbag.py:545} INFO - Filling up the DagBag from /opt/airflow/dags/mldaily.py
[2024-06-16T12:24:25.292+0000] {logging_mixin.py:188} INFO - [2024-06-16T12:24:25.289+0000] {dagbag.py:355} ERROR - Failed to import: /opt/airflow/dags/mldaily.py
Traceback (most recent call last):
  File "/home/airflow/.local/lib/python3.12/site-packages/airflow/models/dagbag.py", line 351, in parse
    loader.exec_module(new_module)
  File "<frozen importlib._bootstrap_external>", line 995, in exec_module
  File "<frozen importlib._bootstrap>", line 488, in _call_with_frames_removed
  File "/opt/airflow/dags/mldaily.py", line 2, in <module>
    from airflow.providers.apache.spark.operators.spark_submit import SparkSubmitOperator
ModuleNotFoundError: No module named 'airflow.providers.apache'
[2024-06-16T12:24:25.294+0000] {processor.py:842} WARNING - No viable dags retrieved from /opt/airflow/dags/mldaily.py
[2024-06-16T12:24:25.337+0000] {processor.py:183} INFO - Processing /opt/airflow/dags/mldaily.py took 0.067 seconds
[2024-06-16T12:44:52.784+0000] {processor.py:161} INFO - Started process (PID=38) to work on /opt/airflow/dags/mldaily.py
[2024-06-16T12:44:52.794+0000] {processor.py:830} INFO - Processing file /opt/airflow/dags/mldaily.py for tasks to queue
[2024-06-16T12:44:52.801+0000] {logging_mixin.py:188} INFO - [2024-06-16T12:44:52.799+0000] {dagbag.py:545} INFO - Filling up the DagBag from /opt/airflow/dags/mldaily.py
[2024-06-16T12:44:52.978+0000] {processor.py:840} INFO - DAG(s) 'spark_submit_job' retrieved from /opt/airflow/dags/mldaily.py
[2024-06-16T12:44:54.311+0000] {logging_mixin.py:188} INFO - [2024-06-16T12:44:54.310+0000] {override.py:1829} INFO - Created Permission View: can read on DAG:spark_submit_job
[2024-06-16T12:44:54.336+0000] {logging_mixin.py:188} INFO - [2024-06-16T12:44:54.336+0000] {override.py:1829} INFO - Created Permission View: can delete on DAG:spark_submit_job
[2024-06-16T12:44:54.355+0000] {logging_mixin.py:188} INFO - [2024-06-16T12:44:54.354+0000] {override.py:1829} INFO - Created Permission View: can edit on DAG:spark_submit_job
[2024-06-16T12:44:54.355+0000] {logging_mixin.py:188} INFO - [2024-06-16T12:44:54.355+0000] {dag.py:3096} INFO - Sync 1 DAGs
[2024-06-16T12:44:54.389+0000] {logging_mixin.py:188} INFO - [2024-06-16T12:44:54.388+0000] {dag.py:3118} INFO - Creating ORM DAG for spark_submit_job
[2024-06-16T12:44:54.416+0000] {logging_mixin.py:188} INFO - [2024-06-16T12:44:54.415+0000] {dag.py:3954} INFO - Setting next_dagrun for spark_submit_job to 2024-06-16 00:00:00+00:00, run_after=2024-06-17 00:00:00+00:00
[2024-06-16T12:44:54.464+0000] {processor.py:183} INFO - Processing /opt/airflow/dags/mldaily.py took 1.717 seconds
[2024-06-16T12:45:25.448+0000] {processor.py:161} INFO - Started process (PID=97) to work on /opt/airflow/dags/mldaily.py
[2024-06-16T12:45:25.449+0000] {processor.py:830} INFO - Processing file /opt/airflow/dags/mldaily.py for tasks to queue
[2024-06-16T12:45:25.454+0000] {logging_mixin.py:188} INFO - [2024-06-16T12:45:25.453+0000] {dagbag.py:545} INFO - Filling up the DagBag from /opt/airflow/dags/mldaily.py
[2024-06-16T12:45:25.467+0000] {processor.py:840} INFO - DAG(s) 'spark_submit_job' retrieved from /opt/airflow/dags/mldaily.py
[2024-06-16T12:45:25.500+0000] {logging_mixin.py:188} INFO - [2024-06-16T12:45:25.499+0000] {dag.py:3096} INFO - Sync 1 DAGs
[2024-06-16T12:45:25.551+0000] {logging_mixin.py:188} INFO - [2024-06-16T12:45:25.550+0000] {dag.py:3954} INFO - Setting next_dagrun for spark_submit_job to 2024-06-16 00:00:00+00:00, run_after=2024-06-17 00:00:00+00:00
[2024-06-16T12:45:25.601+0000] {processor.py:183} INFO - Processing /opt/airflow/dags/mldaily.py took 0.162 seconds
[2024-06-16T12:45:56.358+0000] {processor.py:161} INFO - Started process (PID=156) to work on /opt/airflow/dags/mldaily.py
[2024-06-16T12:45:56.365+0000] {processor.py:830} INFO - Processing file /opt/airflow/dags/mldaily.py for tasks to queue
[2024-06-16T12:45:56.372+0000] {logging_mixin.py:188} INFO - [2024-06-16T12:45:56.372+0000] {dagbag.py:545} INFO - Filling up the DagBag from /opt/airflow/dags/mldaily.py
[2024-06-16T12:45:56.393+0000] {processor.py:840} INFO - DAG(s) 'spark_submit_job' retrieved from /opt/airflow/dags/mldaily.py
[2024-06-16T12:45:56.457+0000] {logging_mixin.py:188} INFO - [2024-06-16T12:45:56.456+0000] {dag.py:3096} INFO - Sync 1 DAGs
[2024-06-16T12:45:56.506+0000] {logging_mixin.py:188} INFO - [2024-06-16T12:45:56.506+0000] {dag.py:3954} INFO - Setting next_dagrun for spark_submit_job to 2024-06-16 00:00:00+00:00, run_after=2024-06-17 00:00:00+00:00
[2024-06-16T12:45:56.545+0000] {processor.py:183} INFO - Processing /opt/airflow/dags/mldaily.py took 0.210 seconds
[2024-06-16T12:46:27.066+0000] {processor.py:161} INFO - Started process (PID=215) to work on /opt/airflow/dags/mldaily.py
[2024-06-16T12:46:27.071+0000] {processor.py:830} INFO - Processing file /opt/airflow/dags/mldaily.py for tasks to queue
[2024-06-16T12:46:27.078+0000] {logging_mixin.py:188} INFO - [2024-06-16T12:46:27.075+0000] {dagbag.py:545} INFO - Filling up the DagBag from /opt/airflow/dags/mldaily.py
[2024-06-16T12:46:27.102+0000] {processor.py:840} INFO - DAG(s) 'spark_submit_job' retrieved from /opt/airflow/dags/mldaily.py
[2024-06-16T12:46:27.310+0000] {logging_mixin.py:188} INFO - [2024-06-16T12:46:27.310+0000] {dag.py:3096} INFO - Sync 1 DAGs
[2024-06-16T12:46:27.465+0000] {logging_mixin.py:188} INFO - [2024-06-16T12:46:27.464+0000] {dag.py:3954} INFO - Setting next_dagrun for spark_submit_job to 2024-06-16 00:00:00+00:00, run_after=2024-06-17 00:00:00+00:00
[2024-06-16T12:46:27.617+0000] {processor.py:183} INFO - Processing /opt/airflow/dags/mldaily.py took 0.578 seconds
[2024-06-16T12:47:27.396+0000] {processor.py:161} INFO - Started process (PID=280) to work on /opt/airflow/dags/mldaily.py
[2024-06-16T12:47:27.397+0000] {processor.py:830} INFO - Processing file /opt/airflow/dags/mldaily.py for tasks to queue
[2024-06-16T12:47:27.400+0000] {logging_mixin.py:188} INFO - [2024-06-16T12:47:27.399+0000] {dagbag.py:545} INFO - Filling up the DagBag from /opt/airflow/dags/mldaily.py
[2024-06-16T12:47:27.411+0000] {processor.py:840} INFO - DAG(s) 'spark_submit_job' retrieved from /opt/airflow/dags/mldaily.py
[2024-06-16T12:47:27.444+0000] {logging_mixin.py:188} INFO - [2024-06-16T12:47:27.444+0000] {dag.py:3096} INFO - Sync 1 DAGs
[2024-06-16T12:47:27.492+0000] {logging_mixin.py:188} INFO - [2024-06-16T12:47:27.491+0000] {dag.py:3954} INFO - Setting next_dagrun for spark_submit_job to 2024-06-16 00:00:00+00:00, run_after=2024-06-17 00:00:00+00:00
[2024-06-16T12:47:27.525+0000] {processor.py:183} INFO - Processing /opt/airflow/dags/mldaily.py took 0.137 seconds
[2024-06-16T12:47:57.589+0000] {processor.py:161} INFO - Started process (PID=335) to work on /opt/airflow/dags/mldaily.py
[2024-06-16T12:47:57.590+0000] {processor.py:830} INFO - Processing file /opt/airflow/dags/mldaily.py for tasks to queue
[2024-06-16T12:47:57.594+0000] {logging_mixin.py:188} INFO - [2024-06-16T12:47:57.593+0000] {dagbag.py:545} INFO - Filling up the DagBag from /opt/airflow/dags/mldaily.py
[2024-06-16T12:47:57.608+0000] {processor.py:840} INFO - DAG(s) 'spark_submit_job' retrieved from /opt/airflow/dags/mldaily.py
[2024-06-16T12:47:57.636+0000] {logging_mixin.py:188} INFO - [2024-06-16T12:47:57.636+0000] {dag.py:3096} INFO - Sync 1 DAGs
[2024-06-16T12:47:57.673+0000] {logging_mixin.py:188} INFO - [2024-06-16T12:47:57.673+0000] {dag.py:3954} INFO - Setting next_dagrun for spark_submit_job to 2024-06-16 00:00:00+00:00, run_after=2024-06-17 00:00:00+00:00
[2024-06-16T12:47:57.702+0000] {processor.py:183} INFO - Processing /opt/airflow/dags/mldaily.py took 0.124 seconds
[2024-06-16T12:48:27.905+0000] {processor.py:161} INFO - Started process (PID=390) to work on /opt/airflow/dags/mldaily.py
[2024-06-16T12:48:27.907+0000] {processor.py:830} INFO - Processing file /opt/airflow/dags/mldaily.py for tasks to queue
[2024-06-16T12:48:27.909+0000] {logging_mixin.py:188} INFO - [2024-06-16T12:48:27.909+0000] {dagbag.py:545} INFO - Filling up the DagBag from /opt/airflow/dags/mldaily.py
[2024-06-16T12:48:27.926+0000] {processor.py:840} INFO - DAG(s) 'spark_submit_job' retrieved from /opt/airflow/dags/mldaily.py
[2024-06-16T12:48:27.982+0000] {logging_mixin.py:188} INFO - [2024-06-16T12:48:27.981+0000] {dag.py:3096} INFO - Sync 1 DAGs
[2024-06-16T12:48:28.063+0000] {logging_mixin.py:188} INFO - [2024-06-16T12:48:28.063+0000] {dag.py:3954} INFO - Setting next_dagrun for spark_submit_job to 2024-06-16 00:00:00+00:00, run_after=2024-06-17 00:00:00+00:00
[2024-06-16T12:48:28.155+0000] {processor.py:183} INFO - Processing /opt/airflow/dags/mldaily.py took 0.260 seconds
[2024-06-16T12:49:06.064+0000] {processor.py:161} INFO - Started process (PID=443) to work on /opt/airflow/dags/mldaily.py
[2024-06-16T12:49:06.076+0000] {processor.py:830} INFO - Processing file /opt/airflow/dags/mldaily.py for tasks to queue
[2024-06-16T12:49:06.095+0000] {logging_mixin.py:188} INFO - [2024-06-16T12:49:06.094+0000] {dagbag.py:545} INFO - Filling up the DagBag from /opt/airflow/dags/mldaily.py
[2024-06-16T12:49:06.564+0000] {processor.py:840} INFO - DAG(s) 'spark_submit_job' retrieved from /opt/airflow/dags/mldaily.py
[2024-06-16T12:49:06.885+0000] {logging_mixin.py:188} INFO - [2024-06-16T12:49:06.884+0000] {dag.py:3096} INFO - Sync 1 DAGs
[2024-06-16T12:49:06.980+0000] {logging_mixin.py:188} INFO - [2024-06-16T12:49:06.979+0000] {dag.py:3954} INFO - Setting next_dagrun for spark_submit_job to 2024-06-16 00:00:00+00:00, run_after=2024-06-17 00:00:00+00:00
[2024-06-16T12:49:07.021+0000] {processor.py:183} INFO - Processing /opt/airflow/dags/mldaily.py took 1.149 seconds
[2024-06-16T12:49:41.350+0000] {processor.py:161} INFO - Started process (PID=502) to work on /opt/airflow/dags/mldaily.py
[2024-06-16T12:49:41.358+0000] {processor.py:830} INFO - Processing file /opt/airflow/dags/mldaily.py for tasks to queue
[2024-06-16T12:49:41.371+0000] {logging_mixin.py:188} INFO - [2024-06-16T12:49:41.362+0000] {dagbag.py:545} INFO - Filling up the DagBag from /opt/airflow/dags/mldaily.py
[2024-06-16T12:49:41.618+0000] {processor.py:840} INFO - DAG(s) 'spark_submit_job' retrieved from /opt/airflow/dags/mldaily.py
[2024-06-16T12:49:42.611+0000] {logging_mixin.py:188} INFO - [2024-06-16T12:49:42.605+0000] {dag.py:3096} INFO - Sync 1 DAGs
[2024-06-16T12:49:42.862+0000] {logging_mixin.py:188} INFO - [2024-06-16T12:49:42.862+0000] {dag.py:3954} INFO - Setting next_dagrun for spark_submit_job to 2024-06-16 00:00:00+00:00, run_after=2024-06-17 00:00:00+00:00
[2024-06-16T12:49:42.965+0000] {processor.py:183} INFO - Processing /opt/airflow/dags/mldaily.py took 1.711 seconds
[2024-06-16T12:50:44.737+0000] {processor.py:161} INFO - Started process (PID=554) to work on /opt/airflow/dags/mldaily.py
[2024-06-16T12:50:44.873+0000] {processor.py:830} INFO - Processing file /opt/airflow/dags/mldaily.py for tasks to queue
[2024-06-16T12:50:45.032+0000] {logging_mixin.py:188} INFO - [2024-06-16T12:50:44.951+0000] {dagbag.py:545} INFO - Filling up the DagBag from /opt/airflow/dags/mldaily.py
[2024-06-16T12:50:45.214+0000] {processor.py:840} INFO - DAG(s) 'spark_submit_job' retrieved from /opt/airflow/dags/mldaily.py
[2024-06-16T12:50:45.681+0000] {logging_mixin.py:188} INFO - [2024-06-16T12:50:45.680+0000] {dag.py:3096} INFO - Sync 1 DAGs
[2024-06-16T12:50:46.239+0000] {logging_mixin.py:188} INFO - [2024-06-16T12:50:46.235+0000] {dag.py:3954} INFO - Setting next_dagrun for spark_submit_job to 2024-06-16 00:00:00+00:00, run_after=2024-06-17 00:00:00+00:00
[2024-06-16T12:50:46.554+0000] {processor.py:183} INFO - Processing /opt/airflow/dags/mldaily.py took 2.649 seconds
[2024-06-16T12:51:16.742+0000] {processor.py:161} INFO - Started process (PID=619) to work on /opt/airflow/dags/mldaily.py
[2024-06-16T12:51:16.746+0000] {processor.py:830} INFO - Processing file /opt/airflow/dags/mldaily.py for tasks to queue
[2024-06-16T12:51:16.749+0000] {logging_mixin.py:188} INFO - [2024-06-16T12:51:16.748+0000] {dagbag.py:545} INFO - Filling up the DagBag from /opt/airflow/dags/mldaily.py
[2024-06-16T12:51:16.810+0000] {processor.py:840} INFO - DAG(s) 'spark_submit_job' retrieved from /opt/airflow/dags/mldaily.py
[2024-06-16T12:51:16.944+0000] {logging_mixin.py:188} INFO - [2024-06-16T12:51:16.943+0000] {dag.py:3096} INFO - Sync 1 DAGs
[2024-06-16T12:51:17.071+0000] {logging_mixin.py:188} INFO - [2024-06-16T12:51:17.071+0000] {dag.py:3954} INFO - Setting next_dagrun for spark_submit_job to 2024-06-16 00:00:00+00:00, run_after=2024-06-17 00:00:00+00:00
[2024-06-16T12:51:17.226+0000] {processor.py:183} INFO - Processing /opt/airflow/dags/mldaily.py took 0.525 seconds
[2024-06-16T12:51:47.340+0000] {processor.py:161} INFO - Started process (PID=678) to work on /opt/airflow/dags/mldaily.py
[2024-06-16T12:51:47.341+0000] {processor.py:830} INFO - Processing file /opt/airflow/dags/mldaily.py for tasks to queue
[2024-06-16T12:51:47.343+0000] {logging_mixin.py:188} INFO - [2024-06-16T12:51:47.343+0000] {dagbag.py:545} INFO - Filling up the DagBag from /opt/airflow/dags/mldaily.py
[2024-06-16T12:51:47.353+0000] {processor.py:840} INFO - DAG(s) 'spark_submit_job' retrieved from /opt/airflow/dags/mldaily.py
[2024-06-16T12:51:47.384+0000] {logging_mixin.py:188} INFO - [2024-06-16T12:51:47.383+0000] {dag.py:3096} INFO - Sync 1 DAGs
[2024-06-16T12:51:47.430+0000] {logging_mixin.py:188} INFO - [2024-06-16T12:51:47.429+0000] {dag.py:3954} INFO - Setting next_dagrun for spark_submit_job to 2024-06-16 00:00:00+00:00, run_after=2024-06-17 00:00:00+00:00
[2024-06-16T12:51:47.461+0000] {processor.py:183} INFO - Processing /opt/airflow/dags/mldaily.py took 0.130 seconds
[2024-06-16T12:52:15.777+0000] {processor.py:161} INFO - Started process (PID=735) to work on /opt/airflow/dags/mldaily.py
[2024-06-16T12:52:15.787+0000] {processor.py:830} INFO - Processing file /opt/airflow/dags/mldaily.py for tasks to queue
[2024-06-16T12:52:15.794+0000] {logging_mixin.py:188} INFO - [2024-06-16T12:52:15.790+0000] {dagbag.py:545} INFO - Filling up the DagBag from /opt/airflow/dags/mldaily.py
[2024-06-16T12:52:15.825+0000] {processor.py:840} INFO - DAG(s) 'ml_run_daily' retrieved from /opt/airflow/dags/mldaily.py
[2024-06-16T12:52:16.047+0000] {logging_mixin.py:188} INFO - [2024-06-16T12:52:16.046+0000] {override.py:1829} INFO - Created Permission View: can read on DAG:ml_run_daily
[2024-06-16T12:52:16.060+0000] {logging_mixin.py:188} INFO - [2024-06-16T12:52:16.060+0000] {override.py:1829} INFO - Created Permission View: can delete on DAG:ml_run_daily
[2024-06-16T12:52:16.071+0000] {logging_mixin.py:188} INFO - [2024-06-16T12:52:16.070+0000] {override.py:1829} INFO - Created Permission View: can edit on DAG:ml_run_daily
[2024-06-16T12:52:16.071+0000] {logging_mixin.py:188} INFO - [2024-06-16T12:52:16.071+0000] {dag.py:3096} INFO - Sync 1 DAGs
[2024-06-16T12:52:16.088+0000] {logging_mixin.py:188} INFO - [2024-06-16T12:52:16.088+0000] {dag.py:3118} INFO - Creating ORM DAG for ml_run_daily
[2024-06-16T12:52:16.102+0000] {logging_mixin.py:188} INFO - [2024-06-16T12:52:16.102+0000] {dag.py:3954} INFO - Setting next_dagrun for ml_run_daily to 2024-06-16 00:00:00+00:00, run_after=2024-06-17 00:00:00+00:00
[2024-06-16T12:52:16.122+0000] {processor.py:183} INFO - Processing /opt/airflow/dags/mldaily.py took 0.357 seconds
[2024-06-16T12:52:46.228+0000] {processor.py:161} INFO - Started process (PID=795) to work on /opt/airflow/dags/mldaily.py
[2024-06-16T12:52:46.229+0000] {processor.py:830} INFO - Processing file /opt/airflow/dags/mldaily.py for tasks to queue
[2024-06-16T12:52:46.232+0000] {logging_mixin.py:188} INFO - [2024-06-16T12:52:46.232+0000] {dagbag.py:545} INFO - Filling up the DagBag from /opt/airflow/dags/mldaily.py
[2024-06-16T12:52:46.241+0000] {processor.py:840} INFO - DAG(s) 'ml_run_daily' retrieved from /opt/airflow/dags/mldaily.py
[2024-06-16T12:52:46.271+0000] {logging_mixin.py:188} INFO - [2024-06-16T12:52:46.270+0000] {dag.py:3096} INFO - Sync 1 DAGs
[2024-06-16T12:52:46.311+0000] {logging_mixin.py:188} INFO - [2024-06-16T12:52:46.311+0000] {dag.py:3954} INFO - Setting next_dagrun for ml_run_daily to 2024-06-16 00:00:00+00:00, run_after=2024-06-17 00:00:00+00:00
[2024-06-16T12:52:46.347+0000] {processor.py:183} INFO - Processing /opt/airflow/dags/mldaily.py took 0.127 seconds
[2024-06-16T12:53:16.779+0000] {processor.py:161} INFO - Started process (PID=853) to work on /opt/airflow/dags/mldaily.py
[2024-06-16T12:53:16.788+0000] {processor.py:830} INFO - Processing file /opt/airflow/dags/mldaily.py for tasks to queue
[2024-06-16T12:53:16.789+0000] {logging_mixin.py:188} INFO - [2024-06-16T12:53:16.789+0000] {dagbag.py:545} INFO - Filling up the DagBag from /opt/airflow/dags/mldaily.py
[2024-06-16T12:53:16.798+0000] {processor.py:840} INFO - DAG(s) 'ml_run_daily' retrieved from /opt/airflow/dags/mldaily.py
[2024-06-16T12:53:16.829+0000] {logging_mixin.py:188} INFO - [2024-06-16T12:53:16.828+0000] {dag.py:3096} INFO - Sync 1 DAGs
[2024-06-16T12:53:16.889+0000] {logging_mixin.py:188} INFO - [2024-06-16T12:53:16.889+0000] {dag.py:3954} INFO - Setting next_dagrun for ml_run_daily to 2024-06-16 00:00:00+00:00, run_after=2024-06-17 00:00:00+00:00
[2024-06-16T12:53:16.918+0000] {processor.py:183} INFO - Processing /opt/airflow/dags/mldaily.py took 0.145 seconds
[2024-06-16T12:53:46.993+0000] {processor.py:161} INFO - Started process (PID=912) to work on /opt/airflow/dags/mldaily.py
[2024-06-16T12:53:46.994+0000] {processor.py:830} INFO - Processing file /opt/airflow/dags/mldaily.py for tasks to queue
[2024-06-16T12:53:46.996+0000] {logging_mixin.py:188} INFO - [2024-06-16T12:53:46.995+0000] {dagbag.py:545} INFO - Filling up the DagBag from /opt/airflow/dags/mldaily.py
[2024-06-16T12:53:47.009+0000] {processor.py:840} INFO - DAG(s) 'ml_run_daily' retrieved from /opt/airflow/dags/mldaily.py
[2024-06-16T12:53:47.041+0000] {logging_mixin.py:188} INFO - [2024-06-16T12:53:47.041+0000] {dag.py:3096} INFO - Sync 1 DAGs
[2024-06-16T12:53:47.075+0000] {logging_mixin.py:188} INFO - [2024-06-16T12:53:47.075+0000] {dag.py:3954} INFO - Setting next_dagrun for ml_run_daily to 2024-06-16 00:00:00+00:00, run_after=2024-06-17 00:00:00+00:00
[2024-06-16T12:53:47.098+0000] {processor.py:183} INFO - Processing /opt/airflow/dags/mldaily.py took 0.116 seconds
[2024-06-16T12:54:17.466+0000] {processor.py:161} INFO - Started process (PID=971) to work on /opt/airflow/dags/mldaily.py
[2024-06-16T12:54:17.467+0000] {processor.py:830} INFO - Processing file /opt/airflow/dags/mldaily.py for tasks to queue
[2024-06-16T12:54:17.467+0000] {logging_mixin.py:188} INFO - [2024-06-16T12:54:17.467+0000] {dagbag.py:545} INFO - Filling up the DagBag from /opt/airflow/dags/mldaily.py
[2024-06-16T12:54:17.476+0000] {processor.py:840} INFO - DAG(s) 'ml_run_daily' retrieved from /opt/airflow/dags/mldaily.py
[2024-06-16T12:54:17.495+0000] {logging_mixin.py:188} INFO - [2024-06-16T12:54:17.495+0000] {dag.py:3096} INFO - Sync 1 DAGs
[2024-06-16T12:54:17.519+0000] {logging_mixin.py:188} INFO - [2024-06-16T12:54:17.518+0000] {dag.py:3954} INFO - Setting next_dagrun for ml_run_daily to 2024-06-16 00:00:00+00:00, run_after=2024-06-17 00:00:00+00:00
[2024-06-16T12:54:17.539+0000] {processor.py:183} INFO - Processing /opt/airflow/dags/mldaily.py took 0.079 seconds
[2024-06-16T12:54:47.799+0000] {processor.py:161} INFO - Started process (PID=1030) to work on /opt/airflow/dags/mldaily.py
[2024-06-16T12:54:47.800+0000] {processor.py:830} INFO - Processing file /opt/airflow/dags/mldaily.py for tasks to queue
[2024-06-16T12:54:47.801+0000] {logging_mixin.py:188} INFO - [2024-06-16T12:54:47.801+0000] {dagbag.py:545} INFO - Filling up the DagBag from /opt/airflow/dags/mldaily.py
[2024-06-16T12:54:47.812+0000] {processor.py:840} INFO - DAG(s) 'ml_run_daily' retrieved from /opt/airflow/dags/mldaily.py
[2024-06-16T12:54:47.841+0000] {logging_mixin.py:188} INFO - [2024-06-16T12:54:47.840+0000] {dag.py:3096} INFO - Sync 1 DAGs
[2024-06-16T12:54:47.881+0000] {logging_mixin.py:188} INFO - [2024-06-16T12:54:47.881+0000] {dag.py:3954} INFO - Setting next_dagrun for ml_run_daily to 2024-06-16 00:00:00+00:00, run_after=2024-06-17 00:00:00+00:00
[2024-06-16T12:54:47.913+0000] {processor.py:183} INFO - Processing /opt/airflow/dags/mldaily.py took 0.120 seconds
[2024-06-16T12:55:18.561+0000] {processor.py:161} INFO - Started process (PID=1089) to work on /opt/airflow/dags/mldaily.py
[2024-06-16T12:55:18.562+0000] {processor.py:830} INFO - Processing file /opt/airflow/dags/mldaily.py for tasks to queue
[2024-06-16T12:55:18.563+0000] {logging_mixin.py:188} INFO - [2024-06-16T12:55:18.563+0000] {dagbag.py:545} INFO - Filling up the DagBag from /opt/airflow/dags/mldaily.py
[2024-06-16T12:55:18.571+0000] {processor.py:840} INFO - DAG(s) 'ml_run_daily' retrieved from /opt/airflow/dags/mldaily.py
[2024-06-16T12:55:18.589+0000] {logging_mixin.py:188} INFO - [2024-06-16T12:55:18.589+0000] {dag.py:3096} INFO - Sync 1 DAGs
[2024-06-16T12:55:18.613+0000] {logging_mixin.py:188} INFO - [2024-06-16T12:55:18.613+0000] {dag.py:3954} INFO - Setting next_dagrun for ml_run_daily to 2024-06-16 00:00:00+00:00, run_after=2024-06-17 00:00:00+00:00
[2024-06-16T12:55:18.633+0000] {processor.py:183} INFO - Processing /opt/airflow/dags/mldaily.py took 0.077 seconds
[2024-06-16T12:55:48.665+0000] {processor.py:161} INFO - Started process (PID=1147) to work on /opt/airflow/dags/mldaily.py
[2024-06-16T12:55:48.666+0000] {processor.py:830} INFO - Processing file /opt/airflow/dags/mldaily.py for tasks to queue
[2024-06-16T12:55:48.667+0000] {logging_mixin.py:188} INFO - [2024-06-16T12:55:48.666+0000] {dagbag.py:545} INFO - Filling up the DagBag from /opt/airflow/dags/mldaily.py
[2024-06-16T12:55:48.677+0000] {processor.py:840} INFO - DAG(s) 'ml_run_daily' retrieved from /opt/airflow/dags/mldaily.py
[2024-06-16T12:55:48.698+0000] {logging_mixin.py:188} INFO - [2024-06-16T12:55:48.698+0000] {dag.py:3096} INFO - Sync 1 DAGs
[2024-06-16T12:55:48.731+0000] {logging_mixin.py:188} INFO - [2024-06-16T12:55:48.730+0000] {dag.py:3954} INFO - Setting next_dagrun for ml_run_daily to 2024-06-16 00:00:00+00:00, run_after=2024-06-17 00:00:00+00:00
[2024-06-16T12:55:48.758+0000] {processor.py:183} INFO - Processing /opt/airflow/dags/mldaily.py took 0.101 seconds
[2024-06-16T12:56:18.984+0000] {processor.py:161} INFO - Started process (PID=1206) to work on /opt/airflow/dags/mldaily.py
[2024-06-16T12:56:18.985+0000] {processor.py:830} INFO - Processing file /opt/airflow/dags/mldaily.py for tasks to queue
[2024-06-16T12:56:18.985+0000] {logging_mixin.py:188} INFO - [2024-06-16T12:56:18.985+0000] {dagbag.py:545} INFO - Filling up the DagBag from /opt/airflow/dags/mldaily.py
[2024-06-16T12:56:18.993+0000] {processor.py:840} INFO - DAG(s) 'ml_run_daily' retrieved from /opt/airflow/dags/mldaily.py
[2024-06-16T12:56:19.010+0000] {logging_mixin.py:188} INFO - [2024-06-16T12:56:19.010+0000] {dag.py:3096} INFO - Sync 1 DAGs
[2024-06-16T12:56:19.045+0000] {logging_mixin.py:188} INFO - [2024-06-16T12:56:19.045+0000] {dag.py:3954} INFO - Setting next_dagrun for ml_run_daily to 2024-06-16 00:00:00+00:00, run_after=2024-06-17 00:00:00+00:00
[2024-06-16T12:56:19.071+0000] {processor.py:183} INFO - Processing /opt/airflow/dags/mldaily.py took 0.092 seconds
[2024-06-16T12:56:49.722+0000] {processor.py:161} INFO - Started process (PID=1265) to work on /opt/airflow/dags/mldaily.py
[2024-06-16T12:56:49.723+0000] {processor.py:830} INFO - Processing file /opt/airflow/dags/mldaily.py for tasks to queue
[2024-06-16T12:56:49.725+0000] {logging_mixin.py:188} INFO - [2024-06-16T12:56:49.724+0000] {dagbag.py:545} INFO - Filling up the DagBag from /opt/airflow/dags/mldaily.py
[2024-06-16T12:56:49.739+0000] {processor.py:840} INFO - DAG(s) 'ml_run_daily' retrieved from /opt/airflow/dags/mldaily.py
[2024-06-16T12:56:49.766+0000] {logging_mixin.py:188} INFO - [2024-06-16T12:56:49.766+0000] {dag.py:3096} INFO - Sync 1 DAGs
[2024-06-16T12:56:49.798+0000] {logging_mixin.py:188} INFO - [2024-06-16T12:56:49.798+0000] {dag.py:3954} INFO - Setting next_dagrun for ml_run_daily to 2024-06-16 00:00:00+00:00, run_after=2024-06-17 00:00:00+00:00
[2024-06-16T12:56:49.825+0000] {processor.py:183} INFO - Processing /opt/airflow/dags/mldaily.py took 0.113 seconds
[2024-06-16T12:57:20.080+0000] {processor.py:161} INFO - Started process (PID=1323) to work on /opt/airflow/dags/mldaily.py
[2024-06-16T12:57:20.090+0000] {processor.py:830} INFO - Processing file /opt/airflow/dags/mldaily.py for tasks to queue
[2024-06-16T12:57:20.091+0000] {logging_mixin.py:188} INFO - [2024-06-16T12:57:20.091+0000] {dagbag.py:545} INFO - Filling up the DagBag from /opt/airflow/dags/mldaily.py
[2024-06-16T12:57:20.104+0000] {processor.py:840} INFO - DAG(s) 'ml_run_daily' retrieved from /opt/airflow/dags/mldaily.py
[2024-06-16T12:57:20.127+0000] {logging_mixin.py:188} INFO - [2024-06-16T12:57:20.127+0000] {dag.py:3096} INFO - Sync 1 DAGs
[2024-06-16T12:57:20.160+0000] {logging_mixin.py:188} INFO - [2024-06-16T12:57:20.159+0000] {dag.py:3954} INFO - Setting next_dagrun for ml_run_daily to 2024-06-16 00:00:00+00:00, run_after=2024-06-17 00:00:00+00:00
[2024-06-16T12:57:20.187+0000] {processor.py:183} INFO - Processing /opt/airflow/dags/mldaily.py took 0.113 seconds
[2024-06-16T12:57:50.242+0000] {processor.py:161} INFO - Started process (PID=1382) to work on /opt/airflow/dags/mldaily.py
[2024-06-16T12:57:50.249+0000] {processor.py:830} INFO - Processing file /opt/airflow/dags/mldaily.py for tasks to queue
[2024-06-16T12:57:50.249+0000] {logging_mixin.py:188} INFO - [2024-06-16T12:57:50.249+0000] {dagbag.py:545} INFO - Filling up the DagBag from /opt/airflow/dags/mldaily.py
[2024-06-16T12:57:50.259+0000] {processor.py:840} INFO - DAG(s) 'ml_run_daily' retrieved from /opt/airflow/dags/mldaily.py
[2024-06-16T12:57:50.280+0000] {logging_mixin.py:188} INFO - [2024-06-16T12:57:50.280+0000] {dag.py:3096} INFO - Sync 1 DAGs
[2024-06-16T12:57:50.312+0000] {logging_mixin.py:188} INFO - [2024-06-16T12:57:50.312+0000] {dag.py:3954} INFO - Setting next_dagrun for ml_run_daily to 2024-06-16 00:00:00+00:00, run_after=2024-06-17 00:00:00+00:00
[2024-06-16T12:57:50.336+0000] {processor.py:183} INFO - Processing /opt/airflow/dags/mldaily.py took 0.100 seconds
[2024-06-16T12:58:20.688+0000] {processor.py:161} INFO - Started process (PID=1440) to work on /opt/airflow/dags/mldaily.py
[2024-06-16T12:58:20.698+0000] {processor.py:830} INFO - Processing file /opt/airflow/dags/mldaily.py for tasks to queue
[2024-06-16T12:58:20.699+0000] {logging_mixin.py:188} INFO - [2024-06-16T12:58:20.698+0000] {dagbag.py:545} INFO - Filling up the DagBag from /opt/airflow/dags/mldaily.py
[2024-06-16T12:58:20.708+0000] {processor.py:840} INFO - DAG(s) 'ml_run_daily' retrieved from /opt/airflow/dags/mldaily.py
[2024-06-16T12:58:20.726+0000] {logging_mixin.py:188} INFO - [2024-06-16T12:58:20.725+0000] {dag.py:3096} INFO - Sync 1 DAGs
[2024-06-16T12:58:20.750+0000] {logging_mixin.py:188} INFO - [2024-06-16T12:58:20.749+0000] {dag.py:3954} INFO - Setting next_dagrun for ml_run_daily to 2024-06-16 00:00:00+00:00, run_after=2024-06-17 00:00:00+00:00
[2024-06-16T12:58:20.769+0000] {processor.py:183} INFO - Processing /opt/airflow/dags/mldaily.py took 0.086 seconds
[2024-06-16T12:58:51.597+0000] {processor.py:161} INFO - Started process (PID=1499) to work on /opt/airflow/dags/mldaily.py
[2024-06-16T12:58:51.597+0000] {processor.py:830} INFO - Processing file /opt/airflow/dags/mldaily.py for tasks to queue
[2024-06-16T12:58:51.598+0000] {logging_mixin.py:188} INFO - [2024-06-16T12:58:51.598+0000] {dagbag.py:545} INFO - Filling up the DagBag from /opt/airflow/dags/mldaily.py
[2024-06-16T12:58:51.606+0000] {processor.py:840} INFO - DAG(s) 'ml_run_daily' retrieved from /opt/airflow/dags/mldaily.py
[2024-06-16T12:58:51.625+0000] {logging_mixin.py:188} INFO - [2024-06-16T12:58:51.624+0000] {dag.py:3096} INFO - Sync 1 DAGs
[2024-06-16T12:58:51.649+0000] {logging_mixin.py:188} INFO - [2024-06-16T12:58:51.649+0000] {dag.py:3954} INFO - Setting next_dagrun for ml_run_daily to 2024-06-16 00:00:00+00:00, run_after=2024-06-17 00:00:00+00:00
[2024-06-16T12:58:51.668+0000] {processor.py:183} INFO - Processing /opt/airflow/dags/mldaily.py took 0.076 seconds
[2024-06-16T12:59:21.768+0000] {processor.py:161} INFO - Started process (PID=1568) to work on /opt/airflow/dags/mldaily.py
[2024-06-16T12:59:21.769+0000] {processor.py:830} INFO - Processing file /opt/airflow/dags/mldaily.py for tasks to queue
[2024-06-16T12:59:21.770+0000] {logging_mixin.py:188} INFO - [2024-06-16T12:59:21.770+0000] {dagbag.py:545} INFO - Filling up the DagBag from /opt/airflow/dags/mldaily.py
[2024-06-16T12:59:21.782+0000] {processor.py:840} INFO - DAG(s) 'ml_run_daily' retrieved from /opt/airflow/dags/mldaily.py
[2024-06-16T12:59:21.814+0000] {logging_mixin.py:188} INFO - [2024-06-16T12:59:21.813+0000] {dag.py:3096} INFO - Sync 1 DAGs
[2024-06-16T12:59:21.854+0000] {logging_mixin.py:188} INFO - [2024-06-16T12:59:21.854+0000] {dag.py:3954} INFO - Setting next_dagrun for ml_run_daily to 2024-06-16 00:00:00+00:00, run_after=2024-06-17 00:00:00+00:00
[2024-06-16T12:59:21.886+0000] {processor.py:183} INFO - Processing /opt/airflow/dags/mldaily.py took 0.125 seconds
[2024-06-16T12:59:29.740+0000] {processor.py:161} INFO - Started process (PID=1578) to work on /opt/airflow/dags/mldaily.py
[2024-06-16T12:59:29.740+0000] {processor.py:830} INFO - Processing file /opt/airflow/dags/mldaily.py for tasks to queue
[2024-06-16T12:59:29.741+0000] {logging_mixin.py:188} INFO - [2024-06-16T12:59:29.741+0000] {dagbag.py:545} INFO - Filling up the DagBag from /opt/airflow/dags/mldaily.py
[2024-06-16T12:59:29.749+0000] {processor.py:840} INFO - DAG(s) 'ml_run_daily' retrieved from /opt/airflow/dags/mldaily.py
[2024-06-16T12:59:29.772+0000] {logging_mixin.py:188} INFO - [2024-06-16T12:59:29.771+0000] {dag.py:3096} INFO - Sync 1 DAGs
[2024-06-16T12:59:29.802+0000] {logging_mixin.py:188} INFO - [2024-06-16T12:59:29.802+0000] {dag.py:3954} INFO - Setting next_dagrun for ml_run_daily to 2024-06-16 00:00:00+00:00, run_after=2024-06-17 00:00:00+00:00
[2024-06-16T12:59:29.831+0000] {processor.py:183} INFO - Processing /opt/airflow/dags/mldaily.py took 0.099 seconds
[2024-06-16T13:00:00.206+0000] {processor.py:161} INFO - Started process (PID=1638) to work on /opt/airflow/dags/mldaily.py
[2024-06-16T13:00:00.215+0000] {processor.py:830} INFO - Processing file /opt/airflow/dags/mldaily.py for tasks to queue
[2024-06-16T13:00:00.216+0000] {logging_mixin.py:188} INFO - [2024-06-16T13:00:00.216+0000] {dagbag.py:545} INFO - Filling up the DagBag from /opt/airflow/dags/mldaily.py
[2024-06-16T13:00:00.222+0000] {processor.py:840} INFO - DAG(s) 'ml_run_daily' retrieved from /opt/airflow/dags/mldaily.py
[2024-06-16T13:00:00.241+0000] {logging_mixin.py:188} INFO - [2024-06-16T13:00:00.241+0000] {dag.py:3096} INFO - Sync 1 DAGs
[2024-06-16T13:00:00.265+0000] {logging_mixin.py:188} INFO - [2024-06-16T13:00:00.265+0000] {dag.py:3954} INFO - Setting next_dagrun for ml_run_daily to 2024-06-16 00:00:00+00:00, run_after=2024-06-17 00:00:00+00:00
[2024-06-16T13:00:00.286+0000] {processor.py:183} INFO - Processing /opt/airflow/dags/mldaily.py took 0.085 seconds
[2024-06-16T13:00:30.996+0000] {processor.py:161} INFO - Started process (PID=1705) to work on /opt/airflow/dags/mldaily.py
[2024-06-16T13:00:31.006+0000] {processor.py:830} INFO - Processing file /opt/airflow/dags/mldaily.py for tasks to queue
[2024-06-16T13:00:31.007+0000] {logging_mixin.py:188} INFO - [2024-06-16T13:00:31.006+0000] {dagbag.py:545} INFO - Filling up the DagBag from /opt/airflow/dags/mldaily.py
[2024-06-16T13:00:31.015+0000] {processor.py:840} INFO - DAG(s) 'ml_run_daily' retrieved from /opt/airflow/dags/mldaily.py
[2024-06-16T13:00:31.037+0000] {logging_mixin.py:188} INFO - [2024-06-16T13:00:31.036+0000] {dag.py:3096} INFO - Sync 1 DAGs
[2024-06-16T13:00:31.064+0000] {logging_mixin.py:188} INFO - [2024-06-16T13:00:31.063+0000] {dag.py:3954} INFO - Setting next_dagrun for ml_run_daily to 2024-06-16 00:00:00+00:00, run_after=2024-06-17 00:00:00+00:00
[2024-06-16T13:00:31.087+0000] {processor.py:183} INFO - Processing /opt/airflow/dags/mldaily.py took 0.099 seconds
[2024-06-16T13:01:01.313+0000] {processor.py:161} INFO - Started process (PID=1764) to work on /opt/airflow/dags/mldaily.py
[2024-06-16T13:01:01.323+0000] {processor.py:830} INFO - Processing file /opt/airflow/dags/mldaily.py for tasks to queue
[2024-06-16T13:01:01.324+0000] {logging_mixin.py:188} INFO - [2024-06-16T13:01:01.323+0000] {dagbag.py:545} INFO - Filling up the DagBag from /opt/airflow/dags/mldaily.py
[2024-06-16T13:01:01.332+0000] {processor.py:840} INFO - DAG(s) 'ml_run_daily' retrieved from /opt/airflow/dags/mldaily.py
[2024-06-16T13:01:01.358+0000] {logging_mixin.py:188} INFO - [2024-06-16T13:01:01.358+0000] {dag.py:3096} INFO - Sync 1 DAGs
[2024-06-16T13:01:01.393+0000] {logging_mixin.py:188} INFO - [2024-06-16T13:01:01.392+0000] {dag.py:3954} INFO - Setting next_dagrun for ml_run_daily to 2024-06-16 00:00:00+00:00, run_after=2024-06-17 00:00:00+00:00
[2024-06-16T13:01:01.421+0000] {processor.py:183} INFO - Processing /opt/airflow/dags/mldaily.py took 0.114 seconds
[2024-06-16T13:01:31.706+0000] {processor.py:161} INFO - Started process (PID=1823) to work on /opt/airflow/dags/mldaily.py
[2024-06-16T13:01:31.716+0000] {processor.py:830} INFO - Processing file /opt/airflow/dags/mldaily.py for tasks to queue
[2024-06-16T13:01:31.717+0000] {logging_mixin.py:188} INFO - [2024-06-16T13:01:31.717+0000] {dagbag.py:545} INFO - Filling up the DagBag from /opt/airflow/dags/mldaily.py
[2024-06-16T13:01:31.723+0000] {processor.py:840} INFO - DAG(s) 'ml_run_daily' retrieved from /opt/airflow/dags/mldaily.py
[2024-06-16T13:01:31.741+0000] {logging_mixin.py:188} INFO - [2024-06-16T13:01:31.741+0000] {dag.py:3096} INFO - Sync 1 DAGs
[2024-06-16T13:01:31.766+0000] {logging_mixin.py:188} INFO - [2024-06-16T13:01:31.766+0000] {dag.py:3954} INFO - Setting next_dagrun for ml_run_daily to 2024-06-16 00:00:00+00:00, run_after=2024-06-17 00:00:00+00:00
[2024-06-16T13:01:31.787+0000] {processor.py:183} INFO - Processing /opt/airflow/dags/mldaily.py took 0.086 seconds
[2024-06-16T13:02:02.197+0000] {processor.py:161} INFO - Started process (PID=1882) to work on /opt/airflow/dags/mldaily.py
[2024-06-16T13:02:02.206+0000] {processor.py:830} INFO - Processing file /opt/airflow/dags/mldaily.py for tasks to queue
[2024-06-16T13:02:02.207+0000] {logging_mixin.py:188} INFO - [2024-06-16T13:02:02.207+0000] {dagbag.py:545} INFO - Filling up the DagBag from /opt/airflow/dags/mldaily.py
[2024-06-16T13:02:02.214+0000] {processor.py:840} INFO - DAG(s) 'ml_run_daily' retrieved from /opt/airflow/dags/mldaily.py
[2024-06-16T13:02:02.233+0000] {logging_mixin.py:188} INFO - [2024-06-16T13:02:02.232+0000] {dag.py:3096} INFO - Sync 1 DAGs
[2024-06-16T13:02:02.261+0000] {logging_mixin.py:188} INFO - [2024-06-16T13:02:02.260+0000] {dag.py:3954} INFO - Setting next_dagrun for ml_run_daily to 2024-06-16 00:00:00+00:00, run_after=2024-06-17 00:00:00+00:00
[2024-06-16T13:02:02.282+0000] {processor.py:183} INFO - Processing /opt/airflow/dags/mldaily.py took 0.090 seconds
[2024-06-16T13:02:32.375+0000] {processor.py:161} INFO - Started process (PID=1941) to work on /opt/airflow/dags/mldaily.py
[2024-06-16T13:02:32.377+0000] {processor.py:830} INFO - Processing file /opt/airflow/dags/mldaily.py for tasks to queue
[2024-06-16T13:02:32.378+0000] {logging_mixin.py:188} INFO - [2024-06-16T13:02:32.378+0000] {dagbag.py:545} INFO - Filling up the DagBag from /opt/airflow/dags/mldaily.py
[2024-06-16T13:02:32.387+0000] {processor.py:840} INFO - DAG(s) 'ml_run_daily' retrieved from /opt/airflow/dags/mldaily.py
[2024-06-16T13:02:32.418+0000] {logging_mixin.py:188} INFO - [2024-06-16T13:02:32.418+0000] {dag.py:3096} INFO - Sync 1 DAGs
[2024-06-16T13:02:32.459+0000] {logging_mixin.py:188} INFO - [2024-06-16T13:02:32.458+0000] {dag.py:3954} INFO - Setting next_dagrun for ml_run_daily to 2024-06-16 00:00:00+00:00, run_after=2024-06-17 00:00:00+00:00
[2024-06-16T13:02:32.496+0000] {processor.py:183} INFO - Processing /opt/airflow/dags/mldaily.py took 0.131 seconds
[2024-06-16T13:03:02.815+0000] {processor.py:161} INFO - Started process (PID=2000) to work on /opt/airflow/dags/mldaily.py
[2024-06-16T13:03:02.815+0000] {processor.py:830} INFO - Processing file /opt/airflow/dags/mldaily.py for tasks to queue
[2024-06-16T13:03:02.816+0000] {logging_mixin.py:188} INFO - [2024-06-16T13:03:02.816+0000] {dagbag.py:545} INFO - Filling up the DagBag from /opt/airflow/dags/mldaily.py
[2024-06-16T13:03:02.823+0000] {processor.py:840} INFO - DAG(s) 'ml_run_daily' retrieved from /opt/airflow/dags/mldaily.py
[2024-06-16T13:03:02.844+0000] {logging_mixin.py:188} INFO - [2024-06-16T13:03:02.843+0000] {dag.py:3096} INFO - Sync 1 DAGs
[2024-06-16T13:03:02.870+0000] {logging_mixin.py:188} INFO - [2024-06-16T13:03:02.870+0000] {dag.py:3954} INFO - Setting next_dagrun for ml_run_daily to 2024-06-16 00:00:00+00:00, run_after=2024-06-17 00:00:00+00:00
[2024-06-16T13:03:02.890+0000] {processor.py:183} INFO - Processing /opt/airflow/dags/mldaily.py took 0.082 seconds
[2024-06-16T13:03:33.456+0000] {processor.py:161} INFO - Started process (PID=2059) to work on /opt/airflow/dags/mldaily.py
[2024-06-16T13:03:33.457+0000] {processor.py:830} INFO - Processing file /opt/airflow/dags/mldaily.py for tasks to queue
[2024-06-16T13:03:33.457+0000] {logging_mixin.py:188} INFO - [2024-06-16T13:03:33.457+0000] {dagbag.py:545} INFO - Filling up the DagBag from /opt/airflow/dags/mldaily.py
[2024-06-16T13:03:33.464+0000] {processor.py:840} INFO - DAG(s) 'ml_run_daily' retrieved from /opt/airflow/dags/mldaily.py
[2024-06-16T13:03:33.484+0000] {logging_mixin.py:188} INFO - [2024-06-16T13:03:33.484+0000] {dag.py:3096} INFO - Sync 1 DAGs
[2024-06-16T13:03:33.510+0000] {logging_mixin.py:188} INFO - [2024-06-16T13:03:33.510+0000] {dag.py:3954} INFO - Setting next_dagrun for ml_run_daily to 2024-06-16 00:00:00+00:00, run_after=2024-06-17 00:00:00+00:00
[2024-06-16T13:03:33.531+0000] {processor.py:183} INFO - Processing /opt/airflow/dags/mldaily.py took 0.082 seconds
[2024-06-16T13:04:03.978+0000] {processor.py:161} INFO - Started process (PID=2119) to work on /opt/airflow/dags/mldaily.py
[2024-06-16T13:04:03.979+0000] {processor.py:830} INFO - Processing file /opt/airflow/dags/mldaily.py for tasks to queue
[2024-06-16T13:04:03.981+0000] {logging_mixin.py:188} INFO - [2024-06-16T13:04:03.980+0000] {dagbag.py:545} INFO - Filling up the DagBag from /opt/airflow/dags/mldaily.py
[2024-06-16T13:04:03.989+0000] {processor.py:840} INFO - DAG(s) 'ml_run_daily' retrieved from /opt/airflow/dags/mldaily.py
[2024-06-16T13:04:04.011+0000] {logging_mixin.py:188} INFO - [2024-06-16T13:04:04.011+0000] {dag.py:3096} INFO - Sync 1 DAGs
[2024-06-16T13:04:04.040+0000] {logging_mixin.py:188} INFO - [2024-06-16T13:04:04.040+0000] {dag.py:3954} INFO - Setting next_dagrun for ml_run_daily to 2024-06-16 00:00:00+00:00, run_after=2024-06-17 00:00:00+00:00
[2024-06-16T13:04:04.228+0000] {processor.py:183} INFO - Processing /opt/airflow/dags/mldaily.py took 0.257 seconds
[2024-06-16T13:04:34.322+0000] {processor.py:161} INFO - Started process (PID=2180) to work on /opt/airflow/dags/mldaily.py
[2024-06-16T13:04:34.323+0000] {processor.py:830} INFO - Processing file /opt/airflow/dags/mldaily.py for tasks to queue
[2024-06-16T13:04:34.324+0000] {logging_mixin.py:188} INFO - [2024-06-16T13:04:34.323+0000] {dagbag.py:545} INFO - Filling up the DagBag from /opt/airflow/dags/mldaily.py
[2024-06-16T13:04:34.331+0000] {processor.py:840} INFO - DAG(s) 'ml_run_daily' retrieved from /opt/airflow/dags/mldaily.py
[2024-06-16T13:04:34.352+0000] {logging_mixin.py:188} INFO - [2024-06-16T13:04:34.352+0000] {dag.py:3096} INFO - Sync 1 DAGs
[2024-06-16T13:04:34.379+0000] {logging_mixin.py:188} INFO - [2024-06-16T13:04:34.379+0000] {dag.py:3954} INFO - Setting next_dagrun for ml_run_daily to 2024-06-16 00:00:00+00:00, run_after=2024-06-17 00:00:00+00:00
[2024-06-16T13:04:34.402+0000] {processor.py:183} INFO - Processing /opt/airflow/dags/mldaily.py took 0.087 seconds
[2024-06-16T13:05:04.521+0000] {processor.py:161} INFO - Started process (PID=2240) to work on /opt/airflow/dags/mldaily.py
[2024-06-16T13:05:04.522+0000] {processor.py:830} INFO - Processing file /opt/airflow/dags/mldaily.py for tasks to queue
[2024-06-16T13:05:04.523+0000] {logging_mixin.py:188} INFO - [2024-06-16T13:05:04.523+0000] {dagbag.py:545} INFO - Filling up the DagBag from /opt/airflow/dags/mldaily.py
[2024-06-16T13:05:04.532+0000] {processor.py:840} INFO - DAG(s) 'ml_run_daily' retrieved from /opt/airflow/dags/mldaily.py
[2024-06-16T13:05:04.559+0000] {logging_mixin.py:188} INFO - [2024-06-16T13:05:04.558+0000] {dag.py:3096} INFO - Sync 1 DAGs
[2024-06-16T13:05:04.594+0000] {logging_mixin.py:188} INFO - [2024-06-16T13:05:04.593+0000] {dag.py:3954} INFO - Setting next_dagrun for ml_run_daily to 2024-06-16 00:00:00+00:00, run_after=2024-06-17 00:00:00+00:00
[2024-06-16T13:05:04.629+0000] {processor.py:183} INFO - Processing /opt/airflow/dags/mldaily.py took 0.115 seconds
[2024-06-16T13:05:35.107+0000] {processor.py:161} INFO - Started process (PID=2299) to work on /opt/airflow/dags/mldaily.py
[2024-06-16T13:05:35.108+0000] {processor.py:830} INFO - Processing file /opt/airflow/dags/mldaily.py for tasks to queue
[2024-06-16T13:05:35.108+0000] {logging_mixin.py:188} INFO - [2024-06-16T13:05:35.108+0000] {dagbag.py:545} INFO - Filling up the DagBag from /opt/airflow/dags/mldaily.py
[2024-06-16T13:05:35.116+0000] {processor.py:840} INFO - DAG(s) 'ml_run_daily' retrieved from /opt/airflow/dags/mldaily.py
[2024-06-16T13:05:35.139+0000] {logging_mixin.py:188} INFO - [2024-06-16T13:05:35.139+0000] {dag.py:3096} INFO - Sync 1 DAGs
[2024-06-16T13:05:35.179+0000] {logging_mixin.py:188} INFO - [2024-06-16T13:05:35.179+0000] {dag.py:3954} INFO - Setting next_dagrun for ml_run_daily to 2024-06-16 00:00:00+00:00, run_after=2024-06-17 00:00:00+00:00
[2024-06-16T13:05:35.361+0000] {processor.py:183} INFO - Processing /opt/airflow/dags/mldaily.py took 0.261 seconds
[2024-06-16T13:06:06.068+0000] {processor.py:161} INFO - Started process (PID=2358) to work on /opt/airflow/dags/mldaily.py
[2024-06-16T13:06:06.069+0000] {processor.py:830} INFO - Processing file /opt/airflow/dags/mldaily.py for tasks to queue
[2024-06-16T13:06:06.069+0000] {logging_mixin.py:188} INFO - [2024-06-16T13:06:06.069+0000] {dagbag.py:545} INFO - Filling up the DagBag from /opt/airflow/dags/mldaily.py
[2024-06-16T13:06:06.077+0000] {processor.py:840} INFO - DAG(s) 'ml_run_daily' retrieved from /opt/airflow/dags/mldaily.py
[2024-06-16T13:06:06.094+0000] {logging_mixin.py:188} INFO - [2024-06-16T13:06:06.094+0000] {dag.py:3096} INFO - Sync 1 DAGs
[2024-06-16T13:06:06.118+0000] {logging_mixin.py:188} INFO - [2024-06-16T13:06:06.118+0000] {dag.py:3954} INFO - Setting next_dagrun for ml_run_daily to 2024-06-16 00:00:00+00:00, run_after=2024-06-17 00:00:00+00:00
[2024-06-16T13:06:06.140+0000] {processor.py:183} INFO - Processing /opt/airflow/dags/mldaily.py took 0.079 seconds
